[I 2025-10-25 04:49:51,129] Trial 1705 finished with value: -999.0 and parameters: {'w_boll': 0.39768205881404894, 'w_rsi': 0.25686349846822376, 'w_mom': 1.3328858858808799, 'w_vwap': 0.9423179391420891, 'w_orb': 1.8307945657097413, 'w_ofi': 1.8819081059145089, 'w_vol': 1.9988012628030367, 'win_boll': 15, 'win_rsi': 7, 'win_mom': 3, 'win_vwap': 13, 'orb_opening_bars': 31, 'vol_window': 10}. Best is trial 868 with value: 0.384.
Trial 1706: ACCEPT (degrade -1557.1%) - Eval: 0.014%, Val: 0.232%
[I 2025-10-25 04:49:51,907] Trial 1706 finished with value: 0.01399999999999999 and parameters: {'w_boll': 0.4863241188610753, 'w_rsi': 0.3820465767771773, 'w_mom': 1.1347730450419464, 'w_vwap': 0.7725072181387898, 'w_orb': 1.8864108860790745, 'w_ofi': 0.396040262025322, 'w_vol': 1.7760058807093808, 'win_boll': 31, 'win_rsi': 7, 'win_mom': 4, 'win_vwap': 15, 'orb_opening_bars': 50, 'vol_window': 17}. Best is trial 868 with value: 0.384.Best trial: 868. Best value: 0.384:  86%|████████▌ | 1723/2000 [22:01<03:35,  1.29it/s]Best trial: 868. Best value: 0.384:  86%|████████▌ | 1723/2000 [22:01<03:35,  1.29it/s]Best trial: 868. Best value: 0.384:  86%|████████▌ | 1724/2000 [22:01<03:33,  1.30it/s]                                                                                       Best trial: 868. Best value: 0.384:  86%|████████▌ | 1724/2000 [22:02<03:33,  1.30it/s]Best trial: 868. Best value: 0.384:  86%|████████▌ | 1724/2000 [22:02<03:33,  1.30it/s]Best trial: 868. Best value: 0.384:  86%|████████▋ | 1725/2000 [22:02<03:32,  1.29it/s]                                                                                       Best trial: 868. Best value: 0.384:  86%|████████▋ | 1725/2000 [22:03<03:32,  1.29it/s]Best trial: 868. Best value: 0.384:  86%|████████▋ | 1725/2000 [22:03<03:32,  1.29it/s]Best trial: 868. Best value: 0.384:  86%|████████▋ | 1726/2000 [22:03<03:32,  1.29it/s]                                                                                       Best trial: 868. Best value: 0.384:  86%|████████▋ | 1726/2000 [22:03<03:32,  1.29it/s]Best trial: 868. Best value: 0.384:  86%|████████▋ | 1726/2000 [22:03<03:32,  1.29it/s]Best trial: 868. Best value: 0.384:  86%|████████▋ | 1727/2000 [22:03<03:30,  1.30it/s]                                                                                       Best trial: 868. Best value: 0.384:  86%|████████▋ | 1727/2000 [22:04<03:30,  1.30it/s]Best trial: 868. Best value: 0.384:  86%|████████▋ | 1727/2000 [22:04<03:30,  1.30it/s]Best trial: 868. Best value: 0.384:  86%|████████▋ | 1728/2000 [22:04<03:28,  1.31it/s]                                                                                       Best trial: 868. Best value: 0.384:  86%|████████▋ | 1728/2000 [22:05<03:28,  1.31it/s]Best trial: 868. Best value: 0.384:  86%|████████▋ | 1728/2000 [22:05<03:28,  1.31it/s]Best trial: 868. Best value: 0.384:  86%|████████▋ | 1729/2000 [22:05<03:28,  1.30it/s]                                                                                       Best trial: 868. Best value: 0.384:  86%|████████▋ | 1729/2000 [22:06<03:28,  1.30it/s]Best trial: 868. Best value: 0.384:  86%|████████▋ | 1729/2000 [22:06<03:28,  1.30it/s]Best trial: 868. Best value: 0.384:  86%|████████▋ | 1730/2000 [22:06<03:26,  1.31it/s]                                                                                       Best trial: 868. Best value: 0.384:  86%|████████▋ | 1730/2000 [22:07<03:26,  1.31it/s]Best trial: 868. Best value: 0.384:  86%|████████▋ | 1730/2000 [22:07<03:26,  1.31it/s]Best trial: 868. Best value: 0.384:  87%|████████▋ | 1731/2000 [22:07<03:25,  1.31it/s]                                                                                       Best trial: 868. Best value: 0.384:  87%|████████▋ | 1731/2000 [22:07<03:25,  1.31it/s]Best trial: 868. Best value: 0.384:  87%|████████▋ | 1731/2000 [22:07<03:25,  1.31it/s]Best trial: 868. Best value: 0.384:  87%|████████▋ | 1732/2000 [22:07<03:25,  1.30it/s]                                                                                       Best trial: 868. Best value: 0.384:  87%|████████▋ | 1732/2000 [22:08<03:25,  1.30it/s]Best trial: 868. Best value: 0.384:  87%|████████▋ | 1732/2000 [22:08<03:25,  1.30it/s]Best trial: 868. Best value: 0.384:  87%|████████▋ | 1733/2000 [22:08<03:23,  1.31it/s]                                                                                       Best trial: 868. Best value: 0.384:  87%|████████▋ | 1733/2000 [22:09<03:23,  1.31it/s]Best trial: 868. Best value: 0.384:  87%|████████▋ | 1733/2000 [22:09<03:23,  1.31it/s]Best trial: 868. Best value: 0.384:  87%|████████▋ | 1734/2000 [22:09<03:23,  1.31it/s]                                                                                       Best trial: 868. Best value: 0.384:  87%|████████▋ | 1734/2000 [22:10<03:23,  1.31it/s]Best trial: 868. Best value: 0.384:  87%|████████▋ | 1734/2000 [22:10<03:23,  1.31it/s]Best trial: 868. Best value: 0.384:  87%|████████▋ | 1735/2000 [22:10<03:21,  1.31it/s]                                                                                       Best trial: 868. Best value: 0.384:  87%|████████▋ | 1735/2000 [22:10<03:21,  1.31it/s]Best trial: 868. Best value: 0.384:  87%|████████▋ | 1735/2000 [22:10<03:21,  1.31it/s]Best trial: 868. Best value: 0.384:  87%|████████▋ | 1736/2000 [22:10<03:20,  1.31it/s]                                                                                       Best trial: 868. Best value: 0.384:  87%|████████▋ | 1736/2000 [22:11<03:20,  1.31it/s]Best trial: 868. Best value: 0.384:  87%|████████▋ | 1736/2000 [22:11<03:20,  1.31it/s]Best trial: 868. Best value: 0.384:  87%|████████▋ | 1737/2000 [22:11<03:20,  1.31it/s]                                                                                       Best trial: 868. Best value: 0.384:  87%|████████▋ | 1737/2000 [22:12<03:20,  1.31it/s]Best trial: 868. Best value: 0.384:  87%|████████▋ | 1737/2000 [22:12<03:20,  1.31it/s]Best trial: 868. Best value: 0.384:  87%|████████▋ | 1738/2000 [22:12<03:19,  1.31it/s]                                                                                       Best trial: 868. Best value: 0.384:  87%|████████▋ | 1738/2000 [22:13<03:19,  1.31it/s]Best trial: 868. Best value: 0.384:  87%|████████▋ | 1738/2000 [22:13<03:19,  1.31it/s]Best trial: 868. Best value: 0.384:  87%|████████▋ | 1739/2000 [22:13<03:19,  1.31it/s]                                                                                       Best trial: 868. Best value: 0.384:  87%|████████▋ | 1739/2000 [22:13<03:19,  1.31it/s]Best trial: 868. Best value: 0.384:  87%|████████▋ | 1739/2000 [22:13<03:19,  1.31it/s]Best trial: 868. Best value: 0.384:  87%|████████▋ | 1740/2000 [22:13<03:17,  1.31it/s]                                                                                       
Trial 1707: ACCEPT (degrade 0.0%) - Eval: -0.176%, Val: 0.087%
[I 2025-10-25 04:49:52,667] Trial 1707 finished with value: -0.176 and parameters: {'w_boll': 0.34921350206709006, 'w_rsi': 0.21110452492203013, 'w_mom': 0.1924218409178906, 'w_vwap': 0.55543377253021, 'w_orb': 1.143870940182452, 'w_ofi': 0.7046463448538047, 'w_vol': 1.9205118210957355, 'win_boll': 13, 'win_rsi': 6, 'win_mom': 8, 'win_vwap': 12, 'orb_opening_bars': 48, 'vol_window': 11}. Best is trial 868 with value: 0.384.
Trial 1708: ACCEPT (degrade -37.5%) - Eval: 0.096%, Val: 0.132%
[I 2025-10-25 04:49:53,439] Trial 1708 finished with value: 0.096 and parameters: {'w_boll': 0.3666222780799732, 'w_rsi': 0.2816637943994184, 'w_mom': 0.31491758907705475, 'w_vwap': 0.69156337414714, 'w_orb': 1.9664800412849255, 'w_ofi': 1.7388187980273344, 'w_vol': 1.227958864062602, 'win_boll': 14, 'win_rsi': 5, 'win_mom': 5, 'win_vwap': 19, 'orb_opening_bars': 33, 'vol_window': 12}. Best is trial 868 with value: 0.384.
Trial 1709: ACCEPT (degrade -827.1%) - Eval: 0.048%, Val: 0.445%
[I 2025-10-25 04:49:54,197] Trial 1709 finished with value: 0.04799999999999998 and parameters: {'w_boll': 0.42028159845180685, 'w_rsi': 0.1273199173233006, 'w_mom': 0.22703821116380793, 'w_vwap': 0.6260439857219517, 'w_orb': 1.914884493584849, 'w_ofi': 1.843716176708634, 'w_vol': 1.845154737060745, 'win_boll': 12, 'win_rsi': 6, 'win_mom': 6, 'win_vwap': 17, 'orb_opening_bars': 49, 'vol_window': 12}. Best is trial 868 with value: 0.384.
Trial 1710: REJECT (overfit 116.1%) - Eval: 0.124%, Val: -0.020%
[I 2025-10-25 04:49:54,969] Trial 1710 finished with value: -999.0 and parameters: {'w_boll': 0.29142188825802673, 'w_rsi': 0.3470498899710066, 'w_mom': 1.481481416155006, 'w_vwap': 0.831719727283502, 'w_orb': 1.6305843344090138, 'w_ofi': 0.6183404859447121, 'w_vol': 1.8899166746016978, 'win_boll': 15, 'win_rsi': 7, 'win_mom': 3, 'win_vwap': 31, 'orb_opening_bars': 29, 'vol_window': 13}. Best is trial 868 with value: 0.384.
Trial 1711: ACCEPT (degrade -122.2%) - Eval: 0.090%, Val: 0.200%
[I 2025-10-25 04:49:55,774] Trial 1711 finished with value: 0.09 and parameters: {'w_boll': 0.22389053303243667, 'w_rsi': 0.4746975692855237, 'w_mom': 1.3083810720291253, 'w_vwap': 0.7508796456483156, 'w_orb': 1.9663585087101136, 'w_ofi': 0.7791733494105647, 'w_vol': 1.8164700024476523, 'win_boll': 17, 'win_rsi': 5, 'win_mom': 4, 'win_vwap': 10, 'orb_opening_bars': 48, 'vol_window': 11}. Best is trial 868 with value: 0.384.
Trial 1712: ACCEPT (degrade 0.0%) - Eval: -0.018%, Val: 0.275%
[I 2025-10-25 04:49:56,532] Trial 1712 finished with value: -0.018000000000000006 and parameters: {'w_boll': 0.3238809110340359, 'w_rsi': 0.3923427585956879, 'w_mom': 0.16313337391698915, 'w_vwap': 0.669409852765664, 'w_orb': 1.8567137711130655, 'w_ofi': 0.3342405148118418, 'w_vol': 1.863545073286109, 'win_boll': 16, 'win_rsi': 6, 'win_mom': 7, 'win_vwap': 34, 'orb_opening_bars': 47, 'vol_window': 10}. Best is trial 868 with value: 0.384.
Trial 1713: ACCEPT (degrade 0.0%) - Eval: -0.066%, Val: -0.028%
[I 2025-10-25 04:49:57,283] Trial 1713 finished with value: -0.06600000000000002 and parameters: {'w_boll': 0.4399441703402793, 'w_rsi': 0.31606326822761316, 'w_mom': 1.2461347927543724, 'w_vwap': 0.9949190686513977, 'w_orb': 1.9982720028321117, 'w_ofi': 1.9268671131027395, 'w_vol': 1.957158632935178, 'win_boll': 12, 'win_rsi': 8, 'win_mom': 3, 'win_vwap': 14, 'orb_opening_bars': 45, 'vol_window': 14}. Best is trial 868 with value: 0.384.
Trial 1714: REJECT (overfit 108.0%) - Eval: 0.274%, Val: -0.022%
[I 2025-10-25 04:49:58,054] Trial 1714 finished with value: -999.0 and parameters: {'w_boll': 0.378098691254506, 'w_rsi': 0.23580688690760976, 'w_mom': 0.27504025890182937, 'w_vwap': 0.5964318399718089, 'w_orb': 1.8067296295315747, 'w_ofi': 1.9663799727055296, 'w_vol': 1.7610276704824799, 'win_boll': 10, 'win_rsi': 6, 'win_mom': 5, 'win_vwap': 11, 'orb_opening_bars': 50, 'vol_window': 11}. Best is trial 868 with value: 0.384.
Trial 1715: ACCEPT (degrade -78.8%) - Eval: 0.184%, Val: 0.329%
[I 2025-10-25 04:49:58,828] Trial 1715 finished with value: 0.184 and parameters: {'w_boll': 0.25752572328815004, 'w_rsi': 0.35340791184187287, 'w_mom': 0.1007873116240936, 'w_vwap': 0.4881089038079115, 'w_orb': 1.912345352708258, 'w_ofi': 0.4752662214799852, 'w_vol': 1.9075383572937852, 'win_boll': 21, 'win_rsi': 7, 'win_mom': 4, 'win_vwap': 12, 'orb_opening_bars': 49, 'vol_window': 13}. Best is trial 868 with value: 0.384.
Trial 1716: ACCEPT (degrade -681.3%) - Eval: 0.016%, Val: 0.125%
[I 2025-10-25 04:49:59,591] Trial 1716 finished with value: 0.015999999999999993 and parameters: {'w_boll': 0.48658098110275505, 'w_rsi': 0.5196047089812175, 'w_mom': 1.3621924559370338, 'w_vwap': 0.7134428561809087, 'w_orb': 1.7268088176671927, 'w_ofi': 0.5468553857899859, 'w_vol': 1.8039384410982422, 'win_boll': 14, 'win_rsi': 5, 'win_mom': 6, 'win_vwap': 10, 'orb_opening_bars': 48, 'vol_window': 12}. Best is trial 868 with value: 0.384.
Trial 1717: REJECT (overfit 38.8%) - Eval: 0.464%, Val: 0.284%
[I 2025-10-25 04:50:00,434] Trial 1717 finished with value: -999.0 and parameters: {'w_boll': 0.31161275595526716, 'w_rsi': 0.4380946288988723, 'w_mom': 0.8790699989883681, 'w_vwap': 0.7884946043313296, 'w_orb': 1.937607859467733, 'w_ofi': 1.8990414287279236, 'w_vol': 1.1647722856527207, 'win_boll': 13, 'win_rsi': 7, 'win_mom': 5, 'win_vwap': 13, 'orb_opening_bars': 50, 'vol_window': 11}. Best is trial 868 with value: 0.384.
Trial 1718: ACCEPT (degrade -4300.0%) - Eval: 0.004%, Val: 0.176%
[I 2025-10-25 04:50:01,188] Trial 1718 finished with value: 0.003999999999999998 and parameters: {'w_boll': 0.10495506860923225, 'w_rsi': 0.2803433974987283, 'w_mom': 1.2799147733243705, 'w_vwap': 0.6448207163821896, 'w_orb': 1.8737695830343533, 'w_ofi': 0.43868995919494946, 'w_vol': 0.9537157108341013, 'win_boll': 13, 'win_rsi': 6, 'win_mom': 3, 'win_vwap': 14, 'orb_opening_bars': 40, 'vol_window': 10}. Best is trial 868 with value: 0.384.
Trial 1719: ACCEPT (degrade -516.7%) - Eval: 0.006%, Val: 0.037%
[I 2025-10-25 04:50:01,975] Trial 1719 finished with value: 0.006000000000000003 and parameters: {'w_boll': 0.7257018184342876, 'w_rsi': 0.40313898097853756, 'w_mom': 0.24038408754412785, 'w_vwap': 1.0471329231343927, 'w_orb': 1.8986019352600558, 'w_ofi': 0.7447357571137316, 'w_vol': 1.9403135574651833, 'win_boll': 11, 'win_rsi': 5, 'win_mom': 4, 'win_vwap': 16, 'orb_opening_bars': 47, 'vol_window': 12}. Best is trial 868 with value: 0.384.
Trial 1720: ACCEPT (degrade 0.0%) - Eval: -0.084%, Val: 0.240%
[I 2025-10-25 04:50:02,734] Trial 1720 finished with value: -0.084 and parameters: {'w_boll': 0.3980369819242156, 'w_rsi': 0.17191678956340975, 'w_mom': 0.3527406291385037, 'w_vwap': 0.7318699786701174, 'w_orb': 1.8227263434925034, 'w_ofi': 1.957523251434755, 'w_vol': 1.8923669645001002, 'win_boll': 15, 'win_rsi': 8, 'win_mom': 6, 'win_vwap': 30, 'orb_opening_bars': 49, 'vol_window': 14}. Best is trial 868 with value: 0.384.
Trial 1721: ACCEPT (degrade 7.6%) - Eval: 0.184%, Val: 0.170%
[I 2025-10-25 04:50:03,489] Trial 1721 finished with value: 0.184 and parameters: {'w_boll': 0.35947248785431485, 'w_rsi': 0.3102037474704589, 'w_mom': 0.200817183028954, 'w_vwap': 0.5290173048627518, 'w_orb': 1.9665804801523248, 'w_ofi': 1.8043074353668138, 'w_vol': 1.712062688063884, 'win_boll': 14, 'win_rsi': 6, 'win_mom': 3, 'win_vwap': 32, 'orb_opening_bars': 46, 'vol_window': 15}. Best is trial 868 with value: 0.384.
Trial 1722: ACCEPT (degrade 0.0%) - Eval: -0.178%, Val: 0.335%
[I 2025-10-25 04:50:04,289] Trial 1722 finished with value: -0.17800000000000002 and parameters: {'w_boll': 0.4543259373580147, 'w_rsi': 0.4757052226031427, 'w_mom': 1.4523388343611043, 'w_vwap': 0.6846445125123962, 'w_orb': 1.77619889427594, 'w_ofi': 0.6617681068854256, 'w_vol': 1.1046278205863864, 'win_boll': 16, 'win_rsi': 6, 'win_mom': 9, 'win_vwap': 12, 'orb_opening_bars': 30, 'vol_window': 13}. Best is trial 868 with value: 0.384.
Trial 1723: REJECT (overfit 0.0%) - Eval: -0.048%, Val: -0.078%
[I 2025-10-25 04:50:05,047] Trial 1723 finished with value: -999.0 and parameters: {'w_boll': 1.291272518410185, 'w_rsi': 0.3663835077237156, 'w_mom': 0.13841076795139115, 'w_vwap': 0.7628398009853936, 'w_orb': 1.933431585937204, 'w_ofi': 0.3851250289080204, 'w_vol': 1.8415443570326056, 'win_boll': 13, 'win_rsi': 7, 'win_mom': 5, 'win_vwap': 15, 'orb_opening_bars': 34, 'vol_window': 39}. Best is trial 868 with value: 0.384.Best trial: 868. Best value: 0.384:  87%|████████▋ | 1740/2000 [22:14<03:17,  1.31it/s]Best trial: 868. Best value: 0.384:  87%|████████▋ | 1740/2000 [22:14<03:17,  1.31it/s]Best trial: 868. Best value: 0.384:  87%|████████▋ | 1741/2000 [22:14<03:17,  1.31it/s]                                                                                       Best trial: 868. Best value: 0.384:  87%|████████▋ | 1741/2000 [22:15<03:17,  1.31it/s]Best trial: 868. Best value: 0.384:  87%|████████▋ | 1741/2000 [22:15<03:17,  1.31it/s]Best trial: 868. Best value: 0.384:  87%|████████▋ | 1742/2000 [22:15<03:15,  1.32it/s]                                                                                       Best trial: 868. Best value: 0.384:  87%|████████▋ | 1742/2000 [22:16<03:15,  1.32it/s]Best trial: 868. Best value: 0.384:  87%|████████▋ | 1742/2000 [22:16<03:15,  1.32it/s]Best trial: 868. Best value: 0.384:  87%|████████▋ | 1743/2000 [22:16<03:15,  1.32it/s]                                                                                       Best trial: 868. Best value: 0.384:  87%|████████▋ | 1743/2000 [22:16<03:15,  1.32it/s]Best trial: 868. Best value: 0.384:  87%|████████▋ | 1743/2000 [22:16<03:15,  1.32it/s]Best trial: 868. Best value: 0.384:  87%|████████▋ | 1744/2000 [22:16<03:14,  1.32it/s]                                                                                       Best trial: 868. Best value: 0.384:  87%|████████▋ | 1744/2000 [22:17<03:14,  1.32it/s]Best trial: 868. Best value: 0.384:  87%|████████▋ | 1744/2000 [22:17<03:14,  1.32it/s]Best trial: 868. Best value: 0.384:  87%|████████▋ | 1745/2000 [22:17<03:16,  1.30it/s]                                                                                       Best trial: 868. Best value: 0.384:  87%|████████▋ | 1745/2000 [22:18<03:16,  1.30it/s]Best trial: 868. Best value: 0.384:  87%|████████▋ | 1745/2000 [22:18<03:16,  1.30it/s]Best trial: 868. Best value: 0.384:  87%|████████▋ | 1746/2000 [22:18<03:13,  1.31it/s]                                                                                       Best trial: 868. Best value: 0.384:  87%|████████▋ | 1746/2000 [22:19<03:13,  1.31it/s]Best trial: 868. Best value: 0.384:  87%|████████▋ | 1746/2000 [22:19<03:13,  1.31it/s]Best trial: 868. Best value: 0.384:  87%|████████▋ | 1747/2000 [22:19<03:14,  1.30it/s]                                                                                       Best trial: 868. Best value: 0.384:  87%|████████▋ | 1747/2000 [22:20<03:14,  1.30it/s]Best trial: 868. Best value: 0.384:  87%|████████▋ | 1747/2000 [22:20<03:14,  1.30it/s]Best trial: 868. Best value: 0.384:  87%|████████▋ | 1748/2000 [22:20<03:13,  1.30it/s]                                                                                       Best trial: 868. Best value: 0.384:  87%|████████▋ | 1748/2000 [22:20<03:13,  1.30it/s]Best trial: 868. Best value: 0.384:  87%|████████▋ | 1748/2000 [22:20<03:13,  1.30it/s]Best trial: 868. Best value: 0.384:  87%|████████▋ | 1749/2000 [22:20<03:15,  1.28it/s]                                                                                       Best trial: 868. Best value: 0.384:  87%|████████▋ | 1749/2000 [22:21<03:15,  1.28it/s]Best trial: 868. Best value: 0.384:  87%|████████▋ | 1749/2000 [22:21<03:15,  1.28it/s]Best trial: 868. Best value: 0.384:  88%|████████▊ | 1750/2000 [22:21<03:11,  1.30it/s]                                                                                       Best trial: 868. Best value: 0.384:  88%|████████▊ | 1750/2000 [22:22<03:11,  1.30it/s]Best trial: 868. Best value: 0.384:  88%|████████▊ | 1750/2000 [22:22<03:11,  1.30it/s]Best trial: 868. Best value: 0.384:  88%|████████▊ | 1751/2000 [22:22<03:10,  1.31it/s]                                                                                       Best trial: 868. Best value: 0.384:  88%|████████▊ | 1751/2000 [22:23<03:10,  1.31it/s]Best trial: 868. Best value: 0.384:  88%|████████▊ | 1751/2000 [22:23<03:10,  1.31it/s]Best trial: 868. Best value: 0.384:  88%|████████▊ | 1752/2000 [22:23<03:09,  1.31it/s]                                                                                       Best trial: 868. Best value: 0.384:  88%|████████▊ | 1752/2000 [22:23<03:09,  1.31it/s]Best trial: 868. Best value: 0.384:  88%|████████▊ | 1752/2000 [22:23<03:09,  1.31it/s]Best trial: 868. Best value: 0.384:  88%|████████▊ | 1753/2000 [22:23<03:10,  1.30it/s]                                                                                       Best trial: 868. Best value: 0.384:  88%|████████▊ | 1753/2000 [22:24<03:10,  1.30it/s]Best trial: 868. Best value: 0.384:  88%|████████▊ | 1753/2000 [22:24<03:10,  1.30it/s]Best trial: 868. Best value: 0.384:  88%|████████▊ | 1754/2000 [22:24<03:08,  1.31it/s]                                                                                       Best trial: 868. Best value: 0.384:  88%|████████▊ | 1754/2000 [22:25<03:08,  1.31it/s]Best trial: 868. Best value: 0.384:  88%|████████▊ | 1754/2000 [22:25<03:08,  1.31it/s]Best trial: 868. Best value: 0.384:  88%|████████▊ | 1755/2000 [22:25<03:06,  1.31it/s]                                                                                       Best trial: 868. Best value: 0.384:  88%|████████▊ | 1755/2000 [22:26<03:06,  1.31it/s]Best trial: 868. Best value: 0.384:  88%|████████▊ | 1755/2000 [22:26<03:06,  1.31it/s]Best trial: 868. Best value: 0.384:  88%|████████▊ | 1756/2000 [22:26<03:05,  1.32it/s]                                                                                       Best trial: 868. Best value: 0.384:  88%|████████▊ | 1756/2000 [22:26<03:05,  1.32it/s]Best trial: 868. Best value: 0.384:  88%|████████▊ | 1756/2000 [22:26<03:05,  1.32it/s]Best trial: 868. Best value: 0.384:  88%|████████▊ | 1757/2000 [22:26<03:11,  1.27it/s]                                                                                       
Trial 1724: ACCEPT (degrade 0.0%) - Eval: -0.034%, Val: 0.038%
[I 2025-10-25 04:50:05,823] Trial 1724 finished with value: -0.034 and parameters: {'w_boll': 0.19691988379561903, 'w_rsi': 0.2504438096739505, 'w_mom': 1.3880016557145258, 'w_vwap': 0.5783813121614702, 'w_orb': 1.9981177031821349, 'w_ofi': 1.9984849277977794, 'w_vol': 1.7971174853821603, 'win_boll': 11, 'win_rsi': 5, 'win_mom': 4, 'win_vwap': 11, 'orb_opening_bars': 50, 'vol_window': 10}. Best is trial 868 with value: 0.384.
Trial 1725: ACCEPT (degrade -257.9%) - Eval: 0.114%, Val: 0.408%
