[I 2025-10-25 04:33:14,166] Trial 403 finished with value: -999.0 and parameters: {'w_boll': 0.461798630494756, 'w_rsi': 0.5423474483440823, 'w_mom': 0.19308402477940192, 'w_vwap': 0.4769633668203114, 'w_orb': 1.9593813877705892, 'w_ofi': 1.402680369143512, 'w_vol': 1.9663169281207313, 'win_boll': 12, 'win_rsi': 5, 'win_mom': 6, 'win_vwap': 15, 'orb_opening_bars': 48, 'vol_window': 11}. Best is trial 112 with value: 0.33399999999999996.Best trial: 112. Best value: 0.334:  21%|██        | 419/2000 [05:22<19:42,  1.34it/s]Best trial: 112. Best value: 0.334:  21%|██        | 419/2000 [05:22<19:42,  1.34it/s]Best trial: 112. Best value: 0.334:  21%|██        | 420/2000 [05:22<19:39,  1.34it/s]                                                                                      Best trial: 112. Best value: 0.334:  21%|██        | 420/2000 [05:23<19:39,  1.34it/s]Best trial: 112. Best value: 0.334:  21%|██        | 420/2000 [05:23<19:39,  1.34it/s]Best trial: 112. Best value: 0.334:  21%|██        | 421/2000 [05:23<19:46,  1.33it/s]                                                                                      Best trial: 112. Best value: 0.334:  21%|██        | 421/2000 [05:24<19:46,  1.33it/s]Best trial: 112. Best value: 0.334:  21%|██        | 421/2000 [05:24<19:46,  1.33it/s]Best trial: 112. Best value: 0.334:  21%|██        | 422/2000 [05:24<19:39,  1.34it/s]                                                                                      Best trial: 112. Best value: 0.334:  21%|██        | 422/2000 [05:25<19:39,  1.34it/s]Best trial: 112. Best value: 0.334:  21%|██        | 422/2000 [05:25<19:39,  1.34it/s]Best trial: 112. Best value: 0.334:  21%|██        | 423/2000 [05:25<19:37,  1.34it/s]                                                                                      Best trial: 112. Best value: 0.334:  21%|██        | 423/2000 [05:25<19:37,  1.34it/s]Best trial: 112. Best value: 0.334:  21%|██        | 423/2000 [05:25<19:37,  1.34it/s]Best trial: 112. Best value: 0.334:  21%|██        | 424/2000 [05:25<19:38,  1.34it/s]                                                                                      Best trial: 112. Best value: 0.334:  21%|██        | 424/2000 [05:26<19:38,  1.34it/s]Best trial: 112. Best value: 0.334:  21%|██        | 424/2000 [05:26<19:38,  1.34it/s]Best trial: 112. Best value: 0.334:  21%|██▏       | 425/2000 [05:26<20:26,  1.28it/s]                                                                                      Best trial: 112. Best value: 0.334:  21%|██▏       | 425/2000 [05:27<20:26,  1.28it/s]Best trial: 112. Best value: 0.334:  21%|██▏       | 425/2000 [05:27<20:26,  1.28it/s]Best trial: 112. Best value: 0.334:  21%|██▏       | 426/2000 [05:27<20:07,  1.30it/s]                                                                                      Best trial: 112. Best value: 0.334:  21%|██▏       | 426/2000 [05:28<20:07,  1.30it/s]Best trial: 112. Best value: 0.334:  21%|██▏       | 426/2000 [05:28<20:07,  1.30it/s]Best trial: 112. Best value: 0.334:  21%|██▏       | 427/2000 [05:28<19:54,  1.32it/s]                                                                                      Best trial: 112. Best value: 0.334:  21%|██▏       | 427/2000 [05:28<19:54,  1.32it/s]Best trial: 112. Best value: 0.334:  21%|██▏       | 427/2000 [05:28<19:54,  1.32it/s]Best trial: 112. Best value: 0.334:  21%|██▏       | 428/2000 [05:28<19:45,  1.33it/s]                                                                                      Best trial: 112. Best value: 0.334:  21%|██▏       | 428/2000 [05:29<19:45,  1.33it/s]Best trial: 112. Best value: 0.334:  21%|██▏       | 428/2000 [05:29<19:45,  1.33it/s]Best trial: 112. Best value: 0.334:  21%|██▏       | 429/2000 [05:29<19:58,  1.31it/s]                                                                                      Best trial: 112. Best value: 0.334:  21%|██▏       | 429/2000 [05:30<19:58,  1.31it/s]Best trial: 112. Best value: 0.334:  21%|██▏       | 429/2000 [05:30<19:58,  1.31it/s]Best trial: 112. Best value: 0.334:  22%|██▏       | 430/2000 [05:30<19:49,  1.32it/s]                                                                                      Best trial: 112. Best value: 0.334:  22%|██▏       | 430/2000 [05:31<19:49,  1.32it/s]Best trial: 112. Best value: 0.334:  22%|██▏       | 430/2000 [05:31<19:49,  1.32it/s]Best trial: 112. Best value: 0.334:  22%|██▏       | 431/2000 [05:31<19:46,  1.32it/s]                                                                                      Best trial: 112. Best value: 0.334:  22%|██▏       | 431/2000 [05:31<19:46,  1.32it/s]Best trial: 112. Best value: 0.334:  22%|██▏       | 431/2000 [05:31<19:46,  1.32it/s]Best trial: 112. Best value: 0.334:  22%|██▏       | 432/2000 [05:31<19:38,  1.33it/s]                                                                                      Best trial: 112. Best value: 0.334:  22%|██▏       | 432/2000 [05:32<19:38,  1.33it/s]Best trial: 112. Best value: 0.334:  22%|██▏       | 432/2000 [05:32<19:38,  1.33it/s]Best trial: 112. Best value: 0.334:  22%|██▏       | 433/2000 [05:32<19:45,  1.32it/s]                                                                                      Best trial: 112. Best value: 0.334:  22%|██▏       | 433/2000 [05:33<19:45,  1.32it/s]Best trial: 112. Best value: 0.334:  22%|██▏       | 433/2000 [05:33<19:45,  1.32it/s]Best trial: 112. Best value: 0.334:  22%|██▏       | 434/2000 [05:33<19:49,  1.32it/s]                                                                                      Best trial: 112. Best value: 0.334:  22%|██▏       | 434/2000 [05:34<19:49,  1.32it/s]Best trial: 112. Best value: 0.334:  22%|██▏       | 434/2000 [05:34<19:49,  1.32it/s]Best trial: 112. Best value: 0.334:  22%|██▏       | 435/2000 [05:34<19:45,  1.32it/s]                                                                                      
Trial 404: ACCEPT (degrade -281.8%) - Eval: 0.066%, Val: 0.252%
[I 2025-10-25 04:33:14,934] Trial 404 finished with value: 0.06600000000000002 and parameters: {'w_boll': 0.3102597886600933, 'w_rsi': 0.4650740407868156, 'w_mom': 1.4250363047679657, 'w_vwap': 0.6221714187098235, 'w_orb': 1.88181937116049, 'w_ofi': 1.7624257101523704, 'w_vol': 1.999479626836354, 'win_boll': 11, 'win_rsi': 6, 'win_mom': 10, 'win_vwap': 15, 'orb_opening_bars': 49, 'vol_window': 13}. Best is trial 112 with value: 0.33399999999999996.
Trial 405: ACCEPT (degrade 0.0%) - Eval: -0.218%, Val: 0.072%
[I 2025-10-25 04:33:15,682] Trial 405 finished with value: -0.21799999999999997 and parameters: {'w_boll': 0.37390406074593474, 'w_rsi': 0.351208095146995, 'w_mom': 0.27675588727284334, 'w_vwap': 0.5833502702807396, 'w_orb': 1.9729553938236721, 'w_ofi': 0.47978519378922746, 'w_vol': 0.9999400663872019, 'win_boll': 18, 'win_rsi': 6, 'win_mom': 4, 'win_vwap': 14, 'orb_opening_bars': 49, 'vol_window': 31}. Best is trial 112 with value: 0.33399999999999996.
Trial 406: ACCEPT (degrade -241.9%) - Eval: 0.062%, Val: 0.212%
[I 2025-10-25 04:33:16,435] Trial 406 finished with value: 0.062 and parameters: {'w_boll': 0.43290165483704324, 'w_rsi': 0.2315542950208982, 'w_mom': 0.23085014630844858, 'w_vwap': 0.5187929145179565, 'w_orb': 1.5015464048922214, 'w_ofi': 0.5548183517852364, 'w_vol': 1.7871567651322287, 'win_boll': 16, 'win_rsi': 5, 'win_mom': 3, 'win_vwap': 16, 'orb_opening_bars': 50, 'vol_window': 14}. Best is trial 112 with value: 0.33399999999999996.
Trial 407: ACCEPT (degrade 0.0%) - Eval: -0.164%, Val: 0.127%
[I 2025-10-25 04:33:17,177] Trial 407 finished with value: -0.164 and parameters: {'w_boll': 0.3646970108595175, 'w_rsi': 0.16158727860147476, 'w_mom': 0.3184768766664307, 'w_vwap': 0.6354526575157563, 'w_orb': 1.921286020986385, 'w_ofi': 1.700200590807343, 'w_vol': 1.873189672639912, 'win_boll': 14, 'win_rsi': 22, 'win_mom': 4, 'win_vwap': 14, 'orb_opening_bars': 47, 'vol_window': 16}. Best is trial 112 with value: 0.33399999999999996.
Trial 408: ACCEPT (degrade -1257.1%) - Eval: 0.014%, Val: 0.190%
[I 2025-10-25 04:33:17,896] Trial 408 finished with value: 0.01399999999999999 and parameters: {'w_boll': 0.24906196428797475, 'w_rsi': 0.42977120850508965, 'w_mom': 0.18102505337147284, 'w_vwap': 0.5948213726798864, 'w_orb': 1.9668067791273467, 'w_ofi': 1.090671333812991, 'w_vol': 1.7330468955085017, 'win_boll': 12, 'win_rsi': 5, 'win_mom': 18, 'win_vwap': 12, 'orb_opening_bars': 48, 'vol_window': 10}. Best is trial 112 with value: 0.33399999999999996.
Trial 409: ACCEPT (degrade -129.5%) - Eval: 0.166%, Val: 0.381%
[I 2025-10-25 04:33:18,679] Trial 409 finished with value: 0.166 and parameters: {'w_boll': 0.5500974799975705, 'w_rsi': 0.298516444302681, 'w_mom': 0.15788698117617292, 'w_vwap': 0.6369183843507035, 'w_orb': 1.869458093276993, 'w_ofi': 1.6594432959136525, 'w_vol': 1.9283274160273625, 'win_boll': 20, 'win_rsi': 6, 'win_mom': 5, 'win_vwap': 13, 'orb_opening_bars': 50, 'vol_window': 11}. Best is trial 112 with value: 0.33399999999999996.
Trial 410: REJECT (overfit 347.7%) - Eval: 0.044%, Val: -0.109%
[I 2025-10-25 04:33:19,443] Trial 410 finished with value: -999.0 and parameters: {'w_boll': 1.2835955646866308, 'w_rsi': 0.400908669614747, 'w_mom': 0.26841115606690585, 'w_vwap': 0.542437956658137, 'w_orb': 1.929082301289473, 'w_ofi': 0.6165086328149104, 'w_vol': 1.8468365819994785, 'win_boll': 11, 'win_rsi': 8, 'win_mom': 3, 'win_vwap': 13, 'orb_opening_bars': 49, 'vol_window': 12}. Best is trial 112 with value: 0.33399999999999996.
Trial 411: ACCEPT (degrade -465.2%) - Eval: 0.046%, Val: 0.260%
[I 2025-10-25 04:33:20,194] Trial 411 finished with value: 0.046000000000000006 and parameters: {'w_boll': 0.46300040928083, 'w_rsi': 0.32305645557220436, 'w_mom': 1.254039564537592, 'w_vwap': 0.6651557514452856, 'w_orb': 1.2818883999891266, 'w_ofi': 0.5958485903738757, 'w_vol': 1.7578096786802755, 'win_boll': 24, 'win_rsi': 7, 'win_mom': 3, 'win_vwap': 15, 'orb_opening_bars': 43, 'vol_window': 10}. Best is trial 112 with value: 0.33399999999999996.
Trial 412: ACCEPT (degrade 17.6%) - Eval: 0.108%, Val: 0.089%
[I 2025-10-25 04:33:20,968] Trial 412 finished with value: 0.10800000000000001 and parameters: {'w_boll': 0.4222823228575661, 'w_rsi': 0.47923527013222356, 'w_mom': 0.19752858761001996, 'w_vwap': 0.58751119631291, 'w_orb': 1.9021870989520908, 'w_ofi': 1.8339839802551767, 'w_vol': 1.6102209043863738, 'win_boll': 17, 'win_rsi': 6, 'win_mom': 4, 'win_vwap': 12, 'orb_opening_bars': 26, 'vol_window': 11}. Best is trial 112 with value: 0.33399999999999996.
Trial 413: ACCEPT (degrade 0.0%) - Eval: -0.154%, Val: 0.011%
[I 2025-10-25 04:33:21,731] Trial 413 finished with value: -0.154 and parameters: {'w_boll': 0.4942005562079424, 'w_rsi': 0.35838117910210543, 'w_mom': 0.14065956836461901, 'w_vwap': 0.6830779425115588, 'w_orb': 1.413799462267235, 'w_ofi': 0.6726655828088624, 'w_vol': 0.4769010332466168, 'win_boll': 13, 'win_rsi': 5, 'win_mom': 19, 'win_vwap': 13, 'orb_opening_bars': 48, 'vol_window': 13}. Best is trial 112 with value: 0.33399999999999996.
Trial 414: ACCEPT (degrade 0.0%) - Eval: -0.150%, Val: 0.234%
[I 2025-10-25 04:33:22,479] Trial 414 finished with value: -0.15 and parameters: {'w_boll': 0.32837547681639306, 'w_rsi': 0.4924295224226228, 'w_mom': 1.3701643335402385, 'w_vwap': 0.6189675551322421, 'w_orb': 1.9685675049872686, 'w_ofi': 1.780826193410678, 'w_vol': 1.8016061354545228, 'win_boll': 11, 'win_rsi': 20, 'win_mom': 5, 'win_vwap': 16, 'orb_opening_bars': 31, 'vol_window': 12}. Best is trial 112 with value: 0.33399999999999996.
Trial 415: ACCEPT (degrade 0.0%) - Eval: -0.088%, Val: 0.081%
[I 2025-10-25 04:33:23,228] Trial 415 finished with value: -0.088 and parameters: {'w_boll': 0.7630043565526053, 'w_rsi': 0.2702036543380794, 'w_mom': 1.5440736834180855, 'w_vwap': 0.4864400986917678, 'w_orb': 1.998866659015647, 'w_ofi': 0.5183517868460247, 'w_vol': 1.9008623879394762, 'win_boll': 13, 'win_rsi': 7, 'win_mom': 3, 'win_vwap': 20, 'orb_opening_bars': 47, 'vol_window': 11}. Best is trial 112 with value: 0.33399999999999996.
Trial 416: ACCEPT (degrade 0.0%) - Eval: -0.104%, Val: 0.271%
[I 2025-10-25 04:33:23,974] Trial 416 finished with value: -0.10399999999999998 and parameters: {'w_boll': 1.9692459171340846, 'w_rsi': 0.4145454967265026, 'w_mom': 0.2275532193621094, 'w_vwap': 0.560900232929776, 'w_orb': 1.9382088785078742, 'w_ofi': 0.6454553277611561, 'w_vol': 1.6657185437357225, 'win_boll': 44, 'win_rsi': 6, 'win_mom': 16, 'win_vwap': 12, 'orb_opening_bars': 49, 'vol_window': 10}. Best is trial 112 with value: 0.33399999999999996.
Trial 417: ACCEPT (degrade 0.0%) - Eval: -0.016%, Val: 0.328%
[I 2025-10-25 04:33:24,721] Trial 417 finished with value: -0.016000000000000007 and parameters: {'w_boll': 0.40007465304698286, 'w_rsi': 0.5533516842340617, 'w_mom': 0.16249629499171842, 'w_vwap': 0.6984865325508746, 'w_orb': 1.8419761854923795, 'w_ofi': 0.571615957472092, 'w_vol': 1.8611102924411747, 'win_boll': 15, 'win_rsi': 7, 'win_mom': 11, 'win_vwap': 11, 'orb_opening_bars': 47, 'vol_window': 12}. Best is trial 112 with value: 0.33399999999999996.
Trial 418: ACCEPT (degrade -747.1%) - Eval: 0.034%, Val: 0.288%
[I 2025-10-25 04:33:25,463] Trial 418 finished with value: 0.03400000000000001 and parameters: {'w_boll': 0.5091143032234647, 'w_rsi': 0.3818145267452466, 'w_mom': 0.36367135042756965, 'w_vwap': 0.870890135592266, 'w_orb': 1.8896969902065137, 'w_ofi': 1.3278997682809361, 'w_vol': 1.9994030971813936, 'win_boll': 12, 'win_rsi': 7, 'win_mom': 9, 'win_vwap': 15, 'orb_opening_bars': 42, 'vol_window': 11}. Best is trial 112 with value: 0.33399999999999996.
Trial 419: ACCEPT (degrade 0.0%) - Eval: -0.096%, Val: 0.209%
[I 2025-10-25 04:33:26,205] Trial 419 finished with value: -0.09600000000000002 and parameters: {'w_boll': 0.2935930463440124, 'w_rsi': 0.31688269355917237, 'w_mom': 0.28737371728398486, 'w_vwap': 0.6414802898806993, 'w_orb': 1.9373872680362345, 'w_ofi': 1.7330026676413453, 'w_vol': 1.9509562704005359, 'win_boll': 14, 'win_rsi': 6, 'win_mom': 4, 'win_vwap': 33, 'orb_opening_bars': 50, 'vol_window': 22}. Best is trial 112 with value: 0.33399999999999996.Best trial: 112. Best value: 0.334:  22%|██▏       | 435/2000 [05:34<19:45,  1.32it/s]Best trial: 112. Best value: 0.334:  22%|██▏       | 435/2000 [05:34<19:45,  1.32it/s]Best trial: 112. Best value: 0.334:  22%|██▏       | 436/2000 [05:34<19:35,  1.33it/s]                                                                                      Best trial: 112. Best value: 0.334:  22%|██▏       | 436/2000 [05:35<19:35,  1.33it/s]Best trial: 112. Best value: 0.334:  22%|██▏       | 436/2000 [05:35<19:35,  1.33it/s]Best trial: 112. Best value: 0.334:  22%|██▏       | 437/2000 [05:35<19:56,  1.31it/s]                                                                                      Best trial: 112. Best value: 0.334:  22%|██▏       | 437/2000 [05:36<19:56,  1.31it/s]Best trial: 112. Best value: 0.334:  22%|██▏       | 437/2000 [05:36<19:56,  1.31it/s]Best trial: 112. Best value: 0.334:  22%|██▏       | 438/2000 [05:36<19:39,  1.32it/s]                                                                                      Best trial: 112. Best value: 0.334:  22%|██▏       | 438/2000 [05:37<19:39,  1.32it/s]Best trial: 112. Best value: 0.334:  22%|██▏       | 438/2000 [05:37<19:39,  1.32it/s]Best trial: 112. Best value: 0.334:  22%|██▏       | 439/2000 [05:37<19:34,  1.33it/s]                                                                                      Best trial: 112. Best value: 0.334:  22%|██▏       | 439/2000 [05:37<19:34,  1.33it/s]Best trial: 112. Best value: 0.334:  22%|██▏       | 439/2000 [05:37<19:34,  1.33it/s]Best trial: 112. Best value: 0.334:  22%|██▏       | 440/2000 [05:37<19:32,  1.33it/s]                                                                                      Best trial: 112. Best value: 0.334:  22%|██▏       | 440/2000 [05:38<19:32,  1.33it/s]Best trial: 112. Best value: 0.334:  22%|██▏       | 440/2000 [05:38<19:32,  1.33it/s]Best trial: 112. Best value: 0.334:  22%|██▏       | 441/2000 [05:38<19:41,  1.32it/s]                                                                                      Best trial: 112. Best value: 0.334:  22%|██▏       | 441/2000 [05:39<19:41,  1.32it/s]Best trial: 112. Best value: 0.334:  22%|██▏       | 441/2000 [05:39<19:41,  1.32it/s]Best trial: 112. Best value: 0.334:  22%|██▏       | 442/2000 [05:39<19:24,  1.34it/s]                                                                                      Best trial: 112. Best value: 0.334:  22%|██▏       | 442/2000 [05:40<19:24,  1.34it/s]Best trial: 112. Best value: 0.334:  22%|██▏       | 442/2000 [05:40<19:24,  1.34it/s]Best trial: 112. Best value: 0.334:  22%|██▏       | 443/2000 [05:40<19:26,  1.33it/s]                                                                                      Best trial: 112. Best value: 0.334:  22%|██▏       | 443/2000 [05:40<19:26,  1.33it/s]Best trial: 112. Best value: 0.334:  22%|██▏       | 443/2000 [05:40<19:26,  1.33it/s]Best trial: 112. Best value: 0.334:  22%|██▏       | 444/2000 [05:40<19:22,  1.34it/s]                                                                                      Best trial: 112. Best value: 0.334:  22%|██▏       | 444/2000 [05:41<19:22,  1.34it/s]Best trial: 112. Best value: 0.334:  22%|██▏       | 444/2000 [05:41<19:22,  1.34it/s]Best trial: 112. Best value: 0.334:  22%|██▏       | 445/2000 [05:41<19:43,  1.31it/s]                                                                                      Best trial: 112. Best value: 0.334:  22%|██▏       | 445/2000 [05:42<19:43,  1.31it/s]Best trial: 112. Best value: 0.334:  22%|██▏       | 445/2000 [05:42<19:43,  1.31it/s]Best trial: 112. Best value: 0.334:  22%|██▏       | 446/2000 [05:42<19:24,  1.33it/s]                                                                                      Best trial: 112. Best value: 0.334:  22%|██▏       | 446/2000 [05:43<19:24,  1.33it/s]Best trial: 112. Best value: 0.334:  22%|██▏       | 446/2000 [05:43<19:24,  1.33it/s]Best trial: 112. Best value: 0.334:  22%|██▏       | 447/2000 [05:43<19:22,  1.34it/s]                                                                                      Best trial: 112. Best value: 0.334:  22%|██▏       | 447/2000 [05:43<19:22,  1.34it/s]Best trial: 112. Best value: 0.334:  22%|██▏       | 447/2000 [05:43<19:22,  1.34it/s]Best trial: 112. Best value: 0.334:  22%|██▏       | 448/2000 [05:43<19:20,  1.34it/s]                                                                                      Best trial: 112. Best value: 0.334:  22%|██▏       | 448/2000 [05:44<19:20,  1.34it/s]Best trial: 112. Best value: 0.334:  22%|██▏       | 448/2000 [05:44<19:20,  1.34it/s]Best trial: 112. Best value: 0.334:  22%|██▏       | 449/2000 [05:44<19:35,  1.32it/s]                                                                                      Best trial: 112. Best value: 0.334:  22%|██▏       | 449/2000 [05:45<19:35,  1.32it/s]Best trial: 112. Best value: 0.334:  22%|██▏       | 449/2000 [05:45<19:35,  1.32it/s]Best trial: 112. Best value: 0.334:  22%|██▎       | 450/2000 [05:45<19:16,  1.34it/s]                                                                                      Best trial: 112. Best value: 0.334:  22%|██▎       | 450/2000 [05:46<19:16,  1.34it/s]Best trial: 112. Best value: 0.334:  22%|██▎       | 450/2000 [05:46<19:16,  1.34it/s]Best trial: 112. Best value: 0.334:  23%|██▎       | 451/2000 [05:46<19:14,  1.34it/s]                                                                                      
Trial 420: ACCEPT (degrade 0.0%) - Eval: -0.014%, Val: 0.361%
[I 2025-10-25 04:33:26,969] Trial 420 finished with value: -0.014000000000000018 and parameters: {'w_boll': 0.35682630987781294, 'w_rsi': 0.44366032672692274, 'w_mom': 0.20712968483707817, 'w_vwap': 0.8109294145666492, 'w_orb': 1.9602055282267217, 'w_ofi': 0.8496978482562368, 'w_vol': 1.7867451772613887, 'win_boll': 11, 'win_rsi': 8, 'win_mom': 12, 'win_vwap': 14, 'orb_opening_bars': 22, 'vol_window': 13}. Best is trial 112 with value: 0.33399999999999996.
Trial 421: ACCEPT (degrade 0.0%) - Eval: -0.222%, Val: 0.103%
[I 2025-10-25 04:33:27,708] Trial 421 finished with value: -0.22200000000000003 and parameters: {'w_boll': 0.4571220753757448, 'w_rsi': 0.7283528394288636, 'w_mom': 0.13564248616908983, 'w_vwap': 0.6055690393782697, 'w_orb': 1.999777388566122, 'w_ofi': 0.6922524244177236, 'w_vol': 1.8278189638863145, 'win_boll': 16, 'win_rsi': 5, 'win_mom': 3, 'win_vwap': 12, 'orb_opening_bars': 48, 'vol_window': 27}. Best is trial 112 with value: 0.33399999999999996.
Trial 422: ACCEPT (degrade -1378.1%) - Eval: 0.032%, Val: 0.473%
[I 2025-10-25 04:33:28,453] Trial 422 finished with value: 0.032000000000000015 and parameters: {'w_boll': 0.3861477462782326, 'w_rsi': 0.36753828357837726, 'w_mom': 0.2573691516766231, 'w_vwap': 0.43898995896821985, 'w_orb': 1.839545323497248, 'w_ofi': 0.633856528405824, 'w_vol': 1.8993700807853693, 'win_boll': 18, 'win_rsi': 7, 'win_mom': 5, 'win_vwap': 11, 'orb_opening_bars': 41, 'vol_window': 10}. Best is trial 112 with value: 0.33399999999999996.
Trial 423: ACCEPT (degrade -587.5%) - Eval: 0.008%, Val: 0.055%
[I 2025-10-25 04:33:29,204] Trial 423 finished with value: 0.007999999999999997 and parameters: {'w_boll': 0.5517172164833624, 'w_rsi': 0.5094491963880017, 'w_mom': 0.18788979975623482, 'w_vwap': 0.5389617453594621, 'w_orb': 0.5866077873739407, 'w_ofi': 1.189851661082669, 'w_vol': 1.7439546307934106, 'win_boll': 12, 'win_rsi': 8, 'win_mom': 6, 'win_vwap': 13, 'orb_opening_bars': 48, 'vol_window': 12}. Best is trial 112 with value: 0.33399999999999996.
Trial 424: ACCEPT (degrade 0.0%) - Eval: -0.054%, Val: 0.445%
