[I 2025-10-25 04:48:32,276] Trial 1602 finished with value: -0.013999999999999995 and parameters: {'w_boll': 0.3070083812021738, 'w_rsi': 0.45646917432726264, 'w_mom': 0.2059119438957671, 'w_vwap': 0.7264283729786585, 'w_orb': 1.998821098361873, 'w_ofi': 1.964890630438862, 'w_vol': 1.8466832220459297, 'win_boll': 16, 'win_rsi': 6, 'win_mom': 6, 'win_vwap': 14, 'orb_opening_bars': 41, 'vol_window': 11}. Best is trial 868 with value: 0.384.
Trial 1603: ACCEPT (degrade 0.0%) - Eval: -0.178%, Val: 0.306%
[I 2025-10-25 04:48:33,034] Trial 1603 finished with value: -0.178 and parameters: {'w_boll': 1.7208742853016878, 'w_rsi': 0.18471904179967427, 'w_mom': 1.387123219774765, 'w_vwap': 0.557761126090926, 'w_orb': 1.870913645630064, 'w_ofi': 0.3591558935593448, 'w_vol': 1.4774504213432629, 'win_boll': 32, 'win_rsi': 7, 'win_mom': 3, 'win_vwap': 11, 'orb_opening_bars': 47, 'vol_window': 14}. Best is trial 868 with value: 0.384.
Trial 1604: ACCEPT (degrade -5150.0%) - Eval: 0.008%, Val: 0.420%
[I 2025-10-25 04:48:33,790] Trial 1604 finished with value: 0.007999999999999997 and parameters: {'w_boll': 0.35882341430580733, 'w_rsi': 0.35354010204348196, 'w_mom': 0.3040875698153881, 'w_vwap': 0.6837237173052941, 'w_orb': 1.8475811584064064, 'w_ofi': 0.4172876347199451, 'w_vol': 1.8926688551663764, 'win_boll': 13, 'win_rsi': 8, 'win_mom': 5, 'win_vwap': 28, 'orb_opening_bars': 32, 'vol_window': 10}. Best is trial 868 with value: 0.384.Best trial: 868. Best value: 0.384:  81%|████████  | 1621/2000 [20:43<04:49,  1.31it/s]Best trial: 868. Best value: 0.384:  81%|████████  | 1621/2000 [20:43<04:49,  1.31it/s]Best trial: 868. Best value: 0.384:  81%|████████  | 1622/2000 [20:43<04:48,  1.31it/s]                                                                                       Best trial: 868. Best value: 0.384:  81%|████████  | 1622/2000 [20:44<04:48,  1.31it/s]Best trial: 868. Best value: 0.384:  81%|████████  | 1622/2000 [20:44<04:48,  1.31it/s]Best trial: 868. Best value: 0.384:  81%|████████  | 1623/2000 [20:44<04:47,  1.31it/s]                                                                                       Best trial: 868. Best value: 0.384:  81%|████████  | 1623/2000 [20:44<04:47,  1.31it/s]Best trial: 868. Best value: 0.384:  81%|████████  | 1623/2000 [20:44<04:47,  1.31it/s]Best trial: 868. Best value: 0.384:  81%|████████  | 1624/2000 [20:44<04:46,  1.31it/s]                                                                                       Best trial: 868. Best value: 0.384:  81%|████████  | 1624/2000 [20:45<04:46,  1.31it/s]Best trial: 868. Best value: 0.384:  81%|████████  | 1624/2000 [20:45<04:46,  1.31it/s]Best trial: 868. Best value: 0.384:  81%|████████▏ | 1625/2000 [20:45<04:42,  1.33it/s]                                                                                       Best trial: 868. Best value: 0.384:  81%|████████▏ | 1625/2000 [20:46<04:42,  1.33it/s]Best trial: 868. Best value: 0.384:  81%|████████▏ | 1625/2000 [20:46<04:42,  1.33it/s]Best trial: 868. Best value: 0.384:  81%|████████▏ | 1626/2000 [20:46<04:42,  1.32it/s]                                                                                       Best trial: 868. Best value: 0.384:  81%|████████▏ | 1626/2000 [20:47<04:42,  1.32it/s]Best trial: 868. Best value: 0.384:  81%|████████▏ | 1626/2000 [20:47<04:42,  1.32it/s]Best trial: 868. Best value: 0.384:  81%|████████▏ | 1627/2000 [20:47<04:41,  1.33it/s]                                                                                       Best trial: 868. Best value: 0.384:  81%|████████▏ | 1627/2000 [20:47<04:41,  1.33it/s]Best trial: 868. Best value: 0.384:  81%|████████▏ | 1627/2000 [20:47<04:41,  1.33it/s]Best trial: 868. Best value: 0.384:  81%|████████▏ | 1628/2000 [20:47<04:45,  1.30it/s]                                                                                       Best trial: 868. Best value: 0.384:  81%|████████▏ | 1628/2000 [20:48<04:45,  1.30it/s]Best trial: 868. Best value: 0.384:  81%|████████▏ | 1628/2000 [20:48<04:45,  1.30it/s]Best trial: 868. Best value: 0.384:  81%|████████▏ | 1629/2000 [20:48<04:42,  1.31it/s]                                                                                       Best trial: 868. Best value: 0.384:  81%|████████▏ | 1629/2000 [20:49<04:42,  1.31it/s]Best trial: 868. Best value: 0.384:  81%|████████▏ | 1629/2000 [20:49<04:42,  1.31it/s]Best trial: 868. Best value: 0.384:  82%|████████▏ | 1630/2000 [20:49<04:42,  1.31it/s]                                                                                       Best trial: 868. Best value: 0.384:  82%|████████▏ | 1630/2000 [20:50<04:42,  1.31it/s]Best trial: 868. Best value: 0.384:  82%|████████▏ | 1630/2000 [20:50<04:42,  1.31it/s]Best trial: 868. Best value: 0.384:  82%|████████▏ | 1631/2000 [20:50<04:40,  1.32it/s]                                                                                       Best trial: 868. Best value: 0.384:  82%|████████▏ | 1631/2000 [20:50<04:40,  1.32it/s]Best trial: 868. Best value: 0.384:  82%|████████▏ | 1631/2000 [20:50<04:40,  1.32it/s]Best trial: 868. Best value: 0.384:  82%|████████▏ | 1632/2000 [20:50<04:44,  1.30it/s]                                                                                       Best trial: 868. Best value: 0.384:  82%|████████▏ | 1632/2000 [20:51<04:44,  1.30it/s]Best trial: 868. Best value: 0.384:  82%|████████▏ | 1632/2000 [20:51<04:44,  1.30it/s]Best trial: 868. Best value: 0.384:  82%|████████▏ | 1633/2000 [20:51<04:43,  1.29it/s]                                                                                       Best trial: 868. Best value: 0.384:  82%|████████▏ | 1633/2000 [20:52<04:43,  1.29it/s]Best trial: 868. Best value: 0.384:  82%|████████▏ | 1633/2000 [20:52<04:43,  1.29it/s]Best trial: 868. Best value: 0.384:  82%|████████▏ | 1634/2000 [20:52<04:38,  1.31it/s]                                                                                       Best trial: 868. Best value: 0.384:  82%|████████▏ | 1634/2000 [20:53<04:38,  1.31it/s]Best trial: 868. Best value: 0.384:  82%|████████▏ | 1634/2000 [20:53<04:38,  1.31it/s]Best trial: 868. Best value: 0.384:  82%|████████▏ | 1635/2000 [20:53<04:37,  1.31it/s]                                                                                       Best trial: 868. Best value: 0.384:  82%|████████▏ | 1635/2000 [20:54<04:37,  1.31it/s]Best trial: 868. Best value: 0.384:  82%|████████▏ | 1635/2000 [20:54<04:37,  1.31it/s]Best trial: 868. Best value: 0.384:  82%|████████▏ | 1636/2000 [20:54<04:41,  1.29it/s]                                                                                       Best trial: 868. Best value: 0.384:  82%|████████▏ | 1636/2000 [20:54<04:41,  1.29it/s]Best trial: 868. Best value: 0.384:  82%|████████▏ | 1636/2000 [20:54<04:41,  1.29it/s]Best trial: 868. Best value: 0.384:  82%|████████▏ | 1637/2000 [20:54<04:40,  1.30it/s]                                                                                       Best trial: 868. Best value: 0.384:  82%|████████▏ | 1637/2000 [20:55<04:40,  1.30it/s]Best trial: 868. Best value: 0.384:  82%|████████▏ | 1637/2000 [20:55<04:40,  1.30it/s]Best trial: 868. Best value: 0.384:  82%|████████▏ | 1638/2000 [20:55<04:35,  1.31it/s]                                                                                       
Trial 1605: REJECT (overfit 0.0%) - Eval: -0.048%, Val: -0.263%
[I 2025-10-25 04:48:34,557] Trial 1605 finished with value: -999.0 and parameters: {'w_boll': 0.2649483291178747, 'w_rsi': 0.3907951283328133, 'w_mom': 1.3326776439886432, 'w_vwap': 0.8957797435305466, 'w_orb': 0.3801591736174198, 'w_ofi': 1.4563343445420152, 'w_vol': 0.3985602424096878, 'win_boll': 10, 'win_rsi': 5, 'win_mom': 3, 'win_vwap': 10, 'orb_opening_bars': 50, 'vol_window': 11}. Best is trial 868 with value: 0.384.
Trial 1606: ACCEPT (degrade -19.0%) - Eval: 0.042%, Val: 0.050%
[I 2025-10-25 04:48:35,310] Trial 1606 finished with value: 0.04200000000000001 and parameters: {'w_boll': 0.4948560016294242, 'w_rsi': 0.23792897292483417, 'w_mom': 1.4380237143439178, 'w_vwap': 0.6467040634912081, 'w_orb': 1.9121158212005134, 'w_ofi': 1.8965851196825074, 'w_vol': 1.8231958937216601, 'win_boll': 12, 'win_rsi': 6, 'win_mom': 4, 'win_vwap': 16, 'orb_opening_bars': 40, 'vol_window': 13}. Best is trial 868 with value: 0.384.
Trial 1607: ACCEPT (degrade 0.0%) - Eval: -0.162%, Val: -0.007%
[I 2025-10-25 04:48:36,040] Trial 1607 finished with value: -0.162 and parameters: {'w_boll': 0.416069800091429, 'w_rsi': 0.12588131557153498, 'w_mom': 1.8597885633070916, 'w_vwap': 0.7659691129381161, 'w_orb': 0.25214800187377306, 'w_ofi': 0.7217153239148796, 'w_vol': 1.9663311604371407, 'win_boll': 15, 'win_rsi': 7, 'win_mom': 6, 'win_vwap': 12, 'orb_opening_bars': 33, 'vol_window': 15}. Best is trial 868 with value: 0.384.
Trial 1608: REJECT (overfit 23.9%) - Eval: 0.230%, Val: 0.175%
[I 2025-10-25 04:48:36,792] Trial 1608 finished with value: -999.0 and parameters: {'w_boll': 0.21487351339202923, 'w_rsi': 0.2837054712944406, 'w_mom': 1.2511748533078806, 'w_vwap': 0.8162524188640431, 'w_orb': 1.9981495562612561, 'w_ofi': 1.7802122551396606, 'w_vol': 1.8651691606574954, 'win_boll': 14, 'win_rsi': 6, 'win_mom': 5, 'win_vwap': 34, 'orb_opening_bars': 48, 'vol_window': 12}. Best is trial 868 with value: 0.384.
Trial 1609: ACCEPT (degrade 0.0%) - Eval: -0.244%, Val: 0.128%
[I 2025-10-25 04:48:37,558] Trial 1609 finished with value: -0.244 and parameters: {'w_boll': 0.32184765772444596, 'w_rsi': 1.6784997851673509, 'w_mom': 1.1784029932728808, 'w_vwap': 0.7179657939835428, 'w_orb': 1.947344268961687, 'w_ofi': 1.065378329320366, 'w_vol': 1.7244110516908522, 'win_boll': 11, 'win_rsi': 5, 'win_mom': 7, 'win_vwap': 13, 'orb_opening_bars': 49, 'vol_window': 11}. Best is trial 868 with value: 0.384.
Trial 1610: REJECT (overfit 0.0%) - Eval: -0.048%, Val: -0.147%
[I 2025-10-25 04:48:38,321] Trial 1610 finished with value: -999.0 and parameters: {'w_boll': 0.45543140851321884, 'w_rsi': 0.4809585878342075, 'w_mom': 0.5166994931141512, 'w_vwap': 0.6307301105582238, 'w_orb': 1.0800745531120253, 'w_ofi': 0.6223104288482405, 'w_vol': 1.9195424237753445, 'win_boll': 13, 'win_rsi': 8, 'win_mom': 3, 'win_vwap': 33, 'orb_opening_bars': 50, 'vol_window': 24}. Best is trial 868 with value: 0.384.
Trial 1611: REJECT (overfit 28.9%) - Eval: 0.474%, Val: 0.337%
[I 2025-10-25 04:48:39,110] Trial 1611 finished with value: -999.0 and parameters: {'w_boll': 0.3748656851452014, 'w_rsi': 0.32814712461985757, 'w_mom': 0.13155803768928634, 'w_vwap': 0.5193275768512581, 'w_orb': 1.8913263525934323, 'w_ofi': 0.8228739615783729, 'w_vol': 1.7795673768471179, 'win_boll': 16, 'win_rsi': 7, 'win_mom': 4, 'win_vwap': 31, 'orb_opening_bars': 49, 'vol_window': 12}. Best is trial 868 with value: 0.384.
Trial 1612: REJECT (overfit 50.4%) - Eval: 0.278%, Val: 0.138%
[I 2025-10-25 04:48:39,867] Trial 1612 finished with value: -999.0 and parameters: {'w_boll': 0.2936144116084014, 'w_rsi': 0.4166938416324869, 'w_mom': 1.0629794888928745, 'w_vwap': 0.6821903161429561, 'w_orb': 1.7909422883323909, 'w_ofi': 1.9977300643824862, 'w_vol': 1.828740672226939, 'win_boll': 30, 'win_rsi': 6, 'win_mom': 3, 'win_vwap': 14, 'orb_opening_bars': 48, 'vol_window': 13}. Best is trial 868 with value: 0.384.
Trial 1613: REJECT (overfit 85.0%) - Eval: 0.060%, Val: 0.009%
[I 2025-10-25 04:48:40,625] Trial 1613 finished with value: -999.0 and parameters: {'w_boll': 0.4074668591087517, 'w_rsi': 0.21377083910264433, 'w_mom': 0.17306502423684275, 'w_vwap': 0.7573360880667548, 'w_orb': 1.9378861880456084, 'w_ofi': 1.8372184537220928, 'w_vol': 1.872088078191177, 'win_boll': 13, 'win_rsi': 5, 'win_mom': 4, 'win_vwap': 11, 'orb_opening_bars': 50, 'vol_window': 10}. Best is trial 868 with value: 0.384.
Trial 1614: ACCEPT (degrade 0.0%) - Eval: -0.210%, Val: 0.408%
[I 2025-10-25 04:48:41,375] Trial 1614 finished with value: -0.20999999999999996 and parameters: {'w_boll': 1.1438820008435457, 'w_rsi': 0.29903510436805153, 'w_mom': 0.20931330714809365, 'w_vwap': 0.5882721766541331, 'w_orb': 1.8361707924263184, 'w_ofi': 1.92915385927724, 'w_vol': 1.943475590419314, 'win_boll': 15, 'win_rsi': 7, 'win_mom': 6, 'win_vwap': 12, 'orb_opening_bars': 46, 'vol_window': 12}. Best is trial 868 with value: 0.384.
Trial 1615: ACCEPT (degrade -276.5%) - Eval: 0.068%, Val: 0.256%
[I 2025-10-25 04:48:42,165] Trial 1615 finished with value: 0.068 and parameters: {'w_boll': 0.3389545136157454, 'w_rsi': 0.3764703761973323, 'w_mom': 0.10147443938153754, 'w_vwap': 0.8399336971588975, 'w_orb': 1.905313439423158, 'w_ofi': 0.4328184721505009, 'w_vol': 1.6304444656316455, 'win_boll': 12, 'win_rsi': 6, 'win_mom': 5, 'win_vwap': 13, 'orb_opening_bars': 47, 'vol_window': 11}. Best is trial 868 with value: 0.384.
Trial 1616: REJECT (overfit 200.0%) - Eval: 0.138%, Val: -0.138%
[I 2025-10-25 04:48:42,898] Trial 1616 finished with value: -999.0 and parameters: {'w_boll': 0.2437834941510748, 'w_rsi': 0.436539341617552, 'w_mom': 1.363282285724097, 'w_vwap': 0.7194543887483134, 'w_orb': 1.687435047478806, 'w_ofi': 0.6882646260835605, 'w_vol': 1.7959586024325758, 'win_boll': 15, 'win_rsi': 5, 'win_mom': 3, 'win_vwap': 15, 'orb_opening_bars': 48, 'vol_window': 10}. Best is trial 868 with value: 0.384.
Trial 1617: ACCEPT (degrade 0.0%) - Eval: -0.074%, Val: 0.405%
[I 2025-10-25 04:48:43,655] Trial 1617 finished with value: -0.074 and parameters: {'w_boll': 0.3902528395781397, 'w_rsi': 0.2622620919501158, 'w_mom': 0.2609399026906888, 'w_vwap': 0.7914890094811122, 'w_orb': 1.737243474668157, 'w_ofi': 0.39068807116680154, 'w_vol': 1.9002444013624107, 'win_boll': 14, 'win_rsi': 7, 'win_mom': 8, 'win_vwap': 10, 'orb_opening_bars': 31, 'vol_window': 33}. Best is trial 868 with value: 0.384.
Trial 1618: ACCEPT (degrade 0.0%) - Eval: -0.056%, Val: 0.051%
[I 2025-10-25 04:48:44,409] Trial 1618 finished with value: -0.05599999999999998 and parameters: {'w_boll': 0.5253988076844576, 'w_rsi': 0.3401652751455873, 'w_mom': 1.535656267341773, 'w_vwap': 0.6837528273113095, 'w_orb': 1.9604143366565183, 'w_ofi': 1.870604214300209, 'w_vol': 1.7446905903136551, 'win_boll': 11, 'win_rsi': 6, 'win_mom': 9, 'win_vwap': 17, 'orb_opening_bars': 39, 'vol_window': 21}. Best is trial 868 with value: 0.384.
Trial 1619: REJECT (overfit 175.0%) - Eval: 0.036%, Val: -0.027%
[I 2025-10-25 04:48:45,207] Trial 1619 finished with value: -999.0 and parameters: {'w_boll': 0.44791601964360456, 'w_rsi': 1.0026591529042412, 'w_mom': 1.2771057032357627, 'w_vwap': 0.618213164354159, 'w_orb': 1.8449279258058167, 'w_ofi': 1.9614701044167104, 'w_vol': 1.8546392226931203, 'win_boll': 10, 'win_rsi': 5, 'win_mom': 5, 'win_vwap': 11, 'orb_opening_bars': 49, 'vol_window': 14}. Best is trial 868 with value: 0.384.
Trial 1620: ACCEPT (degrade 0.0%) - Eval: -0.004%, Val: 0.204%
[I 2025-10-25 04:48:45,957] Trial 1620 finished with value: -0.003999999999999992 and parameters: {'w_boll': 0.28150350468535, 'w_rsi': 0.19130583710516835, 'w_mom': 1.3175655850605463, 'w_vwap': 0.7542147300178285, 'w_orb': 1.9997274916160839, 'w_ofi': 0.766053644272206, 'w_vol': 1.9739931175423735, 'win_boll': 13, 'win_rsi': 6, 'win_mom': 4, 'win_vwap': 14, 'orb_opening_bars': 45, 'vol_window': 13}. Best is trial 868 with value: 0.384.
Trial 1621: ACCEPT (degrade -189.1%) - Eval: 0.192%, Val: 0.555%
[I 2025-10-25 04:48:46,719] Trial 1621 finished with value: 0.192 and parameters: {'w_boll': 0.35654074315352813, 'w_rsi': 0.46868196421017966, 'w_mom': 0.16965874624503838, 'w_vwap': 0.5692673065643811, 'w_orb': 1.878877993367762, 'w_ofi': 0.6536630603120741, 'w_vol': 1.8256136000518126, 'win_boll': 15, 'win_rsi': 7, 'win_mom': 6, 'win_vwap': 13, 'orb_opening_bars': 27, 'vol_window': 11}. Best is trial 868 with value: 0.384.Best trial: 868. Best value: 0.384:  82%|████████▏ | 1638/2000 [20:56<04:35,  1.31it/s]Best trial: 868. Best value: 0.384:  82%|████████▏ | 1638/2000 [20:56<04:35,  1.31it/s]Best trial: 868. Best value: 0.384:  82%|████████▏ | 1639/2000 [20:56<04:34,  1.31it/s]                                                                                       Best trial: 868. Best value: 0.384:  82%|████████▏ | 1639/2000 [20:57<04:34,  1.31it/s]Best trial: 868. Best value: 0.384:  82%|████████▏ | 1639/2000 [20:57<04:34,  1.31it/s]Best trial: 868. Best value: 0.384:  82%|████████▏ | 1640/2000 [20:57<04:57,  1.21it/s]                                                                                       Best trial: 868. Best value: 0.384:  82%|████████▏ | 1640/2000 [20:58<04:57,  1.21it/s]Best trial: 868. Best value: 0.384:  82%|████████▏ | 1640/2000 [20:58<04:57,  1.21it/s]Best trial: 868. Best value: 0.384:  82%|████████▏ | 1641/2000 [20:58<04:48,  1.24it/s]                                                                                       Best trial: 868. Best value: 0.384:  82%|████████▏ | 1641/2000 [20:58<04:48,  1.24it/s]Best trial: 868. Best value: 0.384:  82%|████████▏ | 1641/2000 [20:58<04:48,  1.24it/s]Best trial: 868. Best value: 0.384:  82%|████████▏ | 1642/2000 [20:58<04:43,  1.26it/s]                                                                                       Best trial: 868. Best value: 0.384:  82%|████████▏ | 1642/2000 [20:59<04:43,  1.26it/s]Best trial: 868. Best value: 0.384:  82%|████████▏ | 1642/2000 [20:59<04:43,  1.26it/s]Best trial: 868. Best value: 0.384:  82%|████████▏ | 1643/2000 [20:59<04:36,  1.29it/s]                                                                                       Best trial: 868. Best value: 0.384:  82%|████████▏ | 1643/2000 [21:00<04:36,  1.29it/s]Best trial: 868. Best value: 0.384:  82%|████████▏ | 1643/2000 [21:00<04:36,  1.29it/s]Best trial: 868. Best value: 0.384:  82%|████████▏ | 1644/2000 [21:00<04:33,  1.30it/s]                                                                                       Best trial: 868. Best value: 0.384:  82%|████████▏ | 1644/2000 [21:01<04:33,  1.30it/s]Best trial: 868. Best value: 0.384:  82%|████████▏ | 1644/2000 [21:01<04:33,  1.30it/s]Best trial: 868. Best value: 0.384:  82%|████████▏ | 1645/2000 [21:01<04:31,  1.31it/s]                                                                                       Best trial: 868. Best value: 0.384:  82%|████████▏ | 1645/2000 [21:01<04:31,  1.31it/s]Best trial: 868. Best value: 0.384:  82%|████████▏ | 1645/2000 [21:01<04:31,  1.31it/s]Best trial: 868. Best value: 0.384:  82%|████████▏ | 1646/2000 [21:01<04:29,  1.31it/s]                                                                                       Best trial: 868. Best value: 0.384:  82%|████████▏ | 1646/2000 [21:02<04:29,  1.31it/s]Best trial: 868. Best value: 0.384:  82%|████████▏ | 1646/2000 [21:02<04:29,  1.31it/s]Best trial: 868. Best value: 0.384:  82%|████████▏ | 1647/2000 [21:02<04:27,  1.32it/s]                                                                                       Best trial: 868. Best value: 0.384:  82%|████████▏ | 1647/2000 [21:03<04:27,  1.32it/s]Best trial: 868. Best value: 0.384:  82%|████████▏ | 1647/2000 [21:03<04:27,  1.32it/s]Best trial: 868. Best value: 0.384:  82%|████████▏ | 1648/2000 [21:03<04:27,  1.32it/s]                                                                                       Best trial: 868. Best value: 0.384:  82%|████████▏ | 1648/2000 [21:04<04:27,  1.32it/s]Best trial: 868. Best value: 0.384:  82%|████████▏ | 1648/2000 [21:04<04:27,  1.32it/s]Best trial: 868. Best value: 0.384:  82%|████████▏ | 1649/2000 [21:04<04:26,  1.32it/s]                                                                                       Best trial: 868. Best value: 0.384:  82%|████████▏ | 1649/2000 [21:04<04:26,  1.32it/s]Best trial: 868. Best value: 0.384:  82%|████████▏ | 1649/2000 [21:04<04:26,  1.32it/s]Best trial: 868. Best value: 0.384:  82%|████████▎ | 1650/2000 [21:04<04:25,  1.32it/s]                                                                                       Best trial: 868. Best value: 0.384:  82%|████████▎ | 1650/2000 [21:05<04:25,  1.32it/s]Best trial: 868. Best value: 0.384:  82%|████████▎ | 1650/2000 [21:05<04:25,  1.32it/s]Best trial: 868. Best value: 0.384:  83%|████████▎ | 1651/2000 [21:05<04:25,  1.31it/s]                                                                                       Best trial: 868. Best value: 0.384:  83%|████████▎ | 1651/2000 [21:06<04:25,  1.31it/s]Best trial: 868. Best value: 0.384:  83%|████████▎ | 1651/2000 [21:06<04:25,  1.31it/s]Best trial: 868. Best value: 0.384:  83%|████████▎ | 1652/2000 [21:06<04:24,  1.31it/s]                                                                                       Best trial: 868. Best value: 0.384:  83%|████████▎ | 1652/2000 [21:07<04:24,  1.31it/s]Best trial: 868. Best value: 0.384:  83%|████████▎ | 1652/2000 [21:07<04:24,  1.31it/s]Best trial: 868. Best value: 0.384:  83%|████████▎ | 1653/2000 [21:07<04:24,  1.31it/s]                                                                                       Best trial: 868. Best value: 0.384:  83%|████████▎ | 1653/2000 [21:07<04:24,  1.31it/s]Best trial: 868. Best value: 0.384:  83%|████████▎ | 1653/2000 [21:07<04:24,  1.31it/s]Best trial: 868. Best value: 0.384:  83%|████████▎ | 1654/2000 [21:07<04:23,  1.31it/s]                                                                                       Best trial: 868. Best value: 0.384:  83%|████████▎ | 1654/2000 [21:08<04:23,  1.31it/s]Best trial: 868. Best value: 0.384:  83%|████████▎ | 1654/2000 [21:08<04:23,  1.31it/s]Best trial: 868. Best value: 0.384:  83%|████████▎ | 1655/2000 [21:08<04:24,  1.30it/s]                                                                                       
Trial 1622: REJECT (overfit 238.0%) - Eval: 0.050%, Val: -0.069%
