[I 2025-10-25 04:47:29,053] Trial 1521 finished with value: -0.22000000000000003 and parameters: {'w_boll': 0.42501132213337145, 'w_rsi': 1.260042002814133, 'w_mom': 0.16777053467550293, 'w_vwap': 0.7854193481457457, 'w_orb': 1.939420837122404, 'w_ofi': 0.42964264606978214, 'w_vol': 1.7789874151620342, 'win_boll': 12, 'win_rsi': 5, 'win_mom': 4, 'win_vwap': 13, 'orb_opening_bars': 46, 'vol_window': 14}. Best is trial 868 with value: 0.384.
Trial 1522: ACCEPT (degrade 0.0%) - Eval: -0.112%, Val: 0.304%
[I 2025-10-25 04:47:29,808] Trial 1522 finished with value: -0.11200000000000002 and parameters: {'w_boll': 0.16838027781449966, 'w_rsi': 0.3312964259570216, 'w_mom': 1.3380647336128877, 'w_vwap': 0.7395021532679966, 'w_orb': 1.9154099492082755, 'w_ofi': 0.82133445055669, 'w_vol': 1.9500257647092276, 'win_boll': 11, 'win_rsi': 30, 'win_mom': 5, 'win_vwap': 12, 'orb_opening_bars': 47, 'vol_window': 11}. Best is trial 868 with value: 0.384.
Trial 1523: ACCEPT (degrade -325.9%) - Eval: 0.116%, Val: 0.494%
[I 2025-10-25 04:47:31,596] Trial 1523 finished with value: 0.11600000000000002 and parameters: {'w_boll': 0.5095085484727138, 'w_rsi': 0.3776909794090761, 'w_mom': 1.2850858040054782, 'w_vwap': 0.5266127252919081, 'w_orb': 1.9632726776271, 'w_ofi': 0.45597012812777055, 'w_vol': 1.9079035747387063, 'win_boll': 18, 'win_rsi': 7, 'win_mom': 6, 'win_vwap': 11, 'orb_opening_bars': 49, 'vol_window': 12}. Best is trial 868 with value: 0.384.
Trial 1524: ACCEPT (degrade 0.0%) - Eval: -0.072%, Val: 0.399%
[I 2025-10-25 04:47:32,351] Trial 1524 finished with value: -0.072 and parameters: {'w_boll': 0.395954143260179, 'w_rsi': 0.1607339214484499, 'w_mom': 0.23375328070730741, 'w_vwap': 0.6250651162223373, 'w_orb': 1.8251067256390991, 'w_ofi': 0.7600098999591401, 'w_vol': 1.9991244123409129, 'win_boll': 15, 'win_rsi': 6, 'win_mom': 3, 'win_vwap': 29, 'orb_opening_bars': 37, 'vol_window': 13}. Best is trial 868 with value: 0.384.
Trial 1525: ACCEPT (degrade 0.0%) - Eval: -0.494%, Val: 0.266%
[I 2025-10-25 04:47:33,100] Trial 1525 finished with value: -0.49400000000000005 and parameters: {'w_boll': 0.34026992757713354, 'w_rsi': 0.27984932460011996, 'w_mom': 1.2222605164191607, 'w_vwap': 0.8151211560042805, 'w_orb': 1.9975123844899692, 'w_ofi': 0.3610922895018949, 'w_vol': 1.8469626893786715, 'win_boll': 13, 'win_rsi': 9, 'win_mom': 6, 'win_vwap': 12, 'orb_opening_bars': 25, 'vol_window': 19}. Best is trial 868 with value: 0.384.
Trial 1526: ACCEPT (degrade 0.0%) - Eval: -0.010%, Val: 0.254%
[I 2025-10-25 04:47:33,834] Trial 1526 finished with value: -0.009999999999999992 and parameters: {'w_boll': 0.2821652145927222, 'w_rsi': 0.3537084566672592, 'w_mom': 0.19435183204590595, 'w_vwap': 0.7054218997549769, 'w_orb': 1.8841907765389294, 'w_ofi': 1.9678866460639894, 'w_vol': 1.7466763124040132, 'win_boll': 14, 'win_rsi': 7, 'win_mom': 3, 'win_vwap': 10, 'orb_opening_bars': 29, 'vol_window': 10}. Best is trial 868 with value: 0.384.
Trial 1527: ACCEPT (degrade 0.0%) - Eval: -0.034%, Val: 0.162%
[I 2025-10-25 04:47:34,617] Trial 1527 finished with value: -0.034 and parameters: {'w_boll': 0.47098154501189715, 'w_rsi': 0.5924106776979942, 'w_mom': 0.14325182895344038, 'w_vwap': 0.6571137298608398, 'w_orb': 1.7785771614744446, 'w_ofi': 0.4855350704640664, 'w_vol': 1.881271317791451, 'win_boll': 10, 'win_rsi': 6, 'win_mom': 4, 'win_vwap': 13, 'orb_opening_bars': 45, 'vol_window': 16}. Best is trial 868 with value: 0.384.
Trial 1528: ACCEPT (degrade 0.0%) - Eval: -0.120%, Val: 0.230%
[I 2025-10-25 04:47:35,374] Trial 1528 finished with value: -0.12 and parameters: {'w_boll': 0.3620607888011868, 'w_rsi': 0.22368534511623378, 'w_mom': 0.28798562882915946, 'w_vwap': 0.7388554306853303, 'w_orb': 1.939117730550967, 'w_ofi': 0.6676991014923295, 'w_vol': 1.7957171494575666, 'win_boll': 16, 'win_rsi': 5, 'win_mom': 5, 'win_vwap': 16, 'orb_opening_bars': 31, 'vol_window': 13}. Best is trial 868 with value: 0.384.
Trial 1529: ACCEPT (degrade -1627.8%) - Eval: 0.018%, Val: 0.311%
[I 2025-10-25 04:47:36,127] Trial 1529 finished with value: 0.018000000000000016 and parameters: {'w_boll': 0.24324286440370996, 'w_rsi': 0.41080185111922185, 'w_mom': 1.341444596978208, 'w_vwap': 0.586107705232895, 'w_orb': 1.853640258406678, 'w_ofi': 1.9150264510990755, 'w_vol': 1.8390881751056665, 'win_boll': 12, 'win_rsi': 7, 'win_mom': 7, 'win_vwap': 32, 'orb_opening_bars': 50, 'vol_window': 12}. Best is trial 868 with value: 0.384.
Trial 1530: ACCEPT (degrade 14.6%) - Eval: 0.302%, Val: 0.258%
[I 2025-10-25 04:47:36,861] Trial 1530 finished with value: 0.302 and parameters: {'w_boll': 0.3022391189849617, 'w_rsi': 0.3115875748295555, 'w_mom': 0.24868685626065185, 'w_vwap': 0.8487780455550897, 'w_orb': 1.725700990034106, 'w_ofi': 1.9988342596584578, 'w_vol': 0.9655325865969865, 'win_boll': 14, 'win_rsi': 5, 'win_mom': 4, 'win_vwap': 14, 'orb_opening_bars': 33, 'vol_window': 11}. Best is trial 868 with value: 0.384.
Trial 1531: ACCEPT (degrade -9.9%) - Eval: 0.242%, Val: 0.266%
[I 2025-10-25 04:47:37,655] Trial 1531 finished with value: 0.242 and parameters: {'w_boll': 0.27414235223147837, 'w_rsi': 0.3152768587760731, 'w_mom': 1.2615371294096585, 'w_vwap': 1.9206760447131894, 'w_orb': 1.6983942671770658, 'w_ofi': 1.9931981040905755, 'w_vol': 0.9346301097398302, 'win_boll': 13, 'win_rsi': 5, 'win_mom': 4, 'win_vwap': 14, 'orb_opening_bars': 32, 'vol_window': 12}. Best is trial 868 with value: 0.384.
Trial 1532: REJECT (overfit 64.6%) - Eval: 0.240%, Val: 0.085%
[I 2025-10-25 04:47:38,439] Trial 1532 finished with value: -999.0 and parameters: {'w_boll': 0.2174216576771445, 'w_rsi': 0.30310388292545865, 'w_mom': 1.5257124630503958, 'w_vwap': 0.88669633725049, 'w_orb': 1.71154582018958, 'w_ofi': 1.9737717498577478, 'w_vol': 0.8402869781381146, 'win_boll': 14, 'win_rsi': 5, 'win_mom': 4, 'win_vwap': 15, 'orb_opening_bars': 32, 'vol_window': 14}. Best is trial 868 with value: 0.384.
Trial 1533: REJECT (overfit 35.9%) - Eval: 0.156%, Val: 0.100%
[I 2025-10-25 04:47:39,194] Trial 1533 finished with value: -999.0 and parameters: {'w_boll': 0.25450581043609377, 'w_rsi': 0.2812054682169675, 'w_mom': 0.21350827188686833, 'w_vwap': 0.9229095582453386, 'w_orb': 1.6726783464467028, 'w_ofi': 1.971156087161849, 'w_vol': 0.8897223618767515, 'win_boll': 13, 'win_rsi': 5, 'win_mom': 5, 'win_vwap': 15, 'orb_opening_bars': 34, 'vol_window': 29}. Best is trial 868 with value: 0.384.
Trial 1534: ACCEPT (degrade -33.9%) - Eval: 0.062%, Val: 0.083%
[I 2025-10-25 04:47:39,935] Trial 1534 finished with value: 0.06200000000000001 and parameters: {'w_boll': 0.2925614179466691, 'w_rsi': 0.3456661941838628, 'w_mom': 1.1611265000628437, 'w_vwap': 0.8742963256003142, 'w_orb': 1.726007100348939, 'w_ofi': 1.9969741873114153, 'w_vol': 1.9628179647812476, 'win_boll': 13, 'win_rsi': 5, 'win_mom': 4, 'win_vwap': 15, 'orb_opening_bars': 32, 'vol_window': 13}. Best is trial 868 with value: 0.384.
Trial 1535: ACCEPT (degrade 0.0%) - Eval: -0.006%, Val: 0.349%
[I 2025-10-25 04:47:40,696] Trial 1535 finished with value: -0.005999999999999989 and parameters: {'w_boll': 0.2155108829417255, 'w_rsi': 0.258650754922173, 'w_mom': 1.303607793263594, 'w_vwap': 0.9380478890280185, 'w_orb': 1.7731702629883872, 'w_ofi': 1.9727752630262887, 'w_vol': 1.0066062606550161, 'win_boll': 14, 'win_rsi': 5, 'win_mom': 5, 'win_vwap': 14, 'orb_opening_bars': 33, 'vol_window': 13}. Best is trial 868 with value: 0.384.
Trial 1536: ACCEPT (degrade -3560.0%) - Eval: 0.010%, Val: 0.366%
[I 2025-10-25 04:47:41,480] Trial 1536 finished with value: 0.009999999999999998 and parameters: {'w_boll': 0.2938954868353806, 'w_rsi': 0.31565609702369185, 'w_mom': 0.14519509931010458, 'w_vwap': 0.8333099051876799, 'w_orb': 1.7720540696502656, 'w_ofi': 1.9530929095833978, 'w_vol': 0.9848021261881229, 'win_boll': 13, 'win_rsi': 5, 'win_mom': 4, 'win_vwap': 15, 'orb_opening_bars': 33, 'vol_window': 12}. Best is trial 868 with value: 0.384.Best trial: 868. Best value: 0.384:  78%|███████▊  | 1553/2000 [19:51<05:42,  1.30it/s]Best trial: 868. Best value: 0.384:  78%|███████▊  | 1553/2000 [19:51<05:42,  1.30it/s]Best trial: 868. Best value: 0.384:  78%|███████▊  | 1554/2000 [19:51<05:40,  1.31it/s]                                                                                       Best trial: 868. Best value: 0.384:  78%|███████▊  | 1554/2000 [19:51<05:40,  1.31it/s]Best trial: 868. Best value: 0.384:  78%|███████▊  | 1554/2000 [19:51<05:40,  1.31it/s]Best trial: 868. Best value: 0.384:  78%|███████▊  | 1555/2000 [19:51<06:00,  1.23it/s]                                                                                       Best trial: 868. Best value: 0.384:  78%|███████▊  | 1555/2000 [19:52<06:00,  1.23it/s]Best trial: 868. Best value: 0.384:  78%|███████▊  | 1555/2000 [19:52<06:00,  1.23it/s]Best trial: 868. Best value: 0.384:  78%|███████▊  | 1556/2000 [19:52<05:57,  1.24it/s]                                                                                       Best trial: 868. Best value: 0.384:  78%|███████▊  | 1556/2000 [19:53<05:57,  1.24it/s]Best trial: 868. Best value: 0.384:  78%|███████▊  | 1556/2000 [19:53<05:57,  1.24it/s]Best trial: 868. Best value: 0.384:  78%|███████▊  | 1557/2000 [19:53<05:52,  1.26it/s]                                                                                       Best trial: 868. Best value: 0.384:  78%|███████▊  | 1557/2000 [19:54<05:52,  1.26it/s]Best trial: 868. Best value: 0.384:  78%|███████▊  | 1557/2000 [19:54<05:52,  1.26it/s]Best trial: 868. Best value: 0.384:  78%|███████▊  | 1558/2000 [19:54<05:50,  1.26it/s]                                                                                       Best trial: 868. Best value: 0.384:  78%|███████▊  | 1558/2000 [19:55<05:50,  1.26it/s]Best trial: 868. Best value: 0.384:  78%|███████▊  | 1558/2000 [19:55<05:50,  1.26it/s]Best trial: 868. Best value: 0.384:  78%|███████▊  | 1559/2000 [19:55<05:46,  1.27it/s]                                                                                       Best trial: 868. Best value: 0.384:  78%|███████▊  | 1559/2000 [19:55<05:46,  1.27it/s]Best trial: 868. Best value: 0.384:  78%|███████▊  | 1559/2000 [19:55<05:46,  1.27it/s]Best trial: 868. Best value: 0.384:  78%|███████▊  | 1560/2000 [19:55<05:47,  1.26it/s]                                                                                       Best trial: 868. Best value: 0.384:  78%|███████▊  | 1560/2000 [19:56<05:47,  1.26it/s]Best trial: 868. Best value: 0.384:  78%|███████▊  | 1560/2000 [19:56<05:47,  1.26it/s]Best trial: 868. Best value: 0.384:  78%|███████▊  | 1561/2000 [19:56<05:56,  1.23it/s]                                                                                       Best trial: 868. Best value: 0.384:  78%|███████▊  | 1561/2000 [19:57<05:56,  1.23it/s]Best trial: 868. Best value: 0.384:  78%|███████▊  | 1561/2000 [19:57<05:56,  1.23it/s]Best trial: 868. Best value: 0.384:  78%|███████▊  | 1562/2000 [19:57<05:45,  1.27it/s]                                                                                       Best trial: 868. Best value: 0.384:  78%|███████▊  | 1562/2000 [19:58<05:45,  1.27it/s]Best trial: 868. Best value: 0.384:  78%|███████▊  | 1562/2000 [19:58<05:45,  1.27it/s]Best trial: 868. Best value: 0.384:  78%|███████▊  | 1563/2000 [19:58<05:40,  1.28it/s]                                                                                       Best trial: 868. Best value: 0.384:  78%|███████▊  | 1563/2000 [19:59<05:40,  1.28it/s]Best trial: 868. Best value: 0.384:  78%|███████▊  | 1563/2000 [19:59<05:40,  1.28it/s]Best trial: 868. Best value: 0.384:  78%|███████▊  | 1564/2000 [19:59<05:40,  1.28it/s]                                                                                       Best trial: 868. Best value: 0.384:  78%|███████▊  | 1564/2000 [19:59<05:40,  1.28it/s]Best trial: 868. Best value: 0.384:  78%|███████▊  | 1564/2000 [19:59<05:40,  1.28it/s]Best trial: 868. Best value: 0.384:  78%|███████▊  | 1565/2000 [19:59<05:35,  1.30it/s]                                                                                       Best trial: 868. Best value: 0.384:  78%|███████▊  | 1565/2000 [20:00<05:35,  1.30it/s]Best trial: 868. Best value: 0.384:  78%|███████▊  | 1565/2000 [20:00<05:35,  1.30it/s]Best trial: 868. Best value: 0.384:  78%|███████▊  | 1566/2000 [20:00<05:30,  1.31it/s]                                                                                       Best trial: 868. Best value: 0.384:  78%|███████▊  | 1566/2000 [20:01<05:30,  1.31it/s]Best trial: 868. Best value: 0.384:  78%|███████▊  | 1566/2000 [20:01<05:30,  1.31it/s]Best trial: 868. Best value: 0.384:  78%|███████▊  | 1567/2000 [20:01<05:31,  1.31it/s]                                                                                       Best trial: 868. Best value: 0.384:  78%|███████▊  | 1567/2000 [20:02<05:31,  1.31it/s]Best trial: 868. Best value: 0.384:  78%|███████▊  | 1567/2000 [20:02<05:31,  1.31it/s]Best trial: 868. Best value: 0.384:  78%|███████▊  | 1568/2000 [20:02<05:39,  1.27it/s]                                                                                       Best trial: 868. Best value: 0.384:  78%|███████▊  | 1568/2000 [20:02<05:39,  1.27it/s]Best trial: 868. Best value: 0.384:  78%|███████▊  | 1568/2000 [20:02<05:39,  1.27it/s]Best trial: 868. Best value: 0.384:  78%|███████▊  | 1569/2000 [20:02<05:39,  1.27it/s]                                                                                       Best trial: 868. Best value: 0.384:  78%|███████▊  | 1569/2000 [20:03<05:39,  1.27it/s]Best trial: 868. Best value: 0.384:  78%|███████▊  | 1569/2000 [20:03<05:39,  1.27it/s]Best trial: 868. Best value: 0.384:  78%|███████▊  | 1570/2000 [20:03<05:31,  1.30it/s]                                                                                       
Trial 1537: ACCEPT (degrade 0.0%) - Eval: -0.004%, Val: 0.353%
[I 2025-10-25 04:47:42,237] Trial 1537 finished with value: -0.0040000000000000036 and parameters: {'w_boll': 0.24128536069798426, 'w_rsi': 0.32603787169822945, 'w_mom': 1.3984106619124752, 'w_vwap': 0.8597179117665588, 'w_orb': 1.5882055105038984, 'w_ofi': 1.962738563148475, 'w_vol': 1.0626104182244687, 'win_boll': 12, 'win_rsi': 15, 'win_mom': 5, 'win_vwap': 14, 'orb_opening_bars': 31, 'vol_window': 12}. Best is trial 868 with value: 0.384.
Trial 1538: REJECT (overfit 152.2%) - Eval: 0.232%, Val: -0.121%
[I 2025-10-25 04:47:42,967] Trial 1538 finished with value: -999.0 and parameters: {'w_boll': 0.3101499721129854, 'w_rsi': 0.25754741034789347, 'w_mom': 0.24939962047994116, 'w_vwap': 0.8541237370688731, 'w_orb': 1.6334897841117515, 'w_ofi': 1.9991279499409147, 'w_vol': 1.0776929661236383, 'win_boll': 14, 'win_rsi': 5, 'win_mom': 4, 'win_vwap': 14, 'orb_opening_bars': 31, 'vol_window': 11}. Best is trial 868 with value: 0.384.
Trial 1539: ACCEPT (degrade 0.0%) - Eval: -0.248%, Val: 0.292%
[I 2025-10-25 04:47:43,778] Trial 1539 finished with value: -0.24800000000000005 and parameters: {'w_boll': 0.27325106339875144, 'w_rsi': 0.35447211070912144, 'w_mom': 1.3595860309832044, 'w_vwap': 0.8402261875952715, 'w_orb': 1.7812499477313897, 'w_ofi': 1.9221877136927095, 'w_vol': 0.9928493015748713, 'win_boll': 12, 'win_rsi': 5, 'win_mom': 5, 'win_vwap': 15, 'orb_opening_bars': 32, 'vol_window': 43}. Best is trial 868 with value: 0.384.
Trial 1540: ACCEPT (degrade 0.0%) - Eval: -0.026%, Val: 0.081%
[I 2025-10-25 04:47:44,535] Trial 1540 finished with value: -0.026000000000000002 and parameters: {'w_boll': 0.1788147332131729, 'w_rsi': 1.0849352950261792, 'w_mom': 0.1911819404449624, 'w_vwap': 0.8062216766457913, 'w_orb': 1.757955472639112, 'w_ofi': 1.9520212930235112, 'w_vol': 0.9347933232213791, 'win_boll': 14, 'win_rsi': 5, 'win_mom': 4, 'win_vwap': 15, 'orb_opening_bars': 34, 'vol_window': 14}. Best is trial 868 with value: 0.384.
Trial 1541: REJECT (overfit 96.7%) - Eval: 0.338%, Val: 0.011%
[I 2025-10-25 04:47:45,290] Trial 1541 finished with value: -999.0 and parameters: {'w_boll': 0.3075091824701416, 'w_rsi': 0.2894421410895869, 'w_mom': 0.16973926398122802, 'w_vwap': 0.9103167657610691, 'w_orb': 1.7511386315906086, 'w_ofi': 1.932985820873432, 'w_vol': 0.9648303111925771, 'win_boll': 11, 'win_rsi': 5, 'win_mom': 4, 'win_vwap': 16, 'orb_opening_bars': 35, 'vol_window': 12}. Best is trial 868 with value: 0.384.
Trial 1542: ACCEPT (degrade -134.1%) - Eval: 0.088%, Val: 0.206%
[I 2025-10-25 04:47:46,027] Trial 1542 finished with value: 0.08800000000000001 and parameters: {'w_boll': 0.26780985836713317, 'w_rsi': 0.35956860724094397, 'w_mom': 1.19804047958509, 'w_vwap': 0.9333280404275612, 'w_orb': 1.7420740728492283, 'w_ofi': 1.9406103168048847, 'w_vol': 0.8383523542152922, 'win_boll': 28, 'win_rsi': 5, 'win_mom': 5, 'win_vwap': 14, 'orb_opening_bars': 34, 'vol_window': 13}. Best is trial 868 with value: 0.384.
Trial 1543: REJECT (overfit 22.9%) - Eval: 0.170%, Val: 0.131%
[I 2025-10-25 04:47:46,817] Trial 1543 finished with value: -999.0 and parameters: {'w_boll': 0.3228881828148262, 'w_rsi': 0.22028702145539925, 'w_mom': 0.6353076871893022, 'w_vwap': 1.0174667688787198, 'w_orb': 1.6847781354894138, 'w_ofi': 1.9779229933605798, 'w_vol': 0.9074944935586513, 'win_boll': 10, 'win_rsi': 5, 'win_mom': 4, 'win_vwap': 14, 'orb_opening_bars': 33, 'vol_window': 11}. Best is trial 868 with value: 0.384.
Trial 1544: ACCEPT (degrade -126.1%) - Eval: 0.088%, Val: 0.199%
[I 2025-10-25 04:47:47,569] Trial 1544 finished with value: 0.08800000000000001 and parameters: {'w_boll': 0.21098660548087061, 'w_rsi': 0.30839353355883853, 'w_mom': 0.29688081708765646, 'w_vwap': 0.8858481680591195, 'w_orb': 1.7247854000803184, 'w_ofi': 1.9946959458375009, 'w_vol': 1.0037688475387996, 'win_boll': 13, 'win_rsi': 5, 'win_mom': 6, 'win_vwap': 16, 'orb_opening_bars': 34, 'vol_window': 12}. Best is trial 868 with value: 0.384.
Trial 1545: REJECT (overfit 48.2%) - Eval: 0.164%, Val: 0.085%
[I 2025-10-25 04:47:48,337] Trial 1545 finished with value: -999.0 and parameters: {'w_boll': 0.24637005547883065, 'w_rsi': 0.38799478363095385, 'w_mom': 0.24676224441348835, 'w_vwap': 0.9968863794711386, 'w_orb': 1.6300122469170024, 'w_ofi': 1.9350632835480908, 'w_vol': 0.8711205997855411, 'win_boll': 12, 'win_rsi': 5, 'win_mom': 4, 'win_vwap': 16, 'orb_opening_bars': 35, 'vol_window': 11}. Best is trial 868 with value: 0.384.
Trial 1546: ACCEPT (degrade 0.0%) - Eval: -0.024%, Val: 0.259%
[I 2025-10-25 04:47:49,063] Trial 1546 finished with value: -0.02399999999999999 and parameters: {'w_boll': 0.814711888243874, 'w_rsi': 0.25349420679981816, 'w_mom': 1.4645204867308346, 'w_vwap': 0.8368878289730923, 'w_orb': 1.6902946514148742, 'w_ofi': 1.8637768130576264, 'w_vol': 0.9684859186294814, 'win_boll': 14, 'win_rsi': 6, 'win_mom': 5, 'win_vwap': 14, 'orb_opening_bars': 31, 'vol_window': 15}. Best is trial 868 with value: 0.384.
Trial 1547: REJECT (overfit 30.8%) - Eval: 0.052%, Val: 0.036%
[I 2025-10-25 04:47:49,856] Trial 1547 finished with value: -999.0 and parameters: {'w_boll': 0.30280360806565365, 'w_rsi': 1.5103788619913365, 'w_mom': 1.2562994288958484, 'w_vwap': 0.9727568164149151, 'w_orb': 1.726005427403151, 'w_ofi': 1.9124844246508845, 'w_vol': 1.1006004524223498, 'win_boll': 15, 'win_rsi': 6, 'win_mom': 4, 'win_vwap': 14, 'orb_opening_bars': 32, 'vol_window': 13}. Best is trial 868 with value: 0.384.
Trial 1548: ACCEPT (degrade 0.0%) - Eval: -0.324%, Val: -0.068%
[I 2025-10-25 04:47:50,619] Trial 1548 finished with value: -0.324 and parameters: {'w_boll': 1.6525859035722248, 'w_rsi': 0.3236899286210153, 'w_mom': 0.1438847722969162, 'w_vwap': 0.8093967980329191, 'w_orb': 1.7447873188368028, 'w_ofi': 1.998950822381243, 'w_vol': 0.9783600147591769, 'win_boll': 13, 'win_rsi': 29, 'win_mom': 5, 'win_vwap': 15, 'orb_opening_bars': 31, 'vol_window': 12}. Best is trial 868 with value: 0.384.
Trial 1549: REJECT (overfit 60.8%) - Eval: 0.158%, Val: 0.062%
[I 2025-10-25 04:47:51,375] Trial 1549 finished with value: -999.0 and parameters: {'w_boll': 0.33686819576530014, 'w_rsi': 0.2788759822535383, 'w_mom': 1.302731138072947, 'w_vwap': 0.855647887129433, 'w_orb': 1.792378554240926, 'w_ofi': 1.9353024986789487, 'w_vol': 0.8072547645607914, 'win_boll': 11, 'win_rsi': 5, 'win_mom': 4, 'win_vwap': 13, 'orb_opening_bars': 33, 'vol_window': 11}. Best is trial 868 with value: 0.384.
Trial 1550: ACCEPT (degrade 0.0%) - Eval: -0.160%, Val: 0.260%
[I 2025-10-25 04:47:52,126] Trial 1550 finished with value: -0.15999999999999998 and parameters: {'w_boll': 0.1284522108035299, 'w_rsi': 0.37542509288522863, 'w_mom': 0.20925207429823559, 'w_vwap': 0.809089690079052, 'w_orb': 1.6626412219966125, 'w_ofi': 1.8897547049484793, 'w_vol': 1.1456154464261294, 'win_boll': 14, 'win_rsi': 21, 'win_mom': 6, 'win_vwap': 17, 'orb_opening_bars': 30, 'vol_window': 13}. Best is trial 868 with value: 0.384.
Trial 1551: REJECT (overfit 107.5%) - Eval: 0.308%, Val: -0.023%
[I 2025-10-25 04:47:52,902] Trial 1551 finished with value: -999.0 and parameters: {'w_boll': 0.2562431473806211, 'w_rsi': 0.20358755703110945, 'w_mom': 1.4162713302384102, 'w_vwap': 0.9063186802529821, 'w_orb': 1.7538573414591794, 'w_ofi': 1.9748619883076872, 'w_vol': 1.9199761225863154, 'win_boll': 12, 'win_rsi': 6, 'win_mom': 6, 'win_vwap': 30, 'orb_opening_bars': 36, 'vol_window': 11}. Best is trial 868 with value: 0.384.
Trial 1552: ACCEPT (degrade 0.0%) - Eval: -0.092%, Val: 0.320%
