[I 2025-10-25 04:39:39,581] Trial 910 finished with value: 0.052000000000000025 and parameters: {'w_boll': 0.5178693779158553, 'w_rsi': 0.2983397983868746, 'w_mom': 0.27706615309762384, 'w_vwap': 0.43446443796237594, 'w_orb': 1.8567114260837803, 'w_ofi': 1.8704907382284424, 'w_vol': 1.97498965081543, 'win_boll': 15, 'win_rsi': 6, 'win_mom': 3, 'win_vwap': 11, 'orb_opening_bars': 11, 'vol_window': 11}. Best is trial 868 with value: 0.384.
Trial 911: ACCEPT (degrade 0.0%) - Eval: -0.194%, Val: 0.189%
[I 2025-10-25 04:39:40,329] Trial 911 finished with value: -0.194 and parameters: {'w_boll': 0.3578311769830913, 'w_rsi': 1.0595997974729177, 'w_mom': 1.3302324552063218, 'w_vwap': 0.6081858213109238, 'w_orb': 1.933410744079575, 'w_ofi': 0.49488577365419983, 'w_vol': 1.9076715210687358, 'win_boll': 12, 'win_rsi': 5, 'win_mom': 5, 'win_vwap': 12, 'orb_opening_bars': 48, 'vol_window': 13}. Best is trial 868 with value: 0.384.
Trial 912: ACCEPT (degrade -113.1%) - Eval: 0.122%, Val: 0.260%
[I 2025-10-25 04:39:41,121] Trial 912 finished with value: 0.12200000000000003 and parameters: {'w_boll': 0.44411249584678175, 'w_rsi': 0.3811740567377234, 'w_mom': 0.4388083129839019, 'w_vwap': 0.6698443771159821, 'w_orb': 1.7258387552595762, 'w_ofi': 0.8242510068904839, 'w_vol': 1.7994027337629832, 'win_boll': 24, 'win_rsi': 7, 'win_mom': 4, 'win_vwap': 14, 'orb_opening_bars': 49, 'vol_window': 14}. Best is trial 868 with value: 0.384.
Trial 913: ACCEPT (degrade -3130.0%) - Eval: 0.010%, Val: 0.323%
[I 2025-10-25 04:39:41,850] Trial 913 finished with value: 0.009999999999999988 and parameters: {'w_boll': 0.41050867379593003, 'w_rsi': 0.21851949353215372, 'w_mom': 0.13343457742525033, 'w_vwap': 0.5074377102334519, 'w_orb': 1.9111425427671063, 'w_ofi': 0.5506559280355899, 'w_vol': 0.6552480926414661, 'win_boll': 13, 'win_rsi': 6, 'win_mom': 3, 'win_vwap': 13, 'orb_opening_bars': 47, 'vol_window': 10}. Best is trial 868 with value: 0.384.
Trial 914: ACCEPT (degrade 0.0%) - Eval: -0.036%, Val: 0.066%
[I 2025-10-25 04:39:42,612] Trial 914 finished with value: -0.036 and parameters: {'w_boll': 0.4691746062853173, 'w_rsi': 0.44062267358082835, 'w_mom': 1.5926088538170347, 'w_vwap': 0.7489333377509921, 'w_orb': 1.7999266892408143, 'w_ofi': 1.9369416725895054, 'w_vol': 0.7192356853218994, 'win_boll': 10, 'win_rsi': 7, 'win_mom': 8, 'win_vwap': 16, 'orb_opening_bars': 49, 'vol_window': 12}. Best is trial 868 with value: 0.384.
Trial 915: ACCEPT (degrade -376.0%) - Eval: 0.050%, Val: 0.238%
[I 2025-10-25 04:39:43,367] Trial 915 finished with value: 0.050000000000000024 and parameters: {'w_boll': 0.36918284634407156, 'w_rsi': 0.32880070377651166, 'w_mom': 0.10107751650814535, 'w_vwap': 1.4755316893637227, 'w_orb': 1.999777315517167, 'w_ofi': 0.7597511891456317, 'w_vol': 1.7618128798788173, 'win_boll': 14, 'win_rsi': 5, 'win_mom': 10, 'win_vwap': 10, 'orb_opening_bars': 50, 'vol_window': 11}. Best is trial 868 with value: 0.384.
Trial 916: ACCEPT (degrade -191.2%) - Eval: 0.068%, Val: 0.198%
[I 2025-10-25 04:39:44,163] Trial 916 finished with value: 0.06799999999999999 and parameters: {'w_boll': 0.5492613717027154, 'w_rsi': 0.49616726183996207, 'w_mom': 1.8931257701638833, 'w_vwap': 0.7190768362455525, 'w_orb': 1.854840503814599, 'w_ofi': 1.8116707294002996, 'w_vol': 1.8730834857490575, 'win_boll': 27, 'win_rsi': 6, 'win_mom': 7, 'win_vwap': 12, 'orb_opening_bars': 43, 'vol_window': 10}. Best is trial 868 with value: 0.384.
Trial 917: ACCEPT (degrade 0.0%) - Eval: -0.216%, Val: 0.272%
[I 2025-10-25 04:39:44,891] Trial 917 finished with value: -0.21600000000000003 and parameters: {'w_boll': 0.3065736613434522, 'w_rsi': 0.1708408259961504, 'w_mom': 0.17504739496757526, 'w_vwap': 0.5670381607691104, 'w_orb': 1.9587840431082864, 'w_ofi': 1.8751281093617385, 'w_vol': 1.20175010747969, 'win_boll': 21, 'win_rsi': 8, 'win_mom': 4, 'win_vwap': 10, 'orb_opening_bars': 48, 'vol_window': 12}. Best is trial 868 with value: 0.384.
Trial 918: REJECT (overfit 119.7%) - Eval: 0.198%, Val: -0.039%
[I 2025-10-25 04:39:45,638] Trial 918 finished with value: -999.0 and parameters: {'w_boll': 0.4927825147568563, 'w_rsi': 0.2457485012732984, 'w_mom': 0.19658563670239748, 'w_vwap': 0.6461378750474875, 'w_orb': 1.6678063451958025, 'w_ofi': 1.9915163849618387, 'w_vol': 1.9435772804010647, 'win_boll': 11, 'win_rsi': 5, 'win_mom': 5, 'win_vwap': 11, 'orb_opening_bars': 48, 'vol_window': 13}. Best is trial 868 with value: 0.384.
Trial 919: REJECT (overfit 148.1%) - Eval: 0.106%, Val: -0.051%
[I 2025-10-25 04:39:46,394] Trial 919 finished with value: -999.0 and parameters: {'w_boll': 0.42210916544435173, 'w_rsi': 0.31263742839872255, 'w_mom': 0.10007301788204563, 'w_vwap': 0.7840189092090305, 'w_orb': 1.7669056787242368, 'w_ofi': 1.841795983467269, 'w_vol': 1.8242133728241936, 'win_boll': 17, 'win_rsi': 6, 'win_mom': 4, 'win_vwap': 13, 'orb_opening_bars': 46, 'vol_window': 11}. Best is trial 868 with value: 0.384.
Trial 920: ACCEPT (degrade -802.6%) - Eval: 0.038%, Val: 0.343%
[I 2025-10-25 04:39:47,193] Trial 920 finished with value: 0.03800000000000001 and parameters: {'w_boll': 0.2802470978562427, 'w_rsi': 0.3680089065595672, 'w_mom': 0.23524166652972728, 'w_vwap': 0.6849753559565371, 'w_orb': 1.4341557789692485, 'w_ofi': 1.7107708076527253, 'w_vol': 1.7884424854276875, 'win_boll': 15, 'win_rsi': 7, 'win_mom': 13, 'win_vwap': 12, 'orb_opening_bars': 50, 'vol_window': 15}. Best is trial 868 with value: 0.384.
Trial 921: ACCEPT (degrade 0.0%) - Eval: -0.016%, Val: 0.177%
[I 2025-10-25 04:39:47,939] Trial 921 finished with value: -0.015999999999999997 and parameters: {'w_boll': 0.33670122664926233, 'w_rsi': 0.40664610192605866, 'w_mom': 0.1678252688573787, 'w_vwap': 0.6100279101829413, 'w_orb': 1.8994430596285614, 'w_ofi': 1.9608642947679606, 'w_vol': 1.9973007085446763, 'win_boll': 13, 'win_rsi': 6, 'win_mom': 6, 'win_vwap': 14, 'orb_opening_bars': 49, 'vol_window': 12}. Best is trial 868 with value: 0.384.
Trial 922: REJECT (overfit 136.0%) - Eval: 0.136%, Val: -0.049%
[I 2025-10-25 04:39:48,697] Trial 922 finished with value: -999.0 and parameters: {'w_boll': 0.38429440164917394, 'w_rsi': 0.46035481799709493, 'w_mom': 0.1384410920276889, 'w_vwap': 0.7394554316136409, 'w_orb': 1.9409911063457836, 'w_ofi': 1.9998062241035233, 'w_vol': 1.9065398864061112, 'win_boll': 11, 'win_rsi': 7, 'win_mom': 3, 'win_vwap': 15, 'orb_opening_bars': 49, 'vol_window': 10}. Best is trial 868 with value: 0.384.
Trial 923: ACCEPT (degrade 0.0%) - Eval: -0.018%, Val: 0.220%
[I 2025-10-25 04:39:49,448] Trial 923 finished with value: -0.01800000000000001 and parameters: {'w_boll': 0.45165015474167647, 'w_rsi': 0.28703836597446825, 'w_mom': 0.3166856411312103, 'w_vwap': 0.6552790404259762, 'w_orb': 1.8146486752018378, 'w_ofi': 0.3595650307888577, 'w_vol': 1.8591514977447676, 'win_boll': 15, 'win_rsi': 8, 'win_mom': 4, 'win_vwap': 11, 'orb_opening_bars': 47, 'vol_window': 11}. Best is trial 868 with value: 0.384.
Trial 924: REJECT (overfit 88.8%) - Eval: 0.160%, Val: 0.018%
[I 2025-10-25 04:39:50,236] Trial 924 finished with value: -999.0 and parameters: {'w_boll': 0.23381306550163328, 'w_rsi': 0.34147510457390845, 'w_mom': 0.214751041838166, 'w_vwap': 0.5411255688376728, 'w_orb': 1.8824179377527124, 'w_ofi': 1.315877155382925, 'w_vol': 1.7314112558284864, 'win_boll': 16, 'win_rsi': 5, 'win_mom': 3, 'win_vwap': 12, 'orb_opening_bars': 45, 'vol_window': 16}. Best is trial 868 with value: 0.384.Best trial: 868. Best value: 0.384:  47%|████▋     | 941/2000 [11:59<13:38,  1.29it/s]Best trial: 868. Best value: 0.384:  47%|████▋     | 941/2000 [11:59<13:38,  1.29it/s]Best trial: 868. Best value: 0.384:  47%|████▋     | 942/2000 [11:59<13:29,  1.31it/s]                                                                                      Best trial: 868. Best value: 0.384:  47%|████▋     | 942/2000 [12:00<13:29,  1.31it/s]Best trial: 868. Best value: 0.384:  47%|████▋     | 942/2000 [12:00<13:29,  1.31it/s]Best trial: 868. Best value: 0.384:  47%|████▋     | 943/2000 [12:00<13:16,  1.33it/s]                                                                                      Best trial: 868. Best value: 0.384:  47%|████▋     | 943/2000 [12:01<13:16,  1.33it/s]Best trial: 868. Best value: 0.384:  47%|████▋     | 943/2000 [12:01<13:16,  1.33it/s]Best trial: 868. Best value: 0.384:  47%|████▋     | 944/2000 [12:01<13:14,  1.33it/s]                                                                                      Best trial: 868. Best value: 0.384:  47%|████▋     | 944/2000 [12:02<13:14,  1.33it/s]Best trial: 868. Best value: 0.384:  47%|████▋     | 944/2000 [12:02<13:14,  1.33it/s]Best trial: 868. Best value: 0.384:  47%|████▋     | 945/2000 [12:02<13:25,  1.31it/s]                                                                                      Best trial: 868. Best value: 0.384:  47%|████▋     | 945/2000 [12:02<13:25,  1.31it/s]Best trial: 868. Best value: 0.384:  47%|████▋     | 945/2000 [12:02<13:25,  1.31it/s]Best trial: 868. Best value: 0.384:  47%|████▋     | 946/2000 [12:02<13:27,  1.31it/s]                                                                                      Best trial: 868. Best value: 0.384:  47%|████▋     | 946/2000 [12:03<13:27,  1.31it/s]Best trial: 868. Best value: 0.384:  47%|████▋     | 946/2000 [12:03<13:27,  1.31it/s]Best trial: 868. Best value: 0.384:  47%|████▋     | 947/2000 [12:03<13:16,  1.32it/s]                                                                                      Best trial: 868. Best value: 0.384:  47%|████▋     | 947/2000 [12:04<13:16,  1.32it/s]Best trial: 868. Best value: 0.384:  47%|████▋     | 947/2000 [12:04<13:16,  1.32it/s]Best trial: 868. Best value: 0.384:  47%|████▋     | 948/2000 [12:04<13:15,  1.32it/s]                                                                                      Best trial: 868. Best value: 0.384:  47%|████▋     | 948/2000 [12:05<13:15,  1.32it/s]Best trial: 868. Best value: 0.384:  47%|████▋     | 948/2000 [12:05<13:15,  1.32it/s]Best trial: 868. Best value: 0.384:  47%|████▋     | 949/2000 [12:05<13:21,  1.31it/s]                                                                                      Best trial: 868. Best value: 0.384:  47%|████▋     | 949/2000 [12:05<13:21,  1.31it/s]Best trial: 868. Best value: 0.384:  47%|████▋     | 949/2000 [12:05<13:21,  1.31it/s]Best trial: 868. Best value: 0.384:  48%|████▊     | 950/2000 [12:05<13:15,  1.32it/s]                                                                                      Best trial: 868. Best value: 0.384:  48%|████▊     | 950/2000 [12:06<13:15,  1.32it/s]Best trial: 868. Best value: 0.384:  48%|████▊     | 950/2000 [12:06<13:15,  1.32it/s]Best trial: 868. Best value: 0.384:  48%|████▊     | 951/2000 [12:06<13:05,  1.34it/s]                                                                                      Best trial: 868. Best value: 0.384:  48%|████▊     | 951/2000 [12:07<13:05,  1.34it/s]Best trial: 868. Best value: 0.384:  48%|████▊     | 951/2000 [12:07<13:05,  1.34it/s]Best trial: 868. Best value: 0.384:  48%|████▊     | 952/2000 [12:07<13:03,  1.34it/s]                                                                                      Best trial: 868. Best value: 0.384:  48%|████▊     | 952/2000 [12:08<13:03,  1.34it/s]Best trial: 868. Best value: 0.384:  48%|████▊     | 952/2000 [12:08<13:03,  1.34it/s]Best trial: 868. Best value: 0.384:  48%|████▊     | 953/2000 [12:08<13:34,  1.29it/s]                                                                                      Best trial: 868. Best value: 0.384:  48%|████▊     | 953/2000 [12:08<13:34,  1.29it/s]Best trial: 868. Best value: 0.384:  48%|████▊     | 953/2000 [12:08<13:34,  1.29it/s]Best trial: 868. Best value: 0.384:  48%|████▊     | 954/2000 [12:08<13:26,  1.30it/s]                                                                                      Best trial: 868. Best value: 0.384:  48%|████▊     | 954/2000 [12:09<13:26,  1.30it/s]Best trial: 868. Best value: 0.384:  48%|████▊     | 954/2000 [12:09<13:26,  1.30it/s]Best trial: 868. Best value: 0.384:  48%|████▊     | 955/2000 [12:09<13:13,  1.32it/s]                                                                                      Best trial: 868. Best value: 0.384:  48%|████▊     | 955/2000 [12:10<13:13,  1.32it/s]Best trial: 868. Best value: 0.384:  48%|████▊     | 955/2000 [12:10<13:13,  1.32it/s]Best trial: 868. Best value: 0.384:  48%|████▊     | 956/2000 [12:10<13:11,  1.32it/s]                                                                                      Best trial: 868. Best value: 0.384:  48%|████▊     | 956/2000 [12:11<13:11,  1.32it/s]Best trial: 868. Best value: 0.384:  48%|████▊     | 956/2000 [12:11<13:11,  1.32it/s]Best trial: 868. Best value: 0.384:  48%|████▊     | 957/2000 [12:11<13:16,  1.31it/s]                                                                                      Best trial: 868. Best value: 0.384:  48%|████▊     | 957/2000 [12:11<13:16,  1.31it/s]Best trial: 868. Best value: 0.384:  48%|████▊     | 957/2000 [12:11<13:16,  1.31it/s]Best trial: 868. Best value: 0.384:  48%|████▊     | 958/2000 [12:11<13:13,  1.31it/s]                                                                                      
Trial 925: ACCEPT (degrade 0.0%) - Eval: -0.062%, Val: 0.465%
[I 2025-10-25 04:39:50,969] Trial 925 finished with value: -0.06200000000000001 and parameters: {'w_boll': 0.40195068561791575, 'w_rsi': 0.512631072598937, 'w_mom': 1.4025040213078555, 'w_vwap': 0.5829566680093559, 'w_orb': 1.952545761684416, 'w_ofi': 0.582752345212136, 'w_vol': 1.9351331252190873, 'win_boll': 13, 'win_rsi': 6, 'win_mom': 5, 'win_vwap': 10, 'orb_opening_bars': 50, 'vol_window': 13}. Best is trial 868 with value: 0.384.
Trial 926: ACCEPT (degrade 17.9%) - Eval: 0.156%, Val: 0.128%
[I 2025-10-25 04:39:51,720] Trial 926 finished with value: 0.15600000000000003 and parameters: {'w_boll': 0.343139542915272, 'w_rsi': 0.2297099797183196, 'w_mom': 0.2565375514653649, 'w_vwap': 0.7103648308710913, 'w_orb': 0.8510046655338973, 'w_ofi': 1.7591121346593939, 'w_vol': 1.8226079829982402, 'win_boll': 14, 'win_rsi': 7, 'win_mom': 4, 'win_vwap': 13, 'orb_opening_bars': 48, 'vol_window': 11}. Best is trial 868 with value: 0.384.
Trial 927: ACCEPT (degrade 0.0%) - Eval: -0.056%, Val: 0.070%
[I 2025-10-25 04:39:52,477] Trial 927 finished with value: -0.05600000000000001 and parameters: {'w_boll': 0.48737515316269486, 'w_rsi': 1.7582605940637548, 'w_mom': 0.15724059093768047, 'w_vwap': 0.480592026630664, 'w_orb': 1.8428445689280288, 'w_ofi': 0.7899750374534962, 'w_vol': 1.9583995472808942, 'win_boll': 12, 'win_rsi': 6, 'win_mom': 3, 'win_vwap': 11, 'orb_opening_bars': 49, 'vol_window': 14}. Best is trial 868 with value: 0.384.
Trial 928: REJECT (overfit 106.4%) - Eval: 0.314%, Val: -0.020%
[I 2025-10-25 04:39:53,265] Trial 928 finished with value: -999.0 and parameters: {'w_boll': 0.4350709345375156, 'w_rsi': 0.41442435015576773, 'w_mom': 0.19167777195622523, 'w_vwap': 0.6307395207597775, 'w_orb': 1.8968090595017237, 'w_ofi': 1.9293999607244896, 'w_vol': 1.8869671696273635, 'win_boll': 10, 'win_rsi': 7, 'win_mom': 3, 'win_vwap': 16, 'orb_opening_bars': 48, 'vol_window': 10}. Best is trial 868 with value: 0.384.
Trial 929: ACCEPT (degrade -322.6%) - Eval: 0.062%, Val: 0.262%
[I 2025-10-25 04:39:54,013] Trial 929 finished with value: 0.06200000000000002 and parameters: {'w_boll': 0.38079239925071356, 'w_rsi': 0.19200716786383143, 'w_mom': 1.295787074250844, 'w_vwap': 0.7794721997521518, 'w_orb': 1.9673194358408694, 'w_ofi': 0.7348025952118573, 'w_vol': 1.7593126115238003, 'win_boll': 20, 'win_rsi': 5, 'win_mom': 4, 'win_vwap': 11, 'orb_opening_bars': 32, 'vol_window': 12}. Best is trial 868 with value: 0.384.
Trial 930: ACCEPT (degrade 0.0%) - Eval: -0.018%, Val: 0.142%
[I 2025-10-25 04:39:54,764] Trial 930 finished with value: -0.018 and parameters: {'w_boll': 0.5092929055238956, 'w_rsi': 0.3711261141521261, 'w_mom': 0.7507047779409757, 'w_vwap': 0.674688518732765, 'w_orb': 1.596588573008569, 'w_ofi': 0.47386056208001076, 'w_vol': 1.5617200393668136, 'win_boll': 14, 'win_rsi': 8, 'win_mom': 4, 'win_vwap': 12, 'orb_opening_bars': 50, 'vol_window': 11}. Best is trial 868 with value: 0.384.
Trial 931: ACCEPT (degrade -135.4%) - Eval: 0.048%, Val: 0.113%
[I 2025-10-25 04:39:55,507] Trial 931 finished with value: 0.048 and parameters: {'w_boll': 0.5702886432655638, 'w_rsi': 0.26756404036247317, 'w_mom': 1.4666566522310636, 'w_vwap': 0.7487831652745497, 'w_orb': 1.9267218260521002, 'w_ofi': 1.8843325548233243, 'w_vol': 1.8412953930397205, 'win_boll': 13, 'win_rsi': 23, 'win_mom': 12, 'win_vwap': 14, 'orb_opening_bars': 47, 'vol_window': 10}. Best is trial 868 with value: 0.384.
Trial 932: ACCEPT (degrade 0.0%) - Eval: -0.334%, Val: 0.083%
[I 2025-10-25 04:39:56,307] Trial 932 finished with value: -0.33399999999999996 and parameters: {'w_boll': 0.8974598547268835, 'w_rsi': 0.4417397207335391, 'w_mom': 0.13377812098430886, 'w_vwap': 0.6974981984456182, 'w_orb': 1.7700003478107316, 'w_ofi': 0.9128504078268753, 'w_vol': 1.9067165163909667, 'win_boll': 12, 'win_rsi': 6, 'win_mom': 3, 'win_vwap': 13, 'orb_opening_bars': 49, 'vol_window': 12}. Best is trial 868 with value: 0.384.
Trial 933: ACCEPT (degrade 0.0%) - Eval: -0.372%, Val: 0.316%
[I 2025-10-25 04:39:57,032] Trial 933 finished with value: -0.372 and parameters: {'w_boll': 0.31908662228615686, 'w_rsi': 0.3122232308709302, 'w_mom': 0.389577493628136, 'w_vwap': 0.609357019262475, 'w_orb': 1.867658069866573, 'w_ofi': 0.521478857271752, 'w_vol': 1.7905825762820666, 'win_boll': 50, 'win_rsi': 6, 'win_mom': 4, 'win_vwap': 10, 'orb_opening_bars': 42, 'vol_window': 17}. Best is trial 868 with value: 0.384.
Trial 934: ACCEPT (degrade -75.0%) - Eval: 0.132%, Val: 0.231%
[I 2025-10-25 04:39:57,787] Trial 934 finished with value: 0.13200000000000003 and parameters: {'w_boll': 0.4628671366663155, 'w_rsi': 0.4890726848356618, 'w_mom': 0.16526722440573302, 'w_vwap': 0.5353618960893853, 'w_orb': 1.915903631147219, 'w_ofi': 0.4254100754864437, 'w_vol': 1.7106361128960377, 'win_boll': 15, 'win_rsi': 7, 'win_mom': 5, 'win_vwap': 15, 'orb_opening_bars': 44, 'vol_window': 10}. Best is trial 868 with value: 0.384.
Trial 935: ACCEPT (degrade 0.0%) - Eval: -0.040%, Val: 0.107%
[I 2025-10-25 04:39:58,531] Trial 935 finished with value: -0.039999999999999994 and parameters: {'w_boll': 0.40362779101857016, 'w_rsi': 0.10175683351902429, 'w_mom': 0.21597463252738108, 'w_vwap': 0.6608523708263796, 'w_orb': 1.9650416800027457, 'w_ofi': 1.8502746111058659, 'w_vol': 1.9674105089128149, 'win_boll': 13, 'win_rsi': 6, 'win_mom': 9, 'win_vwap': 12, 'orb_opening_bars': 48, 'vol_window': 13}. Best is trial 868 with value: 0.384.
Trial 936: ACCEPT (degrade 0.0%) - Eval: -0.138%, Val: 0.244%
[I 2025-10-25 04:39:59,313] Trial 936 finished with value: -0.13799999999999998 and parameters: {'w_boll': 0.36208513872864334, 'w_rsi': 0.872368448788186, 'w_mom': 1.5448052692843846, 'w_vwap': 0.5718935205800129, 'w_orb': 1.7200842557419966, 'w_ofi': 1.5556741859824372, 'w_vol': 1.8452323931607189, 'win_boll': 10, 'win_rsi': 5, 'win_mom': 6, 'win_vwap': 14, 'orb_opening_bars': 50, 'vol_window': 11}. Best is trial 868 with value: 0.384.
Trial 937: ACCEPT (degrade 0.0%) - Eval: -0.106%, Val: 0.221%
[I 2025-10-25 04:40:00,171] Trial 937 finished with value: -0.10600000000000001 and parameters: {'w_boll': 0.44312128112955806, 'w_rsi': 1.919033864324688, 'w_mom': 0.6747712282607076, 'w_vwap': 0.7192389044545056, 'w_orb': 1.9988575070459755, 'w_ofi': 0.9514595504157186, 'w_vol': 1.8796599469623831, 'win_boll': 11, 'win_rsi': 8, 'win_mom': 14, 'win_vwap': 18, 'orb_opening_bars': 49, 'vol_window': 11}. Best is trial 868 with value: 0.384.
Trial 938: ACCEPT (degrade 0.0%) - Eval: -0.090%, Val: 0.589%
[I 2025-10-25 04:40:00,919] Trial 938 finished with value: -0.09 and parameters: {'w_boll': 0.2985344752196022, 'w_rsi': 0.3430153494368063, 'w_mom': 0.2980240533344147, 'w_vwap': 0.8049727993345633, 'w_orb': 1.8307644063239905, 'w_ofi': 0.7559022984720568, 'w_vol': 1.922492262901324, 'win_boll': 41, 'win_rsi': 7, 'win_mom': 3, 'win_vwap': 11, 'orb_opening_bars': 46, 'vol_window': 12}. Best is trial 868 with value: 0.384.
Trial 939: ACCEPT (degrade -1080.0%) - Eval: 0.020%, Val: 0.236%
[I 2025-10-25 04:40:01,675] Trial 939 finished with value: 0.019999999999999997 and parameters: {'w_boll': 0.5402453153080887, 'w_rsi': 0.395663296928448, 'w_mom': 0.13308850417137258, 'w_vwap': 0.6266516087411647, 'w_orb': 1.9049331451050202, 'w_ofi': 1.1085077203204787, 'w_vol': 1.7956904849224802, 'win_boll': 15, 'win_rsi': 5, 'win_mom': 4, 'win_vwap': 12, 'orb_opening_bars': 47, 'vol_window': 13}. Best is trial 868 with value: 0.384.
Trial 940: ACCEPT (degrade 19.4%) - Eval: 0.242%, Val: 0.195%
[I 2025-10-25 04:40:02,452] Trial 940 finished with value: 0.242 and parameters: {'w_boll': 0.41906009192566984, 'w_rsi': 0.22907794087957556, 'w_mom': 0.2633861184300806, 'w_vwap': 0.7507429766348154, 'w_orb': 1.9379158391188485, 'w_ofi': 1.7925746337143313, 'w_vol': 1.9983428337520175, 'win_boll': 12, 'win_rsi': 7, 'win_mom': 10, 'win_vwap': 10, 'orb_opening_bars': 49, 'vol_window': 10}. Best is trial 868 with value: 0.384.
Trial 941: ACCEPT (degrade -344.7%) - Eval: 0.038%, Val: 0.169%
