[I 2025-10-25 04:36:18,629] Trial 646 finished with value: -999.0 and parameters: {'w_boll': 0.4018170556663352, 'w_rsi': 0.43511038536188545, 'w_mom': 1.410496378229797, 'w_vwap': 0.5628740683613409, 'w_orb': 1.965419424966984, 'w_ofi': 1.959399137366162, 'w_vol': 1.9222691346532994, 'win_boll': 10, 'win_rsi': 7, 'win_mom': 3, 'win_vwap': 12, 'orb_opening_bars': 47, 'vol_window': 10}. Best is trial 112 with value: 0.33399999999999996.Best trial: 112. Best value: 0.334:  33%|███▎      | 662/2000 [08:27<16:38,  1.34it/s]Best trial: 112. Best value: 0.334:  33%|███▎      | 662/2000 [08:27<16:38,  1.34it/s]Best trial: 112. Best value: 0.334:  33%|███▎      | 663/2000 [08:27<17:45,  1.26it/s]                                                                                      Best trial: 112. Best value: 0.334:  33%|███▎      | 663/2000 [08:28<17:45,  1.26it/s]Best trial: 112. Best value: 0.334:  33%|███▎      | 663/2000 [08:28<17:45,  1.26it/s]Best trial: 112. Best value: 0.334:  33%|███▎      | 664/2000 [08:28<17:56,  1.24it/s]                                                                                      Best trial: 112. Best value: 0.334:  33%|███▎      | 664/2000 [08:29<17:56,  1.24it/s]Best trial: 112. Best value: 0.334:  33%|███▎      | 664/2000 [08:29<17:56,  1.24it/s]Best trial: 112. Best value: 0.334:  33%|███▎      | 665/2000 [08:29<17:29,  1.27it/s]                                                                                      Best trial: 112. Best value: 0.334:  33%|███▎      | 665/2000 [08:29<17:29,  1.27it/s]Best trial: 112. Best value: 0.334:  33%|███▎      | 665/2000 [08:29<17:29,  1.27it/s]Best trial: 112. Best value: 0.334:  33%|███▎      | 666/2000 [08:29<17:12,  1.29it/s]                                                                                      Best trial: 112. Best value: 0.334:  33%|███▎      | 666/2000 [08:30<17:12,  1.29it/s]Best trial: 112. Best value: 0.334:  33%|███▎      | 666/2000 [08:30<17:12,  1.29it/s]Best trial: 112. Best value: 0.334:  33%|███▎      | 667/2000 [08:30<16:49,  1.32it/s]                                                                                      Best trial: 112. Best value: 0.334:  33%|███▎      | 667/2000 [08:31<16:49,  1.32it/s]Best trial: 112. Best value: 0.334:  33%|███▎      | 667/2000 [08:31<16:49,  1.32it/s]Best trial: 112. Best value: 0.334:  33%|███▎      | 668/2000 [08:31<16:42,  1.33it/s]                                                                                      Best trial: 112. Best value: 0.334:  33%|███▎      | 668/2000 [08:31<16:42,  1.33it/s]Best trial: 112. Best value: 0.334:  33%|███▎      | 668/2000 [08:31<16:42,  1.33it/s]Best trial: 112. Best value: 0.334:  33%|███▎      | 669/2000 [08:31<16:37,  1.33it/s]                                                                                      Best trial: 112. Best value: 0.334:  33%|███▎      | 669/2000 [08:32<16:37,  1.33it/s]Best trial: 112. Best value: 0.334:  33%|███▎      | 669/2000 [08:32<16:37,  1.33it/s]Best trial: 112. Best value: 0.334:  34%|███▎      | 670/2000 [08:32<16:22,  1.35it/s]                                                                                      Best trial: 112. Best value: 0.334:  34%|███▎      | 670/2000 [08:33<16:22,  1.35it/s]Best trial: 112. Best value: 0.334:  34%|███▎      | 670/2000 [08:33<16:22,  1.35it/s]Best trial: 112. Best value: 0.334:  34%|███▎      | 671/2000 [08:33<16:35,  1.34it/s]                                                                                      Best trial: 112. Best value: 0.334:  34%|███▎      | 671/2000 [08:34<16:35,  1.34it/s]Best trial: 112. Best value: 0.334:  34%|███▎      | 671/2000 [08:34<16:35,  1.34it/s]Best trial: 112. Best value: 0.334:  34%|███▎      | 672/2000 [08:34<16:49,  1.32it/s]                                                                                      Best trial: 112. Best value: 0.334:  34%|███▎      | 672/2000 [08:34<16:49,  1.32it/s]Best trial: 112. Best value: 0.334:  34%|███▎      | 672/2000 [08:34<16:49,  1.32it/s]Best trial: 112. Best value: 0.334:  34%|███▎      | 673/2000 [08:34<16:47,  1.32it/s]                                                                                      Best trial: 112. Best value: 0.334:  34%|███▎      | 673/2000 [08:35<16:47,  1.32it/s]Best trial: 112. Best value: 0.334:  34%|███▎      | 673/2000 [08:35<16:47,  1.32it/s]Best trial: 112. Best value: 0.334:  34%|███▎      | 674/2000 [08:35<16:39,  1.33it/s]                                                                                      Best trial: 112. Best value: 0.334:  34%|███▎      | 674/2000 [08:36<16:39,  1.33it/s]Best trial: 112. Best value: 0.334:  34%|███▎      | 674/2000 [08:36<16:39,  1.33it/s]Best trial: 112. Best value: 0.334:  34%|███▍      | 675/2000 [08:36<16:40,  1.32it/s]                                                                                      Best trial: 112. Best value: 0.334:  34%|███▍      | 675/2000 [08:37<16:40,  1.32it/s]Best trial: 112. Best value: 0.334:  34%|███▍      | 675/2000 [08:37<16:40,  1.32it/s]Best trial: 112. Best value: 0.334:  34%|███▍      | 676/2000 [08:37<16:36,  1.33it/s]                                                                                      Best trial: 112. Best value: 0.334:  34%|███▍      | 676/2000 [08:37<16:36,  1.33it/s]Best trial: 112. Best value: 0.334:  34%|███▍      | 676/2000 [08:37<16:36,  1.33it/s]Best trial: 112. Best value: 0.334:  34%|███▍      | 677/2000 [08:37<16:31,  1.33it/s]                                                                                      Best trial: 112. Best value: 0.334:  34%|███▍      | 677/2000 [08:38<16:31,  1.33it/s]Best trial: 112. Best value: 0.334:  34%|███▍      | 677/2000 [08:38<16:31,  1.33it/s]Best trial: 112. Best value: 0.334:  34%|███▍      | 678/2000 [08:38<16:25,  1.34it/s]                                                                                      Best trial: 112. Best value: 0.334:  34%|███▍      | 678/2000 [08:39<16:25,  1.34it/s]Best trial: 112. Best value: 0.334:  34%|███▍      | 678/2000 [08:39<16:25,  1.34it/s]Best trial: 112. Best value: 0.334:  34%|███▍      | 679/2000 [08:39<16:24,  1.34it/s]
Trial 647: ACCEPT (degrade -271.4%) - Eval: 0.098%, Val: 0.364%
[I 2025-10-25 04:36:19,379] Trial 647 finished with value: 0.09800000000000002 and parameters: {'w_boll': 0.36237468391041655, 'w_rsi': 0.38499691287409576, 'w_mom': 0.7017276195683705, 'w_vwap': 0.7157310941305229, 'w_orb': 1.9316628827550841, 'w_ofi': 0.6764368521152637, 'w_vol': 1.8540666937833201, 'win_boll': 35, 'win_rsi': 9, 'win_mom': 4, 'win_vwap': 30, 'orb_opening_bars': 46, 'vol_window': 12}. Best is trial 112 with value: 0.33399999999999996.
Trial 648: ACCEPT (degrade 0.0%) - Eval: -0.024%, Val: 0.063%
[I 2025-10-25 04:36:20,126] Trial 648 finished with value: -0.024 and parameters: {'w_boll': 0.44377485035029635, 'w_rsi': 0.5390842582985917, 'w_mom': 0.24585523692346534, 'w_vwap': 0.6108868154143475, 'w_orb': 1.9074367673337165, 'w_ofi': 1.9195248810366898, 'w_vol': 1.966104110012123, 'win_boll': 12, 'win_rsi': 6, 'win_mom': 3, 'win_vwap': 11, 'orb_opening_bars': 49, 'vol_window': 11}. Best is trial 112 with value: 0.33399999999999996.
Trial 649: ACCEPT (degrade -471.4%) - Eval: 0.028%, Val: 0.160%
[I 2025-10-25 04:36:20,848] Trial 649 finished with value: 0.028000000000000035 and parameters: {'w_boll': 0.9193076162919491, 'w_rsi': 0.4805394783175646, 'w_mom': 1.327902625742324, 'w_vwap': 0.6805369861775236, 'w_orb': 1.8347683830609098, 'w_ofi': 0.730705122027195, 'w_vol': 1.7931115539725484, 'win_boll': 13, 'win_rsi': 7, 'win_mom': 6, 'win_vwap': 14, 'orb_opening_bars': 50, 'vol_window': 10}. Best is trial 112 with value: 0.33399999999999996.
Trial 650: REJECT (overfit 143.6%) - Eval: 0.264%, Val: -0.115%
[I 2025-10-25 04:36:21,643] Trial 650 finished with value: -999.0 and parameters: {'w_boll': 0.4916155551703645, 'w_rsi': 1.1885315455163092, 'w_mom': 1.2106831668450166, 'w_vwap': 0.7447524645585559, 'w_orb': 1.9677094570584754, 'w_ofi': 1.3087851232397922, 'w_vol': 1.8984274675912711, 'win_boll': 14, 'win_rsi': 5, 'win_mom': 4, 'win_vwap': 11, 'orb_opening_bars': 48, 'vol_window': 12}. Best is trial 112 with value: 0.33399999999999996.
Trial 651: ACCEPT (degrade 0.0%) - Eval: -0.132%, Val: 0.364%
[I 2025-10-25 04:36:22,412] Trial 651 finished with value: -0.132 and parameters: {'w_boll': 0.3128449201408932, 'w_rsi': 0.4016821354527812, 'w_mom': 0.24831369789817587, 'w_vwap': 0.8529709929577469, 'w_orb': 1.9310873575378495, 'w_ofi': 0.7763877290097386, 'w_vol': 1.7268722010136999, 'win_boll': 15, 'win_rsi': 8, 'win_mom': 3, 'win_vwap': 40, 'orb_opening_bars': 48, 'vol_window': 11}. Best is trial 112 with value: 0.33399999999999996.
Trial 652: ACCEPT (degrade -375.0%) - Eval: 0.044%, Val: 0.209%
[I 2025-10-25 04:36:23,153] Trial 652 finished with value: 0.04399999999999999 and parameters: {'w_boll': 0.41446035891201444, 'w_rsi': 0.3548700551081534, 'w_mom': 0.36989609086740327, 'w_vwap': 0.637752948545273, 'w_orb': 1.875001049151141, 'w_ofi': 0.6620674963694482, 'w_vol': 1.824143836088205, 'win_boll': 25, 'win_rsi': 6, 'win_mom': 4, 'win_vwap': 12, 'orb_opening_bars': 14, 'vol_window': 10}. Best is trial 112 with value: 0.33399999999999996.
Trial 653: ACCEPT (degrade -1527.3%) - Eval: 0.022%, Val: 0.358%
[I 2025-10-25 04:36:23,886] Trial 653 finished with value: 0.022000000000000002 and parameters: {'w_boll': 0.3526906604724145, 'w_rsi': 0.5119905723014688, 'w_mom': 0.20805083527308144, 'w_vwap': 0.5793264911554151, 'w_orb': 1.96763164399274, 'w_ofi': 0.2638288618600912, 'w_vol': 1.942565015886086, 'win_boll': 12, 'win_rsi': 7, 'win_mom': 3, 'win_vwap': 10, 'orb_opening_bars': 49, 'vol_window': 12}. Best is trial 112 with value: 0.33399999999999996.
Trial 654: ACCEPT (degrade 0.0%) - Eval: -0.132%, Val: 0.325%
[I 2025-10-25 04:36:24,679] Trial 654 finished with value: -0.13199999999999998 and parameters: {'w_boll': 0.38847383175183986, 'w_rsi': 0.44686324070350364, 'w_mom': 1.1809404380306148, 'w_vwap': 0.7852716695672991, 'w_orb': 1.785009186036035, 'w_ofi': 1.7692200441974828, 'w_vol': 1.7712627451084026, 'win_boll': 31, 'win_rsi': 6, 'win_mom': 13, 'win_vwap': 13, 'orb_opening_bars': 47, 'vol_window': 11}. Best is trial 112 with value: 0.33399999999999996.
Trial 655: ACCEPT (degrade -189.1%) - Eval: 0.092%, Val: 0.266%
[I 2025-10-25 04:36:25,424] Trial 655 finished with value: 0.092 and parameters: {'w_boll': 0.46057815353054365, 'w_rsi': 0.609086789840534, 'w_mom': 1.4341713896051433, 'w_vwap': 0.7117265916992838, 'w_orb': 1.9971924218354944, 'w_ofi': 1.9970525905805432, 'w_vol': 1.6772568480424885, 'win_boll': 40, 'win_rsi': 5, 'win_mom': 4, 'win_vwap': 33, 'orb_opening_bars': 50, 'vol_window': 10}. Best is trial 112 with value: 0.33399999999999996.
Trial 656: ACCEPT (degrade 0.0%) - Eval: -0.196%, Val: -0.055%
[I 2025-10-25 04:36:26,171] Trial 656 finished with value: -0.196 and parameters: {'w_boll': 0.42914277060633554, 'w_rsi': 0.33183454816285674, 'w_mom': 0.8585504379795424, 'w_vwap': 0.5285160122499132, 'w_orb': 1.9347105609534971, 'w_ofi': 1.8734304708803284, 'w_vol': 1.8655823078555511, 'win_boll': 11, 'win_rsi': 18, 'win_mom': 5, 'win_vwap': 13, 'orb_opening_bars': 46, 'vol_window': 12}. Best is trial 112 with value: 0.33399999999999996.
Trial 657: ACCEPT (degrade -108.9%) - Eval: 0.056%, Val: 0.117%
[I 2025-10-25 04:36:26,889] Trial 657 finished with value: 0.05600000000000001 and parameters: {'w_boll': 0.2828026098353963, 'w_rsi': 1.281442947288052, 'w_mom': 0.20453336157280563, 'w_vwap': 0.6808572876648494, 'w_orb': 1.889308521302459, 'w_ofi': 1.949737376154216, 'w_vol': 1.9071673257084247, 'win_boll': 21, 'win_rsi': 7, 'win_mom': 3, 'win_vwap': 12, 'orb_opening_bars': 49, 'vol_window': 11}. Best is trial 112 with value: 0.33399999999999996.
Trial 658: ACCEPT (degrade -619.0%) - Eval: 0.042%, Val: 0.302%
[I 2025-10-25 04:36:27,671] Trial 658 finished with value: 0.041999999999999996 and parameters: {'w_boll': 0.507472105359172, 'w_rsi': 0.41440471626109665, 'w_mom': 1.506103662123451, 'w_vwap': 0.6377092087379215, 'w_orb': 1.8370573256979226, 'w_ofi': 0.7165147013391122, 'w_vol': 1.8094359383646423, 'win_boll': 11, 'win_rsi': 6, 'win_mom': 5, 'win_vwap': 50, 'orb_opening_bars': 48, 'vol_window': 10}. Best is trial 112 with value: 0.33399999999999996.
Trial 659: ACCEPT (degrade 0.0%) - Eval: -0.038%, Val: 0.335%
[I 2025-10-25 04:36:28,433] Trial 659 finished with value: -0.03799999999999999 and parameters: {'w_boll': 0.34932665246687983, 'w_rsi': 0.5686252994778099, 'w_mom': 0.8107735723836007, 'w_vwap': 0.7341058652966599, 'w_orb': 1.9983621558498084, 'w_ofi': 0.3504141674437616, 'w_vol': 1.7461146096147648, 'win_boll': 14, 'win_rsi': 8, 'win_mom': 7, 'win_vwap': 11, 'orb_opening_bars': 34, 'vol_window': 11}. Best is trial 112 with value: 0.33399999999999996.
Trial 660: ACCEPT (degrade 0.0%) - Eval: -0.196%, Val: 0.184%
[I 2025-10-25 04:36:29,185] Trial 660 finished with value: -0.196 and parameters: {'w_boll': 0.38587103203313633, 'w_rsi': 0.4782167815711574, 'w_mom': 1.3583692747765437, 'w_vwap': 0.7967215979097241, 'w_orb': 1.9245454452891932, 'w_ofi': 0.8824375412602524, 'w_vol': 1.0328649120333258, 'win_boll': 15, 'win_rsi': 7, 'win_mom': 15, 'win_vwap': 10, 'orb_opening_bars': 45, 'vol_window': 12}. Best is trial 112 with value: 0.33399999999999996.
Trial 661: REJECT (overfit 65.8%) - Eval: 0.158%, Val: 0.054%
[I 2025-10-25 04:36:29,909] Trial 661 finished with value: -999.0 and parameters: {'w_boll': 0.42395493729438594, 'w_rsi': 0.3728080219803162, 'w_mom': 0.23919932835970997, 'w_vwap': 0.6129450391773088, 'w_orb': 1.9574168909358716, 'w_ofi': 1.8289728172884145, 'w_vol': 1.969944272527944, 'win_boll': 13, 'win_rsi': 5, 'win_mom': 3, 'win_vwap': 48, 'orb_opening_bars': 47, 'vol_window': 10}. Best is trial 112 with value: 0.33399999999999996.
Trial 662: ACCEPT (degrade -55.8%) - Eval: 0.224%, Val: 0.349%
[I 2025-10-25 04:36:30,824] Trial 662 finished with value: 0.22399999999999998 and parameters: {'w_boll': 0.3240235684072178, 'w_rsi': 0.5085195530707476, 'w_mom': 0.27831179852713583, 'w_vwap': 0.6813599580514302, 'w_orb': 1.8890801095899008, 'w_ofi': 0.6433933120872888, 'w_vol': 0.14848343506994977, 'win_boll': 29, 'win_rsi': 6, 'win_mom': 4, 'win_vwap': 12, 'orb_opening_bars': 49, 'vol_window': 31}. Best is trial 112 with value: 0.33399999999999996.                                                                                      Best trial: 112. Best value: 0.334:  34%|███▍      | 679/2000 [08:40<16:24,  1.34it/s]Best trial: 112. Best value: 0.334:  34%|███▍      | 679/2000 [08:40<16:24,  1.34it/s]Best trial: 112. Best value: 0.334:  34%|███▍      | 680/2000 [08:40<16:24,  1.34it/s]                                                                                      Best trial: 112. Best value: 0.334:  34%|███▍      | 680/2000 [08:40<16:24,  1.34it/s]Best trial: 112. Best value: 0.334:  34%|███▍      | 680/2000 [08:40<16:24,  1.34it/s]Best trial: 112. Best value: 0.334:  34%|███▍      | 681/2000 [08:40<16:24,  1.34it/s]                                                                                      Best trial: 112. Best value: 0.334:  34%|███▍      | 681/2000 [08:41<16:24,  1.34it/s]Best trial: 112. Best value: 0.334:  34%|███▍      | 681/2000 [08:41<16:24,  1.34it/s]Best trial: 112. Best value: 0.334:  34%|███▍      | 682/2000 [08:41<16:12,  1.36it/s]                                                                                      Best trial: 112. Best value: 0.334:  34%|███▍      | 682/2000 [08:42<16:12,  1.36it/s]Best trial: 112. Best value: 0.334:  34%|███▍      | 682/2000 [08:42<16:12,  1.36it/s]Best trial: 112. Best value: 0.334:  34%|███▍      | 683/2000 [08:42<16:31,  1.33it/s]                                                                                      Best trial: 112. Best value: 0.334:  34%|███▍      | 683/2000 [08:43<16:31,  1.33it/s]Best trial: 112. Best value: 0.334:  34%|███▍      | 683/2000 [08:43<16:31,  1.33it/s]Best trial: 112. Best value: 0.334:  34%|███▍      | 684/2000 [08:43<16:28,  1.33it/s]                                                                                      Best trial: 112. Best value: 0.334:  34%|███▍      | 684/2000 [08:43<16:28,  1.33it/s]Best trial: 112. Best value: 0.334:  34%|███▍      | 684/2000 [08:43<16:28,  1.33it/s]Best trial: 112. Best value: 0.334:  34%|███▍      | 685/2000 [08:43<16:25,  1.33it/s]                                                                                      Best trial: 112. Best value: 0.334:  34%|███▍      | 685/2000 [08:44<16:25,  1.33it/s]Best trial: 112. Best value: 0.334:  34%|███▍      | 685/2000 [08:44<16:25,  1.33it/s]Best trial: 112. Best value: 0.334:  34%|███▍      | 686/2000 [08:44<16:13,  1.35it/s]                                                                                      Best trial: 112. Best value: 0.334:  34%|███▍      | 686/2000 [08:45<16:13,  1.35it/s]Best trial: 112. Best value: 0.334:  34%|███▍      | 686/2000 [08:45<16:13,  1.35it/s]Best trial: 112. Best value: 0.334:  34%|███▍      | 687/2000 [08:45<16:30,  1.33it/s]                                                                                      Best trial: 112. Best value: 0.334:  34%|███▍      | 687/2000 [08:46<16:30,  1.33it/s]Best trial: 112. Best value: 0.334:  34%|███▍      | 687/2000 [08:46<16:30,  1.33it/s]Best trial: 112. Best value: 0.334:  34%|███▍      | 688/2000 [08:46<16:26,  1.33it/s]                                                                                      Best trial: 112. Best value: 0.334:  34%|███▍      | 688/2000 [08:46<16:26,  1.33it/s]Best trial: 112. Best value: 0.334:  34%|███▍      | 688/2000 [08:46<16:26,  1.33it/s]Best trial: 112. Best value: 0.334:  34%|███▍      | 689/2000 [08:46<16:24,  1.33it/s]                                                                                      Best trial: 112. Best value: 0.334:  34%|███▍      | 689/2000 [08:47<16:24,  1.33it/s]Best trial: 112. Best value: 0.334:  34%|███▍      | 689/2000 [08:47<16:24,  1.33it/s]Best trial: 112. Best value: 0.334:  34%|███▍      | 690/2000 [08:47<16:11,  1.35it/s]                                                                                      Best trial: 112. Best value: 0.334:  34%|███▍      | 690/2000 [08:48<16:11,  1.35it/s]Best trial: 112. Best value: 0.334:  34%|███▍      | 690/2000 [08:48<16:11,  1.35it/s]Best trial: 112. Best value: 0.334:  35%|███▍      | 691/2000 [08:48<16:25,  1.33it/s]                                                                                      Best trial: 112. Best value: 0.334:  35%|███▍      | 691/2000 [08:49<16:25,  1.33it/s]Best trial: 112. Best value: 0.334:  35%|███▍      | 691/2000 [08:49<16:25,  1.33it/s]Best trial: 112. Best value: 0.334:  35%|███▍      | 692/2000 [08:49<16:21,  1.33it/s]                                                                                      Best trial: 112. Best value: 0.334:  35%|███▍      | 692/2000 [08:49<16:21,  1.33it/s]Best trial: 112. Best value: 0.334:  35%|███▍      | 692/2000 [08:49<16:21,  1.33it/s]Best trial: 112. Best value: 0.334:  35%|███▍      | 693/2000 [08:49<16:19,  1.33it/s]                                                                                      Best trial: 112. Best value: 0.334:  35%|███▍      | 693/2000 [08:50<16:19,  1.33it/s]Best trial: 112. Best value: 0.334:  35%|███▍      | 693/2000 [08:50<16:19,  1.33it/s]Best trial: 112. Best value: 0.334:  35%|███▍      | 694/2000 [08:50<16:06,  1.35it/s]                                                                                      Best trial: 112. Best value: 0.334:  35%|███▍      | 694/2000 [08:51<16:06,  1.35it/s]Best trial: 112. Best value: 0.334:  35%|███▍      | 694/2000 [08:51<16:06,  1.35it/s]Best trial: 112. Best value: 0.334:  35%|███▍      | 695/2000 [08:51<16:18,  1.33it/s]                                                                                      
Trial 663: REJECT (overfit 91.2%) - Eval: 0.194%, Val: 0.017%
[I 2025-10-25 04:36:31,652] Trial 663 finished with value: -999.0 and parameters: {'w_boll': 0.4667732886653019, 'w_rsi': 0.45168432133237923, 'w_mom': 1.2975221496036244, 'w_vwap': 0.7559032393108384, 'w_orb': 1.9338245215022374, 'w_ofi': 1.161825571692618, 'w_vol': 1.852312577048924, 'win_boll': 10, 'win_rsi': 6, 'win_mom': 4, 'win_vwap': 14, 'orb_opening_bars': 50, 'vol_window': 13}. Best is trial 112 with value: 0.33399999999999996.
Trial 664: REJECT (overfit 60.6%) - Eval: 0.208%, Val: 0.082%
[I 2025-10-25 04:36:32,390] Trial 664 finished with value: -999.0 and parameters: {'w_boll': 0.387820347207675, 'w_rsi': 0.3335987097280138, 'w_mom': 0.18460046810527697, 'w_vwap': 0.5546952381848336, 'w_orb': 1.4815438325457972, 'w_ofi': 0.7527955693077084, 'w_vol': 1.889030963246412, 'win_boll': 12, 'win_rsi': 7, 'win_mom': 3, 'win_vwap': 31, 'orb_opening_bars': 48, 'vol_window': 11}. Best is trial 112 with value: 0.33399999999999996.
Trial 665: ACCEPT (degrade 14.1%) - Eval: 0.198%, Val: 0.170%
[I 2025-10-25 04:36:33,135] Trial 665 finished with value: 0.19799999999999998 and parameters: {'w_boll': 0.25005308734276127, 'w_rsi': 0.4213240978755712, 'w_mom': 0.22432520721642396, 'w_vwap': 0.8318737012155557, 'w_orb': 1.9994942497809456, 'w_ofi': 1.926682704039782, 'w_vol': 1.784136081303142, 'win_boll': 13, 'win_rsi': 5, 'win_mom': 6, 'win_vwap': 11, 'orb_opening_bars': 46, 'vol_window': 12}. Best is trial 112 with value: 0.33399999999999996.
Trial 666: ACCEPT (degrade 0.0%) - Eval: -0.016%, Val: 0.081%
