[I 2025-10-25 04:38:46,263] Trial 840 finished with value: -0.046 and parameters: {'w_boll': 0.42022703922595905, 'w_rsi': 0.7216052696265665, 'w_mom': 0.10014743447544892, 'w_vwap': 0.5562710902941687, 'w_orb': 1.8352554633137694, 'w_ofi': 0.7870166234345867, 'w_vol': 1.8077664247036482, 'win_boll': 18, 'win_rsi': 10, 'win_mom': 4, 'win_vwap': 19, 'orb_opening_bars': 47, 'vol_window': 29}. Best is trial 112 with value: 0.33399999999999996.
Trial 841: ACCEPT (degrade 0.0%) - Eval: -0.340%, Val: 0.178%                                                                                      Best trial: 112. Best value: 0.334:  43%|████▎     | 857/2000 [10:55<14:24,  1.32it/s]Best trial: 112. Best value: 0.334:  43%|████▎     | 857/2000 [10:55<14:24,  1.32it/s]Best trial: 112. Best value: 0.334:  43%|████▎     | 858/2000 [10:55<14:20,  1.33it/s]                                                                                      Best trial: 112. Best value: 0.334:  43%|████▎     | 858/2000 [10:56<14:20,  1.33it/s]Best trial: 112. Best value: 0.334:  43%|████▎     | 858/2000 [10:56<14:20,  1.33it/s]Best trial: 112. Best value: 0.334:  43%|████▎     | 859/2000 [10:56<14:27,  1.31it/s]                                                                                      Best trial: 112. Best value: 0.334:  43%|████▎     | 859/2000 [10:57<14:27,  1.31it/s]Best trial: 112. Best value: 0.334:  43%|████▎     | 859/2000 [10:57<14:27,  1.31it/s]Best trial: 112. Best value: 0.334:  43%|████▎     | 860/2000 [10:57<14:59,  1.27it/s]                                                                                      Best trial: 112. Best value: 0.334:  43%|████▎     | 860/2000 [10:58<14:59,  1.27it/s]Best trial: 112. Best value: 0.334:  43%|████▎     | 860/2000 [10:58<14:59,  1.27it/s]Best trial: 112. Best value: 0.334:  43%|████▎     | 861/2000 [10:58<14:41,  1.29it/s]                                                                                      Best trial: 112. Best value: 0.334:  43%|████▎     | 861/2000 [10:58<14:41,  1.29it/s]Best trial: 112. Best value: 0.334:  43%|████▎     | 861/2000 [10:58<14:41,  1.29it/s]Best trial: 112. Best value: 0.334:  43%|████▎     | 862/2000 [10:58<14:31,  1.31it/s]                                                                                      Best trial: 112. Best value: 0.334:  43%|████▎     | 862/2000 [10:59<14:31,  1.31it/s]Best trial: 112. Best value: 0.334:  43%|████▎     | 862/2000 [10:59<14:31,  1.31it/s]Best trial: 112. Best value: 0.334:  43%|████▎     | 863/2000 [10:59<14:15,  1.33it/s]                                                                                      Best trial: 112. Best value: 0.334:  43%|████▎     | 863/2000 [11:00<14:15,  1.33it/s]Best trial: 112. Best value: 0.334:  43%|████▎     | 863/2000 [11:00<14:15,  1.33it/s]Best trial: 112. Best value: 0.334:  43%|████▎     | 864/2000 [11:00<14:20,  1.32it/s]                                                                                      Best trial: 112. Best value: 0.334:  43%|████▎     | 864/2000 [11:01<14:20,  1.32it/s]Best trial: 112. Best value: 0.334:  43%|████▎     | 864/2000 [11:01<14:20,  1.32it/s]Best trial: 112. Best value: 0.334:  43%|████▎     | 865/2000 [11:01<14:22,  1.32it/s]                                                                                      Best trial: 112. Best value: 0.334:  43%|████▎     | 865/2000 [11:01<14:22,  1.32it/s]Best trial: 112. Best value: 0.334:  43%|████▎     | 865/2000 [11:01<14:22,  1.32it/s]Best trial: 112. Best value: 0.334:  43%|████▎     | 866/2000 [11:01<14:17,  1.32it/s]                                                                                      Best trial: 112. Best value: 0.334:  43%|████▎     | 866/2000 [11:02<14:17,  1.32it/s]Best trial: 112. Best value: 0.334:  43%|████▎     | 866/2000 [11:02<14:17,  1.32it/s]Best trial: 112. Best value: 0.334:  43%|████▎     | 867/2000 [11:02<14:18,  1.32it/s]                                                                                      Best trial: 112. Best value: 0.334:  43%|████▎     | 867/2000 [11:03<14:18,  1.32it/s]Best trial: 112. Best value: 0.334:  43%|████▎     | 867/2000 [11:03<14:18,  1.32it/s]Best trial: 112. Best value: 0.334:  43%|████▎     | 868/2000 [11:03<14:15,  1.32it/s]                                                                                      Best trial: 112. Best value: 0.334:  43%|████▎     | 868/2000 [11:04<14:15,  1.32it/s]Best trial: 868. Best value: 0.384:  43%|████▎     | 868/2000 [11:04<14:15,  1.32it/s]Best trial: 868. Best value: 0.384:  43%|████▎     | 869/2000 [11:04<14:14,  1.32it/s]                                                                                      Best trial: 868. Best value: 0.384:  43%|████▎     | 869/2000 [11:04<14:14,  1.32it/s]Best trial: 868. Best value: 0.384:  43%|████▎     | 869/2000 [11:04<14:14,  1.32it/s]Best trial: 868. Best value: 0.384:  44%|████▎     | 870/2000 [11:04<14:09,  1.33it/s]                                                                                      Best trial: 868. Best value: 0.384:  44%|████▎     | 870/2000 [11:05<14:09,  1.33it/s]Best trial: 868. Best value: 0.384:  44%|████▎     | 870/2000 [11:05<14:09,  1.33it/s]Best trial: 868. Best value: 0.384:  44%|████▎     | 871/2000 [11:05<14:15,  1.32it/s]                                                                                      Best trial: 868. Best value: 0.384:  44%|████▎     | 871/2000 [11:06<14:15,  1.32it/s]Best trial: 868. Best value: 0.384:  44%|████▎     | 871/2000 [11:06<14:15,  1.32it/s]Best trial: 868. Best value: 0.384:  44%|████▎     | 872/2000 [11:06<14:18,  1.31it/s]                                                                                      Best trial: 868. Best value: 0.384:  44%|████▎     | 872/2000 [11:07<14:18,  1.31it/s]Best trial: 868. Best value: 0.384:  44%|████▎     | 872/2000 [11:07<14:18,  1.31it/s]Best trial: 868. Best value: 0.384:  44%|████▎     | 873/2000 [11:07<14:17,  1.31it/s]                                                                                      
[I 2025-10-25 04:38:47,034] Trial 841 finished with value: -0.33999999999999997 and parameters: {'w_boll': 0.2647875330967433, 'w_rsi': 0.5002652521212924, 'w_mom': 0.2259764311798173, 'w_vwap': 0.8672661073406495, 'w_orb': 1.89783263713402, 'w_ofi': 1.5312171044976264, 'w_vol': 1.9018629416630413, 'win_boll': 45, 'win_rsi': 6, 'win_mom': 5, 'win_vwap': 11, 'orb_opening_bars': 50, 'vol_window': 13}. Best is trial 112 with value: 0.33399999999999996.
Trial 842: REJECT (overfit 58.1%) - Eval: 0.124%, Val: 0.052%
[I 2025-10-25 04:38:47,804] Trial 842 finished with value: -999.0 and parameters: {'w_boll': 0.36131339958216535, 'w_rsi': 0.4443492186919999, 'w_mom': 0.3131463445654041, 'w_vwap': 0.7995963859598793, 'w_orb': 1.9275323011403427, 'w_ofi': 1.9711714333958656, 'w_vol': 1.9703381552114112, 'win_boll': 12, 'win_rsi': 5, 'win_mom': 3, 'win_vwap': 12, 'orb_opening_bars': 49, 'vol_window': 11}. Best is trial 112 with value: 0.33399999999999996.
Trial 843: ACCEPT (degrade 0.0%) - Eval: -0.136%, Val: 0.245%
[I 2025-10-25 04:38:48,600] Trial 843 finished with value: -0.13599999999999998 and parameters: {'w_boll': 0.49610116485615097, 'w_rsi': 0.16219737428753334, 'w_mom': 0.15814143028425323, 'w_vwap': 0.6743889044657264, 'w_orb': 1.6891096726380874, 'w_ofi': 0.8713203987575158, 'w_vol': 1.701215852764303, 'win_boll': 14, 'win_rsi': 7, 'win_mom': 4, 'win_vwap': 14, 'orb_opening_bars': 46, 'vol_window': 10}. Best is trial 112 with value: 0.33399999999999996.
Trial 844: REJECT (overfit 89.3%) - Eval: 0.374%, Val: 0.040%
[I 2025-10-25 04:38:49,347] Trial 844 finished with value: -999.0 and parameters: {'w_boll': 0.3896597851850522, 'w_rsi': 0.31539195534218095, 'w_mom': 0.2561254470735809, 'w_vwap': 0.7304389405942453, 'w_orb': 1.9718415500313964, 'w_ofi': 1.9164682143435365, 'w_vol': 1.8381661692432651, 'win_boll': 11, 'win_rsi': 6, 'win_mom': 3, 'win_vwap': 15, 'orb_opening_bars': 34, 'vol_window': 12}. Best is trial 112 with value: 0.33399999999999996.
Trial 845: ACCEPT (degrade 0.0%) - Eval: -0.204%, Val: -0.184%
[I 2025-10-25 04:38:50,099] Trial 845 finished with value: -0.20400000000000001 and parameters: {'w_boll': 1.3652057378791977, 'w_rsi': 0.6048851193743155, 'w_mom': 1.171754317780348, 'w_vwap': 0.619316767503686, 'w_orb': 1.889289753293958, 'w_ofi': 1.8175320302880107, 'w_vol': 0.8416340559683474, 'win_boll': 15, 'win_rsi': 5, 'win_mom': 4, 'win_vwap': 33, 'orb_opening_bars': 48, 'vol_window': 11}. Best is trial 112 with value: 0.33399999999999996.
Trial 846: ACCEPT (degrade -9.3%) - Eval: 0.300%, Val: 0.328%
[I 2025-10-25 04:38:50,827] Trial 846 finished with value: 0.30000000000000004 and parameters: {'w_boll': 0.2998326856309377, 'w_rsi': 0.2561370093811714, 'w_mom': 0.19245254640567422, 'w_vwap': 0.5902185536843244, 'w_orb': 1.7999576326099809, 'w_ofi': 0.47497362377671165, 'w_vol': 1.7709319797029148, 'win_boll': 14, 'win_rsi': 7, 'win_mom': 6, 'win_vwap': 13, 'orb_opening_bars': 49, 'vol_window': 13}. Best is trial 112 with value: 0.33399999999999996.
Trial 847: ACCEPT (degrade 0.0%) - Eval: -0.136%, Val: 0.553%
[I 2025-10-25 04:38:51,598] Trial 847 finished with value: -0.13599999999999998 and parameters: {'w_boll': 0.24131263914450474, 'w_rsi': 0.2045885719698463, 'w_mom': 0.19979014045989762, 'w_vwap': 0.5635259889502658, 'w_orb': 1.77288777956479, 'w_ofi': 0.49365394883436, 'w_vol': 1.669065480956867, 'win_boll': 17, 'win_rsi': 8, 'win_mom': 6, 'win_vwap': 13, 'orb_opening_bars': 50, 'vol_window': 14}. Best is trial 112 with value: 0.33399999999999996.
Trial 848: ACCEPT (degrade 0.0%) - Eval: -0.236%, Val: 0.230%
[I 2025-10-25 04:38:52,353] Trial 848 finished with value: -0.236 and parameters: {'w_boll': 0.2901363950901965, 'w_rsi': 0.2571819459757201, 'w_mom': 0.23292915534513936, 'w_vwap': 1.2993863688848424, 'w_orb': 1.8097571606888798, 'w_ofi': 0.4830341849273194, 'w_vol': 1.7394932580038305, 'win_boll': 11, 'win_rsi': 8, 'win_mom': 6, 'win_vwap': 13, 'orb_opening_bars': 50, 'vol_window': 14}. Best is trial 112 with value: 0.33399999999999996.
Trial 849: ACCEPT (degrade 0.0%) - Eval: -0.128%, Val: 0.197%
[I 2025-10-25 04:38:53,100] Trial 849 finished with value: -0.12799999999999997 and parameters: {'w_boll': 0.2710543785798807, 'w_rsi': 0.230482924654998, 'w_mom': 0.19184534195860392, 'w_vwap': 0.5885712487202551, 'w_orb': 1.7607737905292749, 'w_ofi': 0.4581582516601182, 'w_vol': 1.7114646706077843, 'win_boll': 32, 'win_rsi': 7, 'win_mom': 7, 'win_vwap': 14, 'orb_opening_bars': 49, 'vol_window': 15}. Best is trial 112 with value: 0.33399999999999996.
Trial 850: ACCEPT (degrade 0.0%) - Eval: -0.094%, Val: 0.362%
[I 2025-10-25 04:38:53,862] Trial 850 finished with value: -0.094 and parameters: {'w_boll': 0.9477730079893762, 'w_rsi': 0.27971490105757213, 'w_mom': 0.2936946406583727, 'w_vwap': 0.5558355293199327, 'w_orb': 1.733138171030886, 'w_ofi': 0.4267519526494678, 'w_vol': 1.7675824293650297, 'win_boll': 16, 'win_rsi': 8, 'win_mom': 6, 'win_vwap': 12, 'orb_opening_bars': 50, 'vol_window': 18}. Best is trial 112 with value: 0.33399999999999996.
Trial 851: ACCEPT (degrade -494.4%) - Eval: 0.036%, Val: 0.214%
[I 2025-10-25 04:38:54,620] Trial 851 finished with value: 0.036 and parameters: {'w_boll': 0.2185298703962639, 'w_rsi': 1.3398851197826458, 'w_mom': 0.16327685963639205, 'w_vwap': 0.5242204097467268, 'w_orb': 1.79667773587897, 'w_ofi': 0.9724953289472529, 'w_vol': 1.9356287363357096, 'win_boll': 13, 'win_rsi': 8, 'win_mom': 6, 'win_vwap': 13, 'orb_opening_bars': 49, 'vol_window': 13}. Best is trial 112 with value: 0.33399999999999996.
Trial 852: ACCEPT (degrade 0.0%) - Eval: -0.004%, Val: 0.103%
[I 2025-10-25 04:38:55,375] Trial 852 finished with value: -0.004000000000000015 and parameters: {'w_boll': 0.31471354600990054, 'w_rsi': 0.20737116546317683, 'w_mom': 0.2568140749738531, 'w_vwap': 0.5949693097542931, 'w_orb': 1.7491229998162647, 'w_ofi': 0.7870733707798295, 'w_vol': 1.8692073574186312, 'win_boll': 14, 'win_rsi': 7, 'win_mom': 6, 'win_vwap': 14, 'orb_opening_bars': 49, 'vol_window': 13}. Best is trial 112 with value: 0.33399999999999996.
Trial 853: ACCEPT (degrade 0.0%) - Eval: -0.144%, Val: 0.365%
[I 2025-10-25 04:38:56,119] Trial 853 finished with value: -0.144 and parameters: {'w_boll': 0.21742121908419773, 'w_rsi': 0.2533247614899181, 'w_mom': 0.1418943633837971, 'w_vwap': 1.00999533320606, 'w_orb': 1.7994633907057054, 'w_ofi': 0.5119504475850054, 'w_vol': 1.0781151865038598, 'win_boll': 19, 'win_rsi': 7, 'win_mom': 7, 'win_vwap': 12, 'orb_opening_bars': 50, 'vol_window': 14}. Best is trial 112 with value: 0.33399999999999996.
Trial 854: ACCEPT (degrade -359.3%) - Eval: 0.054%, Val: 0.248%
[I 2025-10-25 04:38:56,881] Trial 854 finished with value: 0.05399999999999999 and parameters: {'w_boll': 0.2964566372722432, 'w_rsi': 0.28769338249505627, 'w_mom': 0.20800317139757046, 'w_vwap': 0.5963736482762106, 'w_orb': 1.7061931434179491, 'w_ofi': 0.4434038849142426, 'w_vol': 1.9671962541348877, 'win_boll': 12, 'win_rsi': 7, 'win_mom': 6, 'win_vwap': 17, 'orb_opening_bars': 49, 'vol_window': 14}. Best is trial 112 with value: 0.33399999999999996.
Trial 855: ACCEPT (degrade 0.0%) - Eval: -0.344%, Val: 0.033%
[I 2025-10-25 04:38:57,631] Trial 855 finished with value: -0.344 and parameters: {'w_boll': 1.7186514899555525, 'w_rsi': 0.3241395671277913, 'w_mom': 0.36808459897227563, 'w_vwap': 0.5414816305561545, 'w_orb': 1.7823088549971653, 'w_ofi': 0.37303061153126393, 'w_vol': 1.9059803081584323, 'win_boll': 15, 'win_rsi': 29, 'win_mom': 7, 'win_vwap': 13, 'orb_opening_bars': 48, 'vol_window': 16}. Best is trial 112 with value: 0.33399999999999996.
Trial 856: ACCEPT (degrade -522.0%) - Eval: 0.050%, Val: 0.311%
[I 2025-10-25 04:38:58,393] Trial 856 finished with value: 0.050000000000000024 and parameters: {'w_boll': 0.16642590572118973, 'w_rsi': 0.19011830962643078, 'w_mom': 0.1734347550406964, 'w_vwap': 0.6281618736957857, 'w_orb': 1.8245229819376947, 'w_ofi': 0.4922973947014402, 'w_vol': 1.771741101068765, 'win_boll': 14, 'win_rsi': 7, 'win_mom': 5, 'win_vwap': 15, 'orb_opening_bars': 50, 'vol_window': 13}. Best is trial 112 with value: 0.33399999999999996.
Trial 857: ACCEPT (degrade 0.0%) - Eval: -0.116%, Val: 0.173%Best trial: 868. Best value: 0.384:  44%|████▎     | 873/2000 [11:08<14:17,  1.31it/s]Best trial: 868. Best value: 0.384:  44%|████▎     | 873/2000 [11:08<14:17,  1.31it/s]Best trial: 868. Best value: 0.384:  44%|████▎     | 874/2000 [11:08<14:33,  1.29it/s]                                                                                      Best trial: 868. Best value: 0.384:  44%|████▎     | 874/2000 [11:08<14:33,  1.29it/s]Best trial: 868. Best value: 0.384:  44%|████▎     | 874/2000 [11:08<14:33,  1.29it/s]Best trial: 868. Best value: 0.384:  44%|████▍     | 875/2000 [11:08<14:35,  1.28it/s]                                                                                      Best trial: 868. Best value: 0.384:  44%|████▍     | 875/2000 [11:09<14:35,  1.28it/s]Best trial: 868. Best value: 0.384:  44%|████▍     | 875/2000 [11:09<14:35,  1.28it/s]Best trial: 868. Best value: 0.384:  44%|████▍     | 876/2000 [11:09<14:17,  1.31it/s]                                                                                      Best trial: 868. Best value: 0.384:  44%|████▍     | 876/2000 [11:10<14:17,  1.31it/s]Best trial: 868. Best value: 0.384:  44%|████▍     | 876/2000 [11:10<14:17,  1.31it/s]Best trial: 868. Best value: 0.384:  44%|████▍     | 877/2000 [11:10<14:12,  1.32it/s]                                                                                      Best trial: 868. Best value: 0.384:  44%|████▍     | 877/2000 [11:11<14:12,  1.32it/s]Best trial: 868. Best value: 0.384:  44%|████▍     | 877/2000 [11:11<14:12,  1.32it/s]Best trial: 868. Best value: 0.384:  44%|████▍     | 878/2000 [11:11<14:08,  1.32it/s]                                                                                      Best trial: 868. Best value: 0.384:  44%|████▍     | 878/2000 [11:11<14:08,  1.32it/s]Best trial: 868. Best value: 0.384:  44%|████▍     | 878/2000 [11:11<14:08,  1.32it/s]Best trial: 868. Best value: 0.384:  44%|████▍     | 879/2000 [11:11<14:18,  1.31it/s]                                                                                      Best trial: 868. Best value: 0.384:  44%|████▍     | 879/2000 [11:12<14:18,  1.31it/s]Best trial: 868. Best value: 0.384:  44%|████▍     | 879/2000 [11:12<14:18,  1.31it/s]Best trial: 868. Best value: 0.384:  44%|████▍     | 880/2000 [11:12<14:04,  1.33it/s]                                                                                      Best trial: 868. Best value: 0.384:  44%|████▍     | 880/2000 [11:13<14:04,  1.33it/s]Best trial: 868. Best value: 0.384:  44%|████▍     | 880/2000 [11:13<14:04,  1.33it/s]Best trial: 868. Best value: 0.384:  44%|████▍     | 881/2000 [11:13<14:01,  1.33it/s]                                                                                      Best trial: 868. Best value: 0.384:  44%|████▍     | 881/2000 [11:14<14:01,  1.33it/s]Best trial: 868. Best value: 0.384:  44%|████▍     | 881/2000 [11:14<14:01,  1.33it/s]Best trial: 868. Best value: 0.384:  44%|████▍     | 882/2000 [11:14<14:01,  1.33it/s]                                                                                      Best trial: 868. Best value: 0.384:  44%|████▍     | 882/2000 [11:14<14:01,  1.33it/s]Best trial: 868. Best value: 0.384:  44%|████▍     | 882/2000 [11:14<14:01,  1.33it/s]Best trial: 868. Best value: 0.384:  44%|████▍     | 883/2000 [11:14<14:16,  1.30it/s]                                                                                      Best trial: 868. Best value: 0.384:  44%|████▍     | 883/2000 [11:15<14:16,  1.30it/s]Best trial: 868. Best value: 0.384:  44%|████▍     | 883/2000 [11:15<14:16,  1.30it/s]Best trial: 868. Best value: 0.384:  44%|████▍     | 884/2000 [11:15<14:04,  1.32it/s]                                                                                      Best trial: 868. Best value: 0.384:  44%|████▍     | 884/2000 [11:16<14:04,  1.32it/s]Best trial: 868. Best value: 0.384:  44%|████▍     | 884/2000 [11:16<14:04,  1.32it/s]Best trial: 868. Best value: 0.384:  44%|████▍     | 885/2000 [11:16<14:06,  1.32it/s]                                                                                      Best trial: 868. Best value: 0.384:  44%|████▍     | 885/2000 [11:17<14:06,  1.32it/s]Best trial: 868. Best value: 0.384:  44%|████▍     | 885/2000 [11:17<14:06,  1.32it/s]Best trial: 868. Best value: 0.384:  44%|████▍     | 886/2000 [11:17<14:03,  1.32it/s]                                                                                      Best trial: 868. Best value: 0.384:  44%|████▍     | 886/2000 [11:17<14:03,  1.32it/s]Best trial: 868. Best value: 0.384:  44%|████▍     | 886/2000 [11:17<14:03,  1.32it/s]Best trial: 868. Best value: 0.384:  44%|████▍     | 887/2000 [11:17<14:13,  1.30it/s]                                                                                      Best trial: 868. Best value: 0.384:  44%|████▍     | 887/2000 [11:18<14:13,  1.30it/s]Best trial: 868. Best value: 0.384:  44%|████▍     | 887/2000 [11:18<14:13,  1.30it/s]Best trial: 868. Best value: 0.384:  44%|████▍     | 888/2000 [11:18<14:01,  1.32it/s]                                                                                      Best trial: 868. Best value: 0.384:  44%|████▍     | 888/2000 [11:19<14:01,  1.32it/s]Best trial: 868. Best value: 0.384:  44%|████▍     | 888/2000 [11:19<14:01,  1.32it/s]Best trial: 868. Best value: 0.384:  44%|████▍     | 889/2000 [11:19<13:58,  1.33it/s]                                                                                      Best trial: 868. Best value: 0.384:  44%|████▍     | 889/2000 [11:20<13:58,  1.33it/s]Best trial: 868. Best value: 0.384:  44%|████▍     | 889/2000 [11:20<13:58,  1.33it/s]Best trial: 868. Best value: 0.384:  44%|████▍     | 890/2000 [11:20<13:55,  1.33it/s]                                                                                      
[I 2025-10-25 04:38:59,140] Trial 857 finished with value: -0.11599999999999999 and parameters: {'w_boll': 0.5413426951508895, 'w_rsi': 0.2675944398628375, 'w_mom': 0.23150111037673865, 'w_vwap': 0.636242109797738, 'w_orb': 1.738187374188817, 'w_ofi': 0.2785080437949464, 'w_vol': 1.8298004768942926, 'win_boll': 11, 'win_rsi': 8, 'win_mom': 9, 'win_vwap': 11, 'orb_opening_bars': 49, 'vol_window': 12}. Best is trial 112 with value: 0.33399999999999996.
Trial 858: ACCEPT (degrade 0.0%) - Eval: -0.274%, Val: 0.184%
[I 2025-10-25 04:38:59,917] Trial 858 finished with value: -0.274 and parameters: {'w_boll': 0.33683378817873555, 'w_rsi': 0.3646709449375243, 'w_mom': 0.13220567090017846, 'w_vwap': 0.5718235713384169, 'w_orb': 1.8392958482128858, 'w_ofi': 0.41158552713664015, 'w_vol': 1.9986466718634521, 'win_boll': 25, 'win_rsi': 24, 'win_mom': 6, 'win_vwap': 12, 'orb_opening_bars': 48, 'vol_window': 13}. Best is trial 112 with value: 0.33399999999999996.
Trial 859: ACCEPT (degrade -2.7%) - Eval: 0.220%, Val: 0.226%
[I 2025-10-25 04:39:00,772] Trial 859 finished with value: 0.21999999999999997 and parameters: {'w_boll': 0.2625808719356667, 'w_rsi': 0.17169483880286707, 'w_mom': 0.2704519077943488, 'w_vwap': 0.6031141670126341, 'w_orb': 1.8136821841522188, 'w_ofi': 0.5384105648930386, 'w_vol': 1.6277298854256907, 'win_boll': 13, 'win_rsi': 7, 'win_mom': 7, 'win_vwap': 14, 'orb_opening_bars': 50, 'vol_window': 12}. Best is trial 112 with value: 0.33399999999999996.
Trial 860: REJECT (overfit 0.0%) - Eval: -0.046%, Val: -0.090%
