[I 2025-10-25 04:43:57,701] Trial 1246 finished with value: 3.469446951953614e-18 and parameters: {'w_boll': 0.3368934749920287, 'w_rsi': 0.21355318739097873, 'w_mom': 1.1788860751283172, 'w_vwap': 0.9481418836914608, 'w_orb': 1.8798631055960893, 'w_ofi': 1.7728927185768633, 'w_vol': 1.8696745667349357, 'win_boll': 15, 'win_rsi': 7, 'win_mom': 5, 'win_vwap': 11, 'orb_opening_bars': 29, 'vol_window': 10}. Best is trial 868 with value: 0.384.
Trial 1247: ACCEPT (degrade 0.0%) - Eval: -0.052%, Val: 0.088%
[I 2025-10-25 04:43:58,458] Trial 1247 finished with value: -0.052000000000000005 and parameters: {'w_boll': 0.4372791808325211, 'w_rsi': 1.0447657770220626, 'w_mom': 1.2683589184293125, 'w_vwap': 0.6744945361694484, 'w_orb': 1.9432291483195334, 'w_ofi': 1.9672395645526155, 'w_vol': 1.6635772966363704, 'win_boll': 14, 'win_rsi': 5, 'win_mom': 4, 'win_vwap': 13, 'orb_opening_bars': 50, 'vol_window': 15}. Best is trial 868 with value: 0.384.Best trial: 868. Best value: 0.384:  63%|██████▎   | 1264/2000 [16:08<09:20,  1.31it/s]Best trial: 868. Best value: 0.384:  63%|██████▎   | 1264/2000 [16:08<09:20,  1.31it/s]Best trial: 868. Best value: 0.384:  63%|██████▎   | 1265/2000 [16:08<09:32,  1.28it/s]                                                                                       Best trial: 868. Best value: 0.384:  63%|██████▎   | 1265/2000 [16:08<09:32,  1.28it/s]Best trial: 868. Best value: 0.384:  63%|██████▎   | 1265/2000 [16:08<09:32,  1.28it/s]Best trial: 868. Best value: 0.384:  63%|██████▎   | 1266/2000 [16:08<09:27,  1.29it/s]                                                                                       Best trial: 868. Best value: 0.384:  63%|██████▎   | 1266/2000 [16:09<09:27,  1.29it/s]Best trial: 868. Best value: 0.384:  63%|██████▎   | 1266/2000 [16:09<09:27,  1.29it/s]Best trial: 868. Best value: 0.384:  63%|██████▎   | 1267/2000 [16:09<09:25,  1.30it/s]                                                                                       Best trial: 868. Best value: 0.384:  63%|██████▎   | 1267/2000 [16:10<09:25,  1.30it/s]Best trial: 868. Best value: 0.384:  63%|██████▎   | 1267/2000 [16:10<09:25,  1.30it/s]Best trial: 868. Best value: 0.384:  63%|██████▎   | 1268/2000 [16:10<09:32,  1.28it/s]                                                                                       Best trial: 868. Best value: 0.384:  63%|██████▎   | 1268/2000 [16:11<09:32,  1.28it/s]Best trial: 868. Best value: 0.384:  63%|██████▎   | 1268/2000 [16:11<09:32,  1.28it/s]Best trial: 868. Best value: 0.384:  63%|██████▎   | 1269/2000 [16:11<09:28,  1.29it/s]                                                                                       Best trial: 868. Best value: 0.384:  63%|██████▎   | 1269/2000 [16:12<09:28,  1.29it/s]Best trial: 868. Best value: 0.384:  63%|██████▎   | 1269/2000 [16:12<09:28,  1.29it/s]Best trial: 868. Best value: 0.384:  64%|██████▎   | 1270/2000 [16:12<09:22,  1.30it/s]                                                                                       Best trial: 868. Best value: 0.384:  64%|██████▎   | 1270/2000 [16:12<09:22,  1.30it/s]Best trial: 868. Best value: 0.384:  64%|██████▎   | 1270/2000 [16:12<09:22,  1.30it/s]Best trial: 868. Best value: 0.384:  64%|██████▎   | 1271/2000 [16:12<09:28,  1.28it/s]                                                                                       Best trial: 868. Best value: 0.384:  64%|██████▎   | 1271/2000 [16:13<09:28,  1.28it/s]Best trial: 868. Best value: 0.384:  64%|██████▎   | 1271/2000 [16:13<09:28,  1.28it/s]Best trial: 868. Best value: 0.384:  64%|██████▎   | 1272/2000 [16:13<09:16,  1.31it/s]                                                                                       Best trial: 868. Best value: 0.384:  64%|██████▎   | 1272/2000 [16:14<09:16,  1.31it/s]Best trial: 868. Best value: 0.384:  64%|██████▎   | 1272/2000 [16:14<09:16,  1.31it/s]Best trial: 868. Best value: 0.384:  64%|██████▎   | 1273/2000 [16:14<09:13,  1.31it/s]                                                                                       Best trial: 868. Best value: 0.384:  64%|██████▎   | 1273/2000 [16:15<09:13,  1.31it/s]Best trial: 868. Best value: 0.384:  64%|██████▎   | 1273/2000 [16:15<09:13,  1.31it/s]Best trial: 868. Best value: 0.384:  64%|██████▎   | 1274/2000 [16:15<09:11,  1.32it/s]                                                                                       Best trial: 868. Best value: 0.384:  64%|██████▎   | 1274/2000 [16:15<09:11,  1.32it/s]Best trial: 868. Best value: 0.384:  64%|██████▎   | 1274/2000 [16:15<09:11,  1.32it/s]Best trial: 868. Best value: 0.384:  64%|██████▍   | 1275/2000 [16:15<09:09,  1.32it/s]                                                                                       Best trial: 868. Best value: 0.384:  64%|██████▍   | 1275/2000 [16:16<09:09,  1.32it/s]Best trial: 868. Best value: 0.384:  64%|██████▍   | 1275/2000 [16:16<09:09,  1.32it/s]Best trial: 868. Best value: 0.384:  64%|██████▍   | 1276/2000 [16:16<09:08,  1.32it/s]                                                                                       Best trial: 868. Best value: 0.384:  64%|██████▍   | 1276/2000 [16:17<09:08,  1.32it/s]Best trial: 868. Best value: 0.384:  64%|██████▍   | 1276/2000 [16:17<09:08,  1.32it/s]Best trial: 868. Best value: 0.384:  64%|██████▍   | 1277/2000 [16:17<09:07,  1.32it/s]                                                                                       Best trial: 868. Best value: 0.384:  64%|██████▍   | 1277/2000 [16:18<09:07,  1.32it/s]Best trial: 868. Best value: 0.384:  64%|██████▍   | 1277/2000 [16:18<09:07,  1.32it/s]Best trial: 868. Best value: 0.384:  64%|██████▍   | 1278/2000 [16:18<09:05,  1.32it/s]                                                                                       Best trial: 868. Best value: 0.384:  64%|██████▍   | 1278/2000 [16:18<09:05,  1.32it/s]Best trial: 868. Best value: 0.384:  64%|██████▍   | 1278/2000 [16:18<09:05,  1.32it/s]Best trial: 868. Best value: 0.384:  64%|██████▍   | 1279/2000 [16:18<09:16,  1.30it/s]                                                                                       Best trial: 868. Best value: 0.384:  64%|██████▍   | 1279/2000 [16:19<09:16,  1.30it/s]Best trial: 868. Best value: 0.384:  64%|██████▍   | 1279/2000 [16:19<09:16,  1.30it/s]Best trial: 868. Best value: 0.384:  64%|██████▍   | 1280/2000 [16:19<09:06,  1.32it/s]                                                                                       Best trial: 868. Best value: 0.384:  64%|██████▍   | 1280/2000 [16:20<09:06,  1.32it/s]Best trial: 868. Best value: 0.384:  64%|██████▍   | 1280/2000 [16:20<09:06,  1.32it/s]Best trial: 868. Best value: 0.384:  64%|██████▍   | 1281/2000 [16:20<09:04,  1.32it/s]                                                                                       
Trial 1248: REJECT (overfit 27.1%) - Eval: 0.118%, Val: 0.086%
[I 2025-10-25 04:43:59,219] Trial 1248 finished with value: -999.0 and parameters: {'w_boll': 0.21941575764068844, 'w_rsi': 0.5337631735912454, 'w_mom': 0.2898534798067491, 'w_vwap': 0.7310217973655783, 'w_orb': 1.8132729887056123, 'w_ofi': 1.8646778731641713, 'w_vol': 1.1666273539150716, 'win_boll': 12, 'win_rsi': 16, 'win_mom': 3, 'win_vwap': 11, 'orb_opening_bars': 48, 'vol_window': 41}. Best is trial 868 with value: 0.384.
Trial 1249: ACCEPT (degrade -731.2%) - Eval: 0.032%, Val: 0.266%
[I 2025-10-25 04:43:59,976] Trial 1249 finished with value: 0.032 and parameters: {'w_boll': 0.26811249914514795, 'w_rsi': 0.42736686345118063, 'w_mom': 0.134077308996906, 'w_vwap': 0.7667888516192379, 'w_orb': 1.9993396403041015, 'w_ofi': 1.914316470984249, 'w_vol': 1.9084832552958382, 'win_boll': 14, 'win_rsi': 6, 'win_mom': 6, 'win_vwap': 12, 'orb_opening_bars': 49, 'vol_window': 11}. Best is trial 868 with value: 0.384.
Trial 1250: ACCEPT (degrade 0.0%) - Eval: -0.132%, Val: 0.260%
[I 2025-10-25 04:44:00,818] Trial 1250 finished with value: -0.13199999999999998 and parameters: {'w_boll': 0.39843521350795635, 'w_rsi': 0.1567719810091579, 'w_mom': 0.1979651362570424, 'w_vwap': 0.6103771730974609, 'w_orb': 1.941427124065695, 'w_ofi': 0.4025531007605309, 'w_vol': 1.787116929663854, 'win_boll': 13, 'win_rsi': 7, 'win_mom': 4, 'win_vwap': 15, 'orb_opening_bars': 50, 'vol_window': 13}. Best is trial 868 with value: 0.384.
Trial 1251: ACCEPT (degrade 0.0%) - Eval: -0.050%, Val: 0.200%
[I 2025-10-25 04:44:01,604] Trial 1251 finished with value: -0.05 and parameters: {'w_boll': 0.31458104334393416, 'w_rsi': 0.2582639231114977, 'w_mom': 1.3653982709569232, 'w_vwap': 0.6939056367064877, 'w_orb': 1.8556760547208884, 'w_ofi': 0.6495266154445934, 'w_vol': 1.8442131907276995, 'win_boll': 18, 'win_rsi': 6, 'win_mom': 10, 'win_vwap': 25, 'orb_opening_bars': 27, 'vol_window': 14}. Best is trial 868 with value: 0.384.
Trial 1252: ACCEPT (degrade 0.0%) - Eval: -0.338%, Val: -0.093%
[I 2025-10-25 04:44:02,359] Trial 1252 finished with value: -0.33799999999999997 and parameters: {'w_boll': 1.6059749561472043, 'w_rsi': 0.32168423772340127, 'w_mom': 1.3106262983358064, 'w_vwap': 0.6493501623538647, 'w_orb': 1.1293300580948138, 'w_ofi': 1.8041176902736908, 'w_vol': 1.9273970436409409, 'win_boll': 29, 'win_rsi': 6, 'win_mom': 3, 'win_vwap': 10, 'orb_opening_bars': 47, 'vol_window': 10}. Best is trial 868 with value: 0.384.
Trial 1253: ACCEPT (degrade -385.4%) - Eval: 0.082%, Val: 0.398%
[I 2025-10-25 04:44:03,113] Trial 1253 finished with value: 0.08200000000000003 and parameters: {'w_boll': 0.3710056469664002, 'w_rsi': 0.3564187054878169, 'w_mom': 0.17074053487459684, 'w_vwap': 0.5792398101287678, 'w_orb': 1.8923631494527664, 'w_ofi': 1.9290664246008278, 'w_vol': 1.8785246035780954, 'win_boll': 15, 'win_rsi': 7, 'win_mom': 13, 'win_vwap': 17, 'orb_opening_bars': 49, 'vol_window': 12}. Best is trial 868 with value: 0.384.
Trial 1254: ACCEPT (degrade 0.0%) - Eval: -0.046%, Val: 0.056%
[I 2025-10-25 04:44:03,844] Trial 1254 finished with value: -0.045999999999999985 and parameters: {'w_boll': 0.44790169108244465, 'w_rsi': 0.22432203716272714, 'w_mom': 0.3602758944793789, 'w_vwap': 0.8242247259021244, 'w_orb': 0.7551772719708196, 'w_ofi': 0.3508264167000519, 'w_vol': 1.8071652907664273, 'win_boll': 17, 'win_rsi': 8, 'win_mom': 12, 'win_vwap': 20, 'orb_opening_bars': 24, 'vol_window': 11}. Best is trial 868 with value: 0.384.
Trial 1255: ACCEPT (degrade 0.0%) - Eval: -0.148%, Val: 0.346%
[I 2025-10-25 04:44:04,593] Trial 1255 finished with value: -0.14800000000000002 and parameters: {'w_boll': 0.2960021871417234, 'w_rsi': 0.47352637148133797, 'w_mom': 0.22264097641509095, 'w_vwap': 0.7206656320811485, 'w_orb': 1.960807990104039, 'w_ofi': 0.46325967613814323, 'w_vol': 1.968353151389946, 'win_boll': 11, 'win_rsi': 11, 'win_mom': 5, 'win_vwap': 12, 'orb_opening_bars': 49, 'vol_window': 10}. Best is trial 868 with value: 0.384.
Trial 1256: ACCEPT (degrade 0.0%) - Eval: -0.132%, Val: 0.164%
[I 2025-10-25 04:44:05,355] Trial 1256 finished with value: -0.13199999999999998 and parameters: {'w_boll': 0.3451090843876206, 'w_rsi': 0.2909477850537412, 'w_mom': 1.502759969171877, 'w_vwap': 0.7687035761213847, 'w_orb': 1.9135669679835672, 'w_ofi': 0.73078686286621, 'w_vol': 1.7165570670518118, 'win_boll': 13, 'win_rsi': 5, 'win_mom': 7, 'win_vwap': 14, 'orb_opening_bars': 48, 'vol_window': 12}. Best is trial 868 with value: 0.384.
Trial 1257: ACCEPT (degrade 11.9%) - Eval: 0.176%, Val: 0.155%
[I 2025-10-25 04:44:06,107] Trial 1257 finished with value: 0.17600000000000002 and parameters: {'w_boll': 0.403328937814915, 'w_rsi': 0.40144858013045204, 'w_mom': 1.212740845928612, 'w_vwap': 0.631613813076437, 'w_orb': 1.7616985595520245, 'w_ofi': 1.9675695020211592, 'w_vol': 1.218122028369423, 'win_boll': 14, 'win_rsi': 6, 'win_mom': 4, 'win_vwap': 11, 'orb_opening_bars': 30, 'vol_window': 11}. Best is trial 868 with value: 0.384.
Trial 1258: ACCEPT (degrade 0.0%) - Eval: -0.012%, Val: 0.341%
[I 2025-10-25 04:44:06,876] Trial 1258 finished with value: -0.011999999999999988 and parameters: {'w_boll': 0.47887063979361727, 'w_rsi': 0.1733246268418136, 'w_mom': 0.140598802926105, 'w_vwap': 0.8939981706812314, 'w_orb': 1.821947027538401, 'w_ofi': 0.7681341818333723, 'w_vol': 1.2745061038550212, 'win_boll': 16, 'win_rsi': 5, 'win_mom': 3, 'win_vwap': 13, 'orb_opening_bars': 50, 'vol_window': 13}. Best is trial 868 with value: 0.384.
Trial 1259: ACCEPT (degrade 0.0%) - Eval: -0.022%, Val: 0.321%
[I 2025-10-25 04:44:07,646] Trial 1259 finished with value: -0.022000000000000013 and parameters: {'w_boll': 0.4336620940591682, 'w_rsi': 0.31337316462201503, 'w_mom': 0.25762415203314976, 'w_vwap': 0.48471532958464403, 'w_orb': 1.870359510003134, 'w_ofi': 0.42257361150337724, 'w_vol': 1.762301012598358, 'win_boll': 12, 'win_rsi': 7, 'win_mom': 8, 'win_vwap': 10, 'orb_opening_bars': 48, 'vol_window': 17}. Best is trial 868 with value: 0.384.
Trial 1260: ACCEPT (degrade 0.0%) - Eval: -0.060%, Val: 0.074%
[I 2025-10-25 04:44:08,428] Trial 1260 finished with value: -0.06 and parameters: {'w_boll': 0.2442485088860633, 'w_rsi': 0.25309857898956917, 'w_mom': 1.4090493686913914, 'w_vwap': 0.6944844929433031, 'w_orb': 1.9578204229704534, 'w_ofi': 0.5302262388718975, 'w_vol': 1.8455721890210448, 'win_boll': 15, 'win_rsi': 8, 'win_mom': 5, 'win_vwap': 12, 'orb_opening_bars': 47, 'vol_window': 10}. Best is trial 868 with value: 0.384.
Trial 1261: ACCEPT (degrade 0.0%) - Eval: -0.498%, Val: 0.309%
[I 2025-10-25 04:44:09,201] Trial 1261 finished with value: -0.49800000000000005 and parameters: {'w_boll': 0.36860718692368, 'w_rsi': 0.3660734292326321, 'w_mom': 0.1004228148214659, 'w_vwap': 0.5509371979740776, 'w_orb': 1.9232149723080347, 'w_ofi': 1.8973547997692275, 'w_vol': 1.1107902565308094, 'win_boll': 44, 'win_rsi': 6, 'win_mom': 6, 'win_vwap': 37, 'orb_opening_bars': 50, 'vol_window': 11}. Best is trial 868 with value: 0.384.
Trial 1262: ACCEPT (degrade -616.7%) - Eval: 0.018%, Val: 0.129%
[I 2025-10-25 04:44:09,942] Trial 1262 finished with value: 0.018000000000000016 and parameters: {'w_boll': 0.3173284211328755, 'w_rsi': 0.45615970567238895, 'w_mom': 0.19789259516685181, 'w_vwap': 1.7815126908069105, 'w_orb': 1.8980305434875149, 'w_ofi': 1.8406072407396565, 'w_vol': 0.96341698750976, 'win_boll': 13, 'win_rsi': 5, 'win_mom': 9, 'win_vwap': 31, 'orb_opening_bars': 49, 'vol_window': 14}. Best is trial 868 with value: 0.384.
Trial 1263: ACCEPT (degrade 11.7%) - Eval: 0.120%, Val: 0.106%
[I 2025-10-25 04:44:10,702] Trial 1263 finished with value: 0.12000000000000004 and parameters: {'w_boll': 0.18089077031891918, 'w_rsi': 0.22012786093569423, 'w_mom': 1.2573159438113317, 'w_vwap': 0.7440425413916305, 'w_orb': 1.970011357574791, 'w_ofi': 0.678688132567216, 'w_vol': 1.8951046666372704, 'win_boll': 11, 'win_rsi': 7, 'win_mom': 4, 'win_vwap': 11, 'orb_opening_bars': 48, 'vol_window': 12}. Best is trial 868 with value: 0.384.
Trial 1264: REJECT (overfit 168.0%) - Eval: 0.178%, Val: -0.121%
[I 2025-10-25 04:44:11,522] Trial 1264 finished with value: -999.0 and parameters: {'w_boll': 0.40421615088110957, 'w_rsi': 0.281388789063567, 'w_mom': 1.3320675228132284, 'w_vwap': 0.6643367587502864, 'w_orb': 1.8408077420817535, 'w_ofi': 1.9978054788501518, 'w_vol': 1.9586179099537484, 'win_boll': 14, 'win_rsi': 6, 'win_mom': 3, 'win_vwap': 33, 'orb_opening_bars': 49, 'vol_window': 11}. Best is trial 868 with value: 0.384.Best trial: 868. Best value: 0.384:  64%|██████▍   | 1281/2000 [16:21<09:04,  1.32it/s]Best trial: 868. Best value: 0.384:  64%|██████▍   | 1281/2000 [16:21<09:04,  1.32it/s]Best trial: 868. Best value: 0.384:  64%|██████▍   | 1282/2000 [16:21<09:04,  1.32it/s]                                                                                       Best trial: 868. Best value: 0.384:  64%|██████▍   | 1282/2000 [16:21<09:04,  1.32it/s]Best trial: 868. Best value: 0.384:  64%|██████▍   | 1282/2000 [16:21<09:04,  1.32it/s]Best trial: 868. Best value: 0.384:  64%|██████▍   | 1283/2000 [16:21<09:12,  1.30it/s]                                                                                       Best trial: 868. Best value: 0.384:  64%|██████▍   | 1283/2000 [16:22<09:12,  1.30it/s]Best trial: 868. Best value: 0.384:  64%|██████▍   | 1283/2000 [16:22<09:12,  1.30it/s]Best trial: 868. Best value: 0.384:  64%|██████▍   | 1284/2000 [16:22<09:22,  1.27it/s]                                                                                       Best trial: 868. Best value: 0.384:  64%|██████▍   | 1284/2000 [16:23<09:22,  1.27it/s]Best trial: 868. Best value: 0.384:  64%|██████▍   | 1284/2000 [16:23<09:22,  1.27it/s]Best trial: 868. Best value: 0.384:  64%|██████▍   | 1285/2000 [16:23<09:10,  1.30it/s]                                                                                       Best trial: 868. Best value: 0.384:  64%|██████▍   | 1285/2000 [16:24<09:10,  1.30it/s]Best trial: 868. Best value: 0.384:  64%|██████▍   | 1285/2000 [16:24<09:10,  1.30it/s]Best trial: 868. Best value: 0.384:  64%|██████▍   | 1286/2000 [16:24<09:04,  1.31it/s]                                                                                       Best trial: 868. Best value: 0.384:  64%|██████▍   | 1286/2000 [16:25<09:04,  1.31it/s]Best trial: 868. Best value: 0.384:  64%|██████▍   | 1286/2000 [16:25<09:04,  1.31it/s]Best trial: 868. Best value: 0.384:  64%|██████▍   | 1287/2000 [16:25<09:09,  1.30it/s]                                                                                       Best trial: 868. Best value: 0.384:  64%|██████▍   | 1287/2000 [16:25<09:09,  1.30it/s]Best trial: 868. Best value: 0.384:  64%|██████▍   | 1287/2000 [16:25<09:09,  1.30it/s]Best trial: 868. Best value: 0.384:  64%|██████▍   | 1288/2000 [16:25<09:04,  1.31it/s]                                                                                       Best trial: 868. Best value: 0.384:  64%|██████▍   | 1288/2000 [16:26<09:04,  1.31it/s]Best trial: 868. Best value: 0.384:  64%|██████▍   | 1288/2000 [16:26<09:04,  1.31it/s]Best trial: 868. Best value: 0.384:  64%|██████▍   | 1289/2000 [16:26<08:56,  1.32it/s]                                                                                       Best trial: 868. Best value: 0.384:  64%|██████▍   | 1289/2000 [16:28<08:56,  1.32it/s]Best trial: 868. Best value: 0.384:  64%|██████▍   | 1289/2000 [16:28<08:56,  1.32it/s]Best trial: 868. Best value: 0.384:  64%|██████▍   | 1290/2000 [16:28<12:46,  1.08s/it]                                                                                       Best trial: 868. Best value: 0.384:  64%|██████▍   | 1290/2000 [16:29<12:46,  1.08s/it]Best trial: 868. Best value: 0.384:  64%|██████▍   | 1290/2000 [16:29<12:46,  1.08s/it]Best trial: 868. Best value: 0.384:  65%|██████▍   | 1291/2000 [16:29<11:36,  1.02it/s]                                                                                       Best trial: 868. Best value: 0.384:  65%|██████▍   | 1291/2000 [16:29<11:36,  1.02it/s]Best trial: 868. Best value: 0.384:  65%|██████▍   | 1291/2000 [16:29<11:36,  1.02it/s]Best trial: 868. Best value: 0.384:  65%|██████▍   | 1292/2000 [16:29<10:48,  1.09it/s]                                                                                       Best trial: 868. Best value: 0.384:  65%|██████▍   | 1292/2000 [16:30<10:48,  1.09it/s]Best trial: 868. Best value: 0.384:  65%|██████▍   | 1292/2000 [16:30<10:48,  1.09it/s]Best trial: 868. Best value: 0.384:  65%|██████▍   | 1293/2000 [16:30<10:08,  1.16it/s]                                                                                       Best trial: 868. Best value: 0.384:  65%|██████▍   | 1293/2000 [16:31<10:08,  1.16it/s]Best trial: 868. Best value: 0.384:  65%|██████▍   | 1293/2000 [16:31<10:08,  1.16it/s]Best trial: 868. Best value: 0.384:  65%|██████▍   | 1294/2000 [16:31<09:45,  1.21it/s]                                                                                       Best trial: 868. Best value: 0.384:  65%|██████▍   | 1294/2000 [16:32<09:45,  1.21it/s]Best trial: 868. Best value: 0.384:  65%|██████▍   | 1294/2000 [16:32<09:45,  1.21it/s]Best trial: 868. Best value: 0.384:  65%|██████▍   | 1295/2000 [16:32<09:38,  1.22it/s]                                                                                       Best trial: 868. Best value: 0.384:  65%|██████▍   | 1295/2000 [16:32<09:38,  1.22it/s]Best trial: 868. Best value: 0.384:  65%|██████▍   | 1295/2000 [16:32<09:38,  1.22it/s]Best trial: 868. Best value: 0.384:  65%|██████▍   | 1296/2000 [16:32<09:24,  1.25it/s]                                                                                       Best trial: 868. Best value: 0.384:  65%|██████▍   | 1296/2000 [16:33<09:24,  1.25it/s]Best trial: 868. Best value: 0.384:  65%|██████▍   | 1296/2000 [16:33<09:24,  1.25it/s]Best trial: 868. Best value: 0.384:  65%|██████▍   | 1297/2000 [16:33<09:12,  1.27it/s]                                                                                       Best trial: 868. Best value: 0.384:  65%|██████▍   | 1297/2000 [16:34<09:12,  1.27it/s]Best trial: 868. Best value: 0.384:  65%|██████▍   | 1297/2000 [16:34<09:12,  1.27it/s]Best trial: 868. Best value: 0.384:  65%|██████▍   | 1298/2000 [16:34<09:04,  1.29it/s]                                                                                       
Trial 1265: ACCEPT (degrade 0.0%) - Eval: -0.156%, Val: 0.164%
