[I 2025-10-25 04:31:38,302] Trial 278 finished with value: 0.09199999999999996 and parameters: {'w_boll': 0.42161527033042634, 'w_rsi': 0.4062444176683066, 'w_mom': 0.10090454785074165, 'w_vwap': 0.7149606064622404, 'w_orb': 1.996142052164299, 'w_ofi': 0.5872683270006384, 'w_vol': 1.7689899574860863, 'win_boll': 10, 'win_rsi': 8, 'win_mom': 4, 'win_vwap': 11, 'orb_opening_bars': 49, 'vol_window': 14}. Best is trial 112 with value: 0.33399999999999996.
Trial 279: ACCEPT (degrade 0.0%) - Eval: -0.116%, Val: 0.132%
[I 2025-10-25 04:31:39,020] Trial 279 finished with value: -0.11599999999999999 and parameters: {'w_boll': 0.4562505770421538, 'w_rsi': 1.1408958967354823, 'w_mom': 0.15419547186709207, 'w_vwap': 0.7939357366363514, 'w_orb': 1.6734155227364091, 'w_ofi': 0.6327277301156193, 'w_vol': 1.8291545117215078, 'win_boll': 20, 'win_rsi': 7, 'win_mom': 5, 'win_vwap': 13, 'orb_opening_bars': 48, 'vol_window': 13}. Best is trial 112 with value: 0.33399999999999996.
Trial 280: REJECT (overfit 41.3%) - Eval: 0.346%, Val: 0.203%
[I 2025-10-25 04:31:39,784] Trial 280 finished with value: -999.0 and parameters: {'w_boll': 0.49297682677774896, 'w_rsi': 0.2107227789386091, 'w_mom': 0.15951273964339144, 'w_vwap': 0.5195166462207613, 'w_orb': 1.9621736803259886, 'w_ofi': 0.7073651545950592, 'w_vol': 1.9355842532755032, 'win_boll': 13, 'win_rsi': 6, 'win_mom': 5, 'win_vwap': 12, 'orb_opening_bars': 49, 'vol_window': 12}. Best is trial 112 with value: 0.33399999999999996.
Trial 281: ACCEPT (degrade 0.0%) - Eval: -0.142%, Val: 0.070%
[I 2025-10-25 04:31:40,547] Trial 281 finished with value: -0.142 and parameters: {'w_boll': 1.3412941548753696, 'w_rsi': 1.737417481961625, 'w_mom': 1.8383351934212995, 'w_vwap': 0.6107523899070535, 'w_orb': 1.9386980553520017, 'w_ofi': 0.7778596997672604, 'w_vol': 1.803312484324246, 'win_boll': 11, 'win_rsi': 17, 'win_mom': 6, 'win_vwap': 10, 'orb_opening_bars': 47, 'vol_window': 12}. Best is trial 112 with value: 0.33399999999999996.
Trial 282: ACCEPT (degrade -544.4%) - Eval: 0.018%, Val: 0.116%
[I 2025-10-25 04:31:41,289] Trial 282 finished with value: 0.018000000000000002 and parameters: {'w_boll': 0.4238211202492149, 'w_rsi': 0.5242768598062617, 'w_mom': 0.19643298725073813, 'w_vwap': 0.7501096847955061, 'w_orb': 1.7723010235533034, 'w_ofi': 1.7899230493999836, 'w_vol': 1.9830968019500692, 'win_boll': 18, 'win_rsi': 5, 'win_mom': 4, 'win_vwap': 12, 'orb_opening_bars': 50, 'vol_window': 10}. Best is trial 112 with value: 0.33399999999999996.
Trial 283: ACCEPT (degrade 0.0%) - Eval: -0.078%, Val: 0.134%
[I 2025-10-25 04:31:42,025] Trial 283 finished with value: -0.07799999999999999 and parameters: {'w_boll': 0.5602626271918021, 'w_rsi': 0.24972845168730876, 'w_mom': 0.10157701010060824, 'w_vwap': 0.6907457045310048, 'w_orb': 1.9717411444874673, 'w_ofi': 0.6813777535434267, 'w_vol': 1.7197336205975795, 'win_boll': 12, 'win_rsi': 8, 'win_mom': 4, 'win_vwap': 14, 'orb_opening_bars': 46, 'vol_window': 11}. Best is trial 112 with value: 0.33399999999999996.
Trial 284: ACCEPT (degrade -962.5%) - Eval: 0.024%, Val: 0.255%
[I 2025-10-25 04:31:42,768] Trial 284 finished with value: 0.024000000000000007 and parameters: {'w_boll': 0.46799185382812625, 'w_rsi': 0.47154617965585044, 'w_mom': 0.1400013141753275, 'w_vwap': 0.5601008706807654, 'w_orb': 1.9179230964933496, 'w_ofi': 0.7245079880959319, 'w_vol': 1.8665675946795766, 'win_boll': 14, 'win_rsi': 7, 'win_mom': 4, 'win_vwap': 11, 'orb_opening_bars': 48, 'vol_window': 13}. Best is trial 112 with value: 0.33399999999999996.
Trial 285: ACCEPT (degrade -190.0%) - Eval: 0.110%, Val: 0.319%
[I 2025-10-25 04:31:43,506] Trial 285 finished with value: 0.10999999999999999 and parameters: {'w_boll': 0.5249495779216355, 'w_rsi': 0.38676270635959226, 'w_mom': 0.1728634388666354, 'w_vwap': 0.8064817047282397, 'w_orb': 1.704459854121634, 'w_ofi': 0.6118726187643556, 'w_vol': 1.7579215649423314, 'win_boll': 11, 'win_rsi': 7, 'win_mom': 5, 'win_vwap': 13, 'orb_opening_bars': 50, 'vol_window': 15}. Best is trial 112 with value: 0.33399999999999996.
Trial 286: ACCEPT (degrade -341.2%) - Eval: 0.068%, Val: 0.300%
[I 2025-10-25 04:31:44,250] Trial 286 finished with value: 0.06799999999999999 and parameters: {'w_boll': 0.401355954545509, 'w_rsi': 0.3628605276959939, 'w_mom': 1.125534294833324, 'w_vwap': 0.6325578943490117, 'w_orb': 1.8223684834241167, 'w_ofi': 0.6557193299500041, 'w_vol': 1.917887621666537, 'win_boll': 15, 'win_rsi': 6, 'win_mom': 3, 'win_vwap': 11, 'orb_opening_bars': 44, 'vol_window': 11}. Best is trial 112 with value: 0.33399999999999996.
Trial 287: ACCEPT (degrade 0.0%) - Eval: -0.172%, Val: 0.340%
[I 2025-10-25 04:31:45,010] Trial 287 finished with value: -0.172 and parameters: {'w_boll': 0.4445984768035537, 'w_rsi': 0.4330854968999628, 'w_mom': 1.5861353677180796, 'w_vwap': 0.7309399324251571, 'w_orb': 1.9932342478977678, 'w_ofi': 0.7552847619730786, 'w_vol': 1.320828839239676, 'win_boll': 19, 'win_rsi': 9, 'win_mom': 4, 'win_vwap': 10, 'orb_opening_bars': 47, 'vol_window': 12}. Best is trial 112 with value: 0.33399999999999996.
Trial 288: ACCEPT (degrade -35.5%) - Eval: 0.186%, Val: 0.252%
[I 2025-10-25 04:31:45,768] Trial 288 finished with value: 0.186 and parameters: {'w_boll': 0.49209335022972567, 'w_rsi': 0.27227971126831607, 'w_mom': 0.20260370728908256, 'w_vwap': 0.8598859429637673, 'w_orb': 1.6489031448009548, 'w_ofi': 0.5603032655890791, 'w_vol': 1.8350278112062162, 'win_boll': 10, 'win_rsi': 7, 'win_mom': 3, 'win_vwap': 12, 'orb_opening_bars': 45, 'vol_window': 14}. Best is trial 112 with value: 0.33399999999999996.
Trial 289: ACCEPT (degrade -83.7%) - Eval: 0.086%, Val: 0.158%
[I 2025-10-25 04:31:46,510] Trial 289 finished with value: 0.086 and parameters: {'w_boll': 0.4933735295134058, 'w_rsi': 0.2406617320609971, 'w_mom': 0.2241328559535265, 'w_vwap': 0.9410586670034606, 'w_orb': 1.5974297992156432, 'w_ofi': 0.5577987508774165, 'w_vol': 1.6755375489987345, 'win_boll': 10, 'win_rsi': 6, 'win_mom': 3, 'win_vwap': 10, 'orb_opening_bars': 49, 'vol_window': 15}. Best is trial 112 with value: 0.33399999999999996.
Trial 290: ACCEPT (degrade 0.0%) - Eval: -0.054%, Val: 0.181%
[I 2025-10-25 04:31:47,255] Trial 290 finished with value: -0.05400000000000003 and parameters: {'w_boll': 0.6094586385647532, 'w_rsi': 0.2627083440659633, 'w_mom': 0.5727100450518918, 'w_vwap': 0.8524890880037161, 'w_orb': 1.5192767407670047, 'w_ofi': 0.5972290121214405, 'w_vol': 1.7942304745343571, 'win_boll': 10, 'win_rsi': 8, 'win_mom': 3, 'win_vwap': 13, 'orb_opening_bars': 49, 'vol_window': 14}. Best is trial 112 with value: 0.33399999999999996.                                                                                      Best trial: 112. Best value: 0.334:  15%|█▌        | 307/2000 [03:56<21:18,  1.32it/s]Best trial: 112. Best value: 0.334:  15%|█▌        | 307/2000 [03:56<21:18,  1.32it/s]Best trial: 112. Best value: 0.334:  15%|█▌        | 308/2000 [03:56<21:56,  1.29it/s]                                                                                      Best trial: 112. Best value: 0.334:  15%|█▌        | 308/2000 [03:57<21:56,  1.29it/s]Best trial: 112. Best value: 0.334:  15%|█▌        | 308/2000 [03:57<21:56,  1.29it/s]Best trial: 112. Best value: 0.334:  15%|█▌        | 309/2000 [03:57<21:33,  1.31it/s]                                                                                      Best trial: 112. Best value: 0.334:  15%|█▌        | 309/2000 [03:58<21:33,  1.31it/s]Best trial: 112. Best value: 0.334:  15%|█▌        | 309/2000 [03:58<21:33,  1.31it/s]Best trial: 112. Best value: 0.334:  16%|█▌        | 310/2000 [03:58<21:18,  1.32it/s]                                                                                      Best trial: 112. Best value: 0.334:  16%|█▌        | 310/2000 [03:58<21:18,  1.32it/s]Best trial: 112. Best value: 0.334:  16%|█▌        | 310/2000 [03:58<21:18,  1.32it/s]Best trial: 112. Best value: 0.334:  16%|█▌        | 311/2000 [03:58<21:08,  1.33it/s]                                                                                      Best trial: 112. Best value: 0.334:  16%|█▌        | 311/2000 [03:59<21:08,  1.33it/s]Best trial: 112. Best value: 0.334:  16%|█▌        | 311/2000 [03:59<21:08,  1.33it/s]Best trial: 112. Best value: 0.334:  16%|█▌        | 312/2000 [03:59<21:14,  1.32it/s]                                                                                      Best trial: 112. Best value: 0.334:  16%|█▌        | 312/2000 [04:00<21:14,  1.32it/s]Best trial: 112. Best value: 0.334:  16%|█▌        | 312/2000 [04:00<21:14,  1.32it/s]Best trial: 112. Best value: 0.334:  16%|█▌        | 313/2000 [04:00<21:05,  1.33it/s]                                                                                      Best trial: 112. Best value: 0.334:  16%|█▌        | 313/2000 [04:01<21:05,  1.33it/s]Best trial: 112. Best value: 0.334:  16%|█▌        | 313/2000 [04:01<21:05,  1.33it/s]Best trial: 112. Best value: 0.334:  16%|█▌        | 314/2000 [04:01<21:02,  1.34it/s]                                                                                      Best trial: 112. Best value: 0.334:  16%|█▌        | 314/2000 [04:01<21:02,  1.34it/s]Best trial: 112. Best value: 0.334:  16%|█▌        | 314/2000 [04:01<21:02,  1.34it/s]Best trial: 112. Best value: 0.334:  16%|█▌        | 315/2000 [04:01<21:01,  1.34it/s]                                                                                      Best trial: 112. Best value: 0.334:  16%|█▌        | 315/2000 [04:02<21:01,  1.34it/s]Best trial: 112. Best value: 0.334:  16%|█▌        | 315/2000 [04:02<21:01,  1.34it/s]Best trial: 112. Best value: 0.334:  16%|█▌        | 316/2000 [04:02<20:55,  1.34it/s]                                                                                      Best trial: 112. Best value: 0.334:  16%|█▌        | 316/2000 [04:03<20:55,  1.34it/s]Best trial: 112. Best value: 0.334:  16%|█▌        | 316/2000 [04:03<20:55,  1.34it/s]Best trial: 112. Best value: 0.334:  16%|█▌        | 317/2000 [04:03<20:52,  1.34it/s]                                                                                      Best trial: 112. Best value: 0.334:  16%|█▌        | 317/2000 [04:04<20:52,  1.34it/s]Best trial: 112. Best value: 0.334:  16%|█▌        | 317/2000 [04:04<20:52,  1.34it/s]Best trial: 112. Best value: 0.334:  16%|█▌        | 318/2000 [04:04<20:54,  1.34it/s]                                                                                      Best trial: 112. Best value: 0.334:  16%|█▌        | 318/2000 [04:04<20:54,  1.34it/s]Best trial: 112. Best value: 0.334:  16%|█▌        | 318/2000 [04:04<20:54,  1.34it/s]Best trial: 112. Best value: 0.334:  16%|█▌        | 319/2000 [04:04<20:51,  1.34it/s]                                                                                      Best trial: 112. Best value: 0.334:  16%|█▌        | 319/2000 [04:05<20:51,  1.34it/s]Best trial: 112. Best value: 0.334:  16%|█▌        | 319/2000 [04:05<20:51,  1.34it/s]Best trial: 112. Best value: 0.334:  16%|█▌        | 320/2000 [04:05<20:37,  1.36it/s]                                                                                      Best trial: 112. Best value: 0.334:  16%|█▌        | 320/2000 [04:06<20:37,  1.36it/s]Best trial: 112. Best value: 0.334:  16%|█▌        | 320/2000 [04:06<20:37,  1.36it/s]Best trial: 112. Best value: 0.334:  16%|█▌        | 321/2000 [04:06<21:06,  1.33it/s]                                                                                      Best trial: 112. Best value: 0.334:  16%|█▌        | 321/2000 [04:07<21:06,  1.33it/s]Best trial: 112. Best value: 0.334:  16%|█▌        | 321/2000 [04:07<21:06,  1.33it/s]Best trial: 112. Best value: 0.334:  16%|█▌        | 322/2000 [04:07<21:22,  1.31it/s]                                                                                      Best trial: 112. Best value: 0.334:  16%|█▌        | 322/2000 [04:07<21:22,  1.31it/s]Best trial: 112. Best value: 0.334:  16%|█▌        | 322/2000 [04:07<21:22,  1.31it/s]Best trial: 112. Best value: 0.334:  16%|█▌        | 323/2000 [04:07<21:42,  1.29it/s]
Trial 291: REJECT (overfit 271.8%) - Eval: 0.078%, Val: -0.134%
[I 2025-10-25 04:31:47,994] Trial 291 finished with value: -999.0 and parameters: {'w_boll': 0.5311804652149057, 'w_rsi': 0.31718783322193955, 'w_mom': 0.20622890513571535, 'w_vwap': 0.8684074009946755, 'w_orb': 0.11182119562990034, 'w_ofi': 0.559701681194476, 'w_vol': 1.8839515077658497, 'win_boll': 12, 'win_rsi': 7, 'win_mom': 3, 'win_vwap': 40, 'orb_opening_bars': 49, 'vol_window': 10}. Best is trial 112 with value: 0.33399999999999996.
Trial 292: REJECT (overfit 90.2%) - Eval: 0.254%, Val: 0.025%
[I 2025-10-25 04:31:48,734] Trial 292 finished with value: -999.0 and parameters: {'w_boll': 0.4809347123756691, 'w_rsi': 0.31266505782557036, 'w_mom': 0.23438721597294543, 'w_vwap': 0.8120980625469427, 'w_orb': 1.6311108448202485, 'w_ofi': 0.6241724624711814, 'w_vol': 1.8401456894990396, 'win_boll': 11, 'win_rsi': 6, 'win_mom': 6, 'win_vwap': 12, 'orb_opening_bars': 45, 'vol_window': 13}. Best is trial 112 with value: 0.33399999999999996.
Trial 293: REJECT (overfit 115.3%) - Eval: 0.176%, Val: -0.027%
[I 2025-10-25 04:31:49,477] Trial 293 finished with value: -999.0 and parameters: {'w_boll': 0.5703518381442972, 'w_rsi': 0.9154970236690468, 'w_mom': 0.3016817445599851, 'w_vwap': 0.9150473858987994, 'w_orb': 1.9322237396029027, 'w_ofi': 0.8561964035803394, 'w_vol': 1.782143634081299, 'win_boll': 11, 'win_rsi': 7, 'win_mom': 3, 'win_vwap': 11, 'orb_opening_bars': 50, 'vol_window': 11}. Best is trial 112 with value: 0.33399999999999996.
Trial 294: ACCEPT (degrade 0.0%) - Eval: -0.110%, Val: 0.268%
[I 2025-10-25 04:31:50,210] Trial 294 finished with value: -0.11000000000000001 and parameters: {'w_boll': 0.44875750658653124, 'w_rsi': 0.21763050042021106, 'w_mom': 0.17689043407459665, 'w_vwap': 0.8321687339182791, 'w_orb': 1.667529356638627, 'w_ofi': 0.6649541997012386, 'w_vol': 1.852413686063757, 'win_boll': 13, 'win_rsi': 15, 'win_mom': 3, 'win_vwap': 10, 'orb_opening_bars': 48, 'vol_window': 10}. Best is trial 112 with value: 0.33399999999999996.
Trial 295: ACCEPT (degrade -7900.0%) - Eval: 0.002%, Val: 0.160%
[I 2025-10-25 04:31:50,964] Trial 295 finished with value: 0.0020000000000000074 and parameters: {'w_boll': 0.5109138386768444, 'w_rsi': 0.27988583991704225, 'w_mom': 0.14409520952048407, 'w_vwap': 0.7811694851075982, 'w_orb': 0.7029938218961069, 'w_ofi': 0.11387711124852529, 'w_vol': 1.9486183119339935, 'win_boll': 10, 'win_rsi': 5, 'win_mom': 3, 'win_vwap': 11, 'orb_opening_bars': 48, 'vol_window': 14}. Best is trial 112 with value: 0.33399999999999996.
Trial 296: ACCEPT (degrade 0.0%) - Eval: -0.096%, Val: 0.126%
[I 2025-10-25 04:31:51,704] Trial 296 finished with value: -0.096 and parameters: {'w_boll': 0.45870648675422954, 'w_rsi': 0.36185732628104295, 'w_mom': 1.7038769379913707, 'w_vwap': 0.8816499821362979, 'w_orb': 1.468749160901769, 'w_ofi': 0.7975676554428041, 'w_vol': 1.7456087146451418, 'win_boll': 12, 'win_rsi': 8, 'win_mom': 3, 'win_vwap': 12, 'orb_opening_bars': 47, 'vol_window': 13}. Best is trial 112 with value: 0.33399999999999996.
Trial 297: REJECT (overfit 65.6%) - Eval: 0.404%, Val: 0.139%
[I 2025-10-25 04:31:52,450] Trial 297 finished with value: -999.0 and parameters: {'w_boll': 0.3875028008455006, 'w_rsi': 0.41734037592139583, 'w_mom': 0.2772604712412444, 'w_vwap': 0.756289088719907, 'w_orb': 1.888852277094363, 'w_ofi': 0.5866762542499446, 'w_vol': 1.8944172709340958, 'win_boll': 14, 'win_rsi': 7, 'win_mom': 3, 'win_vwap': 13, 'orb_opening_bars': 50, 'vol_window': 11}. Best is trial 112 with value: 0.33399999999999996.
Trial 298: ACCEPT (degrade 0.0%) - Eval: -0.154%, Val: 0.191%
[I 2025-10-25 04:31:53,186] Trial 298 finished with value: -0.154 and parameters: {'w_boll': 0.49084237176324463, 'w_rsi': 0.34362066726411683, 'w_mom': 0.1928092126032681, 'w_vwap': 0.6936605136581974, 'w_orb': 1.9623918752857479, 'w_ofi': 0.7133356429611819, 'w_vol': 1.822948572305824, 'win_boll': 16, 'win_rsi': 6, 'win_mom': 4, 'win_vwap': 14, 'orb_opening_bars': 49, 'vol_window': 12}. Best is trial 112 with value: 0.33399999999999996.
Trial 299: ACCEPT (degrade 0.0%) - Eval: -0.074%, Val: 0.214%
[I 2025-10-25 04:31:53,939] Trial 299 finished with value: -0.074 and parameters: {'w_boll': 0.5347754841055565, 'w_rsi': 0.4748529744676765, 'w_mom': 0.2530873549186127, 'w_vwap': 0.40007225556075243, 'w_orb': 1.9259296576180673, 'w_ofi': 0.5372038315840423, 'w_vol': 1.7961626100158103, 'win_boll': 12, 'win_rsi': 8, 'win_mom': 4, 'win_vwap': 11, 'orb_opening_bars': 48, 'vol_window': 11}. Best is trial 112 with value: 0.33399999999999996.
Trial 300: ACCEPT (degrade 0.0%) - Eval: -0.226%, Val: 0.335%
[I 2025-10-25 04:31:54,685] Trial 300 finished with value: -0.22599999999999998 and parameters: {'w_boll': 0.42896149053732263, 'w_rsi': 0.28128911196279266, 'w_mom': 0.14422690417472125, 'w_vwap': 0.674995089304759, 'w_orb': 1.9998478507718571, 'w_ofi': 0.64399040578862, 'w_vol': 1.8600329298703264, 'win_boll': 11, 'win_rsi': 7, 'win_mom': 5, 'win_vwap': 10, 'orb_opening_bars': 10, 'vol_window': 10}. Best is trial 112 with value: 0.33399999999999996.
Trial 301: ACCEPT (degrade 0.0%) - Eval: -0.026%, Val: 0.111%
[I 2025-10-25 04:31:55,423] Trial 301 finished with value: -0.026000000000000002 and parameters: {'w_boll': 0.37281748318934227, 'w_rsi': 0.40739645008329545, 'w_mom': 0.21718563374282468, 'w_vwap': 0.5859462307646753, 'w_orb': 1.568158913216656, 'w_ofi': 0.7696866058321592, 'w_vol': 1.9117027683135188, 'win_boll': 10, 'win_rsi': 6, 'win_mom': 3, 'win_vwap': 12, 'orb_opening_bars': 45, 'vol_window': 12}. Best is trial 112 with value: 0.33399999999999996.
Trial 302: ACCEPT (degrade 0.0%) - Eval: -0.242%, Val: 0.029%
[I 2025-10-25 04:31:56,168] Trial 302 finished with value: -0.242 and parameters: {'w_boll': 1.6730816647611477, 'w_rsi': 0.5530300034335036, 'w_mom': 0.10134305142331677, 'w_vwap': 0.8419616843708105, 'w_orb': 1.8644642000516434, 'w_ofi': 0.6987365709884625, 'w_vol': 1.7598616205017794, 'win_boll': 13, 'win_rsi': 7, 'win_mom': 5, 'win_vwap': 11, 'orb_opening_bars': 46, 'vol_window': 13}. Best is trial 112 with value: 0.33399999999999996.
Trial 303: ACCEPT (degrade -1020.8%) - Eval: 0.024%, Val: 0.269%
[I 2025-10-25 04:31:56,945] Trial 303 finished with value: 0.023999999999999987 and parameters: {'w_boll': 0.463966414403307, 'w_rsi': 0.4472552811926506, 'w_mom': 0.17402688068119987, 'w_vwap': 0.49732950700589973, 'w_orb': 1.96355191200061, 'w_ofi': 1.8337404633141319, 'w_vol': 1.7224232595837699, 'win_boll': 14, 'win_rsi': 6, 'win_mom': 3, 'win_vwap': 12, 'orb_opening_bars': 47, 'vol_window': 11}. Best is trial 112 with value: 0.33399999999999996.
Trial 304: ACCEPT (degrade 18.4%) - Eval: 0.174%, Val: 0.142%
[I 2025-10-25 04:31:57,723] Trial 304 finished with value: 0.174 and parameters: {'w_boll': 0.5863516028624925, 'w_rsi': 0.37392181432885063, 'w_mom': 0.13631220576327616, 'w_vwap': 0.7307250726923417, 'w_orb': 1.999013025455717, 'w_ofi': 0.7404443157334683, 'w_vol': 1.9997283990314136, 'win_boll': 12, 'win_rsi': 7, 'win_mom': 4, 'win_vwap': 11, 'orb_opening_bars': 50, 'vol_window': 10}. Best is trial 112 with value: 0.33399999999999996.
Trial 305: ACCEPT (degrade 0.0%) - Eval: -0.078%, Val: -0.065%
[I 2025-10-25 04:31:58,475] Trial 305 finished with value: -0.078 and parameters: {'w_boll': 0.6326035505705723, 'w_rsi': 0.3572948534785039, 'w_mom': 0.39296105331041303, 'w_vwap': 0.7229981526288567, 'w_orb': 1.4201288235053635, 'w_ofi': 1.2136334278503145, 'w_vol': 1.9747916536872827, 'win_boll': 11, 'win_rsi': 8, 'win_mom': 4, 'win_vwap': 10, 'orb_opening_bars': 50, 'vol_window': 10}. Best is trial 112 with value: 0.33399999999999996.
Trial 306: ACCEPT (degrade -26.2%) - Eval: 0.290%, Val: 0.366%
