[I 2025-10-25 04:28:33,013] Trial 37 finished with value: -0.386 and parameters: {'w_boll': 0.8543260416242999, 'w_rsi': 0.43148587946210715, 'w_mom': 0.9858207361673792, 'w_vwap': 1.2986500906742222, 'w_orb': 0.8446591310015287, 'w_ofi': 1.9918398872651548, 'w_vol': 1.8031058224758174, 'win_boll': 21, 'win_rsi': 9, 'win_mom': 3, 'win_vwap': 18, 'orb_opening_bars': 40, 'vol_window': 14}. Best is trial 31 with value: 0.11199999999999999.
Trial 38: ACCEPT (degrade 0.0%) - Eval: -0.208%, Val: -0.035%
[I 2025-10-25 04:28:33,781] Trial 38 finished with value: -0.20800000000000002 and parameters: {'w_boll': 0.7601778744033176, 'w_rsi': 1.0392407773142736, 'w_mom': 1.2733682691319839, 'w_vwap': 1.9803226165937784, 'w_orb': 0.5696760737485727, 'w_ofi': 1.7021039123196244, 'w_vol': 0.764160803467256, 'win_boll': 30, 'win_rsi': 6, 'win_mom': 4, 'win_vwap': 10, 'orb_opening_bars': 48, 'vol_window': 20}. Best is trial 31 with value: 0.11199999999999999.
Trial 39: ACCEPT (degrade 0.0%) - Eval: -0.082%, Val: 0.142%
[I 2025-10-25 04:28:34,553] Trial 39 finished with value: -0.08199999999999999 and parameters: {'w_boll': 0.33241624171435535, 'w_rsi': 0.5843606955462703, 'w_mom': 0.9217788751534741, 'w_vwap': 1.7403542823790177, 'w_orb': 0.9916952140025388, 'w_ofi': 1.537443243089122, 'w_vol': 0.6032948427480366, 'win_boll': 17, 'win_rsi': 21, 'win_mom': 6, 'win_vwap': 16, 'orb_opening_bars': 45, 'vol_window': 10}. Best is trial 31 with value: 0.11199999999999999.
Trial 40: REJECT (overfit 0.0%) - Eval: -0.196%, Val: -0.325%
[I 2025-10-25 04:28:35,341] Trial 40 finished with value: -999.0 and parameters: {'w_boll': 0.5262073663129543, 'w_rsi': 0.3299681855936473, 'w_mom': 1.1374106746583772, 'w_vwap': 1.5779406052229696, 'w_orb': 0.2920627875025227, 'w_ofi': 1.8381725779675644, 'w_vol': 0.37401704737396646, 'win_boll': 13, 'win_rsi': 16, 'win_mom': 9, 'win_vwap': 12, 'orb_opening_bars': 43, 'vol_window': 12}. Best is trial 31 with value: 0.11199999999999999.
Trial 41: ACCEPT (degrade 0.0%) - Eval: -0.020%, Val: 0.299%
[I 2025-10-25 04:28:36,158] Trial 41 finished with value: -0.02000000000000001 and parameters: {'w_boll': 0.6808676167342633, 'w_rsi': 1.8630898177063, 'w_mom': 0.7686557084931604, 'w_vwap': 0.8514275601541477, 'w_orb': 1.157923956199499, 'w_ofi': 1.7830288056127084, 'w_vol': 1.5929733597258462, 'win_boll': 29, 'win_rsi': 7, 'win_mom': 4, 'win_vwap': 18, 'orb_opening_bars': 41, 'vol_window': 27}. Best is trial 31 with value: 0.11199999999999999.
Trial 42: ACCEPT (degrade 0.0%) - Eval: -0.248%, Val: 0.091%
[I 2025-10-25 04:28:36,906] Trial 42 finished with value: -0.248 and parameters: {'w_boll': 1.0173344449121695, 'w_rsi': 1.646623083720458, 'w_mom': 0.8796205735107302, 'w_vwap': 1.4879704519662744, 'w_orb': 1.0722778082392423, 'w_ofi': 1.6573829064945786, 'w_vol': 1.4771382798605879, 'win_boll': 24, 'win_rsi': 8, 'win_mom': 4, 'win_vwap': 12, 'orb_opening_bars': 44, 'vol_window': 22}. Best is trial 31 with value: 0.11199999999999999.
Trial 43: ACCEPT (degrade 0.0%) - Eval: -0.284%, Val: 0.318%
[I 2025-10-25 04:28:37,665] Trial 43 finished with value: -0.284 and parameters: {'w_boll': 0.2424263879461033, 'w_rsi': 0.8814391831129518, 'w_mom': 1.0541583111657782, 'w_vwap': 1.1302791629138225, 'w_orb': 1.184149217961316, 'w_ofi': 1.791869712334814, 'w_vol': 1.6602527986501872, 'win_boll': 30, 'win_rsi': 10, 'win_mom': 7, 'win_vwap': 14, 'orb_opening_bars': 48, 'vol_window': 14}. Best is trial 31 with value: 0.11199999999999999.
Trial 44: ACCEPT (degrade 0.0%) - Eval: -0.330%, Val: 0.040%
[I 2025-10-25 04:28:38,467] Trial 44 finished with value: -0.32999999999999996 and parameters: {'w_boll': 1.2349568174023788, 'w_rsi': 1.0789962180558088, 'w_mom': 0.6458413785231821, 'w_vwap': 1.3590106479882085, 'w_orb': 1.3707299921496647, 'w_ofi': 1.9345857393327872, 'w_vol': 1.3201840828605473, 'win_boll': 27, 'win_rsi': 26, 'win_mom': 3, 'win_vwap': 22, 'orb_opening_bars': 40, 'vol_window': 16}. Best is trial 31 with value: 0.11199999999999999.
Trial 45: REJECT (overfit 0.0%) - Eval: -0.066%, Val: -0.083%
[I 2025-10-25 04:28:39,238] Trial 45 finished with value: -999.0 and parameters: {'w_boll': 0.46137620349468933, 'w_rsi': 0.6981280330905896, 'w_mom': 1.2396475434696992, 'w_vwap': 1.8540281696248564, 'w_orb': 1.4943790482800292, 'w_ofi': 1.4636127104188943, 'w_vol': 1.836890796926359, 'win_boll': 35, 'win_rsi': 5, 'win_mom': 5, 'win_vwap': 17, 'orb_opening_bars': 31, 'vol_window': 12}. Best is trial 31 with value: 0.11199999999999999.
Trial 46: ACCEPT (degrade -622.6%) - Eval: 0.062%, Val: 0.448%
[I 2025-10-25 04:28:39,968] Trial 46 finished with value: 0.06200000000000001 and parameters: {'w_boll': 0.155263741803627, 'w_rsi': 0.27537717948013407, 'w_mom': 0.27765671936157427, 'w_vwap': 1.2692548623848923, 'w_orb': 1.2675290972097666, 'w_ofi': 1.6016286722382385, 'w_vol': 1.1565046806014934, 'win_boll': 22, 'win_rsi': 7, 'win_mom': 7, 'win_vwap': 10, 'orb_opening_bars': 35, 'vol_window': 20}. Best is trial 31 with value: 0.11199999999999999.
Trial 47: ACCEPT (degrade 0.0%) - Eval: -0.022%, Val: 0.433%
[I 2025-10-25 04:28:40,735] Trial 47 finished with value: -0.02200000000000002 and parameters: {'w_boll': 0.10482304795187018, 'w_rsi': 0.4778627969400488, 'w_mom': 0.2847866363459468, 'w_vwap': 1.5959598191445787, 'w_orb': 1.2720852572938237, 'w_ofi': 1.5736146465775407, 'w_vol': 1.1635306940414398, 'win_boll': 18, 'win_rsi': 6, 'win_mom': 11, 'win_vwap': 10, 'orb_opening_bars': 35, 'vol_window': 20}. Best is trial 31 with value: 0.11199999999999999.
Trial 48: ACCEPT (degrade 0.0%) - Eval: -0.064%, Val: 0.470%
[I 2025-10-25 04:28:41,526] Trial 48 finished with value: -0.06399999999999999 and parameters: {'w_boll': 0.19117999605657482, 'w_rsi': 0.300721613797848, 'w_mom': 0.18014268468132844, 'w_vwap': 1.267762381713435, 'w_orb': 1.710453053264349, 'w_ofi': 1.3732392659999673, 'w_vol': 1.0146911247059722, 'win_boll': 22, 'win_rsi': 9, 'win_mom': 8, 'win_vwap': 40, 'orb_opening_bars': 41, 'vol_window': 15}. Best is trial 31 with value: 0.11199999999999999.
Trial 49: ACCEPT (degrade 0.0%) - Eval: -0.214%, Val: 0.377%                                                                                    Best trial: 31. Best value: 0.112:   3%|▎         | 65/2000 [00:51<24:42,  1.31it/s]Best trial: 31. Best value: 0.112:   3%|▎         | 65/2000 [00:51<24:42,  1.31it/s]Best trial: 31. Best value: 0.112:   3%|▎         | 66/2000 [00:51<24:51,  1.30it/s]                                                                                    Best trial: 31. Best value: 0.112:   3%|▎         | 66/2000 [00:51<24:51,  1.30it/s]Best trial: 31. Best value: 0.112:   3%|▎         | 66/2000 [00:51<24:51,  1.30it/s]Best trial: 31. Best value: 0.112:   3%|▎         | 67/2000 [00:51<24:47,  1.30it/s]                                                                                    Best trial: 31. Best value: 0.112:   3%|▎         | 67/2000 [00:52<24:47,  1.30it/s]Best trial: 31. Best value: 0.112:   3%|▎         | 67/2000 [00:52<24:47,  1.30it/s]Best trial: 31. Best value: 0.112:   3%|▎         | 68/2000 [00:52<24:33,  1.31it/s]                                                                                    Best trial: 31. Best value: 0.112:   3%|▎         | 68/2000 [00:53<24:33,  1.31it/s]Best trial: 31. Best value: 0.112:   3%|▎         | 68/2000 [00:53<24:33,  1.31it/s]Best trial: 31. Best value: 0.112:   3%|▎         | 69/2000 [00:53<24:37,  1.31it/s]                                                                                    Best trial: 31. Best value: 0.112:   3%|▎         | 69/2000 [00:54<24:37,  1.31it/s]Best trial: 31. Best value: 0.112:   3%|▎         | 69/2000 [00:54<24:37,  1.31it/s]Best trial: 31. Best value: 0.112:   4%|▎         | 70/2000 [00:54<25:06,  1.28it/s]                                                                                    Best trial: 31. Best value: 0.112:   4%|▎         | 70/2000 [00:55<25:06,  1.28it/s]Best trial: 31. Best value: 0.112:   4%|▎         | 70/2000 [00:55<25:06,  1.28it/s]Best trial: 31. Best value: 0.112:   4%|▎         | 71/2000 [00:55<24:56,  1.29it/s]                                                                                    Best trial: 31. Best value: 0.112:   4%|▎         | 71/2000 [00:55<24:56,  1.29it/s]Best trial: 31. Best value: 0.112:   4%|▎         | 71/2000 [00:55<24:56,  1.29it/s]Best trial: 31. Best value: 0.112:   4%|▎         | 72/2000 [00:55<24:48,  1.30it/s]                                                                                    Best trial: 31. Best value: 0.112:   4%|▎         | 72/2000 [00:56<24:48,  1.30it/s]Best trial: 31. Best value: 0.112:   4%|▎         | 72/2000 [00:56<24:48,  1.30it/s]Best trial: 31. Best value: 0.112:   4%|▎         | 73/2000 [00:56<25:33,  1.26it/s]                                                                                    Best trial: 31. Best value: 0.112:   4%|▎         | 73/2000 [00:57<25:33,  1.26it/s]Best trial: 31. Best value: 0.112:   4%|▎         | 73/2000 [00:57<25:33,  1.26it/s]Best trial: 31. Best value: 0.112:   4%|▎         | 74/2000 [00:57<25:08,  1.28it/s]                                                                                    Best trial: 31. Best value: 0.112:   4%|▎         | 74/2000 [00:58<25:08,  1.28it/s]Best trial: 31. Best value: 0.112:   4%|▎         | 74/2000 [00:58<25:08,  1.28it/s]Best trial: 31. Best value: 0.112:   4%|▍         | 75/2000 [00:58<24:54,  1.29it/s]                                                                                    Best trial: 31. Best value: 0.112:   4%|▍         | 75/2000 [00:58<24:54,  1.29it/s]Best trial: 31. Best value: 0.112:   4%|▍         | 75/2000 [00:58<24:54,  1.29it/s]Best trial: 31. Best value: 0.112:   4%|▍         | 76/2000 [00:58<24:45,  1.29it/s]                                                                                    Best trial: 31. Best value: 0.112:   4%|▍         | 76/2000 [00:59<24:45,  1.29it/s]Best trial: 31. Best value: 0.112:   4%|▍         | 76/2000 [00:59<24:45,  1.29it/s]Best trial: 31. Best value: 0.112:   4%|▍         | 77/2000 [00:59<24:41,  1.30it/s]                                                                                    Best trial: 31. Best value: 0.112:   4%|▍         | 77/2000 [01:00<24:41,  1.30it/s]Best trial: 31. Best value: 0.112:   4%|▍         | 77/2000 [01:00<24:41,  1.30it/s]Best trial: 31. Best value: 0.112:   4%|▍         | 78/2000 [01:00<24:53,  1.29it/s]                                                                                    Best trial: 31. Best value: 0.112:   4%|▍         | 78/2000 [01:01<24:53,  1.29it/s]Best trial: 31. Best value: 0.112:   4%|▍         | 78/2000 [01:01<24:53,  1.29it/s]Best trial: 31. Best value: 0.112:   4%|▍         | 79/2000 [01:01<25:49,  1.24it/s]                                                                                    Best trial: 31. Best value: 0.112:   4%|▍         | 79/2000 [01:02<25:49,  1.24it/s]Best trial: 31. Best value: 0.112:   4%|▍         | 79/2000 [01:02<25:49,  1.24it/s]Best trial: 31. Best value: 0.112:   4%|▍         | 80/2000 [01:02<25:20,  1.26it/s]                                                                                    Best trial: 31. Best value: 0.112:   4%|▍         | 80/2000 [01:02<25:20,  1.26it/s]Best trial: 31. Best value: 0.112:   4%|▍         | 80/2000 [01:02<25:20,  1.26it/s]Best trial: 31. Best value: 0.112:   4%|▍         | 81/2000 [01:02<25:19,  1.26it/s]                                                                                    
[I 2025-10-25 04:28:42,284] Trial 49 finished with value: -0.21400000000000002 and parameters: {'w_boll': 0.37517454880117185, 'w_rsi': 0.3660191864082007, 'w_mom': 0.4759074765486575, 'w_vwap': 1.3293563361281608, 'w_orb': 1.3143896858476396, 'w_ofi': 0.554481340595937, 'w_vol': 0.8583382643732325, 'win_boll': 13, 'win_rsi': 12, 'win_mom': 7, 'win_vwap': 12, 'orb_opening_bars': 46, 'vol_window': 13}. Best is trial 31 with value: 0.11199999999999999.
Trial 50: ACCEPT (degrade -8825.0%) - Eval: 0.004%, Val: 0.357%
[I 2025-10-25 04:28:43,027] Trial 50 finished with value: 0.003999999999999992 and parameters: {'w_boll': 0.28143381067606466, 'w_rsi': 0.21255191676927748, 'w_mom': 1.643489506694875, 'w_vwap': 1.4823985752466897, 'w_orb': 1.9787524467114532, 'w_ofi': 0.29192435488521784, 'w_vol': 0.6989022217027688, 'win_boll': 22, 'win_rsi': 7, 'win_mom': 10, 'win_vwap': 14, 'orb_opening_bars': 49, 'vol_window': 17}. Best is trial 31 with value: 0.11199999999999999.
Trial 51: ACCEPT (degrade 0.0%) - Eval: -0.080%, Val: 0.213%
[I 2025-10-25 04:28:43,794] Trial 51 finished with value: -0.08 and parameters: {'w_boll': 0.17276988480220734, 'w_rsi': 0.16090900909852685, 'w_mom': 0.3690159653991716, 'w_vwap': 1.0283260620780121, 'w_orb': 1.1207901767673347, 'w_ofi': 1.704886370883643, 'w_vol': 1.243589926771664, 'win_boll': 25, 'win_rsi': 8, 'win_mom': 6, 'win_vwap': 15, 'orb_opening_bars': 38, 'vol_window': 24}. Best is trial 31 with value: 0.11199999999999999.
Trial 52: ACCEPT (degrade 0.0%) - Eval: -0.230%, Val: 0.152%
[I 2025-10-25 04:28:44,587] Trial 52 finished with value: -0.22999999999999998 and parameters: {'w_boll': 0.4187225671521487, 'w_rsi': 0.5825570818540486, 'w_mom': 0.8376199171807616, 'w_vwap': 1.1833241860586055, 'w_orb': 1.0422508962307298, 'w_ofi': 1.9132258668629625, 'w_vol': 1.468995603725406, 'win_boll': 28, 'win_rsi': 10, 'win_mom': 4, 'win_vwap': 11, 'orb_opening_bars': 35, 'vol_window': 29}. Best is trial 31 with value: 0.11199999999999999.
Trial 53: REJECT (overfit 54.5%) - Eval: 0.176%, Val: 0.080%
[I 2025-10-25 04:28:45,350] Trial 53 finished with value: -999.0 and parameters: {'w_boll': 0.10008881646377776, 'w_rsi': 0.822133471985735, 'w_mom': 0.5931524932727024, 'w_vwap': 0.8944209277716055, 'w_orb': 1.196297899504319, 'w_ofi': 1.7769321030199767, 'w_vol': 1.3442243220176955, 'win_boll': 32, 'win_rsi': 6, 'win_mom': 5, 'win_vwap': 19, 'orb_opening_bars': 39, 'vol_window': 22}. Best is trial 31 with value: 0.11199999999999999.
Trial 54: ACCEPT (degrade 0.0%) - Eval: -0.046%, Val: 0.204%
[I 2025-10-25 04:28:46,114] Trial 54 finished with value: -0.04599999999999997 and parameters: {'w_boll': 0.5728108116930143, 'w_rsi': 0.30081676128663776, 'w_mom': 0.33840217379923737, 'w_vwap': 1.0402687880997763, 'w_orb': 0.9417758582428518, 'w_ofi': 1.1012656303854957, 'w_vol': 1.1025589256510453, 'win_boll': 20, 'win_rsi': 8, 'win_mom': 3, 'win_vwap': 13, 'orb_opening_bars': 34, 'vol_window': 19}. Best is trial 31 with value: 0.11199999999999999.
Trial 55: ACCEPT (degrade 0.0%) - Eval: -0.062%, Val: 0.024%
[I 2025-10-25 04:28:46,855] Trial 55 finished with value: -0.06200000000000001 and parameters: {'w_boll': 0.36482194424644115, 'w_rsi': 1.9710570509535397, 'w_mom': 0.5211964552220834, 'w_vwap': 0.8113271575039754, 'w_orb': 1.3760141984254335, 'w_ofi': 0.13346637892702684, 'w_vol': 1.5578732870859557, 'win_boll': 26, 'win_rsi': 5, 'win_mom': 6, 'win_vwap': 17, 'orb_opening_bars': 30, 'vol_window': 25}. Best is trial 31 with value: 0.11199999999999999.
Trial 56: ACCEPT (degrade 0.0%) - Eval: -0.088%, Val: -0.009%
[I 2025-10-25 04:28:47,644] Trial 56 finished with value: -0.08800000000000001 and parameters: {'w_boll': 0.7540523728742703, 'w_rsi': 1.1712647307465156, 'w_mom': 0.6960883698732031, 'w_vwap': 1.661847530309567, 'w_orb': 1.1074382354534837, 'w_ofi': 1.6111062624754162, 'w_vol': 0.9700351522484245, 'win_boll': 30, 'win_rsi': 11, 'win_mom': 15, 'win_vwap': 11, 'orb_opening_bars': 37, 'vol_window': 11}. Best is trial 31 with value: 0.11199999999999999.
Trial 57: ACCEPT (degrade 0.0%) - Eval: -0.010%, Val: 0.241%
[I 2025-10-25 04:28:48,402] Trial 57 finished with value: -0.010000000000000031 and parameters: {'w_boll': 0.648017717385021, 'w_rsi': 0.10114066930577405, 'w_mom': 0.22157619448244403, 'w_vwap': 0.9363961057128318, 'w_orb': 1.5025021946001318, 'w_ofi': 1.6996330094551455, 'w_vol': 1.6711311757446314, 'win_boll': 37, 'win_rsi': 7, 'win_mom': 18, 'win_vwap': 15, 'orb_opening_bars': 44, 'vol_window': 21}. Best is trial 31 with value: 0.11199999999999999.
Trial 58: ACCEPT (degrade 0.0%) - Eval: -0.274%, Val: 0.089%
[I 2025-10-25 04:28:49,162] Trial 58 finished with value: -0.274 and parameters: {'w_boll': 0.45788189517529776, 'w_rsi': 0.7550064935786789, 'w_mom': 1.1668258773350737, 'w_vwap': 1.1368379425865982, 'w_orb': 0.799032823064687, 'w_ofi': 0.7272816815890244, 'w_vol': 1.1907855264360512, 'win_boll': 23, 'win_rsi': 9, 'win_mom': 8, 'win_vwap': 30, 'orb_opening_bars': 39, 'vol_window': 39}. Best is trial 31 with value: 0.11199999999999999.
Trial 59: ACCEPT (degrade 0.0%) - Eval: -0.040%, Val: 0.023%
[I 2025-10-25 04:28:49,890] Trial 59 finished with value: -0.039999999999999994 and parameters: {'w_boll': 1.4434243306119428, 'w_rsi': 1.3152654645697037, 'w_mom': 1.967653219964895, 'w_vwap': 1.236060424976824, 'w_orb': 1.2814271092071254, 'w_ofi': 1.8089975331428247, 'w_vol': 0.8839129932064841, 'win_boll': 27, 'win_rsi': 12, 'win_mom': 5, 'win_vwap': 20, 'orb_opening_bars': 27, 'vol_window': 28}. Best is trial 31 with value: 0.11199999999999999.
Trial 60: ACCEPT (degrade 0.0%) - Eval: -0.040%, Val: -0.032%
[I 2025-10-25 04:28:50,681] Trial 60 finished with value: -0.039999999999999994 and parameters: {'w_boll': 0.2656102911011475, 'w_rsi': 0.40977450480251965, 'w_mom': 1.0159971376156502, 'w_vwap': 1.4146826786552096, 'w_orb': 0.6380885101528276, 'w_ofi': 1.9257645961722067, 'w_vol': 1.5162409673714554, 'win_boll': 49, 'win_rsi': 14, 'win_mom': 3, 'win_vwap': 34, 'orb_opening_bars': 17, 'vol_window': 32}. Best is trial 31 with value: 0.11199999999999999.
Trial 61: ACCEPT (degrade -6450.0%) - Eval: 0.004%, Val: 0.262%
[I 2025-10-25 04:28:51,448] Trial 61 finished with value: 0.004000000000000015 and parameters: {'w_boll': 0.19919915513843528, 'w_rsi': 0.6838049251075573, 'w_mom': 1.3348330486198647, 'w_vwap': 1.9704990387133814, 'w_orb': 1.4354636766420732, 'w_ofi': 1.5873011981070335, 'w_vol': 1.7286461973552334, 'win_boll': 25, 'win_rsi': 10, 'win_mom': 6, 'win_vwap': 10, 'orb_opening_bars': 47, 'vol_window': 16}. Best is trial 31 with value: 0.11199999999999999.
Trial 62: ACCEPT (degrade -33.3%) - Eval: 0.072%, Val: 0.096%
[I 2025-10-25 04:28:52,214] Trial 62 finished with value: 0.07199999999999998 and parameters: {'w_boll': 0.17772906308559797, 'w_rsi': 0.6413894935877429, 'w_mom': 1.5373207496974597, 'w_vwap': 1.8579422097100327, 'w_orb': 1.241200679804704, 'w_ofi': 1.6520488321523508, 'w_vol': 1.8985019901408973, 'win_boll': 24, 'win_rsi': 7, 'win_mom': 7, 'win_vwap': 10, 'orb_opening_bars': 47, 'vol_window': 17}. Best is trial 31 with value: 0.11199999999999999.
Trial 63: ACCEPT (degrade 0.0%) - Eval: -0.012%, Val: 0.186%
[I 2025-10-25 04:28:52,954] Trial 63 finished with value: -0.012000000000000018 and parameters: {'w_boll': 0.2987077996525563, 'w_rsi': 0.5181211053780514, 'w_mom': 1.465256186759235, 'w_vwap': 1.83361147567042, 'w_orb': 1.2362456523021748, 'w_ofi': 1.285508409197654, 'w_vol': 1.940032637537668, 'win_boll': 29, 'win_rsi': 6, 'win_mom': 7, 'win_vwap': 13, 'orb_opening_bars': 42, 'vol_window': 18}. Best is trial 31 with value: 0.11199999999999999.
Trial 64: ACCEPT (degrade 0.0%) - Eval: -0.012%, Val: 0.108%
