[I 2025-10-25 04:30:45,689] Trial 209 finished with value: -0.132 and parameters: {'w_boll': 0.3777707144591217, 'w_rsi': 0.5405560879271462, 'w_mom': 0.2260339964885425, 'w_vwap': 0.5881169816797781, 'w_orb': 1.932152259723152, 'w_ofi': 0.9146466332306848, 'w_vol': 1.949562556728348, 'win_boll': 12, 'win_rsi': 6, 'win_mom': 3, 'win_vwap': 13, 'orb_opening_bars': 47, 'vol_window': 13}. Best is trial 112 with value: 0.33399999999999996.
Trial 210: ACCEPT (degrade -50.0%) - Eval: 0.160%, Val: 0.240%                                                                                      Best trial: 112. Best value: 0.334:  11%|█▏        | 226/2000 [02:55<22:09,  1.33it/s]Best trial: 112. Best value: 0.334:  11%|█▏        | 226/2000 [02:55<22:09,  1.33it/s]Best trial: 112. Best value: 0.334:  11%|█▏        | 227/2000 [02:55<22:06,  1.34it/s]                                                                                      Best trial: 112. Best value: 0.334:  11%|█▏        | 227/2000 [02:55<22:06,  1.34it/s]Best trial: 112. Best value: 0.334:  11%|█▏        | 227/2000 [02:55<22:06,  1.34it/s]Best trial: 112. Best value: 0.334:  11%|█▏        | 228/2000 [02:55<22:23,  1.32it/s]                                                                                      Best trial: 112. Best value: 0.334:  11%|█▏        | 228/2000 [02:57<22:23,  1.32it/s]Best trial: 112. Best value: 0.334:  11%|█▏        | 228/2000 [02:57<22:23,  1.32it/s]Best trial: 112. Best value: 0.334:  11%|█▏        | 229/2000 [02:57<28:38,  1.03it/s]                                                                                      Best trial: 112. Best value: 0.334:  11%|█▏        | 229/2000 [02:58<28:38,  1.03it/s]Best trial: 112. Best value: 0.334:  11%|█▏        | 229/2000 [02:58<28:38,  1.03it/s]Best trial: 112. Best value: 0.334:  12%|█▏        | 230/2000 [02:58<26:48,  1.10it/s]                                                                                      Best trial: 112. Best value: 0.334:  12%|█▏        | 230/2000 [02:58<26:48,  1.10it/s]Best trial: 112. Best value: 0.334:  12%|█▏        | 230/2000 [02:58<26:48,  1.10it/s]Best trial: 112. Best value: 0.334:  12%|█▏        | 231/2000 [02:58<25:18,  1.16it/s]                                                                                      Best trial: 112. Best value: 0.334:  12%|█▏        | 231/2000 [02:59<25:18,  1.16it/s]Best trial: 112. Best value: 0.334:  12%|█▏        | 231/2000 [02:59<25:18,  1.16it/s]Best trial: 112. Best value: 0.334:  12%|█▏        | 232/2000 [02:59<24:18,  1.21it/s]                                                                                      Best trial: 112. Best value: 0.334:  12%|█▏        | 232/2000 [03:00<24:18,  1.21it/s]Best trial: 112. Best value: 0.334:  12%|█▏        | 232/2000 [03:00<24:18,  1.21it/s]Best trial: 112. Best value: 0.334:  12%|█▏        | 233/2000 [03:00<23:33,  1.25it/s]                                                                                      Best trial: 112. Best value: 0.334:  12%|█▏        | 233/2000 [03:01<23:33,  1.25it/s]Best trial: 112. Best value: 0.334:  12%|█▏        | 233/2000 [03:01<23:33,  1.25it/s]Best trial: 112. Best value: 0.334:  12%|█▏        | 234/2000 [03:01<23:06,  1.27it/s]                                                                                      Best trial: 112. Best value: 0.334:  12%|█▏        | 234/2000 [03:01<23:06,  1.27it/s]Best trial: 112. Best value: 0.334:  12%|█▏        | 234/2000 [03:01<23:06,  1.27it/s]Best trial: 112. Best value: 0.334:  12%|█▏        | 235/2000 [03:01<22:40,  1.30it/s]                                                                                      Best trial: 112. Best value: 0.334:  12%|█▏        | 235/2000 [03:02<22:40,  1.30it/s]Best trial: 112. Best value: 0.334:  12%|█▏        | 235/2000 [03:02<22:40,  1.30it/s]Best trial: 112. Best value: 0.334:  12%|█▏        | 236/2000 [03:02<22:22,  1.31it/s]                                                                                      Best trial: 112. Best value: 0.334:  12%|█▏        | 236/2000 [03:03<22:22,  1.31it/s]Best trial: 112. Best value: 0.334:  12%|█▏        | 236/2000 [03:03<22:22,  1.31it/s]Best trial: 112. Best value: 0.334:  12%|█▏        | 237/2000 [03:03<22:15,  1.32it/s]                                                                                      Best trial: 112. Best value: 0.334:  12%|█▏        | 237/2000 [03:04<22:15,  1.32it/s]Best trial: 112. Best value: 0.334:  12%|█▏        | 237/2000 [03:04<22:15,  1.32it/s]Best trial: 112. Best value: 0.334:  12%|█▏        | 238/2000 [03:04<22:08,  1.33it/s]                                                                                      Best trial: 112. Best value: 0.334:  12%|█▏        | 238/2000 [03:04<22:08,  1.33it/s]Best trial: 112. Best value: 0.334:  12%|█▏        | 238/2000 [03:04<22:08,  1.33it/s]Best trial: 112. Best value: 0.334:  12%|█▏        | 239/2000 [03:04<22:03,  1.33it/s]                                                                                      Best trial: 112. Best value: 0.334:  12%|█▏        | 239/2000 [03:05<22:03,  1.33it/s]Best trial: 112. Best value: 0.334:  12%|█▏        | 239/2000 [03:05<22:03,  1.33it/s]Best trial: 112. Best value: 0.334:  12%|█▏        | 240/2000 [03:05<22:00,  1.33it/s]                                                                                      Best trial: 112. Best value: 0.334:  12%|█▏        | 240/2000 [03:06<22:00,  1.33it/s]Best trial: 112. Best value: 0.334:  12%|█▏        | 240/2000 [03:06<22:00,  1.33it/s]Best trial: 112. Best value: 0.334:  12%|█▏        | 241/2000 [03:06<21:59,  1.33it/s]                                                                                      Best trial: 112. Best value: 0.334:  12%|█▏        | 241/2000 [03:07<21:59,  1.33it/s]Best trial: 112. Best value: 0.334:  12%|█▏        | 241/2000 [03:07<21:59,  1.33it/s]Best trial: 112. Best value: 0.334:  12%|█▏        | 242/2000 [03:07<21:59,  1.33it/s]
[I 2025-10-25 04:30:46,437] Trial 210 finished with value: 0.15999999999999998 and parameters: {'w_boll': 0.48904358423594246, 'w_rsi': 0.6006374379974567, 'w_mom': 0.12421619573510151, 'w_vwap': 0.63152929201622, 'w_orb': 1.976143636123651, 'w_ofi': 0.5069434420560508, 'w_vol': 1.8618824963390697, 'win_boll': 17, 'win_rsi': 7, 'win_mom': 4, 'win_vwap': 10, 'orb_opening_bars': 49, 'vol_window': 12}. Best is trial 112 with value: 0.33399999999999996.
Trial 211: ACCEPT (degrade -188.9%) - Eval: 0.144%, Val: 0.416%
[I 2025-10-25 04:30:47,227] Trial 211 finished with value: 0.14400000000000004 and parameters: {'w_boll': 0.48282060413205813, 'w_rsi': 0.6512339267825645, 'w_mom': 0.12712559278030883, 'w_vwap': 0.6193619731184924, 'w_orb': 1.9974375245367064, 'w_ofi': 0.520083376729849, 'w_vol': 1.8514133497385474, 'win_boll': 17, 'win_rsi': 7, 'win_mom': 4, 'win_vwap': 10, 'orb_opening_bars': 49, 'vol_window': 12}. Best is trial 112 with value: 0.33399999999999996.
Trial 212: ACCEPT (degrade -127.8%) - Eval: 0.126%, Val: 0.287%
[I 2025-10-25 04:30:47,944] Trial 212 finished with value: 0.12600000000000003 and parameters: {'w_boll': 0.5547426387291408, 'w_rsi': 0.6696461573430605, 'w_mom': 0.1302394839446396, 'w_vwap': 0.6078900678765339, 'w_orb': 1.9870076104776455, 'w_ofi': 0.4409017769592961, 'w_vol': 1.8600661212196083, 'win_boll': 18, 'win_rsi': 7, 'win_mom': 4, 'win_vwap': 10, 'orb_opening_bars': 48, 'vol_window': 12}. Best is trial 112 with value: 0.33399999999999996.
Trial 213: ACCEPT (degrade 0.0%) - Eval: -0.148%, Val: 0.120%
[I 2025-10-25 04:30:48,690] Trial 213 finished with value: -0.148 and parameters: {'w_boll': 0.4194005181362547, 'w_rsi': 0.6184658050210936, 'w_mom': 0.14328776692820888, 'w_vwap': 0.6371193250133081, 'w_orb': 1.9649984438542434, 'w_ofi': 0.5392332497767139, 'w_vol': 1.816007305232519, 'win_boll': 19, 'win_rsi': 6, 'win_mom': 5, 'win_vwap': 10, 'orb_opening_bars': 49, 'vol_window': 11}. Best is trial 112 with value: 0.33399999999999996.
Trial 214: ACCEPT (degrade -1772.2%) - Eval: 0.018%, Val: 0.337%
[I 2025-10-25 04:30:49,429] Trial 214 finished with value: 0.018000000000000006 and parameters: {'w_boll': 0.44888465291530977, 'w_rsi': 0.5877009039470632, 'w_mom': 0.1162121100327739, 'w_vwap': 0.5284033524175444, 'w_orb': 1.5916897648117247, 'w_ofi': 0.4940421204933013, 'w_vol': 1.8564988323689808, 'win_boll': 17, 'win_rsi': 8, 'win_mom': 4, 'win_vwap': 10, 'orb_opening_bars': 48, 'vol_window': 12}. Best is trial 112 with value: 0.33399999999999996.
Trial 215: ACCEPT (degrade -12.7%) - Eval: 0.220%, Val: 0.248%
[I 2025-10-25 04:30:50,207] Trial 215 finished with value: 0.22000000000000003 and parameters: {'w_boll': 0.5020352321358807, 'w_rsi': 0.623434957007915, 'w_mom': 0.17043100432510866, 'w_vwap': 0.5684512501408867, 'w_orb': 1.9852608187686067, 'w_ofi': 0.52557907777786, 'w_vol': 1.7802248063391297, 'win_boll': 17, 'win_rsi': 7, 'win_mom': 5, 'win_vwap': 12, 'orb_opening_bars': 47, 'vol_window': 10}. Best is trial 112 with value: 0.33399999999999996.
Trial 216: ACCEPT (degrade -866.7%) - Eval: 0.030%, Val: 0.290%
[I 2025-10-25 04:30:50,941] Trial 216 finished with value: 0.030000000000000016 and parameters: {'w_boll': 0.5107533800569684, 'w_rsi': 0.6410733078328826, 'w_mom': 0.15600573356881275, 'w_vwap': 0.48335333596560714, 'w_orb': 1.9060731971442242, 'w_ofi': 0.577432622535144, 'w_vol': 1.7769670495519856, 'win_boll': 17, 'win_rsi': 7, 'win_mom': 5, 'win_vwap': 11, 'orb_opening_bars': 45, 'vol_window': 11}. Best is trial 112 with value: 0.33399999999999996.
Trial 217: ACCEPT (degrade 0.0%) - Eval: -0.190%, Val: 0.016%
[I 2025-10-25 04:30:51,681] Trial 217 finished with value: -0.19 and parameters: {'w_boll': 1.085508016862001, 'w_rsi': 0.7001154947586773, 'w_mom': 0.11465391835863667, 'w_vwap': 0.5668370235118522, 'w_orb': 1.9920935836168647, 'w_ofi': 0.6037580475428895, 'w_vol': 1.8241167139332763, 'win_boll': 16, 'win_rsi': 6, 'win_mom': 5, 'win_vwap': 12, 'orb_opening_bars': 47, 'vol_window': 12}. Best is trial 112 with value: 0.33399999999999996.
Trial 218: ACCEPT (degrade -57.0%) - Eval: 0.086%, Val: 0.135%
[I 2025-10-25 04:30:52,442] Trial 218 finished with value: 0.086 and parameters: {'w_boll': 0.6496141159260808, 'w_rsi': 0.5948388163558116, 'w_mom': 0.21975991615602714, 'w_vwap': 0.5242665211902263, 'w_orb': 1.9396174002928162, 'w_ofi': 0.5340328662266783, 'w_vol': 1.7269257412752375, 'win_boll': 18, 'win_rsi': 7, 'win_mom': 4, 'win_vwap': 10, 'orb_opening_bars': 46, 'vol_window': 10}. Best is trial 112 with value: 0.33399999999999996.
Trial 219: ACCEPT (degrade -2883.3%) - Eval: 0.006%, Val: 0.179%
[I 2025-10-25 04:30:53,220] Trial 219 finished with value: 0.005999999999999994 and parameters: {'w_boll': 0.590694851477863, 'w_rsi': 0.5630098477479211, 'w_mom': 0.16582576631976884, 'w_vwap': 0.5890647381450007, 'w_orb': 1.9986577952823088, 'w_ofi': 0.6490872168410226, 'w_vol': 1.9061473626823757, 'win_boll': 17, 'win_rsi': 7, 'win_mom': 5, 'win_vwap': 11, 'orb_opening_bars': 49, 'vol_window': 11}. Best is trial 112 with value: 0.33399999999999996.
Trial 220: ACCEPT (degrade 0.0%) - Eval: -0.114%, Val: 0.236%
[I 2025-10-25 04:30:53,941] Trial 220 finished with value: -0.11400000000000002 and parameters: {'w_boll': 0.49832637125126256, 'w_rsi': 0.6540873662738949, 'w_mom': 0.1057292834333566, 'w_vwap': 0.4346568787417271, 'w_orb': 1.6426833492858284, 'w_ofi': 0.5206870738051499, 'w_vol': 1.856831207425512, 'win_boll': 19, 'win_rsi': 8, 'win_mom': 4, 'win_vwap': 13, 'orb_opening_bars': 48, 'vol_window': 11}. Best is trial 112 with value: 0.33399999999999996.
Trial 221: ACCEPT (degrade 0.0%) - Eval: -0.022%, Val: 0.149%
[I 2025-10-25 04:30:54,677] Trial 221 finished with value: -0.022 and parameters: {'w_boll': 0.45890867715555084, 'w_rsi': 0.4667373597394605, 'w_mom': 0.17948614363176024, 'w_vwap': 0.6481699426381263, 'w_orb': 1.9620423418045925, 'w_ofi': 0.42588826594606516, 'w_vol': 1.7796884335438188, 'win_boll': 20, 'win_rsi': 6, 'win_mom': 4, 'win_vwap': 12, 'orb_opening_bars': 49, 'vol_window': 10}. Best is trial 112 with value: 0.33399999999999996.
Trial 222: ACCEPT (degrade -21.0%) - Eval: 0.262%, Val: 0.317%
[I 2025-10-25 04:30:55,410] Trial 222 finished with value: 0.262 and parameters: {'w_boll': 0.4041728275019817, 'w_rsi': 0.623180606372227, 'w_mom': 0.2515209765655617, 'w_vwap': 0.674134172099419, 'w_orb': 1.892384605031168, 'w_ofi': 0.4927294356110815, 'w_vol': 1.8040892141255123, 'win_boll': 18, 'win_rsi': 7, 'win_mom': 3, 'win_vwap': 12, 'orb_opening_bars': 49, 'vol_window': 10}. Best is trial 112 with value: 0.33399999999999996.
Trial 223: ACCEPT (degrade 0.0%) - Eval: -0.072%, Val: 0.388%
[I 2025-10-25 04:30:56,175] Trial 223 finished with value: -0.07200000000000002 and parameters: {'w_boll': 0.36210251363900536, 'w_rsi': 0.6134174640464867, 'w_mom': 0.26803752947710036, 'w_vwap': 0.7343563057260627, 'w_orb': 1.8683373375781245, 'w_ofi': 0.6176311086281632, 'w_vol': 1.8083872693997463, 'win_boll': 18, 'win_rsi': 7, 'win_mom': 3, 'win_vwap': 32, 'orb_opening_bars': 50, 'vol_window': 12}. Best is trial 112 with value: 0.33399999999999996.
Trial 224: REJECT (overfit 20.4%) - Eval: 0.098%, Val: 0.078%
[I 2025-10-25 04:30:56,918] Trial 224 finished with value: -999.0 and parameters: {'w_boll': 0.5425425883523363, 'w_rsi': 0.6904763791917871, 'w_mom': 0.2169306828408612, 'w_vwap': 0.6265579623258555, 'w_orb': 1.8958483800684065, 'w_ofi': 0.5608346245419801, 'w_vol': 1.884555154292362, 'win_boll': 17, 'win_rsi': 7, 'win_mom': 5, 'win_vwap': 11, 'orb_opening_bars': 47, 'vol_window': 10}. Best is trial 112 with value: 0.33399999999999996.
Trial 225: ACCEPT (degrade 0.0%) - Eval: -0.012%, Val: 0.350%
[I 2025-10-25 04:30:57,674] Trial 225 finished with value: -0.012 and parameters: {'w_boll': 0.42271123849713405, 'w_rsi': 0.5515514810805386, 'w_mom': 0.1502116302330653, 'w_vwap': 0.7993396837630757, 'w_orb': 1.7783371052498937, 'w_ofi': 0.396010747000684, 'w_vol': 1.8339419362635812, 'win_boll': 18, 'win_rsi': 7, 'win_mom': 4, 'win_vwap': 12, 'orb_opening_bars': 49, 'vol_window': 11}. Best is trial 112 with value: 0.33399999999999996.
Trial 226: ACCEPT (degrade -86.2%) - Eval: 0.130%, Val: 0.242%                                                                                      Best trial: 112. Best value: 0.334:  12%|█▏        | 242/2000 [03:07<21:59,  1.33it/s]Best trial: 112. Best value: 0.334:  12%|█▏        | 242/2000 [03:07<21:59,  1.33it/s]Best trial: 112. Best value: 0.334:  12%|█▏        | 243/2000 [03:07<22:00,  1.33it/s]                                                                                      Best trial: 112. Best value: 0.334:  12%|█▏        | 243/2000 [03:08<22:00,  1.33it/s]Best trial: 112. Best value: 0.334:  12%|█▏        | 243/2000 [03:08<22:00,  1.33it/s]Best trial: 112. Best value: 0.334:  12%|█▏        | 244/2000 [03:08<22:30,  1.30it/s]                                                                                      Best trial: 112. Best value: 0.334:  12%|█▏        | 244/2000 [03:09<22:30,  1.30it/s]Best trial: 112. Best value: 0.334:  12%|█▏        | 244/2000 [03:09<22:30,  1.30it/s]Best trial: 112. Best value: 0.334:  12%|█▏        | 245/2000 [03:09<22:37,  1.29it/s]                                                                                      Best trial: 112. Best value: 0.334:  12%|█▏        | 245/2000 [03:10<22:37,  1.29it/s]Best trial: 112. Best value: 0.334:  12%|█▏        | 245/2000 [03:10<22:37,  1.29it/s]Best trial: 112. Best value: 0.334:  12%|█▏        | 246/2000 [03:10<22:20,  1.31it/s]                                                                                      Best trial: 112. Best value: 0.334:  12%|█▏        | 246/2000 [03:10<22:20,  1.31it/s]Best trial: 112. Best value: 0.334:  12%|█▏        | 246/2000 [03:10<22:20,  1.31it/s]Best trial: 112. Best value: 0.334:  12%|█▏        | 247/2000 [03:10<22:05,  1.32it/s]                                                                                      Best trial: 112. Best value: 0.334:  12%|█▏        | 247/2000 [03:11<22:05,  1.32it/s]Best trial: 112. Best value: 0.334:  12%|█▏        | 247/2000 [03:11<22:05,  1.32it/s]Best trial: 112. Best value: 0.334:  12%|█▏        | 248/2000 [03:11<22:09,  1.32it/s]                                                                                      Best trial: 112. Best value: 0.334:  12%|█▏        | 248/2000 [03:12<22:09,  1.32it/s]Best trial: 112. Best value: 0.334:  12%|█▏        | 248/2000 [03:12<22:09,  1.32it/s]Best trial: 112. Best value: 0.334:  12%|█▏        | 249/2000 [03:12<21:56,  1.33it/s]                                                                                      Best trial: 112. Best value: 0.334:  12%|█▏        | 249/2000 [03:13<21:56,  1.33it/s]Best trial: 112. Best value: 0.334:  12%|█▏        | 249/2000 [03:13<21:56,  1.33it/s]Best trial: 112. Best value: 0.334:  12%|█▎        | 250/2000 [03:13<21:59,  1.33it/s]                                                                                      Best trial: 112. Best value: 0.334:  12%|█▎        | 250/2000 [03:13<21:59,  1.33it/s]Best trial: 112. Best value: 0.334:  12%|█▎        | 250/2000 [03:13<21:59,  1.33it/s]Best trial: 112. Best value: 0.334:  13%|█▎        | 251/2000 [03:13<21:54,  1.33it/s]                                                                                      Best trial: 112. Best value: 0.334:  13%|█▎        | 251/2000 [03:14<21:54,  1.33it/s]Best trial: 112. Best value: 0.334:  13%|█▎        | 251/2000 [03:14<21:54,  1.33it/s]Best trial: 112. Best value: 0.334:  13%|█▎        | 252/2000 [03:14<21:57,  1.33it/s]                                                                                      Best trial: 112. Best value: 0.334:  13%|█▎        | 252/2000 [03:15<21:57,  1.33it/s]Best trial: 112. Best value: 0.334:  13%|█▎        | 252/2000 [03:15<21:57,  1.33it/s]Best trial: 112. Best value: 0.334:  13%|█▎        | 253/2000 [03:15<21:50,  1.33it/s]                                                                                      Best trial: 112. Best value: 0.334:  13%|█▎        | 253/2000 [03:16<21:50,  1.33it/s]Best trial: 112. Best value: 0.334:  13%|█▎        | 253/2000 [03:16<21:50,  1.33it/s]Best trial: 112. Best value: 0.334:  13%|█▎        | 254/2000 [03:16<21:46,  1.34it/s]                                                                                      Best trial: 112. Best value: 0.334:  13%|█▎        | 254/2000 [03:16<21:46,  1.34it/s]Best trial: 112. Best value: 0.334:  13%|█▎        | 254/2000 [03:16<21:46,  1.34it/s]Best trial: 112. Best value: 0.334:  13%|█▎        | 255/2000 [03:16<21:42,  1.34it/s]                                                                                      Best trial: 112. Best value: 0.334:  13%|█▎        | 255/2000 [03:17<21:42,  1.34it/s]Best trial: 112. Best value: 0.334:  13%|█▎        | 255/2000 [03:17<21:42,  1.34it/s]Best trial: 112. Best value: 0.334:  13%|█▎        | 256/2000 [03:17<21:50,  1.33it/s]                                                                                      Best trial: 112. Best value: 0.334:  13%|█▎        | 256/2000 [03:18<21:50,  1.33it/s]Best trial: 112. Best value: 0.334:  13%|█▎        | 256/2000 [03:18<21:50,  1.33it/s]Best trial: 112. Best value: 0.334:  13%|█▎        | 257/2000 [03:18<21:43,  1.34it/s]                                                                                      Best trial: 112. Best value: 0.334:  13%|█▎        | 257/2000 [03:19<21:43,  1.34it/s]Best trial: 112. Best value: 0.334:  13%|█▎        | 257/2000 [03:19<21:43,  1.34it/s]Best trial: 112. Best value: 0.334:  13%|█▎        | 258/2000 [03:19<21:45,  1.33it/s]                                                                                      
[I 2025-10-25 04:30:58,419] Trial 226 finished with value: 0.13000000000000003 and parameters: {'w_boll': 0.4751569683222229, 'w_rsi': 0.6393864520898932, 'w_mom': 0.24894692393298257, 'w_vwap': 0.6642275718038967, 'w_orb': 1.8402002720773154, 'w_ofi': 0.4876554444732807, 'w_vol': 1.7550085367496742, 'win_boll': 20, 'win_rsi': 8, 'win_mom': 4, 'win_vwap': 11, 'orb_opening_bars': 48, 'vol_window': 13}. Best is trial 112 with value: 0.33399999999999996.
Trial 227: ACCEPT (degrade 0.0%) - Eval: -0.132%, Val: 0.298%
[I 2025-10-25 04:30:59,201] Trial 227 finished with value: -0.13199999999999998 and parameters: {'w_boll': 0.3288537686585077, 'w_rsi': 0.5887458535646932, 'w_mom': 0.18980131814823922, 'w_vwap': 0.5620063568416258, 'w_orb': 1.9350304097654494, 'w_ofi': 0.5569688394138694, 'w_vol': 1.8012082558954692, 'win_boll': 15, 'win_rsi': 6, 'win_mom': 3, 'win_vwap': 13, 'orb_opening_bars': 50, 'vol_window': 11}. Best is trial 112 with value: 0.33399999999999996.
Trial 228: ACCEPT (degrade 0.0%) - Eval: -0.126%, Val: 0.161%
[I 2025-10-25 04:31:00,666] Trial 228 finished with value: -0.126 and parameters: {'w_boll': 0.4014270515152098, 'w_rsi': 0.4005945673026594, 'w_mom': 0.10289021425870906, 'w_vwap': 0.7089744353031135, 'w_orb': 1.6933915000863657, 'w_ofi': 0.7009622799487734, 'w_vol': 1.871328000498763, 'win_boll': 19, 'win_rsi': 6, 'win_mom': 4, 'win_vwap': 10, 'orb_opening_bars': 47, 'vol_window': 12}. Best is trial 112 with value: 0.33399999999999996.
Trial 229: ACCEPT (degrade 0.0%) - Eval: -0.050%, Val: 0.191%
