[I 2025-10-25 04:49:27,378] Trial 1674 finished with value: 0.072 and parameters: {'w_boll': 0.1390030330330822, 'w_rsi': 0.28862305637247404, 'w_mom': 0.20598675481821585, 'w_vwap': 0.5011452956407281, 'w_orb': 1.9285331012575457, 'w_ofi': 1.960536876776388, 'w_vol': 1.885290056306794, 'win_boll': 35, 'win_rsi': 6, 'win_mom': 5, 'win_vwap': 32, 'orb_opening_bars': 49, 'vol_window': 14}. Best is trial 868 with value: 0.384.
Trial 1675: REJECT (overfit 216.2%) - Eval: 0.068%, Val: -0.079%
[I 2025-10-25 04:49:28,136] Trial 1675 finished with value: -999.0 and parameters: {'w_boll': 0.4632327043028549, 'w_rsi': 0.41177080441741093, 'w_mom': 0.2782118266694782, 'w_vwap': 0.699772782744271, 'w_orb': 0.9416044081433119, 'w_ofi': 0.7550651524925907, 'w_vol': 1.96815956112666, 'win_boll': 13, 'win_rsi': 5, 'win_mom': 4, 'win_vwap': 35, 'orb_opening_bars': 31, 'vol_window': 11}. Best is trial 868 with value: 0.384.
Trial 1676: ACCEPT (degrade 0.0%) - Eval: -0.192%, Val: 0.289%
[I 2025-10-25 04:49:28,873] Trial 1676 finished with value: -0.192 and parameters: {'w_boll': 0.36251970044833065, 'w_rsi': 0.24985105334778118, 'w_mom': 1.326397025175885, 'w_vwap': 0.5964423618032297, 'w_orb': 1.8140396729093846, 'w_ofi': 0.964759251616111, 'w_vol': 1.8225905782551461, 'win_boll': 16, 'win_rsi': 8, 'win_mom': 6, 'win_vwap': 11, 'orb_opening_bars': 29, 'vol_window': 13}. Best is trial 868 with value: 0.384.
Trial 1677: ACCEPT (degrade 0.0%) - Eval: -0.062%, Val: 0.214%
[I 2025-10-25 04:49:29,637] Trial 1677 finished with value: -0.062 and parameters: {'w_boll': 0.23247259531094538, 'w_rsi': 0.33563421088024575, 'w_mom': 0.13162021149114972, 'w_vwap': 0.7286897896547125, 'w_orb': 1.9400877044727727, 'w_ofi': 0.5089637534094175, 'w_vol': 1.9115177785534325, 'win_boll': 12, 'win_rsi': 6, 'win_mom': 7, 'win_vwap': 12, 'orb_opening_bars': 50, 'vol_window': 16}. Best is trial 868 with value: 0.384.
Trial 1678: ACCEPT (degrade 0.0%) - Eval: -0.046%, Val: 0.161%
[I 2025-10-25 04:49:30,504] Trial 1678 finished with value: -0.046000000000000006 and parameters: {'w_boll': 0.279289971034005, 'w_rsi': 0.17946284168758922, 'w_mom': 1.6283450506660262, 'w_vwap': 0.8306516112587047, 'w_orb': 1.7243120657750715, 'w_ofi': 1.9643129790086613, 'w_vol': 1.8576730482720913, 'win_boll': 11, 'win_rsi': 16, 'win_mom': 3, 'win_vwap': 18, 'orb_opening_bars': 48, 'vol_window': 11}. Best is trial 868 with value: 0.384.
Trial 1679: ACCEPT (degrade 0.0%) - Eval: -0.052%, Val: -0.042%
[I 2025-10-25 04:49:31,290] Trial 1679 finished with value: -0.05199999999999999 and parameters: {'w_boll': 0.18246770167445908, 'w_rsi': 0.49056600522939076, 'w_mom': 1.232095118493813, 'w_vwap': 0.5613302973782444, 'w_orb': 1.336963190363867, 'w_ofi': 1.8175580014061836, 'w_vol': 1.7793899516097476, 'win_boll': 14, 'win_rsi': 5, 'win_mom': 5, 'win_vwap': 14, 'orb_opening_bars': 46, 'vol_window': 10}. Best is trial 868 with value: 0.384.
Trial 1680: ACCEPT (degrade 0.0%) - Eval: -0.038%, Val: 0.484%
[I 2025-10-25 04:49:32,027] Trial 1680 finished with value: -0.038 and parameters: {'w_boll': 0.4345038565136127, 'w_rsi': 0.3831163048287322, 'w_mom': 0.23102284026357434, 'w_vwap': 0.7556992689168565, 'w_orb': 1.9077024776736753, 'w_ofi': 1.8820350903082543, 'w_vol': 1.9368840397217744, 'win_boll': 25, 'win_rsi': 7, 'win_mom': 8, 'win_vwap': 20, 'orb_opening_bars': 50, 'vol_window': 12}. Best is trial 868 with value: 0.384.
Trial 1681: ACCEPT (degrade -558.9%) - Eval: 0.056%, Val: 0.369%
[I 2025-10-25 04:49:32,784] Trial 1681 finished with value: 0.05599999999999997 and parameters: {'w_boll': 0.3487889253232048, 'w_rsi': 0.20755669242959449, 'w_mom': 1.3985097317564592, 'w_vwap': 0.6709442067341175, 'w_orb': 1.5362065571361476, 'w_ofi': 0.6936542382252154, 'w_vol': 1.857330604941447, 'win_boll': 13, 'win_rsi': 7, 'win_mom': 4, 'win_vwap': 31, 'orb_opening_bars': 32, 'vol_window': 13}. Best is trial 868 with value: 0.384.
Trial 1682: ACCEPT (degrade -29.4%) - Eval: 0.204%, Val: 0.264%
[I 2025-10-25 04:49:33,580] Trial 1682 finished with value: 0.20400000000000001 and parameters: {'w_boll': 0.30836134613663446, 'w_rsi': 0.2956112671014212, 'w_mom': 1.289300526500982, 'w_vwap': 0.7884722297236632, 'w_orb': 1.9614293302762196, 'w_ofi': 0.445681317173195, 'w_vol': 1.7349058232030896, 'win_boll': 17, 'win_rsi': 6, 'win_mom': 6, 'win_vwap': 11, 'orb_opening_bars': 49, 'vol_window': 10}. Best is trial 868 with value: 0.384.
Trial 1683: REJECT (overfit 122.1%) - Eval: 0.154%, Val: -0.034%
[I 2025-10-25 04:49:34,344] Trial 1683 finished with value: -999.0 and parameters: {'w_boll': 0.2385169930366917, 'w_rsi': 0.43281281652553094, 'w_mom': 0.30697574232889696, 'w_vwap': 0.6143972253523698, 'w_orb': 1.8755196998832566, 'w_ofi': 1.9340959324157472, 'w_vol': 1.8031493778969032, 'win_boll': 15, 'win_rsi': 5, 'win_mom': 4, 'win_vwap': 13, 'orb_opening_bars': 47, 'vol_window': 26}. Best is trial 868 with value: 0.384.
Trial 1684: REJECT (overfit 135.2%) - Eval: 0.210%, Val: -0.074%
[I 2025-10-25 04:49:35,103] Trial 1684 finished with value: -999.0 and parameters: {'w_boll': 0.5804590708689611, 'w_rsi': 0.35151907222150064, 'w_mom': 0.10212957288330851, 'w_vwap': 1.1067212494324634, 'w_orb': 1.7927215930341434, 'w_ofi': 1.9998633246160185, 'w_vol': 1.8998064148332823, 'win_boll': 10, 'win_rsi': 8, 'win_mom': 3, 'win_vwap': 33, 'orb_opening_bars': 48, 'vol_window': 12}. Best is trial 868 with value: 0.384.
Trial 1685: ACCEPT (degrade -255.4%) - Eval: 0.130%, Val: 0.462%
[I 2025-10-25 04:49:35,827] Trial 1685 finished with value: 0.13000000000000003 and parameters: {'w_boll': 0.3919624796948354, 'w_rsi': 0.2528453036700497, 'w_mom': 0.16392166911143802, 'w_vwap': 0.7279405928008466, 'w_orb': 1.9654293434752537, 'w_ofi': 0.3769856379257168, 'w_vol': 1.9675896448103545, 'win_boll': 14, 'win_rsi': 6, 'win_mom': 5, 'win_vwap': 15, 'orb_opening_bars': 25, 'vol_window': 15}. Best is trial 868 with value: 0.384.
Trial 1686: ACCEPT (degrade -120.7%) - Eval: 0.058%, Val: 0.128%
[I 2025-10-25 04:49:36,618] Trial 1686 finished with value: 0.05800000000000001 and parameters: {'w_boll': 0.33712322069988065, 'w_rsi': 0.4672677728061568, 'w_mom': 1.4345910484934135, 'w_vwap': 0.6577131127821696, 'w_orb': 1.9080482155316665, 'w_ofi': 0.47348126379965716, 'w_vol': 1.8290314374659054, 'win_boll': 13, 'win_rsi': 6, 'win_mom': 6, 'win_vwap': 10, 'orb_opening_bars': 49, 'vol_window': 11}. Best is trial 868 with value: 0.384.
Trial 1687: ACCEPT (degrade -103.0%) - Eval: 0.164%, Val: 0.333%
[I 2025-10-25 04:49:37,382] Trial 1687 finished with value: 0.164 and parameters: {'w_boll': 0.2982853896716817, 'w_rsi': 0.5254656457981967, 'w_mom': 0.2035137296564155, 'w_vwap': 0.7013692663880613, 'w_orb': 1.8467954499835417, 'w_ofi': 0.3110678821948303, 'w_vol': 1.881476437800248, 'win_boll': 11, 'win_rsi': 7, 'win_mom': 3, 'win_vwap': 27, 'orb_opening_bars': 36, 'vol_window': 12}. Best is trial 868 with value: 0.384.
Trial 1688: ACCEPT (degrade -110.3%) - Eval: 0.078%, Val: 0.164%
[I 2025-10-25 04:49:38,140] Trial 1688 finished with value: 0.07800000000000003 and parameters: {'w_boll': 0.4447503801559934, 'w_rsi': 0.4028535169395276, 'w_mom': 0.6922440418764386, 'w_vwap': 0.7587509301087163, 'w_orb': 1.9305214939795785, 'w_ofi': 1.8613533105234308, 'w_vol': 1.9269230863866067, 'win_boll': 16, 'win_rsi': 5, 'win_mom': 4, 'win_vwap': 12, 'orb_opening_bars': 50, 'vol_window': 34}. Best is trial 868 with value: 0.384.
Trial 1689: ACCEPT (degrade -615.0%) - Eval: 0.040%, Val: 0.286%
[I 2025-10-25 04:49:38,869] Trial 1689 finished with value: 0.039999999999999994 and parameters: {'w_boll': 0.48297452513541295, 'w_rsi': 0.3188916916925276, 'w_mom': 1.3473519545375943, 'w_vwap': 0.8258666098985041, 'w_orb': 1.8614710728278419, 'w_ofi': 1.76933073686039, 'w_vol': 1.282150362472367, 'win_boll': 12, 'win_rsi': 7, 'win_mom': 7, 'win_vwap': 14, 'orb_opening_bars': 48, 'vol_window': 11}. Best is trial 868 with value: 0.384.Best trial: 868. Best value: 0.384:  85%|████████▌ | 1706/2000 [21:48<03:44,  1.31it/s]Best trial: 868. Best value: 0.384:  85%|████████▌ | 1706/2000 [21:48<03:44,  1.31it/s]Best trial: 868. Best value: 0.384:  85%|████████▌ | 1707/2000 [21:48<03:44,  1.30it/s]                                                                                       Best trial: 868. Best value: 0.384:  85%|████████▌ | 1707/2000 [21:49<03:44,  1.30it/s]Best trial: 868. Best value: 0.384:  85%|████████▌ | 1707/2000 [21:49<03:44,  1.30it/s]Best trial: 868. Best value: 0.384:  85%|████████▌ | 1708/2000 [21:49<03:43,  1.31it/s]                                                                                       Best trial: 868. Best value: 0.384:  85%|████████▌ | 1708/2000 [21:50<03:43,  1.31it/s]Best trial: 868. Best value: 0.384:  85%|████████▌ | 1708/2000 [21:50<03:43,  1.31it/s]Best trial: 868. Best value: 0.384:  85%|████████▌ | 1709/2000 [21:50<03:43,  1.30it/s]                                                                                       Best trial: 868. Best value: 0.384:  85%|████████▌ | 1709/2000 [21:50<03:43,  1.30it/s]Best trial: 868. Best value: 0.384:  85%|████████▌ | 1709/2000 [21:50<03:43,  1.30it/s]Best trial: 868. Best value: 0.384:  86%|████████▌ | 1710/2000 [21:50<03:41,  1.31it/s]                                                                                       Best trial: 868. Best value: 0.384:  86%|████████▌ | 1710/2000 [21:51<03:41,  1.31it/s]Best trial: 868. Best value: 0.384:  86%|████████▌ | 1710/2000 [21:51<03:41,  1.31it/s]Best trial: 868. Best value: 0.384:  86%|████████▌ | 1711/2000 [21:51<03:41,  1.30it/s]                                                                                       Best trial: 868. Best value: 0.384:  86%|████████▌ | 1711/2000 [21:52<03:41,  1.30it/s]Best trial: 868. Best value: 0.384:  86%|████████▌ | 1711/2000 [21:52<03:41,  1.30it/s]Best trial: 868. Best value: 0.384:  86%|████████▌ | 1712/2000 [21:52<03:44,  1.28it/s]                                                                                       Best trial: 868. Best value: 0.384:  86%|████████▌ | 1712/2000 [21:53<03:44,  1.28it/s]Best trial: 868. Best value: 0.384:  86%|████████▌ | 1712/2000 [21:53<03:44,  1.28it/s]Best trial: 868. Best value: 0.384:  86%|████████▌ | 1713/2000 [21:53<03:41,  1.29it/s]                                                                                       Best trial: 868. Best value: 0.384:  86%|████████▌ | 1713/2000 [21:53<03:41,  1.29it/s]Best trial: 868. Best value: 0.384:  86%|████████▌ | 1713/2000 [21:53<03:41,  1.29it/s]Best trial: 868. Best value: 0.384:  86%|████████▌ | 1714/2000 [21:53<03:39,  1.31it/s]                                                                                       Best trial: 868. Best value: 0.384:  86%|████████▌ | 1714/2000 [21:54<03:39,  1.31it/s]Best trial: 868. Best value: 0.384:  86%|████████▌ | 1714/2000 [21:54<03:39,  1.31it/s]Best trial: 868. Best value: 0.384:  86%|████████▌ | 1715/2000 [21:54<03:38,  1.30it/s]                                                                                       Best trial: 868. Best value: 0.384:  86%|████████▌ | 1715/2000 [21:55<03:38,  1.30it/s]Best trial: 868. Best value: 0.384:  86%|████████▌ | 1715/2000 [21:55<03:38,  1.30it/s]Best trial: 868. Best value: 0.384:  86%|████████▌ | 1716/2000 [21:55<03:38,  1.30it/s]                                                                                       Best trial: 868. Best value: 0.384:  86%|████████▌ | 1716/2000 [21:56<03:38,  1.30it/s]Best trial: 868. Best value: 0.384:  86%|████████▌ | 1716/2000 [21:56<03:38,  1.30it/s]Best trial: 868. Best value: 0.384:  86%|████████▌ | 1717/2000 [21:56<03:37,  1.30it/s]                                                                                       Best trial: 868. Best value: 0.384:  86%|████████▌ | 1717/2000 [21:57<03:37,  1.30it/s]Best trial: 868. Best value: 0.384:  86%|████████▌ | 1717/2000 [21:57<03:37,  1.30it/s]Best trial: 868. Best value: 0.384:  86%|████████▌ | 1718/2000 [21:57<03:42,  1.27it/s]                                                                                       Best trial: 868. Best value: 0.384:  86%|████████▌ | 1718/2000 [21:57<03:42,  1.27it/s]Best trial: 868. Best value: 0.384:  86%|████████▌ | 1718/2000 [21:57<03:42,  1.27it/s]Best trial: 868. Best value: 0.384:  86%|████████▌ | 1719/2000 [21:57<03:38,  1.28it/s]                                                                                       Best trial: 868. Best value: 0.384:  86%|████████▌ | 1719/2000 [21:58<03:38,  1.28it/s]Best trial: 868. Best value: 0.384:  86%|████████▌ | 1719/2000 [21:58<03:38,  1.28it/s]Best trial: 868. Best value: 0.384:  86%|████████▌ | 1720/2000 [21:58<03:38,  1.28it/s]                                                                                       Best trial: 868. Best value: 0.384:  86%|████████▌ | 1720/2000 [21:59<03:38,  1.28it/s]Best trial: 868. Best value: 0.384:  86%|████████▌ | 1720/2000 [21:59<03:38,  1.28it/s]Best trial: 868. Best value: 0.384:  86%|████████▌ | 1721/2000 [21:59<03:36,  1.29it/s]                                                                                       Best trial: 868. Best value: 0.384:  86%|████████▌ | 1721/2000 [22:00<03:36,  1.29it/s]Best trial: 868. Best value: 0.384:  86%|████████▌ | 1721/2000 [22:00<03:36,  1.29it/s]Best trial: 868. Best value: 0.384:  86%|████████▌ | 1722/2000 [22:00<03:33,  1.30it/s]                                                                                       Best trial: 868. Best value: 0.384:  86%|████████▌ | 1722/2000 [22:00<03:33,  1.30it/s]Best trial: 868. Best value: 0.384:  86%|████████▌ | 1722/2000 [22:00<03:33,  1.30it/s]Best trial: 868. Best value: 0.384:  86%|████████▌ | 1723/2000 [22:00<03:35,  1.29it/s]                                                                                       
Trial 1690: REJECT (overfit 409.3%) - Eval: 0.054%, Val: -0.167%
[I 2025-10-25 04:49:39,668] Trial 1690 finished with value: -999.0 and parameters: {'w_boll': 0.3793053541023046, 'w_rsi': 0.7642639551431112, 'w_mom': 1.5131369095624438, 'w_vwap': 0.8978822716346361, 'w_orb': 1.8056465569270843, 'w_ofi': 0.7352820889797053, 'w_vol': 1.067339679606074, 'win_boll': 14, 'win_rsi': 5, 'win_mom': 4, 'win_vwap': 17, 'orb_opening_bars': 38, 'vol_window': 10}. Best is trial 868 with value: 0.384.
Trial 1691: ACCEPT (degrade 0.0%) - Eval: -0.024%, Val: 0.372%
[I 2025-10-25 04:49:40,446] Trial 1691 finished with value: -0.024 and parameters: {'w_boll': 0.5348355854082752, 'w_rsi': 0.36479566864961815, 'w_mom': 1.1767388819884805, 'w_vwap': 0.5405131125523849, 'w_orb': 1.9716455809339932, 'w_ofi': 0.5238492424265874, 'w_vol': 1.7688453878084454, 'win_boll': 15, 'win_rsi': 15, 'win_mom': 5, 'win_vwap': 22, 'orb_opening_bars': 49, 'vol_window': 14}. Best is trial 868 with value: 0.384.
Trial 1692: ACCEPT (degrade -52.9%) - Eval: 0.070%, Val: 0.107%
[I 2025-10-25 04:49:41,206] Trial 1692 finished with value: 0.07000000000000002 and parameters: {'w_boll': 0.2394888447254143, 'w_rsi': 0.1512054410689308, 'w_mom': 1.2362625360896897, 'w_vwap': 0.6364391255864451, 'w_orb': 1.8909118882071738, 'w_ofi': 0.6593615698137739, 'w_vol': 1.0148270003458066, 'win_boll': 38, 'win_rsi': 6, 'win_mom': 3, 'win_vwap': 16, 'orb_opening_bars': 49, 'vol_window': 13}. Best is trial 868 with value: 0.384.
Trial 1693: ACCEPT (degrade -1660.0%) - Eval: 0.010%, Val: 0.176%
[I 2025-10-25 04:49:41,938] Trial 1693 finished with value: 0.010000000000000002 and parameters: {'w_boll': 0.4146744198438864, 'w_rsi': 0.2883235879720102, 'w_mom': 1.312671803903833, 'w_vwap': 0.5880516309540028, 'w_orb': 1.9987465303235556, 'w_ofi': 1.35506376793894, 'w_vol': 1.8528148115142955, 'win_boll': 11, 'win_rsi': 7, 'win_mom': 6, 'win_vwap': 11, 'orb_opening_bars': 48, 'vol_window': 12}. Best is trial 868 with value: 0.384.
Trial 1694: ACCEPT (degrade 0.0%) - Eval: -0.006%, Val: 0.051%
[I 2025-10-25 04:49:42,742] Trial 1694 finished with value: -0.006 and parameters: {'w_boll': 0.3423034763471472, 'w_rsi': 0.24256519324977233, 'w_mom': 0.15729881067550322, 'w_vwap': 0.6868809437411635, 'w_orb': 1.9288559440661104, 'w_ofi': 0.4288867412411687, 'w_vol': 1.4244856642705546, 'win_boll': 13, 'win_rsi': 6, 'win_mom': 10, 'win_vwap': 13, 'orb_opening_bars': 47, 'vol_window': 11}. Best is trial 868 with value: 0.384.
Trial 1695: ACCEPT (degrade 0.0%) - Eval: -0.280%, Val: 0.302%
[I 2025-10-25 04:49:43,504] Trial 1695 finished with value: -0.27999999999999997 and parameters: {'w_boll': 0.2726902239339554, 'w_rsi': 0.32751328341967567, 'w_mom': 0.2680970825890831, 'w_vwap': 0.7474961086264795, 'w_orb': 1.6951939435620633, 'w_ofi': 1.9259465156435291, 'w_vol': 1.688640491197645, 'win_boll': 49, 'win_rsi': 5, 'win_mom': 9, 'win_vwap': 11, 'orb_opening_bars': 50, 'vol_window': 13}. Best is trial 868 with value: 0.384.
Trial 1696: ACCEPT (degrade -5.6%) - Eval: 0.054%, Val: 0.057%
[I 2025-10-25 04:49:44,264] Trial 1696 finished with value: 0.054000000000000006 and parameters: {'w_boll': 0.3153732814846497, 'w_rsi': 0.21012044615785871, 'w_mom': 0.21336872287355307, 'w_vwap': 1.5025904864919142, 'w_orb': 1.7575245650778177, 'w_ofi': 1.965888598223034, 'w_vol': 1.8081786501036852, 'win_boll': 16, 'win_rsi': 8, 'win_mom': 3, 'win_vwap': 12, 'orb_opening_bars': 49, 'vol_window': 10}. Best is trial 868 with value: 0.384.
Trial 1697: REJECT (overfit 1416.7%) - Eval: 0.012%, Val: -0.158%
[I 2025-10-25 04:49:44,998] Trial 1697 finished with value: -999.0 and parameters: {'w_boll': 1.2316771686607315, 'w_rsi': 0.4532186050488106, 'w_mom': 0.13320486116926644, 'w_vwap': 0.8038261128505013, 'w_orb': 0.7074693675732587, 'w_ofi': 1.9145928112292032, 'w_vol': 1.8949852305028703, 'win_boll': 12, 'win_rsi': 9, 'win_mom': 4, 'win_vwap': 15, 'orb_opening_bars': 28, 'vol_window': 12}. Best is trial 868 with value: 0.384.
Trial 1698: ACCEPT (degrade 0.0%) - Eval: -0.034%, Val: 0.218%
[I 2025-10-25 04:49:45,780] Trial 1698 finished with value: -0.03399999999999999 and parameters: {'w_boll': 0.3880014897186197, 'w_rsi': 0.4070176709561072, 'w_mom': 0.25087358596391973, 'w_vwap': 0.714028640681274, 'w_orb': 1.837053659794911, 'w_ofi': 0.4103331304273814, 'w_vol': 1.9621958476069865, 'win_boll': 14, 'win_rsi': 10, 'win_mom': 5, 'win_vwap': 10, 'orb_opening_bars': 32, 'vol_window': 11}. Best is trial 868 with value: 0.384.
Trial 1699: ACCEPT (degrade -1416.7%) - Eval: 0.006%, Val: 0.091%
[I 2025-10-25 04:49:46,541] Trial 1699 finished with value: 0.0060000000000000105 and parameters: {'w_boll': 0.16809718947538554, 'w_rsi': 0.36665049163332286, 'w_mom': 1.3652046336029893, 'w_vwap': 0.6434595820824166, 'w_orb': 1.8928184269058315, 'w_ofi': 0.5700219497193904, 'w_vol': 1.8498224808162715, 'win_boll': 15, 'win_rsi': 7, 'win_mom': 4, 'win_vwap': 14, 'orb_opening_bars': 50, 'vol_window': 10}. Best is trial 868 with value: 0.384.
Trial 1700: ACCEPT (degrade 0.0%) - Eval: -0.252%, Val: 0.109%
[I 2025-10-25 04:49:47,310] Trial 1700 finished with value: -0.25199999999999995 and parameters: {'w_boll': 0.20424661076099893, 'w_rsi': 0.27996526607073247, 'w_mom': 1.2752414491588913, 'w_vwap': 0.7892454632062536, 'w_orb': 1.9616069978083552, 'w_ofi': 1.8042411694291782, 'w_vol': 1.9280471756222357, 'win_boll': 13, 'win_rsi': 6, 'win_mom': 3, 'win_vwap': 29, 'orb_opening_bars': 46, 'vol_window': 14}. Best is trial 868 with value: 0.384.
Trial 1701: ACCEPT (degrade -80.8%) - Eval: 0.052%, Val: 0.094%
[I 2025-10-25 04:49:48,046] Trial 1701 finished with value: 0.052000000000000005 and parameters: {'w_boll': 0.4430377483096873, 'w_rsi': 0.32288526250150384, 'w_mom': 0.17541845558808905, 'w_vwap': 0.6062643579191009, 'w_orb': 1.92933374432167, 'w_ofi': 0.45771457887748995, 'w_vol': 1.7320490051751987, 'win_boll': 11, 'win_rsi': 6, 'win_mom': 7, 'win_vwap': 12, 'orb_opening_bars': 30, 'vol_window': 19}. Best is trial 868 with value: 0.384.
Trial 1702: REJECT (overfit 98.6%) - Eval: 0.280%, Val: 0.004%
[I 2025-10-25 04:49:48,839] Trial 1702 finished with value: -999.0 and parameters: {'w_boll': 0.34903996227918815, 'w_rsi': 0.5019940234836322, 'w_mom': 0.10109306775604164, 'w_vwap': 0.6694553236993858, 'w_orb': 1.8730785976618505, 'w_ofi': 1.957335755911186, 'w_vol': 1.8125608130258044, 'win_boll': 14, 'win_rsi': 5, 'win_mom': 6, 'win_vwap': 11, 'orb_opening_bars': 48, 'vol_window': 11}. Best is trial 868 with value: 0.384.
Trial 1703: ACCEPT (degrade 0.0%) - Eval: -0.006%, Val: 0.175%
[I 2025-10-25 04:49:49,617] Trial 1703 finished with value: -0.006000000000000005 and parameters: {'w_boll': 0.30125169436266186, 'w_rsi': 0.17495818923808715, 'w_mom': 1.4125431034946034, 'w_vwap': 0.8657843213187961, 'w_orb': 1.9429497788192922, 'w_ofi': 1.998613393760937, 'w_vol': 1.8743517864206711, 'win_boll': 12, 'win_rsi': 12, 'win_mom': 5, 'win_vwap': 13, 'orb_opening_bars': 47, 'vol_window': 13}. Best is trial 868 with value: 0.384.
Trial 1704: ACCEPT (degrade 15.2%) - Eval: 0.178%, Val: 0.151%
[I 2025-10-25 04:49:50,371] Trial 1704 finished with value: 0.17800000000000002 and parameters: {'w_boll': 0.26570342870813723, 'w_rsi': 0.4318463417723206, 'w_mom': 1.2061803405291216, 'w_vwap': 0.7246259019651282, 'w_orb': 1.7785565622986819, 'w_ofi': 0.500286325095656, 'w_vol': 0.9056859103755335, 'win_boll': 10, 'win_rsi': 8, 'win_mom': 4, 'win_vwap': 16, 'orb_opening_bars': 49, 'vol_window': 12}. Best is trial 868 with value: 0.384.
Trial 1705: REJECT (overfit 303.4%) - Eval: 0.058%, Val: -0.118%
