[I 2025-10-25 04:46:49,965] Trial 1470 finished with value: -0.20600000000000002 and parameters: {'w_boll': 0.3632756077868914, 'w_rsi': 0.5030377237357484, 'w_mom': 0.2233251533416269, 'w_vwap': 0.8344583796380093, 'w_orb': 1.0395493351910885, 'w_ofi': 1.9998400855878014, 'w_vol': 1.756535030236921, 'win_boll': 16, 'win_rsi': 7, 'win_mom': 7, 'win_vwap': 11, 'orb_opening_bars': 30, 'vol_window': 20}. Best is trial 868 with value: 0.384.
Trial 1471: ACCEPT (degrade 0.0%) - Eval: -0.030%, Val: 0.095%
[I 2025-10-25 04:46:50,714] Trial 1471 finished with value: -0.030000000000000016 and parameters: {'w_boll': 0.33251877525648554, 'w_rsi': 0.3836745913062726, 'w_mom': 1.267525635611318, 'w_vwap': 0.6109236342655959, 'w_orb': 1.9478164323771519, 'w_ofi': 0.34414138633114416, 'w_vol': 1.895567545972308, 'win_boll': 14, 'win_rsi': 5, 'win_mom': 5, 'win_vwap': 31, 'orb_opening_bars': 47, 'vol_window': 14}. Best is trial 868 with value: 0.384.
Trial 1472: ACCEPT (degrade -1800.0%) - Eval: 0.006%, Val: 0.114%
[I 2025-10-25 04:46:51,495] Trial 1472 finished with value: 0.005999999999999994 and parameters: {'w_boll': 0.4124078789742354, 'w_rsi': 0.2843345315886874, 'w_mom': 0.26550860790826303, 'w_vwap': 0.684575777818434, 'w_orb': 1.8549563115826784, 'w_ofi': 0.42830975215121586, 'w_vol': 1.223120634197936, 'win_boll': 11, 'win_rsi': 6, 'win_mom': 8, 'win_vwap': 12, 'orb_opening_bars': 32, 'vol_window': 15}. Best is trial 868 with value: 0.384.
Trial 1473: ACCEPT (degrade -49.0%) - Eval: 0.104%, Val: 0.155%
[I 2025-10-25 04:46:52,260] Trial 1473 finished with value: 0.10400000000000001 and parameters: {'w_boll': 0.20273541585114982, 'w_rsi': 0.47316976364532287, 'w_mom': 1.189557385147063, 'w_vwap': 0.5638549014325659, 'w_orb': 1.9032770739542757, 'w_ofi': 1.9355861624805932, 'w_vol': 1.8498404874948953, 'win_boll': 18, 'win_rsi': 7, 'win_mom': 4, 'win_vwap': 15, 'orb_opening_bars': 46, 'vol_window': 12}. Best is trial 868 with value: 0.384.
Trial 1474: ACCEPT (degrade -1007.1%) - Eval: 0.042%, Val: 0.465%
[I 2025-10-25 04:46:52,991] Trial 1474 finished with value: 0.042 and parameters: {'w_boll': 0.47498592674408957, 'w_rsi': 0.314819685790126, 'w_mom': 0.18493087583686704, 'w_vwap': 0.9203766828828349, 'w_orb': 1.9659445798032549, 'w_ofi': 0.45968654460247227, 'w_vol': 1.969044430210365, 'win_boll': 19, 'win_rsi': 6, 'win_mom': 3, 'win_vwap': 13, 'orb_opening_bars': 49, 'vol_window': 10}. Best is trial 868 with value: 0.384.
Trial 1475: REJECT (overfit 80.4%) - Eval: 0.168%, Val: 0.033%
[I 2025-10-25 04:46:53,741] Trial 1475 finished with value: -999.0 and parameters: {'w_boll': 0.2685813811022554, 'w_rsi': 0.3566294054729224, 'w_mom': 1.415832598941185, 'w_vwap': 0.762507746181739, 'w_orb': 1.92364403537847, 'w_ofi': 1.8700337426941842, 'w_vol': 1.8214782821711404, 'win_boll': 15, 'win_rsi': 5, 'win_mom': 6, 'win_vwap': 12, 'orb_opening_bars': 26, 'vol_window': 11}. Best is trial 868 with value: 0.384.
Trial 1476: REJECT (overfit 24.7%) - Eval: 0.198%, Val: 0.149%
[I 2025-10-25 04:46:54,521] Trial 1476 finished with value: -999.0 and parameters: {'w_boll': 0.3114118633104634, 'w_rsi': 0.411290293655249, 'w_mom': 1.3533918778562288, 'w_vwap': 0.6521152953873844, 'w_orb': 1.858998020593871, 'w_ofi': 1.9550115687030127, 'w_vol': 1.9232318058048916, 'win_boll': 13, 'win_rsi': 6, 'win_mom': 5, 'win_vwap': 10, 'orb_opening_bars': 11, 'vol_window': 13}. Best is trial 868 with value: 0.384.
Trial 1477: REJECT (overfit 25.5%) - Eval: 0.106%, Val: 0.079%
[I 2025-10-25 04:46:55,284] Trial 1477 finished with value: -999.0 and parameters: {'w_boll': 0.3729150264915615, 'w_rsi': 0.2827761461057957, 'w_mom': 0.2232810098281705, 'w_vwap': 0.7262330748580133, 'w_orb': 1.169895969636969, 'w_ofi': 0.6441635475525173, 'w_vol': 1.709778411631272, 'win_boll': 10, 'win_rsi': 7, 'win_mom': 3, 'win_vwap': 14, 'orb_opening_bars': 48, 'vol_window': 10}. Best is trial 868 with value: 0.384.
Trial 1478: ACCEPT (degrade -511.4%) - Eval: 0.044%, Val: 0.269%
[I 2025-10-25 04:46:56,017] Trial 1478 finished with value: 0.044000000000000004 and parameters: {'w_boll': 0.4175948442981546, 'w_rsi': 0.43857705614233033, 'w_mom': 1.2327942554161513, 'w_vwap': 0.5999194680899037, 'w_orb': 1.9625203745944668, 'w_ofi': 1.1663169084553668, 'w_vol': 1.8776050274661695, 'win_boll': 17, 'win_rsi': 8, 'win_mom': 4, 'win_vwap': 16, 'orb_opening_bars': 50, 'vol_window': 12}. Best is trial 868 with value: 0.384.
Trial 1479: ACCEPT (degrade 0.0%) - Eval: -0.366%, Val: 0.308%
[I 2025-10-25 04:46:56,771] Trial 1479 finished with value: -0.366 and parameters: {'w_boll': 1.1926299641053517, 'w_rsi': 0.34778312949820045, 'w_mom': 1.9984196954963602, 'w_vwap': 0.8055932071772794, 'w_orb': 1.7527749229344012, 'w_ofi': 0.513866170866551, 'w_vol': 1.8013083084504355, 'win_boll': 16, 'win_rsi': 10, 'win_mom': 6, 'win_vwap': 11, 'orb_opening_bars': 49, 'vol_window': 11}. Best is trial 868 with value: 0.384.
Trial 1480: ACCEPT (degrade -7.0%) - Eval: 0.186%, Val: 0.199%
[I 2025-10-25 04:46:57,574] Trial 1480 finished with value: 0.186 and parameters: {'w_boll': 0.3344695335648133, 'w_rsi': 0.5686328770517779, 'w_mom': 1.1351571541559802, 'w_vwap': 0.7032092649554443, 'w_orb': 1.807520117500673, 'w_ofi': 0.37987154584532945, 'w_vol': 1.8518936554541694, 'win_boll': 34, 'win_rsi': 6, 'win_mom': 3, 'win_vwap': 13, 'orb_opening_bars': 28, 'vol_window': 12}. Best is trial 868 with value: 0.384.
Trial 1481: ACCEPT (degrade 0.0%) - Eval: -0.040%, Val: 0.044%
[I 2025-10-25 04:46:58,344] Trial 1481 finished with value: -0.04 and parameters: {'w_boll': 0.2368391360133161, 'w_rsi': 0.39420466602280824, 'w_mom': 0.1816379851291901, 'w_vwap': 0.645459154678143, 'w_orb': 1.8840756825971436, 'w_ofi': 1.9182215594910195, 'w_vol': 1.7599620444162658, 'win_boll': 12, 'win_rsi': 5, 'win_mom': 5, 'win_vwap': 12, 'orb_opening_bars': 48, 'vol_window': 10}. Best is trial 868 with value: 0.384.
Trial 1482: REJECT (overfit 0.0%) - Eval: -0.022%, Val: -0.062%
[I 2025-10-25 04:46:59,100] Trial 1482 finished with value: -999.0 and parameters: {'w_boll': 0.3798945801905676, 'w_rsi': 0.29118178705242065, 'w_mom': 1.30059138746982, 'w_vwap': 0.7870124014510116, 'w_orb': 1.6678236253243326, 'w_ofi': 0.4467524411881602, 'w_vol': 0.2937508445613969, 'win_boll': 14, 'win_rsi': 7, 'win_mom': 4, 'win_vwap': 15, 'orb_opening_bars': 47, 'vol_window': 11}. Best is trial 868 with value: 0.384.
Trial 1483: ACCEPT (degrade 0.0%) - Eval: -0.062%, Val: 0.146%
[I 2025-10-25 04:46:59,834] Trial 1483 finished with value: -0.06200000000000001 and parameters: {'w_boll': 0.42800077895270605, 'w_rsi': 0.5111271181111664, 'w_mom': 0.22347346023817471, 'w_vwap': 0.7477959730489541, 'w_orb': 1.9199643867533676, 'w_ofi': 0.404782280042178, 'w_vol': 1.1001905166863182, 'win_boll': 15, 'win_rsi': 6, 'win_mom': 3, 'win_vwap': 11, 'orb_opening_bars': 49, 'vol_window': 13}. Best is trial 868 with value: 0.384.
Trial 1484: ACCEPT (degrade 0.0%) - Eval: -0.130%, Val: 0.389%
[I 2025-10-25 04:47:00,735] Trial 1484 finished with value: -0.13000000000000003 and parameters: {'w_boll': 0.2818805643085822, 'w_rsi': 0.4651648322837759, 'w_mom': 1.2545197564613817, 'w_vwap': 0.6767252161043011, 'w_orb': 1.9633581891194263, 'w_ofi': 0.293810364402606, 'w_vol': 1.9104994953032564, 'win_boll': 13, 'win_rsi': 7, 'win_mom': 9, 'win_vwap': 14, 'orb_opening_bars': 50, 'vol_window': 12}. Best is trial 868 with value: 0.384.
Trial 1485: ACCEPT (degrade 13.6%) - Eval: 0.022%, Val: 0.019%
[I 2025-10-25 04:47:01,488] Trial 1485 finished with value: 0.022000000000000002 and parameters: {'w_boll': 0.347617766784272, 'w_rsi': 0.3392911701531989, 'w_mom': 0.2736406526793967, 'w_vwap': 0.8488260941759778, 'w_orb': 1.8455469008031131, 'w_ofi': 0.6825740423423546, 'w_vol': 1.9420873987178486, 'win_boll': 11, 'win_rsi': 6, 'win_mom': 4, 'win_vwap': 10, 'orb_opening_bars': 48, 'vol_window': 10}. Best is trial 868 with value: 0.384.Best trial: 868. Best value: 0.384:  75%|███████▌  | 1502/2000 [19:11<06:25,  1.29it/s]Best trial: 868. Best value: 0.384:  75%|███████▌  | 1502/2000 [19:11<06:25,  1.29it/s]Best trial: 868. Best value: 0.384:  75%|███████▌  | 1503/2000 [19:11<06:22,  1.30it/s]                                                                                       Best trial: 868. Best value: 0.384:  75%|███████▌  | 1503/2000 [19:11<06:22,  1.30it/s]Best trial: 868. Best value: 0.384:  75%|███████▌  | 1503/2000 [19:11<06:22,  1.30it/s]Best trial: 868. Best value: 0.384:  75%|███████▌  | 1504/2000 [19:11<06:24,  1.29it/s]                                                                                       Best trial: 868. Best value: 0.384:  75%|███████▌  | 1504/2000 [19:12<06:24,  1.29it/s]Best trial: 868. Best value: 0.384:  75%|███████▌  | 1504/2000 [19:12<06:24,  1.29it/s]Best trial: 868. Best value: 0.384:  75%|███████▌  | 1505/2000 [19:12<06:23,  1.29it/s]                                                                                       Best trial: 868. Best value: 0.384:  75%|███████▌  | 1505/2000 [19:13<06:23,  1.29it/s]Best trial: 868. Best value: 0.384:  75%|███████▌  | 1505/2000 [19:13<06:23,  1.29it/s]Best trial: 868. Best value: 0.384:  75%|███████▌  | 1506/2000 [19:13<06:18,  1.30it/s]                                                                                       Best trial: 868. Best value: 0.384:  75%|███████▌  | 1506/2000 [19:14<06:18,  1.30it/s]Best trial: 868. Best value: 0.384:  75%|███████▌  | 1506/2000 [19:14<06:18,  1.30it/s]Best trial: 868. Best value: 0.384:  75%|███████▌  | 1507/2000 [19:14<06:18,  1.30it/s]                                                                                       Best trial: 868. Best value: 0.384:  75%|███████▌  | 1507/2000 [19:14<06:18,  1.30it/s]Best trial: 868. Best value: 0.384:  75%|███████▌  | 1507/2000 [19:14<06:18,  1.30it/s]Best trial: 868. Best value: 0.384:  75%|███████▌  | 1508/2000 [19:14<06:19,  1.30it/s]                                                                                       Best trial: 868. Best value: 0.384:  75%|███████▌  | 1508/2000 [19:15<06:19,  1.30it/s]Best trial: 868. Best value: 0.384:  75%|███████▌  | 1508/2000 [19:15<06:19,  1.30it/s]Best trial: 868. Best value: 0.384:  75%|███████▌  | 1509/2000 [19:15<06:21,  1.29it/s]                                                                                       Best trial: 868. Best value: 0.384:  75%|███████▌  | 1509/2000 [19:16<06:21,  1.29it/s]Best trial: 868. Best value: 0.384:  75%|███████▌  | 1509/2000 [19:16<06:21,  1.29it/s]Best trial: 868. Best value: 0.384:  76%|███████▌  | 1510/2000 [19:16<06:17,  1.30it/s]                                                                                       Best trial: 868. Best value: 0.384:  76%|███████▌  | 1510/2000 [19:17<06:17,  1.30it/s]Best trial: 868. Best value: 0.384:  76%|███████▌  | 1510/2000 [19:17<06:17,  1.30it/s]Best trial: 868. Best value: 0.384:  76%|███████▌  | 1511/2000 [19:17<06:17,  1.30it/s]                                                                                       Best trial: 868. Best value: 0.384:  76%|███████▌  | 1511/2000 [19:18<06:17,  1.30it/s]Best trial: 868. Best value: 0.384:  76%|███████▌  | 1511/2000 [19:18<06:17,  1.30it/s]Best trial: 868. Best value: 0.384:  76%|███████▌  | 1512/2000 [19:18<06:14,  1.30it/s]                                                                                       Best trial: 868. Best value: 0.384:  76%|███████▌  | 1512/2000 [19:18<06:14,  1.30it/s]Best trial: 868. Best value: 0.384:  76%|███████▌  | 1512/2000 [19:18<06:14,  1.30it/s]Best trial: 868. Best value: 0.384:  76%|███████▌  | 1513/2000 [19:18<06:17,  1.29it/s]                                                                                       Best trial: 868. Best value: 0.384:  76%|███████▌  | 1513/2000 [19:19<06:17,  1.29it/s]Best trial: 868. Best value: 0.384:  76%|███████▌  | 1513/2000 [19:19<06:17,  1.29it/s]Best trial: 868. Best value: 0.384:  76%|███████▌  | 1514/2000 [19:19<06:13,  1.30it/s]                                                                                       Best trial: 868. Best value: 0.384:  76%|███████▌  | 1514/2000 [19:20<06:13,  1.30it/s]Best trial: 868. Best value: 0.384:  76%|███████▌  | 1514/2000 [19:20<06:13,  1.30it/s]Best trial: 868. Best value: 0.384:  76%|███████▌  | 1515/2000 [19:20<06:10,  1.31it/s]                                                                                       Best trial: 868. Best value: 0.384:  76%|███████▌  | 1515/2000 [19:21<06:10,  1.31it/s]Best trial: 868. Best value: 0.384:  76%|███████▌  | 1515/2000 [19:21<06:10,  1.31it/s]Best trial: 868. Best value: 0.384:  76%|███████▌  | 1516/2000 [19:21<06:13,  1.30it/s]                                                                                       Best trial: 868. Best value: 0.384:  76%|███████▌  | 1516/2000 [19:21<06:13,  1.30it/s]Best trial: 868. Best value: 0.384:  76%|███████▌  | 1516/2000 [19:21<06:13,  1.30it/s]Best trial: 868. Best value: 0.384:  76%|███████▌  | 1517/2000 [19:21<06:14,  1.29it/s]                                                                                       Best trial: 868. Best value: 0.384:  76%|███████▌  | 1517/2000 [19:22<06:14,  1.29it/s]Best trial: 868. Best value: 0.384:  76%|███████▌  | 1517/2000 [19:22<06:14,  1.29it/s]Best trial: 868. Best value: 0.384:  76%|███████▌  | 1518/2000 [19:22<06:08,  1.31it/s]                                                                                       Best trial: 868. Best value: 0.384:  76%|███████▌  | 1518/2000 [19:23<06:08,  1.31it/s]Best trial: 868. Best value: 0.384:  76%|███████▌  | 1518/2000 [19:23<06:08,  1.31it/s]Best trial: 868. Best value: 0.384:  76%|███████▌  | 1519/2000 [19:23<06:05,  1.31it/s]                                                                                       
Trial 1486: ACCEPT (degrade 0.0%) - Eval: -0.184%, Val: -0.045%
[I 2025-10-25 04:47:02,245] Trial 1486 finished with value: -0.184 and parameters: {'w_boll': 0.49517658217261057, 'w_rsi': 0.37849315331562705, 'w_mom': 0.8211463457946397, 'w_vwap': 0.7111999515587182, 'w_orb': 1.9054972282893554, 'w_ofi': 0.47544346560690737, 'w_vol': 1.824256876248098, 'win_boll': 14, 'win_rsi': 5, 'win_mom': 6, 'win_vwap': 13, 'orb_opening_bars': 50, 'vol_window': 37}. Best is trial 868 with value: 0.384.
Trial 1487: ACCEPT (degrade 0.0%) - Eval: -0.036%, Val: 0.582%
[I 2025-10-25 04:47:02,978] Trial 1487 finished with value: -0.03599999999999999 and parameters: {'w_boll': 0.15932447021087837, 'w_rsi': 0.4267455106243877, 'w_mom': 1.3897035266422129, 'w_vwap': 1.0494672472298874, 'w_orb': 1.9437384701107225, 'w_ofi': 1.902800046033579, 'w_vol': 1.5488569887551944, 'win_boll': 15, 'win_rsi': 6, 'win_mom': 7, 'win_vwap': 12, 'orb_opening_bars': 29, 'vol_window': 14}. Best is trial 868 with value: 0.384.
Trial 1488: ACCEPT (degrade -52.6%) - Eval: 0.228%, Val: 0.348%
[I 2025-10-25 04:47:03,732] Trial 1488 finished with value: 0.22800000000000004 and parameters: {'w_boll': 0.30553075586571576, 'w_rsi': 0.3224514177165997, 'w_mom': 0.1715485318993201, 'w_vwap': 0.5917650234866377, 'w_orb': 1.786170085168024, 'w_ofi': 1.9632065825161127, 'w_vol': 0.6776243778695457, 'win_boll': 12, 'win_rsi': 5, 'win_mom': 5, 'win_vwap': 17, 'orb_opening_bars': 31, 'vol_window': 13}. Best is trial 868 with value: 0.384.
Trial 1489: REJECT (overfit 372.5%) - Eval: 0.120%, Val: -0.327%
[I 2025-10-25 04:47:04,496] Trial 1489 finished with value: -999.0 and parameters: {'w_boll': 0.39636292327174644, 'w_rsi': 0.2968417285935944, 'w_mom': 1.3553980429532149, 'w_vwap': 0.6316509057536907, 'w_orb': 0.8764398435691438, 'w_ofi': 0.5806576029639424, 'w_vol': 1.9742423408889795, 'win_boll': 13, 'win_rsi': 8, 'win_mom': 3, 'win_vwap': 32, 'orb_opening_bars': 47, 'vol_window': 48}. Best is trial 868 with value: 0.384.
Trial 1490: ACCEPT (degrade 0.0%) - Eval: -0.032%, Val: 0.112%
[I 2025-10-25 04:47:05,254] Trial 1490 finished with value: -0.031999999999999994 and parameters: {'w_boll': 0.443411043938494, 'w_rsi': 0.2775364346029238, 'w_mom': 1.3172247281422724, 'w_vwap': 0.7578980321789619, 'w_orb': 1.7105432846741917, 'w_ofi': 1.848943516300212, 'w_vol': 1.603395633523452, 'win_boll': 16, 'win_rsi': 7, 'win_mom': 4, 'win_vwap': 11, 'orb_opening_bars': 49, 'vol_window': 11}. Best is trial 868 with value: 0.384.
Trial 1491: ACCEPT (degrade -709.4%) - Eval: 0.032%, Val: 0.259%
[I 2025-10-25 04:47:05,984] Trial 1491 finished with value: 0.03199999999999997 and parameters: {'w_boll': 0.2559463276020953, 'w_rsi': 0.36251729060412974, 'w_mom': 0.1908987558560895, 'w_vwap': 0.66209177388675, 'w_orb': 1.9983994448987579, 'w_ofi': 0.4996641888218981, 'w_vol': 1.881394949212635, 'win_boll': 14, 'win_rsi': 7, 'win_mom': 3, 'win_vwap': 16, 'orb_opening_bars': 48, 'vol_window': 12}. Best is trial 868 with value: 0.384.
Trial 1492: ACCEPT (degrade 0.0%) - Eval: -0.172%, Val: 0.029%
[I 2025-10-25 04:47:06,777] Trial 1492 finished with value: -0.17200000000000001 and parameters: {'w_boll': 0.1895477661372921, 'w_rsi': 0.13630052123584882, 'w_mom': 0.24342455220423545, 'w_vwap': 0.5650480234017052, 'w_orb': 1.8662954415749975, 'w_ofi': 0.5395319019813193, 'w_vol': 1.7674580424422865, 'win_boll': 11, 'win_rsi': 6, 'win_mom': 4, 'win_vwap': 31, 'orb_opening_bars': 47, 'vol_window': 11}. Best is trial 868 with value: 0.384.
Trial 1493: ACCEPT (degrade 0.0%) - Eval: -0.268%, Val: 0.185%
[I 2025-10-25 04:47:07,534] Trial 1493 finished with value: -0.26799999999999996 and parameters: {'w_boll': 0.3640936654397049, 'w_rsi': 0.9430007727345848, 'w_mom': 1.2054609236181768, 'w_vwap': 0.7093600382321044, 'w_orb': 1.9015276458096029, 'w_ofi': 0.41466085747027237, 'w_vol': 1.8464065959489047, 'win_boll': 20, 'win_rsi': 5, 'win_mom': 6, 'win_vwap': 10, 'orb_opening_bars': 49, 'vol_window': 12}. Best is trial 868 with value: 0.384.
Trial 1494: ACCEPT (degrade -97.8%) - Eval: 0.046%, Val: 0.091%
[I 2025-10-25 04:47:08,290] Trial 1494 finished with value: 0.04599999999999999 and parameters: {'w_boll': 0.4641859015824776, 'w_rsi': 0.5350116388576467, 'w_mom': 1.261326272142082, 'w_vwap': 0.804103689472215, 'w_orb': 1.8220131078058335, 'w_ofi': 1.9531372117554116, 'w_vol': 1.793911301533795, 'win_boll': 10, 'win_rsi': 6, 'win_mom': 5, 'win_vwap': 15, 'orb_opening_bars': 50, 'vol_window': 10}. Best is trial 868 with value: 0.384.
Trial 1495: ACCEPT (degrade -54.3%) - Eval: 0.116%, Val: 0.179%
[I 2025-10-25 04:47:09,015] Trial 1495 finished with value: 0.11600000000000002 and parameters: {'w_boll': 0.3104252114823388, 'w_rsi': 0.4531337006266773, 'w_mom': 1.328180224107512, 'w_vwap': 0.6190761790272987, 'w_orb': 1.9636838969240187, 'w_ofi': 0.3392234257217897, 'w_vol': 1.9073579601439545, 'win_boll': 15, 'win_rsi': 8, 'win_mom': 3, 'win_vwap': 13, 'orb_opening_bars': 46, 'vol_window': 14}. Best is trial 868 with value: 0.384.
Trial 1496: ACCEPT (degrade -95.6%) - Eval: 0.180%, Val: 0.352%
[I 2025-10-25 04:47:09,809] Trial 1496 finished with value: 0.18000000000000002 and parameters: {'w_boll': 0.3910545206328631, 'w_rsi': 0.41118765493239506, 'w_mom': 1.4425613066643126, 'w_vwap': 1.1431756589244078, 'w_orb': 1.93024580352854, 'w_ofi': 0.6302443402116396, 'w_vol': 1.872197513966282, 'win_boll': 41, 'win_rsi': 7, 'win_mom': 7, 'win_vwap': 12, 'orb_opening_bars': 48, 'vol_window': 13}. Best is trial 868 with value: 0.384.
Trial 1497: ACCEPT (degrade -197.5%) - Eval: 0.040%, Val: 0.119%
[I 2025-10-25 04:47:10,570] Trial 1497 finished with value: 0.04 and parameters: {'w_boll': 0.3373935885499663, 'w_rsi': 0.2635696378357127, 'w_mom': 0.16534189961670973, 'w_vwap': 0.5319779958070741, 'w_orb': 1.8799345183310434, 'w_ofi': 1.8762136816522352, 'w_vol': 1.3444934540833506, 'win_boll': 13, 'win_rsi': 5, 'win_mom': 5, 'win_vwap': 11, 'orb_opening_bars': 39, 'vol_window': 40}. Best is trial 868 with value: 0.384.
Trial 1498: ACCEPT (degrade -273.9%) - Eval: 0.088%, Val: 0.329%
[I 2025-10-25 04:47:11,405] Trial 1498 finished with value: 0.088 and parameters: {'w_boll': 0.2290790235942437, 'w_rsi': 0.4934584146009149, 'w_mom': 0.23071715992625064, 'w_vwap': 0.7330024491957856, 'w_orb': 1.968753316124747, 'w_ofi': 1.969785805808431, 'w_vol': 1.9399198034404475, 'win_boll': 17, 'win_rsi': 8, 'win_mom': 4, 'win_vwap': 14, 'orb_opening_bars': 34, 'vol_window': 11}. Best is trial 868 with value: 0.384.
Trial 1499: ACCEPT (degrade 0.0%) - Eval: -0.102%, Val: 0.391%
[I 2025-10-25 04:47:12,162] Trial 1499 finished with value: -0.10200000000000001 and parameters: {'w_boll': 0.4129744685512888, 'w_rsi': 0.6126697236629858, 'w_mom': 1.504680217661569, 'w_vwap': 0.6715633007252764, 'w_orb': 1.9239314065510376, 'w_ofi': 0.45254469912534157, 'w_vol': 1.7091203777992348, 'win_boll': 24, 'win_rsi': 6, 'win_mom': 8, 'win_vwap': 30, 'orb_opening_bars': 24, 'vol_window': 10}. Best is trial 868 with value: 0.384.
Trial 1500: ACCEPT (degrade 0.0%) - Eval: -0.126%, Val: 0.041%
[I 2025-10-25 04:47:12,953] Trial 1500 finished with value: -0.12600000000000003 and parameters: {'w_boll': 0.26397575109446175, 'w_rsi': 0.33415728939704376, 'w_mom': 1.2837878090013637, 'w_vwap': 0.770787505102804, 'w_orb': 1.8546557316559245, 'w_ofi': 0.7844328085212986, 'w_vol': 1.8200216438671524, 'win_boll': 14, 'win_rsi': 7, 'win_mom': 3, 'win_vwap': 12, 'orb_opening_bars': 50, 'vol_window': 12}. Best is trial 868 with value: 0.384.
Trial 1501: ACCEPT (degrade -3.4%) - Eval: 0.088%, Val: 0.091%
