[I 2025-10-25 04:47:53,678] Trial 1552 finished with value: -0.09200000000000001 and parameters: {'w_boll': 0.32849695819061875, 'w_rsi': 0.3393956934849402, 'w_mom': 1.2319823566204764, 'w_vwap': 0.7840002709133724, 'w_orb': 1.7111355838280078, 'w_ofi': 1.887318454174024, 'w_vol': 1.0385501856804265, 'win_boll': 15, 'win_rsi': 5, 'win_mom': 7, 'win_vwap': 13, 'orb_opening_bars': 30, 'vol_window': 12}. Best is trial 868 with value: 0.384.
Trial 1553: ACCEPT (degrade 0.0%) - Eval: -0.136%, Val: 0.228%
[I 2025-10-25 04:47:54,435] Trial 1553 finished with value: -0.13599999999999998 and parameters: {'w_boll': 0.28773773848805495, 'w_rsi': 0.23122156404775593, 'w_mom': 1.5628031489915741, 'w_vwap': 0.9781593964367772, 'w_orb': 1.6890416612345662, 'w_ofi': 1.961289962535158, 'w_vol': 0.9867966555658565, 'win_boll': 11, 'win_rsi': 11, 'win_mom': 8, 'win_vwap': 14, 'orb_opening_bars': 32, 'vol_window': 12}. Best is trial 868 with value: 0.384.Best trial: 868. Best value: 0.384:  78%|███████▊  | 1570/2000 [20:04<05:31,  1.30it/s]Best trial: 868. Best value: 0.384:  78%|███████▊  | 1570/2000 [20:04<05:31,  1.30it/s]Best trial: 868. Best value: 0.384:  79%|███████▊  | 1571/2000 [20:04<05:29,  1.30it/s]                                                                                       Best trial: 868. Best value: 0.384:  79%|███████▊  | 1571/2000 [20:05<05:29,  1.30it/s]Best trial: 868. Best value: 0.384:  79%|███████▊  | 1571/2000 [20:05<05:29,  1.30it/s]Best trial: 868. Best value: 0.384:  79%|███████▊  | 1572/2000 [20:05<05:27,  1.31it/s]                                                                                       Best trial: 868. Best value: 0.384:  79%|███████▊  | 1572/2000 [20:05<05:27,  1.31it/s]Best trial: 868. Best value: 0.384:  79%|███████▊  | 1572/2000 [20:05<05:27,  1.31it/s]Best trial: 868. Best value: 0.384:  79%|███████▊  | 1573/2000 [20:05<05:30,  1.29it/s]                                                                                       Best trial: 868. Best value: 0.384:  79%|███████▊  | 1573/2000 [20:06<05:30,  1.29it/s]Best trial: 868. Best value: 0.384:  79%|███████▊  | 1573/2000 [20:06<05:30,  1.29it/s]Best trial: 868. Best value: 0.384:  79%|███████▊  | 1574/2000 [20:06<05:27,  1.30it/s]                                                                                       Best trial: 868. Best value: 0.384:  79%|███████▊  | 1574/2000 [20:07<05:27,  1.30it/s]Best trial: 868. Best value: 0.384:  79%|███████▊  | 1574/2000 [20:07<05:27,  1.30it/s]Best trial: 868. Best value: 0.384:  79%|███████▉  | 1575/2000 [20:07<05:22,  1.32it/s]                                                                                       Best trial: 868. Best value: 0.384:  79%|███████▉  | 1575/2000 [20:08<05:22,  1.32it/s]Best trial: 868. Best value: 0.384:  79%|███████▉  | 1575/2000 [20:08<05:22,  1.32it/s]Best trial: 868. Best value: 0.384:  79%|███████▉  | 1576/2000 [20:08<05:24,  1.31it/s]                                                                                       Best trial: 868. Best value: 0.384:  79%|███████▉  | 1576/2000 [20:09<05:24,  1.31it/s]Best trial: 868. Best value: 0.384:  79%|███████▉  | 1576/2000 [20:09<05:24,  1.31it/s]Best trial: 868. Best value: 0.384:  79%|███████▉  | 1577/2000 [20:09<05:25,  1.30it/s]                                                                                       Best trial: 868. Best value: 0.384:  79%|███████▉  | 1577/2000 [20:09<05:25,  1.30it/s]Best trial: 868. Best value: 0.384:  79%|███████▉  | 1577/2000 [20:09<05:25,  1.30it/s]Best trial: 868. Best value: 0.384:  79%|███████▉  | 1578/2000 [20:09<05:22,  1.31it/s]                                                                                       Best trial: 868. Best value: 0.384:  79%|███████▉  | 1578/2000 [20:10<05:22,  1.31it/s]Best trial: 868. Best value: 0.384:  79%|███████▉  | 1578/2000 [20:10<05:22,  1.31it/s]Best trial: 868. Best value: 0.384:  79%|███████▉  | 1579/2000 [20:10<05:18,  1.32it/s]                                                                                       Best trial: 868. Best value: 0.384:  79%|███████▉  | 1579/2000 [20:11<05:18,  1.32it/s]Best trial: 868. Best value: 0.384:  79%|███████▉  | 1579/2000 [20:11<05:18,  1.32it/s]Best trial: 868. Best value: 0.384:  79%|███████▉  | 1580/2000 [20:11<05:22,  1.30it/s]                                                                                       Best trial: 868. Best value: 0.384:  79%|███████▉  | 1580/2000 [20:12<05:22,  1.30it/s]Best trial: 868. Best value: 0.384:  79%|███████▉  | 1580/2000 [20:12<05:22,  1.30it/s]Best trial: 868. Best value: 0.384:  79%|███████▉  | 1581/2000 [20:12<05:22,  1.30it/s]                                                                                       Best trial: 868. Best value: 0.384:  79%|███████▉  | 1581/2000 [20:12<05:22,  1.30it/s]Best trial: 868. Best value: 0.384:  79%|███████▉  | 1581/2000 [20:12<05:22,  1.30it/s]Best trial: 868. Best value: 0.384:  79%|███████▉  | 1582/2000 [20:12<05:19,  1.31it/s]                                                                                       Best trial: 868. Best value: 0.384:  79%|███████▉  | 1582/2000 [20:13<05:19,  1.31it/s]Best trial: 868. Best value: 0.384:  79%|███████▉  | 1582/2000 [20:13<05:19,  1.31it/s]Best trial: 868. Best value: 0.384:  79%|███████▉  | 1583/2000 [20:13<05:13,  1.33it/s]                                                                                       Best trial: 868. Best value: 0.384:  79%|███████▉  | 1583/2000 [20:14<05:13,  1.33it/s]Best trial: 868. Best value: 0.384:  79%|███████▉  | 1583/2000 [20:14<05:13,  1.33it/s]Best trial: 868. Best value: 0.384:  79%|███████▉  | 1584/2000 [20:14<05:16,  1.31it/s]                                                                                       Best trial: 868. Best value: 0.384:  79%|███████▉  | 1584/2000 [20:15<05:16,  1.31it/s]Best trial: 868. Best value: 0.384:  79%|███████▉  | 1584/2000 [20:15<05:16,  1.31it/s]Best trial: 868. Best value: 0.384:  79%|███████▉  | 1585/2000 [20:15<05:15,  1.32it/s]                                                                                       Best trial: 868. Best value: 0.384:  79%|███████▉  | 1585/2000 [20:15<05:15,  1.32it/s]Best trial: 868. Best value: 0.384:  79%|███████▉  | 1585/2000 [20:15<05:15,  1.32it/s]Best trial: 868. Best value: 0.384:  79%|███████▉  | 1586/2000 [20:15<05:14,  1.32it/s]                                                                                       Best trial: 868. Best value: 0.384:  79%|███████▉  | 1586/2000 [20:16<05:14,  1.32it/s]Best trial: 868. Best value: 0.384:  79%|███████▉  | 1586/2000 [20:16<05:14,  1.32it/s]Best trial: 868. Best value: 0.384:  79%|███████▉  | 1587/2000 [20:16<05:11,  1.33it/s]                                                                                       
Trial 1554: ACCEPT (degrade -608.3%) - Eval: 0.024%, Val: 0.170%
[I 2025-10-25 04:47:55,354] Trial 1554 finished with value: 0.023999999999999994 and parameters: {'w_boll': 0.17466122847114707, 'w_rsi': 0.3954425990053286, 'w_mom': 0.13348436099341446, 'w_vwap': 0.828606795803084, 'w_orb': 1.4989453004585513, 'w_ofi': 1.9170178999582825, 'w_vol': 1.0354315205378255, 'win_boll': 10, 'win_rsi': 6, 'win_mom': 5, 'win_vwap': 15, 'orb_opening_bars': 33, 'vol_window': 14}. Best is trial 868 with value: 0.384.
Trial 1555: ACCEPT (degrade -89.2%) - Eval: 0.074%, Val: 0.140%
[I 2025-10-25 04:47:56,147] Trial 1555 finished with value: 0.074 and parameters: {'w_boll': 0.21253810311437146, 'w_rsi': 0.2794540688902132, 'w_mom': 1.3322760392437147, 'w_vwap': 0.8689981353063273, 'w_orb': 1.6703762662530004, 'w_ofi': 1.9989032347310085, 'w_vol': 0.9187545059420177, 'win_boll': 13, 'win_rsi': 6, 'win_mom': 4, 'win_vwap': 16, 'orb_opening_bars': 33, 'vol_window': 11}. Best is trial 868 with value: 0.384.
Trial 1556: ACCEPT (degrade 0.0%) - Eval: -0.050%, Val: 0.166%
[I 2025-10-25 04:47:56,917] Trial 1556 finished with value: -0.05 and parameters: {'w_boll': 0.3418703513154422, 'w_rsi': 0.31660114868459366, 'w_mom': 1.374069050667554, 'w_vwap': 0.7933609205147385, 'w_orb': 1.7263007419900847, 'w_ofi': 1.9440658700105584, 'w_vol': 1.0356177197142862, 'win_boll': 14, 'win_rsi': 5, 'win_mom': 4, 'win_vwap': 13, 'orb_opening_bars': 30, 'vol_window': 13}. Best is trial 868 with value: 0.384.
Trial 1557: ACCEPT (degrade -6725.0%) - Eval: 0.004%, Val: 0.273%
[I 2025-10-25 04:47:57,706] Trial 1557 finished with value: 0.004000000000000012 and parameters: {'w_boll': 1.0828208787759939, 'w_rsi': 0.3713591733459237, 'w_mom': 0.19607266480255747, 'w_vwap': 0.775696893469858, 'w_orb': 1.792649817470739, 'w_ofi': 1.9635773168594552, 'w_vol': 1.952197392354225, 'win_boll': 15, 'win_rsi': 6, 'win_mom': 5, 'win_vwap': 14, 'orb_opening_bars': 33, 'vol_window': 11}. Best is trial 868 with value: 0.384.
Trial 1558: ACCEPT (degrade -727.1%) - Eval: 0.048%, Val: 0.397%
[I 2025-10-25 04:47:58,475] Trial 1558 finished with value: 0.048 and parameters: {'w_boll': 0.2981791148218861, 'w_rsi': 0.1777308487203752, 'w_mom': 0.2511708354826297, 'w_vwap': 0.8448097081253493, 'w_orb': 1.7168235199482382, 'w_ofi': 1.875737677061452, 'w_vol': 1.915258714367825, 'win_boll': 12, 'win_rsi': 6, 'win_mom': 6, 'win_vwap': 33, 'orb_opening_bars': 34, 'vol_window': 14}. Best is trial 868 with value: 0.384.
Trial 1559: ACCEPT (degrade 0.0%) - Eval: -0.002%, Val: 0.086%
[I 2025-10-25 04:47:59,278] Trial 1559 finished with value: -0.0019999999999999905 and parameters: {'w_boll': 0.3518028568626026, 'w_rsi': 0.13737708642961755, 'w_mom': 1.280423989070487, 'w_vwap': 0.7877562335980556, 'w_orb': 1.9704864744110502, 'w_ofi': 0.7298509353158774, 'w_vol': 1.8975223557980634, 'win_boll': 13, 'win_rsi': 5, 'win_mom': 4, 'win_vwap': 15, 'orb_opening_bars': 35, 'vol_window': 12}. Best is trial 868 with value: 0.384.
Trial 1560: ACCEPT (degrade -462.0%) - Eval: 0.050%, Val: 0.281%
[I 2025-10-25 04:48:00,141] Trial 1560 finished with value: 0.05 and parameters: {'w_boll': 0.25239798275716846, 'w_rsi': 0.2478116157395545, 'w_mom': 0.17426633343630654, 'w_vwap': 0.8169925207101614, 'w_orb': 1.6437775797983871, 'w_ofi': 1.90806409772456, 'w_vol': 1.097386393001578, 'win_boll': 14, 'win_rsi': 6, 'win_mom': 9, 'win_vwap': 43, 'orb_opening_bars': 32, 'vol_window': 11}. Best is trial 868 with value: 0.384.
Trial 1561: ACCEPT (degrade -57.7%) - Eval: 0.026%, Val: 0.041%
[I 2025-10-25 04:48:00,872] Trial 1561 finished with value: 0.026000000000000006 and parameters: {'w_boll': 0.32823663549633475, 'w_rsi': 0.42022078002340923, 'w_mom': 1.1257304835385633, 'w_vwap': 0.7632178113122713, 'w_orb': 1.397418529937049, 'w_ofi': 1.9986066040758756, 'w_vol': 1.9531982984672795, 'win_boll': 13, 'win_rsi': 5, 'win_mom': 5, 'win_vwap': 13, 'orb_opening_bars': 29, 'vol_window': 13}. Best is trial 868 with value: 0.384.
Trial 1562: ACCEPT (degrade -1600.0%) - Eval: 0.016%, Val: 0.272%
[I 2025-10-25 04:48:01,633] Trial 1562 finished with value: 0.016 and parameters: {'w_boll': 0.3585420519673859, 'w_rsi': 0.2888105966538012, 'w_mom': 0.2184372952775471, 'w_vwap': 0.8668792170693275, 'w_orb': 1.8059558852837598, 'w_ofi': 1.9377457871713488, 'w_vol': 0.9470654999656347, 'win_boll': 11, 'win_rsi': 6, 'win_mom': 8, 'win_vwap': 32, 'orb_opening_bars': 30, 'vol_window': 10}. Best is trial 868 with value: 0.384.
Trial 1563: ACCEPT (degrade -108.6%) - Eval: 0.140%, Val: 0.292%
[I 2025-10-25 04:48:02,413] Trial 1563 finished with value: 0.13999999999999999 and parameters: {'w_boll': 0.28543079145721173, 'w_rsi': 0.3240161032658603, 'w_mom': 0.9348233547853169, 'w_vwap': 0.7642722727300302, 'w_orb': 1.7513111258299425, 'w_ofi': 1.8380502020511236, 'w_vol': 1.3065724918228017, 'win_boll': 15, 'win_rsi': 5, 'win_mom': 7, 'win_vwap': 17, 'orb_opening_bars': 32, 'vol_window': 12}. Best is trial 868 with value: 0.384.
Trial 1564: ACCEPT (degrade 0.0%) - Eval: -0.322%, Val: 0.130%
[I 2025-10-25 04:48:03,166] Trial 1564 finished with value: -0.322 and parameters: {'w_boll': 0.23326736123134822, 'w_rsi': 0.36406893848282323, 'w_mom': 0.133033742226573, 'w_vwap': 0.9336406049588242, 'w_orb': 1.999951404666334, 'w_ofi': 1.8126103545534444, 'w_vol': 0.8782785699080882, 'win_boll': 12, 'win_rsi': 6, 'win_mom': 4, 'win_vwap': 14, 'orb_opening_bars': 47, 'vol_window': 18}. Best is trial 868 with value: 0.384.
Trial 1565: REJECT (overfit 20.0%) - Eval: 0.150%, Val: 0.120%
[I 2025-10-25 04:48:03,902] Trial 1565 finished with value: -999.0 and parameters: {'w_boll': 0.3795451094689375, 'w_rsi': 0.4369215117831981, 'w_mom': 0.29383793596941976, 'w_vwap': 0.7785834539002553, 'w_orb': 1.9459202727108937, 'w_ofi': 1.957286544965235, 'w_vol': 1.8874828406385777, 'win_boll': 14, 'win_rsi': 6, 'win_mom': 6, 'win_vwap': 31, 'orb_opening_bars': 31, 'vol_window': 11}. Best is trial 868 with value: 0.384.
Trial 1566: ACCEPT (degrade 0.0%) - Eval: -0.128%, Val: 0.080%
[I 2025-10-25 04:48:04,677] Trial 1566 finished with value: -0.12800000000000003 and parameters: {'w_boll': 0.31232152641990324, 'w_rsi': 0.18275963144379404, 'w_mom': 1.3110628519900462, 'w_vwap': 0.8308552354733221, 'w_orb': 1.808697242006694, 'w_ofi': 1.999977452811277, 'w_vol': 1.9403871077445318, 'win_boll': 10, 'win_rsi': 13, 'win_mom': 5, 'win_vwap': 13, 'orb_opening_bars': 29, 'vol_window': 10}. Best is trial 868 with value: 0.384.
Trial 1567: ACCEPT (degrade 0.0%) - Eval: -0.172%, Val: 0.157%
[I 2025-10-25 04:48:05,508] Trial 1567 finished with value: -0.17200000000000001 and parameters: {'w_boll': 0.9005576096744359, 'w_rsi': 0.23056360362615222, 'w_mom': 1.1915602840359898, 'w_vwap': 0.901517449482391, 'w_orb': 1.9528725906655087, 'w_ofi': 0.7120552619291596, 'w_vol': 1.0690615407597561, 'win_boll': 15, 'win_rsi': 5, 'win_mom': 4, 'win_vwap': 16, 'orb_opening_bars': 48, 'vol_window': 13}. Best is trial 868 with value: 0.384.
Trial 1568: ACCEPT (degrade -160.6%) - Eval: 0.132%, Val: 0.344%
[I 2025-10-25 04:48:06,301] Trial 1568 finished with value: 0.13199999999999998 and parameters: {'w_boll': 0.1960660301170244, 'w_rsi': 0.4015936163167769, 'w_mom': 1.018887784541055, 'w_vwap': 0.7622815867708617, 'w_orb': 1.8262010299835831, 'w_ofi': 1.910402729478869, 'w_vol': 1.9970929929087669, 'win_boll': 13, 'win_rsi': 6, 'win_mom': 6, 'win_vwap': 15, 'orb_opening_bars': 28, 'vol_window': 12}. Best is trial 868 with value: 0.384.
Trial 1569: ACCEPT (degrade 0.0%) - Eval: -0.090%, Val: 0.297%
[I 2025-10-25 04:48:07,036] Trial 1569 finished with value: -0.09000000000000001 and parameters: {'w_boll': 0.2549387057604787, 'w_rsi': 0.26922223446178073, 'w_mom': 1.2594463941126826, 'w_vwap': 0.7599554279071395, 'w_orb': 1.9693540760959258, 'w_ofi': 1.9587914537517737, 'w_vol': 0.9389158084618769, 'win_boll': 14, 'win_rsi': 5, 'win_mom': 7, 'win_vwap': 13, 'orb_opening_bars': 14, 'vol_window': 14}. Best is trial 868 with value: 0.384.
Trial 1570: ACCEPT (degrade -81.4%) - Eval: 0.188%, Val: 0.341%
[I 2025-10-25 04:48:07,795] Trial 1570 finished with value: 0.188 and parameters: {'w_boll': 0.3494440617580561, 'w_rsi': 0.32858457515992134, 'w_mom': 0.15823204327109258, 'w_vwap': 0.8275542624027301, 'w_orb': 1.916284620303223, 'w_ofi': 1.8590409162002928, 'w_vol': 1.04372444128738, 'win_boll': 12, 'win_rsi': 6, 'win_mom': 4, 'win_vwap': 12, 'orb_opening_bars': 30, 'vol_window': 11}. Best is trial 868 with value: 0.384.Best trial: 868. Best value: 0.384:  79%|███████▉  | 1587/2000 [20:17<05:11,  1.33it/s]Best trial: 868. Best value: 0.384:  79%|███████▉  | 1587/2000 [20:17<05:11,  1.33it/s]Best trial: 868. Best value: 0.384:  79%|███████▉  | 1588/2000 [20:17<05:13,  1.31it/s]                                                                                       Best trial: 868. Best value: 0.384:  79%|███████▉  | 1588/2000 [20:18<05:13,  1.31it/s]Best trial: 868. Best value: 0.384:  79%|███████▉  | 1588/2000 [20:18<05:13,  1.31it/s]Best trial: 868. Best value: 0.384:  79%|███████▉  | 1589/2000 [20:18<05:13,  1.31it/s]                                                                                       Best trial: 868. Best value: 0.384:  79%|███████▉  | 1589/2000 [20:18<05:13,  1.31it/s]Best trial: 868. Best value: 0.384:  79%|███████▉  | 1589/2000 [20:18<05:13,  1.31it/s]Best trial: 868. Best value: 0.384:  80%|███████▉  | 1590/2000 [20:18<05:13,  1.31it/s]                                                                                       Best trial: 868. Best value: 0.384:  80%|███████▉  | 1590/2000 [20:19<05:13,  1.31it/s]Best trial: 868. Best value: 0.384:  80%|███████▉  | 1590/2000 [20:19<05:13,  1.31it/s]Best trial: 868. Best value: 0.384:  80%|███████▉  | 1591/2000 [20:19<05:08,  1.33it/s]                                                                                       Best trial: 868. Best value: 0.384:  80%|███████▉  | 1591/2000 [20:20<05:08,  1.33it/s]Best trial: 868. Best value: 0.384:  80%|███████▉  | 1591/2000 [20:20<05:08,  1.33it/s]Best trial: 868. Best value: 0.384:  80%|███████▉  | 1592/2000 [20:20<05:12,  1.30it/s]                                                                                       Best trial: 868. Best value: 0.384:  80%|███████▉  | 1592/2000 [20:21<05:12,  1.30it/s]Best trial: 868. Best value: 0.384:  80%|███████▉  | 1592/2000 [20:21<05:12,  1.30it/s]Best trial: 868. Best value: 0.384:  80%|███████▉  | 1593/2000 [20:21<05:11,  1.31it/s]                                                                                       Best trial: 868. Best value: 0.384:  80%|███████▉  | 1593/2000 [20:21<05:11,  1.31it/s]Best trial: 868. Best value: 0.384:  80%|███████▉  | 1593/2000 [20:21<05:11,  1.31it/s]Best trial: 868. Best value: 0.384:  80%|███████▉  | 1594/2000 [20:21<05:10,  1.31it/s]                                                                                       Best trial: 868. Best value: 0.384:  80%|███████▉  | 1594/2000 [20:22<05:10,  1.31it/s]Best trial: 868. Best value: 0.384:  80%|███████▉  | 1594/2000 [20:22<05:10,  1.31it/s]Best trial: 868. Best value: 0.384:  80%|███████▉  | 1595/2000 [20:22<05:05,  1.33it/s]                                                                                       Best trial: 868. Best value: 0.384:  80%|███████▉  | 1595/2000 [20:23<05:05,  1.33it/s]Best trial: 868. Best value: 0.384:  80%|███████▉  | 1595/2000 [20:23<05:05,  1.33it/s]Best trial: 868. Best value: 0.384:  80%|███████▉  | 1596/2000 [20:23<05:09,  1.30it/s]                                                                                       Best trial: 868. Best value: 0.384:  80%|███████▉  | 1596/2000 [20:24<05:09,  1.30it/s]Best trial: 868. Best value: 0.384:  80%|███████▉  | 1596/2000 [20:24<05:09,  1.30it/s]Best trial: 868. Best value: 0.384:  80%|███████▉  | 1597/2000 [20:24<05:09,  1.30it/s]                                                                                       Best trial: 868. Best value: 0.384:  80%|███████▉  | 1597/2000 [20:25<05:09,  1.30it/s]Best trial: 868. Best value: 0.384:  80%|███████▉  | 1597/2000 [20:25<05:09,  1.30it/s]Best trial: 868. Best value: 0.384:  80%|███████▉  | 1598/2000 [20:25<05:09,  1.30it/s]                                                                                       Best trial: 868. Best value: 0.384:  80%|███████▉  | 1598/2000 [20:25<05:09,  1.30it/s]Best trial: 868. Best value: 0.384:  80%|███████▉  | 1598/2000 [20:25<05:09,  1.30it/s]Best trial: 868. Best value: 0.384:  80%|███████▉  | 1599/2000 [20:25<05:06,  1.31it/s]                                                                                       Best trial: 868. Best value: 0.384:  80%|███████▉  | 1599/2000 [20:26<05:06,  1.31it/s]Best trial: 868. Best value: 0.384:  80%|███████▉  | 1599/2000 [20:26<05:06,  1.31it/s]Best trial: 868. Best value: 0.384:  80%|████████  | 1600/2000 [20:26<05:10,  1.29it/s]                                                                                       Best trial: 868. Best value: 0.384:  80%|████████  | 1600/2000 [20:27<05:10,  1.29it/s]Best trial: 868. Best value: 0.384:  80%|████████  | 1600/2000 [20:27<05:10,  1.29it/s]Best trial: 868. Best value: 0.384:  80%|████████  | 1601/2000 [20:27<05:13,  1.27it/s]                                                                                       Best trial: 868. Best value: 0.384:  80%|████████  | 1601/2000 [20:28<05:13,  1.27it/s]Best trial: 868. Best value: 0.384:  80%|████████  | 1601/2000 [20:28<05:13,  1.27it/s]Best trial: 868. Best value: 0.384:  80%|████████  | 1602/2000 [20:28<05:08,  1.29it/s]                                                                                       Best trial: 868. Best value: 0.384:  80%|████████  | 1602/2000 [20:28<05:08,  1.29it/s]Best trial: 868. Best value: 0.384:  80%|████████  | 1602/2000 [20:28<05:08,  1.29it/s]Best trial: 868. Best value: 0.384:  80%|████████  | 1603/2000 [20:28<05:05,  1.30it/s]                                                                                       Best trial: 868. Best value: 0.384:  80%|████████  | 1603/2000 [20:29<05:05,  1.30it/s]Best trial: 868. Best value: 0.384:  80%|████████  | 1603/2000 [20:29<05:05,  1.30it/s]Best trial: 868. Best value: 0.384:  80%|████████  | 1604/2000 [20:29<05:03,  1.30it/s]                                                                                       
Trial 1571: REJECT (overfit 1044.4%) - Eval: 0.018%, Val: -0.170%
