[I 2025-10-25 04:46:35,531] Trial 1451 finished with value: -0.042000000000000016 and parameters: {'w_boll': 0.32248721022943655, 'w_rsi': 0.523642407630611, 'w_mom': 1.0549712228907808, 'w_vwap': 0.582548406019198, 'w_orb': 1.8687140433576073, 'w_ofi': 0.589331673673541, 'w_vol': 1.9084137462442223, 'win_boll': 10, 'win_rsi': 5, 'win_mom': 5, 'win_vwap': 22, 'orb_opening_bars': 50, 'vol_window': 10}. Best is trial 868 with value: 0.384.Best trial: 868. Best value: 0.384:  73%|███████▎  | 1468/2000 [18:45<06:41,  1.32it/s]Best trial: 868. Best value: 0.384:  73%|███████▎  | 1468/2000 [18:45<06:41,  1.32it/s]Best trial: 868. Best value: 0.384:  73%|███████▎  | 1469/2000 [18:45<06:45,  1.31it/s]                                                                                       Best trial: 868. Best value: 0.384:  73%|███████▎  | 1469/2000 [18:45<06:45,  1.31it/s]Best trial: 868. Best value: 0.384:  73%|███████▎  | 1469/2000 [18:45<06:45,  1.31it/s]Best trial: 868. Best value: 0.384:  74%|███████▎  | 1470/2000 [18:45<06:42,  1.32it/s]                                                                                       Best trial: 868. Best value: 0.384:  74%|███████▎  | 1470/2000 [18:46<06:42,  1.32it/s]Best trial: 868. Best value: 0.384:  74%|███████▎  | 1470/2000 [18:46<06:42,  1.32it/s]Best trial: 868. Best value: 0.384:  74%|███████▎  | 1471/2000 [18:46<06:37,  1.33it/s]                                                                                       Best trial: 868. Best value: 0.384:  74%|███████▎  | 1471/2000 [18:47<06:37,  1.33it/s]Best trial: 868. Best value: 0.384:  74%|███████▎  | 1471/2000 [18:47<06:37,  1.33it/s]Best trial: 868. Best value: 0.384:  74%|███████▎  | 1472/2000 [18:47<06:36,  1.33it/s]                                                                                       Best trial: 868. Best value: 0.384:  74%|███████▎  | 1472/2000 [18:48<06:36,  1.33it/s]Best trial: 868. Best value: 0.384:  74%|███████▎  | 1472/2000 [18:48<06:36,  1.33it/s]Best trial: 868. Best value: 0.384:  74%|███████▎  | 1473/2000 [18:48<06:40,  1.32it/s]                                                                                       Best trial: 868. Best value: 0.384:  74%|███████▎  | 1473/2000 [18:48<06:40,  1.32it/s]Best trial: 868. Best value: 0.384:  74%|███████▎  | 1473/2000 [18:48<06:40,  1.32it/s]Best trial: 868. Best value: 0.384:  74%|███████▎  | 1474/2000 [18:48<06:40,  1.31it/s]                                                                                       Best trial: 868. Best value: 0.384:  74%|███████▎  | 1474/2000 [18:49<06:40,  1.31it/s]Best trial: 868. Best value: 0.384:  74%|███████▎  | 1474/2000 [18:49<06:40,  1.31it/s]Best trial: 868. Best value: 0.384:  74%|███████▍  | 1475/2000 [18:49<06:34,  1.33it/s]                                                                                       Best trial: 868. Best value: 0.384:  74%|███████▍  | 1475/2000 [18:50<06:34,  1.33it/s]Best trial: 868. Best value: 0.384:  74%|███████▍  | 1475/2000 [18:50<06:34,  1.33it/s]Best trial: 868. Best value: 0.384:  74%|███████▍  | 1476/2000 [18:50<06:33,  1.33it/s]                                                                                       Best trial: 868. Best value: 0.384:  74%|███████▍  | 1476/2000 [18:51<06:33,  1.33it/s]Best trial: 868. Best value: 0.384:  74%|███████▍  | 1476/2000 [18:51<06:33,  1.33it/s]Best trial: 868. Best value: 0.384:  74%|███████▍  | 1477/2000 [18:51<06:37,  1.32it/s]                                                                                       Best trial: 868. Best value: 0.384:  74%|███████▍  | 1477/2000 [18:51<06:37,  1.32it/s]Best trial: 868. Best value: 0.384:  74%|███████▍  | 1477/2000 [18:51<06:37,  1.32it/s]Best trial: 868. Best value: 0.384:  74%|███████▍  | 1478/2000 [18:51<06:37,  1.31it/s]                                                                                       Best trial: 868. Best value: 0.384:  74%|███████▍  | 1478/2000 [18:52<06:37,  1.31it/s]Best trial: 868. Best value: 0.384:  74%|███████▍  | 1478/2000 [18:52<06:37,  1.31it/s]Best trial: 868. Best value: 0.384:  74%|███████▍  | 1479/2000 [18:52<06:32,  1.33it/s]                                                                                       Best trial: 868. Best value: 0.384:  74%|███████▍  | 1479/2000 [18:53<06:32,  1.33it/s]Best trial: 868. Best value: 0.384:  74%|███████▍  | 1479/2000 [18:53<06:32,  1.33it/s]Best trial: 868. Best value: 0.384:  74%|███████▍  | 1480/2000 [18:53<06:31,  1.33it/s]                                                                                       Best trial: 868. Best value: 0.384:  74%|███████▍  | 1480/2000 [18:54<06:31,  1.33it/s]Best trial: 868. Best value: 0.384:  74%|███████▍  | 1480/2000 [18:54<06:31,  1.33it/s]Best trial: 868. Best value: 0.384:  74%|███████▍  | 1481/2000 [18:54<06:38,  1.30it/s]                                                                                       Best trial: 868. Best value: 0.384:  74%|███████▍  | 1481/2000 [18:54<06:38,  1.30it/s]Best trial: 868. Best value: 0.384:  74%|███████▍  | 1481/2000 [18:54<06:38,  1.30it/s]Best trial: 868. Best value: 0.384:  74%|███████▍  | 1482/2000 [18:54<06:38,  1.30it/s]                                                                                       Best trial: 868. Best value: 0.384:  74%|███████▍  | 1482/2000 [18:55<06:38,  1.30it/s]Best trial: 868. Best value: 0.384:  74%|███████▍  | 1482/2000 [18:55<06:38,  1.30it/s]Best trial: 868. Best value: 0.384:  74%|███████▍  | 1483/2000 [18:55<06:35,  1.31it/s]                                                                                       Best trial: 868. Best value: 0.384:  74%|███████▍  | 1483/2000 [18:56<06:35,  1.31it/s]Best trial: 868. Best value: 0.384:  74%|███████▍  | 1483/2000 [18:56<06:35,  1.31it/s]Best trial: 868. Best value: 0.384:  74%|███████▍  | 1484/2000 [18:56<06:29,  1.32it/s]                                                                                       Best trial: 868. Best value: 0.384:  74%|███████▍  | 1484/2000 [18:57<06:29,  1.32it/s]Best trial: 868. Best value: 0.384:  74%|███████▍  | 1484/2000 [18:57<06:29,  1.32it/s]Best trial: 868. Best value: 0.384:  74%|███████▍  | 1485/2000 [18:57<06:51,  1.25it/s]                                                                                       
Trial 1452: ACCEPT (degrade -63.2%) - Eval: 0.212%, Val: 0.346%
[I 2025-10-25 04:46:36,318] Trial 1452 finished with value: 0.21200000000000002 and parameters: {'w_boll': 0.4140440938018998, 'w_rsi': 0.4079130982916688, 'w_mom': 1.3643400578954439, 'w_vwap': 0.668464060131441, 'w_orb': 1.929188914437637, 'w_ofi': 1.9246028986823622, 'w_vol': 1.808266787969651, 'win_boll': 18, 'win_rsi': 7, 'win_mom': 8, 'win_vwap': 15, 'orb_opening_bars': 33, 'vol_window': 13}. Best is trial 868 with value: 0.384.
Trial 1453: ACCEPT (degrade 0.0%) - Eval: -0.060%, Val: 0.191%
[I 2025-10-25 04:46:37,049] Trial 1453 finished with value: -0.06 and parameters: {'w_boll': 0.3775713519592271, 'w_rsi': 0.4721772544331879, 'w_mom': 0.20497956755218763, 'w_vwap': 0.7562551447654704, 'w_orb': 1.7336773993324874, 'w_ofi': 0.26936840999222383, 'w_vol': 0.9286514977418033, 'win_boll': 12, 'win_rsi': 6, 'win_mom': 6, 'win_vwap': 13, 'orb_opening_bars': 48, 'vol_window': 12}. Best is trial 868 with value: 0.384.
Trial 1454: ACCEPT (degrade -723.7%) - Eval: 0.038%, Val: 0.313%
[I 2025-10-25 04:46:37,812] Trial 1454 finished with value: 0.03799999999999999 and parameters: {'w_boll': 0.44823891804354543, 'w_rsi': 0.35946786770919364, 'w_mom': 1.3145797903409007, 'w_vwap': 0.7168337199719192, 'w_orb': 1.891792101682133, 'w_ofi': 0.4735573029713331, 'w_vol': 1.6755168758209096, 'win_boll': 15, 'win_rsi': 5, 'win_mom': 7, 'win_vwap': 10, 'orb_opening_bars': 50, 'vol_window': 11}. Best is trial 868 with value: 0.384.
Trial 1455: ACCEPT (degrade 15.6%) - Eval: 0.096%, Val: 0.081%
[I 2025-10-25 04:46:38,566] Trial 1455 finished with value: 0.096 and parameters: {'w_boll': 0.20226441854151467, 'w_rsi': 0.2936264461653473, 'w_mom': 0.25905124337589785, 'w_vwap': 0.6307167082142988, 'w_orb': 1.830085659632442, 'w_ofi': 1.8792875462746073, 'w_vol': 1.8657489794705144, 'win_boll': 14, 'win_rsi': 9, 'win_mom': 9, 'win_vwap': 19, 'orb_opening_bars': 46, 'vol_window': 10}. Best is trial 868 with value: 0.384.
Trial 1456: REJECT (overfit 90.0%) - Eval: 0.140%, Val: 0.014%
[I 2025-10-25 04:46:39,349] Trial 1456 finished with value: -999.0 and parameters: {'w_boll': 0.25872454349281504, 'w_rsi': 0.49741636860889354, 'w_mom': 1.4063833040508804, 'w_vwap': 0.8140331961071916, 'w_orb': 1.948993651949595, 'w_ofi': 1.9994197080265492, 'w_vol': 1.9239817783862299, 'win_boll': 12, 'win_rsi': 7, 'win_mom': 3, 'win_vwap': 11, 'orb_opening_bars': 49, 'vol_window': 13}. Best is trial 868 with value: 0.384.
Trial 1457: ACCEPT (degrade 0.0%) - Eval: -0.342%, Val: -0.097%
[I 2025-10-25 04:46:40,125] Trial 1457 finished with value: -0.34199999999999997 and parameters: {'w_boll': 1.5668142933316256, 'w_rsi': 0.3353163116801797, 'w_mom': 1.2392375560404838, 'w_vwap': 0.6871400310119278, 'w_orb': 1.967120693852412, 'w_ofi': 1.9657448443272743, 'w_vol': 1.7688868170947054, 'win_boll': 14, 'win_rsi': 14, 'win_mom': 4, 'win_vwap': 13, 'orb_opening_bars': 40, 'vol_window': 12}. Best is trial 868 with value: 0.384.
Trial 1458: ACCEPT (degrade 0.0%) - Eval: -0.062%, Val: 0.216%
[I 2025-10-25 04:46:40,865] Trial 1458 finished with value: -0.061999999999999986 and parameters: {'w_boll': 0.34501943635988547, 'w_rsi': 0.5994785167276782, 'w_mom': 0.19291665042576817, 'w_vwap': 0.7879773414896946, 'w_orb': 1.6055275006794123, 'w_ofi': 0.651075822326458, 'w_vol': 1.8310133113446445, 'win_boll': 13, 'win_rsi': 6, 'win_mom': 3, 'win_vwap': 17, 'orb_opening_bars': 49, 'vol_window': 11}. Best is trial 868 with value: 0.384.
Trial 1459: ACCEPT (degrade 0.0%) - Eval: -0.126%, Val: -0.068%
[I 2025-10-25 04:46:41,620] Trial 1459 finished with value: -0.12599999999999997 and parameters: {'w_boll': 0.39650307592909156, 'w_rsi': 1.8181482894664065, 'w_mom': 1.3383934481326192, 'w_vwap': 0.5907884724152929, 'w_orb': 1.9028557108454334, 'w_ofi': 0.5506845294979997, 'w_vol': 1.8738079647391455, 'win_boll': 15, 'win_rsi': 7, 'win_mom': 5, 'win_vwap': 12, 'orb_opening_bars': 47, 'vol_window': 10}. Best is trial 868 with value: 0.384.
Trial 1460: ACCEPT (degrade 16.3%) - Eval: 0.246%, Val: 0.206%
[I 2025-10-25 04:46:42,420] Trial 1460 finished with value: 0.24600000000000005 and parameters: {'w_boll': 0.3181919826995353, 'w_rsi': 0.4026151593763382, 'w_mom': 1.1852148662678612, 'w_vwap': 0.7463883009553431, 'w_orb': 1.8400906434745519, 'w_ofi': 0.43338438203645324, 'w_vol': 1.9660378887114358, 'win_boll': 16, 'win_rsi': 5, 'win_mom': 4, 'win_vwap': 32, 'orb_opening_bars': 48, 'vol_window': 11}. Best is trial 868 with value: 0.384.
Trial 1461: ACCEPT (degrade -73.2%) - Eval: 0.082%, Val: 0.142%
[I 2025-10-25 04:46:43,173] Trial 1461 finished with value: 0.08199999999999999 and parameters: {'w_boll': 0.13691922066843842, 'w_rsi': 0.2984261647117412, 'w_mom': 0.9747165820138307, 'w_vwap': 0.5213821707856026, 'w_orb': 1.998967421460972, 'w_ofi': 0.1964398498041762, 'w_vol': 1.928264070526617, 'win_boll': 11, 'win_rsi': 6, 'win_mom': 6, 'win_vwap': 14, 'orb_opening_bars': 49, 'vol_window': 13}. Best is trial 868 with value: 0.384.
Trial 1462: ACCEPT (degrade -392.4%) - Eval: 0.066%, Val: 0.325%
[I 2025-10-25 04:46:43,907] Trial 1462 finished with value: 0.066 and parameters: {'w_boll': 0.2976535923087868, 'w_rsi': 0.44560432965640184, 'w_mom': 0.2549274906140609, 'w_vwap': 0.6533513229383757, 'w_orb': 1.772454203922535, 'w_ofi': 0.3650888750887977, 'w_vol': 1.7221016068108934, 'win_boll': 13, 'win_rsi': 8, 'win_mom': 3, 'win_vwap': 11, 'orb_opening_bars': 50, 'vol_window': 14}. Best is trial 868 with value: 0.384.
Trial 1463: ACCEPT (degrade -1179.4%) - Eval: 0.034%, Val: 0.435%
[I 2025-10-25 04:46:44,656] Trial 1463 finished with value: 0.03400000000000001 and parameters: {'w_boll': 0.35112985698918625, 'w_rsi': 0.374185035089657, 'w_mom': 1.2839791179056121, 'w_vwap': 0.8715155180561333, 'w_orb': 1.9351629620841018, 'w_ofi': 1.922876007649249, 'w_vol': 1.7842018605256442, 'win_boll': 10, 'win_rsi': 6, 'win_mom': 7, 'win_vwap': 33, 'orb_opening_bars': 47, 'vol_window': 12}. Best is trial 868 with value: 0.384.
Trial 1464: ACCEPT (degrade 0.0%) - Eval: -0.002%, Val: 0.025%
[I 2025-10-25 04:46:45,454] Trial 1464 finished with value: -0.0019999999999999797 and parameters: {'w_boll': 0.43840079000887355, 'w_rsi': 1.4462902510011408, 'w_mom': 1.5358806231314732, 'w_vwap': 0.7130095594410897, 'w_orb': 1.8700371843728987, 'w_ofi': 0.4012368780084048, 'w_vol': 1.820502787702426, 'win_boll': 47, 'win_rsi': 7, 'win_mom': 4, 'win_vwap': 12, 'orb_opening_bars': 48, 'vol_window': 11}. Best is trial 868 with value: 0.384.
Trial 1465: ACCEPT (degrade -997.6%) - Eval: 0.042%, Val: 0.461%
[I 2025-10-25 04:46:46,208] Trial 1465 finished with value: 0.04199999999999998 and parameters: {'w_boll': 0.24020532353988908, 'w_rsi': 0.4281471722579586, 'w_mom': 0.19198290284435932, 'w_vwap': 0.6236526326570626, 'w_orb': 1.9999350444208046, 'w_ofi': 0.48000986978765353, 'w_vol': 1.89859962074017, 'win_boll': 14, 'win_rsi': 16, 'win_mom': 3, 'win_vwap': 18, 'orb_opening_bars': 50, 'vol_window': 10}. Best is trial 868 with value: 0.384.
Trial 1466: ACCEPT (degrade -154.7%) - Eval: 0.064%, Val: 0.163%
[I 2025-10-25 04:46:46,951] Trial 1466 finished with value: 0.06399999999999999 and parameters: {'w_boll': 0.396548945062217, 'w_rsi': 0.3272239231426981, 'w_mom': 1.376476243261116, 'w_vwap': 0.7766555065333898, 'w_orb': 1.9265733980603654, 'w_ofi': 1.9614056514872515, 'w_vol': 1.8744302392598562, 'win_boll': 12, 'win_rsi': 5, 'win_mom': 5, 'win_vwap': 14, 'orb_opening_bars': 49, 'vol_window': 12}. Best is trial 868 with value: 0.384.
Trial 1467: ACCEPT (degrade 0.0%) - Eval: -0.122%, Val: 0.271%
[I 2025-10-25 04:46:47,700] Trial 1467 finished with value: -0.122 and parameters: {'w_boll': 0.2860902046656853, 'w_rsi': 1.867795673414257, 'w_mom': 1.4807748739988795, 'w_vwap': 0.6780223791850148, 'w_orb': 1.8918022461684014, 'w_ofi': 0.6057365917769315, 'w_vol': 1.8444420628690055, 'win_boll': 15, 'win_rsi': 6, 'win_mom': 6, 'win_vwap': 10, 'orb_opening_bars': 48, 'vol_window': 27}. Best is trial 868 with value: 0.384.
Trial 1468: REJECT (overfit 71.2%) - Eval: 0.278%, Val: 0.080%
[I 2025-10-25 04:46:48,481] Trial 1468 finished with value: -999.0 and parameters: {'w_boll': 0.10033426966429025, 'w_rsi': 0.5495900710602237, 'w_mom': 1.4420493601449176, 'w_vwap': 0.7310347504197564, 'w_orb': 1.8121110692168074, 'w_ofi': 1.9001885100801126, 'w_vol': 1.800569176613037, 'win_boll': 12, 'win_rsi': 7, 'win_mom': 4, 'win_vwap': 16, 'orb_opening_bars': 49, 'vol_window': 13}. Best is trial 868 with value: 0.384.Best trial: 868. Best value: 0.384:  74%|███████▍  | 1485/2000 [18:58<06:51,  1.25it/s]Best trial: 868. Best value: 0.384:  74%|███████▍  | 1485/2000 [18:58<06:51,  1.25it/s]Best trial: 868. Best value: 0.384:  74%|███████▍  | 1486/2000 [18:58<06:43,  1.27it/s]                                                                                       Best trial: 868. Best value: 0.384:  74%|███████▍  | 1486/2000 [18:58<06:43,  1.27it/s]Best trial: 868. Best value: 0.384:  74%|███████▍  | 1486/2000 [18:58<06:43,  1.27it/s]Best trial: 868. Best value: 0.384:  74%|███████▍  | 1487/2000 [18:58<06:38,  1.29it/s]                                                                                       Best trial: 868. Best value: 0.384:  74%|███████▍  | 1487/2000 [18:59<06:38,  1.29it/s]Best trial: 868. Best value: 0.384:  74%|███████▍  | 1487/2000 [18:59<06:38,  1.29it/s]Best trial: 868. Best value: 0.384:  74%|███████▍  | 1488/2000 [18:59<06:31,  1.31it/s]                                                                                       Best trial: 868. Best value: 0.384:  74%|███████▍  | 1488/2000 [19:00<06:31,  1.31it/s]Best trial: 868. Best value: 0.384:  74%|███████▍  | 1488/2000 [19:00<06:31,  1.31it/s]Best trial: 868. Best value: 0.384:  74%|███████▍  | 1489/2000 [19:00<06:28,  1.31it/s]                                                                                       Best trial: 868. Best value: 0.384:  74%|███████▍  | 1489/2000 [19:01<06:28,  1.31it/s]Best trial: 868. Best value: 0.384:  74%|███████▍  | 1489/2000 [19:01<06:28,  1.31it/s]Best trial: 868. Best value: 0.384:  74%|███████▍  | 1490/2000 [19:01<06:28,  1.31it/s]                                                                                       Best trial: 868. Best value: 0.384:  74%|███████▍  | 1490/2000 [19:01<06:28,  1.31it/s]Best trial: 868. Best value: 0.384:  74%|███████▍  | 1490/2000 [19:01<06:28,  1.31it/s]Best trial: 868. Best value: 0.384:  75%|███████▍  | 1491/2000 [19:01<06:27,  1.31it/s]                                                                                       Best trial: 868. Best value: 0.384:  75%|███████▍  | 1491/2000 [19:02<06:27,  1.31it/s]Best trial: 868. Best value: 0.384:  75%|███████▍  | 1491/2000 [19:02<06:27,  1.31it/s]Best trial: 868. Best value: 0.384:  75%|███████▍  | 1492/2000 [19:02<06:21,  1.33it/s]                                                                                       Best trial: 868. Best value: 0.384:  75%|███████▍  | 1492/2000 [19:03<06:21,  1.33it/s]Best trial: 868. Best value: 0.384:  75%|███████▍  | 1492/2000 [19:03<06:21,  1.33it/s]Best trial: 868. Best value: 0.384:  75%|███████▍  | 1493/2000 [19:03<06:27,  1.31it/s]                                                                                       Best trial: 868. Best value: 0.384:  75%|███████▍  | 1493/2000 [19:04<06:27,  1.31it/s]Best trial: 868. Best value: 0.384:  75%|███████▍  | 1493/2000 [19:04<06:27,  1.31it/s]Best trial: 868. Best value: 0.384:  75%|███████▍  | 1494/2000 [19:04<06:25,  1.31it/s]                                                                                       Best trial: 868. Best value: 0.384:  75%|███████▍  | 1494/2000 [19:04<06:25,  1.31it/s]Best trial: 868. Best value: 0.384:  75%|███████▍  | 1494/2000 [19:04<06:25,  1.31it/s]Best trial: 868. Best value: 0.384:  75%|███████▍  | 1495/2000 [19:04<06:23,  1.32it/s]                                                                                       Best trial: 868. Best value: 0.384:  75%|███████▍  | 1495/2000 [19:05<06:23,  1.32it/s]Best trial: 868. Best value: 0.384:  75%|███████▍  | 1495/2000 [19:05<06:23,  1.32it/s]Best trial: 868. Best value: 0.384:  75%|███████▍  | 1496/2000 [19:05<06:17,  1.33it/s]                                                                                       Best trial: 868. Best value: 0.384:  75%|███████▍  | 1496/2000 [19:06<06:17,  1.33it/s]Best trial: 868. Best value: 0.384:  75%|███████▍  | 1496/2000 [19:06<06:17,  1.33it/s]Best trial: 868. Best value: 0.384:  75%|███████▍  | 1497/2000 [19:06<06:23,  1.31it/s]                                                                                       Best trial: 868. Best value: 0.384:  75%|███████▍  | 1497/2000 [19:07<06:23,  1.31it/s]Best trial: 868. Best value: 0.384:  75%|███████▍  | 1497/2000 [19:07<06:23,  1.31it/s]Best trial: 868. Best value: 0.384:  75%|███████▍  | 1498/2000 [19:07<06:22,  1.31it/s]                                                                                       Best trial: 868. Best value: 0.384:  75%|███████▍  | 1498/2000 [19:08<06:22,  1.31it/s]Best trial: 868. Best value: 0.384:  75%|███████▍  | 1498/2000 [19:08<06:22,  1.31it/s]Best trial: 868. Best value: 0.384:  75%|███████▍  | 1499/2000 [19:08<06:32,  1.28it/s]                                                                                       Best trial: 868. Best value: 0.384:  75%|███████▍  | 1499/2000 [19:08<06:32,  1.28it/s]Best trial: 868. Best value: 0.384:  75%|███████▍  | 1499/2000 [19:08<06:32,  1.28it/s]Best trial: 868. Best value: 0.384:  75%|███████▌  | 1500/2000 [19:08<06:27,  1.29it/s]                                                                                       Best trial: 868. Best value: 0.384:  75%|███████▌  | 1500/2000 [19:09<06:27,  1.29it/s]Best trial: 868. Best value: 0.384:  75%|███████▌  | 1500/2000 [19:09<06:27,  1.29it/s]Best trial: 868. Best value: 0.384:  75%|███████▌  | 1501/2000 [19:09<06:29,  1.28it/s]                                                                                       Best trial: 868. Best value: 0.384:  75%|███████▌  | 1501/2000 [19:10<06:29,  1.28it/s]Best trial: 868. Best value: 0.384:  75%|███████▌  | 1501/2000 [19:10<06:29,  1.28it/s]Best trial: 868. Best value: 0.384:  75%|███████▌  | 1502/2000 [19:10<06:25,  1.29it/s]                                                                                       
Trial 1469: REJECT (overfit 114.6%) - Eval: 0.048%, Val: -0.007%
[I 2025-10-25 04:46:49,235] Trial 1469 finished with value: -999.0 and parameters: {'w_boll': 0.45813222488149496, 'w_rsi': 0.6524575055143909, 'w_mom': 1.3154566739868467, 'w_vwap': 0.538590006510543, 'w_orb': 1.3588855191325604, 'w_ofi': 0.5210183292169049, 'w_vol': 1.9398197961145265, 'win_boll': 13, 'win_rsi': 8, 'win_mom': 3, 'win_vwap': 13, 'orb_opening_bars': 50, 'vol_window': 11}. Best is trial 868 with value: 0.384.
Trial 1470: ACCEPT (degrade 0.0%) - Eval: -0.206%, Val: 0.065%
