[I 2025-10-25 04:46:10,937] Trial 1419 finished with value: -0.21400000000000002 and parameters: {'w_boll': 0.21634703568100366, 'w_rsi': 0.4411959464435241, 'w_mom': 1.2453872982287097, 'w_vwap': 0.6161653993906211, 'w_orb': 1.99996365846632, 'w_ofi': 1.9674048861953533, 'w_vol': 1.7850181033306736, 'win_boll': 13, 'win_rsi': 7, 'win_mom': 8, 'win_vwap': 10, 'orb_opening_bars': 31, 'vol_window': 10}. Best is trial 868 with value: 0.384.
Trial 1420: REJECT (overfit 32.1%) - Eval: 0.134%, Val: 0.091%
[I 2025-10-25 04:46:11,780] Trial 1420 finished with value: -999.0 and parameters: {'w_boll': 0.27670675933965394, 'w_rsi': 0.8069050843956336, 'w_mom': 0.8979576494606663, 'w_vwap': 0.8092629006335071, 'w_orb': 1.744811060706402, 'w_ofi': 0.3808213713329072, 'w_vol': 1.6448329370596684, 'win_boll': 15, 'win_rsi': 6, 'win_mom': 4, 'win_vwap': 27, 'orb_opening_bars': 49, 'vol_window': 12}. Best is trial 868 with value: 0.384.
Trial 1421: ACCEPT (degrade -202.8%) - Eval: 0.108%, Val: 0.327%
[I 2025-10-25 04:46:12,564] Trial 1421 finished with value: 0.10799999999999998 and parameters: {'w_boll': 0.31474972537804413, 'w_rsi': 0.36468331124038533, 'w_mom': 1.331668367846796, 'w_vwap': 0.6563302890681935, 'w_orb': 1.8661922927516432, 'w_ofi': 0.4640853068936356, 'w_vol': 1.9451840662901716, 'win_boll': 14, 'win_rsi': 8, 'win_mom': 6, 'win_vwap': 30, 'orb_opening_bars': 50, 'vol_window': 14}. Best is trial 868 with value: 0.384.
Trial 1422: REJECT (overfit 150.4%) - Eval: 0.270%, Val: -0.136%
[I 2025-10-25 04:46:13,319] Trial 1422 finished with value: -999.0 and parameters: {'w_boll': 0.33986269721948953, 'w_rsi': 0.4097019113853732, 'w_mom': 1.2175153210767475, 'w_vwap': 0.750697808672844, 'w_orb': 1.9395547165497011, 'w_ofi': 1.9173600255193368, 'w_vol': 1.8223336329760207, 'win_boll': 10, 'win_rsi': 9, 'win_mom': 4, 'win_vwap': 28, 'orb_opening_bars': 48, 'vol_window': 11}. Best is trial 868 with value: 0.384.
Trial 1423: ACCEPT (degrade -53.9%) - Eval: 0.128%, Val: 0.197%
[I 2025-10-25 04:46:14,052] Trial 1423 finished with value: 0.12800000000000003 and parameters: {'w_boll': 0.1685774525422694, 'w_rsi': 0.4546047248157361, 'w_mom': 1.37285424151119, 'w_vwap': 0.7136140845212284, 'w_orb': 1.8296235904889577, 'w_ofi': 1.9981475620693114, 'w_vol': 1.8923056360192707, 'win_boll': 40, 'win_rsi': 5, 'win_mom': 3, 'win_vwap': 31, 'orb_opening_bars': 47, 'vol_window': 10}. Best is trial 868 with value: 0.384.
Trial 1424: ACCEPT (degrade -138.5%) - Eval: 0.096%, Val: 0.229%
[I 2025-10-25 04:46:14,855] Trial 1424 finished with value: 0.09599999999999999 and parameters: {'w_boll': 0.268310385410189, 'w_rsi': 0.5484749457276621, 'w_mom': 1.4244999491165133, 'w_vwap': 0.5930595507995483, 'w_orb': 1.5322796778346268, 'w_ofi': 0.42698667969577403, 'w_vol': 1.9155993305004992, 'win_boll': 13, 'win_rsi': 6, 'win_mom': 5, 'win_vwap': 17, 'orb_opening_bars': 49, 'vol_window': 12}. Best is trial 868 with value: 0.384.
Trial 1425: ACCEPT (degrade -85.6%) - Eval: 0.146%, Val: 0.271%
[I 2025-10-25 04:46:15,609] Trial 1425 finished with value: 0.14599999999999996 and parameters: {'w_boll': 0.33726854096048936, 'w_rsi': 0.6236430150533921, 'w_mom': 1.2833067712198514, 'w_vwap': 0.5494211768222416, 'w_orb': 1.8952991176741851, 'w_ofi': 0.5311507844168847, 'w_vol': 1.054008129815549, 'win_boll': 12, 'win_rsi': 7, 'win_mom': 9, 'win_vwap': 11, 'orb_opening_bars': 50, 'vol_window': 13}. Best is trial 868 with value: 0.384.
Trial 1426: REJECT (overfit 31.7%) - Eval: 0.240%, Val: 0.164%
[I 2025-10-25 04:46:16,367] Trial 1426 finished with value: -999.0 and parameters: {'w_boll': 0.4153711819552102, 'w_rsi': 0.3730224839240962, 'w_mom': 0.20008425773240757, 'w_vwap': 0.6612393240955159, 'w_orb': 1.9684589141922446, 'w_ofi': 0.49430577398863595, 'w_vol': 1.8536237238493023, 'win_boll': 17, 'win_rsi': 5, 'win_mom': 8, 'win_vwap': 24, 'orb_opening_bars': 48, 'vol_window': 11}. Best is trial 868 with value: 0.384.
Trial 1427: ACCEPT (degrade -94.7%) - Eval: 0.190%, Val: 0.370%
[I 2025-10-25 04:46:17,115] Trial 1427 finished with value: 0.19 and parameters: {'w_boll': 0.3498742723272377, 'w_rsi': 0.5064429828391207, 'w_mom': 1.3579848273384432, 'w_vwap': 0.699699378899252, 'w_orb': 1.7951947421303518, 'w_ofi': 0.30607089458361403, 'w_vol': 1.7976477852245485, 'win_boll': 15, 'win_rsi': 6, 'win_mom': 3, 'win_vwap': 16, 'orb_opening_bars': 32, 'vol_window': 12}. Best is trial 868 with value: 0.384.
Trial 1428: REJECT (overfit 167.6%) - Eval: 0.034%, Val: -0.023%
[I 2025-10-25 04:46:17,883] Trial 1428 finished with value: -999.0 and parameters: {'w_boll': 0.22375415842969326, 'w_rsi': 0.41862702781446226, 'w_mom': 1.175952540988981, 'w_vwap': 0.7651277079901243, 'w_orb': 1.9219330390689087, 'w_ofi': 1.911229954131845, 'w_vol': 1.4109905993451002, 'win_boll': 14, 'win_rsi': 7, 'win_mom': 4, 'win_vwap': 33, 'orb_opening_bars': 47, 'vol_window': 10}. Best is trial 868 with value: 0.384.
Trial 1429: ACCEPT (degrade -1250.0%) - Eval: 0.016%, Val: 0.216%
[I 2025-10-25 04:46:18,635] Trial 1429 finished with value: 0.016 and parameters: {'w_boll': 0.30461177939461975, 'w_rsi': 0.34257561018453686, 'w_mom': 1.3059278178671718, 'w_vwap': 0.6377011776806688, 'w_orb': 1.8757392881970276, 'w_ofi': 0.4287052404624277, 'w_vol': 1.9560109211481003, 'win_boll': 13, 'win_rsi': 7, 'win_mom': 6, 'win_vwap': 10, 'orb_opening_bars': 49, 'vol_window': 11}. Best is trial 868 with value: 0.384.
Trial 1430: REJECT (overfit 105.5%) - Eval: 0.110%, Val: -0.006%
[I 2025-10-25 04:46:19,402] Trial 1430 finished with value: -999.0 and parameters: {'w_boll': 0.3797224232028962, 'w_rsi': 0.45616193898769286, 'w_mom': 1.2611948487227822, 'w_vwap': 0.11702896287126374, 'w_orb': 1.9676621356451727, 'w_ofi': 0.38112695230289406, 'w_vol': 1.7546910529517836, 'win_boll': 31, 'win_rsi': 6, 'win_mom': 3, 'win_vwap': 18, 'orb_opening_bars': 50, 'vol_window': 13}. Best is trial 868 with value: 0.384.
Trial 1431: ACCEPT (degrade -215.5%) - Eval: 0.084%, Val: 0.265%
[I 2025-10-25 04:46:20,155] Trial 1431 finished with value: 0.084 and parameters: {'w_boll': 0.43949272680038354, 'w_rsi': 0.6801061707328229, 'w_mom': 0.21402378765719668, 'w_vwap': 0.8171392938855113, 'w_orb': 1.6984128747399971, 'w_ofi': 1.942638325750288, 'w_vol': 1.8869447615530677, 'win_boll': 11, 'win_rsi': 8, 'win_mom': 7, 'win_vwap': 35, 'orb_opening_bars': 38, 'vol_window': 10}. Best is trial 868 with value: 0.384.
Trial 1432: ACCEPT (degrade -113.5%) - Eval: 0.126%, Val: 0.269%
[I 2025-10-25 04:46:20,930] Trial 1432 finished with value: 0.12599999999999995 and parameters: {'w_boll': 0.2578129117345778, 'w_rsi': 0.38243125493297386, 'w_mom': 1.4006569538917357, 'w_vwap': 0.7295373039774578, 'w_orb': 1.8396662041659348, 'w_ofi': 0.46309576434080185, 'w_vol': 1.837473160650285, 'win_boll': 16, 'win_rsi': 5, 'win_mom': 5, 'win_vwap': 11, 'orb_opening_bars': 48, 'vol_window': 31}. Best is trial 868 with value: 0.384.
Trial 1433: ACCEPT (degrade 0.0%) - Eval: -0.206%, Val: -0.109%
[I 2025-10-25 04:46:21,697] Trial 1433 finished with value: -0.20600000000000002 and parameters: {'w_boll': 1.8709032654803788, 'w_rsi': 0.33110621213131364, 'w_mom': 0.21270705755527142, 'w_vwap': 0.6814080792535111, 'w_orb': 1.9170741572788028, 'w_ofi': 1.8921898304679636, 'w_vol': 1.8023662398693805, 'win_boll': 12, 'win_rsi': 7, 'win_mom': 4, 'win_vwap': 29, 'orb_opening_bars': 21, 'vol_window': 13}. Best is trial 868 with value: 0.384.
Trial 1434: ACCEPT (degrade -3150.0%) - Eval: 0.002%, Val: 0.065%
[I 2025-10-25 04:46:22,454] Trial 1434 finished with value: 0.0020000000000000018 and parameters: {'w_boll': 0.3663237495689737, 'w_rsi': 0.5812126546582734, 'w_mom': 1.4523732529166204, 'w_vwap': 0.8723346861668035, 'w_orb': 1.8677339313901142, 'w_ofi': 1.9975065216496148, 'w_vol': 1.1882580508096192, 'win_boll': 13, 'win_rsi': 6, 'win_mom': 6, 'win_vwap': 21, 'orb_opening_bars': 49, 'vol_window': 12}. Best is trial 868 with value: 0.384.Best trial: 868. Best value: 0.384:  73%|███████▎  | 1451/2000 [18:32<06:58,  1.31it/s]Best trial: 868. Best value: 0.384:  73%|███████▎  | 1451/2000 [18:32<06:58,  1.31it/s]Best trial: 868. Best value: 0.384:  73%|███████▎  | 1452/2000 [18:32<06:57,  1.31it/s]                                                                                       Best trial: 868. Best value: 0.384:  73%|███████▎  | 1452/2000 [18:32<06:57,  1.31it/s]Best trial: 868. Best value: 0.384:  73%|███████▎  | 1452/2000 [18:32<06:57,  1.31it/s]Best trial: 868. Best value: 0.384:  73%|███████▎  | 1453/2000 [18:32<07:01,  1.30it/s]                                                                                       Best trial: 868. Best value: 0.384:  73%|███████▎  | 1453/2000 [18:33<07:01,  1.30it/s]Best trial: 868. Best value: 0.384:  73%|███████▎  | 1453/2000 [18:33<07:01,  1.30it/s]Best trial: 868. Best value: 0.384:  73%|███████▎  | 1454/2000 [18:33<06:53,  1.32it/s]                                                                                       Best trial: 868. Best value: 0.384:  73%|███████▎  | 1454/2000 [18:34<06:53,  1.32it/s]Best trial: 868. Best value: 0.384:  73%|███████▎  | 1454/2000 [18:34<06:53,  1.32it/s]Best trial: 868. Best value: 0.384:  73%|███████▎  | 1455/2000 [18:34<06:53,  1.32it/s]                                                                                       Best trial: 868. Best value: 0.384:  73%|███████▎  | 1455/2000 [18:35<06:53,  1.32it/s]Best trial: 868. Best value: 0.384:  73%|███████▎  | 1455/2000 [18:35<06:53,  1.32it/s]Best trial: 868. Best value: 0.384:  73%|███████▎  | 1456/2000 [18:35<06:52,  1.32it/s]                                                                                       Best trial: 868. Best value: 0.384:  73%|███████▎  | 1456/2000 [18:35<06:52,  1.32it/s]Best trial: 868. Best value: 0.384:  73%|███████▎  | 1456/2000 [18:35<06:52,  1.32it/s]Best trial: 868. Best value: 0.384:  73%|███████▎  | 1457/2000 [18:35<06:55,  1.31it/s]                                                                                       Best trial: 868. Best value: 0.384:  73%|███████▎  | 1457/2000 [18:36<06:55,  1.31it/s]Best trial: 868. Best value: 0.384:  73%|███████▎  | 1457/2000 [18:36<06:55,  1.31it/s]Best trial: 868. Best value: 0.384:  73%|███████▎  | 1458/2000 [18:36<06:56,  1.30it/s]                                                                                       Best trial: 868. Best value: 0.384:  73%|███████▎  | 1458/2000 [18:37<06:56,  1.30it/s]Best trial: 868. Best value: 0.384:  73%|███████▎  | 1458/2000 [18:37<06:56,  1.30it/s]Best trial: 868. Best value: 0.384:  73%|███████▎  | 1459/2000 [18:37<06:51,  1.32it/s]                                                                                       Best trial: 868. Best value: 0.384:  73%|███████▎  | 1459/2000 [18:38<06:51,  1.32it/s]Best trial: 868. Best value: 0.384:  73%|███████▎  | 1459/2000 [18:38<06:51,  1.32it/s]Best trial: 868. Best value: 0.384:  73%|███████▎  | 1460/2000 [18:38<06:49,  1.32it/s]                                                                                       Best trial: 868. Best value: 0.384:  73%|███████▎  | 1460/2000 [18:39<06:49,  1.32it/s]Best trial: 868. Best value: 0.384:  73%|███████▎  | 1460/2000 [18:39<06:49,  1.32it/s]Best trial: 868. Best value: 0.384:  73%|███████▎  | 1461/2000 [18:39<06:55,  1.30it/s]                                                                                       Best trial: 868. Best value: 0.384:  73%|███████▎  | 1461/2000 [18:39<06:55,  1.30it/s]Best trial: 868. Best value: 0.384:  73%|███████▎  | 1461/2000 [18:39<06:55,  1.30it/s]Best trial: 868. Best value: 0.384:  73%|███████▎  | 1462/2000 [18:39<06:51,  1.31it/s]                                                                                       Best trial: 868. Best value: 0.384:  73%|███████▎  | 1462/2000 [18:40<06:51,  1.31it/s]Best trial: 868. Best value: 0.384:  73%|███████▎  | 1462/2000 [18:40<06:51,  1.31it/s]Best trial: 868. Best value: 0.384:  73%|███████▎  | 1463/2000 [18:40<06:46,  1.32it/s]                                                                                       Best trial: 868. Best value: 0.384:  73%|███████▎  | 1463/2000 [18:41<06:46,  1.32it/s]Best trial: 868. Best value: 0.384:  73%|███████▎  | 1463/2000 [18:41<06:46,  1.32it/s]Best trial: 868. Best value: 0.384:  73%|███████▎  | 1464/2000 [18:41<06:44,  1.33it/s]                                                                                       Best trial: 868. Best value: 0.384:  73%|███████▎  | 1464/2000 [18:42<06:44,  1.33it/s]Best trial: 868. Best value: 0.384:  73%|███████▎  | 1464/2000 [18:42<06:44,  1.33it/s]Best trial: 868. Best value: 0.384:  73%|███████▎  | 1465/2000 [18:42<06:50,  1.30it/s]                                                                                       Best trial: 868. Best value: 0.384:  73%|███████▎  | 1465/2000 [18:42<06:50,  1.30it/s]Best trial: 868. Best value: 0.384:  73%|███████▎  | 1465/2000 [18:42<06:50,  1.30it/s]Best trial: 868. Best value: 0.384:  73%|███████▎  | 1466/2000 [18:42<06:47,  1.31it/s]                                                                                       Best trial: 868. Best value: 0.384:  73%|███████▎  | 1466/2000 [18:43<06:47,  1.31it/s]Best trial: 868. Best value: 0.384:  73%|███████▎  | 1466/2000 [18:43<06:47,  1.31it/s]Best trial: 868. Best value: 0.384:  73%|███████▎  | 1467/2000 [18:43<06:43,  1.32it/s]                                                                                       Best trial: 868. Best value: 0.384:  73%|███████▎  | 1467/2000 [18:44<06:43,  1.32it/s]Best trial: 868. Best value: 0.384:  73%|███████▎  | 1467/2000 [18:44<06:43,  1.32it/s]Best trial: 868. Best value: 0.384:  73%|███████▎  | 1468/2000 [18:44<06:41,  1.32it/s]                                                                                       
Trial 1435: ACCEPT (degrade -36.5%) - Eval: 0.156%, Val: 0.213%
[I 2025-10-25 04:46:23,216] Trial 1435 finished with value: 0.156 and parameters: {'w_boll': 0.30987300551927244, 'w_rsi': 0.4792833057034507, 'w_mom': 1.3203717988155699, 'w_vwap': 0.575816149820321, 'w_orb': 1.9412044841383544, 'w_ofi': 0.6258793984894008, 'w_vol': 1.9161307224885273, 'win_boll': 10, 'win_rsi': 6, 'win_mom': 5, 'win_vwap': 16, 'orb_opening_bars': 50, 'vol_window': 11}. Best is trial 868 with value: 0.384.
Trial 1436: REJECT (overfit 83.3%) - Eval: 0.066%, Val: 0.011%
[I 2025-10-25 04:46:24,017] Trial 1436 finished with value: -999.0 and parameters: {'w_boll': 0.40064304968435205, 'w_rsi': 0.4175373004822103, 'w_mom': 1.2504963047706166, 'w_vwap': 0.783767329627667, 'w_orb': 1.999526843729648, 'w_ofi': 1.9382594590712234, 'w_vol': 1.8561570369950513, 'win_boll': 15, 'win_rsi': 7, 'win_mom': 3, 'win_vwap': 11, 'orb_opening_bars': 48, 'vol_window': 12}. Best is trial 868 with value: 0.384.
Trial 1437: ACCEPT (degrade 0.0%) - Eval: -0.084%, Val: 0.014%
[I 2025-10-25 04:46:24,772] Trial 1437 finished with value: -0.08399999999999999 and parameters: {'w_boll': 0.34146404130486374, 'w_rsi': 0.5088929060731893, 'w_mom': 1.4989181134077896, 'w_vwap': 0.6130598465595182, 'w_orb': 1.7725260184296479, 'w_ofi': 0.5044748378836644, 'w_vol': 1.7127687584583682, 'win_boll': 14, 'win_rsi': 5, 'win_mom': 4, 'win_vwap': 10, 'orb_opening_bars': 49, 'vol_window': 23}. Best is trial 868 with value: 0.384.
Trial 1438: ACCEPT (degrade 0.0%) - Eval: -0.162%, Val: 0.417%
[I 2025-10-25 04:46:25,528] Trial 1438 finished with value: -0.162 and parameters: {'w_boll': 0.42534041178614235, 'w_rsi': 0.3216338478050215, 'w_mom': 0.24182559814178156, 'w_vwap': 0.7123747033245574, 'w_orb': 1.905537622970274, 'w_ofi': 1.9994462229759156, 'w_vol': 1.8941615865814114, 'win_boll': 16, 'win_rsi': 8, 'win_mom': 7, 'win_vwap': 15, 'orb_opening_bars': 47, 'vol_window': 15}. Best is trial 868 with value: 0.384.
Trial 1439: ACCEPT (degrade 14.2%) - Eval: 0.176%, Val: 0.151%
[I 2025-10-25 04:46:26,289] Trial 1439 finished with value: 0.17600000000000002 and parameters: {'w_boll': 0.2920743026472364, 'w_rsi': 0.3808670126313018, 'w_mom': 1.2128022081816592, 'w_vwap': 0.9499344453724893, 'w_orb': 1.9433075574608323, 'w_ofi': 0.5663945558345236, 'w_vol': 1.959443951475388, 'win_boll': 12, 'win_rsi': 7, 'win_mom': 3, 'win_vwap': 32, 'orb_opening_bars': 50, 'vol_window': 14}. Best is trial 868 with value: 0.384.
Trial 1440: REJECT (overfit 132.2%) - Eval: 0.270%, Val: -0.087%
[I 2025-10-25 04:46:27,064] Trial 1440 finished with value: -999.0 and parameters: {'w_boll': 0.22692368335537033, 'w_rsi': 0.34537815860843274, 'w_mom': 1.3769991376737978, 'w_vwap': 0.6618061702610586, 'w_orb': 1.8283620497129753, 'w_ofi': 0.4331553399119533, 'w_vol': 1.790622575714201, 'win_boll': 11, 'win_rsi': 5, 'win_mom': 5, 'win_vwap': 34, 'orb_opening_bars': 28, 'vol_window': 10}. Best is trial 868 with value: 0.384.
Trial 1441: ACCEPT (degrade 0.0%) - Eval: -0.198%, Val: -0.089%
[I 2025-10-25 04:46:27,849] Trial 1441 finished with value: -0.19799999999999998 and parameters: {'w_boll': 0.3690285851249551, 'w_rsi': 0.4433513561640687, 'w_mom': 0.19517420412491301, 'w_vwap': 1.0222315043403893, 'w_orb': 0.10111647991158879, 'w_ofi': 0.38296624700886134, 'w_vol': 1.8377673712669234, 'win_boll': 14, 'win_rsi': 6, 'win_mom': 4, 'win_vwap': 12, 'orb_opening_bars': 47, 'vol_window': 11}. Best is trial 868 with value: 0.384.
Trial 1442: ACCEPT (degrade 0.0%) - Eval: -0.156%, Val: 0.237%
[I 2025-10-25 04:46:28,607] Trial 1442 finished with value: -0.156 and parameters: {'w_boll': 0.17002066336703373, 'w_rsi': 0.30481107656463063, 'w_mom': 1.3287374490471902, 'w_vwap': 0.7457542139098184, 'w_orb': 1.9671467089919235, 'w_ofi': 0.48480182627725554, 'w_vol': 1.8732438588597515, 'win_boll': 13, 'win_rsi': 6, 'win_mom': 6, 'win_vwap': 17, 'orb_opening_bars': 48, 'vol_window': 26}. Best is trial 868 with value: 0.384.
Trial 1443: REJECT (overfit 119.9%) - Eval: 0.156%, Val: -0.031%
[I 2025-10-25 04:46:29,364] Trial 1443 finished with value: -999.0 and parameters: {'w_boll': 0.32580067489055875, 'w_rsi': 0.5509480099674356, 'w_mom': 1.570491805557692, 'w_vwap': 0.7935492189316955, 'w_orb': 1.303425423764207, 'w_ofi': 1.9691547121985502, 'w_vol': 1.9369901532587899, 'win_boll': 15, 'win_rsi': 7, 'win_mom': 3, 'win_vwap': 11, 'orb_opening_bars': 49, 'vol_window': 16}. Best is trial 868 with value: 0.384.
Trial 1444: REJECT (overfit 45.3%) - Eval: 0.148%, Val: 0.081%
[I 2025-10-25 04:46:30,239] Trial 1444 finished with value: -999.0 and parameters: {'w_boll': 0.2733811036328508, 'w_rsi': 0.39849653759683545, 'w_mom': 1.2756685545161912, 'w_vwap': 0.6835243874125521, 'w_orb': 1.4630688873771502, 'w_ofi': 1.8903794682128505, 'w_vol': 1.7444670370736213, 'win_boll': 11, 'win_rsi': 6, 'win_mom': 4, 'win_vwap': 10, 'orb_opening_bars': 49, 'vol_window': 12}. Best is trial 868 with value: 0.384.
Trial 1445: REJECT (overfit 81.0%) - Eval: 0.310%, Val: 0.059%
[I 2025-10-25 04:46:30,967] Trial 1445 finished with value: -999.0 and parameters: {'w_boll': 0.4230582080481397, 'w_rsi': 0.35130750455428206, 'w_mom': 0.2425223999505285, 'w_vwap': 0.620859027693573, 'w_orb': 1.8939951914426614, 'w_ofi': 0.3438144800763468, 'w_vol': 1.824161150138658, 'win_boll': 17, 'win_rsi': 5, 'win_mom': 3, 'win_vwap': 31, 'orb_opening_bars': 48, 'vol_window': 10}. Best is trial 868 with value: 0.384.
Trial 1446: REJECT (overfit 36.6%) - Eval: 0.082%, Val: 0.052%
[I 2025-10-25 04:46:31,722] Trial 1446 finished with value: -999.0 and parameters: {'w_boll': 0.38751163746802986, 'w_rsi': 0.47071334130138254, 'w_mom': 1.1490296113694234, 'w_vwap': 0.553465087476726, 'w_orb': 1.9995215823007095, 'w_ofi': 1.9537632976605819, 'w_vol': 1.7723085167737729, 'win_boll': 13, 'win_rsi': 8, 'win_mom': 5, 'win_vwap': 12, 'orb_opening_bars': 29, 'vol_window': 11}. Best is trial 868 with value: 0.384.
Trial 1447: ACCEPT (degrade -85.4%) - Eval: 0.144%, Val: 0.267%
[I 2025-10-25 04:46:32,483] Trial 1447 finished with value: 0.14400000000000002 and parameters: {'w_boll': 0.3573159176235825, 'w_rsi': 0.4306550795082098, 'w_mom': 1.4556102018192787, 'w_vwap': 0.7520017177788941, 'w_orb': 1.865434610098294, 'w_ofi': 0.409222342593044, 'w_vol': 1.8955235936721895, 'win_boll': 16, 'win_rsi': 6, 'win_mom': 6, 'win_vwap': 12, 'orb_opening_bars': 41, 'vol_window': 13}. Best is trial 868 with value: 0.384.
Trial 1448: REJECT (overfit 138.0%) - Eval: 0.142%, Val: -0.054%
[I 2025-10-25 04:46:33,269] Trial 1448 finished with value: -999.0 and parameters: {'w_boll': 0.4510493872524174, 'w_rsi': 0.326761750814853, 'w_mom': 1.2827998058798646, 'w_vwap': 0.7074936245317242, 'w_orb': 1.9177992292412571, 'w_ofi': 1.0427325060876846, 'w_vol': 1.8550311878659078, 'win_boll': 27, 'win_rsi': 7, 'win_mom': 3, 'win_vwap': 16, 'orb_opening_bars': 35, 'vol_window': 14}. Best is trial 868 with value: 0.384.
Trial 1449: ACCEPT (degrade 0.0%) - Eval: -0.016%, Val: 0.432%
[I 2025-10-25 04:46:34,008] Trial 1449 finished with value: -0.016000000000000004 and parameters: {'w_boll': 0.23599336594736559, 'w_rsi': 0.2986688181168801, 'w_mom': 0.21215457022044987, 'w_vwap': 0.8381117273015473, 'w_orb': 1.7983262093735062, 'w_ofi': 0.4504294845638783, 'w_vol': 0.5308346649624996, 'win_boll': 21, 'win_rsi': 8, 'win_mom': 4, 'win_vwap': 11, 'orb_opening_bars': 31, 'vol_window': 12}. Best is trial 868 with value: 0.384.
Trial 1450: REJECT (overfit 42.3%) - Eval: 0.142%, Val: 0.082%
[I 2025-10-25 04:46:34,768] Trial 1450 finished with value: -999.0 and parameters: {'w_boll': 0.28731794295502067, 'w_rsi': 0.37569007633759954, 'w_mom': 1.225537159146375, 'w_vwap': 0.6419301774409522, 'w_orb': 1.9650372154258957, 'w_ofi': 0.5244221606148269, 'w_vol': 1.9652100644836323, 'win_boll': 14, 'win_rsi': 6, 'win_mom': 4, 'win_vwap': 30, 'orb_opening_bars': 27, 'vol_window': 11}. Best is trial 868 with value: 0.384.
Trial 1451: ACCEPT (degrade 0.0%) - Eval: -0.042%, Val: 0.009%
