[I 2025-10-25 04:51:10,231] Trial 1808 finished with value: 0.23000000000000004 and parameters: {'w_boll': 0.1868510801734342, 'w_rsi': 0.44148691736893636, 'w_mom': 1.3988037388937127, 'w_vwap': 0.8543055824959652, 'w_orb': 1.783783564607955, 'w_ofi': 1.8409707490496627, 'w_vol': 0.9676030010403238, 'win_boll': 20, 'win_rsi': 8, 'win_mom': 5, 'win_vwap': 26, 'orb_opening_bars': 27, 'vol_window': 15}. Best is trial 868 with value: 0.384.Best trial: 868. Best value: 0.384:  91%|█████████▏| 1825/2000 [23:19<02:15,  1.29it/s]Best trial: 868. Best value: 0.384:  91%|█████████▏| 1825/2000 [23:19<02:15,  1.29it/s]Best trial: 868. Best value: 0.384:  91%|█████████▏| 1826/2000 [23:19<02:14,  1.29it/s]                                                                                       Best trial: 868. Best value: 0.384:  91%|█████████▏| 1826/2000 [23:20<02:14,  1.29it/s]Best trial: 868. Best value: 0.384:  91%|█████████▏| 1826/2000 [23:20<02:14,  1.29it/s]Best trial: 868. Best value: 0.384:  91%|█████████▏| 1827/2000 [23:20<02:11,  1.31it/s]                                                                                       Best trial: 868. Best value: 0.384:  91%|█████████▏| 1827/2000 [23:21<02:11,  1.31it/s]Best trial: 868. Best value: 0.384:  91%|█████████▏| 1827/2000 [23:21<02:11,  1.31it/s]Best trial: 868. Best value: 0.384:  91%|█████████▏| 1828/2000 [23:21<02:10,  1.32it/s]                                                                                       Best trial: 868. Best value: 0.384:  91%|█████████▏| 1828/2000 [23:22<02:10,  1.32it/s]Best trial: 868. Best value: 0.384:  91%|█████████▏| 1828/2000 [23:22<02:10,  1.32it/s]Best trial: 868. Best value: 0.384:  91%|█████████▏| 1829/2000 [23:22<02:11,  1.30it/s]                                                                                       Best trial: 868. Best value: 0.384:  91%|█████████▏| 1829/2000 [23:22<02:11,  1.30it/s]Best trial: 868. Best value: 0.384:  91%|█████████▏| 1829/2000 [23:22<02:11,  1.30it/s]Best trial: 868. Best value: 0.384:  92%|█████████▏| 1830/2000 [23:22<02:10,  1.30it/s]                                                                                       Best trial: 868. Best value: 0.384:  92%|█████████▏| 1830/2000 [23:23<02:10,  1.30it/s]Best trial: 868. Best value: 0.384:  92%|█████████▏| 1830/2000 [23:23<02:10,  1.30it/s]Best trial: 868. Best value: 0.384:  92%|█████████▏| 1831/2000 [23:23<02:08,  1.32it/s]                                                                                       Best trial: 868. Best value: 0.384:  92%|█████████▏| 1831/2000 [23:24<02:08,  1.32it/s]Best trial: 868. Best value: 0.384:  92%|█████████▏| 1831/2000 [23:24<02:08,  1.32it/s]Best trial: 868. Best value: 0.384:  92%|█████████▏| 1832/2000 [23:24<02:07,  1.31it/s]                                                                                       Best trial: 868. Best value: 0.384:  92%|█████████▏| 1832/2000 [23:25<02:07,  1.31it/s]Best trial: 868. Best value: 0.384:  92%|█████████▏| 1832/2000 [23:25<02:07,  1.31it/s]Best trial: 868. Best value: 0.384:  92%|█████████▏| 1833/2000 [23:25<02:08,  1.30it/s]                                                                                       Best trial: 868. Best value: 0.384:  92%|█████████▏| 1833/2000 [23:25<02:08,  1.30it/s]Best trial: 868. Best value: 0.384:  92%|█████████▏| 1833/2000 [23:25<02:08,  1.30it/s]Best trial: 868. Best value: 0.384:  92%|█████████▏| 1834/2000 [23:25<02:07,  1.30it/s]                                                                                       Best trial: 868. Best value: 0.384:  92%|█████████▏| 1834/2000 [23:26<02:07,  1.30it/s]Best trial: 868. Best value: 0.384:  92%|█████████▏| 1834/2000 [23:26<02:07,  1.30it/s]Best trial: 868. Best value: 0.384:  92%|█████████▏| 1835/2000 [23:26<02:10,  1.27it/s]                                                                                       Best trial: 868. Best value: 0.384:  92%|█████████▏| 1835/2000 [23:27<02:10,  1.27it/s]Best trial: 868. Best value: 0.384:  92%|█████████▏| 1835/2000 [23:27<02:10,  1.27it/s]Best trial: 868. Best value: 0.384:  92%|█████████▏| 1836/2000 [23:27<02:06,  1.30it/s]                                                                                       Best trial: 868. Best value: 0.384:  92%|█████████▏| 1836/2000 [23:28<02:06,  1.30it/s]Best trial: 868. Best value: 0.384:  92%|█████████▏| 1836/2000 [23:28<02:06,  1.30it/s]Best trial: 868. Best value: 0.384:  92%|█████████▏| 1837/2000 [23:28<02:06,  1.29it/s]                                                                                       Best trial: 868. Best value: 0.384:  92%|█████████▏| 1837/2000 [23:29<02:06,  1.29it/s]Best trial: 868. Best value: 0.384:  92%|█████████▏| 1837/2000 [23:29<02:06,  1.29it/s]Best trial: 868. Best value: 0.384:  92%|█████████▏| 1838/2000 [23:29<02:05,  1.29it/s]                                                                                       Best trial: 868. Best value: 0.384:  92%|█████████▏| 1838/2000 [23:29<02:05,  1.29it/s]Best trial: 868. Best value: 0.384:  92%|█████████▏| 1838/2000 [23:29<02:05,  1.29it/s]Best trial: 868. Best value: 0.384:  92%|█████████▏| 1839/2000 [23:29<02:04,  1.30it/s]                                                                                       Best trial: 868. Best value: 0.384:  92%|█████████▏| 1839/2000 [23:30<02:04,  1.30it/s]Best trial: 868. Best value: 0.384:  92%|█████████▏| 1839/2000 [23:30<02:04,  1.30it/s]Best trial: 868. Best value: 0.384:  92%|█████████▏| 1840/2000 [23:30<02:01,  1.31it/s]                                                                                       Best trial: 868. Best value: 0.384:  92%|█████████▏| 1840/2000 [23:31<02:01,  1.31it/s]Best trial: 868. Best value: 0.384:  92%|█████████▏| 1840/2000 [23:31<02:01,  1.31it/s]Best trial: 868. Best value: 0.384:  92%|█████████▏| 1841/2000 [23:31<02:02,  1.30it/s]                                                                                       Best trial: 868. Best value: 0.384:  92%|█████████▏| 1841/2000 [23:32<02:02,  1.30it/s]Best trial: 868. Best value: 0.384:  92%|█████████▏| 1841/2000 [23:32<02:02,  1.30it/s]Best trial: 868. Best value: 0.384:  92%|█████████▏| 1842/2000 [23:32<02:01,  1.30it/s]                                                                                       
Trial 1809: ACCEPT (degrade -44.2%) - Eval: 0.190%, Val: 0.274%
[I 2025-10-25 04:51:10,963] Trial 1809 finished with value: 0.19 and parameters: {'w_boll': 0.21054504170945826, 'w_rsi': 0.3765657311037114, 'w_mom': 1.3041676762919001, 'w_vwap': 0.9101271060767879, 'w_orb': 1.8468304907752822, 'w_ofi': 1.8554354222455496, 'w_vol': 1.1302827601134924, 'win_boll': 21, 'win_rsi': 5, 'win_mom': 5, 'win_vwap': 23, 'orb_opening_bars': 29, 'vol_window': 14}. Best is trial 868 with value: 0.384.
Trial 1810: ACCEPT (degrade -40.2%) - Eval: 0.194%, Val: 0.272%
[I 2025-10-25 04:51:11,731] Trial 1810 finished with value: 0.194 and parameters: {'w_boll': 0.20689163541144323, 'w_rsi': 0.35959838585274567, 'w_mom': 1.8204838692220868, 'w_vwap': 0.8848222537299972, 'w_orb': 1.8673595963384177, 'w_ofi': 1.8763284505495226, 'w_vol': 0.9964604013733002, 'win_boll': 22, 'win_rsi': 7, 'win_mom': 5, 'win_vwap': 23, 'orb_opening_bars': 24, 'vol_window': 14}. Best is trial 868 with value: 0.384.
Trial 1811: ACCEPT (degrade 0.0%) - Eval: -0.104%, Val: 0.183%
[I 2025-10-25 04:51:12,487] Trial 1811 finished with value: -0.10400000000000001 and parameters: {'w_boll': 0.14270545371318277, 'w_rsi': 0.43982662520225707, 'w_mom': 1.4557213292826354, 'w_vwap': 0.9588014177221579, 'w_orb': 1.8129584874958373, 'w_ofi': 1.8416153655518612, 'w_vol': 0.8968475091448708, 'win_boll': 19, 'win_rsi': 6, 'win_mom': 6, 'win_vwap': 26, 'orb_opening_bars': 26, 'vol_window': 14}. Best is trial 868 with value: 0.384.
Trial 1812: ACCEPT (degrade 0.0%) - Eval: -0.280%, Val: -0.012%
[I 2025-10-25 04:51:13,276] Trial 1812 finished with value: -0.2799999999999999 and parameters: {'w_boll': 0.17885181612949735, 'w_rsi': 0.4009049880389707, 'w_mom': 0.1556187252835125, 'w_vwap': 0.9707891840635656, 'w_orb': 1.7282095990106707, 'w_ofi': 1.832215385324321, 'w_vol': 0.9688231403260674, 'win_boll': 20, 'win_rsi': 5, 'win_mom': 5, 'win_vwap': 45, 'orb_opening_bars': 28, 'vol_window': 15}. Best is trial 868 with value: 0.384.
Trial 1813: ACCEPT (degrade -470.7%) - Eval: 0.058%, Val: 0.331%
[I 2025-10-25 04:51:14,026] Trial 1813 finished with value: 0.05800000000000003 and parameters: {'w_boll': 0.2203481330320064, 'w_rsi': 0.3447996925855122, 'w_mom': 1.0818098712658024, 'w_vwap': 0.8733297169885088, 'w_orb': 1.8759311042977267, 'w_ofi': 1.7126026438314854, 'w_vol': 1.0498846370621853, 'win_boll': 19, 'win_rsi': 7, 'win_mom': 5, 'win_vwap': 45, 'orb_opening_bars': 27, 'vol_window': 14}. Best is trial 868 with value: 0.384.
Trial 1814: ACCEPT (degrade -248.6%) - Eval: 0.072%, Val: 0.251%
[I 2025-10-25 04:51:14,782] Trial 1814 finished with value: 0.07199999999999998 and parameters: {'w_boll': 0.14626277536814464, 'w_rsi': 0.4496797239428752, 'w_mom': 1.2143258633456675, 'w_vwap': 0.8819196878327319, 'w_orb': 1.8293195617774076, 'w_ofi': 1.886718255895162, 'w_vol': 0.9637086332668463, 'win_boll': 19, 'win_rsi': 6, 'win_mom': 6, 'win_vwap': 22, 'orb_opening_bars': 25, 'vol_window': 13}. Best is trial 868 with value: 0.384.
Trial 1815: ACCEPT (degrade -265.9%) - Eval: 0.126%, Val: 0.461%
[I 2025-10-25 04:51:15,547] Trial 1815 finished with value: 0.12600000000000003 and parameters: {'w_boll': 0.20815724312764106, 'w_rsi': 0.380764616270805, 'w_mom': 0.12712991450788141, 'w_vwap': 0.9144549464997875, 'w_orb': 1.783808526241397, 'w_ofi': 1.7956969983636362, 'w_vol': 0.8219907599029568, 'win_boll': 18, 'win_rsi': 8, 'win_mom': 6, 'win_vwap': 20, 'orb_opening_bars': 26, 'vol_window': 13}. Best is trial 868 with value: 0.384.
Trial 1816: ACCEPT (degrade 0.0%) - Eval: -0.132%, Val: 0.213%
[I 2025-10-25 04:51:16,327] Trial 1816 finished with value: -0.132 and parameters: {'w_boll': 0.17781384508000825, 'w_rsi': 0.41188080029963137, 'w_mom': 0.10039682441860087, 'w_vwap': 0.8788572013155467, 'w_orb': 1.8786573917224487, 'w_ofi': 1.889219036814375, 'w_vol': 0.9969749469422626, 'win_boll': 21, 'win_rsi': 5, 'win_mom': 5, 'win_vwap': 26, 'orb_opening_bars': 26, 'vol_window': 13}. Best is trial 868 with value: 0.384.
Trial 1817: ACCEPT (degrade -102.5%) - Eval: 0.160%, Val: 0.324%
[I 2025-10-25 04:51:17,064] Trial 1817 finished with value: 0.16 and parameters: {'w_boll': 0.23377338773133644, 'w_rsi': 0.34980862647924627, 'w_mom': 1.3422309483591774, 'w_vwap': 0.9954210684896135, 'w_orb': 1.8566911826515076, 'w_ofi': 0.836164657261278, 'w_vol': 0.9520242124710624, 'win_boll': 18, 'win_rsi': 9, 'win_mom': 6, 'win_vwap': 37, 'orb_opening_bars': 24, 'vol_window': 12}. Best is trial 868 with value: 0.384.
Trial 1818: ACCEPT (degrade 0.0%) - Eval: -0.014%, Val: 0.590%
[I 2025-10-25 04:51:17,821] Trial 1818 finished with value: -0.014000000000000018 and parameters: {'w_boll': 0.2298070651628369, 'w_rsi': 0.39296590207169524, 'w_mom': 1.1651583805779224, 'w_vwap': 0.8577071110779835, 'w_orb': 1.6585051321551112, 'w_ofi': 1.9016116718278282, 'w_vol': 0.9371387092731263, 'win_boll': 21, 'win_rsi': 7, 'win_mom': 5, 'win_vwap': 24, 'orb_opening_bars': 26, 'vol_window': 15}. Best is trial 868 with value: 0.384.
Trial 1819: ACCEPT (degrade -23.7%) - Eval: 0.358%, Val: 0.443%
[I 2025-10-25 04:51:18,580] Trial 1819 finished with value: 0.35800000000000004 and parameters: {'w_boll': 0.2467792848710551, 'w_rsi': 0.44520607547611046, 'w_mom': 1.2779102391145705, 'w_vwap': 0.9212847253353745, 'w_orb': 1.8878954382170081, 'w_ofi': 1.743195590331805, 'w_vol': 0.8648854686129513, 'win_boll': 22, 'win_rsi': 6, 'win_mom': 5, 'win_vwap': 38, 'orb_opening_bars': 25, 'vol_window': 14}. Best is trial 868 with value: 0.384.
Trial 1820: ACCEPT (degrade -132.4%) - Eval: 0.136%, Val: 0.316%
[I 2025-10-25 04:51:19,383] Trial 1820 finished with value: 0.13599999999999998 and parameters: {'w_boll': 0.17733919073136017, 'w_rsi': 0.487908568741902, 'w_mom': 1.3160889334395272, 'w_vwap': 0.9346467721472892, 'w_orb': 1.8183640138047983, 'w_ofi': 0.6404623911478018, 'w_vol': 0.7774030355898784, 'win_boll': 24, 'win_rsi': 6, 'win_mom': 5, 'win_vwap': 38, 'orb_opening_bars': 27, 'vol_window': 15}. Best is trial 868 with value: 0.384.
Trial 1821: ACCEPT (degrade 13.7%) - Eval: 0.300%, Val: 0.259%
[I 2025-10-25 04:51:20,145] Trial 1821 finished with value: 0.3 and parameters: {'w_boll': 0.13008492909890673, 'w_rsi': 0.46450208380882113, 'w_mom': 1.357615601850803, 'w_vwap': 0.9597319560496629, 'w_orb': 1.7677432388448933, 'w_ofi': 1.9034664199049132, 'w_vol': 0.8979668300649377, 'win_boll': 23, 'win_rsi': 6, 'win_mom': 5, 'win_vwap': 25, 'orb_opening_bars': 29, 'vol_window': 15}. Best is trial 868 with value: 0.384.
Trial 1822: REJECT (overfit 26.1%) - Eval: 0.380%, Val: 0.281%
[I 2025-10-25 04:51:20,887] Trial 1822 finished with value: -999.0 and parameters: {'w_boll': 0.19891930573470812, 'w_rsi': 0.44953764333191476, 'w_mom': 1.3721811884972643, 'w_vwap': 0.9674658693404125, 'w_orb': 1.8108183922025283, 'w_ofi': 1.567623022333382, 'w_vol': 0.9082767441144883, 'win_boll': 22, 'win_rsi': 6, 'win_mom': 5, 'win_vwap': 39, 'orb_opening_bars': 23, 'vol_window': 15}. Best is trial 868 with value: 0.384.
Trial 1823: ACCEPT (degrade 0.0%) - Eval: -0.008%, Val: 0.210%
[I 2025-10-25 04:51:21,639] Trial 1823 finished with value: -0.00799999999999999 and parameters: {'w_boll': 0.10154120936349892, 'w_rsi': 0.46294345144765114, 'w_mom': 1.3988505056179306, 'w_vwap': 0.9663869803316701, 'w_orb': 1.77662288563798, 'w_ofi': 1.673756749404938, 'w_vol': 0.8706003467380576, 'win_boll': 22, 'win_rsi': 7, 'win_mom': 5, 'win_vwap': 27, 'orb_opening_bars': 25, 'vol_window': 14}. Best is trial 868 with value: 0.384.
Trial 1824: ACCEPT (degrade 0.0%) - Eval: -0.090%, Val: 0.158%
[I 2025-10-25 04:51:22,446] Trial 1824 finished with value: -0.09000000000000001 and parameters: {'w_boll': 0.15169875170505337, 'w_rsi': 0.4655945291091752, 'w_mom': 1.3498300299764239, 'w_vwap': 1.0081755301890467, 'w_orb': 1.8303000015455555, 'w_ofi': 1.9215886194328018, 'w_vol': 0.8471332729025789, 'win_boll': 24, 'win_rsi': 5, 'win_mom': 5, 'win_vwap': 39, 'orb_opening_bars': 29, 'vol_window': 15}. Best is trial 868 with value: 0.384.
Trial 1825: ACCEPT (degrade -7.1%) - Eval: 0.098%, Val: 0.105%
[I 2025-10-25 04:51:23,223] Trial 1825 finished with value: 0.098 and parameters: {'w_boll': 0.14171554976931133, 'w_rsi': 0.5012145518766903, 'w_mom': 1.3846908686222354, 'w_vwap': 0.957653615974027, 'w_orb': 1.7929602906723672, 'w_ofi': 1.9523220789228686, 'w_vol': 1.3050867841168472, 'win_boll': 25, 'win_rsi': 7, 'win_mom': 5, 'win_vwap': 39, 'orb_opening_bars': 25, 'vol_window': 14}. Best is trial 868 with value: 0.384.Best trial: 868. Best value: 0.384:  92%|█████████▏| 1842/2000 [23:32<02:01,  1.30it/s]Best trial: 868. Best value: 0.384:  92%|█████████▏| 1842/2000 [23:32<02:01,  1.30it/s]Best trial: 868. Best value: 0.384:  92%|█████████▏| 1843/2000 [23:32<02:01,  1.30it/s]                                                                                       Best trial: 868. Best value: 0.384:  92%|█████████▏| 1843/2000 [23:33<02:01,  1.30it/s]Best trial: 868. Best value: 0.384:  92%|█████████▏| 1843/2000 [23:33<02:01,  1.30it/s]Best trial: 868. Best value: 0.384:  92%|█████████▏| 1844/2000 [23:33<01:58,  1.32it/s]                                                                                       Best trial: 868. Best value: 0.384:  92%|█████████▏| 1844/2000 [23:34<01:58,  1.32it/s]Best trial: 868. Best value: 0.384:  92%|█████████▏| 1844/2000 [23:34<01:58,  1.32it/s]Best trial: 868. Best value: 0.384:  92%|█████████▏| 1845/2000 [23:34<01:59,  1.30it/s]                                                                                       Best trial: 868. Best value: 0.384:  92%|█████████▏| 1845/2000 [23:35<01:59,  1.30it/s]Best trial: 868. Best value: 0.384:  92%|█████████▏| 1845/2000 [23:35<01:59,  1.30it/s]Best trial: 868. Best value: 0.384:  92%|█████████▏| 1846/2000 [23:35<01:58,  1.30it/s]                                                                                       Best trial: 868. Best value: 0.384:  92%|█████████▏| 1846/2000 [23:35<01:58,  1.30it/s]Best trial: 868. Best value: 0.384:  92%|█████████▏| 1846/2000 [23:35<01:58,  1.30it/s]Best trial: 868. Best value: 0.384:  92%|█████████▏| 1847/2000 [23:35<01:57,  1.30it/s]                                                                                       Best trial: 868. Best value: 0.384:  92%|█████████▏| 1847/2000 [23:36<01:57,  1.30it/s]Best trial: 868. Best value: 0.384:  92%|█████████▏| 1847/2000 [23:36<01:57,  1.30it/s]Best trial: 868. Best value: 0.384:  92%|█████████▏| 1848/2000 [23:36<01:56,  1.31it/s]                                                                                       Best trial: 868. Best value: 0.384:  92%|█████████▏| 1848/2000 [23:37<01:56,  1.31it/s]Best trial: 868. Best value: 0.384:  92%|█████████▏| 1848/2000 [23:37<01:56,  1.31it/s]Best trial: 868. Best value: 0.384:  92%|█████████▏| 1849/2000 [23:37<01:55,  1.31it/s]                                                                                       Best trial: 868. Best value: 0.384:  92%|█████████▏| 1849/2000 [23:38<01:55,  1.31it/s]Best trial: 868. Best value: 0.384:  92%|█████████▏| 1849/2000 [23:38<01:55,  1.31it/s]Best trial: 868. Best value: 0.384:  92%|█████████▎| 1850/2000 [23:38<01:54,  1.31it/s]                                                                                       Best trial: 868. Best value: 0.384:  92%|█████████▎| 1850/2000 [23:39<01:54,  1.31it/s]Best trial: 868. Best value: 0.384:  92%|█████████▎| 1850/2000 [23:39<01:54,  1.31it/s]Best trial: 868. Best value: 0.384:  93%|█████████▎| 1851/2000 [23:39<01:53,  1.31it/s]                                                                                       Best trial: 868. Best value: 0.384:  93%|█████████▎| 1851/2000 [23:39<01:53,  1.31it/s]Best trial: 868. Best value: 0.384:  93%|█████████▎| 1851/2000 [23:39<01:53,  1.31it/s]Best trial: 868. Best value: 0.384:  93%|█████████▎| 1852/2000 [23:39<01:52,  1.31it/s]                                                                                       Best trial: 868. Best value: 0.384:  93%|█████████▎| 1852/2000 [23:40<01:52,  1.31it/s]Best trial: 868. Best value: 0.384:  93%|█████████▎| 1852/2000 [23:40<01:52,  1.31it/s]Best trial: 868. Best value: 0.384:  93%|█████████▎| 1853/2000 [23:40<01:53,  1.30it/s]                                                                                       Best trial: 868. Best value: 0.384:  93%|█████████▎| 1853/2000 [23:41<01:53,  1.30it/s]Best trial: 868. Best value: 0.384:  93%|█████████▎| 1853/2000 [23:41<01:53,  1.30it/s]Best trial: 868. Best value: 0.384:  93%|█████████▎| 1854/2000 [23:41<01:51,  1.31it/s]                                                                                       Best trial: 868. Best value: 0.384:  93%|█████████▎| 1854/2000 [23:42<01:51,  1.31it/s]Best trial: 868. Best value: 0.384:  93%|█████████▎| 1854/2000 [23:42<01:51,  1.31it/s]Best trial: 868. Best value: 0.384:  93%|█████████▎| 1855/2000 [23:42<01:51,  1.30it/s]                                                                                       Best trial: 868. Best value: 0.384:  93%|█████████▎| 1855/2000 [23:42<01:51,  1.30it/s]Best trial: 868. Best value: 0.384:  93%|█████████▎| 1855/2000 [23:42<01:51,  1.30it/s]Best trial: 868. Best value: 0.384:  93%|█████████▎| 1856/2000 [23:42<01:50,  1.31it/s]                                                                                       Best trial: 868. Best value: 0.384:  93%|█████████▎| 1856/2000 [23:43<01:50,  1.31it/s]Best trial: 868. Best value: 0.384:  93%|█████████▎| 1856/2000 [23:43<01:50,  1.31it/s]Best trial: 868. Best value: 0.384:  93%|█████████▎| 1857/2000 [23:43<01:50,  1.29it/s]                                                                                       Best trial: 868. Best value: 0.384:  93%|█████████▎| 1857/2000 [23:44<01:50,  1.29it/s]Best trial: 868. Best value: 0.384:  93%|█████████▎| 1857/2000 [23:44<01:50,  1.29it/s]Best trial: 868. Best value: 0.384:  93%|█████████▎| 1858/2000 [23:44<01:49,  1.30it/s]                                                                                       Best trial: 868. Best value: 0.384:  93%|█████████▎| 1858/2000 [23:45<01:49,  1.30it/s]Best trial: 868. Best value: 0.384:  93%|█████████▎| 1858/2000 [23:45<01:49,  1.30it/s]Best trial: 868. Best value: 0.384:  93%|█████████▎| 1859/2000 [23:45<01:48,  1.30it/s]                                                                                       
Trial 1826: ACCEPT (degrade -551.9%) - Eval: 0.052%, Val: 0.339%
[I 2025-10-25 04:51:23,958] Trial 1826 finished with value: 0.052000000000000005 and parameters: {'w_boll': 0.12088525242934564, 'w_rsi': 0.5078657443072833, 'w_mom': 1.338956547387921, 'w_vwap': 0.9363748668839112, 'w_orb': 1.8428094987211554, 'w_ofi': 1.9084978101163053, 'w_vol': 0.9181957218825696, 'win_boll': 22, 'win_rsi': 6, 'win_mom': 5, 'win_vwap': 41, 'orb_opening_bars': 23, 'vol_window': 15}. Best is trial 868 with value: 0.384.
Trial 1827: ACCEPT (degrade -2641.7%) - Eval: 0.012%, Val: 0.329%
