[I 2025-10-25 04:33:30,054] Trial 424 finished with value: -0.054000000000000006 and parameters: {'w_boll': 0.4412807796374133, 'w_rsi': 0.2517700536454164, 'w_mom': 0.10110928807278667, 'w_vwap': 0.6672137471937121, 'w_orb': 1.9014769736426618, 'w_ofi': 0.7123298829623539, 'w_vol': 1.936444824553608, 'win_boll': 10, 'win_rsi': 13, 'win_mom': 4, 'win_vwap': 14, 'orb_opening_bars': 46, 'vol_window': 11}. Best is trial 112 with value: 0.33399999999999996.
Trial 425: ACCEPT (degrade -81.9%) - Eval: 0.116%, Val: 0.211%
[I 2025-10-25 04:33:30,793] Trial 425 finished with value: 0.11600000000000002 and parameters: {'w_boll': 0.27351692674382916, 'w_rsi': 0.4142409226501268, 'w_mom': 0.23343652225888875, 'w_vwap': 0.7700537000227805, 'w_orb': 1.9301928441475005, 'w_ofi': 0.7733270368708727, 'w_vol': 1.8726162092654473, 'win_boll': 14, 'win_rsi': 6, 'win_mom': 3, 'win_vwap': 11, 'orb_opening_bars': 49, 'vol_window': 10}. Best is trial 112 with value: 0.33399999999999996.
Trial 426: REJECT (overfit 175.0%) - Eval: 0.020%, Val: -0.015%
[I 2025-10-25 04:33:31,536] Trial 426 finished with value: -999.0 and parameters: {'w_boll': 0.48062737576340714, 'w_rsi': 0.3322582899360149, 'w_mom': 1.6590455713091767, 'w_vwap': 0.7093156146009426, 'w_orb': 1.3291899639140463, 'w_ofi': 1.9092853348201568, 'w_vol': 1.821513061541081, 'win_boll': 11, 'win_rsi': 7, 'win_mom': 3, 'win_vwap': 12, 'orb_opening_bars': 15, 'vol_window': 14}. Best is trial 112 with value: 0.33399999999999996.
Trial 427: ACCEPT (degrade 0.0%) - Eval: -0.154%, Val: 0.413%
[I 2025-10-25 04:33:32,278] Trial 427 finished with value: -0.15400000000000003 and parameters: {'w_boll': 0.4033587798278673, 'w_rsi': 0.4419523199689104, 'w_mom': 0.16359373075217104, 'w_vwap': 0.5782659321057743, 'w_orb': 1.8624879273014023, 'w_ofi': 0.6135442585506343, 'w_vol': 1.6966944546650757, 'win_boll': 13, 'win_rsi': 6, 'win_mom': 4, 'win_vwap': 13, 'orb_opening_bars': 43, 'vol_window': 11}. Best is trial 112 with value: 0.33399999999999996.
Trial 428: ACCEPT (degrade 0.0%) - Eval: -0.068%, Val: 0.177%
[I 2025-10-25 04:33:33,061] Trial 428 finished with value: -0.068 and parameters: {'w_boll': 0.33385621805095833, 'w_rsi': 0.1935114893503596, 'w_mom': 0.20520550917603392, 'w_vwap': 0.6322429099558408, 'w_orb': 1.9677259867963224, 'w_ofi': 0.4255587994355141, 'w_vol': 1.7863543912062199, 'win_boll': 12, 'win_rsi': 7, 'win_mom': 3, 'win_vwap': 11, 'orb_opening_bars': 45, 'vol_window': 13}. Best is trial 112 with value: 0.33399999999999996.
Trial 429: ACCEPT (degrade 0.0%) - Eval: -0.068%, Val: 0.593%
[I 2025-10-25 04:33:33,806] Trial 429 finished with value: -0.068 and parameters: {'w_boll': 0.21926738647790656, 'w_rsi': 0.3679058469482141, 'w_mom': 0.29944220165532204, 'w_vwap': 0.5227700819872981, 'w_orb': 1.9031415276726469, 'w_ofi': 0.6779376014871964, 'w_vol': 1.967866561918667, 'win_boll': 10, 'win_rsi': 8, 'win_mom': 5, 'win_vwap': 15, 'orb_opening_bars': 29, 'vol_window': 10}. Best is trial 112 with value: 0.33399999999999996.
Trial 430: ACCEPT (degrade -4.6%) - Eval: 0.152%, Val: 0.159%
[I 2025-10-25 04:33:34,558] Trial 430 finished with value: 0.152 and parameters: {'w_boll': 0.5150385250755921, 'w_rsi': 0.2843206966917776, 'w_mom': 0.14391881715186094, 'w_vwap': 0.8550021427561816, 'w_orb': 1.8162854213017172, 'w_ofi': 0.5321160281706546, 'w_vol': 1.8498392067132055, 'win_boll': 13, 'win_rsi': 6, 'win_mom': 4, 'win_vwap': 13, 'orb_opening_bars': 44, 'vol_window': 12}. Best is trial 112 with value: 0.33399999999999996.
Trial 431: REJECT (overfit 417.4%) - Eval: 0.046%, Val: -0.146%
[I 2025-10-25 04:33:35,301] Trial 431 finished with value: -999.0 and parameters: {'w_boll': 0.4292417327795988, 'w_rsi': 0.4847607115065775, 'w_mom': 0.25125908678292785, 'w_vwap': 0.7342275736320809, 'w_orb': 0.3938751335666928, 'w_ofi': 0.5834082698303695, 'w_vol': 0.10058065107420744, 'win_boll': 15, 'win_rsi': 5, 'win_mom': 7, 'win_vwap': 11, 'orb_opening_bars': 39, 'vol_window': 11}. Best is trial 112 with value: 0.33399999999999996.
Trial 432: ACCEPT (degrade -108.9%) - Eval: 0.112%, Val: 0.234%
[I 2025-10-25 04:33:36,068] Trial 432 finished with value: 0.11200000000000002 and parameters: {'w_boll': 0.5937585801324518, 'w_rsi': 0.4043538910125703, 'w_mom': 0.17773654460807706, 'w_vwap': 0.6643145723652822, 'w_orb': 1.9691108536735018, 'w_ofi': 0.8756297916666356, 'w_vol': 1.905674702001615, 'win_boll': 19, 'win_rsi': 7, 'win_mom': 3, 'win_vwap': 12, 'orb_opening_bars': 50, 'vol_window': 10}. Best is trial 112 with value: 0.33399999999999996.
Trial 433: ACCEPT (degrade 0.0%) - Eval: -0.062%, Val: 0.085%
[I 2025-10-25 04:33:36,833] Trial 433 finished with value: -0.061999999999999986 and parameters: {'w_boll': 0.823272121887479, 'w_rsi': 0.3067709421722777, 'w_mom': 0.47959342905088326, 'w_vwap': 0.610059921746887, 'w_orb': 1.92900821809982, 'w_ofi': 0.18758712943787204, 'w_vol': 1.7624305270924732, 'win_boll': 18, 'win_rsi': 8, 'win_mom': 3, 'win_vwap': 14, 'orb_opening_bars': 46, 'vol_window': 14}. Best is trial 112 with value: 0.33399999999999996.
Trial 434: ACCEPT (degrade -1334.4%) - Eval: 0.032%, Val: 0.459%
[I 2025-10-25 04:33:37,587] Trial 434 finished with value: 0.03200000000000001 and parameters: {'w_boll': 0.37617081446920714, 'w_rsi': 0.5417823078095252, 'w_mom': 0.13418584060881605, 'w_vwap': 0.7002043087474635, 'w_orb': 1.8824781052425223, 'w_ofi': 0.8271151910840664, 'w_vol': 1.0987254756493186, 'win_boll': 11, 'win_rsi': 7, 'win_mom': 8, 'win_vwap': 19, 'orb_opening_bars': 47, 'vol_window': 11}. Best is trial 112 with value: 0.33399999999999996.
Trial 435: ACCEPT (degrade 0.0%) - Eval: -0.182%, Val: 0.346%
[I 2025-10-25 04:33:38,324] Trial 435 finished with value: -0.18200000000000002 and parameters: {'w_boll': 0.4767475525804278, 'w_rsi': 0.34607858942348396, 'w_mom': 0.23474625557950107, 'w_vwap': 0.7741821132524842, 'w_orb': 1.7521516885101, 'w_ofi': 0.736017235436997, 'w_vol': 1.8162995435390037, 'win_boll': 22, 'win_rsi': 6, 'win_mom': 5, 'win_vwap': 10, 'orb_opening_bars': 49, 'vol_window': 12}. Best is trial 112 with value: 0.33399999999999996.Best trial: 112. Best value: 0.334:  23%|██▎       | 451/2000 [05:46<19:14,  1.34it/s]Best trial: 112. Best value: 0.334:  23%|██▎       | 451/2000 [05:46<19:14,  1.34it/s]Best trial: 112. Best value: 0.334:  23%|██▎       | 452/2000 [05:46<19:18,  1.34it/s]                                                                                      Best trial: 112. Best value: 0.334:  23%|██▎       | 452/2000 [05:47<19:18,  1.34it/s]Best trial: 112. Best value: 0.334:  23%|██▎       | 452/2000 [05:47<19:18,  1.34it/s]Best trial: 112. Best value: 0.334:  23%|██▎       | 453/2000 [05:47<19:18,  1.34it/s]                                                                                      Best trial: 112. Best value: 0.334:  23%|██▎       | 453/2000 [05:48<19:18,  1.34it/s]Best trial: 112. Best value: 0.334:  23%|██▎       | 453/2000 [05:48<19:18,  1.34it/s]Best trial: 112. Best value: 0.334:  23%|██▎       | 454/2000 [05:48<19:04,  1.35it/s]                                                                                      Best trial: 112. Best value: 0.334:  23%|██▎       | 454/2000 [05:49<19:04,  1.35it/s]Best trial: 112. Best value: 0.334:  23%|██▎       | 454/2000 [05:49<19:04,  1.35it/s]Best trial: 112. Best value: 0.334:  23%|██▎       | 455/2000 [05:49<19:06,  1.35it/s]                                                                                      Best trial: 112. Best value: 0.334:  23%|██▎       | 455/2000 [05:49<19:06,  1.35it/s]Best trial: 112. Best value: 0.334:  23%|██▎       | 455/2000 [05:49<19:06,  1.35it/s]Best trial: 112. Best value: 0.334:  23%|██▎       | 456/2000 [05:49<19:04,  1.35it/s]                                                                                      Best trial: 112. Best value: 0.334:  23%|██▎       | 456/2000 [05:50<19:04,  1.35it/s]Best trial: 112. Best value: 0.334:  23%|██▎       | 456/2000 [05:50<19:04,  1.35it/s]Best trial: 112. Best value: 0.334:  23%|██▎       | 457/2000 [05:50<19:29,  1.32it/s]                                                                                      Best trial: 112. Best value: 0.334:  23%|██▎       | 457/2000 [05:51<19:29,  1.32it/s]Best trial: 112. Best value: 0.334:  23%|██▎       | 457/2000 [05:51<19:29,  1.32it/s]Best trial: 112. Best value: 0.334:  23%|██▎       | 458/2000 [05:51<19:12,  1.34it/s]                                                                                      Best trial: 112. Best value: 0.334:  23%|██▎       | 458/2000 [05:52<19:12,  1.34it/s]Best trial: 112. Best value: 0.334:  23%|██▎       | 458/2000 [05:52<19:12,  1.34it/s]Best trial: 112. Best value: 0.334:  23%|██▎       | 459/2000 [05:52<19:14,  1.33it/s]                                                                                      Best trial: 112. Best value: 0.334:  23%|██▎       | 459/2000 [05:52<19:14,  1.33it/s]Best trial: 112. Best value: 0.334:  23%|██▎       | 459/2000 [05:52<19:14,  1.33it/s]Best trial: 112. Best value: 0.334:  23%|██▎       | 460/2000 [05:52<19:09,  1.34it/s]                                                                                      Best trial: 112. Best value: 0.334:  23%|██▎       | 460/2000 [05:53<19:09,  1.34it/s]Best trial: 112. Best value: 0.334:  23%|██▎       | 460/2000 [05:53<19:09,  1.34it/s]Best trial: 112. Best value: 0.334:  23%|██▎       | 461/2000 [05:53<19:29,  1.32it/s]                                                                                      Best trial: 112. Best value: 0.334:  23%|██▎       | 461/2000 [05:54<19:29,  1.32it/s]Best trial: 112. Best value: 0.334:  23%|██▎       | 461/2000 [05:54<19:29,  1.32it/s]Best trial: 112. Best value: 0.334:  23%|██▎       | 462/2000 [05:54<19:10,  1.34it/s]                                                                                      Best trial: 112. Best value: 0.334:  23%|██▎       | 462/2000 [05:55<19:10,  1.34it/s]Best trial: 112. Best value: 0.334:  23%|██▎       | 462/2000 [05:55<19:10,  1.34it/s]Best trial: 112. Best value: 0.334:  23%|██▎       | 463/2000 [05:55<19:07,  1.34it/s]                                                                                      Best trial: 112. Best value: 0.334:  23%|██▎       | 463/2000 [05:55<19:07,  1.34it/s]Best trial: 112. Best value: 0.334:  23%|██▎       | 463/2000 [05:55<19:07,  1.34it/s]Best trial: 112. Best value: 0.334:  23%|██▎       | 464/2000 [05:55<19:03,  1.34it/s]                                                                                      Best trial: 112. Best value: 0.334:  23%|██▎       | 464/2000 [05:57<19:03,  1.34it/s]Best trial: 112. Best value: 0.334:  23%|██▎       | 464/2000 [05:57<19:03,  1.34it/s]Best trial: 112. Best value: 0.334:  23%|██▎       | 465/2000 [05:57<24:43,  1.03it/s]                                                                                      Best trial: 112. Best value: 0.334:  23%|██▎       | 465/2000 [05:58<24:43,  1.03it/s]Best trial: 112. Best value: 0.334:  23%|██▎       | 465/2000 [05:58<24:43,  1.03it/s]Best trial: 112. Best value: 0.334:  23%|██▎       | 466/2000 [05:58<23:06,  1.11it/s]                                                                                      Best trial: 112. Best value: 0.334:  23%|██▎       | 466/2000 [05:58<23:06,  1.11it/s]Best trial: 112. Best value: 0.334:  23%|██▎       | 466/2000 [05:58<23:06,  1.11it/s]Best trial: 112. Best value: 0.334:  23%|██▎       | 467/2000 [05:58<21:53,  1.17it/s]                                                                                      Best trial: 112. Best value: 0.334:  23%|██▎       | 467/2000 [05:59<21:53,  1.17it/s]Best trial: 112. Best value: 0.334:  23%|██▎       | 467/2000 [05:59<21:53,  1.17it/s]Best trial: 112. Best value: 0.334:  23%|██▎       | 468/2000 [05:59<20:55,  1.22it/s]
Trial 436: ACCEPT (degrade 4.8%) - Eval: 0.230%, Val: 0.219%
[I 2025-10-25 04:33:39,122] Trial 436 finished with value: 0.23000000000000004 and parameters: {'w_boll': 0.3221416872717949, 'w_rsi': 0.45672336954681664, 'w_mom': 0.18853533802294137, 'w_vwap': 0.5792390588055832, 'w_orb': 1.9952816196521161, 'w_ofi': 1.6860653337593046, 'w_vol': 1.9321915406598784, 'win_boll': 12, 'win_rsi': 7, 'win_mom': 17, 'win_vwap': 26, 'orb_opening_bars': 48, 'vol_window': 10}. Best is trial 112 with value: 0.33399999999999996.
Trial 437: ACCEPT (degrade 0.0%) - Eval: -0.070%, Val: 0.375%
[I 2025-10-25 04:33:39,854] Trial 437 finished with value: -0.07000000000000003 and parameters: {'w_boll': 0.2687820202361912, 'w_rsi': 0.4737486745718179, 'w_mom': 0.2089614479245185, 'w_vwap': 0.5677115733061743, 'w_orb': 1.9980365201616779, 'w_ofi': 1.6580615171790862, 'w_vol': 1.9540912087533333, 'win_boll': 12, 'win_rsi': 8, 'win_mom': 18, 'win_vwap': 26, 'orb_opening_bars': 46, 'vol_window': 10}. Best is trial 112 with value: 0.33399999999999996.
Trial 438: ACCEPT (degrade 0.0%) - Eval: -0.100%, Val: 0.362%
[I 2025-10-25 04:33:40,598] Trial 438 finished with value: -0.1 and parameters: {'w_boll': 0.3068815180125327, 'w_rsi': 0.5021968838438389, 'w_mom': 0.17042309974578512, 'w_vwap': 0.4903714590807955, 'w_orb': 1.9971149728026765, 'w_ofi': 0.654503125967048, 'w_vol': 1.9265360712997468, 'win_boll': 13, 'win_rsi': 9, 'win_mom': 14, 'win_vwap': 12, 'orb_opening_bars': 48, 'vol_window': 12}. Best is trial 112 with value: 0.33399999999999996.
Trial 439: ACCEPT (degrade 0.0%) - Eval: -0.008%, Val: 0.283%
[I 2025-10-25 04:33:41,349] Trial 439 finished with value: -0.00800000000000001 and parameters: {'w_boll': 0.19826313038407223, 'w_rsi': 1.2730410805052341, 'w_mom': 0.6512291911876271, 'w_vwap': 0.533440910175616, 'w_orb': 1.9624335899324592, 'w_ofi': 1.60119038575776, 'w_vol': 1.8809013840447353, 'win_boll': 12, 'win_rsi': 7, 'win_mom': 18, 'win_vwap': 34, 'orb_opening_bars': 47, 'vol_window': 11}. Best is trial 112 with value: 0.33399999999999996.
Trial 440: ACCEPT (degrade 0.0%) - Eval: -0.180%, Val: 0.268%
[I 2025-10-25 04:33:42,122] Trial 440 finished with value: -0.18 and parameters: {'w_boll': 0.343622208004939, 'w_rsi': 0.4491073888554356, 'w_mom': 0.10080842948674812, 'w_vwap': 0.5787280670125619, 'w_orb': 1.938406806240103, 'w_ofi': 0.6925977044600992, 'w_vol': 1.961192035032233, 'win_boll': 11, 'win_rsi': 8, 'win_mom': 3, 'win_vwap': 25, 'orb_opening_bars': 48, 'vol_window': 13}. Best is trial 112 with value: 0.33399999999999996.
Trial 441: ACCEPT (degrade 0.0%) - Eval: -0.052%, Val: 0.138%
[I 2025-10-25 04:33:42,845] Trial 441 finished with value: -0.052000000000000005 and parameters: {'w_boll': 0.5321029756508757, 'w_rsi': 0.5358501226469379, 'w_mom': 0.2615766665248521, 'w_vwap': 0.6147633335825101, 'w_orb': 1.9097384171957223, 'w_ofi': 0.7809858287892333, 'w_vol': 1.9254054133824134, 'win_boll': 14, 'win_rsi': 11, 'win_mom': 16, 'win_vwap': 29, 'orb_opening_bars': 45, 'vol_window': 10}. Best is trial 112 with value: 0.33399999999999996.
Trial 442: ACCEPT (degrade -98.2%) - Eval: 0.056%, Val: 0.111%
[I 2025-10-25 04:33:43,598] Trial 442 finished with value: 0.05599999999999998 and parameters: {'w_boll': 0.3069788160644567, 'w_rsi': 0.4356000435520143, 'w_mom': 0.20394121181161998, 'w_vwap': 0.6568647483497295, 'w_orb': 1.962490439412184, 'w_ofi': 0.4929411001411056, 'w_vol': 1.8823279221122202, 'win_boll': 10, 'win_rsi': 7, 'win_mom': 17, 'win_vwap': 30, 'orb_opening_bars': 44, 'vol_window': 11}. Best is trial 112 with value: 0.33399999999999996.
Trial 443: REJECT (overfit 26.6%) - Eval: 0.158%, Val: 0.116%
[I 2025-10-25 04:33:44,340] Trial 443 finished with value: -999.0 and parameters: {'w_boll': 0.4359139126031523, 'w_rsi': 0.5708377131620153, 'w_mom': 0.14581250369471488, 'w_vwap': 0.590177952741829, 'w_orb': 1.8586268165950668, 'w_ofi': 0.6201888184342322, 'w_vol': 1.8380702966305758, 'win_boll': 12, 'win_rsi': 7, 'win_mom': 17, 'win_vwap': 24, 'orb_opening_bars': 47, 'vol_window': 12}. Best is trial 112 with value: 0.33399999999999996.
Trial 444: ACCEPT (degrade 0.0%) - Eval: -0.118%, Val: 0.061%
[I 2025-10-25 04:33:45,133] Trial 444 finished with value: -0.11800000000000002 and parameters: {'w_boll': 0.3616366522491927, 'w_rsi': 0.2342814243188993, 'w_mom': 0.31301815617607137, 'w_vwap': 0.6236328353699475, 'w_orb': 1.9308619339934354, 'w_ofi': 1.694756854954136, 'w_vol': 1.9139877370495888, 'win_boll': 14, 'win_rsi': 8, 'win_mom': 16, 'win_vwap': 27, 'orb_opening_bars': 49, 'vol_window': 10}. Best is trial 112 with value: 0.33399999999999996.
Trial 445: ACCEPT (degrade 0.0%) - Eval: -0.162%, Val: 0.277%
[I 2025-10-25 04:33:45,856] Trial 445 finished with value: -0.162 and parameters: {'w_boll': 0.25218627609236766, 'w_rsi': 0.4809875698880595, 'w_mom': 0.17381705312453366, 'w_vwap': 0.5084113861784817, 'w_orb': 1.9942123568457824, 'w_ofi': 0.5594995812483867, 'w_vol': 1.9608147710230859, 'win_boll': 13, 'win_rsi': 7, 'win_mom': 15, 'win_vwap': 23, 'orb_opening_bars': 48, 'vol_window': 13}. Best is trial 112 with value: 0.33399999999999996.
Trial 446: ACCEPT (degrade -464.7%) - Eval: 0.034%, Val: 0.192%
[I 2025-10-25 04:33:46,603] Trial 446 finished with value: 0.034 and parameters: {'w_boll': 0.6593893878473231, 'w_rsi': 0.39242166770597575, 'w_mom': 0.22806671959446145, 'w_vwap': 0.5475934129968388, 'w_orb': 1.957198378376747, 'w_ofi': 0.7436262956292041, 'w_vol': 1.858470623087379, 'win_boll': 11, 'win_rsi': 7, 'win_mom': 10, 'win_vwap': 27, 'orb_opening_bars': 43, 'vol_window': 11}. Best is trial 112 with value: 0.33399999999999996.
Trial 447: ACCEPT (degrade -78.4%) - Eval: 0.134%, Val: 0.239%
[I 2025-10-25 04:33:47,348] Trial 447 finished with value: 0.13399999999999998 and parameters: {'w_boll': 0.4091390736865926, 'w_rsi': 0.42145298570122214, 'w_mom': 0.2693328256249359, 'w_vwap': 0.6670456026299468, 'w_orb': 1.8956856232568726, 'w_ofi': 1.504714369064546, 'w_vol': 1.7385224234370045, 'win_boll': 10, 'win_rsi': 8, 'win_mom': 3, 'win_vwap': 10, 'orb_opening_bars': 50, 'vol_window': 12}. Best is trial 112 with value: 0.33399999999999996.
Trial 448: ACCEPT (degrade -43.6%) - Eval: 0.078%, Val: 0.112%
[I 2025-10-25 04:33:48,130] Trial 448 finished with value: 0.078 and parameters: {'w_boll': 0.5743209797708753, 'w_rsi': 0.4546697091197207, 'w_mom': 0.14099339007643014, 'w_vwap': 0.5646731542706168, 'w_orb': 1.8374470262268083, 'w_ofi': 1.1413716744540643, 'w_vol': 1.99931308518535, 'win_boll': 12, 'win_rsi': 6, 'win_mom': 17, 'win_vwap': 11, 'orb_opening_bars': 47, 'vol_window': 10}. Best is trial 112 with value: 0.33399999999999996.
Trial 449: ACCEPT (degrade 0.0%) - Eval: -0.052%, Val: 0.050%
[I 2025-10-25 04:33:48,849] Trial 449 finished with value: -0.05200000000000001 and parameters: {'w_boll': 0.4738484869669764, 'w_rsi': 0.517645365873637, 'w_mom': 0.19318867778638454, 'w_vwap': 0.6317121863076819, 'w_orb': 1.9978901634202915, 'w_ofi': 0.9475318096650673, 'w_vol': 1.789759194045427, 'win_boll': 11, 'win_rsi': 9, 'win_mom': 11, 'win_vwap': 21, 'orb_opening_bars': 46, 'vol_window': 29}. Best is trial 112 with value: 0.33399999999999996.
Trial 450: ACCEPT (degrade 17.1%) - Eval: 0.170%, Val: 0.141%
[I 2025-10-25 04:33:49,592] Trial 450 finished with value: 0.16999999999999998 and parameters: {'w_boll': 0.5150184379796192, 'w_rsi': 0.2753881752442926, 'w_mom': 0.22260082494452157, 'w_vwap': 0.5937600723250863, 'w_orb': 1.9365529226406843, 'w_ofi': 0.6469387294233535, 'w_vol': 1.916060443576755, 'win_boll': 13, 'win_rsi': 7, 'win_mom': 3, 'win_vwap': 11, 'orb_opening_bars': 45, 'vol_window': 11}. Best is trial 112 with value: 0.33399999999999996.
Trial 451: ACCEPT (degrade -198.3%) - Eval: 0.058%, Val: 0.173%
