[I 2025-10-25 04:45:16,673] Trial 1348 finished with value: -0.06399999999999999 and parameters: {'w_boll': 0.18974248752230338, 'w_rsi': 0.3519133029614333, 'w_mom': 0.3726227399713138, 'w_vwap': 0.8826217606189074, 'w_orb': 1.8736547334240794, 'w_ofi': 0.456329995769478, 'w_vol': 1.8543365359465889, 'win_boll': 17, 'win_rsi': 6, 'win_mom': 3, 'win_vwap': 17, 'orb_opening_bars': 29, 'vol_window': 13}. Best is trial 868 with value: 0.384.
Trial 1349: ACCEPT (degrade -609.6%) - Eval: 0.052%, Val: 0.369%
[I 2025-10-25 04:45:17,433] Trial 1349 finished with value: 0.05199999999999999 and parameters: {'w_boll': 0.2541604434309721, 'w_rsi': 0.4315847672028944, 'w_mom': 0.3072813300634079, 'w_vwap': 0.7402134351101272, 'w_orb': 1.9620528463358702, 'w_ofi': 0.48515081818454237, 'w_vol': 1.8198652560786328, 'win_boll': 14, 'win_rsi': 8, 'win_mom': 8, 'win_vwap': 15, 'orb_opening_bars': 29, 'vol_window': 12}. Best is trial 868 with value: 0.384.Best trial: 868. Best value: 0.384:  68%|██████▊   | 1366/2000 [17:27<08:04,  1.31it/s]Best trial: 868. Best value: 0.384:  68%|██████▊   | 1366/2000 [17:27<08:04,  1.31it/s]Best trial: 868. Best value: 0.384:  68%|██████▊   | 1367/2000 [17:27<08:19,  1.27it/s]                                                                                       Best trial: 868. Best value: 0.384:  68%|██████▊   | 1367/2000 [17:27<08:19,  1.27it/s]Best trial: 868. Best value: 0.384:  68%|██████▊   | 1367/2000 [17:27<08:19,  1.27it/s]Best trial: 868. Best value: 0.384:  68%|██████▊   | 1368/2000 [17:27<08:17,  1.27it/s]                                                                                       Best trial: 868. Best value: 0.384:  68%|██████▊   | 1368/2000 [17:28<08:17,  1.27it/s]Best trial: 868. Best value: 0.384:  68%|██████▊   | 1368/2000 [17:28<08:17,  1.27it/s]Best trial: 868. Best value: 0.384:  68%|██████▊   | 1369/2000 [17:28<08:13,  1.28it/s]                                                                                       Best trial: 868. Best value: 0.384:  68%|██████▊   | 1369/2000 [17:29<08:13,  1.28it/s]Best trial: 868. Best value: 0.384:  68%|██████▊   | 1369/2000 [17:29<08:13,  1.28it/s]Best trial: 868. Best value: 0.384:  68%|██████▊   | 1370/2000 [17:29<08:08,  1.29it/s]                                                                                       Best trial: 868. Best value: 0.384:  68%|██████▊   | 1370/2000 [17:30<08:08,  1.29it/s]Best trial: 868. Best value: 0.384:  68%|██████▊   | 1370/2000 [17:30<08:08,  1.29it/s]Best trial: 868. Best value: 0.384:  69%|██████▊   | 1371/2000 [17:30<08:04,  1.30it/s]                                                                                       Best trial: 868. Best value: 0.384:  69%|██████▊   | 1371/2000 [17:30<08:04,  1.30it/s]Best trial: 868. Best value: 0.384:  69%|██████▊   | 1371/2000 [17:30<08:04,  1.30it/s]Best trial: 868. Best value: 0.384:  69%|██████▊   | 1372/2000 [17:30<08:00,  1.31it/s]                                                                                       Best trial: 868. Best value: 0.384:  69%|██████▊   | 1372/2000 [17:31<08:00,  1.31it/s]Best trial: 868. Best value: 0.384:  69%|██████▊   | 1372/2000 [17:31<08:00,  1.31it/s]Best trial: 868. Best value: 0.384:  69%|██████▊   | 1373/2000 [17:31<08:03,  1.30it/s]                                                                                       Best trial: 868. Best value: 0.384:  69%|██████▊   | 1373/2000 [17:32<08:03,  1.30it/s]Best trial: 868. Best value: 0.384:  69%|██████▊   | 1373/2000 [17:32<08:03,  1.30it/s]Best trial: 868. Best value: 0.384:  69%|██████▊   | 1374/2000 [17:32<07:55,  1.32it/s]                                                                                       Best trial: 868. Best value: 0.384:  69%|██████▊   | 1374/2000 [17:33<07:55,  1.32it/s]Best trial: 868. Best value: 0.384:  69%|██████▊   | 1374/2000 [17:33<07:55,  1.32it/s]Best trial: 868. Best value: 0.384:  69%|██████▉   | 1375/2000 [17:33<07:54,  1.32it/s]                                                                                       Best trial: 868. Best value: 0.384:  69%|██████▉   | 1375/2000 [17:33<07:54,  1.32it/s]Best trial: 868. Best value: 0.384:  69%|██████▉   | 1375/2000 [17:33<07:54,  1.32it/s]Best trial: 868. Best value: 0.384:  69%|██████▉   | 1376/2000 [17:33<07:53,  1.32it/s]                                                                                       Best trial: 868. Best value: 0.384:  69%|██████▉   | 1376/2000 [17:34<07:53,  1.32it/s]Best trial: 868. Best value: 0.384:  69%|██████▉   | 1376/2000 [17:34<07:53,  1.32it/s]Best trial: 868. Best value: 0.384:  69%|██████▉   | 1377/2000 [17:34<08:00,  1.30it/s]                                                                                       Best trial: 868. Best value: 0.384:  69%|██████▉   | 1377/2000 [17:35<08:00,  1.30it/s]Best trial: 868. Best value: 0.384:  69%|██████▉   | 1377/2000 [17:35<08:00,  1.30it/s]Best trial: 868. Best value: 0.384:  69%|██████▉   | 1378/2000 [17:35<07:52,  1.32it/s]                                                                                       Best trial: 868. Best value: 0.384:  69%|██████▉   | 1378/2000 [17:36<07:52,  1.32it/s]Best trial: 868. Best value: 0.384:  69%|██████▉   | 1378/2000 [17:36<07:52,  1.32it/s]Best trial: 868. Best value: 0.384:  69%|██████▉   | 1379/2000 [17:36<07:50,  1.32it/s]                                                                                       Best trial: 868. Best value: 0.384:  69%|██████▉   | 1379/2000 [17:37<07:50,  1.32it/s]Best trial: 868. Best value: 0.384:  69%|██████▉   | 1379/2000 [17:37<07:50,  1.32it/s]Best trial: 868. Best value: 0.384:  69%|██████▉   | 1380/2000 [17:37<07:50,  1.32it/s]                                                                                       Best trial: 868. Best value: 0.384:  69%|██████▉   | 1380/2000 [17:37<07:50,  1.32it/s]Best trial: 868. Best value: 0.384:  69%|██████▉   | 1380/2000 [17:37<07:50,  1.32it/s]Best trial: 868. Best value: 0.384:  69%|██████▉   | 1381/2000 [17:37<07:55,  1.30it/s]                                                                                       Best trial: 868. Best value: 0.384:  69%|██████▉   | 1381/2000 [17:38<07:55,  1.30it/s]Best trial: 868. Best value: 0.384:  69%|██████▉   | 1381/2000 [17:38<07:55,  1.30it/s]Best trial: 868. Best value: 0.384:  69%|██████▉   | 1382/2000 [17:38<07:47,  1.32it/s]                                                                                       Best trial: 868. Best value: 0.384:  69%|██████▉   | 1382/2000 [17:39<07:47,  1.32it/s]Best trial: 868. Best value: 0.384:  69%|██████▉   | 1382/2000 [17:39<07:47,  1.32it/s]Best trial: 868. Best value: 0.384:  69%|██████▉   | 1383/2000 [17:39<07:47,  1.32it/s]                                                                                       
Trial 1350: ACCEPT (degrade -231.0%) - Eval: 0.100%, Val: 0.331%
[I 2025-10-25 04:45:18,216] Trial 1350 finished with value: 0.1 and parameters: {'w_boll': 0.29515491838903907, 'w_rsi': 0.4988986386367932, 'w_mom': 0.2558857898856566, 'w_vwap': 0.6250761894168219, 'w_orb': 1.9166820485617293, 'w_ofi': 0.3186113246241076, 'w_vol': 0.8861229770422547, 'win_boll': 12, 'win_rsi': 7, 'win_mom': 6, 'win_vwap': 14, 'orb_opening_bars': 31, 'vol_window': 14}. Best is trial 868 with value: 0.384.
Trial 1351: ACCEPT (degrade 0.0%) - Eval: -0.098%, Val: 0.050%
[I 2025-10-25 04:45:18,950] Trial 1351 finished with value: -0.098 and parameters: {'w_boll': 0.3661533449508976, 'w_rsi': 1.1455950612893178, 'w_mom': 0.3790810881860321, 'w_vwap': 0.6786853603224681, 'w_orb': 1.9393820011519134, 'w_ofi': 0.3712533292520751, 'w_vol': 1.8684614660441823, 'win_boll': 24, 'win_rsi': 22, 'win_mom': 5, 'win_vwap': 31, 'orb_opening_bars': 33, 'vol_window': 12}. Best is trial 868 with value: 0.384.
Trial 1352: ACCEPT (degrade -3.5%) - Eval: 0.200%, Val: 0.207%
[I 2025-10-25 04:45:19,720] Trial 1352 finished with value: 0.19999999999999998 and parameters: {'w_boll': 0.33390003751706343, 'w_rsi': 0.34869417801206903, 'w_mom': 0.30556110304648765, 'w_vwap': 0.7834907246796802, 'w_orb': 1.8819337375564034, 'w_ofi': 0.10268331460142843, 'w_vol': 1.7851915932006284, 'win_boll': 15, 'win_rsi': 7, 'win_mom': 4, 'win_vwap': 45, 'orb_opening_bars': 32, 'vol_window': 14}. Best is trial 868 with value: 0.384.
Trial 1353: ACCEPT (degrade -225.6%) - Eval: 0.078%, Val: 0.254%
[I 2025-10-25 04:45:20,520] Trial 1353 finished with value: 0.078 and parameters: {'w_boll': 0.3766808313649176, 'w_rsi': 0.39278321516070136, 'w_mom': 0.24863448801690985, 'w_vwap': 0.5612997781799764, 'w_orb': 1.9636615908392843, 'w_ofi': 0.5276698233177727, 'w_vol': 1.870960734096001, 'win_boll': 11, 'win_rsi': 8, 'win_mom': 7, 'win_vwap': 13, 'orb_opening_bars': 27, 'vol_window': 13}. Best is trial 868 with value: 0.384.
Trial 1354: ACCEPT (degrade -162.3%) - Eval: 0.114%, Val: 0.299%
[I 2025-10-25 04:45:21,277] Trial 1354 finished with value: 0.11399999999999996 and parameters: {'w_boll': 0.2742208003166859, 'w_rsi': 0.43475261261951326, 'w_mom': 0.33190614622866055, 'w_vwap': 0.7237181929317704, 'w_orb': 1.9118530670002845, 'w_ofi': 0.39933971018200953, 'w_vol': 1.721632788780913, 'win_boll': 16, 'win_rsi': 6, 'win_mom': 3, 'win_vwap': 16, 'orb_opening_bars': 30, 'vol_window': 12}. Best is trial 868 with value: 0.384.
Trial 1355: ACCEPT (degrade 0.0%) - Eval: -0.114%, Val: 0.275%
[I 2025-10-25 04:45:22,011] Trial 1355 finished with value: -0.11399999999999999 and parameters: {'w_boll': 0.21602005216876996, 'w_rsi': 0.3630984121576021, 'w_mom': 0.24801347197684318, 'w_vwap': 0.6464630067682301, 'w_orb': 1.9647440565174374, 'w_ofi': 0.41920512094142465, 'w_vol': 1.8285897727259428, 'win_boll': 14, 'win_rsi': 26, 'win_mom': 5, 'win_vwap': 13, 'orb_opening_bars': 30, 'vol_window': 12}. Best is trial 868 with value: 0.384.
Trial 1356: ACCEPT (degrade 0.0%) - Eval: -0.140%, Val: 0.171%
[I 2025-10-25 04:45:22,807] Trial 1356 finished with value: -0.14 and parameters: {'w_boll': 0.3248004242996939, 'w_rsi': 0.39808608943722457, 'w_mom': 1.341346888188343, 'w_vwap': 0.8269003995579125, 'w_orb': 1.567839632813706, 'w_ofi': 0.4927721483244644, 'w_vol': 1.0753689923236203, 'win_boll': 12, 'win_rsi': 6, 'win_mom': 3, 'win_vwap': 14, 'orb_opening_bars': 28, 'vol_window': 16}. Best is trial 868 with value: 0.384.
Trial 1357: ACCEPT (degrade 0.0%) - Eval: -0.156%, Val: 0.132%
[I 2025-10-25 04:45:23,565] Trial 1357 finished with value: -0.156 and parameters: {'w_boll': 0.38778491038072627, 'w_rsi': 0.48726622876345643, 'w_mom': 0.2914949794912462, 'w_vwap': 0.6018212811189402, 'w_orb': 1.8658495919842013, 'w_ofi': 0.4829763646354919, 'w_vol': 1.1657926416235989, 'win_boll': 11, 'win_rsi': 6, 'win_mom': 4, 'win_vwap': 19, 'orb_opening_bars': 28, 'vol_window': 13}. Best is trial 868 with value: 0.384.
Trial 1358: REJECT (overfit 26.1%) - Eval: 0.188%, Val: 0.139%
[I 2025-10-25 04:45:24,322] Trial 1358 finished with value: -999.0 and parameters: {'w_boll': 0.3050846780261785, 'w_rsi': 0.3475847538765988, 'w_mom': 1.2867189374209793, 'w_vwap': 0.6931647975849212, 'w_orb': 1.9192327446229105, 'w_ofi': 0.5484052705639065, 'w_vol': 1.770143818630911, 'win_boll': 15, 'win_rsi': 8, 'win_mom': 3, 'win_vwap': 15, 'orb_opening_bars': 31, 'vol_window': 11}. Best is trial 868 with value: 0.384.
Trial 1359: ACCEPT (degrade 0.0%) - Eval: -0.056%, Val: 0.063%
[I 2025-10-25 04:45:25,056] Trial 1359 finished with value: -0.05600000000000001 and parameters: {'w_boll': 0.35282321526535454, 'w_rsi': 0.44548771911867674, 'w_mom': 1.6710259084937737, 'w_vwap': 0.7459851938443064, 'w_orb': 0.9830940869841207, 'w_ofi': 1.9994885768276056, 'w_vol': 1.871425953358472, 'win_boll': 10, 'win_rsi': 7, 'win_mom': 6, 'win_vwap': 14, 'orb_opening_bars': 33, 'vol_window': 15}. Best is trial 868 with value: 0.384.
Trial 1360: ACCEPT (degrade -37.9%) - Eval: 0.248%, Val: 0.342%
[I 2025-10-25 04:45:25,844] Trial 1360 finished with value: 0.24800000000000005 and parameters: {'w_boll': 0.25644777025506066, 'w_rsi': 0.5325495452052582, 'w_mom': 1.1118841942839275, 'w_vwap': 0.6572698216625872, 'w_orb': 1.9973141968571817, 'w_ofi': 0.44181739769878525, 'w_vol': 1.8212212154319225, 'win_boll': 13, 'win_rsi': 7, 'win_mom': 4, 'win_vwap': 32, 'orb_opening_bars': 30, 'vol_window': 12}. Best is trial 868 with value: 0.384.
Trial 1361: ACCEPT (degrade -73.9%) - Eval: 0.092%, Val: 0.160%
[I 2025-10-25 04:45:26,597] Trial 1361 finished with value: 0.09199999999999998 and parameters: {'w_boll': 0.3948675265648748, 'w_rsi': 0.40380392449072594, 'w_mom': 0.2415111291978122, 'w_vwap': 0.7782594180139562, 'w_orb': 1.4104649867590928, 'w_ofi': 0.2614859395420128, 'w_vol': 1.2197131006413802, 'win_boll': 12, 'win_rsi': 6, 'win_mom': 5, 'win_vwap': 13, 'orb_opening_bars': 30, 'vol_window': 11}. Best is trial 868 with value: 0.384.
Trial 1362: ACCEPT (degrade -38.3%) - Eval: 0.188%, Val: 0.260%
[I 2025-10-25 04:45:27,358] Trial 1362 finished with value: 0.18800000000000003 and parameters: {'w_boll': 0.3377709666422354, 'w_rsi': 0.3443061769008729, 'w_mom': 1.5080386349718413, 'w_vwap': 0.7024383727854733, 'w_orb': 1.8866967741634093, 'w_ofi': 0.35289374631123693, 'w_vol': 1.587132083745798, 'win_boll': 14, 'win_rsi': 6, 'win_mom': 3, 'win_vwap': 17, 'orb_opening_bars': 25, 'vol_window': 13}. Best is trial 868 with value: 0.384.
Trial 1363: ACCEPT (degrade 0.0%) - Eval: -0.154%, Val: 0.230%
[I 2025-10-25 04:45:28,110] Trial 1363 finished with value: -0.15399999999999997 and parameters: {'w_boll': 0.9289836379553502, 'w_rsi': 0.7068119976481111, 'w_mom': 1.388170924882392, 'w_vwap': 0.8532386611488685, 'w_orb': 1.9394859865461425, 'w_ofi': 0.5077271913961523, 'w_vol': 1.742859159406541, 'win_boll': 15, 'win_rsi': 6, 'win_mom': 6, 'win_vwap': 12, 'orb_opening_bars': 34, 'vol_window': 12}. Best is trial 868 with value: 0.384.
Trial 1364: ACCEPT (degrade 12.8%) - Eval: 0.234%, Val: 0.204%
[I 2025-10-25 04:45:28,880] Trial 1364 finished with value: 0.23400000000000004 and parameters: {'w_boll': 0.36462509128782916, 'w_rsi': 0.3868012988984473, 'w_mom': 1.1996284379305175, 'w_vwap': 0.6178018572735917, 'w_orb': 1.8433608635607992, 'w_ofi': 0.4448825784010051, 'w_vol': 1.8865450793796728, 'win_boll': 13, 'win_rsi': 7, 'win_mom': 4, 'win_vwap': 15, 'orb_opening_bars': 31, 'vol_window': 11}. Best is trial 868 with value: 0.384.
Trial 1365: ACCEPT (degrade -363.0%) - Eval: 0.054%, Val: 0.250%
[I 2025-10-25 04:45:29,652] Trial 1365 finished with value: 0.05399999999999999 and parameters: {'w_boll': 0.2890918477293911, 'w_rsi': 0.3322710192595584, 'w_mom': 1.2309468789745086, 'w_vwap': 0.5832838932110529, 'w_orb': 1.968758678728052, 'w_ofi': 0.3957387743549026, 'w_vol': 1.8013477694285176, 'win_boll': 14, 'win_rsi': 8, 'win_mom': 7, 'win_vwap': 16, 'orb_opening_bars': 28, 'vol_window': 12}. Best is trial 868 with value: 0.384.
Trial 1366: ACCEPT (degrade -1073.5%) - Eval: 0.034%, Val: 0.399%
[I 2025-10-25 04:45:30,495] Trial 1366 finished with value: 0.03399999999999997 and parameters: {'w_boll': 0.2276267635769027, 'w_rsi': 0.48364629706265166, 'w_mom': 0.3572854781025037, 'w_vwap': 0.6702686090031491, 'w_orb': 1.910871000892597, 'w_ofi': 0.5794087121035089, 'w_vol': 1.8343500107294242, 'win_boll': 17, 'win_rsi': 7, 'win_mom': 5, 'win_vwap': 13, 'orb_opening_bars': 27, 'vol_window': 14}. Best is trial 868 with value: 0.384.Best trial: 868. Best value: 0.384:  69%|██████▉   | 1383/2000 [17:40<07:47,  1.32it/s]Best trial: 868. Best value: 0.384:  69%|██████▉   | 1383/2000 [17:40<07:47,  1.32it/s]Best trial: 868. Best value: 0.384:  69%|██████▉   | 1384/2000 [17:40<07:45,  1.32it/s]                                                                                       Best trial: 868. Best value: 0.384:  69%|██████▉   | 1384/2000 [17:40<07:45,  1.32it/s]Best trial: 868. Best value: 0.384:  69%|██████▉   | 1384/2000 [17:40<07:45,  1.32it/s]Best trial: 868. Best value: 0.384:  69%|██████▉   | 1385/2000 [17:40<07:53,  1.30it/s]                                                                                       Best trial: 868. Best value: 0.384:  69%|██████▉   | 1385/2000 [17:41<07:53,  1.30it/s]Best trial: 868. Best value: 0.384:  69%|██████▉   | 1385/2000 [17:41<07:53,  1.30it/s]Best trial: 868. Best value: 0.384:  69%|██████▉   | 1386/2000 [17:41<07:49,  1.31it/s]                                                                                       Best trial: 868. Best value: 0.384:  69%|██████▉   | 1386/2000 [17:42<07:49,  1.31it/s]Best trial: 868. Best value: 0.384:  69%|██████▉   | 1386/2000 [17:42<07:49,  1.31it/s]Best trial: 868. Best value: 0.384:  69%|██████▉   | 1387/2000 [17:42<07:46,  1.31it/s]                                                                                       Best trial: 868. Best value: 0.384:  69%|██████▉   | 1387/2000 [17:43<07:46,  1.31it/s]Best trial: 868. Best value: 0.384:  69%|██████▉   | 1387/2000 [17:43<07:46,  1.31it/s]Best trial: 868. Best value: 0.384:  69%|██████▉   | 1388/2000 [17:43<07:42,  1.32it/s]                                                                                       Best trial: 868. Best value: 0.384:  69%|██████▉   | 1388/2000 [17:43<07:42,  1.32it/s]Best trial: 868. Best value: 0.384:  69%|██████▉   | 1388/2000 [17:43<07:42,  1.32it/s]Best trial: 868. Best value: 0.384:  69%|██████▉   | 1389/2000 [17:43<07:46,  1.31it/s]                                                                                       Best trial: 868. Best value: 0.384:  69%|██████▉   | 1389/2000 [17:44<07:46,  1.31it/s]Best trial: 868. Best value: 0.384:  69%|██████▉   | 1389/2000 [17:44<07:46,  1.31it/s]Best trial: 868. Best value: 0.384:  70%|██████▉   | 1390/2000 [17:44<07:39,  1.33it/s]                                                                                       Best trial: 868. Best value: 0.384:  70%|██████▉   | 1390/2000 [17:45<07:39,  1.33it/s]Best trial: 868. Best value: 0.384:  70%|██████▉   | 1390/2000 [17:45<07:39,  1.33it/s]Best trial: 868. Best value: 0.384:  70%|██████▉   | 1391/2000 [17:45<07:40,  1.32it/s]                                                                                       Best trial: 868. Best value: 0.384:  70%|██████▉   | 1391/2000 [17:46<07:40,  1.32it/s]Best trial: 868. Best value: 0.384:  70%|██████▉   | 1391/2000 [17:46<07:40,  1.32it/s]Best trial: 868. Best value: 0.384:  70%|██████▉   | 1392/2000 [17:46<07:40,  1.32it/s]                                                                                       Best trial: 868. Best value: 0.384:  70%|██████▉   | 1392/2000 [17:46<07:40,  1.32it/s]Best trial: 868. Best value: 0.384:  70%|██████▉   | 1392/2000 [17:46<07:40,  1.32it/s]Best trial: 868. Best value: 0.384:  70%|██████▉   | 1393/2000 [17:46<07:47,  1.30it/s]                                                                                       Best trial: 868. Best value: 0.384:  70%|██████▉   | 1393/2000 [17:47<07:47,  1.30it/s]Best trial: 868. Best value: 0.384:  70%|██████▉   | 1393/2000 [17:47<07:47,  1.30it/s]Best trial: 868. Best value: 0.384:  70%|██████▉   | 1394/2000 [17:47<07:42,  1.31it/s]                                                                                       Best trial: 868. Best value: 0.384:  70%|██████▉   | 1394/2000 [17:48<07:42,  1.31it/s]Best trial: 868. Best value: 0.384:  70%|██████▉   | 1394/2000 [17:48<07:42,  1.31it/s]Best trial: 868. Best value: 0.384:  70%|██████▉   | 1395/2000 [17:48<07:40,  1.32it/s]                                                                                       Best trial: 868. Best value: 0.384:  70%|██████▉   | 1395/2000 [17:49<07:40,  1.32it/s]Best trial: 868. Best value: 0.384:  70%|██████▉   | 1395/2000 [17:49<07:40,  1.32it/s]Best trial: 868. Best value: 0.384:  70%|██████▉   | 1396/2000 [17:49<07:38,  1.32it/s]                                                                                       Best trial: 868. Best value: 0.384:  70%|██████▉   | 1396/2000 [17:49<07:38,  1.32it/s]Best trial: 868. Best value: 0.384:  70%|██████▉   | 1396/2000 [17:49<07:38,  1.32it/s]Best trial: 868. Best value: 0.384:  70%|██████▉   | 1397/2000 [17:49<07:45,  1.30it/s]                                                                                       Best trial: 868. Best value: 0.384:  70%|██████▉   | 1397/2000 [17:50<07:45,  1.30it/s]Best trial: 868. Best value: 0.384:  70%|██████▉   | 1397/2000 [17:50<07:45,  1.30it/s]Best trial: 868. Best value: 0.384:  70%|██████▉   | 1398/2000 [17:50<07:44,  1.29it/s]                                                                                       Best trial: 868. Best value: 0.384:  70%|██████▉   | 1398/2000 [17:51<07:44,  1.29it/s]Best trial: 868. Best value: 0.384:  70%|██████▉   | 1398/2000 [17:51<07:44,  1.29it/s]Best trial: 868. Best value: 0.384:  70%|██████▉   | 1399/2000 [17:51<07:37,  1.31it/s]                                                                                       Best trial: 868. Best value: 0.384:  70%|██████▉   | 1399/2000 [17:52<07:37,  1.31it/s]Best trial: 868. Best value: 0.384:  70%|██████▉   | 1399/2000 [17:52<07:37,  1.31it/s]Best trial: 868. Best value: 0.384:  70%|███████   | 1400/2000 [17:52<07:36,  1.32it/s]                                                                                       
Trial 1367: ACCEPT (degrade 0.0%) - Eval: -0.068%, Val: 0.111%
