[I 2025-10-25 04:50:46,406] Trial 1777 finished with value: -0.016 and parameters: {'w_boll': 0.2578908100175988, 'w_rsi': 0.5160149710630265, 'w_mom': 1.50925584278953, 'w_vwap': 1.01162391434201, 'w_orb': 1.9625525991015025, 'w_ofi': 1.896933105242744, 'w_vol': 1.9243649462339074, 'win_boll': 15, 'win_rsi': 8, 'win_mom': 5, 'win_vwap': 36, 'orb_opening_bars': 31, 'vol_window': 21}. Best is trial 868 with value: 0.384.
Trial 1778: REJECT (overfit 27.2%) - Eval: 0.298%, Val: 0.217%
[I 2025-10-25 04:50:47,171] Trial 1778 finished with value: -999.0 and parameters: {'w_boll': 0.2037125137671166, 'w_rsi': 0.43332033574625173, 'w_mom': 0.8411386933732448, 'w_vwap': 1.0009635555866372, 'w_orb': 1.6478088193106977, 'w_ofi': 1.9337302177081295, 'w_vol': 1.7440229973745107, 'win_boll': 18, 'win_rsi': 7, 'win_mom': 5, 'win_vwap': 29, 'orb_opening_bars': 29, 'vol_window': 11}. Best is trial 868 with value: 0.384.
Trial 1779: ACCEPT (degrade 0.0%) - Eval: -0.230%, Val: 0.328%
[I 2025-10-25 04:50:47,906] Trial 1779 finished with value: -0.23000000000000004 and parameters: {'w_boll': 0.1900816190614832, 'w_rsi': 0.4201953617406528, 'w_mom': 1.0377626734296364, 'w_vwap': 1.0533860019610546, 'w_orb': 1.9431441681629713, 'w_ofi': 1.9692087132487794, 'w_vol': 1.0628943483840603, 'win_boll': 19, 'win_rsi': 8, 'win_mom': 5, 'win_vwap': 49, 'orb_opening_bars': 28, 'vol_window': 18}. Best is trial 868 with value: 0.384.
Trial 1780: ACCEPT (degrade 0.0%) - Eval: -0.090%, Val: 0.220%
[I 2025-10-25 04:50:48,699] Trial 1780 finished with value: -0.09000000000000001 and parameters: {'w_boll': 0.22707777358684966, 'w_rsi': 0.41847972434054226, 'w_mom': 1.0051094513737493, 'w_vwap': 0.9553756846200167, 'w_orb': 1.9130409113809905, 'w_ofi': 1.8926292268852223, 'w_vol': 1.9166333716928983, 'win_boll': 17, 'win_rsi': 9, 'win_mom': 5, 'win_vwap': 40, 'orb_opening_bars': 30, 'vol_window': 10}. Best is trial 868 with value: 0.384.
Trial 1781: ACCEPT (degrade 0.0%) - Eval: -0.076%, Val: 0.131%
[I 2025-10-25 04:50:49,458] Trial 1781 finished with value: -0.07600000000000001 and parameters: {'w_boll': 0.239291520780871, 'w_rsi': 0.49059160601354457, 'w_mom': 1.9193864248899675, 'w_vwap': 1.0306271927940105, 'w_orb': 1.8598953716610451, 'w_ofi': 1.9474832266504665, 'w_vol': 1.9076029580714045, 'win_boll': 16, 'win_rsi': 17, 'win_mom': 5, 'win_vwap': 38, 'orb_opening_bars': 32, 'vol_window': 11}. Best is trial 868 with value: 0.384.
Trial 1782: ACCEPT (degrade 4.2%) - Eval: 0.216%, Val: 0.207%
[I 2025-10-25 04:50:50,223] Trial 1782 finished with value: 0.21600000000000003 and parameters: {'w_boll': 0.1931693827209356, 'w_rsi': 0.4608476885744646, 'w_mom': 1.0974264921755044, 'w_vwap': 0.9823151776761232, 'w_orb': 1.9652824846764705, 'w_ofi': 1.9184253005820375, 'w_vol': 1.9426255330408322, 'win_boll': 18, 'win_rsi': 7, 'win_mom': 5, 'win_vwap': 39, 'orb_opening_bars': 28, 'vol_window': 11}. Best is trial 868 with value: 0.384.
Trial 1783: ACCEPT (degrade -47.7%) - Eval: 0.220%, Val: 0.325%
[I 2025-10-25 04:50:50,957] Trial 1783 finished with value: 0.22000000000000003 and parameters: {'w_boll': 0.2532540268965568, 'w_rsi': 0.40895922649130306, 'w_mom': 1.1297372664526721, 'w_vwap': 0.9817675709172597, 'w_orb': 1.8901928377422013, 'w_ofi': 1.9095585219031244, 'w_vol': 1.896674628677578, 'win_boll': 17, 'win_rsi': 7, 'win_mom': 5, 'win_vwap': 27, 'orb_opening_bars': 31, 'vol_window': 10}. Best is trial 868 with value: 0.384.
Trial 1784: REJECT (overfit 24.0%) - Eval: 0.104%, Val: 0.079%
[I 2025-10-25 04:50:51,755] Trial 1784 finished with value: -999.0 and parameters: {'w_boll': 0.158925722282185, 'w_rsi': 0.46106210153226523, 'w_mom': 0.6420034237485917, 'w_vwap': 1.0668015664246335, 'w_orb': 1.932248853709247, 'w_ofi': 1.9600945095233788, 'w_vol': 1.7475099364376254, 'win_boll': 17, 'win_rsi': 7, 'win_mom': 5, 'win_vwap': 17, 'orb_opening_bars': 33, 'vol_window': 11}. Best is trial 868 with value: 0.384.
Trial 1785: ACCEPT (degrade 0.0%) - Eval: -0.296%, Val: 0.221%
[I 2025-10-25 04:50:52,524] Trial 1785 finished with value: -0.296 and parameters: {'w_boll': 0.22426267617811, 'w_rsi': 0.4023269637032245, 'w_mom': 0.6782566446881602, 'w_vwap': 0.906344615198143, 'w_orb': 1.837845470214666, 'w_ofi': 1.9986214894029446, 'w_vol': 1.9458848778919102, 'win_boll': 16, 'win_rsi': 21, 'win_mom': 15, 'win_vwap': 42, 'orb_opening_bars': 27, 'vol_window': 10}. Best is trial 868 with value: 0.384.
Trial 1786: ACCEPT (degrade -100.0%) - Eval: 0.098%, Val: 0.196%
[I 2025-10-25 04:50:53,279] Trial 1786 finished with value: 0.098 and parameters: {'w_boll': 0.2737941795733587, 'w_rsi': 0.5168240320395792, 'w_mom': 1.5543133570423309, 'w_vwap': 0.9680254625020591, 'w_orb': 1.9990396925364877, 'w_ofi': 1.9662745187986448, 'w_vol': 0.6507372898743016, 'win_boll': 16, 'win_rsi': 13, 'win_mom': 5, 'win_vwap': 28, 'orb_opening_bars': 13, 'vol_window': 11}. Best is trial 868 with value: 0.384.
Trial 1787: ACCEPT (degrade -6925.0%) - Eval: 0.008%, Val: 0.562%
[I 2025-10-25 04:50:54,019] Trial 1787 finished with value: 0.007999999999999997 and parameters: {'w_boll': 0.20712450609166133, 'w_rsi': 0.4455594546278882, 'w_mom': 0.8112364893153896, 'w_vwap': 0.940377732225978, 'w_orb': 1.9018421105770353, 'w_ofi': 1.8949764731888215, 'w_vol': 1.6755929775524137, 'win_boll': 18, 'win_rsi': 8, 'win_mom': 5, 'win_vwap': 44, 'orb_opening_bars': 29, 'vol_window': 12}. Best is trial 868 with value: 0.384.
Trial 1788: ACCEPT (degrade -156.6%) - Eval: 0.122%, Val: 0.313%
[I 2025-10-25 04:50:54,810] Trial 1788 finished with value: 0.12199999999999997 and parameters: {'w_boll': 0.24191774448432, 'w_rsi': 0.4918032957329617, 'w_mom': 1.610051255351225, 'w_vwap': 0.9065830912087958, 'w_orb': 1.9626925486889708, 'w_ofi': 1.9631539305593446, 'w_vol': 1.8791657112692508, 'win_boll': 16, 'win_rsi': 7, 'win_mom': 5, 'win_vwap': 16, 'orb_opening_bars': 32, 'vol_window': 22}. Best is trial 868 with value: 0.384.
Trial 1789: ACCEPT (degrade 0.0%) - Eval: -0.200%, Val: 0.205%
[I 2025-10-25 04:50:55,579] Trial 1789 finished with value: -0.19999999999999998 and parameters: {'w_boll': 0.2726325489548233, 'w_rsi': 0.3787161560636373, 'w_mom': 1.1785777767248535, 'w_vwap': 1.0396637235738444, 'w_orb': 1.7962728780929063, 'w_ofi': 1.9256088524943575, 'w_vol': 1.8501214354336546, 'win_boll': 16, 'win_rsi': 8, 'win_mom': 5, 'win_vwap': 25, 'orb_opening_bars': 31, 'vol_window': 11}. Best is trial 868 with value: 0.384.
Trial 1790: ACCEPT (degrade 0.0%) - Eval: -0.126%, Val: 0.063%
[I 2025-10-25 04:50:56,351] Trial 1790 finished with value: -0.12599999999999997 and parameters: {'w_boll': 0.14770714575383978, 'w_rsi': 0.4102160630527622, 'w_mom': 1.420415804365701, 'w_vwap': 1.005416768659195, 'w_orb': 1.8685176665332655, 'w_ofi': 1.8862513286136966, 'w_vol': 1.8038111735566713, 'win_boll': 17, 'win_rsi': 7, 'win_mom': 5, 'win_vwap': 41, 'orb_opening_bars': 20, 'vol_window': 10}. Best is trial 868 with value: 0.384.
Trial 1791: ACCEPT (degrade -272.2%) - Eval: 0.108%, Val: 0.402%
[I 2025-10-25 04:50:57,111] Trial 1791 finished with value: 0.10800000000000001 and parameters: {'w_boll': 0.2616326847003921, 'w_rsi': 0.4549345675865521, 'w_mom': 1.457444268794053, 'w_vwap': 0.8918192139618529, 'w_orb': 1.7052591805740513, 'w_ofi': 0.7768935490189305, 'w_vol': 1.6264787510273484, 'win_boll': 16, 'win_rsi': 7, 'win_mom': 5, 'win_vwap': 44, 'orb_opening_bars': 41, 'vol_window': 12}. Best is trial 868 with value: 0.384.Best trial: 868. Best value: 0.384:  90%|█████████ | 1808/2000 [23:06<02:27,  1.30it/s]Best trial: 868. Best value: 0.384:  90%|█████████ | 1808/2000 [23:06<02:27,  1.30it/s]Best trial: 868. Best value: 0.384:  90%|█████████ | 1809/2000 [23:06<02:27,  1.29it/s]                                                                                       Best trial: 868. Best value: 0.384:  90%|█████████ | 1809/2000 [23:07<02:27,  1.29it/s]Best trial: 868. Best value: 0.384:  90%|█████████ | 1809/2000 [23:07<02:27,  1.29it/s]Best trial: 868. Best value: 0.384:  90%|█████████ | 1810/2000 [23:07<02:24,  1.32it/s]                                                                                       Best trial: 868. Best value: 0.384:  90%|█████████ | 1810/2000 [23:08<02:24,  1.32it/s]Best trial: 868. Best value: 0.384:  90%|█████████ | 1810/2000 [23:08<02:24,  1.32it/s]Best trial: 868. Best value: 0.384:  91%|█████████ | 1811/2000 [23:08<02:24,  1.31it/s]                                                                                       Best trial: 868. Best value: 0.384:  91%|█████████ | 1811/2000 [23:09<02:24,  1.31it/s]Best trial: 868. Best value: 0.384:  91%|█████████ | 1811/2000 [23:09<02:24,  1.31it/s]Best trial: 868. Best value: 0.384:  91%|█████████ | 1812/2000 [23:09<02:22,  1.31it/s]                                                                                       Best trial: 868. Best value: 0.384:  91%|█████████ | 1812/2000 [23:09<02:22,  1.31it/s]Best trial: 868. Best value: 0.384:  91%|█████████ | 1812/2000 [23:09<02:22,  1.31it/s]Best trial: 868. Best value: 0.384:  91%|█████████ | 1813/2000 [23:09<02:23,  1.30it/s]                                                                                       Best trial: 868. Best value: 0.384:  91%|█████████ | 1813/2000 [23:10<02:23,  1.30it/s]Best trial: 868. Best value: 0.384:  91%|█████████ | 1813/2000 [23:10<02:23,  1.30it/s]Best trial: 868. Best value: 0.384:  91%|█████████ | 1814/2000 [23:10<02:21,  1.31it/s]                                                                                       Best trial: 868. Best value: 0.384:  91%|█████████ | 1814/2000 [23:11<02:21,  1.31it/s]Best trial: 868. Best value: 0.384:  91%|█████████ | 1814/2000 [23:11<02:21,  1.31it/s]Best trial: 868. Best value: 0.384:  91%|█████████ | 1815/2000 [23:11<02:20,  1.31it/s]                                                                                       Best trial: 868. Best value: 0.384:  91%|█████████ | 1815/2000 [23:12<02:20,  1.31it/s]Best trial: 868. Best value: 0.384:  91%|█████████ | 1815/2000 [23:12<02:20,  1.31it/s]Best trial: 868. Best value: 0.384:  91%|█████████ | 1816/2000 [23:12<02:20,  1.31it/s]                                                                                       Best trial: 868. Best value: 0.384:  91%|█████████ | 1816/2000 [23:12<02:20,  1.31it/s]Best trial: 868. Best value: 0.384:  91%|█████████ | 1816/2000 [23:12<02:20,  1.31it/s]Best trial: 868. Best value: 0.384:  91%|█████████ | 1817/2000 [23:12<02:20,  1.30it/s]                                                                                       Best trial: 868. Best value: 0.384:  91%|█████████ | 1817/2000 [23:13<02:20,  1.30it/s]Best trial: 868. Best value: 0.384:  91%|█████████ | 1817/2000 [23:13<02:20,  1.30it/s]Best trial: 868. Best value: 0.384:  91%|█████████ | 1818/2000 [23:13<02:18,  1.32it/s]                                                                                       Best trial: 868. Best value: 0.384:  91%|█████████ | 1818/2000 [23:14<02:18,  1.32it/s]Best trial: 868. Best value: 0.384:  91%|█████████ | 1818/2000 [23:14<02:18,  1.32it/s]Best trial: 868. Best value: 0.384:  91%|█████████ | 1819/2000 [23:14<02:17,  1.32it/s]                                                                                       Best trial: 868. Best value: 0.384:  91%|█████████ | 1819/2000 [23:15<02:17,  1.32it/s]Best trial: 868. Best value: 0.384:  91%|█████████ | 1819/2000 [23:15<02:17,  1.32it/s]Best trial: 868. Best value: 0.384:  91%|█████████ | 1820/2000 [23:15<02:16,  1.32it/s]                                                                                       Best trial: 868. Best value: 0.384:  91%|█████████ | 1820/2000 [23:16<02:16,  1.32it/s]Best trial: 868. Best value: 0.384:  91%|█████████ | 1820/2000 [23:16<02:16,  1.32it/s]Best trial: 868. Best value: 0.384:  91%|█████████ | 1821/2000 [23:16<02:18,  1.30it/s]                                                                                       Best trial: 868. Best value: 0.384:  91%|█████████ | 1821/2000 [23:16<02:18,  1.30it/s]Best trial: 868. Best value: 0.384:  91%|█████████ | 1821/2000 [23:16<02:18,  1.30it/s]Best trial: 868. Best value: 0.384:  91%|█████████ | 1822/2000 [23:16<02:16,  1.30it/s]                                                                                       Best trial: 868. Best value: 0.384:  91%|█████████ | 1822/2000 [23:17<02:16,  1.30it/s]Best trial: 868. Best value: 0.384:  91%|█████████ | 1822/2000 [23:17<02:16,  1.30it/s]Best trial: 868. Best value: 0.384:  91%|█████████ | 1823/2000 [23:17<02:14,  1.31it/s]                                                                                       Best trial: 868. Best value: 0.384:  91%|█████████ | 1823/2000 [23:18<02:14,  1.31it/s]Best trial: 868. Best value: 0.384:  91%|█████████ | 1823/2000 [23:18<02:14,  1.31it/s]Best trial: 868. Best value: 0.384:  91%|█████████ | 1824/2000 [23:18<02:13,  1.32it/s]                                                                                       Best trial: 868. Best value: 0.384:  91%|█████████ | 1824/2000 [23:19<02:13,  1.32it/s]Best trial: 868. Best value: 0.384:  91%|█████████ | 1824/2000 [23:19<02:13,  1.32it/s]Best trial: 868. Best value: 0.384:  91%|█████████▏| 1825/2000 [23:19<02:15,  1.29it/s]                                                                                       
Trial 1792: ACCEPT (degrade -5.2%) - Eval: 0.252%, Val: 0.265%
[I 2025-10-25 04:50:57,850] Trial 1792 finished with value: 0.252 and parameters: {'w_boll': 0.12948686666625286, 'w_rsi': 0.5421181465500792, 'w_mom': 1.312868704626071, 'w_vwap': 0.9242430424845605, 'w_orb': 1.9309341156879438, 'w_ofi': 1.0334144536201098, 'w_vol': 1.922086980265725, 'win_boll': 15, 'win_rsi': 7, 'win_mom': 5, 'win_vwap': 37, 'orb_opening_bars': 35, 'vol_window': 11}. Best is trial 868 with value: 0.384.
Trial 1793: ACCEPT (degrade 0.0%) - Eval: -0.192%, Val: 0.249%
[I 2025-10-25 04:50:58,644] Trial 1793 finished with value: -0.192 and parameters: {'w_boll': 0.953242513078129, 'w_rsi': 0.3912736964009125, 'w_mom': 1.3722379707450185, 'w_vwap': 1.0430272338358575, 'w_orb': 1.9687559619420214, 'w_ofi': 1.9335449422974558, 'w_vol': 1.8728266913302691, 'win_boll': 19, 'win_rsi': 8, 'win_mom': 5, 'win_vwap': 35, 'orb_opening_bars': 30, 'vol_window': 11}. Best is trial 868 with value: 0.384.
Trial 1794: ACCEPT (degrade -52.3%) - Eval: 0.086%, Val: 0.131%
[I 2025-10-25 04:50:59,405] Trial 1794 finished with value: 0.08600000000000001 and parameters: {'w_boll': 0.2913709721128678, 'w_rsi': 0.4264287722987347, 'w_mom': 1.2884695433846267, 'w_vwap': 1.1133094611427605, 'w_orb': 1.8272801499416522, 'w_ofi': 1.9689234541960299, 'w_vol': 1.192531373271657, 'win_boll': 18, 'win_rsi': 7, 'win_mom': 4, 'win_vwap': 37, 'orb_opening_bars': 37, 'vol_window': 12}. Best is trial 868 with value: 0.384.
Trial 1795: REJECT (overfit 34.3%) - Eval: 0.254%, Val: 0.167%
[I 2025-10-25 04:51:00,277] Trial 1795 finished with value: -999.0 and parameters: {'w_boll': 0.231336313615528, 'w_rsi': 0.4954034864867249, 'w_mom': 1.1956793244711195, 'w_vwap': 0.9736048272595167, 'w_orb': 1.893929416865629, 'w_ofi': 1.5429354070033674, 'w_vol': 1.7648311068388454, 'win_boll': 16, 'win_rsi': 7, 'win_mom': 5, 'win_vwap': 37, 'orb_opening_bars': 30, 'vol_window': 10}. Best is trial 868 with value: 0.384.
Trial 1796: ACCEPT (degrade 0.0%) - Eval: -0.140%, Val: 0.162%
[I 2025-10-25 04:51:01,010] Trial 1796 finished with value: -0.13999999999999999 and parameters: {'w_boll': 0.1914844213984826, 'w_rsi': 0.38481915843193504, 'w_mom': 1.3968404990359913, 'w_vwap': 0.8828564051533191, 'w_orb': 1.754890739444529, 'w_ofi': 1.9977183935310645, 'w_vol': 1.9499508975297044, 'win_boll': 15, 'win_rsi': 9, 'win_mom': 4, 'win_vwap': 27, 'orb_opening_bars': 50, 'vol_window': 11}. Best is trial 868 with value: 0.384.
Trial 1797: ACCEPT (degrade 0.0%) - Eval: -0.052%, Val: 0.203%
[I 2025-10-25 04:51:01,779] Trial 1797 finished with value: -0.052000000000000005 and parameters: {'w_boll': 0.28040343038106513, 'w_rsi': 0.3653371284171594, 'w_mom': 0.9729003744574654, 'w_vwap': 0.9373515352565235, 'w_orb': 1.9346583896999698, 'w_ofi': 1.9438718408359845, 'w_vol': 0.9164045819986925, 'win_boll': 15, 'win_rsi': 7, 'win_mom': 5, 'win_vwap': 47, 'orb_opening_bars': 32, 'vol_window': 12}. Best is trial 868 with value: 0.384.
Trial 1798: ACCEPT (degrade -375.0%) - Eval: 0.032%, Val: 0.152%
[I 2025-10-25 04:51:02,538] Trial 1798 finished with value: 0.032 and parameters: {'w_boll': 0.29852168928186196, 'w_rsi': 0.42828676001203764, 'w_mom': 1.238940738289289, 'w_vwap': 0.9474941424111645, 'w_orb': 1.8609016787383403, 'w_ofi': 0.6600934884383448, 'w_vol': 1.8316424550854755, 'win_boll': 18, 'win_rsi': 8, 'win_mom': 8, 'win_vwap': 36, 'orb_opening_bars': 50, 'vol_window': 10}. Best is trial 868 with value: 0.384.
Trial 1799: ACCEPT (degrade -24.7%) - Eval: 0.146%, Val: 0.182%
[I 2025-10-25 04:51:03,309] Trial 1799 finished with value: 0.146 and parameters: {'w_boll': 0.22732302533743245, 'w_rsi': 0.4906081900818108, 'w_mom': 1.485497081720901, 'w_vwap': 0.8480854336195499, 'w_orb': 1.9674264041786107, 'w_ofi': 1.8719428905003406, 'w_vol': 1.9070495103862615, 'win_boll': 16, 'win_rsi': 7, 'win_mom': 4, 'win_vwap': 42, 'orb_opening_bars': 28, 'vol_window': 13}. Best is trial 868 with value: 0.384.
Trial 1800: ACCEPT (degrade 0.0%) - Eval: -0.086%, Val: 0.405%
[I 2025-10-25 04:51:04,095] Trial 1800 finished with value: -0.086 and parameters: {'w_boll': 0.25629780370523403, 'w_rsi': 0.46135477853159473, 'w_mom': 0.8902986282022534, 'w_vwap': 0.9367373139163347, 'w_orb': 1.9991474474241404, 'w_ofi': 1.9141134555684316, 'w_vol': 0.8140159794607613, 'win_boll': 17, 'win_rsi': 8, 'win_mom': 4, 'win_vwap': 40, 'orb_opening_bars': 29, 'vol_window': 12}. Best is trial 868 with value: 0.384.
Trial 1801: ACCEPT (degrade -3.4%) - Eval: 0.118%, Val: 0.122%
[I 2025-10-25 04:51:04,837] Trial 1801 finished with value: 0.118 and parameters: {'w_boll': 0.3121449749508606, 'w_rsi': 0.38573744985885, 'w_mom': 0.10109308735594837, 'w_vwap': 0.888361985695483, 'w_orb': 1.2076184248412738, 'w_ofi': 1.960130603224945, 'w_vol': 1.7832480818098695, 'win_boll': 15, 'win_rsi': 6, 'win_mom': 9, 'win_vwap': 27, 'orb_opening_bars': 39, 'vol_window': 10}. Best is trial 868 with value: 0.384.
Trial 1802: ACCEPT (degrade -130.8%) - Eval: 0.078%, Val: 0.180%
[I 2025-10-25 04:51:05,595] Trial 1802 finished with value: 0.07800000000000003 and parameters: {'w_boll': 0.18142427389644697, 'w_rsi': 0.35133400471464693, 'w_mom': 1.3360723231402938, 'w_vwap': 1.5672534349460858, 'w_orb': 1.9134129613883228, 'w_ofi': 0.7472864958976906, 'w_vol': 1.721545652645993, 'win_boll': 16, 'win_rsi': 7, 'win_mom': 5, 'win_vwap': 41, 'orb_opening_bars': 34, 'vol_window': 11}. Best is trial 868 with value: 0.384.
Trial 1803: ACCEPT (degrade -207.6%) - Eval: 0.092%, Val: 0.283%
[I 2025-10-25 04:51:06,351] Trial 1803 finished with value: 0.092 and parameters: {'w_boll': 0.28597010521947774, 'w_rsi': 0.545861779975842, 'w_mom': 1.2685771333421367, 'w_vwap': 0.8154629478850797, 'w_orb': 1.8157069532620107, 'w_ofi': 0.6850550509427098, 'w_vol': 1.860992893474406, 'win_boll': 15, 'win_rsi': 6, 'win_mom': 4, 'win_vwap': 46, 'orb_opening_bars': 38, 'vol_window': 11}. Best is trial 868 with value: 0.384.
Trial 1804: ACCEPT (degrade -20.2%) - Eval: 0.376%, Val: 0.452%
[I 2025-10-25 04:51:07,139] Trial 1804 finished with value: 0.376 and parameters: {'w_boll': 0.22021449594951803, 'w_rsi': 0.44844314614889424, 'w_mom': 1.3530022877014714, 'w_vwap': 0.8673859726621809, 'w_orb': 1.8779846007754821, 'w_ofi': 1.9013335516252456, 'w_vol': 0.9655203692827488, 'win_boll': 20, 'win_rsi': 6, 'win_mom': 5, 'win_vwap': 28, 'orb_opening_bars': 27, 'vol_window': 13}. Best is trial 868 with value: 0.384.
Trial 1805: ACCEPT (degrade -3900.0%) - Eval: 0.010%, Val: 0.400%
[I 2025-10-25 04:51:07,909] Trial 1805 finished with value: 0.009999999999999986 and parameters: {'w_boll': 0.1625665101612291, 'w_rsi': 0.42386224545920936, 'w_mom': 1.4278784134331806, 'w_vwap': 0.8942018270560981, 'w_orb': 1.7960035510750385, 'w_ofi': 1.8552306750649565, 'w_vol': 1.0086162875121025, 'win_boll': 22, 'win_rsi': 7, 'win_mom': 5, 'win_vwap': 24, 'orb_opening_bars': 28, 'vol_window': 15}. Best is trial 868 with value: 0.384.
Trial 1806: ACCEPT (degrade 0.0%) - Eval: -0.128%, Val: 0.423%
[I 2025-10-25 04:51:08,691] Trial 1806 finished with value: -0.128 and parameters: {'w_boll': 0.1225402309929855, 'w_rsi': 0.4045949794037276, 'w_mom': 1.3689502022828024, 'w_vwap': 0.9257845634678807, 'w_orb': 1.834868968001158, 'w_ofi': 1.8190424896469541, 'w_vol': 0.9396673194809912, 'win_boll': 19, 'win_rsi': 6, 'win_mom': 5, 'win_vwap': 28, 'orb_opening_bars': 28, 'vol_window': 16}. Best is trial 868 with value: 0.384.
Trial 1807: ACCEPT (degrade 0.0%) - Eval: -0.254%, Val: 0.321%
[I 2025-10-25 04:51:09,453] Trial 1807 finished with value: -0.254 and parameters: {'w_boll': 0.18177557750526685, 'w_rsi': 0.410951035315659, 'w_mom': 0.17308168364242937, 'w_vwap': 0.9318204504228651, 'w_orb': 1.7554384209320075, 'w_ofi': 1.8687332150505447, 'w_vol': 0.954980955660932, 'win_boll': 23, 'win_rsi': 29, 'win_mom': 5, 'win_vwap': 28, 'orb_opening_bars': 27, 'vol_window': 13}. Best is trial 868 with value: 0.384.
Trial 1808: ACCEPT (degrade -86.5%) - Eval: 0.230%, Val: 0.429%
