[I 2025-10-25 04:28:53,740] Trial 64 finished with value: -0.012 and parameters: {'w_boll': 1.790372804978432, 'w_rsi': 1.7008128995228144, 'w_mom': 1.5374586260750611, 'w_vwap': 1.9078273225125428, 'w_orb': 1.1428010235286463, 'w_ofi': 1.7277704184463247, 'w_vol': 1.9124930822799728, 'win_boll': 24, 'win_rsi': 8, 'win_mom': 7, 'win_vwap': 12, 'orb_opening_bars': 49, 'vol_window': 23}. Best is trial 31 with value: 0.11199999999999999.
Trial 65: ACCEPT (degrade 0.0%) - Eval: -0.060%, Val: 0.295%Best trial: 31. Best value: 0.112:   4%|▍         | 81/2000 [01:03<25:19,  1.26it/s]Best trial: 31. Best value: 0.112:   4%|▍         | 81/2000 [01:03<25:19,  1.26it/s]Best trial: 31. Best value: 0.112:   4%|▍         | 82/2000 [01:03<24:59,  1.28it/s]                                                                                    Best trial: 31. Best value: 0.112:   4%|▍         | 82/2000 [01:04<24:59,  1.28it/s]Best trial: 31. Best value: 0.112:   4%|▍         | 82/2000 [01:04<24:59,  1.28it/s]Best trial: 31. Best value: 0.112:   4%|▍         | 83/2000 [01:04<24:46,  1.29it/s]                                                                                    Best trial: 31. Best value: 0.112:   4%|▍         | 83/2000 [01:05<24:46,  1.29it/s]Best trial: 31. Best value: 0.112:   4%|▍         | 83/2000 [01:05<24:46,  1.29it/s]Best trial: 31. Best value: 0.112:   4%|▍         | 84/2000 [01:05<24:40,  1.29it/s]                                                                                    Best trial: 31. Best value: 0.112:   4%|▍         | 84/2000 [01:05<24:40,  1.29it/s]Best trial: 31. Best value: 0.112:   4%|▍         | 84/2000 [01:05<24:40,  1.29it/s]Best trial: 31. Best value: 0.112:   4%|▍         | 85/2000 [01:05<24:49,  1.29it/s]                                                                                    Best trial: 31. Best value: 0.112:   4%|▍         | 85/2000 [01:06<24:49,  1.29it/s]Best trial: 31. Best value: 0.112:   4%|▍         | 85/2000 [01:06<24:49,  1.29it/s]Best trial: 31. Best value: 0.112:   4%|▍         | 86/2000 [01:06<24:42,  1.29it/s]                                                                                    Best trial: 31. Best value: 0.112:   4%|▍         | 86/2000 [01:07<24:42,  1.29it/s]Best trial: 31. Best value: 0.112:   4%|▍         | 86/2000 [01:07<24:42,  1.29it/s]Best trial: 31. Best value: 0.112:   4%|▍         | 87/2000 [01:07<24:26,  1.30it/s]                                                                                    Best trial: 31. Best value: 0.112:   4%|▍         | 87/2000 [01:08<24:26,  1.30it/s]Best trial: 31. Best value: 0.112:   4%|▍         | 87/2000 [01:08<24:26,  1.30it/s]Best trial: 31. Best value: 0.112:   4%|▍         | 88/2000 [01:08<24:51,  1.28it/s]                                                                                    Best trial: 31. Best value: 0.112:   4%|▍         | 88/2000 [01:09<24:51,  1.28it/s]Best trial: 31. Best value: 0.112:   4%|▍         | 88/2000 [01:09<24:51,  1.28it/s]Best trial: 31. Best value: 0.112:   4%|▍         | 89/2000 [01:09<24:57,  1.28it/s]                                                                                    Best trial: 31. Best value: 0.112:   4%|▍         | 89/2000 [01:09<24:57,  1.28it/s]Best trial: 31. Best value: 0.112:   4%|▍         | 89/2000 [01:09<24:57,  1.28it/s]Best trial: 31. Best value: 0.112:   4%|▍         | 90/2000 [01:09<24:44,  1.29it/s]                                                                                    Best trial: 31. Best value: 0.112:   4%|▍         | 90/2000 [01:10<24:44,  1.29it/s]Best trial: 31. Best value: 0.112:   4%|▍         | 90/2000 [01:10<24:44,  1.29it/s]Best trial: 31. Best value: 0.112:   5%|▍         | 91/2000 [01:10<24:22,  1.31it/s]                                                                                    Best trial: 31. Best value: 0.112:   5%|▍         | 91/2000 [01:11<24:22,  1.31it/s]Best trial: 91. Best value: 0.118:   5%|▍         | 91/2000 [01:11<24:22,  1.31it/s]Best trial: 91. Best value: 0.118:   5%|▍         | 92/2000 [01:11<24:22,  1.30it/s]                                                                                    Best trial: 91. Best value: 0.118:   5%|▍         | 92/2000 [01:12<24:22,  1.30it/s]Best trial: 91. Best value: 0.118:   5%|▍         | 92/2000 [01:12<24:22,  1.30it/s]Best trial: 91. Best value: 0.118:   5%|▍         | 93/2000 [01:12<24:37,  1.29it/s]                                                                                    Best trial: 91. Best value: 0.118:   5%|▍         | 93/2000 [01:12<24:37,  1.29it/s]Best trial: 91. Best value: 0.118:   5%|▍         | 93/2000 [01:12<24:37,  1.29it/s]Best trial: 91. Best value: 0.118:   5%|▍         | 94/2000 [01:12<24:45,  1.28it/s]                                                                                    Best trial: 91. Best value: 0.118:   5%|▍         | 94/2000 [01:13<24:45,  1.28it/s]Best trial: 91. Best value: 0.118:   5%|▍         | 94/2000 [01:13<24:45,  1.28it/s]Best trial: 91. Best value: 0.118:   5%|▍         | 95/2000 [01:13<25:06,  1.26it/s]                                                                                    Best trial: 91. Best value: 0.118:   5%|▍         | 95/2000 [01:14<25:06,  1.26it/s]Best trial: 91. Best value: 0.118:   5%|▍         | 95/2000 [01:14<25:06,  1.26it/s]Best trial: 91. Best value: 0.118:   5%|▍         | 96/2000 [01:14<24:31,  1.29it/s]                                                                                    Best trial: 91. Best value: 0.118:   5%|▍         | 96/2000 [01:15<24:31,  1.29it/s]Best trial: 91. Best value: 0.118:   5%|▍         | 96/2000 [01:15<24:31,  1.29it/s]Best trial: 91. Best value: 0.118:   5%|▍         | 97/2000 [01:15<24:28,  1.30it/s]                                                                                    
[I 2025-10-25 04:28:54,523] Trial 65 finished with value: -0.06000000000000002 and parameters: {'w_boll': 0.16603895678678116, 'w_rsi': 0.6122852400065106, 'w_mom': 1.760816407058284, 'w_vwap': 1.5391658113606677, 'w_orb': 0.9971272780111777, 'w_ofi': 1.8738270281548335, 'w_vol': 1.418459096759248, 'win_boll': 33, 'win_rsi': 5, 'win_mom': 9, 'win_vwap': 11, 'orb_opening_bars': 46, 'vol_window': 13}. Best is trial 31 with value: 0.11199999999999999.
Trial 66: ACCEPT (degrade 0.0%) - Eval: -0.156%, Val: -0.027%
[I 2025-10-25 04:28:55,289] Trial 66 finished with value: -0.15599999999999997 and parameters: {'w_boll': 0.37755463677306356, 'w_rsi': 0.9171186353569563, 'w_mom': 1.8801034643877537, 'w_vwap': 1.7127534091146672, 'w_orb': 0.1325872427307626, 'w_ofi': 1.998031534038066, 'w_vol': 1.736049674185174, 'win_boll': 21, 'win_rsi': 7, 'win_mom': 5, 'win_vwap': 15, 'orb_opening_bars': 48, 'vol_window': 14}. Best is trial 31 with value: 0.11199999999999999.
Trial 67: ACCEPT (degrade 0.0%) - Eval: -0.210%, Val: 0.170%
[I 2025-10-25 04:28:56,035] Trial 67 finished with value: -0.20999999999999996 and parameters: {'w_boll': 0.16601935660574674, 'w_rsi': 0.986667628795101, 'w_mom': 0.7931774473080782, 'w_vwap': 0.9816097502565823, 'w_orb': 0.9206016082857749, 'w_ofi': 1.419513919660909, 'w_vol': 0.10182168816548798, 'win_boll': 31, 'win_rsi': 19, 'win_mom': 4, 'win_vwap': 13, 'orb_opening_bars': 37, 'vol_window': 26}. Best is trial 31 with value: 0.11199999999999999.
Trial 68: ACCEPT (degrade 0.0%) - Eval: -0.028%, Val: -0.024%
[I 2025-10-25 04:28:56,806] Trial 68 finished with value: -0.028000000000000025 and parameters: {'w_boll': 0.48291175880374926, 'w_rsi': 0.7663598956583463, 'w_mom': 0.8815487595153804, 'w_vwap': 0.7510929004417441, 'w_orb': 1.0603384243209586, 'w_ofi': 1.4948883608510677, 'w_vol': 1.878924994829824, 'win_boll': 19, 'win_rsi': 8, 'win_mom': 10, 'win_vwap': 10, 'orb_opening_bars': 44, 'vol_window': 45}. Best is trial 31 with value: 0.11199999999999999.
Trial 69: ACCEPT (degrade -383.3%) - Eval: 0.042%, Val: 0.203%
[I 2025-10-25 04:28:57,622] Trial 69 finished with value: 0.042 and parameters: {'w_boll': 0.3320321272026915, 'w_rsi': 0.1896758969554857, 'w_mom': 1.6377818828653252, 'w_vwap': 0.11780509175902698, 'w_orb': 1.361429423337111, 'w_ofi': 1.6653471364497396, 'w_vol': 1.6012883673270546, 'win_boll': 27, 'win_rsi': 9, 'win_mom': 13, 'win_vwap': 14, 'orb_opening_bars': 33, 'vol_window': 17}. Best is trial 31 with value: 0.11199999999999999.
Trial 70: ACCEPT (degrade 0.0%) - Eval: -0.084%, Val: 0.278%
[I 2025-10-25 04:28:58,387] Trial 70 finished with value: -0.084 and parameters: {'w_boll': 0.3187631838279625, 'w_rsi': 0.1754187198376998, 'w_mom': 1.6811724174383138, 'w_vwap': 0.3539337322639471, 'w_orb': 1.3593857113685444, 'w_ofi': 1.6693140904546897, 'w_vol': 1.606929589601369, 'win_boll': 27, 'win_rsi': 24, 'win_mom': 13, 'win_vwap': 16, 'orb_opening_bars': 33, 'vol_window': 17}. Best is trial 31 with value: 0.11199999999999999.
Trial 71: REJECT (overfit 0.0%) - Eval: -0.026%, Val: -0.035%
[I 2025-10-25 04:28:59,150] Trial 71 finished with value: -999.0 and parameters: {'w_boll': 0.2349853906224535, 'w_rsi': 0.26826485506494413, 'w_mom': 1.79444443910944, 'w_vwap': 0.20787984671074544, 'w_orb': 1.2041445634825783, 'w_ofi': 1.7391584824338837, 'w_vol': 1.9862065163617755, 'win_boll': 28, 'win_rsi': 9, 'win_mom': 12, 'win_vwap': 12, 'orb_opening_bars': 36, 'vol_window': 19}. Best is trial 31 with value: 0.11199999999999999.
Trial 72: ACCEPT (degrade 0.0%) - Eval: -0.172%, Val: 0.137%
[I 2025-10-25 04:29:00,001] Trial 72 finished with value: -0.172 and parameters: {'w_boll': 0.339798001288773, 'w_rsi': 0.37527996052351037, 'w_mom': 1.5760142371214967, 'w_vwap': 1.776550462019455, 'w_orb': 1.2739382002460116, 'w_ofi': 1.8232768219416169, 'w_vol': 1.3019868312328886, 'win_boll': 23, 'win_rsi': 7, 'win_mom': 14, 'win_vwap': 28, 'orb_opening_bars': 32, 'vol_window': 11}. Best is trial 31 with value: 0.11199999999999999.
Trial 73: ACCEPT (degrade 0.0%) - Eval: -0.178%, Val: 0.210%
[I 2025-10-25 04:29:00,754] Trial 73 finished with value: -0.178 and parameters: {'w_boll': 0.4088119041909195, 'w_rsi': 0.20544774722025783, 'w_mom': 1.827373096613922, 'w_vwap': 0.13265225616819276, 'w_orb': 1.337034357910148, 'w_ofi': 1.8906452260479947, 'w_vol': 1.801003306516289, 'win_boll': 26, 'win_rsi': 6, 'win_mom': 13, 'win_vwap': 14, 'orb_opening_bars': 50, 'vol_window': 15}. Best is trial 31 with value: 0.11199999999999999.
Trial 74: ACCEPT (degrade 0.0%) - Eval: -0.202%, Val: 0.207%
[I 2025-10-25 04:29:01,515] Trial 74 finished with value: -0.202 and parameters: {'w_boll': 0.2782274471275415, 'w_rsi': 0.476799440624015, 'w_mom': 0.16398547271615094, 'w_vwap': 0.5465932690206347, 'w_orb': 1.0909216304191522, 'w_ofi': 1.559094934862697, 'w_vol': 1.6157928518863254, 'win_boll': 29, 'win_rsi': 30, 'win_mom': 14, 'win_vwap': 11, 'orb_opening_bars': 29, 'vol_window': 20}. Best is trial 31 with value: 0.11199999999999999.
Trial 75: ACCEPT (degrade 0.0%) - Eval: -0.286%, Val: -0.022%
[I 2025-10-25 04:29:02,278] Trial 75 finished with value: -0.286 and parameters: {'w_boll': 0.14693835680955458, 'w_rsi': 1.407058559609717, 'w_mom': 1.4089512434824705, 'w_vwap': 0.2908179259608158, 'w_orb': 1.1613653150815775, 'w_ofi': 1.6522790399243883, 'w_vol': 1.108743240465132, 'win_boll': 24, 'win_rsi': 11, 'win_mom': 8, 'win_vwap': 13, 'orb_opening_bars': 42, 'vol_window': 22}. Best is trial 31 with value: 0.11199999999999999.
Trial 76: ACCEPT (degrade 0.0%) - Eval: -0.016%, Val: 0.026%
[I 2025-10-25 04:29:03,044] Trial 76 finished with value: -0.016000000000000014 and parameters: {'w_boll': 0.5083949697385874, 'w_rsi': 0.14292910778051462, 'w_mom': 1.5281209977951558, 'w_vwap': 0.6695883261716287, 'w_orb': 1.3973194864172174, 'w_ofi': 1.754256884943398, 'w_vol': 1.69663916671788, 'win_boll': 21, 'win_rsi': 9, 'win_mom': 4, 'win_vwap': 18, 'orb_opening_bars': 45, 'vol_window': 17}. Best is trial 31 with value: 0.11199999999999999.
Trial 77: ACCEPT (degrade 0.0%) - Eval: -0.064%, Val: 0.138%
[I 2025-10-25 04:29:03,837] Trial 77 finished with value: -0.06399999999999999 and parameters: {'w_boll': 0.9851261292809146, 'w_rsi': 0.33791075811069743, 'w_mom': 1.6890813608543993, 'w_vwap': 1.6147516887511217, 'w_orb': 1.5392000748878554, 'w_ofi': 1.9570140425114948, 'w_vol': 1.7733811034195506, 'win_boll': 45, 'win_rsi': 5, 'win_mom': 6, 'win_vwap': 15, 'orb_opening_bars': 34, 'vol_window': 11}. Best is trial 31 with value: 0.11199999999999999.
Trial 78: REJECT (overfit 88.2%) - Eval: 0.076%, Val: 0.009%
[I 2025-10-25 04:29:04,713] Trial 78 finished with value: -999.0 and parameters: {'w_boll': 0.20409723594565907, 'w_rsi': 0.2573538104676847, 'w_mom': 0.7052859404629352, 'w_vwap': 1.3929550652259493, 'w_orb': 1.2277270590136407, 'w_ofi': 1.8136862852851714, 'w_vol': 1.4337919447144647, 'win_boll': 31, 'win_rsi': 10, 'win_mom': 3, 'win_vwap': 10, 'orb_opening_bars': 40, 'vol_window': 13}. Best is trial 31 with value: 0.11199999999999999.
Trial 79: ACCEPT (degrade 0.0%) - Eval: -0.042%, Val: 0.261%
[I 2025-10-25 04:29:05,471] Trial 79 finished with value: -0.041999999999999996 and parameters: {'w_boll': 0.5857452433383556, 'w_rsi': 0.4649975927200883, 'w_mom': 0.9411276538705343, 'w_vwap': 1.0739680918642667, 'w_orb': 1.0162888759943713, 'w_ofi': 1.5269165420226698, 'w_vol': 0.7200297508278635, 'win_boll': 34, 'win_rsi': 7, 'win_mom': 7, 'win_vwap': 50, 'orb_opening_bars': 25, 'vol_window': 15}. Best is trial 31 with value: 0.11199999999999999.
Trial 80: ACCEPT (degrade -786.4%) - Eval: 0.022%, Val: 0.195%
[I 2025-10-25 04:29:06,261] Trial 80 finished with value: 0.022 and parameters: {'w_boll': 0.10340976855884548, 'w_rsi': 0.551618548039895, 'w_mom': 1.6085802911479914, 'w_vwap': 1.292965087329201, 'w_orb': 1.3138209675922343, 'w_ofi': 1.6011449358883463, 'w_vol': 0.6273187100324146, 'win_boll': 17, 'win_rsi': 6, 'win_mom': 12, 'win_vwap': 17, 'orb_opening_bars': 31, 'vol_window': 24}. Best is trial 31 with value: 0.11199999999999999.
Trial 81: ACCEPT (degrade 0.0%) - Eval: -0.122%, Val: 0.213%
[I 2025-10-25 04:29:07,019] Trial 81 finished with value: -0.12200000000000003 and parameters: {'w_boll': 0.22571225704871423, 'w_rsi': 0.6069024498638911, 'w_mom': 1.340221857471866, 'w_vwap': 1.8880601085576905, 'w_orb': 1.4176649859293498, 'w_ofi': 1.6715783704102383, 'w_vol': 1.5711463339317082, 'win_boll': 25, 'win_rsi': 8, 'win_mom': 5, 'win_vwap': 11, 'orb_opening_bars': 48, 'vol_window': 16}. Best is trial 31 with value: 0.11199999999999999.Best trial: 91. Best value: 0.118:   5%|▍         | 97/2000 [01:16<24:28,  1.30it/s]Best trial: 91. Best value: 0.118:   5%|▍         | 97/2000 [01:16<24:28,  1.30it/s]Best trial: 91. Best value: 0.118:   5%|▍         | 98/2000 [01:16<24:23,  1.30it/s]                                                                                    Best trial: 91. Best value: 0.118:   5%|▍         | 98/2000 [01:16<24:23,  1.30it/s]Best trial: 91. Best value: 0.118:   5%|▍         | 98/2000 [01:16<24:23,  1.30it/s]Best trial: 91. Best value: 0.118:   5%|▍         | 99/2000 [01:16<24:22,  1.30it/s]                                                                                    Best trial: 91. Best value: 0.118:   5%|▍         | 99/2000 [01:17<24:22,  1.30it/s]Best trial: 91. Best value: 0.118:   5%|▍         | 99/2000 [01:17<24:22,  1.30it/s]Best trial: 91. Best value: 0.118:   5%|▌         | 100/2000 [01:17<24:04,  1.32it/s]                                                                                     Best trial: 91. Best value: 0.118:   5%|▌         | 100/2000 [01:18<24:04,  1.32it/s]Best trial: 91. Best value: 0.118:   5%|▌         | 100/2000 [01:18<24:04,  1.32it/s]Best trial: 91. Best value: 0.118:   5%|▌         | 101/2000 [01:18<24:02,  1.32it/s]                                                                                     Best trial: 91. Best value: 0.118:   5%|▌         | 101/2000 [01:19<24:02,  1.32it/s]Best trial: 91. Best value: 0.118:   5%|▌         | 101/2000 [01:19<24:02,  1.32it/s]Best trial: 91. Best value: 0.118:   5%|▌         | 102/2000 [01:19<24:19,  1.30it/s]                                                                                     Best trial: 91. Best value: 0.118:   5%|▌         | 102/2000 [01:19<24:19,  1.30it/s]Best trial: 91. Best value: 0.118:   5%|▌         | 102/2000 [01:19<24:19,  1.30it/s]Best trial: 91. Best value: 0.118:   5%|▌         | 103/2000 [01:19<24:13,  1.30it/s]                                                                                     Best trial: 91. Best value: 0.118:   5%|▌         | 103/2000 [01:20<24:13,  1.30it/s]Best trial: 91. Best value: 0.118:   5%|▌         | 103/2000 [01:20<24:13,  1.30it/s]Best trial: 91. Best value: 0.118:   5%|▌         | 104/2000 [01:20<23:57,  1.32it/s]                                                                                     Best trial: 91. Best value: 0.118:   5%|▌         | 104/2000 [01:21<23:57,  1.32it/s]Best trial: 91. Best value: 0.118:   5%|▌         | 104/2000 [01:21<23:57,  1.32it/s]Best trial: 91. Best value: 0.118:   5%|▌         | 105/2000 [01:21<23:56,  1.32it/s]                                                                                     Best trial: 91. Best value: 0.118:   5%|▌         | 105/2000 [01:22<23:56,  1.32it/s]Best trial: 91. Best value: 0.118:   5%|▌         | 105/2000 [01:22<23:56,  1.32it/s]Best trial: 91. Best value: 0.118:   5%|▌         | 106/2000 [01:22<24:36,  1.28it/s]                                                                                     Best trial: 91. Best value: 0.118:   5%|▌         | 106/2000 [01:22<24:36,  1.28it/s]Best trial: 91. Best value: 0.118:   5%|▌         | 106/2000 [01:22<24:36,  1.28it/s]Best trial: 91. Best value: 0.118:   5%|▌         | 107/2000 [01:22<24:24,  1.29it/s]                                                                                     Best trial: 91. Best value: 0.118:   5%|▌         | 107/2000 [01:23<24:24,  1.29it/s]Best trial: 91. Best value: 0.118:   5%|▌         | 107/2000 [01:23<24:24,  1.29it/s]Best trial: 91. Best value: 0.118:   5%|▌         | 108/2000 [01:23<24:03,  1.31it/s]                                                                                     Best trial: 91. Best value: 0.118:   5%|▌         | 108/2000 [01:24<24:03,  1.31it/s]Best trial: 91. Best value: 0.118:   5%|▌         | 108/2000 [01:24<24:03,  1.31it/s]Best trial: 91. Best value: 0.118:   5%|▌         | 109/2000 [01:24<24:05,  1.31it/s]                                                                                     Best trial: 91. Best value: 0.118:   5%|▌         | 109/2000 [01:25<24:05,  1.31it/s]Best trial: 91. Best value: 0.118:   5%|▌         | 109/2000 [01:25<24:05,  1.31it/s]Best trial: 91. Best value: 0.118:   6%|▌         | 110/2000 [01:25<23:59,  1.31it/s]                                                                                     Best trial: 91. Best value: 0.118:   6%|▌         | 110/2000 [01:25<23:59,  1.31it/s]Best trial: 91. Best value: 0.118:   6%|▌         | 110/2000 [01:25<23:59,  1.31it/s]Best trial: 91. Best value: 0.118:   6%|▌         | 111/2000 [01:25<24:13,  1.30it/s]                                                                                     Best trial: 91. Best value: 0.118:   6%|▌         | 111/2000 [01:27<24:13,  1.30it/s]Best trial: 91. Best value: 0.118:   6%|▌         | 111/2000 [01:27<24:13,  1.30it/s]Best trial: 91. Best value: 0.118:   6%|▌         | 112/2000 [01:27<31:37,  1.01s/it]                                                                                     Best trial: 91. Best value: 0.118:   6%|▌         | 112/2000 [01:28<31:37,  1.01s/it]Best trial: 112. Best value: 0.334:   6%|▌         | 112/2000 [01:28<31:37,  1.01s/it]Best trial: 112. Best value: 0.334:   6%|▌         | 113/2000 [01:28<29:30,  1.07it/s]                                                                                      Best trial: 112. Best value: 0.334:   6%|▌         | 113/2000 [01:29<29:30,  1.07it/s]Best trial: 112. Best value: 0.334:   6%|▌         | 113/2000 [01:29<29:30,  1.07it/s]Best trial: 112. Best value: 0.334:   6%|▌         | 114/2000 [01:29<27:51,  1.13it/s]
Trial 82: ACCEPT (degrade 0.0%) - Eval: -0.222%, Val: 0.268%
[I 2025-10-25 04:29:07,780] Trial 82 finished with value: -0.22199999999999998 and parameters: {'w_boll': 0.26675968995913624, 'w_rsi': 0.6609946634193007, 'w_mom': 1.4712600846603716, 'w_vwap': 1.8070655792904822, 'w_orb': 1.473287891626045, 'w_ofi': 1.6363636046277836, 'w_vol': 0.8368528365071582, 'win_boll': 26, 'win_rsi': 10, 'win_mom': 6, 'win_vwap': 10, 'orb_opening_bars': 47, 'vol_window': 10}. Best is trial 31 with value: 0.11199999999999999.
Trial 83: ACCEPT (degrade 0.0%) - Eval: -0.254%, Val: 0.016%
[I 2025-10-25 04:29:08,546] Trial 83 finished with value: -0.254 and parameters: {'w_boll': 0.8562082227042078, 'w_rsi': 0.7182544354323691, 'w_mom': 1.089985022419454, 'w_vwap': 1.9537926163209465, 'w_orb': 1.6093259700177178, 'w_ofi': 1.7652366055252227, 'w_vol': 1.8485992254774686, 'win_boll': 24, 'win_rsi': 9, 'win_mom': 16, 'win_vwap': 12, 'orb_opening_bars': 46, 'vol_window': 18}. Best is trial 31 with value: 0.11199999999999999.
Trial 84: ACCEPT (degrade 0.0%) - Eval: -0.084%, Val: 0.209%
[I 2025-10-25 04:29:09,336] Trial 84 finished with value: -0.08399999999999999 and parameters: {'w_boll': 0.20733221488640616, 'w_rsi': 0.857355046384663, 'w_mom': 1.301997752208815, 'w_vwap': 1.9321678015607244, 'w_orb': 1.1757573007493023, 'w_ofi': 1.4270888412467877, 'w_vol': 1.523886758908069, 'win_boll': 22, 'win_rsi': 7, 'win_mom': 4, 'win_vwap': 14, 'orb_opening_bars': 47, 'vol_window': 16}. Best is trial 31 with value: 0.11199999999999999.
Trial 85: REJECT (overfit 53.6%) - Eval: 0.140%, Val: 0.065%
