[I 2025-10-25 04:35:56,696] Trial 617 finished with value: 0.08000000000000002 and parameters: {'w_boll': 0.2949192981829254, 'w_rsi': 0.5223847731039191, 'w_mom': 1.3510051206859626, 'w_vwap': 0.7181916362683108, 'w_orb': 1.890069479646584, 'w_ofi': 1.9247055538163511, 'w_vol': 1.6826104569805336, 'win_boll': 14, 'win_rsi': 13, 'win_mom': 5, 'win_vwap': 30, 'orb_opening_bars': 47, 'vol_window': 10}. Best is trial 112 with value: 0.33399999999999996.
Trial 618: REJECT (overfit 84.7%) - Eval: 0.274%, Val: 0.042%
[I 2025-10-25 04:35:57,438] Trial 618 finished with value: -999.0 and parameters: {'w_boll': 0.3537715608946012, 'w_rsi': 0.4611112194076029, 'w_mom': 1.384146616241372, 'w_vwap': 0.8744205389139221, 'w_orb': 1.8507343654934982, 'w_ofi': 1.95913376431769, 'w_vol': 1.8772147431343291, 'win_boll': 12, 'win_rsi': 7, 'win_mom': 5, 'win_vwap': 32, 'orb_opening_bars': 47, 'vol_window': 10}. Best is trial 112 with value: 0.33399999999999996.
Trial 619: ACCEPT (degrade 0.0%) - Eval: -0.112%, Val: 0.218%
[I 2025-10-25 04:35:58,195] Trial 619 finished with value: -0.11200000000000002 and parameters: {'w_boll': 0.4010128644947977, 'w_rsi': 0.39578103513582336, 'w_mom': 1.4127033772979884, 'w_vwap': 0.7866408464758082, 'w_orb': 1.885223112435626, 'w_ofi': 1.8724408999557507, 'w_vol': 1.6360616142118978, 'win_boll': 11, 'win_rsi': 7, 'win_mom': 8, 'win_vwap': 31, 'orb_opening_bars': 49, 'vol_window': 11}. Best is trial 112 with value: 0.33399999999999996.
Trial 620: ACCEPT (degrade -3.2%) - Eval: 0.062%, Val: 0.064%
[I 2025-10-25 04:35:58,918] Trial 620 finished with value: 0.06200000000000001 and parameters: {'w_boll': 0.4530461169112388, 'w_rsi': 0.4890278186322582, 'w_mom': 1.257416045738226, 'w_vwap': 0.7364322324350437, 'w_orb': 1.8888833714234852, 'w_ofi': 1.899934578913948, 'w_vol': 1.7826521586816644, 'win_boll': 22, 'win_rsi': 6, 'win_mom': 4, 'win_vwap': 35, 'orb_opening_bars': 48, 'vol_window': 11}. Best is trial 112 with value: 0.33399999999999996.
Trial 621: ACCEPT (degrade 0.0%) - Eval: -0.004%, Val: 0.168%
[I 2025-10-25 04:35:59,661] Trial 621 finished with value: -0.003999999999999987 and parameters: {'w_boll': 0.3842617498435509, 'w_rsi': 0.4365525354372871, 'w_mom': 1.3223169020046888, 'w_vwap': 0.8249131459799763, 'w_orb': 1.9163645045364688, 'w_ofi': 1.8881433940840116, 'w_vol': 1.8434236083883295, 'win_boll': 13, 'win_rsi': 6, 'win_mom': 20, 'win_vwap': 31, 'orb_opening_bars': 45, 'vol_window': 10}. Best is trial 112 with value: 0.33399999999999996.
Trial 622: REJECT (overfit 285.0%) - Eval: 0.140%, Val: -0.259%
[I 2025-10-25 04:36:00,586] Trial 622 finished with value: -999.0 and parameters: {'w_boll': 0.3283020716659211, 'w_rsi': 0.3992611400136246, 'w_mom': 1.3869717404697404, 'w_vwap': 0.7578086474169878, 'w_orb': 1.8370799850801143, 'w_ofi': 1.9977749467327417, 'w_vol': 1.9183014772765785, 'win_boll': 11, 'win_rsi': 7, 'win_mom': 4, 'win_vwap': 32, 'orb_opening_bars': 49, 'vol_window': 11}. Best is trial 112 with value: 0.33399999999999996.
Trial 623: ACCEPT (degrade 0.0%) - Eval: -0.176%, Val: -0.091%
[I 2025-10-25 04:36:01,339] Trial 623 finished with value: -0.176 and parameters: {'w_boll': 0.4336132736359642, 'w_rsi': 0.5186032428236627, 'w_mom': 1.307868899397284, 'w_vwap': 0.7139668189398023, 'w_orb': 1.1676830195577415, 'w_ofi': 1.9181489764931006, 'w_vol': 1.7253546871969385, 'win_boll': 10, 'win_rsi': 8, 'win_mom': 4, 'win_vwap': 30, 'orb_opening_bars': 48, 'vol_window': 32}. Best is trial 112 with value: 0.33399999999999996.
Trial 624: REJECT (overfit 36.7%) - Eval: 0.264%, Val: 0.167%
[I 2025-10-25 04:36:02,058] Trial 624 finished with value: -999.0 and parameters: {'w_boll': 0.2802696964001423, 'w_rsi': 0.46347237313638034, 'w_mom': 1.3603304903203621, 'w_vwap': 0.6891789159385847, 'w_orb': 1.7838538916979376, 'w_ofi': 1.8017015244445151, 'w_vol': 1.8204023652263097, 'win_boll': 14, 'win_rsi': 6, 'win_mom': 5, 'win_vwap': 29, 'orb_opening_bars': 46, 'vol_window': 10}. Best is trial 112 with value: 0.33399999999999996.
Trial 625: ACCEPT (degrade 0.0%) - Eval: -0.036%, Val: 0.157%
[I 2025-10-25 04:36:02,795] Trial 625 finished with value: -0.036 and parameters: {'w_boll': 0.3552389640700621, 'w_rsi': 0.5564798341138761, 'w_mom': 1.2202256152493816, 'w_vwap': 0.7863521166204189, 'w_orb': 1.9666311791530369, 'w_ofi': 1.8499336549956857, 'w_vol': 1.7722137582800714, 'win_boll': 12, 'win_rsi': 7, 'win_mom': 6, 'win_vwap': 31, 'orb_opening_bars': 47, 'vol_window': 11}. Best is trial 112 with value: 0.33399999999999996.
Trial 626: REJECT (overfit 86.4%) - Eval: 0.220%, Val: 0.030%
[I 2025-10-25 04:36:03,578] Trial 626 finished with value: -999.0 and parameters: {'w_boll': 0.41742493122765534, 'w_rsi': 0.39384093606740395, 'w_mom': 1.3681443808924179, 'w_vwap': 0.9257905071084124, 'w_orb': 1.919664149808146, 'w_ofi': 1.952486846905666, 'w_vol': 1.278781363226631, 'win_boll': 13, 'win_rsi': 6, 'win_mom': 4, 'win_vwap': 35, 'orb_opening_bars': 29, 'vol_window': 10}. Best is trial 112 with value: 0.33399999999999996.
Trial 627: ACCEPT (degrade -129.2%) - Eval: 0.120%, Val: 0.275%
[I 2025-10-25 04:36:04,327] Trial 627 finished with value: 0.12 and parameters: {'w_boll': 0.4585114693248435, 'w_rsi': 0.4348123698249101, 'w_mom': 1.285146463667278, 'w_vwap': 0.7413746120133007, 'w_orb': 1.965686872835151, 'w_ofi': 1.9636042556762479, 'w_vol': 1.8918587692846, 'win_boll': 14, 'win_rsi': 7, 'win_mom': 5, 'win_vwap': 32, 'orb_opening_bars': 49, 'vol_window': 11}. Best is trial 112 with value: 0.33399999999999996.
Trial 628: ACCEPT (degrade 0.0%) - Eval: 0.128%, Val: 0.128%
[I 2025-10-25 04:36:05,052] Trial 628 finished with value: 0.12800000000000003 and parameters: {'w_boll': 0.38572725466026575, 'w_rsi': 0.594473806810634, 'w_mom': 1.2468284381569938, 'w_vwap': 1.6980920375204565, 'w_orb': 1.8567082476861507, 'w_ofi': 1.898105174463504, 'w_vol': 1.8676022065793427, 'win_boll': 15, 'win_rsi': 8, 'win_mom': 4, 'win_vwap': 33, 'orb_opening_bars': 48, 'vol_window': 12}. Best is trial 112 with value: 0.33399999999999996.
Trial 629: ACCEPT (degrade 0.0%) - Eval: -0.024%, Val: 0.043%
[I 2025-10-25 04:36:05,788] Trial 629 finished with value: -0.024 and parameters: {'w_boll': 0.2991774449116921, 'w_rsi': 0.48686334641145956, 'w_mom': 1.3079290351919366, 'w_vwap': 0.692618358525285, 'w_orb': 1.9994170129819981, 'w_ofi': 1.811837434278449, 'w_vol': 1.8130495845659929, 'win_boll': 10, 'win_rsi': 6, 'win_mom': 4, 'win_vwap': 30, 'orb_opening_bars': 50, 'vol_window': 10}. Best is trial 112 with value: 0.33399999999999996.
Trial 630: ACCEPT (degrade 0.0%) - Eval: -0.082%, Val: 0.082%Best trial: 112. Best value: 0.334:  32%|███▏      | 646/2000 [08:15<16:43,  1.35it/s]Best trial: 112. Best value: 0.334:  32%|███▏      | 646/2000 [08:15<16:43,  1.35it/s]Best trial: 112. Best value: 0.334:  32%|███▏      | 647/2000 [08:15<16:57,  1.33it/s]                                                                                      Best trial: 112. Best value: 0.334:  32%|███▏      | 647/2000 [08:16<16:57,  1.33it/s]Best trial: 112. Best value: 0.334:  32%|███▏      | 647/2000 [08:16<16:57,  1.33it/s]Best trial: 112. Best value: 0.334:  32%|███▏      | 648/2000 [08:16<16:55,  1.33it/s]                                                                                      Best trial: 112. Best value: 0.334:  32%|███▏      | 648/2000 [08:16<16:55,  1.33it/s]Best trial: 112. Best value: 0.334:  32%|███▏      | 648/2000 [08:16<16:55,  1.33it/s]Best trial: 112. Best value: 0.334:  32%|███▏      | 649/2000 [08:16<16:53,  1.33it/s]                                                                                      Best trial: 112. Best value: 0.334:  32%|███▏      | 649/2000 [08:17<16:53,  1.33it/s]Best trial: 112. Best value: 0.334:  32%|███▏      | 649/2000 [08:17<16:53,  1.33it/s]Best trial: 112. Best value: 0.334:  32%|███▎      | 650/2000 [08:17<16:41,  1.35it/s]                                                                                      Best trial: 112. Best value: 0.334:  32%|███▎      | 650/2000 [08:18<16:41,  1.35it/s]Best trial: 112. Best value: 0.334:  32%|███▎      | 650/2000 [08:18<16:41,  1.35it/s]Best trial: 112. Best value: 0.334:  33%|███▎      | 651/2000 [08:18<17:02,  1.32it/s]                                                                                      Best trial: 112. Best value: 0.334:  33%|███▎      | 651/2000 [08:19<17:02,  1.32it/s]Best trial: 112. Best value: 0.334:  33%|███▎      | 651/2000 [08:19<17:02,  1.32it/s]Best trial: 112. Best value: 0.334:  33%|███▎      | 652/2000 [08:19<17:05,  1.31it/s]                                                                                      Best trial: 112. Best value: 0.334:  33%|███▎      | 652/2000 [08:19<17:05,  1.31it/s]Best trial: 112. Best value: 0.334:  33%|███▎      | 652/2000 [08:19<17:05,  1.31it/s]Best trial: 112. Best value: 0.334:  33%|███▎      | 653/2000 [08:19<16:56,  1.32it/s]                                                                                      Best trial: 112. Best value: 0.334:  33%|███▎      | 653/2000 [08:20<16:56,  1.32it/s]Best trial: 112. Best value: 0.334:  33%|███▎      | 653/2000 [08:20<16:56,  1.32it/s]Best trial: 112. Best value: 0.334:  33%|███▎      | 654/2000 [08:20<16:47,  1.34it/s]                                                                                      Best trial: 112. Best value: 0.334:  33%|███▎      | 654/2000 [08:21<16:47,  1.34it/s]Best trial: 112. Best value: 0.334:  33%|███▎      | 654/2000 [08:21<16:47,  1.34it/s]Best trial: 112. Best value: 0.334:  33%|███▎      | 655/2000 [08:21<17:04,  1.31it/s]                                                                                      Best trial: 112. Best value: 0.334:  33%|███▎      | 655/2000 [08:22<17:04,  1.31it/s]Best trial: 112. Best value: 0.334:  33%|███▎      | 655/2000 [08:22<17:04,  1.31it/s]Best trial: 112. Best value: 0.334:  33%|███▎      | 656/2000 [08:22<16:57,  1.32it/s]                                                                                      Best trial: 112. Best value: 0.334:  33%|███▎      | 656/2000 [08:22<16:57,  1.32it/s]Best trial: 112. Best value: 0.334:  33%|███▎      | 656/2000 [08:22<16:57,  1.32it/s]Best trial: 112. Best value: 0.334:  33%|███▎      | 657/2000 [08:22<16:52,  1.33it/s]                                                                                      Best trial: 112. Best value: 0.334:  33%|███▎      | 657/2000 [08:23<16:52,  1.33it/s]Best trial: 112. Best value: 0.334:  33%|███▎      | 657/2000 [08:23<16:52,  1.33it/s]Best trial: 112. Best value: 0.334:  33%|███▎      | 658/2000 [08:23<16:37,  1.35it/s]                                                                                      Best trial: 112. Best value: 0.334:  33%|███▎      | 658/2000 [08:24<16:37,  1.35it/s]Best trial: 112. Best value: 0.334:  33%|███▎      | 658/2000 [08:24<16:37,  1.35it/s]Best trial: 112. Best value: 0.334:  33%|███▎      | 659/2000 [08:24<16:51,  1.33it/s]                                                                                      Best trial: 112. Best value: 0.334:  33%|███▎      | 659/2000 [08:25<16:51,  1.33it/s]Best trial: 112. Best value: 0.334:  33%|███▎      | 659/2000 [08:25<16:51,  1.33it/s]Best trial: 112. Best value: 0.334:  33%|███▎      | 660/2000 [08:25<16:54,  1.32it/s]                                                                                      Best trial: 112. Best value: 0.334:  33%|███▎      | 660/2000 [08:25<16:54,  1.32it/s]Best trial: 112. Best value: 0.334:  33%|███▎      | 660/2000 [08:25<16:54,  1.32it/s]Best trial: 112. Best value: 0.334:  33%|███▎      | 661/2000 [08:25<16:51,  1.32it/s]                                                                                      Best trial: 112. Best value: 0.334:  33%|███▎      | 661/2000 [08:26<16:51,  1.32it/s]Best trial: 112. Best value: 0.334:  33%|███▎      | 661/2000 [08:26<16:51,  1.32it/s]Best trial: 112. Best value: 0.334:  33%|███▎      | 662/2000 [08:26<16:38,  1.34it/s]                                                                                      
[I 2025-10-25 04:36:06,580] Trial 630 finished with value: -0.082 and parameters: {'w_boll': 0.20956173270745632, 'w_rsi': 0.49368309755171597, 'w_mom': 1.3261011247606662, 'w_vwap': 0.8535731698387257, 'w_orb': 1.9143977564943966, 'w_ofi': 1.8941161020714659, 'w_vol': 1.902962610479427, 'win_boll': 13, 'win_rsi': 10, 'win_mom': 14, 'win_vwap': 31, 'orb_opening_bars': 48, 'vol_window': 11}. Best is trial 112 with value: 0.33399999999999996.
Trial 631: ACCEPT (degrade -0.9%) - Eval: 0.228%, Val: 0.230%
[I 2025-10-25 04:36:07,338] Trial 631 finished with value: 0.22800000000000004 and parameters: {'w_boll': 0.4705351319743846, 'w_rsi': 0.4176732745620976, 'w_mom': 1.4085927225275594, 'w_vwap': 0.7650647374461716, 'w_orb': 1.9603969880585703, 'w_ofi': 1.2099756615246562, 'w_vol': 1.8539206086551072, 'win_boll': 12, 'win_rsi': 7, 'win_mom': 7, 'win_vwap': 29, 'orb_opening_bars': 30, 'vol_window': 12}. Best is trial 112 with value: 0.33399999999999996.
Trial 632: REJECT (overfit 0.0%) - Eval: -0.052%, Val: -0.108%
[I 2025-10-25 04:36:08,061] Trial 632 finished with value: -999.0 and parameters: {'w_boll': 0.3443442257056125, 'w_rsi': 0.37616738085793466, 'w_mom': 1.4515937201736917, 'w_vwap': 0.7211919740592394, 'w_orb': 1.8906523973343832, 'w_ofi': 1.8462550933362596, 'w_vol': 1.7655215960782265, 'win_boll': 11, 'win_rsi': 20, 'win_mom': 4, 'win_vwap': 32, 'orb_opening_bars': 49, 'vol_window': 10}. Best is trial 112 with value: 0.33399999999999996.
Trial 633: REJECT (overfit 39.2%) - Eval: 0.158%, Val: 0.096%
[I 2025-10-25 04:36:08,796] Trial 633 finished with value: -999.0 and parameters: {'w_boll': 1.2648709300990515, 'w_rsi': 0.46681956118451723, 'w_mom': 1.137995873782281, 'w_vwap': 0.8104018354778104, 'w_orb': 1.9269449053797316, 'w_ofi': 1.014121935993247, 'w_vol': 1.7234108457353818, 'win_boll': 13, 'win_rsi': 6, 'win_mom': 5, 'win_vwap': 11, 'orb_opening_bars': 46, 'vol_window': 11}. Best is trial 112 with value: 0.33399999999999996.
Trial 634: ACCEPT (degrade -72.2%) - Eval: 0.108%, Val: 0.186%
[I 2025-10-25 04:36:09,584] Trial 634 finished with value: 0.10799999999999998 and parameters: {'w_boll': 0.4053182479246862, 'w_rsi': 0.5244654736049934, 'w_mom': 1.2852061633814167, 'w_vwap': 0.6544482800744438, 'w_orb': 1.9663094882776977, 'w_ofi': 1.9273385791924786, 'w_vol': 1.8064011667949667, 'win_boll': 15, 'win_rsi': 7, 'win_mom': 4, 'win_vwap': 33, 'orb_opening_bars': 41, 'vol_window': 12}. Best is trial 112 with value: 0.33399999999999996.
Trial 635: REJECT (overfit 155.0%) - Eval: 0.278%, Val: -0.153%
[I 2025-10-25 04:36:10,333] Trial 635 finished with value: -999.0 and parameters: {'w_boll': 0.43366804901795564, 'w_rsi': 0.4389110361401541, 'w_mom': 1.332378748290959, 'w_vwap': 0.6845283122202852, 'w_orb': 1.857159205663625, 'w_ofi': 1.9908576056941543, 'w_vol': 1.934568311395391, 'win_boll': 14, 'win_rsi': 8, 'win_mom': 3, 'win_vwap': 12, 'orb_opening_bars': 23, 'vol_window': 10}. Best is trial 112 with value: 0.33399999999999996.
Trial 636: ACCEPT (degrade 0.0%) - Eval: -0.224%, Val: -0.049%
[I 2025-10-25 04:36:11,054] Trial 636 finished with value: -0.22400000000000003 and parameters: {'w_boll': 0.38421657003192994, 'w_rsi': 0.35832277693794873, 'w_mom': 1.4837508328907008, 'w_vwap': 0.5854399999706849, 'w_orb': 1.925469867019347, 'w_ofi': 1.8229000560721917, 'w_vol': 1.8613549756082821, 'win_boll': 11, 'win_rsi': 30, 'win_mom': 4, 'win_vwap': 11, 'orb_opening_bars': 47, 'vol_window': 12}. Best is trial 112 with value: 0.33399999999999996.
Trial 637: ACCEPT (degrade -2.2%) - Eval: 0.046%, Val: 0.047%
[I 2025-10-25 04:36:11,853] Trial 637 finished with value: 0.046 and parameters: {'w_boll': 1.3165949775705035, 'w_rsi': 0.3893924031540618, 'w_mom': 1.2615206825763312, 'w_vwap': 0.6165904321246244, 'w_orb': 0.1847632992421463, 'w_ofi': 1.8987976251311114, 'w_vol': 1.9100624105549382, 'win_boll': 12, 'win_rsi': 6, 'win_mom': 3, 'win_vwap': 11, 'orb_opening_bars': 50, 'vol_window': 11}. Best is trial 112 with value: 0.33399999999999996.
Trial 638: REJECT (overfit 35.9%) - Eval: 0.078%, Val: 0.050%
[I 2025-10-25 04:36:12,658] Trial 638 finished with value: -999.0 and parameters: {'w_boll': 0.33263538328672504, 'w_rsi': 0.5290802034961116, 'w_mom': 1.2240827808853592, 'w_vwap': 0.7271499488930828, 'w_orb': 1.999800903732879, 'w_ofi': 0.17157593775855218, 'w_vol': 1.9646535515745132, 'win_boll': 10, 'win_rsi': 6, 'win_mom': 4, 'win_vwap': 28, 'orb_opening_bars': 49, 'vol_window': 10}. Best is trial 112 with value: 0.33399999999999996.
Trial 639: ACCEPT (degrade -408.1%) - Eval: 0.062%, Val: 0.315%
[I 2025-10-25 04:36:13,404] Trial 639 finished with value: 0.062 and parameters: {'w_boll': 0.4609511682169191, 'w_rsi': 0.4531423687946479, 'w_mom': 1.36307524878697, 'w_vwap': 0.6579394478029618, 'w_orb': 1.809265061740869, 'w_ofi': 1.7925589755460265, 'w_vol': 0.591317396141315, 'win_boll': 14, 'win_rsi': 7, 'win_mom': 5, 'win_vwap': 12, 'orb_opening_bars': 48, 'vol_window': 11}. Best is trial 112 with value: 0.33399999999999996.
Trial 640: ACCEPT (degrade 0.0%) - Eval: -0.052%, Val: 0.122%
[I 2025-10-25 04:36:14,152] Trial 640 finished with value: -0.052000000000000005 and parameters: {'w_boll': 0.420682359566992, 'w_rsi': 0.4132422792653071, 'w_mom': 1.3840746855922144, 'w_vwap': 0.7743322639802885, 'w_orb': 1.237629366842585, 'w_ofi': 0.9578422648282559, 'w_vol': 1.775269713896552, 'win_boll': 13, 'win_rsi': 5, 'win_mom': 3, 'win_vwap': 11, 'orb_opening_bars': 49, 'vol_window': 23}. Best is trial 112 with value: 0.33399999999999996.
Trial 641: ACCEPT (degrade 0.0%) - Eval: -0.112%, Val: -0.063%
[I 2025-10-25 04:36:14,868] Trial 641 finished with value: -0.11199999999999999 and parameters: {'w_boll': 1.8650446540713446, 'w_rsi': 0.4876809464909341, 'w_mom': 1.2532372641997667, 'w_vwap': 0.7028341777806401, 'w_orb': 1.8901722695798495, 'w_ofi': 0.7734508060656123, 'w_vol': 1.696310857687958, 'win_boll': 12, 'win_rsi': 7, 'win_mom': 3, 'win_vwap': 32, 'orb_opening_bars': 50, 'vol_window': 12}. Best is trial 112 with value: 0.33399999999999996.
Trial 642: ACCEPT (degrade 0.0%) - Eval: -0.132%, Val: 0.216%
[I 2025-10-25 04:36:15,641] Trial 642 finished with value: -0.132 and parameters: {'w_boll': 0.25625344120188026, 'w_rsi': 0.5752941790839217, 'w_mom': 0.23494280783212648, 'w_vwap': 0.6242095515542782, 'w_orb': 1.947229674008847, 'w_ofi': 0.39306641875680615, 'w_vol': 1.8119015064438306, 'win_boll': 15, 'win_rsi': 6, 'win_mom': 4, 'win_vwap': 31, 'orb_opening_bars': 45, 'vol_window': 10}. Best is trial 112 with value: 0.33399999999999996.
Trial 643: REJECT (overfit 43.9%) - Eval: 0.098%, Val: 0.055%
[I 2025-10-25 04:36:16,385] Trial 643 finished with value: -999.0 and parameters: {'w_boll': 0.36926197877137984, 'w_rsi': 0.6481308091781802, 'w_mom': 1.0660316835274894, 'w_vwap': 0.758528163933423, 'w_orb': 1.9682794789430529, 'w_ofi': 0.6993370373323009, 'w_vol': 1.884417940348288, 'win_boll': 11, 'win_rsi': 6, 'win_mom': 4, 'win_vwap': 12, 'orb_opening_bars': 47, 'vol_window': 11}. Best is trial 112 with value: 0.33399999999999996.
Trial 644: REJECT (overfit 215.0%) - Eval: 0.060%, Val: -0.069%
[I 2025-10-25 04:36:17,131] Trial 644 finished with value: -999.0 and parameters: {'w_boll': 0.30978758225907427, 'w_rsi': 1.0897448495257271, 'w_mom': 1.2962281915680502, 'w_vwap': 0.6618551865769587, 'w_orb': 1.9080322284932807, 'w_ofi': 1.8589557980679052, 'w_vol': 1.8338606243376208, 'win_boll': 13, 'win_rsi': 8, 'win_mom': 3, 'win_vwap': 10, 'orb_opening_bars': 48, 'vol_window': 11}. Best is trial 112 with value: 0.33399999999999996.
Trial 645: ACCEPT (degrade 0.0%) - Eval: -0.044%, Val: 0.174%
[I 2025-10-25 04:36:17,852] Trial 645 finished with value: -0.044000000000000004 and parameters: {'w_boll': 0.4747139788242469, 'w_rsi': 0.34599734821718864, 'w_mom': 1.0135092780208321, 'w_vwap': 0.8129398420136473, 'w_orb': 1.8661142204871346, 'w_ofi': 1.4713703067255726, 'w_vol': 1.753941885142431, 'win_boll': 14, 'win_rsi': 5, 'win_mom': 5, 'win_vwap': 13, 'orb_opening_bars': 42, 'vol_window': 12}. Best is trial 112 with value: 0.33399999999999996.
Trial 646: REJECT (overfit 49.4%) - Eval: 0.312%, Val: 0.158%
