[I 2025-10-25 04:37:11,570] Trial 716 finished with value: -0.06400000000000002 and parameters: {'w_boll': 0.46198149083321804, 'w_rsi': 0.2783771238581625, 'w_mom': 1.4023205253359134, 'w_vwap': 0.727041928150541, 'w_orb': 1.813014357596833, 'w_ofi': 0.7837536304133196, 'w_vol': 1.851700879591953, 'win_boll': 15, 'win_rsi': 7, 'win_mom': 4, 'win_vwap': 14, 'orb_opening_bars': 50, 'vol_window': 13}. Best is trial 112 with value: 0.33399999999999996.
Trial 717: REJECT (overfit 70.5%) - Eval: 0.210%, Val: 0.062%
[I 2025-10-25 04:37:12,315] Trial 717 finished with value: -999.0 and parameters: {'w_boll': 0.5703455137201748, 'w_rsi': 0.3106576943894488, 'w_mom': 0.14101003049173239, 'w_vwap': 0.6840836907360688, 'w_orb': 1.9468205323837564, 'w_ofi': 1.8667206596484254, 'w_vol': 1.7357075405981797, 'win_boll': 13, 'win_rsi': 5, 'win_mom': 3, 'win_vwap': 10, 'orb_opening_bars': 48, 'vol_window': 12}. Best is trial 112 with value: 0.33399999999999996.
Trial 718: ACCEPT (degrade -48.7%) - Eval: 0.076%, Val: 0.113%
[I 2025-10-25 04:37:13,109] Trial 718 finished with value: 0.07600000000000004 and parameters: {'w_boll': 0.3841720783560613, 'w_rsi': 0.3712725254864848, 'w_mom': 0.1973045174349437, 'w_vwap': 0.6089346972857401, 'w_orb': 1.9392430373133087, 'w_ofi': 0.6878747267781199, 'w_vol': 1.9548968056951315, 'win_boll': 10, 'win_rsi': 8, 'win_mom': 4, 'win_vwap': 11, 'orb_opening_bars': 47, 'vol_window': 11}. Best is trial 112 with value: 0.33399999999999996.
Trial 719: REJECT (overfit 57.6%) - Eval: 0.224%, Val: 0.095%
[I 2025-10-25 04:37:13,865] Trial 719 finished with value: -999.0 and parameters: {'w_boll': 0.42324796712058577, 'w_rsi': 0.3528146078972618, 'w_mom': 0.25262288929802773, 'w_vwap': 0.7680713758382451, 'w_orb': 1.8674745536212853, 'w_ofi': 1.9962521873775816, 'w_vol': 1.8997304301133915, 'win_boll': 17, 'win_rsi': 6, 'win_mom': 5, 'win_vwap': 12, 'orb_opening_bars': 49, 'vol_window': 10}. Best is trial 112 with value: 0.33399999999999996.
Trial 720: ACCEPT (degrade -50.0%) - Eval: 0.096%, Val: 0.144%
[I 2025-10-25 04:37:14,612] Trial 720 finished with value: 0.096 and parameters: {'w_boll': 0.4522301548230835, 'w_rsi': 0.1967212252957155, 'w_mom': 0.2166549030759362, 'w_vwap': 0.9597574860961816, 'w_orb': 1.90642670456014, 'w_ofi': 0.48123218785742516, 'w_vol': 1.817644139533505, 'win_boll': 13, 'win_rsi': 6, 'win_mom': 4, 'win_vwap': 10, 'orb_opening_bars': 50, 'vol_window': 11}. Best is trial 112 with value: 0.33399999999999996.
Trial 721: ACCEPT (degrade -5833.3%) - Eval: 0.006%, Val: 0.356%
[I 2025-10-25 04:37:15,352] Trial 721 finished with value: 0.006 and parameters: {'w_boll': 0.4952898389984935, 'w_rsi': 0.5874027431131108, 'w_mom': 0.2855263749863587, 'w_vwap': 0.6512337755379444, 'w_orb': 1.9677951093049206, 'w_ofi': 1.9496790338284515, 'w_vol': 1.999127427720372, 'win_boll': 14, 'win_rsi': 7, 'win_mom': 6, 'win_vwap': 33, 'orb_opening_bars': 45, 'vol_window': 14}. Best is trial 112 with value: 0.33399999999999996.
Trial 722: ACCEPT (degrade -50.7%) - Eval: 0.148%, Val: 0.223%
[I 2025-10-25 04:37:16,145] Trial 722 finished with value: 0.14800000000000002 and parameters: {'w_boll': 0.3693962269923212, 'w_rsi': 0.274966610751219, 'w_mom': 0.1737133111695958, 'w_vwap': 0.8710085559970913, 'w_orb': 0.5261511822102001, 'w_ofi': 0.5908026971313471, 'w_vol': 1.778745184982971, 'win_boll': 11, 'win_rsi': 9, 'win_mom': 3, 'win_vwap': 14, 'orb_opening_bars': 41, 'vol_window': 12}. Best is trial 112 with value: 0.33399999999999996.
Trial 723: ACCEPT (degrade 0.0%) - Eval: -0.156%, Val: 0.249%
[I 2025-10-25 04:37:16,872] Trial 723 finished with value: -0.156 and parameters: {'w_boll': 0.40023192739830815, 'w_rsi': 0.24927490737347674, 'w_mom': 0.15194220833541017, 'w_vwap': 0.8177508476734543, 'w_orb': 1.083592588709629, 'w_ofi': 0.75210805058503, 'w_vol': 1.8738787353539197, 'win_boll': 12, 'win_rsi': 8, 'win_mom': 3, 'win_vwap': 11, 'orb_opening_bars': 48, 'vol_window': 37}. Best is trial 112 with value: 0.33399999999999996.
Trial 724: ACCEPT (degrade -317.3%) - Eval: 0.052%, Val: 0.217%
[I 2025-10-25 04:37:17,620] Trial 724 finished with value: 0.05199999999999998 and parameters: {'w_boll': 0.7050112825354518, 'w_rsi': 0.4038656001900481, 'w_mom': 0.38899356749694697, 'w_vwap': 0.5677468703520573, 'w_orb': 1.9370891864670794, 'w_ofi': 1.023875818374128, 'w_vol': 1.9266822690339105, 'win_boll': 26, 'win_rsi': 5, 'win_mom': 4, 'win_vwap': 13, 'orb_opening_bars': 47, 'vol_window': 10}. Best is trial 112 with value: 0.33399999999999996.
Trial 725: REJECT (overfit 36.5%) - Eval: 0.104%, Val: 0.066%
[I 2025-10-25 04:37:18,367] Trial 725 finished with value: -999.0 and parameters: {'w_boll': 0.45657337917864876, 'w_rsi': 0.5260518399664738, 'w_mom': 1.3073917191513382, 'w_vwap': 0.4087874021365883, 'w_orb': 1.879631235035261, 'w_ofi': 1.3406375922300817, 'w_vol': 1.7015692350936424, 'win_boll': 15, 'win_rsi': 6, 'win_mom': 5, 'win_vwap': 12, 'orb_opening_bars': 49, 'vol_window': 11}. Best is trial 112 with value: 0.33399999999999996.
Trial 726: REJECT (overfit 135.6%) - Eval: 0.208%, Val: -0.074%
[I 2025-10-25 04:37:19,139] Trial 726 finished with value: -999.0 and parameters: {'w_boll': 0.3528803467670087, 'w_rsi': 0.3312959307279735, 'w_mom': 1.353245760471244, 'w_vwap': 0.7151334973375425, 'w_orb': 1.96505187595245, 'w_ofi': 0.6425407336997829, 'w_vol': 1.8103929607024258, 'win_boll': 14, 'win_rsi': 7, 'win_mom': 3, 'win_vwap': 31, 'orb_opening_bars': 43, 'vol_window': 13}. Best is trial 112 with value: 0.33399999999999996.
Trial 727: ACCEPT (degrade 0.0%) - Eval: -0.196%, Val: 0.201%
[I 2025-10-25 04:37:19,870] Trial 727 finished with value: -0.196 and parameters: {'w_boll': 0.5311758219298888, 'w_rsi': 0.36592112132346666, 'w_mom': 0.2426940130866221, 'w_vwap': 0.756011301704085, 'w_orb': 1.6047108742132834, 'w_ofi': 0.9672513258310819, 'w_vol': 1.856593524187013, 'win_boll': 12, 'win_rsi': 24, 'win_mom': 4, 'win_vwap': 11, 'orb_opening_bars': 50, 'vol_window': 22}. Best is trial 112 with value: 0.33399999999999996.
Trial 728: REJECT (overfit 90.1%) - Eval: 0.322%, Val: 0.032%
[I 2025-10-25 04:37:20,621] Trial 728 finished with value: -999.0 and parameters: {'w_boll': 0.4220512578515109, 'w_rsi': 0.22485801031772018, 'w_mom': 0.13340491071452304, 'w_vwap': 0.6787438974070972, 'w_orb': 1.827836435275305, 'w_ofi': 0.7293318709043538, 'w_vol': 1.9614210279216884, 'win_boll': 13, 'win_rsi': 5, 'win_mom': 4, 'win_vwap': 15, 'orb_opening_bars': 49, 'vol_window': 10}. Best is trial 112 with value: 0.33399999999999996.Best trial: 112. Best value: 0.334:  37%|███▋      | 744/2000 [09:29<15:55,  1.31it/s]Best trial: 112. Best value: 0.334:  37%|███▋      | 744/2000 [09:29<15:55,  1.31it/s]Best trial: 112. Best value: 0.334:  37%|███▋      | 745/2000 [09:29<15:48,  1.32it/s]                                                                                      Best trial: 112. Best value: 0.334:  37%|███▋      | 745/2000 [09:30<15:48,  1.32it/s]Best trial: 112. Best value: 0.334:  37%|███▋      | 745/2000 [09:30<15:48,  1.32it/s]Best trial: 112. Best value: 0.334:  37%|███▋      | 746/2000 [09:30<15:41,  1.33it/s]                                                                                      Best trial: 112. Best value: 0.334:  37%|███▋      | 746/2000 [09:30<15:41,  1.33it/s]Best trial: 112. Best value: 0.334:  37%|███▋      | 746/2000 [09:30<15:41,  1.33it/s]Best trial: 112. Best value: 0.334:  37%|███▋      | 747/2000 [09:30<15:54,  1.31it/s]                                                                                      Best trial: 112. Best value: 0.334:  37%|███▋      | 747/2000 [09:31<15:54,  1.31it/s]Best trial: 112. Best value: 0.334:  37%|███▋      | 747/2000 [09:31<15:54,  1.31it/s]Best trial: 112. Best value: 0.334:  37%|███▋      | 748/2000 [09:31<15:40,  1.33it/s]                                                                                      Best trial: 112. Best value: 0.334:  37%|███▋      | 748/2000 [09:32<15:40,  1.33it/s]Best trial: 112. Best value: 0.334:  37%|███▋      | 748/2000 [09:32<15:40,  1.33it/s]Best trial: 112. Best value: 0.334:  37%|███▋      | 749/2000 [09:32<15:38,  1.33it/s]                                                                                      Best trial: 112. Best value: 0.334:  37%|███▋      | 749/2000 [09:33<15:38,  1.33it/s]Best trial: 112. Best value: 0.334:  37%|███▋      | 749/2000 [09:33<15:38,  1.33it/s]Best trial: 112. Best value: 0.334:  38%|███▊      | 750/2000 [09:33<15:40,  1.33it/s]                                                                                      Best trial: 112. Best value: 0.334:  38%|███▊      | 750/2000 [09:33<15:40,  1.33it/s]Best trial: 112. Best value: 0.334:  38%|███▊      | 750/2000 [09:33<15:40,  1.33it/s]Best trial: 112. Best value: 0.334:  38%|███▊      | 751/2000 [09:33<15:50,  1.31it/s]                                                                                      Best trial: 112. Best value: 0.334:  38%|███▊      | 751/2000 [09:34<15:50,  1.31it/s]Best trial: 112. Best value: 0.334:  38%|███▊      | 751/2000 [09:34<15:50,  1.31it/s]Best trial: 112. Best value: 0.334:  38%|███▊      | 752/2000 [09:34<15:45,  1.32it/s]                                                                                      Best trial: 112. Best value: 0.334:  38%|███▊      | 752/2000 [09:35<15:45,  1.32it/s]Best trial: 112. Best value: 0.334:  38%|███▊      | 752/2000 [09:35<15:45,  1.32it/s]Best trial: 112. Best value: 0.334:  38%|███▊      | 753/2000 [09:35<15:40,  1.33it/s]                                                                                      Best trial: 112. Best value: 0.334:  38%|███▊      | 753/2000 [09:36<15:40,  1.33it/s]Best trial: 112. Best value: 0.334:  38%|███▊      | 753/2000 [09:36<15:40,  1.33it/s]Best trial: 112. Best value: 0.334:  38%|███▊      | 754/2000 [09:36<15:43,  1.32it/s]                                                                                      Best trial: 112. Best value: 0.334:  38%|███▊      | 754/2000 [09:36<15:43,  1.32it/s]Best trial: 112. Best value: 0.334:  38%|███▊      | 754/2000 [09:36<15:43,  1.32it/s]Best trial: 112. Best value: 0.334:  38%|███▊      | 755/2000 [09:36<15:50,  1.31it/s]                                                                                      Best trial: 112. Best value: 0.334:  38%|███▊      | 755/2000 [09:37<15:50,  1.31it/s]Best trial: 112. Best value: 0.334:  38%|███▊      | 755/2000 [09:37<15:50,  1.31it/s]Best trial: 112. Best value: 0.334:  38%|███▊      | 756/2000 [09:37<15:51,  1.31it/s]                                                                                      Best trial: 112. Best value: 0.334:  38%|███▊      | 756/2000 [09:38<15:51,  1.31it/s]Best trial: 112. Best value: 0.334:  38%|███▊      | 756/2000 [09:38<15:51,  1.31it/s]Best trial: 112. Best value: 0.334:  38%|███▊      | 757/2000 [09:38<15:34,  1.33it/s]                                                                                      Best trial: 112. Best value: 0.334:  38%|███▊      | 757/2000 [09:39<15:34,  1.33it/s]Best trial: 112. Best value: 0.334:  38%|███▊      | 757/2000 [09:39<15:34,  1.33it/s]Best trial: 112. Best value: 0.334:  38%|███▊      | 758/2000 [09:39<15:32,  1.33it/s]                                                                                      Best trial: 112. Best value: 0.334:  38%|███▊      | 758/2000 [09:39<15:32,  1.33it/s]Best trial: 112. Best value: 0.334:  38%|███▊      | 758/2000 [09:39<15:32,  1.33it/s]Best trial: 112. Best value: 0.334:  38%|███▊      | 759/2000 [09:39<15:34,  1.33it/s]                                                                                      Best trial: 112. Best value: 0.334:  38%|███▊      | 759/2000 [09:40<15:34,  1.33it/s]Best trial: 112. Best value: 0.334:  38%|███▊      | 759/2000 [09:40<15:34,  1.33it/s]Best trial: 112. Best value: 0.334:  38%|███▊      | 760/2000 [09:40<15:20,  1.35it/s]                                                                                      
Trial 729: ACCEPT (degrade 0.0%) - Eval: -0.050%, Val: 0.004%
[I 2025-10-25 04:37:21,362] Trial 729 finished with value: -0.049999999999999996 and parameters: {'w_boll': 0.5824466684729708, 'w_rsi': 1.9958852329149113, 'w_mom': 0.10125600965823842, 'w_vwap': 0.6368293040337402, 'w_orb': 1.9998708314973577, 'w_ofi': 0.41987410806675823, 'w_vol': 1.75962727686386, 'win_boll': 10, 'win_rsi': 6, 'win_mom': 5, 'win_vwap': 12, 'orb_opening_bars': 48, 'vol_window': 12}. Best is trial 112 with value: 0.33399999999999996.
Trial 730: REJECT (overfit 82.0%) - Eval: 0.440%, Val: 0.079%
[I 2025-10-25 04:37:22,152] Trial 730 finished with value: -999.0 and parameters: {'w_boll': 0.48218934582593903, 'w_rsi': 0.29110588261838033, 'w_mom': 0.20246581553001153, 'w_vwap': 0.48568493213010877, 'w_orb': 1.9207388374457377, 'w_ofi': 1.921655505355919, 'w_vol': 1.9071358857390024, 'win_boll': 11, 'win_rsi': 7, 'win_mom': 3, 'win_vwap': 10, 'orb_opening_bars': 46, 'vol_window': 10}. Best is trial 112 with value: 0.33399999999999996.
Trial 731: ACCEPT (degrade 0.0%) - Eval: -0.036%, Val: 0.095%
[I 2025-10-25 04:37:22,905] Trial 731 finished with value: -0.03599999999999996 and parameters: {'w_boll': 0.3697531341060393, 'w_rsi': 0.4295909066881384, 'w_mom': 0.29745953972230565, 'w_vwap': 0.5883357784889577, 'w_orb': 1.8856601574828646, 'w_ofi': 1.85069652887076, 'w_vol': 1.8346170880627073, 'win_boll': 19, 'win_rsi': 5, 'win_mom': 4, 'win_vwap': 13, 'orb_opening_bars': 49, 'vol_window': 42}. Best is trial 112 with value: 0.33399999999999996.
Trial 732: ACCEPT (degrade -367.1%) - Eval: 0.082%, Val: 0.383%
[I 2025-10-25 04:37:23,651] Trial 732 finished with value: 0.08200000000000002 and parameters: {'w_boll': 0.41107785023436405, 'w_rsi': 0.3926998892851884, 'w_mom': 0.6320117169938355, 'w_vwap': 0.7901874957846885, 'w_orb': 1.6937404630161996, 'w_ofi': 0.8756436309537045, 'w_vol': 1.5862134607604486, 'win_boll': 16, 'win_rsi': 8, 'win_mom': 7, 'win_vwap': 11, 'orb_opening_bars': 47, 'vol_window': 30}. Best is trial 112 with value: 0.33399999999999996.
Trial 733: ACCEPT (degrade 0.0%) - Eval: -0.098%, Val: 0.197%
[I 2025-10-25 04:37:24,407] Trial 733 finished with value: -0.09799999999999998 and parameters: {'w_boll': 0.44489946147025294, 'w_rsi': 0.557779969692912, 'w_mom': 0.16932530306634674, 'w_vwap': 0.7267654711802967, 'w_orb': 1.402551765443639, 'w_ofi': 0.7922859289040082, 'w_vol': 1.6531692804082085, 'win_boll': 24, 'win_rsi': 6, 'win_mom': 3, 'win_vwap': 16, 'orb_opening_bars': 21, 'vol_window': 11}. Best is trial 112 with value: 0.33399999999999996.
Trial 734: ACCEPT (degrade -400.0%) - Eval: 0.092%, Val: 0.460%
[I 2025-10-25 04:37:25,196] Trial 734 finished with value: 0.092 and parameters: {'w_boll': 0.34043567133078134, 'w_rsi': 0.478079189189874, 'w_mom': 0.22572108449216732, 'w_vwap': 0.668642817224401, 'w_orb': 1.9509502428276462, 'w_ofi': 0.6803546573485012, 'w_vol': 1.4425372842319957, 'win_boll': 28, 'win_rsi': 7, 'win_mom': 3, 'win_vwap': 32, 'orb_opening_bars': 50, 'vol_window': 15}. Best is trial 112 with value: 0.33399999999999996.
Trial 735: ACCEPT (degrade 4.6%) - Eval: 0.282%, Val: 0.269%
[I 2025-10-25 04:37:25,920] Trial 735 finished with value: 0.282 and parameters: {'w_boll': 0.5094385694941816, 'w_rsi': 0.33628242516380313, 'w_mom': 0.10017169351113578, 'w_vwap': 0.6266353594993875, 'w_orb': 1.764421751867624, 'w_ofi': 1.9606462532171527, 'w_vol': 1.7855991148363475, 'win_boll': 13, 'win_rsi': 6, 'win_mom': 4, 'win_vwap': 11, 'orb_opening_bars': 48, 'vol_window': 13}. Best is trial 112 with value: 0.33399999999999996.
Trial 736: ACCEPT (degrade 0.0%) - Eval: -0.142%, Val: 0.383%
[I 2025-10-25 04:37:26,666] Trial 736 finished with value: -0.142 and parameters: {'w_boll': 0.5421413682034736, 'w_rsi': 0.2986166471990272, 'w_mom': 0.12677134658789743, 'w_vwap': 0.5298168434619541, 'w_orb': 1.792485698754285, 'w_ofi': 1.9607239428857286, 'w_vol': 1.7392371812890217, 'win_boll': 15, 'win_rsi': 12, 'win_mom': 4, 'win_vwap': 11, 'orb_opening_bars': 48, 'vol_window': 14}. Best is trial 112 with value: 0.33399999999999996.
Trial 737: ACCEPT (degrade 0.0%) - Eval: -0.058%, Val: 0.095%
[I 2025-10-25 04:37:27,423] Trial 737 finished with value: -0.05800000000000001 and parameters: {'w_boll': 0.5672973930405623, 'w_rsi': 0.33479876451880286, 'w_mom': 0.10322968761205165, 'w_vwap': 0.6127324296191339, 'w_orb': 1.7000638719401933, 'w_ofi': 1.9995568029414064, 'w_vol': 1.6985267663940014, 'win_boll': 14, 'win_rsi': 5, 'win_mom': 4, 'win_vwap': 10, 'orb_opening_bars': 49, 'vol_window': 15}. Best is trial 112 with value: 0.33399999999999996.
Trial 738: ACCEPT (degrade 0.0%) - Eval: -0.006%, Val: 0.149%
[I 2025-10-25 04:37:28,198] Trial 738 finished with value: -0.005999999999999994 and parameters: {'w_boll': 0.5957212907294321, 'w_rsi': 0.2647486977526155, 'w_mom': 1.1544259685612601, 'w_vwap': 0.5741565352109529, 'w_orb': 1.7432634275944054, 'w_ofi': 0.5178163123484772, 'w_vol': 1.7627325447085962, 'win_boll': 14, 'win_rsi': 6, 'win_mom': 4, 'win_vwap': 12, 'orb_opening_bars': 50, 'vol_window': 14}. Best is trial 112 with value: 0.33399999999999996.
Trial 739: ACCEPT (degrade -25.0%) - Eval: 0.212%, Val: 0.265%
[I 2025-10-25 04:37:28,920] Trial 739 finished with value: 0.21199999999999997 and parameters: {'w_boll': 0.5085553644231227, 'w_rsi': 0.30643490592919687, 'w_mom': 0.13888766459709082, 'w_vwap': 0.6136877842303274, 'w_orb': 1.721399313312609, 'w_ofi': 1.961079337891574, 'w_vol': 1.731444360943024, 'win_boll': 15, 'win_rsi': 5, 'win_mom': 3, 'win_vwap': 11, 'orb_opening_bars': 48, 'vol_window': 13}. Best is trial 112 with value: 0.33399999999999996.
Trial 740: ACCEPT (degrade -77.5%) - Eval: 0.120%, Val: 0.213%
[I 2025-10-25 04:37:29,670] Trial 740 finished with value: 0.12 and parameters: {'w_boll': 0.5267607518540923, 'w_rsi': 0.34625120831517314, 'w_mom': 0.13605121153918281, 'w_vwap': 0.634810721078198, 'w_orb': 1.78710218825298, 'w_ofi': 1.9571488705036086, 'w_vol': 1.7897836702166148, 'win_boll': 16, 'win_rsi': 6, 'win_mom': 4, 'win_vwap': 10, 'orb_opening_bars': 49, 'vol_window': 13}. Best is trial 112 with value: 0.33399999999999996.
Trial 741: ACCEPT (degrade -537.0%) - Eval: 0.046%, Val: 0.293%
[I 2025-10-25 04:37:30,540] Trial 741 finished with value: 0.04600000000000001 and parameters: {'w_boll': 0.4856873925611487, 'w_rsi': 0.23565105040820616, 'w_mom': 0.16545554591882813, 'w_vwap': 0.5361948564949224, 'w_orb': 1.6547429381258956, 'w_ofi': 0.7045862958481772, 'w_vol': 1.7865644167222243, 'win_boll': 13, 'win_rsi': 6, 'win_mom': 3, 'win_vwap': 12, 'orb_opening_bars': 48, 'vol_window': 16}. Best is trial 112 with value: 0.33399999999999996.
Trial 742: ACCEPT (degrade 0.0%) - Eval: -0.050%, Val: 0.102%
[I 2025-10-25 04:37:31,296] Trial 742 finished with value: -0.05 and parameters: {'w_boll': 0.6480128501189848, 'w_rsi': 0.19479150084609637, 'w_mom': 0.13037845709015866, 'w_vwap': 1.5759327802182084, 'w_orb': 1.3077918778401085, 'w_ofi': 0.623240523796881, 'w_vol': 1.7124003800408012, 'win_boll': 14, 'win_rsi': 5, 'win_mom': 4, 'win_vwap': 11, 'orb_opening_bars': 50, 'vol_window': 14}. Best is trial 112 with value: 0.33399999999999996.
Trial 743: REJECT (overfit 96.2%) - Eval: 0.208%, Val: 0.008%
[I 2025-10-25 04:37:32,022] Trial 743 finished with value: -999.0 and parameters: {'w_boll': 0.5129403196274578, 'w_rsi': 0.30374055079541373, 'w_mom': 0.7798041692049289, 'w_vwap': 0.5955758154655435, 'w_orb': 1.6781257502524698, 'w_ofi': 0.7448122168302732, 'w_vol': 1.799661934120933, 'win_boll': 17, 'win_rsi': 6, 'win_mom': 3, 'win_vwap': 13, 'orb_opening_bars': 49, 'vol_window': 13}. Best is trial 112 with value: 0.33399999999999996.
Trial 744: ACCEPT (degrade 0.0%) - Eval: -0.068%, Val: 0.375%
