[I 2025-10-25 04:32:51,121] Trial 374 finished with value: -0.018000000000000026 and parameters: {'w_boll': 0.34976384623383816, 'w_rsi': 0.47957517463783167, 'w_mom': 0.23424724360839194, 'w_vwap': 0.7996701162089451, 'w_orb': 1.8332166875329452, 'w_ofi': 0.4225812436783768, 'w_vol': 1.9667257885987985, 'win_boll': 16, 'win_rsi': 6, 'win_mom': 11, 'win_vwap': 12, 'orb_opening_bars': 47, 'vol_window': 12}. Best is trial 112 with value: 0.33399999999999996.
Trial 375: ACCEPT (degrade 0.0%) - Eval: -0.152%, Val: 0.077%
[I 2025-10-25 04:32:51,842] Trial 375 finished with value: -0.15199999999999997 and parameters: {'w_boll': 0.44288815001247034, 'w_rsi': 0.35263048843627376, 'w_mom': 0.2925161137216404, 'w_vwap': 0.5559000564631418, 'w_orb': 1.9283378849004151, 'w_ofi': 0.9751121079508489, 'w_vol': 1.8984218135473094, 'win_boll': 13, 'win_rsi': 7, 'win_mom': 13, 'win_vwap': 12, 'orb_opening_bars': 49, 'vol_window': 12}. Best is trial 112 with value: 0.33399999999999996.
Trial 376: REJECT (overfit 125.8%) - Eval: 0.132%, Val: -0.034%
[I 2025-10-25 04:32:52,629] Trial 376 finished with value: -999.0 and parameters: {'w_boll': 0.3940163590988924, 'w_rsi': 0.42583692535793727, 'w_mom': 0.12974701553807122, 'w_vwap': 0.697932653652861, 'w_orb': 1.9684891323649687, 'w_ofi': 0.8220336877860726, 'w_vol': 1.8189263762908217, 'win_boll': 11, 'win_rsi': 5, 'win_mom': 3, 'win_vwap': 14, 'orb_opening_bars': 48, 'vol_window': 15}. Best is trial 112 with value: 0.33399999999999996.
Trial 377: ACCEPT (degrade -437.1%) - Eval: 0.070%, Val: 0.376%
[I 2025-10-25 04:32:53,386] Trial 377 finished with value: 0.07000000000000002 and parameters: {'w_boll': 0.5095855279919204, 'w_rsi': 0.8327325038981226, 'w_mom': 0.20368895741408388, 'w_vwap': 0.5979451766720698, 'w_orb': 1.9996035764050604, 'w_ofi': 0.5426134692595513, 'w_vol': 1.9469309084012014, 'win_boll': 10, 'win_rsi': 7, 'win_mom': 4, 'win_vwap': 13, 'orb_opening_bars': 41, 'vol_window': 11}. Best is trial 112 with value: 0.33399999999999996.
Trial 378: ACCEPT (degrade 0.0%) - Eval: -0.012%, Val: 0.285%
[I 2025-10-25 04:32:54,128] Trial 378 finished with value: -0.012000000000000004 and parameters: {'w_boll': 0.445128827129133, 'w_rsi': 0.3790459699130301, 'w_mom': 0.16959720195944966, 'w_vwap': 0.8388574525161014, 'w_orb': 1.7723356301400224, 'w_ofi': 1.6810162158748918, 'w_vol': 0.18303469063796718, 'win_boll': 12, 'win_rsi': 6, 'win_mom': 3, 'win_vwap': 11, 'orb_opening_bars': 46, 'vol_window': 10}. Best is trial 112 with value: 0.33399999999999996.
Trial 379: ACCEPT (degrade 0.0%) - Eval: -0.182%, Val: 0.230%
[I 2025-10-25 04:32:54,869] Trial 379 finished with value: -0.182 and parameters: {'w_boll': 0.3286742405090113, 'w_rsi': 0.5264442628079229, 'w_mom': 0.2583819447920251, 'w_vwap': 0.7503646687979915, 'w_orb': 1.9075731599405983, 'w_ofi': 0.7073852370445036, 'w_vol': 1.7563571869715342, 'win_boll': 11, 'win_rsi': 19, 'win_mom': 8, 'win_vwap': 12, 'orb_opening_bars': 43, 'vol_window': 13}. Best is trial 112 with value: 0.33399999999999996.
Trial 380: ACCEPT (degrade 3.8%) - Eval: 0.160%, Val: 0.154%
[I 2025-10-25 04:32:55,664] Trial 380 finished with value: 0.15999999999999998 and parameters: {'w_boll': 0.2641176395006714, 'w_rsi': 0.3024707829549073, 'w_mom': 0.134324895449336, 'w_vwap': 0.6461401359346379, 'w_orb': 1.8670104891605925, 'w_ofi': 0.8672700562600093, 'w_vol': 1.4542869736751, 'win_boll': 18, 'win_rsi': 7, 'win_mom': 3, 'win_vwap': 15, 'orb_opening_bars': 49, 'vol_window': 10}. Best is trial 112 with value: 0.33399999999999996.
Trial 381: REJECT (overfit 0.0%) - Eval: -0.108%, Val: -0.204%
[I 2025-10-25 04:32:56,430] Trial 381 finished with value: -999.0 and parameters: {'w_boll': 1.5250619371562095, 'w_rsi': 0.46271096610296036, 'w_mom': 0.20693559524034832, 'w_vwap': 0.6913477123772191, 'w_orb': 1.813333216324349, 'w_ofi': 1.7876242575098535, 'w_vol': 1.67941182788457, 'win_boll': 20, 'win_rsi': 8, 'win_mom': 6, 'win_vwap': 12, 'orb_opening_bars': 12, 'vol_window': 11}. Best is trial 112 with value: 0.33399999999999996.
Trial 382: ACCEPT (degrade -1881.3%) - Eval: 0.016%, Val: 0.317%
[I 2025-10-25 04:32:57,198] Trial 382 finished with value: 0.015999999999999997 and parameters: {'w_boll': 0.38132546074529494, 'w_rsi': 0.4085589661662041, 'w_mom': 0.172734259353576, 'w_vwap': 0.6161898388569046, 'w_orb': 1.9310392404377807, 'w_ofi': 0.6802783751926393, 'w_vol': 1.8580463314039186, 'win_boll': 15, 'win_rsi': 7, 'win_mom': 15, 'win_vwap': 23, 'orb_opening_bars': 48, 'vol_window': 12}. Best is trial 112 with value: 0.33399999999999996.
Trial 383: REJECT (overfit 345.0%) - Eval: 0.040%, Val: -0.098%
[I 2025-10-25 04:32:57,933] Trial 383 finished with value: -999.0 and parameters: {'w_boll': 0.4916205690715126, 'w_rsi': 0.34583446259304707, 'w_mom': 0.22437597589971447, 'w_vwap': 0.7457830190223808, 'w_orb': 1.4493635840004697, 'w_ofi': 0.7628549899211639, 'w_vol': 1.8223820994381061, 'win_boll': 10, 'win_rsi': 6, 'win_mom': 4, 'win_vwap': 13, 'orb_opening_bars': 47, 'vol_window': 11}. Best is trial 112 with value: 0.33399999999999996.
Trial 384: ACCEPT (degrade -470.7%) - Eval: 0.058%, Val: 0.331%
[I 2025-10-25 04:32:58,670] Trial 384 finished with value: 0.05800000000000001 and parameters: {'w_boll': 0.40815954733511456, 'w_rsi': 0.5163720588763641, 'w_mom': 0.13410822631057084, 'w_vwap': 0.7875588896279562, 'w_orb': 1.893485167551771, 'w_ofi': 0.6162015580114943, 'w_vol': 1.7813712055368485, 'win_boll': 13, 'win_rsi': 8, 'win_mom': 5, 'win_vwap': 10, 'orb_opening_bars': 44, 'vol_window': 10}. Best is trial 112 with value: 0.33399999999999996.
Trial 385: ACCEPT (degrade 0.0%) - Eval: -0.012%, Val: 0.304%
[I 2025-10-25 04:32:59,415] Trial 385 finished with value: -0.012 and parameters: {'w_boll': 0.556423987515153, 'w_rsi': 0.25245173545627364, 'w_mom': 0.2542607272575301, 'w_vwap': 0.5648305669382875, 'w_orb': 1.9597432514992854, 'w_ofi': 0.732721273297751, 'w_vol': 0.847277482641083, 'win_boll': 21, 'win_rsi': 7, 'win_mom': 3, 'win_vwap': 14, 'orb_opening_bars': 45, 'vol_window': 14}. Best is trial 112 with value: 0.33399999999999996.
Trial 386: ACCEPT (degrade 0.0%) - Eval: -0.160%, Val: 0.289%
[I 2025-10-25 04:33:01,277] Trial 386 finished with value: -0.16 and parameters: {'w_boll': 0.3080725827116208, 'w_rsi': 0.41914241955952514, 'w_mom': 0.19846274050527266, 'w_vwap': 0.6633610415770335, 'w_orb': 1.939270962001803, 'w_ofi': 0.6573601826840553, 'w_vol': 0.6402782840831345, 'win_boll': 14, 'win_rsi': 5, 'win_mom': 9, 'win_vwap': 11, 'orb_opening_bars': 50, 'vol_window': 12}. Best is trial 112 with value: 0.33399999999999996.
Trial 387: REJECT (overfit 104.2%) - Eval: 0.260%, Val: -0.011%Best trial: 112. Best value: 0.334:  20%|██        | 403/2000 [05:10<20:21,  1.31it/s]Best trial: 112. Best value: 0.334:  20%|██        | 403/2000 [05:10<20:21,  1.31it/s]Best trial: 112. Best value: 0.334:  20%|██        | 404/2000 [05:10<20:23,  1.30it/s]                                                                                      Best trial: 112. Best value: 0.334:  20%|██        | 404/2000 [05:11<20:23,  1.30it/s]Best trial: 112. Best value: 0.334:  20%|██        | 404/2000 [05:11<20:23,  1.30it/s]Best trial: 112. Best value: 0.334:  20%|██        | 405/2000 [05:11<20:23,  1.30it/s]                                                                                      Best trial: 112. Best value: 0.334:  20%|██        | 405/2000 [05:12<20:23,  1.30it/s]Best trial: 112. Best value: 0.334:  20%|██        | 405/2000 [05:12<20:23,  1.30it/s]Best trial: 112. Best value: 0.334:  20%|██        | 406/2000 [05:12<20:13,  1.31it/s]                                                                                      Best trial: 112. Best value: 0.334:  20%|██        | 406/2000 [05:13<20:13,  1.31it/s]Best trial: 112. Best value: 0.334:  20%|██        | 406/2000 [05:13<20:13,  1.31it/s]Best trial: 112. Best value: 0.334:  20%|██        | 407/2000 [05:13<20:08,  1.32it/s]                                                                                      Best trial: 112. Best value: 0.334:  20%|██        | 407/2000 [05:13<20:08,  1.32it/s]Best trial: 112. Best value: 0.334:  20%|██        | 407/2000 [05:13<20:08,  1.32it/s]Best trial: 112. Best value: 0.334:  20%|██        | 408/2000 [05:13<20:00,  1.33it/s]                                                                                      Best trial: 112. Best value: 0.334:  20%|██        | 408/2000 [05:14<20:00,  1.33it/s]Best trial: 112. Best value: 0.334:  20%|██        | 408/2000 [05:14<20:00,  1.33it/s]Best trial: 112. Best value: 0.334:  20%|██        | 409/2000 [05:14<19:42,  1.35it/s]                                                                                      Best trial: 112. Best value: 0.334:  20%|██        | 409/2000 [05:15<19:42,  1.35it/s]Best trial: 112. Best value: 0.334:  20%|██        | 409/2000 [05:15<19:42,  1.35it/s]Best trial: 112. Best value: 0.334:  20%|██        | 410/2000 [05:15<20:00,  1.32it/s]                                                                                      Best trial: 112. Best value: 0.334:  20%|██        | 410/2000 [05:16<20:00,  1.32it/s]Best trial: 112. Best value: 0.334:  20%|██        | 410/2000 [05:16<20:00,  1.32it/s]Best trial: 112. Best value: 0.334:  21%|██        | 411/2000 [05:16<20:04,  1.32it/s]                                                                                      Best trial: 112. Best value: 0.334:  21%|██        | 411/2000 [05:16<20:04,  1.32it/s]Best trial: 112. Best value: 0.334:  21%|██        | 411/2000 [05:16<20:04,  1.32it/s]Best trial: 112. Best value: 0.334:  21%|██        | 412/2000 [05:16<20:00,  1.32it/s]                                                                                      Best trial: 112. Best value: 0.334:  21%|██        | 412/2000 [05:17<20:00,  1.32it/s]Best trial: 112. Best value: 0.334:  21%|██        | 412/2000 [05:17<20:00,  1.32it/s]Best trial: 112. Best value: 0.334:  21%|██        | 413/2000 [05:17<20:07,  1.31it/s]                                                                                      Best trial: 112. Best value: 0.334:  21%|██        | 413/2000 [05:18<20:07,  1.31it/s]Best trial: 112. Best value: 0.334:  21%|██        | 413/2000 [05:18<20:07,  1.31it/s]Best trial: 112. Best value: 0.334:  21%|██        | 414/2000 [05:18<20:08,  1.31it/s]                                                                                      Best trial: 112. Best value: 0.334:  21%|██        | 414/2000 [05:19<20:08,  1.31it/s]Best trial: 112. Best value: 0.334:  21%|██        | 414/2000 [05:19<20:08,  1.31it/s]Best trial: 112. Best value: 0.334:  21%|██        | 415/2000 [05:19<20:00,  1.32it/s]                                                                                      Best trial: 112. Best value: 0.334:  21%|██        | 415/2000 [05:19<20:00,  1.32it/s]Best trial: 112. Best value: 0.334:  21%|██        | 415/2000 [05:19<20:00,  1.32it/s]Best trial: 112. Best value: 0.334:  21%|██        | 416/2000 [05:19<19:55,  1.32it/s]                                                                                      Best trial: 112. Best value: 0.334:  21%|██        | 416/2000 [05:20<19:55,  1.32it/s]Best trial: 112. Best value: 0.334:  21%|██        | 416/2000 [05:20<19:55,  1.32it/s]Best trial: 112. Best value: 0.334:  21%|██        | 417/2000 [05:20<19:51,  1.33it/s]                                                                                      Best trial: 112. Best value: 0.334:  21%|██        | 417/2000 [05:21<19:51,  1.33it/s]Best trial: 112. Best value: 0.334:  21%|██        | 417/2000 [05:21<19:51,  1.33it/s]Best trial: 112. Best value: 0.334:  21%|██        | 418/2000 [05:21<19:47,  1.33it/s]                                                                                      Best trial: 112. Best value: 0.334:  21%|██        | 418/2000 [05:22<19:47,  1.33it/s]Best trial: 112. Best value: 0.334:  21%|██        | 418/2000 [05:22<19:47,  1.33it/s]Best trial: 112. Best value: 0.334:  21%|██        | 419/2000 [05:22<19:42,  1.34it/s]                                                                                      
[I 2025-10-25 04:33:01,997] Trial 387 finished with value: -999.0 and parameters: {'w_boll': 0.3620651638450743, 'w_rsi': 0.36970749019029725, 'w_mom': 0.3070040397134371, 'w_vwap': 0.6988727658604568, 'w_orb': 1.9999373551791078, 'w_ofi': 0.5007101442700292, 'w_vol': 1.916949704782617, 'win_boll': 12, 'win_rsi': 7, 'win_mom': 4, 'win_vwap': 12, 'orb_opening_bars': 46, 'vol_window': 10}. Best is trial 112 with value: 0.33399999999999996.
Trial 388: ACCEPT (degrade -52.3%) - Eval: 0.176%, Val: 0.268%
[I 2025-10-25 04:33:02,773] Trial 388 finished with value: 0.176 and parameters: {'w_boll': 0.4471818506624121, 'w_rsi': 0.4753208325362107, 'w_mom': 0.10044352038557924, 'w_vwap': 0.6054853592160794, 'w_orb': 1.8448054327160737, 'w_ofi': 0.5550311654349102, 'w_vol': 0.9264631231727054, 'win_boll': 11, 'win_rsi': 8, 'win_mom': 3, 'win_vwap': 14, 'orb_opening_bars': 48, 'vol_window': 11}. Best is trial 112 with value: 0.33399999999999996.
Trial 389: ACCEPT (degrade 0.0%) - Eval: -0.146%, Val: 0.089%
[I 2025-10-25 04:33:03,568] Trial 389 finished with value: -0.146 and parameters: {'w_boll': 0.5152949442278127, 'w_rsi': 0.321711628890778, 'w_mom': 0.16311523819006232, 'w_vwap': 0.5056852350466565, 'w_orb': 1.880771301593279, 'w_ofi': 0.703049185307339, 'w_vol': 0.7388722849993832, 'win_boll': 10, 'win_rsi': 6, 'win_mom': 4, 'win_vwap': 17, 'orb_opening_bars': 49, 'vol_window': 13}. Best is trial 112 with value: 0.33399999999999996.
Trial 390: ACCEPT (degrade -233.3%) - Eval: 0.132%, Val: 0.440%
[I 2025-10-25 04:33:04,317] Trial 390 finished with value: 0.13199999999999995 and parameters: {'w_boll': 0.2287888894267202, 'w_rsi': 0.28146995543965825, 'w_mom': 0.13766973603323834, 'w_vwap': 0.9638776886006851, 'w_orb': 1.7544674545650496, 'w_ofi': 0.7796866812766288, 'w_vol': 1.8770472720314424, 'win_boll': 13, 'win_rsi': 12, 'win_mom': 3, 'win_vwap': 10, 'orb_opening_bars': 47, 'vol_window': 11}. Best is trial 112 with value: 0.33399999999999996.
Trial 391: ACCEPT (degrade 0.0%) - Eval: -0.096%, Val: 0.081%
[I 2025-10-25 04:33:05,031] Trial 391 finished with value: -0.09600000000000002 and parameters: {'w_boll': 0.41821413072598906, 'w_rsi': 0.440733540877148, 'w_mom': 0.24223661048311837, 'w_vwap': 0.7365150421480633, 'w_orb': 1.932152581498848, 'w_ofi': 1.723297948432263, 'w_vol': 1.7298032301913553, 'win_boll': 17, 'win_rsi': 6, 'win_mom': 14, 'win_vwap': 13, 'orb_opening_bars': 50, 'vol_window': 12}. Best is trial 112 with value: 0.33399999999999996.
Trial 392: ACCEPT (degrade -35.4%) - Eval: 0.130%, Val: 0.176%
[I 2025-10-25 04:33:05,817] Trial 392 finished with value: 0.13 and parameters: {'w_boll': 0.46219400987495346, 'w_rsi': 0.3932114799304572, 'w_mom': 0.19908540577509679, 'w_vwap': 0.3780888693011533, 'w_orb': 1.8040737772133337, 'w_ofi': 1.8652189342526906, 'w_vol': 1.9533345189564932, 'win_boll': 12, 'win_rsi': 7, 'win_mom': 4, 'win_vwap': 11, 'orb_opening_bars': 48, 'vol_window': 10}. Best is trial 112 with value: 0.33399999999999996.
Trial 393: REJECT (overfit 43.0%) - Eval: 0.242%, Val: 0.138%
[I 2025-10-25 04:33:06,566] Trial 393 finished with value: -999.0 and parameters: {'w_boll': 0.34518829877546264, 'w_rsi': 0.34468907682123, 'w_mom': 0.8707634794847848, 'w_vwap': 0.6457878854363832, 'w_orb': 1.9019507370794768, 'w_ofi': 0.5975024611933303, 'w_vol': 1.8291123495505972, 'win_boll': 11, 'win_rsi': 7, 'win_mom': 5, 'win_vwap': 13, 'orb_opening_bars': 42, 'vol_window': 12}. Best is trial 112 with value: 0.33399999999999996.
Trial 394: ACCEPT (degrade 0.0%) - Eval: -0.098%, Val: 0.459%
[I 2025-10-25 04:33:07,319] Trial 394 finished with value: -0.098 and parameters: {'w_boll': 0.3873861722313761, 'w_rsi': 0.20860343460184377, 'w_mom': 0.2832434538600597, 'w_vwap': 0.9040410826123505, 'w_orb': 1.9657114466699552, 'w_ofi': 0.6416052323255726, 'w_vol': 1.7761278238469909, 'win_boll': 13, 'win_rsi': 6, 'win_mom': 12, 'win_vwap': 38, 'orb_opening_bars': 46, 'vol_window': 13}. Best is trial 112 with value: 0.33399999999999996.
Trial 395: ACCEPT (degrade -335.2%) - Eval: 0.054%, Val: 0.235%
[I 2025-10-25 04:33:08,045] Trial 395 finished with value: 0.054000000000000006 and parameters: {'w_boll': 0.4849795713159837, 'w_rsi': 0.5098091198993523, 'w_mom': 0.1697201438903369, 'w_vwap': 0.8329777061640385, 'w_orb': 1.8412367702934649, 'w_ofi': 0.7468867400690531, 'w_vol': 1.8928278553860598, 'win_boll': 15, 'win_rsi': 8, 'win_mom': 3, 'win_vwap': 11, 'orb_opening_bars': 49, 'vol_window': 11}. Best is trial 112 with value: 0.33399999999999996.
Trial 396: ACCEPT (degrade 0.0%) - Eval: -0.166%, Val: 0.149%
[I 2025-10-25 04:33:08,834] Trial 396 finished with value: -0.166 and parameters: {'w_boll': 0.2862501236445224, 'w_rsi': 0.4453466708715883, 'w_mom': 0.1325785349790043, 'w_vwap': 0.7789791236450158, 'w_orb': 1.9990791706473168, 'w_ofi': 0.6631615201128696, 'w_vol': 1.8454325610348377, 'win_boll': 50, 'win_rsi': 7, 'win_mom': 3, 'win_vwap': 16, 'orb_opening_bars': 45, 'vol_window': 10}. Best is trial 112 with value: 0.33399999999999996.
Trial 397: ACCEPT (degrade 0.0%) - Eval: -0.048%, Val: 0.331%
[I 2025-10-25 04:33:09,578] Trial 397 finished with value: -0.04800000000000001 and parameters: {'w_boll': 0.5511787298751077, 'w_rsi': 1.2049278224123297, 'w_mom': 0.21585253444050068, 'w_vwap': 0.5548357220322235, 'w_orb': 1.937230790585869, 'w_ofi': 0.8067784271113971, 'w_vol': 1.931710808975243, 'win_boll': 19, 'win_rsi': 26, 'win_mom': 5, 'win_vwap': 12, 'orb_opening_bars': 44, 'vol_window': 10}. Best is trial 112 with value: 0.33399999999999996.
Trial 398: ACCEPT (degrade -80.3%) - Eval: 0.076%, Val: 0.137%
[I 2025-10-25 04:33:10,332] Trial 398 finished with value: 0.07599999999999998 and parameters: {'w_boll': 0.4271502734397869, 'w_rsi': 0.39158273704037905, 'w_mom': 0.2494394292671464, 'w_vwap': 0.7169337685835828, 'w_orb': 1.9654225738955813, 'w_ofi': 0.9028756701684387, 'w_vol': 1.7075517696000864, 'win_boll': 10, 'win_rsi': 9, 'win_mom': 3, 'win_vwap': 10, 'orb_opening_bars': 47, 'vol_window': 15}. Best is trial 112 with value: 0.33399999999999996.
Trial 399: REJECT (overfit 87.8%) - Eval: 0.172%, Val: 0.021%
[I 2025-10-25 04:33:11,053] Trial 399 finished with value: -999.0 and parameters: {'w_boll': 0.3346362184693413, 'w_rsi': 0.3022852260806604, 'w_mom': 0.34065755541409615, 'w_vwap': 0.6692276486574866, 'w_orb': 1.876762011470174, 'w_ofi': 0.7122612583182015, 'w_vol': 1.811242009793848, 'win_boll': 12, 'win_rsi': 6, 'win_mom': 11, 'win_vwap': 14, 'orb_opening_bars': 49, 'vol_window': 37}. Best is trial 112 with value: 0.33399999999999996.
Trial 400: ACCEPT (degrade 13.3%) - Eval: 0.256%, Val: 0.222%
[I 2025-10-25 04:33:11,862] Trial 400 finished with value: 0.25599999999999995 and parameters: {'w_boll': 0.5075508874455381, 'w_rsi': 0.3547997376150393, 'w_mom': 0.1768373894003695, 'w_vwap': 0.5989049797211626, 'w_orb': 1.913352235038484, 'w_ofi': 1.4052183040337372, 'w_vol': 1.9627258783389394, 'win_boll': 11, 'win_rsi': 5, 'win_mom': 4, 'win_vwap': 15, 'orb_opening_bars': 48, 'vol_window': 11}. Best is trial 112 with value: 0.33399999999999996.
Trial 401: ACCEPT (degrade 0.0%) - Eval: -0.180%, Val: 0.086%
[I 2025-10-25 04:33:12,643] Trial 401 finished with value: -0.18 and parameters: {'w_boll': 0.3985755430470848, 'w_rsi': 0.27184396218159024, 'w_mom': 0.18184303232986934, 'w_vwap': 0.5892981243517026, 'w_orb': 1.9080256546380776, 'w_ofi': 1.449950431451653, 'w_vol': 1.9955809458075027, 'win_boll': 14, 'win_rsi': 5, 'win_mom': 4, 'win_vwap': 17, 'orb_opening_bars': 48, 'vol_window': 12}. Best is trial 112 with value: 0.33399999999999996.
Trial 402: ACCEPT (degrade 0.0%) - Eval: -0.190%, Val: 0.278%
[I 2025-10-25 04:33:13,394] Trial 402 finished with value: -0.19 and parameters: {'w_boll': 0.5173991299006001, 'w_rsi': 0.3393934290687973, 'w_mom': 0.23145545213267626, 'w_vwap': 0.5472762322782792, 'w_orb': 1.9263006028855347, 'w_ofi': 1.6206557567744524, 'w_vol': 1.9632518592921777, 'win_boll': 13, 'win_rsi': 5, 'win_mom': 3, 'win_vwap': 16, 'orb_opening_bars': 50, 'vol_window': 33}. Best is trial 112 with value: 0.33399999999999996.
Trial 403: REJECT (overfit 96.5%) - Eval: 0.142%, Val: 0.005%
