[I 2025-10-25 04:44:37,760] Trial 1297 finished with value: 0.20199999999999996 and parameters: {'w_boll': 0.373141673398999, 'w_rsi': 0.43963017403366217, 'w_mom': 1.3351497186918586, 'w_vwap': 0.7974234670300085, 'w_orb': 1.6094284661320037, 'w_ofi': 0.4109611162170795, 'w_vol': 1.8525342212423022, 'win_boll': 13, 'win_rsi': 8, 'win_mom': 5, 'win_vwap': 32, 'orb_opening_bars': 49, 'vol_window': 10}. Best is trial 868 with value: 0.384.
Trial 1298: ACCEPT (degrade -120.9%) - Eval: 0.134%, Val: 0.296%
[I 2025-10-25 04:44:38,559] Trial 1298 finished with value: 0.13399999999999998 and parameters: {'w_boll': 0.41151573974080596, 'w_rsi': 0.2788874720930106, 'w_mom': 0.18012680646548695, 'w_vwap': 0.570684351535157, 'w_orb': 1.9663142798491067, 'w_ofi': 0.46442076954307204, 'w_vol': 1.8858584091881563, 'win_boll': 14, 'win_rsi': 6, 'win_mom': 3, 'win_vwap': 14, 'orb_opening_bars': 47, 'vol_window': 12}. Best is trial 868 with value: 0.384.Best trial: 868. Best value: 0.384:  66%|██████▌   | 1315/2000 [16:48<08:47,  1.30it/s]Best trial: 868. Best value: 0.384:  66%|██████▌   | 1315/2000 [16:48<08:47,  1.30it/s]Best trial: 868. Best value: 0.384:  66%|██████▌   | 1316/2000 [16:48<08:47,  1.30it/s]                                                                                       Best trial: 868. Best value: 0.384:  66%|██████▌   | 1316/2000 [16:48<08:47,  1.30it/s]Best trial: 868. Best value: 0.384:  66%|██████▌   | 1316/2000 [16:48<08:47,  1.30it/s]Best trial: 868. Best value: 0.384:  66%|██████▌   | 1317/2000 [16:48<08:47,  1.30it/s]                                                                                       Best trial: 868. Best value: 0.384:  66%|██████▌   | 1317/2000 [16:49<08:47,  1.30it/s]Best trial: 868. Best value: 0.384:  66%|██████▌   | 1317/2000 [16:49<08:47,  1.30it/s]Best trial: 868. Best value: 0.384:  66%|██████▌   | 1318/2000 [16:49<08:37,  1.32it/s]                                                                                       Best trial: 868. Best value: 0.384:  66%|██████▌   | 1318/2000 [16:50<08:37,  1.32it/s]Best trial: 868. Best value: 0.384:  66%|██████▌   | 1318/2000 [16:50<08:37,  1.32it/s]Best trial: 868. Best value: 0.384:  66%|██████▌   | 1319/2000 [16:50<08:35,  1.32it/s]                                                                                       Best trial: 868. Best value: 0.384:  66%|██████▌   | 1319/2000 [16:51<08:35,  1.32it/s]Best trial: 868. Best value: 0.384:  66%|██████▌   | 1319/2000 [16:51<08:35,  1.32it/s]Best trial: 868. Best value: 0.384:  66%|██████▌   | 1320/2000 [16:51<08:33,  1.32it/s]                                                                                       Best trial: 868. Best value: 0.384:  66%|██████▌   | 1320/2000 [16:51<08:33,  1.32it/s]Best trial: 868. Best value: 0.384:  66%|██████▌   | 1320/2000 [16:51<08:33,  1.32it/s]Best trial: 868. Best value: 0.384:  66%|██████▌   | 1321/2000 [16:51<08:32,  1.32it/s]                                                                                       Best trial: 868. Best value: 0.384:  66%|██████▌   | 1321/2000 [16:52<08:32,  1.32it/s]Best trial: 868. Best value: 0.384:  66%|██████▌   | 1321/2000 [16:52<08:32,  1.32it/s]Best trial: 868. Best value: 0.384:  66%|██████▌   | 1322/2000 [16:52<08:26,  1.34it/s]                                                                                       Best trial: 868. Best value: 0.384:  66%|██████▌   | 1322/2000 [16:53<08:26,  1.34it/s]Best trial: 868. Best value: 0.384:  66%|██████▌   | 1322/2000 [16:53<08:26,  1.34it/s]Best trial: 868. Best value: 0.384:  66%|██████▌   | 1323/2000 [16:53<08:35,  1.31it/s]                                                                                       Best trial: 868. Best value: 0.384:  66%|██████▌   | 1323/2000 [16:54<08:35,  1.31it/s]Best trial: 868. Best value: 0.384:  66%|██████▌   | 1323/2000 [16:54<08:35,  1.31it/s]Best trial: 868. Best value: 0.384:  66%|██████▌   | 1324/2000 [16:54<08:34,  1.31it/s]                                                                                       Best trial: 868. Best value: 0.384:  66%|██████▌   | 1324/2000 [16:54<08:34,  1.31it/s]Best trial: 868. Best value: 0.384:  66%|██████▌   | 1324/2000 [16:54<08:34,  1.31it/s]Best trial: 868. Best value: 0.384:  66%|██████▋   | 1325/2000 [16:54<08:33,  1.31it/s]                                                                                       Best trial: 868. Best value: 0.384:  66%|██████▋   | 1325/2000 [16:55<08:33,  1.31it/s]Best trial: 868. Best value: 0.384:  66%|██████▋   | 1325/2000 [16:55<08:33,  1.31it/s]Best trial: 868. Best value: 0.384:  66%|██████▋   | 1326/2000 [16:55<08:27,  1.33it/s]                                                                                       Best trial: 868. Best value: 0.384:  66%|██████▋   | 1326/2000 [16:56<08:27,  1.33it/s]Best trial: 868. Best value: 0.384:  66%|██████▋   | 1326/2000 [16:56<08:27,  1.33it/s]Best trial: 868. Best value: 0.384:  66%|██████▋   | 1327/2000 [16:56<08:33,  1.31it/s]                                                                                       Best trial: 868. Best value: 0.384:  66%|██████▋   | 1327/2000 [16:57<08:33,  1.31it/s]Best trial: 868. Best value: 0.384:  66%|██████▋   | 1327/2000 [16:57<08:33,  1.31it/s]Best trial: 868. Best value: 0.384:  66%|██████▋   | 1328/2000 [16:57<08:55,  1.25it/s]                                                                                       Best trial: 868. Best value: 0.384:  66%|██████▋   | 1328/2000 [16:58<08:55,  1.25it/s]Best trial: 868. Best value: 0.384:  66%|██████▋   | 1328/2000 [16:58<08:55,  1.25it/s]Best trial: 868. Best value: 0.384:  66%|██████▋   | 1329/2000 [16:58<08:44,  1.28it/s]                                                                                       Best trial: 868. Best value: 0.384:  66%|██████▋   | 1329/2000 [16:58<08:44,  1.28it/s]Best trial: 868. Best value: 0.384:  66%|██████▋   | 1329/2000 [16:58<08:44,  1.28it/s]Best trial: 868. Best value: 0.384:  66%|██████▋   | 1330/2000 [16:58<08:37,  1.29it/s]                                                                                       Best trial: 868. Best value: 0.384:  66%|██████▋   | 1330/2000 [16:59<08:37,  1.29it/s]Best trial: 868. Best value: 0.384:  66%|██████▋   | 1330/2000 [16:59<08:37,  1.29it/s]Best trial: 868. Best value: 0.384:  67%|██████▋   | 1331/2000 [16:59<08:28,  1.32it/s]                                                                                       Best trial: 868. Best value: 0.384:  67%|██████▋   | 1331/2000 [17:00<08:28,  1.32it/s]Best trial: 868. Best value: 0.384:  67%|██████▋   | 1331/2000 [17:00<08:28,  1.32it/s]Best trial: 868. Best value: 0.384:  67%|██████▋   | 1332/2000 [17:00<08:26,  1.32it/s]                                                                                       
Trial 1299: ACCEPT (degrade 0.0%) - Eval: -0.022%, Val: 0.279%
[I 2025-10-25 04:44:39,311] Trial 1299 finished with value: -0.022 and parameters: {'w_boll': 0.2776250227526817, 'w_rsi': 0.20078364241679092, 'w_mom': 1.434288028216003, 'w_vwap': 1.1275972879064573, 'w_orb': 1.997960734741606, 'w_ofi': 0.5092989782655564, 'w_vol': 1.933257490185145, 'win_boll': 12, 'win_rsi': 18, 'win_mom': 4, 'win_vwap': 16, 'orb_opening_bars': 48, 'vol_window': 13}. Best is trial 868 with value: 0.384.
Trial 1300: ACCEPT (degrade -68.8%) - Eval: 0.138%, Val: 0.233%
[I 2025-10-25 04:44:40,044] Trial 1300 finished with value: 0.138 and parameters: {'w_boll': 0.3228458204448228, 'w_rsi': 0.4068101597470413, 'w_mom': 1.0123841773286617, 'w_vwap': 0.6693361838504774, 'w_orb': 1.8982957523971895, 'w_ofi': 1.7484485290103173, 'w_vol': 1.8417431241855966, 'win_boll': 11, 'win_rsi': 7, 'win_mom': 5, 'win_vwap': 12, 'orb_opening_bars': 30, 'vol_window': 11}. Best is trial 868 with value: 0.384.
Trial 1301: ACCEPT (degrade 0.0%) - Eval: -0.010%, Val: -0.008%
[I 2025-10-25 04:44:40,798] Trial 1301 finished with value: -0.009999999999999981 and parameters: {'w_boll': 0.4472126838808458, 'w_rsi': 0.33867438998728056, 'w_mom': 1.6070836879331523, 'w_vwap': 0.7158384445084833, 'w_orb': 1.8676431199442367, 'w_ofi': 1.916438001735814, 'w_vol': 1.745893958367959, 'win_boll': 15, 'win_rsi': 5, 'win_mom': 6, 'win_vwap': 13, 'orb_opening_bars': 13, 'vol_window': 12}. Best is trial 868 with value: 0.384.
Trial 1302: ACCEPT (degrade 0.0%) - Eval: -0.116%, Val: 0.302%
[I 2025-10-25 04:44:41,598] Trial 1302 finished with value: -0.11600000000000002 and parameters: {'w_boll': 0.37671684121806875, 'w_rsi': 0.23902159433622833, 'w_mom': 0.3437348535352047, 'w_vwap': 0.6190560933622921, 'w_orb': 1.9403607254569173, 'w_ofi': 0.7971078054583685, 'w_vol': 1.817005397152382, 'win_boll': 14, 'win_rsi': 7, 'win_mom': 7, 'win_vwap': 10, 'orb_opening_bars': 49, 'vol_window': 10}. Best is trial 868 with value: 0.384.
Trial 1303: REJECT (overfit 58.2%) - Eval: 0.268%, Val: 0.112%
[I 2025-10-25 04:44:42,364] Trial 1303 finished with value: -999.0 and parameters: {'w_boll': 0.3473339235081913, 'w_rsi': 0.1487885093289418, 'w_mom': 1.2656210845636442, 'w_vwap': 0.7624117507136974, 'w_orb': 1.9013429303445568, 'w_ofi': 1.8406112592814499, 'w_vol': 1.9631307967377405, 'win_boll': 12, 'win_rsi': 6, 'win_mom': 8, 'win_vwap': 12, 'orb_opening_bars': 50, 'vol_window': 11}. Best is trial 868 with value: 0.384.
Trial 1304: REJECT (overfit 495.3%) - Eval: 0.064%, Val: -0.253%
[I 2025-10-25 04:44:43,121] Trial 1304 finished with value: -999.0 and parameters: {'w_boll': 1.0265469083784486, 'w_rsi': 0.5756122084425583, 'w_mom': 0.24470001781609005, 'w_vwap': 0.8463068923150935, 'w_orb': 1.7456863847179314, 'w_ofi': 0.6687837707678504, 'w_vol': 1.8953721023670276, 'win_boll': 10, 'win_rsi': 5, 'win_mom': 4, 'win_vwap': 14, 'orb_opening_bars': 48, 'vol_window': 10}. Best is trial 868 with value: 0.384.
Trial 1305: ACCEPT (degrade 0.0%) - Eval: -0.094%, Val: 0.355%
[I 2025-10-25 04:44:43,846] Trial 1305 finished with value: -0.094 and parameters: {'w_boll': 0.2002411178318167, 'w_rsi': 0.2718038070513063, 'w_mom': 0.1001031357346232, 'w_vwap': 0.6840005204601756, 'w_orb': 1.8306501170322096, 'w_ofi': 0.5730755121225246, 'w_vol': 1.7851518640455046, 'win_boll': 16, 'win_rsi': 13, 'win_mom': 6, 'win_vwap': 11, 'orb_opening_bars': 49, 'vol_window': 12}. Best is trial 868 with value: 0.384.
Trial 1306: ACCEPT (degrade 0.0%) - Eval: -0.034%, Val: 0.138%
[I 2025-10-25 04:44:44,638] Trial 1306 finished with value: -0.03400000000000001 and parameters: {'w_boll': 0.4246931499931665, 'w_rsi': 0.47862019067452555, 'w_mom': 0.16199480742709188, 'w_vwap': 0.652084901004829, 'w_orb': 1.9412252202180074, 'w_ofi': 0.7497265126952216, 'w_vol': 1.9186931680884238, 'win_boll': 13, 'win_rsi': 6, 'win_mom': 3, 'win_vwap': 10, 'orb_opening_bars': 50, 'vol_window': 13}. Best is trial 868 with value: 0.384.
Trial 1307: ACCEPT (degrade 0.0%) - Eval: -0.182%, Val: 0.488%
[I 2025-10-25 04:44:45,395] Trial 1307 finished with value: -0.182 and parameters: {'w_boll': 0.5048714782086244, 'w_rsi': 0.3187799963115682, 'w_mom': 0.1997954724095791, 'w_vwap': 0.7249912459360974, 'w_orb': 1.9673349859429021, 'w_ofi': 1.972126230113712, 'w_vol': 1.8664778468559806, 'win_boll': 15, 'win_rsi': 7, 'win_mom': 12, 'win_vwap': 18, 'orb_opening_bars': 49, 'vol_window': 14}. Best is trial 868 with value: 0.384.
Trial 1308: ACCEPT (degrade -175.4%) - Eval: 0.114%, Val: 0.314%
[I 2025-10-25 04:44:46,147] Trial 1308 finished with value: 0.11399999999999999 and parameters: {'w_boll': 0.2713169809902522, 'w_rsi': 0.37303067872466805, 'w_mom': 1.9355276578521496, 'w_vwap': 0.5481352307225825, 'w_orb': 1.1959234666358225, 'w_ofi': 0.36842821321032954, 'w_vol': 0.3695413665144667, 'win_boll': 14, 'win_rsi': 8, 'win_mom': 5, 'win_vwap': 13, 'orb_opening_bars': 47, 'vol_window': 11}. Best is trial 868 with value: 0.384.
Trial 1309: REJECT (overfit 37.2%) - Eval: 0.148%, Val: 0.093%
[I 2025-10-25 04:44:46,872] Trial 1309 finished with value: -999.0 and parameters: {'w_boll': 0.3059414283563634, 'w_rsi': 0.20620557309916376, 'w_mom': 0.30582356472404343, 'w_vwap': 0.7943831056428541, 'w_orb': 1.8835013350149974, 'w_ofi': 1.8947181349653164, 'w_vol': 1.696991699062923, 'win_boll': 12, 'win_rsi': 5, 'win_mom': 3, 'win_vwap': 12, 'orb_opening_bars': 48, 'vol_window': 10}. Best is trial 868 with value: 0.384.
Trial 1310: ACCEPT (degrade -2033.3%) - Eval: 0.012%, Val: 0.256%
[I 2025-10-25 04:44:47,649] Trial 1310 finished with value: 0.011999999999999992 and parameters: {'w_boll': 0.39030736300481045, 'w_rsi': 0.4144931286307705, 'w_mom': 1.0788178882468151, 'w_vwap': 0.9232417182141933, 'w_orb': 1.778471780383007, 'w_ofi': 0.41773453033850555, 'w_vol': 1.998829430975364, 'win_boll': 13, 'win_rsi': 6, 'win_mom': 4, 'win_vwap': 11, 'orb_opening_bars': 23, 'vol_window': 12}. Best is trial 868 with value: 0.384.
Trial 1311: ACCEPT (degrade -197.0%) - Eval: 0.134%, Val: 0.398%
[I 2025-10-25 04:44:48,470] Trial 1311 finished with value: 0.134 and parameters: {'w_boll': 0.3579458052176939, 'w_rsi': 0.24919780279008422, 'w_mom': 1.3120776240652197, 'w_vwap': 0.6047345324634149, 'w_orb': 1.9219086327808814, 'w_ofi': 0.48608317852883265, 'w_vol': 1.8446322309499628, 'win_boll': 11, 'win_rsi': 6, 'win_mom': 5, 'win_vwap': 15, 'orb_opening_bars': 34, 'vol_window': 11}. Best is trial 868 with value: 0.384.
Trial 1312: ACCEPT (degrade -645.5%) - Eval: 0.022%, Val: 0.164%
[I 2025-10-25 04:44:49,222] Trial 1312 finished with value: 0.022 and parameters: {'w_boll': 0.4683512378981469, 'w_rsi': 0.3069279873729451, 'w_mom': 1.4689567487052138, 'w_vwap': 0.7491125713349769, 'w_orb': 1.8517337704420873, 'w_ofi': 1.998152608081596, 'w_vol': 1.3801884579491663, 'win_boll': 14, 'win_rsi': 7, 'win_mom': 4, 'win_vwap': 34, 'orb_opening_bars': 46, 'vol_window': 10}. Best is trial 868 with value: 0.384.
Trial 1313: ACCEPT (degrade -611.8%) - Eval: 0.076%, Val: 0.541%
[I 2025-10-25 04:44:49,954] Trial 1313 finished with value: 0.07600000000000003 and parameters: {'w_boll': 0.4015983039435942, 'w_rsi': 0.180420174137096, 'w_mom': 1.3964726917363273, 'w_vwap': 0.6847274073281037, 'w_orb': 1.97101137668565, 'w_ofi': 0.5377946661059793, 'w_vol': 1.7944453443140687, 'win_boll': 28, 'win_rsi': 5, 'win_mom': 6, 'win_vwap': 13, 'orb_opening_bars': 50, 'vol_window': 13}. Best is trial 868 with value: 0.384.
Trial 1314: ACCEPT (degrade 0.0%) - Eval: -0.060%, Val: 0.152%
[I 2025-10-25 04:44:50,752] Trial 1314 finished with value: -0.06 and parameters: {'w_boll': 0.44199940436920526, 'w_rsi': 0.5167615497382751, 'w_mom': 0.16280742725876388, 'w_vwap': 0.4864612284951484, 'w_orb': 1.9108924250824015, 'w_ofi': 1.8117752336471844, 'w_vol': 1.9585059903745057, 'win_boll': 18, 'win_rsi': 7, 'win_mom': 7, 'win_vwap': 22, 'orb_opening_bars': 48, 'vol_window': 50}. Best is trial 868 with value: 0.384.
Trial 1315: ACCEPT (degrade -123.5%) - Eval: 0.034%, Val: 0.076%
[I 2025-10-25 04:44:51,528] Trial 1315 finished with value: 0.033999999999999996 and parameters: {'w_boll': 0.24584200786440372, 'w_rsi': 0.34176126224502035, 'w_mom': 0.1418663103977701, 'w_vwap': 0.6494274996656915, 'w_orb': 1.831742561534935, 'w_ofi': 1.8673287031797574, 'w_vol': 1.9113619996796336, 'win_boll': 15, 'win_rsi': 6, 'win_mom': 3, 'win_vwap': 14, 'orb_opening_bars': 29, 'vol_window': 14}. Best is trial 868 with value: 0.384.Best trial: 868. Best value: 0.384:  67%|██████▋   | 1332/2000 [17:01<08:26,  1.32it/s]Best trial: 868. Best value: 0.384:  67%|██████▋   | 1332/2000 [17:01<08:26,  1.32it/s]Best trial: 868. Best value: 0.384:  67%|██████▋   | 1333/2000 [17:01<08:24,  1.32it/s]                                                                                       Best trial: 868. Best value: 0.384:  67%|██████▋   | 1333/2000 [17:01<08:24,  1.32it/s]Best trial: 868. Best value: 0.384:  67%|██████▋   | 1333/2000 [17:01<08:24,  1.32it/s]Best trial: 868. Best value: 0.384:  67%|██████▋   | 1334/2000 [17:01<08:22,  1.33it/s]                                                                                       Best trial: 868. Best value: 0.384:  67%|██████▋   | 1334/2000 [17:02<08:22,  1.33it/s]Best trial: 868. Best value: 0.384:  67%|██████▋   | 1334/2000 [17:02<08:22,  1.33it/s]Best trial: 868. Best value: 0.384:  67%|██████▋   | 1335/2000 [17:02<08:17,  1.34it/s]                                                                                       Best trial: 868. Best value: 0.384:  67%|██████▋   | 1335/2000 [17:03<08:17,  1.34it/s]Best trial: 868. Best value: 0.384:  67%|██████▋   | 1335/2000 [17:03<08:17,  1.34it/s]Best trial: 868. Best value: 0.384:  67%|██████▋   | 1336/2000 [17:03<08:17,  1.33it/s]                                                                                       Best trial: 868. Best value: 0.384:  67%|██████▋   | 1336/2000 [17:04<08:17,  1.33it/s]Best trial: 868. Best value: 0.384:  67%|██████▋   | 1336/2000 [17:04<08:17,  1.33it/s]Best trial: 868. Best value: 0.384:  67%|██████▋   | 1337/2000 [17:04<08:18,  1.33it/s]                                                                                       Best trial: 868. Best value: 0.384:  67%|██████▋   | 1337/2000 [17:04<08:18,  1.33it/s]Best trial: 868. Best value: 0.384:  67%|██████▋   | 1337/2000 [17:04<08:18,  1.33it/s]Best trial: 868. Best value: 0.384:  67%|██████▋   | 1338/2000 [17:04<08:18,  1.33it/s]                                                                                       Best trial: 868. Best value: 0.384:  67%|██████▋   | 1338/2000 [17:05<08:18,  1.33it/s]Best trial: 868. Best value: 0.384:  67%|██████▋   | 1338/2000 [17:05<08:18,  1.33it/s]Best trial: 868. Best value: 0.384:  67%|██████▋   | 1339/2000 [17:05<08:22,  1.32it/s]                                                                                       Best trial: 868. Best value: 0.384:  67%|██████▋   | 1339/2000 [17:06<08:22,  1.32it/s]Best trial: 868. Best value: 0.384:  67%|██████▋   | 1339/2000 [17:06<08:22,  1.32it/s]Best trial: 868. Best value: 0.384:  67%|██████▋   | 1340/2000 [17:06<08:19,  1.32it/s]                                                                                       Best trial: 868. Best value: 0.384:  67%|██████▋   | 1340/2000 [17:07<08:19,  1.32it/s]Best trial: 868. Best value: 0.384:  67%|██████▋   | 1340/2000 [17:07<08:19,  1.32it/s]Best trial: 868. Best value: 0.384:  67%|██████▋   | 1341/2000 [17:07<08:18,  1.32it/s]                                                                                       Best trial: 868. Best value: 0.384:  67%|██████▋   | 1341/2000 [17:07<08:18,  1.32it/s]Best trial: 868. Best value: 0.384:  67%|██████▋   | 1341/2000 [17:07<08:18,  1.32it/s]Best trial: 868. Best value: 0.384:  67%|██████▋   | 1342/2000 [17:07<08:28,  1.29it/s]                                                                                       Best trial: 868. Best value: 0.384:  67%|██████▋   | 1342/2000 [17:08<08:28,  1.29it/s]Best trial: 868. Best value: 0.384:  67%|██████▋   | 1342/2000 [17:08<08:28,  1.29it/s]Best trial: 868. Best value: 0.384:  67%|██████▋   | 1343/2000 [17:08<08:31,  1.28it/s]                                                                                       Best trial: 868. Best value: 0.384:  67%|██████▋   | 1343/2000 [17:09<08:31,  1.28it/s]Best trial: 868. Best value: 0.384:  67%|██████▋   | 1343/2000 [17:09<08:31,  1.28it/s]Best trial: 868. Best value: 0.384:  67%|██████▋   | 1344/2000 [17:09<08:31,  1.28it/s]                                                                                       Best trial: 868. Best value: 0.384:  67%|██████▋   | 1344/2000 [17:10<08:31,  1.28it/s]Best trial: 868. Best value: 0.384:  67%|██████▋   | 1344/2000 [17:10<08:31,  1.28it/s]Best trial: 868. Best value: 0.384:  67%|██████▋   | 1345/2000 [17:10<08:26,  1.29it/s]                                                                                       Best trial: 868. Best value: 0.384:  67%|██████▋   | 1345/2000 [17:11<08:26,  1.29it/s]Best trial: 868. Best value: 0.384:  67%|██████▋   | 1345/2000 [17:11<08:26,  1.29it/s]Best trial: 868. Best value: 0.384:  67%|██████▋   | 1346/2000 [17:11<08:23,  1.30it/s]                                                                                       Best trial: 868. Best value: 0.384:  67%|██████▋   | 1346/2000 [17:11<08:23,  1.30it/s]Best trial: 868. Best value: 0.384:  67%|██████▋   | 1346/2000 [17:11<08:23,  1.30it/s]Best trial: 868. Best value: 0.384:  67%|██████▋   | 1347/2000 [17:11<08:27,  1.29it/s]                                                                                       Best trial: 868. Best value: 0.384:  67%|██████▋   | 1347/2000 [17:12<08:27,  1.29it/s]Best trial: 868. Best value: 0.384:  67%|██████▋   | 1347/2000 [17:12<08:27,  1.29it/s]Best trial: 868. Best value: 0.384:  67%|██████▋   | 1348/2000 [17:12<08:17,  1.31it/s]                                                                                       Best trial: 868. Best value: 0.384:  67%|██████▋   | 1348/2000 [17:13<08:17,  1.31it/s]Best trial: 868. Best value: 0.384:  67%|██████▋   | 1348/2000 [17:13<08:17,  1.31it/s]Best trial: 868. Best value: 0.384:  67%|██████▋   | 1349/2000 [17:13<08:13,  1.32it/s]                                                                                       
Trial 1316: ACCEPT (degrade -697.8%) - Eval: 0.046%, Val: 0.367%
[I 2025-10-25 04:44:52,299] Trial 1316 finished with value: 0.046 and parameters: {'w_boll': 0.3326290396078346, 'w_rsi': 0.27498379077596746, 'w_mom': 0.2219122537707136, 'w_vwap': 0.8220153197904887, 'w_orb': 1.7966790669664465, 'w_ofi': 0.6966921263751085, 'w_vol': 1.758246661719307, 'win_boll': 10, 'win_rsi': 8, 'win_mom': 9, 'win_vwap': 11, 'orb_opening_bars': 49, 'vol_window': 12}. Best is trial 868 with value: 0.384.
Trial 1317: REJECT (overfit 0.0%) - Eval: -0.002%, Val: -0.214%
