[I 2025-10-25 04:45:31,280] Trial 1367 finished with value: -0.06800000000000002 and parameters: {'w_boll': 0.3959967161239746, 'w_rsi': 0.4360401344832906, 'w_mom': 1.311547713794243, 'w_vwap': 0.7255055363284273, 'w_orb': 1.8728305548783575, 'w_ofi': 0.47781893962941313, 'w_vol': 1.3268345299269073, 'win_boll': 39, 'win_rsi': 6, 'win_mom': 4, 'win_vwap': 12, 'orb_opening_bars': 36, 'vol_window': 11}. Best is trial 868 with value: 0.384.
Trial 1368: REJECT (overfit 39.6%) - Eval: 0.134%, Val: 0.081%
[I 2025-10-25 04:45:32,047] Trial 1368 finished with value: -999.0 and parameters: {'w_boll': 0.3099331997976515, 'w_rsi': 0.6125439573651926, 'w_mom': 0.45014657660332413, 'w_vwap': 0.7721678576043931, 'w_orb': 1.9354556920181725, 'w_ofi': 1.924766873169391, 'w_vol': 1.856989184644445, 'win_boll': 11, 'win_rsi': 7, 'win_mom': 3, 'win_vwap': 23, 'orb_opening_bars': 32, 'vol_window': 13}. Best is trial 868 with value: 0.384.
Trial 1369: ACCEPT (degrade -19900.0%) - Eval: 0.002%, Val: 0.400%
[I 2025-10-25 04:45:32,808] Trial 1369 finished with value: 0.002000000000000013 and parameters: {'w_boll': 0.3495812410160864, 'w_rsi': 0.31871448725918894, 'w_mom': 0.2859333500099236, 'w_vwap': 0.6378434360953903, 'w_orb': 1.9999004885954648, 'w_ofi': 0.5211608283906638, 'w_vol': 1.779221840890306, 'win_boll': 16, 'win_rsi': 6, 'win_mom': 8, 'win_vwap': 14, 'orb_opening_bars': 29, 'vol_window': 11}. Best is trial 868 with value: 0.384.
Trial 1370: REJECT (overfit 89.7%) - Eval: 0.078%, Val: 0.008%
[I 2025-10-25 04:45:33,565] Trial 1370 finished with value: -999.0 and parameters: {'w_boll': 0.3925806057950895, 'w_rsi': 0.5738248270041647, 'w_mom': 1.2574979878550538, 'w_vwap': 0.8126211749810152, 'w_orb': 1.2547874408775765, 'w_ofi': 0.43380160835614234, 'w_vol': 1.8886692126295772, 'win_boll': 12, 'win_rsi': 7, 'win_mom': 4, 'win_vwap': 30, 'orb_opening_bars': 26, 'vol_window': 12}. Best is trial 868 with value: 0.384.
Trial 1371: REJECT (overfit 0.0%) - Eval: -0.024%, Val: -0.040%
[I 2025-10-25 04:45:34,319] Trial 1371 finished with value: -999.0 and parameters: {'w_boll': 0.27924168284715567, 'w_rsi': 0.41466767869179594, 'w_mom': 1.3549659432852752, 'w_vwap': 0.5627629798772898, 'w_orb': 1.730333720490868, 'w_ofi': 0.3920925179165575, 'w_vol': 0.45854182092757245, 'win_boll': 15, 'win_rsi': 6, 'win_mom': 6, 'win_vwap': 13, 'orb_opening_bars': 24, 'vol_window': 42}. Best is trial 868 with value: 0.384.
Trial 1372: ACCEPT (degrade 0.0%) - Eval: -0.102%, Val: 0.191%
[I 2025-10-25 04:45:35,103] Trial 1372 finished with value: -0.10200000000000001 and parameters: {'w_boll': 0.1868275147452138, 'w_rsi': 0.3555581247597232, 'w_mom': 1.1640252809468703, 'w_vwap': 0.6895245276351292, 'w_orb': 1.8272136804385544, 'w_ofi': 1.9622979590942045, 'w_vol': 1.1197464180227845, 'win_boll': 26, 'win_rsi': 8, 'win_mom': 5, 'win_vwap': 12, 'orb_opening_bars': 16, 'vol_window': 13}. Best is trial 868 with value: 0.384.
Trial 1373: REJECT (overfit 35.9%) - Eval: 0.142%, Val: 0.091%
[I 2025-10-25 04:45:35,835] Trial 1373 finished with value: -999.0 and parameters: {'w_boll': 0.32014372548162584, 'w_rsi': 0.4542827891221933, 'w_mom': 1.432957830785253, 'w_vwap': 0.7661957317230446, 'w_orb': 1.9067074234094932, 'w_ofi': 1.9134315396098796, 'w_vol': 1.6848552046331728, 'win_boll': 10, 'win_rsi': 7, 'win_mom': 3, 'win_vwap': 13, 'orb_opening_bars': 29, 'vol_window': 12}. Best is trial 868 with value: 0.384.
Trial 1374: ACCEPT (degrade 0.0%) - Eval: -0.104%, Val: 0.369%
[I 2025-10-25 04:45:36,596] Trial 1374 finished with value: -0.10400000000000001 and parameters: {'w_boll': 0.2443004362693118, 'w_rsi': 0.5166053976808889, 'w_mom': 0.23213073250978716, 'w_vwap': 0.7215181642067469, 'w_orb': 1.9635251992493234, 'w_ofi': 0.4538758254146896, 'w_vol': 1.840499961929728, 'win_boll': 14, 'win_rsi': 6, 'win_mom': 4, 'win_vwap': 15, 'orb_opening_bars': 27, 'vol_window': 11}. Best is trial 868 with value: 0.384.
Trial 1375: ACCEPT (degrade -6900.0%) - Eval: 0.004%, Val: 0.280%
[I 2025-10-25 04:45:37,350] Trial 1375 finished with value: 0.003999999999999992 and parameters: {'w_boll': 0.3574628924553369, 'w_rsi': 0.3207881105353139, 'w_mom': 1.2685173681894053, 'w_vwap': 0.6229144327491362, 'w_orb': 1.8644780307214088, 'w_ofi': 1.093665394829667, 'w_vol': 1.7488822481163997, 'win_boll': 13, 'win_rsi': 9, 'win_mom': 7, 'win_vwap': 20, 'orb_opening_bars': 48, 'vol_window': 14}. Best is trial 868 with value: 0.384.
Trial 1376: ACCEPT (degrade 0.0%) - Eval: -0.044%, Val: 0.432%
[I 2025-10-25 04:45:38,150] Trial 1376 finished with value: -0.044 and parameters: {'w_boll': 0.40843927723958895, 'w_rsi': 0.38167444782408044, 'w_mom': 0.23401362626066205, 'w_vwap': 0.6590220783644314, 'w_orb': 1.9994853152129934, 'w_ofi': 0.3707641428601325, 'w_vol': 1.7970554927392954, 'win_boll': 43, 'win_rsi': 7, 'win_mom': 3, 'win_vwap': 12, 'orb_opening_bars': 39, 'vol_window': 22}. Best is trial 868 with value: 0.384.
Trial 1377: ACCEPT (degrade 0.0%) - Eval: -0.200%, Val: 0.202%
[I 2025-10-25 04:45:38,884] Trial 1377 finished with value: -0.2 and parameters: {'w_boll': 0.3142626287519453, 'w_rsi': 0.4043986003919992, 'w_mom': 1.367721179531522, 'w_vwap': 0.7077165674462359, 'w_orb': 1.9364980681071782, 'w_ofi': 0.5543369224686583, 'w_vol': 1.884066396334982, 'win_boll': 12, 'win_rsi': 12, 'win_mom': 4, 'win_vwap': 10, 'orb_opening_bars': 35, 'vol_window': 19}. Best is trial 868 with value: 0.384.
Trial 1378: ACCEPT (degrade 0.0%) - Eval: -0.122%, Val: 0.068%
[I 2025-10-25 04:45:39,635] Trial 1378 finished with value: -0.122 and parameters: {'w_boll': 0.7250682423229642, 'w_rsi': 1.9304416749175557, 'w_mom': 0.27271058688857164, 'w_vwap': 0.908912369907559, 'w_orb': 1.9042333282713455, 'w_ofi': 0.32336997481339347, 'w_vol': 1.8369807974652497, 'win_boll': 16, 'win_rsi': 6, 'win_mom': 6, 'win_vwap': 18, 'orb_opening_bars': 33, 'vol_window': 30}. Best is trial 868 with value: 0.384.
Trial 1379: REJECT (overfit 136.2%) - Eval: 0.240%, Val: -0.087%
[I 2025-10-25 04:45:40,397] Trial 1379 finished with value: -999.0 and parameters: {'w_boll': 0.37289648444928053, 'w_rsi': 0.3170524378947817, 'w_mom': 1.313749958095044, 'w_vwap': 1.0781411482842607, 'w_orb': 1.7976834543075626, 'w_ofi': 1.96172830328823, 'w_vol': 1.875616582053028, 'win_boll': 14, 'win_rsi': 6, 'win_mom': 5, 'win_vwap': 14, 'orb_opening_bars': 46, 'vol_window': 24}. Best is trial 868 with value: 0.384.
Trial 1380: ACCEPT (degrade 0.0%) - Eval: -0.038%, Val: 0.275%
[I 2025-10-25 04:45:41,189] Trial 1380 finished with value: -0.038 and parameters: {'w_boll': 0.26625537578449904, 'w_rsi': 0.47668794623103417, 'w_mom': 1.408296012467904, 'w_vwap': 0.7483642432833805, 'w_orb': 1.8490247875568075, 'w_ofi': 0.417979526784341, 'w_vol': 1.7218282476291493, 'win_boll': 15, 'win_rsi': 7, 'win_mom': 6, 'win_vwap': 16, 'orb_opening_bars': 29, 'vol_window': 11}. Best is trial 868 with value: 0.384.
Trial 1381: ACCEPT (degrade 0.0%) - Eval: -0.032%, Val: 0.382%
[I 2025-10-25 04:45:41,917] Trial 1381 finished with value: -0.03199999999999999 and parameters: {'w_boll': 0.41595213509170853, 'w_rsi': 0.357529151310108, 'w_mom': 0.3124318195289093, 'w_vwap': 0.5921756843952736, 'w_orb': 1.962844074486503, 'w_ofi': 0.4941267856214699, 'w_vol': 1.7953131623730694, 'win_boll': 13, 'win_rsi': 17, 'win_mom': 5, 'win_vwap': 12, 'orb_opening_bars': 30, 'vol_window': 13}. Best is trial 868 with value: 0.384.
Trial 1382: ACCEPT (degrade 0.0%) - Eval: -0.102%, Val: 0.359%
[I 2025-10-25 04:45:42,680] Trial 1382 finished with value: -0.10200000000000001 and parameters: {'w_boll': 0.14995961713291311, 'w_rsi': 0.4263977995679761, 'w_mom': 1.2304825512768964, 'w_vwap': 0.8015727783123139, 'w_orb': 1.8887572967753, 'w_ofi': 1.880301849779961, 'w_vol': 1.843507851484097, 'win_boll': 10, 'win_rsi': 7, 'win_mom': 3, 'win_vwap': 14, 'orb_opening_bars': 49, 'vol_window': 11}. Best is trial 868 with value: 0.384.
Trial 1383: ACCEPT (degrade 0.0%) - Eval: -0.088%, Val: 0.317%
[I 2025-10-25 04:45:43,430] Trial 1383 finished with value: -0.088 and parameters: {'w_boll': 0.35049300906412345, 'w_rsi': 0.3157210136359177, 'w_mom': 0.570435276649138, 'w_vwap': 0.6771119061230364, 'w_orb': 1.9320986301962664, 'w_ofi': 1.928531620894524, 'w_vol': 1.7626113548251234, 'win_boll': 18, 'win_rsi': 8, 'win_mom': 4, 'win_vwap': 13, 'orb_opening_bars': 47, 'vol_window': 12}. Best is trial 868 with value: 0.384.Best trial: 868. Best value: 0.384:  70%|███████   | 1400/2000 [17:53<07:36,  1.32it/s]Best trial: 868. Best value: 0.384:  70%|███████   | 1400/2000 [17:53<07:36,  1.32it/s]Best trial: 868. Best value: 0.384:  70%|███████   | 1401/2000 [17:53<07:41,  1.30it/s]                                                                                       Best trial: 868. Best value: 0.384:  70%|███████   | 1401/2000 [17:53<07:41,  1.30it/s]Best trial: 868. Best value: 0.384:  70%|███████   | 1401/2000 [17:53<07:41,  1.30it/s]Best trial: 868. Best value: 0.384:  70%|███████   | 1402/2000 [17:53<07:41,  1.30it/s]                                                                                       Best trial: 868. Best value: 0.384:  70%|███████   | 1402/2000 [17:54<07:41,  1.30it/s]Best trial: 868. Best value: 0.384:  70%|███████   | 1402/2000 [17:54<07:41,  1.30it/s]Best trial: 868. Best value: 0.384:  70%|███████   | 1403/2000 [17:54<07:33,  1.32it/s]                                                                                       Best trial: 868. Best value: 0.384:  70%|███████   | 1403/2000 [17:55<07:33,  1.32it/s]Best trial: 868. Best value: 0.384:  70%|███████   | 1403/2000 [17:55<07:33,  1.32it/s]Best trial: 868. Best value: 0.384:  70%|███████   | 1404/2000 [17:55<07:33,  1.31it/s]                                                                                       Best trial: 868. Best value: 0.384:  70%|███████   | 1404/2000 [17:56<07:33,  1.31it/s]Best trial: 868. Best value: 0.384:  70%|███████   | 1404/2000 [17:56<07:33,  1.31it/s]Best trial: 868. Best value: 0.384:  70%|███████   | 1405/2000 [17:56<07:37,  1.30it/s]                                                                                       Best trial: 868. Best value: 0.384:  70%|███████   | 1405/2000 [17:56<07:37,  1.30it/s]Best trial: 868. Best value: 0.384:  70%|███████   | 1405/2000 [17:56<07:37,  1.30it/s]Best trial: 868. Best value: 0.384:  70%|███████   | 1406/2000 [17:56<07:47,  1.27it/s]                                                                                       Best trial: 868. Best value: 0.384:  70%|███████   | 1406/2000 [17:57<07:47,  1.27it/s]Best trial: 868. Best value: 0.384:  70%|███████   | 1406/2000 [17:57<07:47,  1.27it/s]Best trial: 868. Best value: 0.384:  70%|███████   | 1407/2000 [17:57<07:36,  1.30it/s]                                                                                       Best trial: 868. Best value: 0.384:  70%|███████   | 1407/2000 [17:58<07:36,  1.30it/s]Best trial: 868. Best value: 0.384:  70%|███████   | 1407/2000 [17:58<07:36,  1.30it/s]Best trial: 868. Best value: 0.384:  70%|███████   | 1408/2000 [17:58<07:34,  1.30it/s]                                                                                       Best trial: 868. Best value: 0.384:  70%|███████   | 1408/2000 [17:59<07:34,  1.30it/s]Best trial: 868. Best value: 0.384:  70%|███████   | 1408/2000 [17:59<07:34,  1.30it/s]Best trial: 868. Best value: 0.384:  70%|███████   | 1409/2000 [17:59<07:35,  1.30it/s]                                                                                       Best trial: 868. Best value: 0.384:  70%|███████   | 1409/2000 [17:59<07:35,  1.30it/s]Best trial: 868. Best value: 0.384:  70%|███████   | 1409/2000 [17:59<07:35,  1.30it/s]Best trial: 868. Best value: 0.384:  70%|███████   | 1410/2000 [17:59<07:32,  1.30it/s]                                                                                       Best trial: 868. Best value: 0.384:  70%|███████   | 1410/2000 [18:00<07:32,  1.30it/s]Best trial: 868. Best value: 0.384:  70%|███████   | 1410/2000 [18:00<07:32,  1.30it/s]Best trial: 868. Best value: 0.384:  71%|███████   | 1411/2000 [18:00<07:30,  1.31it/s]                                                                                       Best trial: 868. Best value: 0.384:  71%|███████   | 1411/2000 [18:01<07:30,  1.31it/s]Best trial: 868. Best value: 0.384:  71%|███████   | 1411/2000 [18:01<07:30,  1.31it/s]Best trial: 868. Best value: 0.384:  71%|███████   | 1412/2000 [18:01<07:24,  1.32it/s]                                                                                       Best trial: 868. Best value: 0.384:  71%|███████   | 1412/2000 [18:02<07:24,  1.32it/s]Best trial: 868. Best value: 0.384:  71%|███████   | 1412/2000 [18:02<07:24,  1.32it/s]Best trial: 868. Best value: 0.384:  71%|███████   | 1413/2000 [18:02<07:31,  1.30it/s]                                                                                       Best trial: 868. Best value: 0.384:  71%|███████   | 1413/2000 [18:03<07:31,  1.30it/s]Best trial: 868. Best value: 0.384:  71%|███████   | 1413/2000 [18:03<07:31,  1.30it/s]Best trial: 868. Best value: 0.384:  71%|███████   | 1414/2000 [18:03<07:29,  1.30it/s]                                                                                       Best trial: 868. Best value: 0.384:  71%|███████   | 1414/2000 [18:03<07:29,  1.30it/s]Best trial: 868. Best value: 0.384:  71%|███████   | 1414/2000 [18:03<07:29,  1.30it/s]Best trial: 868. Best value: 0.384:  71%|███████   | 1415/2000 [18:03<07:27,  1.31it/s]                                                                                       Best trial: 868. Best value: 0.384:  71%|███████   | 1415/2000 [18:04<07:27,  1.31it/s]Best trial: 868. Best value: 0.384:  71%|███████   | 1415/2000 [18:04<07:27,  1.31it/s]Best trial: 868. Best value: 0.384:  71%|███████   | 1416/2000 [18:04<07:20,  1.33it/s]                                                                                       Best trial: 868. Best value: 0.384:  71%|███████   | 1416/2000 [18:05<07:20,  1.33it/s]Best trial: 868. Best value: 0.384:  71%|███████   | 1416/2000 [18:05<07:20,  1.33it/s]Best trial: 868. Best value: 0.384:  71%|███████   | 1417/2000 [18:05<07:27,  1.30it/s]                                                                                       
Trial 1384: ACCEPT (degrade -102.9%) - Eval: 0.210%, Val: 0.426%
[I 2025-10-25 04:45:44,230] Trial 1384 finished with value: 0.21000000000000002 and parameters: {'w_boll': 0.40423623570682654, 'w_rsi': 0.5453445532921156, 'w_mom': 0.7120790418383314, 'w_vwap': 0.21875812622329005, 'w_orb': 1.7577695852119757, 'w_ofi': 0.5207442641777813, 'w_vol': 1.9150624870890232, 'win_boll': 14, 'win_rsi': 6, 'win_mom': 7, 'win_vwap': 11, 'orb_opening_bars': 49, 'vol_window': 15}. Best is trial 868 with value: 0.384.
Trial 1385: ACCEPT (degrade 0.0%) - Eval: -0.082%, Val: 0.121%
[I 2025-10-25 04:45:44,982] Trial 1385 finished with value: -0.08199999999999999 and parameters: {'w_boll': 0.30150643689488177, 'w_rsi': 0.36210828199737677, 'w_mom': 1.4557251036094883, 'w_vwap': 0.8420245587910378, 'w_orb': 1.9666255637850578, 'w_ofi': 0.46908002508583, 'w_vol': 1.8874999169996167, 'win_boll': 22, 'win_rsi': 5, 'win_mom': 4, 'win_vwap': 11, 'orb_opening_bars': 26, 'vol_window': 13}. Best is trial 868 with value: 0.384.
Trial 1386: ACCEPT (degrade 2.1%) - Eval: 0.146%, Val: 0.143%
[I 2025-10-25 04:45:45,736] Trial 1386 finished with value: 0.146 and parameters: {'w_boll': 0.3367319888456577, 'w_rsi': 0.45912339582460365, 'w_mom': 0.22749172419494545, 'w_vwap': 0.6480971903285777, 'w_orb': 1.9993566997541163, 'w_ofi': 0.4098974759966254, 'w_vol': 1.8075501713305415, 'win_boll': 13, 'win_rsi': 6, 'win_mom': 3, 'win_vwap': 15, 'orb_opening_bars': 40, 'vol_window': 38}. Best is trial 868 with value: 0.384.
Trial 1387: ACCEPT (degrade 0.0%) - Eval: -0.116%, Val: -0.012%
[I 2025-10-25 04:45:46,482] Trial 1387 finished with value: -0.11600000000000002 and parameters: {'w_boll': 0.3819555349875362, 'w_rsi': 0.38354225094978184, 'w_mom': 1.533222996004264, 'w_vwap': 0.547666896278053, 'w_orb': 1.8236048195102041, 'w_ofi': 0.6065243146288928, 'w_vol': 1.847125737750898, 'win_boll': 11, 'win_rsi': 8, 'win_mom': 5, 'win_vwap': 12, 'orb_opening_bars': 31, 'vol_window': 11}. Best is trial 868 with value: 0.384.
Trial 1388: ACCEPT (degrade 19.8%) - Eval: 0.348%, Val: 0.279%
[I 2025-10-25 04:45:47,263] Trial 1388 finished with value: 0.348 and parameters: {'w_boll': 0.22363097196078727, 'w_rsi': 0.5032829826250397, 'w_mom': 1.2926568031086798, 'w_vwap': 0.7390180256918539, 'w_orb': 1.8847616504427487, 'w_ofi': 1.996854412026401, 'w_vol': 1.883191175388642, 'win_boll': 15, 'win_rsi': 6, 'win_mom': 3, 'win_vwap': 32, 'orb_opening_bars': 48, 'vol_window': 12}. Best is trial 868 with value: 0.384.
Trial 1389: REJECT (overfit 34.5%) - Eval: 0.174%, Val: 0.114%
[I 2025-10-25 04:45:47,992] Trial 1389 finished with value: -999.0 and parameters: {'w_boll': 0.17707755713008727, 'w_rsi': 0.4901015597571291, 'w_mom': 1.2921079397784347, 'w_vwap': 0.8178042701359647, 'w_orb': 1.7979509415274575, 'w_ofi': 1.9989043346844058, 'w_vol': 1.8899868556155717, 'win_boll': 17, 'win_rsi': 5, 'win_mom': 3, 'win_vwap': 32, 'orb_opening_bars': 32, 'vol_window': 12}. Best is trial 868 with value: 0.384.
Trial 1390: REJECT (overfit 133.1%) - Eval: 0.384%, Val: -0.127%
[I 2025-10-25 04:45:48,754] Trial 1390 finished with value: -999.0 and parameters: {'w_boll': 0.23019838435673748, 'w_rsi': 0.5753663585192299, 'w_mom': 1.3232779592716084, 'w_vwap': 0.7759434055329621, 'w_orb': 1.8585038344529354, 'w_ofi': 1.9902956693981908, 'w_vol': 1.8818009622961556, 'win_boll': 16, 'win_rsi': 7, 'win_mom': 3, 'win_vwap': 29, 'orb_opening_bars': 49, 'vol_window': 14}. Best is trial 868 with value: 0.384.
Trial 1391: REJECT (overfit 40.4%) - Eval: 0.156%, Val: 0.093%
[I 2025-10-25 04:45:49,512] Trial 1391 finished with value: -999.0 and parameters: {'w_boll': 0.13279967793218003, 'w_rsi': 0.5350888856365962, 'w_mom': 1.2777287928334504, 'w_vwap': 0.7608108732602689, 'w_orb': 1.822996167587313, 'w_ofi': 1.9632614692660835, 'w_vol': 1.9190682980096994, 'win_boll': 16, 'win_rsi': 6, 'win_mom': 3, 'win_vwap': 32, 'orb_opening_bars': 48, 'vol_window': 11}. Best is trial 868 with value: 0.384.
Trial 1392: REJECT (overfit 121.7%) - Eval: 0.240%, Val: -0.052%
[I 2025-10-25 04:45:50,314] Trial 1392 finished with value: -999.0 and parameters: {'w_boll': 0.19284616099740312, 'w_rsi': 0.5497476605147531, 'w_mom': 1.345574326454162, 'w_vwap': 0.7867315393167982, 'w_orb': 1.8699969166434043, 'w_ofi': 1.9974537070894671, 'w_vol': 1.9027593697180263, 'win_boll': 15, 'win_rsi': 7, 'win_mom': 3, 'win_vwap': 31, 'orb_opening_bars': 49, 'vol_window': 13}. Best is trial 868 with value: 0.384.
Trial 1393: ACCEPT (degrade 15.3%) - Eval: 0.216%, Val: 0.183%
[I 2025-10-25 04:45:51,060] Trial 1393 finished with value: 0.21600000000000003 and parameters: {'w_boll': 0.10312882759315789, 'w_rsi': 0.601530193999809, 'w_mom': 1.2402612082496116, 'w_vwap': 0.7634750057875096, 'w_orb': 1.7778251187053282, 'w_ofi': 1.9545486534443808, 'w_vol': 1.9085441725775618, 'win_boll': 17, 'win_rsi': 6, 'win_mom': 3, 'win_vwap': 33, 'orb_opening_bars': 20, 'vol_window': 11}. Best is trial 868 with value: 0.384.
Trial 1394: REJECT (overfit 98.1%) - Eval: 0.212%, Val: 0.004%
[I 2025-10-25 04:45:51,814] Trial 1394 finished with value: -999.0 and parameters: {'w_boll': 0.23514434433890957, 'w_rsi': 0.4920406308148075, 'w_mom': 1.2778964552757304, 'w_vwap': 0.8729617318028767, 'w_orb': 1.845723185899859, 'w_ofi': 1.9648811722949524, 'w_vol': 1.924053597304603, 'win_boll': 16, 'win_rsi': 7, 'win_mom': 3, 'win_vwap': 32, 'orb_opening_bars': 37, 'vol_window': 12}. Best is trial 868 with value: 0.384.
Trial 1395: ACCEPT (degrade 0.0%) - Eval: -0.102%, Val: 0.190%
[I 2025-10-25 04:45:52,573] Trial 1395 finished with value: -0.10200000000000001 and parameters: {'w_boll': 0.20339284699230975, 'w_rsi': 0.4666627569171472, 'w_mom': 1.2265102260614227, 'w_vwap': 0.7396117934989068, 'w_orb': 1.7151068127017257, 'w_ofi': 1.999900491819539, 'w_vol': 1.8664786795441435, 'win_boll': 17, 'win_rsi': 5, 'win_mom': 3, 'win_vwap': 33, 'orb_opening_bars': 50, 'vol_window': 12}. Best is trial 868 with value: 0.384.
Trial 1396: REJECT (overfit 0.0%) - Eval: -0.078%, Val: -0.164%
[I 2025-10-25 04:45:53,373] Trial 1396 finished with value: -999.0 and parameters: {'w_boll': 0.16045523400987738, 'w_rsi': 0.5202097995232057, 'w_mom': 1.319177163968154, 'w_vwap': 0.8087431176746154, 'w_orb': 1.886972053238363, 'w_ofi': 1.9647809939768455, 'w_vol': 1.8851202427740958, 'win_boll': 15, 'win_rsi': 8, 'win_mom': 3, 'win_vwap': 31, 'orb_opening_bars': 48, 'vol_window': 11}. Best is trial 868 with value: 0.384.
Trial 1397: ACCEPT (degrade 0.0%) - Eval: -0.126%, Val: 0.134%
[I 2025-10-25 04:45:54,146] Trial 1397 finished with value: -0.126 and parameters: {'w_boll': 0.20341049469987316, 'w_rsi': 0.6441449276352055, 'w_mom': 1.1943734770721295, 'w_vwap': 0.7260972850384269, 'w_orb': 1.8968607073895953, 'w_ofi': 1.9986304720536123, 'w_vol': 1.9093420153818226, 'win_boll': 23, 'win_rsi': 6, 'win_mom': 3, 'win_vwap': 33, 'orb_opening_bars': 49, 'vol_window': 14}. Best is trial 868 with value: 0.384.
Trial 1398: ACCEPT (degrade -1204.5%) - Eval: 0.022%, Val: 0.287%
[I 2025-10-25 04:45:54,884] Trial 1398 finished with value: 0.021999999999999978 and parameters: {'w_boll': 0.1548714394552559, 'w_rsi': 0.48762186591084905, 'w_mom': 1.2665200080347028, 'w_vwap': 0.7371465865939925, 'w_orb': 1.826127789154323, 'w_ofi': 1.965762651209614, 'w_vol': 1.8563716017207141, 'win_boll': 15, 'win_rsi': 7, 'win_mom': 3, 'win_vwap': 32, 'orb_opening_bars': 25, 'vol_window': 12}. Best is trial 868 with value: 0.384.
Trial 1399: ACCEPT (degrade 0.0%) - Eval: -0.098%, Val: 0.238%
