[I 2025-10-25 04:31:01,432] Trial 229 finished with value: -0.049999999999999996 and parameters: {'w_boll': 0.49627693890579366, 'w_rsi': 0.5238043169291405, 'w_mom': 0.3165477387912511, 'w_vwap': 0.6141190394079155, 'w_orb': 1.5432523188978022, 'w_ofi': 0.89360389838561, 'w_vol': 1.9372216237768316, 'win_boll': 16, 'win_rsi': 7, 'win_mom': 5, 'win_vwap': 14, 'orb_opening_bars': 48, 'vol_window': 10}. Best is trial 112 with value: 0.33399999999999996.
Trial 230: ACCEPT (degrade 0.0%) - Eval: -0.198%, Val: -0.040%
[I 2025-10-25 04:31:02,173] Trial 230 finished with value: -0.198 and parameters: {'w_boll': 0.44672787632874816, 'w_rsi': 0.6164690999206682, 'w_mom': 0.22696432667142397, 'w_vwap': 0.7560067436346417, 'w_orb': 1.906611890450223, 'w_ofi': 0.632420229671174, 'w_vol': 1.835418391966169, 'win_boll': 17, 'win_rsi': 5, 'win_mom': 3, 'win_vwap': 12, 'orb_opening_bars': 49, 'vol_window': 13}. Best is trial 112 with value: 0.33399999999999996.
Trial 231: ACCEPT (degrade -101.8%) - Eval: 0.114%, Val: 0.230%
[I 2025-10-25 04:31:02,920] Trial 231 finished with value: 0.11400000000000002 and parameters: {'w_boll': 0.37522115914327786, 'w_rsi': 0.4467808681685963, 'w_mom': 0.16166619110747235, 'w_vwap': 0.6680414170956861, 'w_orb': 1.9714168440317978, 'w_ofi': 0.4878415410822299, 'w_vol': 1.7037118283291386, 'win_boll': 13, 'win_rsi': 7, 'win_mom': 3, 'win_vwap': 12, 'orb_opening_bars': 49, 'vol_window': 10}. Best is trial 112 with value: 0.33399999999999996.
Trial 232: ACCEPT (degrade 0.0%) - Eval: -0.026%, Val: 0.187%
[I 2025-10-25 04:31:03,661] Trial 232 finished with value: -0.02599999999999999 and parameters: {'w_boll': 0.4034504752857904, 'w_rsi': 0.49625533959310136, 'w_mom': 0.2043083933194469, 'w_vwap': 0.6947188458806175, 'w_orb': 1.999349571172126, 'w_ofi': 0.495641110980841, 'w_vol': 1.7662496058634547, 'win_boll': 12, 'win_rsi': 8, 'win_mom': 3, 'win_vwap': 11, 'orb_opening_bars': 50, 'vol_window': 11}. Best is trial 112 with value: 0.33399999999999996.
Trial 233: REJECT (overfit 70.6%) - Eval: 0.330%, Val: 0.097%
[I 2025-10-25 04:31:04,412] Trial 233 finished with value: -999.0 and parameters: {'w_boll': 0.3474400404805732, 'w_rsi': 0.40748100871230747, 'w_mom': 0.16604743362496277, 'w_vwap': 0.8303578912023792, 'w_orb': 1.940059426371151, 'w_ofi': 0.44375664410768273, 'w_vol': 1.7316497172880405, 'win_boll': 11, 'win_rsi': 7, 'win_mom': 3, 'win_vwap': 12, 'orb_opening_bars': 48, 'vol_window': 10}. Best is trial 112 with value: 0.33399999999999996.
Trial 234: ACCEPT (degrade -971.4%) - Eval: 0.014%, Val: 0.150%
[I 2025-10-25 04:31:05,149] Trial 234 finished with value: 0.013999999999999995 and parameters: {'w_boll': 0.43940674416749226, 'w_rsi': 0.44068590563358034, 'w_mom': 0.14300817149900502, 'w_vwap': 0.6466476038902454, 'w_orb': 1.9518044925933347, 'w_ofi': 0.5123936460631474, 'w_vol': 1.8015399244191639, 'win_boll': 18, 'win_rsi': 6, 'win_mom': 3, 'win_vwap': 13, 'orb_opening_bars': 49, 'vol_window': 12}. Best is trial 112 with value: 0.33399999999999996.
Trial 235: ACCEPT (degrade -2575.0%) - Eval: 0.004%, Val: 0.107%
[I 2025-10-25 04:31:05,887] Trial 235 finished with value: 0.003999999999999992 and parameters: {'w_boll': 0.5353699287759173, 'w_rsi': 0.4845562355896993, 'w_mom': 0.26025708705642475, 'w_vwap': 0.5989365003826369, 'w_orb': 1.8745393718093026, 'w_ofi': 0.5858832224295092, 'w_vol': 1.8773605514412655, 'win_boll': 13, 'win_rsi': 13, 'win_mom': 4, 'win_vwap': 10, 'orb_opening_bars': 50, 'vol_window': 11}. Best is trial 112 with value: 0.33399999999999996.
Trial 236: ACCEPT (degrade -50.0%) - Eval: 0.140%, Val: 0.210%
[I 2025-10-25 04:31:06,636] Trial 236 finished with value: 0.13999999999999999 and parameters: {'w_boll': 0.4788124438569126, 'w_rsi': 0.3717816504473644, 'w_mom': 0.19206320980983493, 'w_vwap': 0.7112419680545714, 'w_orb': 1.7377559073344337, 'w_ofi': 0.46196924402792755, 'w_vol': 1.8282113019767192, 'win_boll': 10, 'win_rsi': 8, 'win_mom': 3, 'win_vwap': 11, 'orb_opening_bars': 47, 'vol_window': 10}. Best is trial 112 with value: 0.33399999999999996.
Trial 237: ACCEPT (degrade -6.2%) - Eval: 0.162%, Val: 0.172%
[I 2025-10-25 04:31:07,383] Trial 237 finished with value: 0.16199999999999998 and parameters: {'w_boll': 0.4800129990124346, 'w_rsi': 0.346137306960643, 'w_mom': 0.20205648870843507, 'w_vwap': 0.7790278707397432, 'w_orb': 1.7168041172986306, 'w_ofi': 0.6746133787595953, 'w_vol': 1.8416619419053304, 'win_boll': 10, 'win_rsi': 7, 'win_mom': 3, 'win_vwap': 11, 'orb_opening_bars': 47, 'vol_window': 11}. Best is trial 112 with value: 0.33399999999999996.
Trial 238: REJECT (overfit 70.6%) - Eval: 0.252%, Val: 0.074%
[I 2025-10-25 04:31:08,128] Trial 238 finished with value: -999.0 and parameters: {'w_boll': 0.48025514708320666, 'w_rsi': 0.29338867442412925, 'w_mom': 0.2404913696277081, 'w_vwap': 0.7815215343579565, 'w_orb': 1.7313015338967748, 'w_ofi': 0.3409342821207279, 'w_vol': 1.8288837958433208, 'win_boll': 10, 'win_rsi': 7, 'win_mom': 3, 'win_vwap': 11, 'orb_opening_bars': 47, 'vol_window': 12}. Best is trial 112 with value: 0.33399999999999996.
Trial 239: REJECT (overfit 50.5%) - Eval: 0.210%, Val: 0.104%
[I 2025-10-25 04:31:08,876] Trial 239 finished with value: -999.0 and parameters: {'w_boll': 0.46721981803160684, 'w_rsi': 0.3408068196305889, 'w_mom': 0.20370447237235959, 'w_vwap': 0.725230533702291, 'w_orb': 1.5861234710491185, 'w_ofi': 0.6559040355698768, 'w_vol': 1.9025965881380351, 'win_boll': 11, 'win_rsi': 6, 'win_mom': 3, 'win_vwap': 10, 'orb_opening_bars': 46, 'vol_window': 11}. Best is trial 112 with value: 0.33399999999999996.
Trial 240: REJECT (overfit 61.5%) - Eval: 0.052%, Val: 0.020%
[I 2025-10-25 04:31:09,625] Trial 240 finished with value: -999.0 and parameters: {'w_boll': 0.5149309972415961, 'w_rsi': 0.2656935331254916, 'w_mom': 0.2935989444667967, 'w_vwap': 0.9038589587737548, 'w_orb': 1.6850087419524804, 'w_ofi': 0.691524308539881, 'w_vol': 1.7842045364083088, 'win_boll': 10, 'win_rsi': 8, 'win_mom': 3, 'win_vwap': 11, 'orb_opening_bars': 47, 'vol_window': 12}. Best is trial 112 with value: 0.33399999999999996.
Trial 241: REJECT (overfit 62.9%) - Eval: 0.248%, Val: 0.092%
[I 2025-10-25 04:31:10,376] Trial 241 finished with value: -999.0 and parameters: {'w_boll': 0.42957658767081036, 'w_rsi': 0.39216966706396134, 'w_mom': 0.13934434841926907, 'w_vwap': 0.7700176106749282, 'w_orb': 1.7498394000655941, 'w_ofi': 1.6686433479020404, 'w_vol': 1.8568667614939582, 'win_boll': 11, 'win_rsi': 7, 'win_mom': 4, 'win_vwap': 12, 'orb_opening_bars': 48, 'vol_window': 10}. Best is trial 112 with value: 0.33399999999999996.
Trial 242: ACCEPT (degrade -470.0%) - Eval: 0.060%, Val: 0.342%Best trial: 112. Best value: 0.334:  13%|█▎        | 258/2000 [03:19<21:45,  1.33it/s]Best trial: 112. Best value: 0.334:  13%|█▎        | 258/2000 [03:19<21:45,  1.33it/s]Best trial: 112. Best value: 0.334:  13%|█▎        | 259/2000 [03:19<21:38,  1.34it/s]                                                                                      Best trial: 112. Best value: 0.334:  13%|█▎        | 259/2000 [03:20<21:38,  1.34it/s]Best trial: 112. Best value: 0.334:  13%|█▎        | 259/2000 [03:20<21:38,  1.34it/s]Best trial: 112. Best value: 0.334:  13%|█▎        | 260/2000 [03:20<21:43,  1.33it/s]                                                                                      Best trial: 112. Best value: 0.334:  13%|█▎        | 260/2000 [03:21<21:43,  1.33it/s]Best trial: 112. Best value: 0.334:  13%|█▎        | 260/2000 [03:21<21:43,  1.33it/s]Best trial: 112. Best value: 0.334:  13%|█▎        | 261/2000 [03:21<21:50,  1.33it/s]                                                                                      Best trial: 112. Best value: 0.334:  13%|█▎        | 261/2000 [03:22<21:50,  1.33it/s]Best trial: 112. Best value: 0.334:  13%|█▎        | 261/2000 [03:22<21:50,  1.33it/s]Best trial: 112. Best value: 0.334:  13%|█▎        | 262/2000 [03:22<21:45,  1.33it/s]                                                                                      Best trial: 112. Best value: 0.334:  13%|█▎        | 262/2000 [03:22<21:45,  1.33it/s]Best trial: 112. Best value: 0.334:  13%|█▎        | 262/2000 [03:22<21:45,  1.33it/s]Best trial: 112. Best value: 0.334:  13%|█▎        | 263/2000 [03:22<21:39,  1.34it/s]                                                                                      Best trial: 112. Best value: 0.334:  13%|█▎        | 263/2000 [03:23<21:39,  1.34it/s]Best trial: 112. Best value: 0.334:  13%|█▎        | 263/2000 [03:23<21:39,  1.34it/s]Best trial: 112. Best value: 0.334:  13%|█▎        | 264/2000 [03:23<21:37,  1.34it/s]                                                                                      Best trial: 112. Best value: 0.334:  13%|█▎        | 264/2000 [03:24<21:37,  1.34it/s]Best trial: 112. Best value: 0.334:  13%|█▎        | 264/2000 [03:24<21:37,  1.34it/s]Best trial: 112. Best value: 0.334:  13%|█▎        | 265/2000 [03:24<21:46,  1.33it/s]                                                                                      Best trial: 112. Best value: 0.334:  13%|█▎        | 265/2000 [03:25<21:46,  1.33it/s]Best trial: 112. Best value: 0.334:  13%|█▎        | 265/2000 [03:25<21:46,  1.33it/s]Best trial: 112. Best value: 0.334:  13%|█▎        | 266/2000 [03:25<21:40,  1.33it/s]                                                                                      Best trial: 112. Best value: 0.334:  13%|█▎        | 266/2000 [03:25<21:40,  1.33it/s]Best trial: 112. Best value: 0.334:  13%|█▎        | 266/2000 [03:25<21:40,  1.33it/s]Best trial: 112. Best value: 0.334:  13%|█▎        | 267/2000 [03:25<21:35,  1.34it/s]                                                                                      Best trial: 112. Best value: 0.334:  13%|█▎        | 267/2000 [03:26<21:35,  1.34it/s]Best trial: 112. Best value: 0.334:  13%|█▎        | 267/2000 [03:26<21:35,  1.34it/s]Best trial: 112. Best value: 0.334:  13%|█▎        | 268/2000 [03:26<23:17,  1.24it/s]                                                                                      Best trial: 112. Best value: 0.334:  13%|█▎        | 268/2000 [03:27<23:17,  1.24it/s]Best trial: 112. Best value: 0.334:  13%|█▎        | 268/2000 [03:27<23:17,  1.24it/s]Best trial: 112. Best value: 0.334:  13%|█▎        | 269/2000 [03:27<22:27,  1.28it/s]                                                                                      Best trial: 112. Best value: 0.334:  13%|█▎        | 269/2000 [03:28<22:27,  1.28it/s]Best trial: 112. Best value: 0.334:  13%|█▎        | 269/2000 [03:28<22:27,  1.28it/s]Best trial: 112. Best value: 0.334:  14%|█▎        | 270/2000 [03:28<22:07,  1.30it/s]                                                                                      Best trial: 112. Best value: 0.334:  14%|█▎        | 270/2000 [03:28<22:07,  1.30it/s]Best trial: 112. Best value: 0.334:  14%|█▎        | 270/2000 [03:28<22:07,  1.30it/s]Best trial: 112. Best value: 0.334:  14%|█▎        | 271/2000 [03:28<21:49,  1.32it/s]                                                                                      Best trial: 112. Best value: 0.334:  14%|█▎        | 271/2000 [03:29<21:49,  1.32it/s]Best trial: 112. Best value: 0.334:  14%|█▎        | 271/2000 [03:29<21:49,  1.32it/s]Best trial: 112. Best value: 0.334:  14%|█▎        | 272/2000 [03:29<22:03,  1.31it/s]                                                                                      Best trial: 112. Best value: 0.334:  14%|█▎        | 272/2000 [03:30<22:03,  1.31it/s]Best trial: 112. Best value: 0.334:  14%|█▎        | 272/2000 [03:30<22:03,  1.31it/s]Best trial: 112. Best value: 0.334:  14%|█▎        | 273/2000 [03:30<21:36,  1.33it/s]                                                                                      Best trial: 112. Best value: 0.334:  14%|█▎        | 273/2000 [03:31<21:36,  1.33it/s]Best trial: 112. Best value: 0.334:  14%|█▎        | 273/2000 [03:31<21:36,  1.33it/s]Best trial: 112. Best value: 0.334:  14%|█▎        | 274/2000 [03:31<21:32,  1.33it/s]                                                                                      
[I 2025-10-25 04:31:11,130] Trial 242 finished with value: 0.06 and parameters: {'w_boll': 0.5723845444834933, 'w_rsi': 0.35129289147649695, 'w_mom': 0.18869147876382117, 'w_vwap': 0.8153064863854556, 'w_orb': 1.727431789569413, 'w_ofi': 0.8636321497143323, 'w_vol': 1.836297606423465, 'win_boll': 11, 'win_rsi': 19, 'win_mom': 3, 'win_vwap': 11, 'orb_opening_bars': 45, 'vol_window': 10}. Best is trial 112 with value: 0.33399999999999996.
Trial 243: ACCEPT (degrade -6.6%) - Eval: 0.182%, Val: 0.194%
[I 2025-10-25 04:31:11,940] Trial 243 finished with value: 0.182 and parameters: {'w_boll': 0.4961955682318902, 'w_rsi': 0.38026575630242776, 'w_mom': 0.10213828145934781, 'w_vwap': 0.7357151320940734, 'w_orb': 1.7945241139755617, 'w_ofi': 0.7430453162570199, 'w_vol': 1.9162553938235622, 'win_boll': 10, 'win_rsi': 7, 'win_mom': 4, 'win_vwap': 10, 'orb_opening_bars': 46, 'vol_window': 11}. Best is trial 112 with value: 0.33399999999999996.
Trial 244: ACCEPT (degrade -0.6%) - Eval: 0.164%, Val: 0.165%
[I 2025-10-25 04:31:12,725] Trial 244 finished with value: 0.164 and parameters: {'w_boll': 0.46576791026244957, 'w_rsi': 0.36010795381241145, 'w_mom': 0.1058453203462802, 'w_vwap': 0.7581367985003686, 'w_orb': 1.6607856003695947, 'w_ofi': 0.7424438678844312, 'w_vol': 1.926280795922585, 'win_boll': 10, 'win_rsi': 8, 'win_mom': 4, 'win_vwap': 10, 'orb_opening_bars': 46, 'vol_window': 11}. Best is trial 112 with value: 0.33399999999999996.
Trial 245: ACCEPT (degrade 0.0%) - Eval: -0.080%, Val: 0.162%
[I 2025-10-25 04:31:13,466] Trial 245 finished with value: -0.07999999999999999 and parameters: {'w_boll': 0.5141564896825582, 'w_rsi': 0.31704224602998904, 'w_mom': 0.11048896547255306, 'w_vwap': 0.7539124457969579, 'w_orb': 1.6360430472183787, 'w_ofi': 0.730292984103625, 'w_vol': 1.9652814793851745, 'win_boll': 10, 'win_rsi': 7, 'win_mom': 4, 'win_vwap': 10, 'orb_opening_bars': 44, 'vol_window': 13}. Best is trial 112 with value: 0.33399999999999996.
Trial 246: REJECT (overfit 131.2%) - Eval: 0.080%, Val: -0.025%
[I 2025-10-25 04:31:14,204] Trial 246 finished with value: -999.0 and parameters: {'w_boll': 0.4433916636350266, 'w_rsi': 0.3699365171181284, 'w_mom': 0.1042609579354653, 'w_vwap': 0.8452198204367342, 'w_orb': 1.5970913724946627, 'w_ofi': 0.7372042505452758, 'w_vol': 1.916072982599213, 'win_boll': 10, 'win_rsi': 6, 'win_mom': 4, 'win_vwap': 10, 'orb_opening_bars': 46, 'vol_window': 11}. Best is trial 112 with value: 0.33399999999999996.
Trial 247: ACCEPT (degrade -215.9%) - Eval: 0.044%, Val: 0.139%
[I 2025-10-25 04:31:14,969] Trial 247 finished with value: 0.044 and parameters: {'w_boll': 0.39939711558468605, 'w_rsi': 0.5754892346832147, 'w_mom': 0.14047514718941984, 'w_vwap': 0.7719491167921069, 'w_orb': 1.6746125337639866, 'w_ofi': 0.6871718304039701, 'w_vol': 1.9190795253162722, 'win_boll': 12, 'win_rsi': 7, 'win_mom': 4, 'win_vwap': 10, 'orb_opening_bars': 46, 'vol_window': 12}. Best is trial 112 with value: 0.33399999999999996.
Trial 248: REJECT (overfit 59.7%) - Eval: 0.288%, Val: 0.116%
[I 2025-10-25 04:31:15,705] Trial 248 finished with value: -999.0 and parameters: {'w_boll': 0.47697269904089434, 'w_rsi': 0.4102569019180618, 'w_mom': 0.13895251360287852, 'w_vwap': 0.7228598880526034, 'w_orb': 1.920698853132093, 'w_ofi': 0.7619504787806121, 'w_vol': 1.8778188849959565, 'win_boll': 11, 'win_rsi': 6, 'win_mom': 4, 'win_vwap': 10, 'orb_opening_bars': 45, 'vol_window': 14}. Best is trial 112 with value: 0.33399999999999996.
Trial 249: REJECT (overfit 69.0%) - Eval: 0.210%, Val: 0.065%
[I 2025-10-25 04:31:16,464] Trial 249 finished with value: -999.0 and parameters: {'w_boll': 0.4186645752590653, 'w_rsi': 0.6656086627205064, 'w_mom': 1.786004485807983, 'w_vwap': 0.7918312107664918, 'w_orb': 1.7028847869800163, 'w_ofi': 0.6327080203094982, 'w_vol': 1.947487624057754, 'win_boll': 12, 'win_rsi': 7, 'win_mom': 4, 'win_vwap': 11, 'orb_opening_bars': 48, 'vol_window': 11}. Best is trial 112 with value: 0.33399999999999996.
Trial 250: REJECT (overfit 27.4%) - Eval: 0.190%, Val: 0.138%
[I 2025-10-25 04:31:17,211] Trial 250 finished with value: -999.0 and parameters: {'w_boll': 0.5400284339246618, 'w_rsi': 0.3222853168961938, 'w_mom': 0.1340208942663687, 'w_vwap': 0.6789567369167325, 'w_orb': 1.9653441845185875, 'w_ofi': 0.678567596742707, 'w_vol': 1.889387199928576, 'win_boll': 10, 'win_rsi': 8, 'win_mom': 3, 'win_vwap': 44, 'orb_opening_bars': 46, 'vol_window': 12}. Best is trial 112 with value: 0.33399999999999996.
Trial 251: ACCEPT (degrade 0.0%) - Eval: -0.306%, Val: 0.298%
[I 2025-10-25 04:31:17,968] Trial 251 finished with value: -0.30599999999999994 and parameters: {'w_boll': 0.36676590710057566, 'w_rsi': 0.543697858731715, 'w_mom': 0.10318394667617173, 'w_vwap': 0.8479819808895619, 'w_orb': 1.7916453973265423, 'w_ofi': 1.6363800408323523, 'w_vol': 1.7863393203858517, 'win_boll': 19, 'win_rsi': 6, 'win_mom': 4, 'win_vwap': 10, 'orb_opening_bars': 49, 'vol_window': 13}. Best is trial 112 with value: 0.33399999999999996.
Trial 252: ACCEPT (degrade 0.0%) - Eval: -0.030%, Val: 0.183%
[I 2025-10-25 04:31:18,710] Trial 252 finished with value: -0.030000000000000006 and parameters: {'w_boll': 0.5075445618176505, 'w_rsi': 0.4377151839964972, 'w_mom': 0.16079939795558648, 'w_vwap': 0.7360896222971176, 'w_orb': 1.6508680051684665, 'w_ofi': 0.8240591805027867, 'w_vol': 1.8734277256465022, 'win_boll': 12, 'win_rsi': 8, 'win_mom': 5, 'win_vwap': 11, 'orb_opening_bars': 45, 'vol_window': 11}. Best is trial 112 with value: 0.33399999999999996.
Trial 253: ACCEPT (degrade 17.4%) - Eval: 0.242%, Val: 0.200%
[I 2025-10-25 04:31:19,454] Trial 253 finished with value: 0.24200000000000005 and parameters: {'w_boll': 0.4578865803146766, 'w_rsi': 0.3806080515082564, 'w_mom': 0.23430978825025273, 'w_vwap': 0.8885444736573018, 'w_orb': 1.9999833204636863, 'w_ofi': 0.7010636741787766, 'w_vol': 1.7524542143984343, 'win_boll': 11, 'win_rsi': 7, 'win_mom': 3, 'win_vwap': 12, 'orb_opening_bars': 48, 'vol_window': 12}. Best is trial 112 with value: 0.33399999999999996.
Trial 254: REJECT (overfit 103.4%) - Eval: 0.234%, Val: -0.008%
[I 2025-10-25 04:31:20,195] Trial 254 finished with value: -999.0 and parameters: {'w_boll': 0.2919702402033395, 'w_rsi': 0.356591071143784, 'w_mom': 0.2534443245421554, 'w_vwap': 0.6442896505899157, 'w_orb': 1.9993594138811592, 'w_ofi': 0.7184871547497993, 'w_vol': 1.749710864217341, 'win_boll': 11, 'win_rsi': 7, 'win_mom': 4, 'win_vwap': 13, 'orb_opening_bars': 48, 'vol_window': 13}. Best is trial 112 with value: 0.33399999999999996.
Trial 255: ACCEPT (degrade 12.7%) - Eval: 0.330%, Val: 0.288%
[I 2025-10-25 04:31:20,959] Trial 255 finished with value: 0.32999999999999996 and parameters: {'w_boll': 0.45675897850473274, 'w_rsi': 0.2855279217422517, 'w_mom': 0.22288463419274265, 'w_vwap': 0.5595292544047263, 'w_orb': 1.9473743869168736, 'w_ofi': 0.7783665498080469, 'w_vol': 1.7980463895171972, 'win_boll': 10, 'win_rsi': 6, 'win_mom': 3, 'win_vwap': 12, 'orb_opening_bars': 47, 'vol_window': 12}. Best is trial 112 with value: 0.33399999999999996.
Trial 256: REJECT (overfit 125.0%) - Eval: 0.136%, Val: -0.034%
[I 2025-10-25 04:31:21,698] Trial 256 finished with value: -999.0 and parameters: {'w_boll': 0.38541562669093477, 'w_rsi': 0.2443106718386082, 'w_mom': 0.2830846709095861, 'w_vwap': 0.5044173508654524, 'w_orb': 1.8411638935685024, 'w_ofi': 0.7873593086584254, 'w_vol': 1.975416091323483, 'win_boll': 11, 'win_rsi': 5, 'win_mom': 5, 'win_vwap': 12, 'orb_opening_bars': 47, 'vol_window': 12}. Best is trial 112 with value: 0.33399999999999996.
Trial 257: REJECT (overfit 168.6%) - Eval: 0.070%, Val: -0.048%
[I 2025-10-25 04:31:22,452] Trial 257 finished with value: -999.0 and parameters: {'w_boll': 0.44934168110094663, 'w_rsi': 0.3162101957526355, 'w_mom': 0.2189124679357323, 'w_vwap': 0.5725712628498354, 'w_orb': 0.4605084298529164, 'w_ofi': 0.7402286388552447, 'w_vol': 1.7206443302353633, 'win_boll': 10, 'win_rsi': 6, 'win_mom': 4, 'win_vwap': 11, 'orb_opening_bars': 46, 'vol_window': 12}. Best is trial 112 with value: 0.33399999999999996.
Trial 258: ACCEPT (degrade 0.0%) - Eval: -0.216%, Val: 0.117%
