[I 2025-10-25 04:48:47,486] Trial 1622 finished with value: -999.0 and parameters: {'w_boll': 0.3121910180417158, 'w_rsi': 0.3730028631714316, 'w_mom': 0.21972537054844737, 'w_vwap': 0.6520638030255674, 'w_orb': 1.9361478401232655, 'w_ofi': 0.23337428962437, 'w_vol': 1.3839783351545116, 'win_boll': 12, 'win_rsi': 6, 'win_mom': 4, 'win_vwap': 32, 'orb_opening_bars': 50, 'vol_window': 11}. Best is trial 868 with value: 0.384.
Trial 1623: ACCEPT (degrade 0.0%) - Eval: -0.230%, Val: -0.219%
[I 2025-10-25 04:48:48,242] Trial 1623 finished with value: -0.22999999999999998 and parameters: {'w_boll': 1.8234343823789085, 'w_rsi': 0.25963709208294794, 'w_mom': 1.467447517204176, 'w_vwap': 0.7127127961908467, 'w_orb': 1.7814405431299836, 'w_ofi': 1.999641999070858, 'w_vol': 1.918508186138231, 'win_boll': 14, 'win_rsi': 8, 'win_mom': 3, 'win_vwap': 12, 'orb_opening_bars': 34, 'vol_window': 12}. Best is trial 868 with value: 0.384.
Trial 1624: REJECT (overfit 69.5%) - Eval: 0.154%, Val: 0.047%
[I 2025-10-25 04:48:48,976] Trial 1624 finished with value: -999.0 and parameters: {'w_boll': 0.19132755721999234, 'w_rsi': 0.3061611040550897, 'w_mom': 1.2578176237204037, 'w_vwap': 0.9695196869933133, 'w_orb': 1.9684274880346762, 'w_ofi': 1.757675791590528, 'w_vol': 1.8728020607254803, 'win_boll': 16, 'win_rsi': 8, 'win_mom': 5, 'win_vwap': 16, 'orb_opening_bars': 48, 'vol_window': 10}. Best is trial 868 with value: 0.384.
Trial 1625: REJECT (overfit 52.4%) - Eval: 0.126%, Val: 0.060%
[I 2025-10-25 04:48:49,736] Trial 1625 finished with value: -999.0 and parameters: {'w_boll': 0.4088859106121862, 'w_rsi': 0.4158028271105453, 'w_mom': 0.3324755575993384, 'w_vwap': 0.8093308113065042, 'w_orb': 1.9140394020888711, 'w_ofi': 0.33521230708291816, 'w_vol': 1.7879937970464197, 'win_boll': 13, 'win_rsi': 6, 'win_mom': 7, 'win_vwap': 10, 'orb_opening_bars': 47, 'vol_window': 16}. Best is trial 868 with value: 0.384.
Trial 1626: ACCEPT (degrade -18.1%) - Eval: 0.226%, Val: 0.267%
[I 2025-10-25 04:48:50,488] Trial 1626 finished with value: 0.22600000000000003 and parameters: {'w_boll': 0.2614105286289574, 'w_rsi': 0.2317288948175128, 'w_mom': 0.2922227530330763, 'w_vwap': 0.875404098887386, 'w_orb': 1.8686884604950458, 'w_ofi': 1.9258711619257947, 'w_vol': 1.9351967500273404, 'win_boll': 12, 'win_rsi': 7, 'win_mom': 4, 'win_vwap': 15, 'orb_opening_bars': 49, 'vol_window': 12}. Best is trial 868 with value: 0.384.
Trial 1627: ACCEPT (degrade -1806.2%) - Eval: 0.016%, Val: 0.305%
[I 2025-10-25 04:48:51,284] Trial 1627 finished with value: 0.016000000000000007 and parameters: {'w_boll': 0.34250354807979977, 'w_rsi': 0.13445255663454814, 'w_mom': 1.2045851507254597, 'w_vwap': 0.6710956203715345, 'w_orb': 1.8125582074190973, 'w_ofi': 1.216565543708129, 'w_vol': 1.1403166197764114, 'win_boll': 11, 'win_rsi': 5, 'win_mom': 3, 'win_vwap': 11, 'orb_opening_bars': 50, 'vol_window': 13}. Best is trial 868 with value: 0.384.
Trial 1628: ACCEPT (degrade 0.0%) - Eval: -0.312%, Val: 0.314%
[I 2025-10-25 04:48:52,035] Trial 1628 finished with value: -0.312 and parameters: {'w_boll': 0.4819252769721334, 'w_rsi': 0.3343649553624314, 'w_mom': 0.2400022870912002, 'w_vwap': 0.7426132854773596, 'w_orb': 1.9323662846005893, 'w_ofi': 0.4452401734992028, 'w_vol': 1.6981695871788536, 'win_boll': 14, 'win_rsi': 25, 'win_mom': 6, 'win_vwap': 12, 'orb_opening_bars': 48, 'vol_window': 11}. Best is trial 868 with value: 0.384.
Trial 1629: REJECT (overfit 345.2%) - Eval: 0.042%, Val: -0.103%
[I 2025-10-25 04:48:52,803] Trial 1629 finished with value: -999.0 and parameters: {'w_boll': 0.3733189288437425, 'w_rsi': 0.28871979720315577, 'w_mom': 1.3492532685653666, 'w_vwap': 0.6237490421999875, 'w_orb': 0.5604321653843913, 'w_ofi': 1.893039285704616, 'w_vol': 1.8450301265034346, 'win_boll': 15, 'win_rsi': 5, 'win_mom': 3, 'win_vwap': 14, 'orb_opening_bars': 49, 'vol_window': 10}. Best is trial 868 with value: 0.384.
Trial 1630: ACCEPT (degrade -700.0%) - Eval: 0.016%, Val: 0.128%
[I 2025-10-25 04:48:53,553] Trial 1630 finished with value: 0.015999999999999997 and parameters: {'w_boll': 0.2170813055082066, 'w_rsi': 0.4369906619523113, 'w_mom': 0.1591599722660378, 'w_vwap': 0.7801880141530364, 'w_orb': 1.8883350101693503, 'w_ofi': 1.9528123019141526, 'w_vol': 0.7777237639303001, 'win_boll': 10, 'win_rsi': 6, 'win_mom': 5, 'win_vwap': 13, 'orb_opening_bars': 16, 'vol_window': 12}. Best is trial 868 with value: 0.384.
Trial 1631: ACCEPT (degrade -139.5%) - Eval: 0.086%, Val: 0.206%
[I 2025-10-25 04:48:54,353] Trial 1631 finished with value: 0.08599999999999998 and parameters: {'w_boll': 0.14247276783419408, 'w_rsi': 0.5017980748576527, 'w_mom': 0.19427212122025403, 'w_vwap': 0.5372308859336616, 'w_orb': 1.960807677891434, 'w_ofi': 0.4162770969946847, 'w_vol': 1.250793101149717, 'win_boll': 14, 'win_rsi': 7, 'win_mom': 20, 'win_vwap': 18, 'orb_opening_bars': 29, 'vol_window': 13}. Best is trial 868 with value: 0.384.
Trial 1632: REJECT (overfit 89.0%) - Eval: 0.246%, Val: 0.027%
[I 2025-10-25 04:48:55,132] Trial 1632 finished with value: -999.0 and parameters: {'w_boll': 0.4310110710368622, 'w_rsi': 0.3579231542697113, 'w_mom': 1.411196837063879, 'w_vwap': 0.6898513789948998, 'w_orb': 1.6070533020885347, 'w_ofi': 0.3796608730120929, 'w_vol': 1.999906264456444, 'win_boll': 13, 'win_rsi': 6, 'win_mom': 4, 'win_vwap': 11, 'orb_opening_bars': 49, 'vol_window': 11}. Best is trial 868 with value: 0.384.
Trial 1633: ACCEPT (degrade 0.0%) - Eval: -0.392%, Val: 0.217%
[I 2025-10-25 04:48:55,862] Trial 1633 finished with value: -0.392 and parameters: {'w_boll': 0.32447489820298814, 'w_rsi': 0.3971568368121097, 'w_mom': 0.1244990868423625, 'w_vwap': 0.7340056690654095, 'w_orb': 1.7533407567430719, 'w_ofi': 0.731607530336779, 'w_vol': 1.901170502545257, 'win_boll': 16, 'win_rsi': 23, 'win_mom': 7, 'win_vwap': 29, 'orb_opening_bars': 30, 'vol_window': 14}. Best is trial 868 with value: 0.384.
Trial 1634: ACCEPT (degrade 0.0%) - Eval: -0.194%, Val: 0.351%
[I 2025-10-25 04:48:56,622] Trial 1634 finished with value: -0.194 and parameters: {'w_boll': 0.6836031855388222, 'w_rsi': 0.16463295910948147, 'w_mom': 1.2950168110200289, 'w_vwap': 0.6037381072412246, 'w_orb': 1.9120817429151733, 'w_ofi': 1.998633059720398, 'w_vol': 1.7480982593680026, 'win_boll': 12, 'win_rsi': 5, 'win_mom': 6, 'win_vwap': 17, 'orb_opening_bars': 32, 'vol_window': 15}. Best is trial 868 with value: 0.384.
Trial 1635: ACCEPT (degrade 0.0%) - Eval: -0.166%, Val: 0.067%
[I 2025-10-25 04:48:57,422] Trial 1635 finished with value: -0.166 and parameters: {'w_boll': 0.2881695846344729, 'w_rsi': 1.719906867084676, 'w_mom': 0.26946008287610984, 'w_vwap': 0.8078980238841752, 'w_orb': 1.8561204268268352, 'w_ofi': 1.8484830900445504, 'w_vol': 1.8165364616708937, 'win_boll': 13, 'win_rsi': 7, 'win_mom': 3, 'win_vwap': 12, 'orb_opening_bars': 47, 'vol_window': 10}. Best is trial 868 with value: 0.384.
Trial 1636: ACCEPT (degrade 0.0%) - Eval: -0.002%, Val: 0.419%
[I 2025-10-25 04:48:58,192] Trial 1636 finished with value: -0.0019999999999999853 and parameters: {'w_boll': 0.3994608284569453, 'w_rsi': 0.22279331993844195, 'w_mom': 0.20949515114629216, 'w_vwap': 0.6568231047813491, 'w_orb': 1.9719558095503351, 'w_ofi': 1.9602638987432015, 'w_vol': 1.8852879052236065, 'win_boll': 14, 'win_rsi': 6, 'win_mom': 4, 'win_vwap': 13, 'orb_opening_bars': 48, 'vol_window': 12}. Best is trial 868 with value: 0.384.
Trial 1637: ACCEPT (degrade 0.0%) - Eval: -0.042%, Val: 0.180%
[I 2025-10-25 04:48:58,927] Trial 1637 finished with value: -0.041999999999999996 and parameters: {'w_boll': 0.3608008427608325, 'w_rsi': 0.33365187380877487, 'w_mom': 1.376111530587196, 'w_vwap': 0.4996698384322007, 'w_orb': 1.8212975048354358, 'w_ofi': 0.4665668859501718, 'w_vol': 1.9549544231143405, 'win_boll': 11, 'win_rsi': 8, 'win_mom': 5, 'win_vwap': 15, 'orb_opening_bars': 50, 'vol_window': 11}. Best is trial 868 with value: 0.384.
Trial 1638: ACCEPT (degrade -719.2%) - Eval: 0.026%, Val: 0.213%
[I 2025-10-25 04:48:59,691] Trial 1638 finished with value: 0.026000000000000002 and parameters: {'w_boll': 0.7699383101987671, 'w_rsi': 0.4763042917376936, 'w_mom': 0.15459457120453932, 'w_vwap': 0.7003029264522436, 'w_orb': 1.933887062984092, 'w_ofi': 1.5698234901758044, 'w_vol': 0.9653062628358927, 'win_boll': 16, 'win_rsi': 7, 'win_mom': 4, 'win_vwap': 10, 'orb_opening_bars': 46, 'vol_window': 13}. Best is trial 868 with value: 0.384.Best trial: 868. Best value: 0.384:  83%|████████▎ | 1655/2000 [21:09<04:24,  1.30it/s]Best trial: 868. Best value: 0.384:  83%|████████▎ | 1655/2000 [21:09<04:24,  1.30it/s]Best trial: 868. Best value: 0.384:  83%|████████▎ | 1656/2000 [21:09<04:25,  1.30it/s]                                                                                       Best trial: 868. Best value: 0.384:  83%|████████▎ | 1656/2000 [21:10<04:25,  1.30it/s]Best trial: 868. Best value: 0.384:  83%|████████▎ | 1656/2000 [21:10<04:25,  1.30it/s]Best trial: 868. Best value: 0.384:  83%|████████▎ | 1657/2000 [21:10<04:23,  1.30it/s]                                                                                       Best trial: 868. Best value: 0.384:  83%|████████▎ | 1657/2000 [21:10<04:23,  1.30it/s]Best trial: 868. Best value: 0.384:  83%|████████▎ | 1657/2000 [21:10<04:23,  1.30it/s]Best trial: 868. Best value: 0.384:  83%|████████▎ | 1658/2000 [21:10<04:22,  1.31it/s]                                                                                       Best trial: 868. Best value: 0.384:  83%|████████▎ | 1658/2000 [21:11<04:22,  1.31it/s]Best trial: 868. Best value: 0.384:  83%|████████▎ | 1658/2000 [21:11<04:22,  1.31it/s]Best trial: 868. Best value: 0.384:  83%|████████▎ | 1659/2000 [21:11<04:22,  1.30it/s]                                                                                       Best trial: 868. Best value: 0.384:  83%|████████▎ | 1659/2000 [21:12<04:22,  1.30it/s]Best trial: 868. Best value: 0.384:  83%|████████▎ | 1659/2000 [21:12<04:22,  1.30it/s]Best trial: 868. Best value: 0.384:  83%|████████▎ | 1660/2000 [21:12<04:18,  1.32it/s]                                                                                       Best trial: 868. Best value: 0.384:  83%|████████▎ | 1660/2000 [21:13<04:18,  1.32it/s]Best trial: 868. Best value: 0.384:  83%|████████▎ | 1660/2000 [21:13<04:18,  1.32it/s]Best trial: 868. Best value: 0.384:  83%|████████▎ | 1661/2000 [21:13<04:17,  1.32it/s]                                                                                       Best trial: 868. Best value: 0.384:  83%|████████▎ | 1661/2000 [21:14<04:17,  1.32it/s]Best trial: 868. Best value: 0.384:  83%|████████▎ | 1661/2000 [21:14<04:17,  1.32it/s]Best trial: 868. Best value: 0.384:  83%|████████▎ | 1662/2000 [21:14<04:16,  1.32it/s]                                                                                       Best trial: 868. Best value: 0.384:  83%|████████▎ | 1662/2000 [21:14<04:16,  1.32it/s]Best trial: 868. Best value: 0.384:  83%|████████▎ | 1662/2000 [21:14<04:16,  1.32it/s]Best trial: 868. Best value: 0.384:  83%|████████▎ | 1663/2000 [21:14<04:17,  1.31it/s]                                                                                       Best trial: 868. Best value: 0.384:  83%|████████▎ | 1663/2000 [21:15<04:17,  1.31it/s]Best trial: 868. Best value: 0.384:  83%|████████▎ | 1663/2000 [21:15<04:17,  1.31it/s]Best trial: 868. Best value: 0.384:  83%|████████▎ | 1664/2000 [21:15<04:13,  1.32it/s]                                                                                       Best trial: 868. Best value: 0.384:  83%|████████▎ | 1664/2000 [21:16<04:13,  1.32it/s]Best trial: 868. Best value: 0.384:  83%|████████▎ | 1664/2000 [21:16<04:13,  1.32it/s]Best trial: 868. Best value: 0.384:  83%|████████▎ | 1665/2000 [21:16<04:14,  1.32it/s]                                                                                       Best trial: 868. Best value: 0.384:  83%|████████▎ | 1665/2000 [21:17<04:14,  1.32it/s]Best trial: 868. Best value: 0.384:  83%|████████▎ | 1665/2000 [21:17<04:14,  1.32it/s]Best trial: 868. Best value: 0.384:  83%|████████▎ | 1666/2000 [21:17<04:13,  1.32it/s]                                                                                       Best trial: 868. Best value: 0.384:  83%|████████▎ | 1666/2000 [21:17<04:13,  1.32it/s]Best trial: 868. Best value: 0.384:  83%|████████▎ | 1666/2000 [21:17<04:13,  1.32it/s]Best trial: 868. Best value: 0.384:  83%|████████▎ | 1667/2000 [21:17<04:14,  1.31it/s]                                                                                       Best trial: 868. Best value: 0.384:  83%|████████▎ | 1667/2000 [21:18<04:14,  1.31it/s]Best trial: 868. Best value: 0.384:  83%|████████▎ | 1667/2000 [21:18<04:14,  1.31it/s]Best trial: 868. Best value: 0.384:  83%|████████▎ | 1668/2000 [21:18<04:17,  1.29it/s]                                                                                       Best trial: 868. Best value: 0.384:  83%|████████▎ | 1668/2000 [21:19<04:17,  1.29it/s]Best trial: 868. Best value: 0.384:  83%|████████▎ | 1668/2000 [21:19<04:17,  1.29it/s]Best trial: 868. Best value: 0.384:  83%|████████▎ | 1669/2000 [21:19<04:15,  1.30it/s]                                                                                       Best trial: 868. Best value: 0.384:  83%|████████▎ | 1669/2000 [21:20<04:15,  1.30it/s]Best trial: 868. Best value: 0.384:  83%|████████▎ | 1669/2000 [21:20<04:15,  1.30it/s]Best trial: 868. Best value: 0.384:  84%|████████▎ | 1670/2000 [21:20<04:13,  1.30it/s]                                                                                       Best trial: 868. Best value: 0.384:  84%|████████▎ | 1670/2000 [21:20<04:13,  1.30it/s]Best trial: 868. Best value: 0.384:  84%|████████▎ | 1670/2000 [21:20<04:13,  1.30it/s]Best trial: 868. Best value: 0.384:  84%|████████▎ | 1671/2000 [21:20<04:15,  1.29it/s]                                                                                       Best trial: 868. Best value: 0.384:  84%|████████▎ | 1671/2000 [21:21<04:15,  1.29it/s]Best trial: 868. Best value: 0.384:  84%|████████▎ | 1671/2000 [21:21<04:15,  1.29it/s]Best trial: 868. Best value: 0.384:  84%|████████▎ | 1672/2000 [21:21<04:12,  1.30it/s]                                                                                       
Trial 1639: REJECT (overfit 146.8%) - Eval: 0.154%, Val: -0.072%
[I 2025-10-25 04:49:00,670] Trial 1639 finished with value: -999.0 and parameters: {'w_boll': 0.8580840798526472, 'w_rsi': 0.252312257070484, 'w_mom': 1.2529875923817009, 'w_vwap': 0.761220512853904, 'w_orb': 1.8915299134149215, 'w_ofi': 1.904572975886042, 'w_vol': 1.7840521860958347, 'win_boll': 15, 'win_rsi': 5, 'win_mom': 3, 'win_vwap': 16, 'orb_opening_bars': 50, 'vol_window': 10}. Best is trial 868 with value: 0.384.
Trial 1640: ACCEPT (degrade 0.0%) - Eval: -0.018%, Val: 0.103%
[I 2025-10-25 04:49:01,423] Trial 1640 finished with value: -0.017999999999999995 and parameters: {'w_boll': 1.409524130330806, 'w_rsi': 0.28905552941310586, 'w_mom': 1.3137410116273542, 'w_vwap': 0.5685938666649233, 'w_orb': 1.7104502835710096, 'w_ofi': 0.8072606044319053, 'w_vol': 1.8491303944317259, 'win_boll': 12, 'win_rsi': 6, 'win_mom': 6, 'win_vwap': 11, 'orb_opening_bars': 49, 'vol_window': 12}. Best is trial 868 with value: 0.384.
Trial 1641: REJECT (overfit 45.2%) - Eval: 0.146%, Val: 0.080%
[I 2025-10-25 04:49:02,183] Trial 1641 finished with value: -999.0 and parameters: {'w_boll': 0.25052978123102243, 'w_rsi': 0.39076652816187646, 'w_mom': 1.2162825351248694, 'w_vwap': 0.6222167234928973, 'w_orb': 1.959036888327096, 'w_ofi': 0.6004062824502351, 'w_vol': 1.9095292953598213, 'win_boll': 23, 'win_rsi': 7, 'win_mom': 4, 'win_vwap': 14, 'orb_opening_bars': 48, 'vol_window': 11}. Best is trial 868 with value: 0.384.
Trial 1642: ACCEPT (degrade -266.7%) - Eval: 0.012%, Val: 0.044%
[I 2025-10-25 04:49:02,918] Trial 1642 finished with value: 0.012 and parameters: {'w_boll': 0.4471178045663116, 'w_rsi': 0.36285597892771826, 'w_mom': 0.2490612943703193, 'w_vwap': 0.8539161126876187, 'w_orb': 1.8607537850282132, 'w_ofi': 1.9996505191325304, 'w_vol': 1.0263945192584587, 'win_boll': 13, 'win_rsi': 6, 'win_mom': 5, 'win_vwap': 12, 'orb_opening_bars': 49, 'vol_window': 12}. Best is trial 868 with value: 0.384.
Trial 1643: REJECT (overfit 56.9%) - Eval: 0.306%, Val: 0.132%
[I 2025-10-25 04:49:03,669] Trial 1643 finished with value: -999.0 and parameters: {'w_boll': 0.5620634257627619, 'w_rsi': 0.4392050511298676, 'w_mom': 0.1316515047643795, 'w_vwap': 0.9305995963580596, 'w_orb': 1.9134777522005344, 'w_ofi': 1.8123676430624434, 'w_vol': 1.8118001012069544, 'win_boll': 14, 'win_rsi': 9, 'win_mom': 3, 'win_vwap': 32, 'orb_opening_bars': 47, 'vol_window': 10}. Best is trial 868 with value: 0.384.
Trial 1644: REJECT (overfit 0.0%) - Eval: -0.030%, Val: -0.165%
[I 2025-10-25 04:49:04,426] Trial 1644 finished with value: -999.0 and parameters: {'w_boll': 0.3309038790693156, 'w_rsi': 0.2073060858916399, 'w_mom': 1.1130725570449926, 'w_vwap': 0.7164534807788977, 'w_orb': 1.972901400249249, 'w_ofi': 1.9388418267040337, 'w_vol': 1.8726673943274594, 'win_boll': 10, 'win_rsi': 5, 'win_mom': 8, 'win_vwap': 13, 'orb_opening_bars': 50, 'vol_window': 14}. Best is trial 868 with value: 0.384.
Trial 1645: ACCEPT (degrade 12.0%) - Eval: 0.258%, Val: 0.227%
[I 2025-10-25 04:49:05,182] Trial 1645 finished with value: 0.258 and parameters: {'w_boll': 0.2873507712988872, 'w_rsi': 0.3212541414311178, 'w_mom': 0.19790671720694689, 'w_vwap': 0.672292344312106, 'w_orb': 1.7938601016120435, 'w_ofi': 0.6814257111048854, 'w_vol': 1.9535167003954192, 'win_boll': 11, 'win_rsi': 7, 'win_mom': 7, 'win_vwap': 15, 'orb_opening_bars': 49, 'vol_window': 11}. Best is trial 868 with value: 0.384.
Trial 1646: ACCEPT (degrade 0.0%) - Eval: -0.184%, Val: -0.078%
[I 2025-10-25 04:49:05,927] Trial 1646 finished with value: -0.18400000000000002 and parameters: {'w_boll': 0.5005038434347698, 'w_rsi': 0.2646457832379514, 'w_mom': 1.4910561601923515, 'w_vwap': 0.7816691966278325, 'w_orb': 0.6323482931889333, 'w_ofi': 0.4082370771978849, 'w_vol': 1.7667857847648796, 'win_boll': 15, 'win_rsi': 8, 'win_mom': 19, 'win_vwap': 31, 'orb_opening_bars': 47, 'vol_window': 13}. Best is trial 868 with value: 0.384.
Trial 1647: ACCEPT (degrade 0.0%) - Eval: -0.178%, Val: 0.298%
[I 2025-10-25 04:49:06,696] Trial 1647 finished with value: -0.178 and parameters: {'w_boll': 0.38113518546618746, 'w_rsi': 0.16642552595064816, 'w_mom': 1.2904117987082004, 'w_vwap': 0.8231557302950929, 'w_orb': 1.8362914257454142, 'w_ofi': 1.865352257985044, 'w_vol': 1.8439959655323264, 'win_boll': 12, 'win_rsi': 6, 'win_mom': 6, 'win_vwap': 37, 'orb_opening_bars': 48, 'vol_window': 12}. Best is trial 868 with value: 0.384.
Trial 1648: REJECT (overfit 34.3%) - Eval: 0.216%, Val: 0.142%
[I 2025-10-25 04:49:07,452] Trial 1648 finished with value: -999.0 and parameters: {'w_boll': 0.18038288849706727, 'w_rsi': 0.42443923005124484, 'w_mom': 1.3430472786651189, 'w_vwap': 0.6401796542561724, 'w_orb': 1.0028404701132703, 'w_ofi': 1.2707432994654075, 'w_vol': 1.1921505438325233, 'win_boll': 13, 'win_rsi': 6, 'win_mom': 4, 'win_vwap': 11, 'orb_opening_bars': 49, 'vol_window': 11}. Best is trial 868 with value: 0.384.
Trial 1649: ACCEPT (degrade 0.0%) - Eval: -0.044%, Val: 0.177%
[I 2025-10-25 04:49:08,206] Trial 1649 finished with value: -0.044000000000000004 and parameters: {'w_boll': 0.310760871941418, 'w_rsi': 0.30538668820138404, 'w_mom': 1.434219428078531, 'w_vwap': 0.7411934373798003, 'w_orb': 1.8877946757468673, 'w_ofi': 0.3476209177096024, 'w_vol': 1.9206770139283342, 'win_boll': 16, 'win_rsi': 5, 'win_mom': 3, 'win_vwap': 12, 'orb_opening_bars': 31, 'vol_window': 14}. Best is trial 868 with value: 0.384.
Trial 1650: ACCEPT (degrade -171.0%) - Eval: 0.186%, Val: 0.504%
[I 2025-10-25 04:49:08,974] Trial 1650 finished with value: 0.186 and parameters: {'w_boll': 0.43074977845305407, 'w_rsi': 0.4880573784866242, 'w_mom': 0.17374460374883943, 'w_vwap': 0.6029889773356011, 'w_orb': 1.99943223885748, 'w_ofi': 1.9610943149466014, 'w_vol': 1.8838448629018418, 'win_boll': 17, 'win_rsi': 7, 'win_mom': 5, 'win_vwap': 14, 'orb_opening_bars': 48, 'vol_window': 10}. Best is trial 868 with value: 0.384.
Trial 1651: REJECT (overfit 112.4%) - Eval: 0.202%, Val: -0.025%
[I 2025-10-25 04:49:09,735] Trial 1651 finished with value: -999.0 and parameters: {'w_boll': 0.3493044472621825, 'w_rsi': 0.3701977856087998, 'w_mom': 0.2314264504206386, 'w_vwap': 0.6634843115662197, 'w_orb': 1.9368832448588695, 'w_ofi': 0.4538108045600489, 'w_vol': 1.7308697810616736, 'win_boll': 14, 'win_rsi': 5, 'win_mom': 4, 'win_vwap': 10, 'orb_opening_bars': 28, 'vol_window': 12}. Best is trial 868 with value: 0.384.
Trial 1652: ACCEPT (degrade 0.0%) - Eval: -0.230%, Val: 0.224%
[I 2025-10-25 04:49:10,499] Trial 1652 finished with value: -0.22999999999999998 and parameters: {'w_boll': 1.0429864138471814, 'w_rsi': 0.4024158449055048, 'w_mom': 0.10110505947764074, 'w_vwap': 1.0212138067758851, 'w_orb': 1.9356008027597416, 'w_ofi': 1.8962403386736668, 'w_vol': 1.8067902495482528, 'win_boll': 14, 'win_rsi': 26, 'win_mom': 14, 'win_vwap': 13, 'orb_opening_bars': 50, 'vol_window': 13}. Best is trial 868 with value: 0.384.
Trial 1653: REJECT (overfit 0.0%) - Eval: -0.038%, Val: -0.077%
[I 2025-10-25 04:49:11,261] Trial 1653 finished with value: -999.0 and parameters: {'w_boll': 0.22612445745726123, 'w_rsi': 0.2050074492230754, 'w_mom': 1.3965104834613489, 'w_vwap': 0.6976990014201795, 'w_orb': 1.8665561490399254, 'w_ofi': 1.7820164756877808, 'w_vol': 1.8453204817422608, 'win_boll': 11, 'win_rsi': 7, 'win_mom': 3, 'win_vwap': 12, 'orb_opening_bars': 35, 'vol_window': 11}. Best is trial 868 with value: 0.384.
Trial 1654: ACCEPT (degrade 0.0%) - Eval: -0.122%, Val: 0.109%
