[I 2025-10-25 04:35:19,517] Trial 568 finished with value: -0.178 and parameters: {'w_boll': 1.1882055795461435, 'w_rsi': 0.3035044344141619, 'w_mom': 0.2646272307514518, 'w_vwap': 0.4876960491084178, 'w_orb': 1.9538518307783928, 'w_ofi': 0.3882601480847347, 'w_vol': 1.767029102006383, 'win_boll': 17, 'win_rsi': 6, 'win_mom': 3, 'win_vwap': 12, 'orb_opening_bars': 48, 'vol_window': 13}. Best is trial 112 with value: 0.33399999999999996.
Trial 569: ACCEPT (degrade 0.0%) - Eval: -0.290%, Val: 0.127%
[I 2025-10-25 04:35:20,308] Trial 569 finished with value: -0.29 and parameters: {'w_boll': 0.39607500831916953, 'w_rsi': 0.5308076062532409, 'w_mom': 0.4572189221174558, 'w_vwap': 0.6118789520658539, 'w_orb': 0.9841471397123143, 'w_ofi': 1.8833213700861418, 'w_vol': 1.8649503087824324, 'win_boll': 47, 'win_rsi': 23, 'win_mom': 3, 'win_vwap': 19, 'orb_opening_bars': 46, 'vol_window': 12}. Best is trial 112 with value: 0.33399999999999996.
Trial 570: ACCEPT (degrade -471.4%) - Eval: 0.042%, Val: 0.240%
[I 2025-10-25 04:35:21,032] Trial 570 finished with value: 0.041999999999999996 and parameters: {'w_boll': 0.4450069917168548, 'w_rsi': 0.24547686936408514, 'w_mom': 0.3236804875145254, 'w_vwap': 0.6988140506886994, 'w_orb': 1.9043999635392672, 'w_ofi': 1.8302628257895766, 'w_vol': 1.8318289722441863, 'win_boll': 13, 'win_rsi': 6, 'win_mom': 4, 'win_vwap': 30, 'orb_opening_bars': 48, 'vol_window': 11}. Best is trial 112 with value: 0.33399999999999996.
Trial 571: ACCEPT (degrade -41.0%) - Eval: 0.188%, Val: 0.265%
[I 2025-10-25 04:35:21,787] Trial 571 finished with value: 0.188 and parameters: {'w_boll': 0.4087266774927695, 'w_rsi': 0.4611422068568459, 'w_mom': 0.2622463966794668, 'w_vwap': 1.1349870019312862, 'w_orb': 1.9973869468876893, 'w_ofi': 0.4171753907316751, 'w_vol': 1.797980447775161, 'win_boll': 15, 'win_rsi': 5, 'win_mom': 3, 'win_vwap': 14, 'orb_opening_bars': 47, 'vol_window': 11}. Best is trial 112 with value: 0.33399999999999996.
Trial 572: ACCEPT (degrade 8.3%) - Eval: 0.326%, Val: 0.299%
[I 2025-10-25 04:35:22,544] Trial 572 finished with value: 0.32599999999999996 and parameters: {'w_boll': 0.3656173098645721, 'w_rsi': 0.5680247822481601, 'w_mom': 1.2939327989881992, 'w_vwap': 0.6562437688110726, 'w_orb': 1.9433165040424198, 'w_ofi': 1.9898995761557892, 'w_vol': 1.8702541020378238, 'win_boll': 14, 'win_rsi': 6, 'win_mom': 4, 'win_vwap': 12, 'orb_opening_bars': 49, 'vol_window': 12}. Best is trial 112 with value: 0.33399999999999996.
Trial 573: ACCEPT (degrade 0.0%) - Eval: -0.016%, Val: 0.074%
[I 2025-10-25 04:35:23,319] Trial 573 finished with value: -0.016 and parameters: {'w_boll': 0.3446292564473325, 'w_rsi': 0.6746183963113763, 'w_mom': 1.279973942108449, 'w_vwap': 0.7604660903340396, 'w_orb': 1.8735092630595775, 'w_ofi': 0.46027293936564895, 'w_vol': 1.8722981194010857, 'win_boll': 15, 'win_rsi': 5, 'win_mom': 5, 'win_vwap': 12, 'orb_opening_bars': 48, 'vol_window': 12}. Best is trial 112 with value: 0.33399999999999996.
Trial 574: ACCEPT (degrade -88.2%) - Eval: 0.170%, Val: 0.320%
[I 2025-10-25 04:35:24,066] Trial 574 finished with value: 0.16999999999999998 and parameters: {'w_boll': 0.3261353393622976, 'w_rsi': 0.580926893892415, 'w_mom': 1.5023684730115625, 'w_vwap': 0.674980096894327, 'w_orb': 1.937831241909028, 'w_ofi': 1.9934866553217203, 'w_vol': 1.8870424578405849, 'win_boll': 16, 'win_rsi': 6, 'win_mom': 4, 'win_vwap': 12, 'orb_opening_bars': 49, 'vol_window': 18}. Best is trial 112 with value: 0.33399999999999996.
Trial 575: ACCEPT (degrade 0.0%) - Eval: -0.092%, Val: -0.029%
[I 2025-10-25 04:35:24,842] Trial 575 finished with value: -0.092 and parameters: {'w_boll': 0.991694528230936, 'w_rsi': 0.6126404213735771, 'w_mom': 1.3865512701480718, 'w_vwap': 0.6529283087085335, 'w_orb': 1.9997764872585908, 'w_ofi': 1.9037272627594175, 'w_vol': 1.7422588906626055, 'win_boll': 14, 'win_rsi': 6, 'win_mom': 4, 'win_vwap': 11, 'orb_opening_bars': 47, 'vol_window': 11}. Best is trial 112 with value: 0.33399999999999996.
Trial 576: ACCEPT (degrade 0.0%) - Eval: -0.044%, Val: 0.125%
[I 2025-10-25 04:35:25,578] Trial 576 finished with value: -0.044000000000000004 and parameters: {'w_boll': 0.36318165049288487, 'w_rsi': 0.17977379775865115, 'w_mom': 1.583785628497197, 'w_vwap': 1.6301870498557958, 'w_orb': 1.8569976006434852, 'w_ofi': 1.9893631421758826, 'w_vol': 1.9236399383838831, 'win_boll': 15, 'win_rsi': 5, 'win_mom': 4, 'win_vwap': 12, 'orb_opening_bars': 50, 'vol_window': 13}. Best is trial 112 with value: 0.33399999999999996.
Trial 577: ACCEPT (degrade 20.0%) - Eval: 0.240%, Val: 0.192%
[I 2025-10-25 04:35:26,320] Trial 577 finished with value: 0.24 and parameters: {'w_boll': 0.37151760734519723, 'w_rsi': 0.56098054558402, 'w_mom': 1.2140677304009213, 'w_vwap': 0.716763548731957, 'w_orb': 1.919437094349307, 'w_ofi': 1.911088994190612, 'w_vol': 1.7968273887568844, 'win_boll': 14, 'win_rsi': 6, 'win_mom': 4, 'win_vwap': 32, 'orb_opening_bars': 47, 'vol_window': 11}. Best is trial 112 with value: 0.33399999999999996.
Trial 578: REJECT (overfit 59.2%) - Eval: 0.294%, Val: 0.120%
[I 2025-10-25 04:35:27,105] Trial 578 finished with value: -999.0 and parameters: {'w_boll': 0.2904051955393217, 'w_rsi': 0.5615580878678063, 'w_mom': 1.216725566794178, 'w_vwap': 0.7402417391789283, 'w_orb': 0.8191042858206959, 'w_ofi': 1.9438086997585013, 'w_vol': 1.8424354187862926, 'win_boll': 14, 'win_rsi': 5, 'win_mom': 4, 'win_vwap': 34, 'orb_opening_bars': 46, 'vol_window': 12}. Best is trial 112 with value: 0.33399999999999996.
Trial 579: ACCEPT (degrade 0.0%) - Eval: -0.258%, Val: 0.049%
[I 2025-10-25 04:35:27,841] Trial 579 finished with value: -0.258 and parameters: {'w_boll': 0.3691637635283171, 'w_rsi': 0.5501556332735004, 'w_mom': 0.30103518066352647, 'w_vwap': 0.7937950181908269, 'w_orb': 1.8520816017088249, 'w_ofi': 1.7945180068043096, 'w_vol': 1.882494178055883, 'win_boll': 14, 'win_rsi': 5, 'win_mom': 4, 'win_vwap': 30, 'orb_opening_bars': 48, 'vol_window': 13}. Best is trial 112 with value: 0.33399999999999996.
Trial 580: ACCEPT (degrade 0.0%) - Eval: -0.118%, Val: -0.062%
[I 2025-10-25 04:35:28,583] Trial 580 finished with value: -0.11800000000000002 and parameters: {'w_boll': 0.30540137751876234, 'w_rsi': 0.5287540938276507, 'w_mom': 1.4520022391241607, 'w_vwap': 0.7058009857903131, 'w_orb': 1.8996138910393014, 'w_ofi': 1.9154222905590723, 'w_vol': 1.7939753478847602, 'win_boll': 13, 'win_rsi': 17, 'win_mom': 4, 'win_vwap': 10, 'orb_opening_bars': 49, 'vol_window': 14}. Best is trial 112 with value: 0.33399999999999996.
Trial 581: ACCEPT (degrade -0.9%) - Eval: 0.224%, Val: 0.226%
[I 2025-10-25 04:35:29,368] Trial 581 finished with value: 0.22399999999999998 and parameters: {'w_boll': 0.3428094218685566, 'w_rsi': 0.5131555914401064, 'w_mom': 1.3627502140756802, 'w_vwap': 0.7358403618322792, 'w_orb': 1.9028590881205933, 'w_ofi': 1.983751942666682, 'w_vol': 1.829338677486201, 'win_boll': 14, 'win_rsi': 6, 'win_mom': 4, 'win_vwap': 34, 'orb_opening_bars': 50, 'vol_window': 12}. Best is trial 112 with value: 0.33399999999999996.Best trial: 112. Best value: 0.334:  30%|██▉       | 597/2000 [07:38<17:27,  1.34it/s]Best trial: 112. Best value: 0.334:  30%|██▉       | 597/2000 [07:38<17:27,  1.34it/s]Best trial: 112. Best value: 0.334:  30%|██▉       | 598/2000 [07:38<17:40,  1.32it/s]                                                                                      Best trial: 112. Best value: 0.334:  30%|██▉       | 598/2000 [07:38<17:40,  1.32it/s]Best trial: 112. Best value: 0.334:  30%|██▉       | 598/2000 [07:38<17:40,  1.32it/s]Best trial: 112. Best value: 0.334:  30%|██▉       | 599/2000 [07:38<17:37,  1.32it/s]                                                                                      Best trial: 112. Best value: 0.334:  30%|██▉       | 599/2000 [07:39<17:37,  1.32it/s]Best trial: 112. Best value: 0.334:  30%|██▉       | 599/2000 [07:39<17:37,  1.32it/s]Best trial: 112. Best value: 0.334:  30%|███       | 600/2000 [07:39<17:32,  1.33it/s]                                                                                      Best trial: 112. Best value: 0.334:  30%|███       | 600/2000 [07:40<17:32,  1.33it/s]Best trial: 112. Best value: 0.334:  30%|███       | 600/2000 [07:40<17:32,  1.33it/s]Best trial: 112. Best value: 0.334:  30%|███       | 601/2000 [07:40<17:20,  1.34it/s]                                                                                      Best trial: 112. Best value: 0.334:  30%|███       | 601/2000 [07:41<17:20,  1.34it/s]Best trial: 112. Best value: 0.334:  30%|███       | 601/2000 [07:41<17:20,  1.34it/s]Best trial: 112. Best value: 0.334:  30%|███       | 602/2000 [07:41<17:41,  1.32it/s]                                                                                      Best trial: 112. Best value: 0.334:  30%|███       | 602/2000 [07:41<17:41,  1.32it/s]Best trial: 112. Best value: 0.334:  30%|███       | 602/2000 [07:41<17:41,  1.32it/s]Best trial: 112. Best value: 0.334:  30%|███       | 603/2000 [07:41<17:33,  1.33it/s]                                                                                      Best trial: 112. Best value: 0.334:  30%|███       | 603/2000 [07:42<17:33,  1.33it/s]Best trial: 112. Best value: 0.334:  30%|███       | 603/2000 [07:42<17:33,  1.33it/s]Best trial: 112. Best value: 0.334:  30%|███       | 604/2000 [07:42<17:30,  1.33it/s]                                                                                      Best trial: 112. Best value: 0.334:  30%|███       | 604/2000 [07:43<17:30,  1.33it/s]Best trial: 112. Best value: 0.334:  30%|███       | 604/2000 [07:43<17:30,  1.33it/s]Best trial: 112. Best value: 0.334:  30%|███       | 605/2000 [07:43<17:15,  1.35it/s]                                                                                      Best trial: 112. Best value: 0.334:  30%|███       | 605/2000 [07:44<17:15,  1.35it/s]Best trial: 112. Best value: 0.334:  30%|███       | 605/2000 [07:44<17:15,  1.35it/s]Best trial: 112. Best value: 0.334:  30%|███       | 606/2000 [07:44<17:43,  1.31it/s]                                                                                      Best trial: 112. Best value: 0.334:  30%|███       | 606/2000 [07:45<17:43,  1.31it/s]Best trial: 112. Best value: 0.334:  30%|███       | 606/2000 [07:45<17:43,  1.31it/s]Best trial: 112. Best value: 0.334:  30%|███       | 607/2000 [07:45<17:36,  1.32it/s]                                                                                      Best trial: 112. Best value: 0.334:  30%|███       | 607/2000 [07:45<17:36,  1.32it/s]Best trial: 112. Best value: 0.334:  30%|███       | 607/2000 [07:45<17:36,  1.32it/s]Best trial: 112. Best value: 0.334:  30%|███       | 608/2000 [07:45<17:34,  1.32it/s]                                                                                      Best trial: 112. Best value: 0.334:  30%|███       | 608/2000 [07:46<17:34,  1.32it/s]Best trial: 112. Best value: 0.334:  30%|███       | 608/2000 [07:46<17:34,  1.32it/s]Best trial: 112. Best value: 0.334:  30%|███       | 609/2000 [07:46<17:20,  1.34it/s]                                                                                      Best trial: 112. Best value: 0.334:  30%|███       | 609/2000 [07:47<17:20,  1.34it/s]Best trial: 112. Best value: 0.334:  30%|███       | 609/2000 [07:47<17:20,  1.34it/s]Best trial: 112. Best value: 0.334:  30%|███       | 610/2000 [07:47<17:35,  1.32it/s]                                                                                      Best trial: 112. Best value: 0.334:  30%|███       | 610/2000 [07:48<17:35,  1.32it/s]Best trial: 112. Best value: 0.334:  30%|███       | 610/2000 [07:48<17:35,  1.32it/s]Best trial: 112. Best value: 0.334:  31%|███       | 611/2000 [07:48<17:31,  1.32it/s]                                                                                      Best trial: 112. Best value: 0.334:  31%|███       | 611/2000 [07:48<17:31,  1.32it/s]Best trial: 112. Best value: 0.334:  31%|███       | 611/2000 [07:48<17:31,  1.32it/s]Best trial: 112. Best value: 0.334:  31%|███       | 612/2000 [07:48<17:37,  1.31it/s]                                                                                      Best trial: 112. Best value: 0.334:  31%|███       | 612/2000 [07:49<17:37,  1.31it/s]Best trial: 112. Best value: 0.334:  31%|███       | 612/2000 [07:49<17:37,  1.31it/s]Best trial: 112. Best value: 0.334:  31%|███       | 613/2000 [07:49<17:16,  1.34it/s]                                                                                      
Trial 582: ACCEPT (degrade 0.0%) - Eval: -0.082%, Val: 0.146%
[I 2025-10-25 04:35:30,375] Trial 582 finished with value: -0.08199999999999999 and parameters: {'w_boll': 0.27391393526798713, 'w_rsi': 0.5350812951510228, 'w_mom': 1.296682400770333, 'w_vwap': 0.8586403478650364, 'w_orb': 1.8512888670269947, 'w_ofi': 1.9704255750096131, 'w_vol': 1.8164391738298602, 'win_boll': 14, 'win_rsi': 6, 'win_mom': 4, 'win_vwap': 33, 'orb_opening_bars': 50, 'vol_window': 21}. Best is trial 112 with value: 0.33399999999999996.
Trial 583: ACCEPT (degrade -127.4%) - Eval: 0.062%, Val: 0.141%
[I 2025-10-25 04:35:31,112] Trial 583 finished with value: 0.061999999999999986 and parameters: {'w_boll': 0.32448641151312957, 'w_rsi': 1.5685040771283054, 'w_mom': 1.344123811505655, 'w_vwap': 0.761892859455371, 'w_orb': 1.8918641656322266, 'w_ofi': 1.9817648749682995, 'w_vol': 1.7653600957616797, 'win_boll': 13, 'win_rsi': 16, 'win_mom': 4, 'win_vwap': 33, 'orb_opening_bars': 50, 'vol_window': 15}. Best is trial 112 with value: 0.33399999999999996.
Trial 584: ACCEPT (degrade -112.5%) - Eval: 0.096%, Val: 0.204%
[I 2025-10-25 04:35:31,850] Trial 584 finished with value: 0.09600000000000002 and parameters: {'w_boll': 0.34439587586085724, 'w_rsi': 0.5022165039846596, 'w_mom': 1.3985044836188245, 'w_vwap': 0.8228994025485012, 'w_orb': 1.8463518778635122, 'w_ofi': 1.9459887765054316, 'w_vol': 1.8337190702274058, 'win_boll': 15, 'win_rsi': 6, 'win_mom': 4, 'win_vwap': 34, 'orb_opening_bars': 50, 'vol_window': 13}. Best is trial 112 with value: 0.33399999999999996.
Trial 585: ACCEPT (degrade 0.0%) - Eval: -0.012%, Val: 0.193%
[I 2025-10-25 04:35:32,614] Trial 585 finished with value: -0.011999999999999995 and parameters: {'w_boll': 0.3123464179028973, 'w_rsi': 0.542806900477922, 'w_mom': 1.292314744072774, 'w_vwap': 0.7849955865025271, 'w_orb': 1.9041844105148948, 'w_ofi': 1.927455897067266, 'w_vol': 0.23906404934949288, 'win_boll': 13, 'win_rsi': 6, 'win_mom': 4, 'win_vwap': 34, 'orb_opening_bars': 41, 'vol_window': 12}. Best is trial 112 with value: 0.33399999999999996.
Trial 586: REJECT (overfit 23.3%) - Eval: 0.236%, Val: 0.181%
[I 2025-10-25 04:35:33,358] Trial 586 finished with value: -999.0 and parameters: {'w_boll': 0.23187103138820406, 'w_rsi': 0.5718061295715249, 'w_mom': 1.372087045361091, 'w_vwap': 0.6971398306388998, 'w_orb': 1.870002359380803, 'w_ofi': 1.9686745946727335, 'w_vol': 1.7947050400426738, 'win_boll': 14, 'win_rsi': 6, 'win_mom': 5, 'win_vwap': 36, 'orb_opening_bars': 49, 'vol_window': 43}. Best is trial 112 with value: 0.33399999999999996.
Trial 587: ACCEPT (degrade -36.9%) - Eval: 0.268%, Val: 0.367%
[I 2025-10-25 04:35:34,104] Trial 587 finished with value: 0.26799999999999996 and parameters: {'w_boll': 0.35809091886607053, 'w_rsi': 0.5098275202494239, 'w_mom': 1.3446366378762993, 'w_vwap': 0.7251874896387163, 'w_orb': 1.9215795384604901, 'w_ofi': 1.9840663804432612, 'w_vol': 1.7080494949448304, 'win_boll': 13, 'win_rsi': 6, 'win_mom': 4, 'win_vwap': 31, 'orb_opening_bars': 50, 'vol_window': 12}. Best is trial 112 with value: 0.33399999999999996.
Trial 588: ACCEPT (degrade -461.8%) - Eval: 0.034%, Val: 0.191%
[I 2025-10-25 04:35:34,819] Trial 588 finished with value: 0.033999999999999975 and parameters: {'w_boll': 0.3756923319486021, 'w_rsi': 0.6041727168452277, 'w_mom': 1.3242550854501363, 'w_vwap': 0.6610784698899839, 'w_orb': 1.9255538769592448, 'w_ofi': 1.8967788712817544, 'w_vol': 1.7106201457026309, 'win_boll': 13, 'win_rsi': 6, 'win_mom': 4, 'win_vwap': 32, 'orb_opening_bars': 49, 'vol_window': 13}. Best is trial 112 with value: 0.33399999999999996.
Trial 589: ACCEPT (degrade -82.6%) - Eval: 0.086%, Val: 0.157%
[I 2025-10-25 04:35:35,594] Trial 589 finished with value: 0.08600000000000001 and parameters: {'w_boll': 0.3735239299802888, 'w_rsi': 0.5016438523955135, 'w_mom': 1.2170259384454838, 'w_vwap': 0.6882152456792264, 'w_orb': 1.931743352950254, 'w_ofi': 1.9580709737646738, 'w_vol': 1.6739811965776008, 'win_boll': 12, 'win_rsi': 6, 'win_mom': 4, 'win_vwap': 29, 'orb_opening_bars': 27, 'vol_window': 14}. Best is trial 112 with value: 0.33399999999999996.
Trial 590: REJECT (overfit 28.0%) - Eval: 0.082%, Val: 0.059%
[I 2025-10-25 04:35:36,336] Trial 590 finished with value: -999.0 and parameters: {'w_boll': 0.3686731654290169, 'w_rsi': 0.5797360636638491, 'w_mom': 1.265655093029167, 'w_vwap': 0.7347097024055589, 'w_orb': 1.879816340227511, 'w_ofi': 1.9214410832308149, 'w_vol': 1.6500196451549114, 'win_boll': 13, 'win_rsi': 6, 'win_mom': 3, 'win_vwap': 30, 'orb_opening_bars': 50, 'vol_window': 11}. Best is trial 112 with value: 0.33399999999999996.
Trial 591: ACCEPT (degrade -75.5%) - Eval: 0.110%, Val: 0.193%
[I 2025-10-25 04:35:37,066] Trial 591 finished with value: 0.11000000000000001 and parameters: {'w_boll': 0.31604779207472317, 'w_rsi': 0.48466688947211023, 'w_mom': 1.3269496535497936, 'w_vwap': 0.6576900854432106, 'w_orb': 1.9253295282636826, 'w_ofi': 1.9319922519369885, 'w_vol': 1.743424508153674, 'win_boll': 12, 'win_rsi': 6, 'win_mom': 3, 'win_vwap': 32, 'orb_opening_bars': 18, 'vol_window': 12}. Best is trial 112 with value: 0.33399999999999996.
Trial 592: REJECT (overfit 173.7%) - Eval: 0.156%, Val: -0.115%
[I 2025-10-25 04:35:37,814] Trial 592 finished with value: -999.0 and parameters: {'w_boll': 0.3981781205490564, 'w_rsi': 0.4484296389829003, 'w_mom': 1.2449910512295206, 'w_vwap': 0.7794700468784909, 'w_orb': 1.9379055635061102, 'w_ofi': 1.996316730445441, 'w_vol': 1.7183744936593441, 'win_boll': 13, 'win_rsi': 5, 'win_mom': 5, 'win_vwap': 28, 'orb_opening_bars': 35, 'vol_window': 11}. Best is trial 112 with value: 0.33399999999999996.
Trial 593: REJECT (overfit 131.8%) - Eval: 0.192%, Val: -0.061%
[I 2025-10-25 04:35:38,592] Trial 593 finished with value: -999.0 and parameters: {'w_boll': 0.2669527633986268, 'w_rsi': 0.5604601903600926, 'w_mom': 1.4844549569857064, 'w_vwap': 0.7075962957957282, 'w_orb': 1.844240595224547, 'w_ofi': 1.0526230025493815, 'w_vol': 1.7677187154476164, 'win_boll': 13, 'win_rsi': 6, 'win_mom': 4, 'win_vwap': 32, 'orb_opening_bars': 49, 'vol_window': 12}. Best is trial 112 with value: 0.33399999999999996.
Trial 594: ACCEPT (degrade -13.8%) - Eval: 0.224%, Val: 0.255%
[I 2025-10-25 04:35:39,344] Trial 594 finished with value: 0.22400000000000003 and parameters: {'w_boll': 0.3937975674674059, 'w_rsi': 0.5186834236743383, 'w_mom': 1.4329397246836686, 'w_vwap': 0.6326077936817852, 'w_orb': 1.953784559149403, 'w_ofi': 1.9981118287369466, 'w_vol': 1.7122892392321465, 'win_boll': 30, 'win_rsi': 6, 'win_mom': 3, 'win_vwap': 31, 'orb_opening_bars': 50, 'vol_window': 13}. Best is trial 112 with value: 0.33399999999999996.
Trial 595: REJECT (overfit 101.4%) - Eval: 0.212%, Val: -0.003%
[I 2025-10-25 04:35:40,066] Trial 595 finished with value: -999.0 and parameters: {'w_boll': 0.3086894251994997, 'w_rsi': 0.40665665537230195, 'w_mom': 1.0947963015768534, 'w_vwap': 1.5079026631918007, 'w_orb': 1.8930439688773162, 'w_ofi': 1.888650527017864, 'w_vol': 1.7835706857471085, 'win_boll': 12, 'win_rsi': 6, 'win_mom': 4, 'win_vwap': 31, 'orb_opening_bars': 49, 'vol_window': 11}. Best is trial 112 with value: 0.33399999999999996.
Trial 596: ACCEPT (degrade 0.0%) - Eval: -0.082%, Val: 0.057%
[I 2025-10-25 04:35:40,817] Trial 596 finished with value: -0.08200000000000002 and parameters: {'w_boll': 0.35729300134586206, 'w_rsi': 0.6324295058719118, 'w_mom': 1.4080384223249989, 'w_vwap': 0.7411549602694257, 'w_orb': 1.943106783676618, 'w_ofi': 0.3087765186019789, 'w_vol': 1.5327088995736193, 'win_boll': 15, 'win_rsi': 5, 'win_mom': 5, 'win_vwap': 33, 'orb_opening_bars': 47, 'vol_window': 13}. Best is trial 112 with value: 0.33399999999999996.
Trial 597: ACCEPT (degrade -58.0%) - Eval: 0.088%, Val: 0.139%
