[I 2025-10-25 04:33:50,348] Trial 451 finished with value: 0.05800000000000001 and parameters: {'w_boll': 0.3226738699758822, 'w_rsi': 0.35612228429025433, 'w_mom': 0.13528300905758156, 'w_vwap': 0.6864352708533545, 'w_orb': 1.78202822391724, 'w_ofi': 1.0112802517016275, 'w_vol': 1.816359349960184, 'win_boll': 15, 'win_rsi': 6, 'win_mom': 17, 'win_vwap': 12, 'orb_opening_bars': 49, 'vol_window': 15}. Best is trial 112 with value: 0.33399999999999996.                                                                                      Best trial: 112. Best value: 0.334:  23%|██▎       | 468/2000 [06:00<20:55,  1.22it/s]Best trial: 112. Best value: 0.334:  23%|██▎       | 468/2000 [06:00<20:55,  1.22it/s]Best trial: 112. Best value: 0.334:  23%|██▎       | 469/2000 [06:00<20:30,  1.24it/s]                                                                                      Best trial: 112. Best value: 0.334:  23%|██▎       | 469/2000 [06:01<20:30,  1.24it/s]Best trial: 112. Best value: 0.334:  23%|██▎       | 469/2000 [06:01<20:30,  1.24it/s]Best trial: 112. Best value: 0.334:  24%|██▎       | 470/2000 [06:01<20:13,  1.26it/s]                                                                                      Best trial: 112. Best value: 0.334:  24%|██▎       | 470/2000 [06:01<20:13,  1.26it/s]Best trial: 112. Best value: 0.334:  24%|██▎       | 470/2000 [06:01<20:13,  1.26it/s]Best trial: 112. Best value: 0.334:  24%|██▎       | 471/2000 [06:01<20:15,  1.26it/s]                                                                                      Best trial: 112. Best value: 0.334:  24%|██▎       | 471/2000 [06:02<20:15,  1.26it/s]Best trial: 112. Best value: 0.334:  24%|██▎       | 471/2000 [06:02<20:15,  1.26it/s]Best trial: 112. Best value: 0.334:  24%|██▎       | 472/2000 [06:02<19:54,  1.28it/s]                                                                                      Best trial: 112. Best value: 0.334:  24%|██▎       | 472/2000 [06:03<19:54,  1.28it/s]Best trial: 112. Best value: 0.334:  24%|██▎       | 472/2000 [06:03<19:54,  1.28it/s]Best trial: 112. Best value: 0.334:  24%|██▎       | 473/2000 [06:03<19:36,  1.30it/s]                                                                                      Best trial: 112. Best value: 0.334:  24%|██▎       | 473/2000 [06:04<19:36,  1.30it/s]Best trial: 112. Best value: 0.334:  24%|██▎       | 473/2000 [06:04<19:36,  1.30it/s]Best trial: 112. Best value: 0.334:  24%|██▎       | 474/2000 [06:04<19:22,  1.31it/s]                                                                                      Best trial: 112. Best value: 0.334:  24%|██▎       | 474/2000 [06:04<19:22,  1.31it/s]Best trial: 112. Best value: 0.334:  24%|██▎       | 474/2000 [06:04<19:22,  1.31it/s]Best trial: 112. Best value: 0.334:  24%|██▍       | 475/2000 [06:04<19:13,  1.32it/s]                                                                                      Best trial: 112. Best value: 0.334:  24%|██▍       | 475/2000 [06:05<19:13,  1.32it/s]Best trial: 112. Best value: 0.334:  24%|██▍       | 475/2000 [06:05<19:13,  1.32it/s]Best trial: 112. Best value: 0.334:  24%|██▍       | 476/2000 [06:05<19:07,  1.33it/s]                                                                                      Best trial: 112. Best value: 0.334:  24%|██▍       | 476/2000 [06:06<19:07,  1.33it/s]Best trial: 112. Best value: 0.334:  24%|██▍       | 476/2000 [06:06<19:07,  1.33it/s]Best trial: 112. Best value: 0.334:  24%|██▍       | 477/2000 [06:06<18:50,  1.35it/s]                                                                                      Best trial: 112. Best value: 0.334:  24%|██▍       | 477/2000 [06:07<18:50,  1.35it/s]Best trial: 112. Best value: 0.334:  24%|██▍       | 477/2000 [06:07<18:50,  1.35it/s]Best trial: 112. Best value: 0.334:  24%|██▍       | 478/2000 [06:07<19:04,  1.33it/s]                                                                                      Best trial: 112. Best value: 0.334:  24%|██▍       | 478/2000 [06:08<19:04,  1.33it/s]Best trial: 112. Best value: 0.334:  24%|██▍       | 478/2000 [06:08<19:04,  1.33it/s]Best trial: 112. Best value: 0.334:  24%|██▍       | 479/2000 [06:08<19:26,  1.30it/s]                                                                                      Best trial: 112. Best value: 0.334:  24%|██▍       | 479/2000 [06:08<19:26,  1.30it/s]Best trial: 112. Best value: 0.334:  24%|██▍       | 479/2000 [06:08<19:26,  1.30it/s]Best trial: 112. Best value: 0.334:  24%|██▍       | 480/2000 [06:08<19:14,  1.32it/s]                                                                                      Best trial: 112. Best value: 0.334:  24%|██▍       | 480/2000 [06:09<19:14,  1.32it/s]Best trial: 112. Best value: 0.334:  24%|██▍       | 480/2000 [06:09<19:14,  1.32it/s]Best trial: 112. Best value: 0.334:  24%|██▍       | 481/2000 [06:09<18:56,  1.34it/s]                                                                                      Best trial: 112. Best value: 0.334:  24%|██▍       | 481/2000 [06:10<18:56,  1.34it/s]Best trial: 112. Best value: 0.334:  24%|██▍       | 481/2000 [06:10<18:56,  1.34it/s]Best trial: 112. Best value: 0.334:  24%|██▍       | 482/2000 [06:10<19:14,  1.31it/s]                                                                                      Best trial: 112. Best value: 0.334:  24%|██▍       | 482/2000 [06:11<19:14,  1.31it/s]Best trial: 112. Best value: 0.334:  24%|██▍       | 482/2000 [06:11<19:14,  1.31it/s]Best trial: 112. Best value: 0.334:  24%|██▍       | 483/2000 [06:11<19:04,  1.33it/s]                                                                                      Best trial: 112. Best value: 0.334:  24%|██▍       | 483/2000 [06:11<19:04,  1.33it/s]Best trial: 112. Best value: 0.334:  24%|██▍       | 483/2000 [06:11<19:04,  1.33it/s]Best trial: 112. Best value: 0.334:  24%|██▍       | 484/2000 [06:11<19:02,  1.33it/s]
Trial 452: REJECT (overfit 64.5%) - Eval: 0.220%, Val: 0.078%
[I 2025-10-25 04:33:51,098] Trial 452 finished with value: -999.0 and parameters: {'w_boll': 0.3906356618868789, 'w_rsi': 0.31365010464015686, 'w_mom': 1.0980614115634153, 'w_vwap': 0.6373665946788714, 'w_orb': 0.7641544507601608, 'w_ofi': 0.7098572061746252, 'w_vol': 1.7634703641025946, 'win_boll': 11, 'win_rsi': 7, 'win_mom': 3, 'win_vwap': 18, 'orb_opening_bars': 48, 'vol_window': 14}. Best is trial 112 with value: 0.33399999999999996.
Trial 453: ACCEPT (degrade 0.0%) - Eval: -0.100%, Val: 0.299%
[I 2025-10-25 04:33:51,818] Trial 453 finished with value: -0.1 and parameters: {'w_boll': 0.42181923650707465, 'w_rsi': 0.39338849982648816, 'w_mom': 0.7414543195424899, 'w_vwap': 0.71261806631811, 'w_orb': 1.8736645707184778, 'w_ofi': 0.5980484581409038, 'w_vol': 1.8688504560556947, 'win_boll': 12, 'win_rsi': 8, 'win_mom': 13, 'win_vwap': 13, 'orb_opening_bars': 47, 'vol_window': 10}. Best is trial 112 with value: 0.33399999999999996.
Trial 454: ACCEPT (degrade 0.0%) - Eval: -0.048%, Val: 0.228%
[I 2025-10-25 04:33:52,564] Trial 454 finished with value: -0.04799999999999999 and parameters: {'w_boll': 0.4568086075788003, 'w_rsi': 0.4538104383133805, 'w_mom': 0.17378101889722433, 'w_vwap': 0.4741797060156332, 'w_orb': 1.907377909819723, 'w_ofi': 0.8142145804860171, 'w_vol': 1.960194604920504, 'win_boll': 10, 'win_rsi': 6, 'win_mom': 4, 'win_vwap': 10, 'orb_opening_bars': 40, 'vol_window': 12}. Best is trial 112 with value: 0.33399999999999996.
Trial 455: REJECT (overfit 110.9%) - Eval: 0.302%, Val: -0.033%
[I 2025-10-25 04:33:53,303] Trial 455 finished with value: -999.0 and parameters: {'w_boll': 0.3612106123837995, 'w_rsi': 0.3418353600377984, 'w_mom': 0.2801089239900411, 'w_vwap': 1.1676971639285414, 'w_orb': 1.9539971886784862, 'w_ofi': 1.2471472754265998, 'w_vol': 1.8968898309813298, 'win_boll': 13, 'win_rsi': 7, 'win_mom': 3, 'win_vwap': 22, 'orb_opening_bars': 50, 'vol_window': 13}. Best is trial 112 with value: 0.33399999999999996.
Trial 456: ACCEPT (degrade 0.0%) - Eval: -0.054%, Val: 0.229%
[I 2025-10-25 04:33:54,101] Trial 456 finished with value: -0.05399999999999998 and parameters: {'w_boll': 0.2866058073005725, 'w_rsi': 0.49893256622827614, 'w_mom': 0.20976584519548103, 'w_vwap': 0.5594557080918643, 'w_orb': 1.7152679404613451, 'w_ofi': 0.6752857063684469, 'w_vol': 1.7152263850732508, 'win_boll': 12, 'win_rsi': 18, 'win_mom': 16, 'win_vwap': 17, 'orb_opening_bars': 44, 'vol_window': 11}. Best is trial 112 with value: 0.33399999999999996.
Trial 457: ACCEPT (degrade -2.1%) - Eval: 0.142%, Val: 0.145%
[I 2025-10-25 04:33:54,824] Trial 457 finished with value: 0.142 and parameters: {'w_boll': 0.4909260794367667, 'w_rsi': 0.20400761435251927, 'w_mom': 0.17006658884345485, 'w_vwap': 0.6019430695206036, 'w_orb': 1.9649796421712078, 'w_ofi': 0.4674247979202599, 'w_vol': 1.8471490920845228, 'win_boll': 14, 'win_rsi': 5, 'win_mom': 4, 'win_vwap': 12, 'orb_opening_bars': 49, 'vol_window': 10}. Best is trial 112 with value: 0.33399999999999996.
Trial 458: ACCEPT (degrade 0.0%) - Eval: -0.174%, Val: -0.088%
[I 2025-10-25 04:33:55,577] Trial 458 finished with value: -0.174 and parameters: {'w_boll': 0.5442670590162785, 'w_rsi': 0.4069864123542896, 'w_mom': 0.1262065430825233, 'w_vwap': 0.6704007049297249, 'w_orb': 1.810838360403686, 'w_ofi': 0.7447000417354702, 'w_vol': 1.8170690223912578, 'win_boll': 10, 'win_rsi': 25, 'win_mom': 15, 'win_vwap': 24, 'orb_opening_bars': 48, 'vol_window': 11}. Best is trial 112 with value: 0.33399999999999996.
Trial 459: ACCEPT (degrade 0.0%) - Eval: -0.188%, Val: 0.304%
[I 2025-10-25 04:33:56,317] Trial 459 finished with value: -0.188 and parameters: {'w_boll': 0.4456339944620055, 'w_rsi': 0.3674459660018289, 'w_mom': 0.2492471348984319, 'w_vwap': 0.529572069295869, 'w_orb': 1.9223444778362344, 'w_ofi': 0.6440701572777153, 'w_vol': 1.934254041767646, 'win_boll': 11, 'win_rsi': 29, 'win_mom': 4, 'win_vwap': 11, 'orb_opening_bars': 45, 'vol_window': 13}. Best is trial 112 with value: 0.33399999999999996.
Trial 460: ACCEPT (degrade -183.6%) - Eval: 0.128%, Val: 0.363%
[I 2025-10-25 04:33:57,108] Trial 460 finished with value: 0.12800000000000006 and parameters: {'w_boll': 0.34087519184095344, 'w_rsi': 0.2604845878957187, 'w_mom': 0.32617822022731857, 'w_vwap': 0.6362196517552048, 'w_orb': 1.9988397802874183, 'w_ofi': 1.6354222304152641, 'w_vol': 1.9984771962149233, 'win_boll': 13, 'win_rsi': 8, 'win_mom': 3, 'win_vwap': 31, 'orb_opening_bars': 42, 'vol_window': 12}. Best is trial 112 with value: 0.33399999999999996.
Trial 461: ACCEPT (degrade -137.0%) - Eval: 0.092%, Val: 0.218%
[I 2025-10-25 04:33:57,828] Trial 461 finished with value: 0.09200000000000001 and parameters: {'w_boll': 0.41457167235372294, 'w_rsi': 0.5706414770425522, 'w_mom': 0.10158643673799223, 'w_vwap': 0.7321784974793847, 'w_orb': 1.8656285060900897, 'w_ofi': 0.3644267047272386, 'w_vol': 1.772648016724787, 'win_boll': 12, 'win_rsi': 7, 'win_mom': 12, 'win_vwap': 13, 'orb_opening_bars': 47, 'vol_window': 10}. Best is trial 112 with value: 0.33399999999999996.
Trial 462: ACCEPT (degrade 0.0%) - Eval: -0.060%, Val: 0.103%
[I 2025-10-25 04:33:58,570] Trial 462 finished with value: -0.06 and parameters: {'w_boll': 0.3788214754439128, 'w_rsi': 0.30017438948790237, 'w_mom': 0.1966586489530564, 'w_vwap': 0.19052132033970748, 'w_orb': 1.8981903684099817, 'w_ofi': 0.5337420264203082, 'w_vol': 1.8788092016655502, 'win_boll': 14, 'win_rsi': 6, 'win_mom': 3, 'win_vwap': 10, 'orb_opening_bars': 46, 'vol_window': 11}. Best is trial 112 with value: 0.33399999999999996.
Trial 463: ACCEPT (degrade -21.4%) - Eval: 0.084%, Val: 0.102%
[I 2025-10-25 04:33:59,311] Trial 463 finished with value: 0.084 and parameters: {'w_boll': 0.47547861716050505, 'w_rsi': 1.1148174253221872, 'w_mom': 1.028973040625769, 'w_vwap': 0.9300551419869133, 'w_orb': 1.9623327828193675, 'w_ofi': 1.3665990959775256, 'w_vol': 1.7993909014022744, 'win_boll': 11, 'win_rsi': 7, 'win_mom': 10, 'win_vwap': 12, 'orb_opening_bars': 49, 'vol_window': 12}. Best is trial 112 with value: 0.33399999999999996.
Trial 464: REJECT (overfit 0.0%) - Eval: -0.036%, Val: -0.136%
[I 2025-10-25 04:34:00,796] Trial 464 finished with value: -999.0 and parameters: {'w_boll': 0.5106927528182109, 'w_rsi': 0.42774813985522264, 'w_mom': 0.23455661092835212, 'w_vwap': 0.5884789440929673, 'w_orb': 0.8802794169839129, 'w_ofi': 0.7081864627104155, 'w_vol': 1.8380268832484474, 'win_boll': 16, 'win_rsi': 8, 'win_mom': 11, 'win_vwap': 42, 'orb_opening_bars': 50, 'vol_window': 10}. Best is trial 112 with value: 0.33399999999999996.
Trial 465: ACCEPT (degrade 0.0%) - Eval: -0.074%, Val: 0.213%
[I 2025-10-25 04:34:01,554] Trial 465 finished with value: -0.074 and parameters: {'w_boll': 0.24357200776935511, 'w_rsi': 0.8652112908349813, 'w_mom': 0.1611041441529075, 'w_vwap': 0.6947836244291408, 'w_orb': 1.9384287025475155, 'w_ofi': 0.7786587619549395, 'w_vol': 1.95665157819822, 'win_boll': 15, 'win_rsi': 6, 'win_mom': 4, 'win_vwap': 11, 'orb_opening_bars': 49, 'vol_window': 11}. Best is trial 112 with value: 0.33399999999999996.
Trial 466: ACCEPT (degrade -86.8%) - Eval: 0.068%, Val: 0.127%
[I 2025-10-25 04:34:02,301] Trial 466 finished with value: 0.06799999999999999 and parameters: {'w_boll': 0.3154197219704149, 'w_rsi': 0.5264031974452201, 'w_mom': 0.2992648952664339, 'w_vwap': 0.6516420620259968, 'w_orb': 1.8259477396396264, 'w_ofi': 0.5871573676320726, 'w_vol': 1.8988548742290907, 'win_boll': 10, 'win_rsi': 7, 'win_mom': 3, 'win_vwap': 12, 'orb_opening_bars': 48, 'vol_window': 13}. Best is trial 112 with value: 0.33399999999999996.
Trial 467: ACCEPT (degrade -70.5%) - Eval: 0.132%, Val: 0.225%
[I 2025-10-25 04:34:03,033] Trial 467 finished with value: 0.132 and parameters: {'w_boll': 0.5676508288357448, 'w_rsi': 0.475162492210524, 'w_mom': 0.14185365217464552, 'w_vwap': 0.5269114894902441, 'w_orb': 1.8732703762854164, 'w_ofi': 0.6771907729974792, 'w_vol': 1.7168944538141366, 'win_boll': 12, 'win_rsi': 6, 'win_mom': 17, 'win_vwap': 29, 'orb_opening_bars': 36, 'vol_window': 10}. Best is trial 112 with value: 0.33399999999999996.
Trial 468: ACCEPT (degrade 0.0%) - Eval: -0.190%, Val: 0.315%                                                                                      Best trial: 112. Best value: 0.334:  24%|██▍       | 484/2000 [06:12<19:02,  1.33it/s]Best trial: 112. Best value: 0.334:  24%|██▍       | 484/2000 [06:12<19:02,  1.33it/s]Best trial: 112. Best value: 0.334:  24%|██▍       | 485/2000 [06:12<18:44,  1.35it/s]                                                                                      Best trial: 112. Best value: 0.334:  24%|██▍       | 485/2000 [06:13<18:44,  1.35it/s]Best trial: 112. Best value: 0.334:  24%|██▍       | 485/2000 [06:13<18:44,  1.35it/s]Best trial: 112. Best value: 0.334:  24%|██▍       | 486/2000 [06:13<18:55,  1.33it/s]                                                                                      Best trial: 112. Best value: 0.334:  24%|██▍       | 486/2000 [06:13<18:55,  1.33it/s]Best trial: 112. Best value: 0.334:  24%|██▍       | 486/2000 [06:13<18:55,  1.33it/s]Best trial: 112. Best value: 0.334:  24%|██▍       | 487/2000 [06:13<18:52,  1.34it/s]                                                                                      Best trial: 112. Best value: 0.334:  24%|██▍       | 487/2000 [06:14<18:52,  1.34it/s]Best trial: 112. Best value: 0.334:  24%|██▍       | 487/2000 [06:14<18:52,  1.34it/s]Best trial: 112. Best value: 0.334:  24%|██▍       | 488/2000 [06:14<18:46,  1.34it/s]                                                                                      Best trial: 112. Best value: 0.334:  24%|██▍       | 488/2000 [06:15<18:46,  1.34it/s]Best trial: 112. Best value: 0.334:  24%|██▍       | 488/2000 [06:15<18:46,  1.34it/s]Best trial: 112. Best value: 0.334:  24%|██▍       | 489/2000 [06:15<18:35,  1.35it/s]                                                                                      Best trial: 112. Best value: 0.334:  24%|██▍       | 489/2000 [06:16<18:35,  1.35it/s]Best trial: 112. Best value: 0.334:  24%|██▍       | 489/2000 [06:16<18:35,  1.35it/s]Best trial: 112. Best value: 0.334:  24%|██▍       | 490/2000 [06:16<18:56,  1.33it/s]                                                                                      Best trial: 112. Best value: 0.334:  24%|██▍       | 490/2000 [06:16<18:56,  1.33it/s]Best trial: 112. Best value: 0.334:  24%|██▍       | 490/2000 [06:16<18:56,  1.33it/s]Best trial: 112. Best value: 0.334:  25%|██▍       | 491/2000 [06:16<18:49,  1.34it/s]                                                                                      Best trial: 112. Best value: 0.334:  25%|██▍       | 491/2000 [06:17<18:49,  1.34it/s]Best trial: 112. Best value: 0.334:  25%|██▍       | 491/2000 [06:17<18:49,  1.34it/s]Best trial: 112. Best value: 0.334:  25%|██▍       | 492/2000 [06:17<18:52,  1.33it/s]                                                                                      Best trial: 112. Best value: 0.334:  25%|██▍       | 492/2000 [06:18<18:52,  1.33it/s]Best trial: 112. Best value: 0.334:  25%|██▍       | 492/2000 [06:18<18:52,  1.33it/s]Best trial: 112. Best value: 0.334:  25%|██▍       | 493/2000 [06:18<18:35,  1.35it/s]                                                                                      Best trial: 112. Best value: 0.334:  25%|██▍       | 493/2000 [06:19<18:35,  1.35it/s]Best trial: 112. Best value: 0.334:  25%|██▍       | 493/2000 [06:19<18:35,  1.35it/s]Best trial: 112. Best value: 0.334:  25%|██▍       | 494/2000 [06:19<18:56,  1.33it/s]                                                                                      Best trial: 112. Best value: 0.334:  25%|██▍       | 494/2000 [06:19<18:56,  1.33it/s]Best trial: 112. Best value: 0.334:  25%|██▍       | 494/2000 [06:19<18:56,  1.33it/s]Best trial: 112. Best value: 0.334:  25%|██▍       | 495/2000 [06:19<18:52,  1.33it/s]                                                                                      Best trial: 112. Best value: 0.334:  25%|██▍       | 495/2000 [06:20<18:52,  1.33it/s]Best trial: 112. Best value: 0.334:  25%|██▍       | 495/2000 [06:20<18:52,  1.33it/s]Best trial: 112. Best value: 0.334:  25%|██▍       | 496/2000 [06:20<18:50,  1.33it/s]                                                                                      Best trial: 112. Best value: 0.334:  25%|██▍       | 496/2000 [06:21<18:50,  1.33it/s]Best trial: 112. Best value: 0.334:  25%|██▍       | 496/2000 [06:21<18:50,  1.33it/s]Best trial: 112. Best value: 0.334:  25%|██▍       | 497/2000 [06:21<18:36,  1.35it/s]                                                                                      Best trial: 112. Best value: 0.334:  25%|██▍       | 497/2000 [06:22<18:36,  1.35it/s]Best trial: 112. Best value: 0.334:  25%|██▍       | 497/2000 [06:22<18:36,  1.35it/s]Best trial: 112. Best value: 0.334:  25%|██▍       | 498/2000 [06:22<18:48,  1.33it/s]                                                                                      Best trial: 112. Best value: 0.334:  25%|██▍       | 498/2000 [06:22<18:48,  1.33it/s]Best trial: 112. Best value: 0.334:  25%|██▍       | 498/2000 [06:22<18:48,  1.33it/s]Best trial: 112. Best value: 0.334:  25%|██▍       | 499/2000 [06:22<18:44,  1.34it/s]                                                                                      Best trial: 112. Best value: 0.334:  25%|██▍       | 499/2000 [06:23<18:44,  1.34it/s]Best trial: 112. Best value: 0.334:  25%|██▍       | 499/2000 [06:23<18:44,  1.34it/s]Best trial: 112. Best value: 0.334:  25%|██▌       | 500/2000 [06:23<18:31,  1.35it/s]
[I 2025-10-25 04:34:03,800] Trial 468 finished with value: -0.19 and parameters: {'w_boll': 0.39556028665484344, 'w_rsi': 0.3280615655665095, 'w_mom': 0.19742390383644384, 'w_vwap': 0.8918436227738418, 'w_orb': 1.9163246199250754, 'w_ofi': 0.8623738759616585, 'w_vol': 1.6345130132981156, 'win_boll': 32, 'win_rsi': 7, 'win_mom': 4, 'win_vwap': 10, 'orb_opening_bars': 46, 'vol_window': 16}. Best is trial 112 with value: 0.33399999999999996.
Trial 469: ACCEPT (degrade -7300.0%) - Eval: 0.002%, Val: 0.148%
[I 2025-10-25 04:34:04,568] Trial 469 finished with value: 0.001999999999999996 and parameters: {'w_boll': 0.45486982707755, 'w_rsi': 0.3851672477659858, 'w_mom': 0.24652727183277554, 'w_vwap': 0.8190954974726736, 'w_orb': 1.998205208807347, 'w_ofi': 0.9093468889227301, 'w_vol': 1.7569579588908566, 'win_boll': 13, 'win_rsi': 5, 'win_mom': 3, 'win_vwap': 13, 'orb_opening_bars': 44, 'vol_window': 12}. Best is trial 112 with value: 0.33399999999999996.
Trial 470: ACCEPT (degrade 0.0%) - Eval: -0.260%, Val: 0.138%
[I 2025-10-25 04:34:05,368] Trial 470 finished with value: -0.26 and parameters: {'w_boll': 0.3502889908044809, 'w_rsi': 0.4158200921626027, 'w_mom': 0.3577919701365376, 'w_vwap': 0.6816143008277675, 'w_orb': 1.9626578610545784, 'w_ofi': 0.6204582606400044, 'w_vol': 1.8568987494725848, 'win_boll': 11, 'win_rsi': 9, 'win_mom': 4, 'win_vwap': 11, 'orb_opening_bars': 43, 'vol_window': 49}. Best is trial 112 with value: 0.33399999999999996.
Trial 471: ACCEPT (degrade -843.3%) - Eval: 0.030%, Val: 0.283%
[I 2025-10-25 04:34:06,119] Trial 471 finished with value: 0.02999999999999997 and parameters: {'w_boll': 0.5258998389627672, 'w_rsi': 0.3575856468794311, 'w_mom': 0.16699051771962048, 'w_vwap': 0.6069621154280418, 'w_orb': 1.7757218343313363, 'w_ofi': 1.7356198382024313, 'w_vol': 1.9280609814418788, 'win_boll': 34, 'win_rsi': 7, 'win_mom': 9, 'win_vwap': 14, 'orb_opening_bars': 47, 'vol_window': 11}. Best is trial 112 with value: 0.33399999999999996.
Trial 472: ACCEPT (degrade -154.8%) - Eval: 0.124%, Val: 0.316%
