[I 2025-10-25 04:36:55,572] Trial 695 finished with value: 0.00799999999999999 and parameters: {'w_boll': 0.36971893950628193, 'w_rsi': 0.49023036504981926, 'w_mom': 0.4320180907533976, 'w_vwap': 0.7994680673244483, 'w_orb': 1.921823420037581, 'w_ofi': 1.82859227272116, 'w_vol': 1.744500811497877, 'win_boll': 11, 'win_rsi': 5, 'win_mom': 3, 'win_vwap': 13, 'orb_opening_bars': 46, 'vol_window': 33}. Best is trial 112 with value: 0.33399999999999996.                                                                                      Best trial: 112. Best value: 0.334:  36%|███▌      | 712/2000 [09:05<16:12,  1.32it/s]Best trial: 112. Best value: 0.334:  36%|███▌      | 712/2000 [09:05<16:12,  1.32it/s]Best trial: 112. Best value: 0.334:  36%|███▌      | 713/2000 [09:05<16:10,  1.33it/s]                                                                                      Best trial: 112. Best value: 0.334:  36%|███▌      | 713/2000 [09:05<16:10,  1.33it/s]Best trial: 112. Best value: 0.334:  36%|███▌      | 713/2000 [09:05<16:10,  1.33it/s]Best trial: 112. Best value: 0.334:  36%|███▌      | 714/2000 [09:05<16:06,  1.33it/s]                                                                                      Best trial: 112. Best value: 0.334:  36%|███▌      | 714/2000 [09:06<16:06,  1.33it/s]Best trial: 112. Best value: 0.334:  36%|███▌      | 714/2000 [09:06<16:06,  1.33it/s]Best trial: 112. Best value: 0.334:  36%|███▌      | 715/2000 [09:06<16:13,  1.32it/s]                                                                                      Best trial: 112. Best value: 0.334:  36%|███▌      | 715/2000 [09:07<16:13,  1.32it/s]Best trial: 112. Best value: 0.334:  36%|███▌      | 715/2000 [09:07<16:13,  1.32it/s]Best trial: 112. Best value: 0.334:  36%|███▌      | 716/2000 [09:07<16:19,  1.31it/s]                                                                                      Best trial: 112. Best value: 0.334:  36%|███▌      | 716/2000 [09:08<16:19,  1.31it/s]Best trial: 112. Best value: 0.334:  36%|███▌      | 716/2000 [09:08<16:19,  1.31it/s]Best trial: 112. Best value: 0.334:  36%|███▌      | 717/2000 [09:08<16:41,  1.28it/s]                                                                                      Best trial: 112. Best value: 0.334:  36%|███▌      | 717/2000 [09:08<16:41,  1.28it/s]Best trial: 112. Best value: 0.334:  36%|███▌      | 717/2000 [09:08<16:41,  1.28it/s]Best trial: 112. Best value: 0.334:  36%|███▌      | 718/2000 [09:08<16:27,  1.30it/s]                                                                                      Best trial: 112. Best value: 0.334:  36%|███▌      | 718/2000 [09:09<16:27,  1.30it/s]Best trial: 112. Best value: 0.334:  36%|███▌      | 718/2000 [09:09<16:27,  1.30it/s]Best trial: 112. Best value: 0.334:  36%|███▌      | 719/2000 [09:09<16:35,  1.29it/s]                                                                                      Best trial: 112. Best value: 0.334:  36%|███▌      | 719/2000 [09:10<16:35,  1.29it/s]Best trial: 112. Best value: 0.334:  36%|███▌      | 719/2000 [09:10<16:35,  1.29it/s]Best trial: 112. Best value: 0.334:  36%|███▌      | 720/2000 [09:10<16:26,  1.30it/s]                                                                                      Best trial: 112. Best value: 0.334:  36%|███▌      | 720/2000 [09:11<16:26,  1.30it/s]Best trial: 112. Best value: 0.334:  36%|███▌      | 720/2000 [09:11<16:26,  1.30it/s]Best trial: 112. Best value: 0.334:  36%|███▌      | 721/2000 [09:11<16:16,  1.31it/s]                                                                                      Best trial: 112. Best value: 0.334:  36%|███▌      | 721/2000 [09:11<16:16,  1.31it/s]Best trial: 112. Best value: 0.334:  36%|███▌      | 721/2000 [09:11<16:16,  1.31it/s]Best trial: 112. Best value: 0.334:  36%|███▌      | 722/2000 [09:11<16:06,  1.32it/s]                                                                                      Best trial: 112. Best value: 0.334:  36%|███▌      | 722/2000 [09:12<16:06,  1.32it/s]Best trial: 112. Best value: 0.334:  36%|███▌      | 722/2000 [09:12<16:06,  1.32it/s]Best trial: 112. Best value: 0.334:  36%|███▌      | 723/2000 [09:12<16:20,  1.30it/s]                                                                                      Best trial: 112. Best value: 0.334:  36%|███▌      | 723/2000 [09:13<16:20,  1.30it/s]Best trial: 112. Best value: 0.334:  36%|███▌      | 723/2000 [09:13<16:20,  1.30it/s]Best trial: 112. Best value: 0.334:  36%|███▌      | 724/2000 [09:13<16:03,  1.32it/s]                                                                                      Best trial: 112. Best value: 0.334:  36%|███▌      | 724/2000 [09:14<16:03,  1.32it/s]Best trial: 112. Best value: 0.334:  36%|███▌      | 724/2000 [09:14<16:03,  1.32it/s]Best trial: 112. Best value: 0.334:  36%|███▋      | 725/2000 [09:14<16:00,  1.33it/s]                                                                                      Best trial: 112. Best value: 0.334:  36%|███▋      | 725/2000 [09:14<16:00,  1.33it/s]Best trial: 112. Best value: 0.334:  36%|███▋      | 725/2000 [09:14<16:00,  1.33it/s]Best trial: 112. Best value: 0.334:  36%|███▋      | 726/2000 [09:14<15:57,  1.33it/s]                                                                                      Best trial: 112. Best value: 0.334:  36%|███▋      | 726/2000 [09:15<15:57,  1.33it/s]Best trial: 112. Best value: 0.334:  36%|███▋      | 726/2000 [09:15<15:57,  1.33it/s]Best trial: 112. Best value: 0.334:  36%|███▋      | 727/2000 [09:15<16:04,  1.32it/s]                                                                                      Best trial: 112. Best value: 0.334:  36%|███▋      | 727/2000 [09:16<16:04,  1.32it/s]Best trial: 112. Best value: 0.334:  36%|███▋      | 727/2000 [09:16<16:04,  1.32it/s]Best trial: 112. Best value: 0.334:  36%|███▋      | 728/2000 [09:16<15:53,  1.33it/s]                                                                                      
Trial 696: ACCEPT (degrade -21.8%) - Eval: 0.262%, Val: 0.319%
[I 2025-10-25 04:36:56,311] Trial 696 finished with value: 0.262 and parameters: {'w_boll': 0.4842566623562141, 'w_rsi': 0.2316100479979639, 'w_mom': 0.13380559123952726, 'w_vwap': 0.4928043499783381, 'w_orb': 1.8539021786515903, 'w_ofi': 0.7286090327375964, 'w_vol': 1.9676705556028862, 'win_boll': 15, 'win_rsi': 7, 'win_mom': 4, 'win_vwap': 11, 'orb_opening_bars': 50, 'vol_window': 10}. Best is trial 112 with value: 0.33399999999999996.
Trial 697: ACCEPT (degrade 0.0%) - Eval: -0.034%, Val: 0.133%
[I 2025-10-25 04:36:57,040] Trial 697 finished with value: -0.034 and parameters: {'w_boll': 0.546450597822054, 'w_rsi': 0.13038287998121265, 'w_mom': 0.12247485747963283, 'w_vwap': 0.3967060937574094, 'w_orb': 1.8548669203068342, 'w_ofi': 0.7510621039837262, 'w_vol': 1.9941444417310972, 'win_boll': 16, 'win_rsi': 6, 'win_mom': 4, 'win_vwap': 10, 'orb_opening_bars': 50, 'vol_window': 12}. Best is trial 112 with value: 0.33399999999999996.
Trial 698: ACCEPT (degrade 0.0%) - Eval: -0.102%, Val: 0.416%
[I 2025-10-25 04:36:57,826] Trial 698 finished with value: -0.10200000000000001 and parameters: {'w_boll': 0.49671950600528414, 'w_rsi': 0.22568829681772723, 'w_mom': 0.12679435783112178, 'w_vwap': 0.4371031246145739, 'w_orb': 1.8408693427201497, 'w_ofi': 0.7212895010867957, 'w_vol': 1.9666338399766479, 'win_boll': 16, 'win_rsi': 8, 'win_mom': 4, 'win_vwap': 11, 'orb_opening_bars': 50, 'vol_window': 11}. Best is trial 112 with value: 0.33399999999999996.
Trial 699: ACCEPT (degrade -64.1%) - Eval: 0.198%, Val: 0.325%
[I 2025-10-25 04:36:58,571] Trial 699 finished with value: 0.198 and parameters: {'w_boll': 0.48636343410056754, 'w_rsi': 0.1944071661202731, 'w_mom': 0.10739789946388037, 'w_vwap': 0.45339948862943735, 'w_orb': 1.8182856233860154, 'w_ofi': 0.7690587453375672, 'w_vol': 1.9531353889437888, 'win_boll': 15, 'win_rsi': 7, 'win_mom': 5, 'win_vwap': 11, 'orb_opening_bars': 50, 'vol_window': 10}. Best is trial 112 with value: 0.33399999999999996.
Trial 700: ACCEPT (degrade -309.7%) - Eval: 0.062%, Val: 0.254%
[I 2025-10-25 04:36:59,320] Trial 700 finished with value: 0.062 and parameters: {'w_boll': 0.4678044121649982, 'w_rsi': 0.1604686765592544, 'w_mom': 1.5261954969216458, 'w_vwap': 0.7339193002089975, 'w_orb': 1.764104405486738, 'w_ofi': 0.6757085752992362, 'w_vol': 1.3307797983086003, 'win_boll': 15, 'win_rsi': 6, 'win_mom': 4, 'win_vwap': 10, 'orb_opening_bars': 50, 'vol_window': 13}. Best is trial 112 with value: 0.33399999999999996.
Trial 701: REJECT (overfit 24.4%) - Eval: 0.308%, Val: 0.233%
[I 2025-10-25 04:37:00,191] Trial 701 finished with value: -999.0 and parameters: {'w_boll': 0.5404068096563299, 'w_rsi': 0.25081180552682, 'w_mom': 0.10077639382748788, 'w_vwap': 0.5057436241476488, 'w_orb': 1.79549992324181, 'w_ofi': 0.7263842190592443, 'w_vol': 1.7960590970949963, 'win_boll': 16, 'win_rsi': 5, 'win_mom': 4, 'win_vwap': 12, 'orb_opening_bars': 49, 'vol_window': 11}. Best is trial 112 with value: 0.33399999999999996.
Trial 702: ACCEPT (degrade -3666.7%) - Eval: 0.006%, Val: 0.226%
[I 2025-10-25 04:37:00,925] Trial 702 finished with value: 0.006000000000000005 and parameters: {'w_boll': 0.6109575117487446, 'w_rsi': 0.21995187582905593, 'w_mom': 0.15352207888841352, 'w_vwap': 0.24085635046347187, 'w_orb': 1.8707083390634802, 'w_ofi': 0.6977600406659594, 'w_vol': 1.9126086138172187, 'win_boll': 15, 'win_rsi': 16, 'win_mom': 3, 'win_vwap': 11, 'orb_opening_bars': 50, 'vol_window': 11}. Best is trial 112 with value: 0.33399999999999996.
Trial 703: REJECT (overfit 58.2%) - Eval: 0.134%, Val: 0.056%
[I 2025-10-25 04:37:01,683] Trial 703 finished with value: -999.0 and parameters: {'w_boll': 0.5676413086506441, 'w_rsi': 0.26404088699268774, 'w_mom': 0.10231512342870129, 'w_vwap': 0.4532615275034277, 'w_orb': 1.838464955581921, 'w_ofi': 0.7953064006675313, 'w_vol': 1.8348517491616938, 'win_boll': 14, 'win_rsi': 7, 'win_mom': 4, 'win_vwap': 12, 'orb_opening_bars': 49, 'vol_window': 14}. Best is trial 112 with value: 0.33399999999999996.
Trial 704: REJECT (overfit 32.5%) - Eval: 0.080%, Val: 0.054%
[I 2025-10-25 04:37:02,431] Trial 704 finished with value: -999.0 and parameters: {'w_boll': 0.5039991916673676, 'w_rsi': 0.281613317975157, 'w_mom': 1.3353131205175526, 'w_vwap': 0.49003429785003183, 'w_orb': 1.743907520810633, 'w_ofi': 0.6156198416581353, 'w_vol': 1.6653755788319855, 'win_boll': 14, 'win_rsi': 5, 'win_mom': 5, 'win_vwap': 10, 'orb_opening_bars': 50, 'vol_window': 12}. Best is trial 112 with value: 0.33399999999999996.
Trial 705: ACCEPT (degrade -237.9%) - Eval: 0.066%, Val: 0.223%
[I 2025-10-25 04:37:03,171] Trial 705 finished with value: 0.066 and parameters: {'w_boll': 0.4440851523297256, 'w_rsi': 0.31033322890354886, 'w_mom': 0.16171005645015263, 'w_vwap': 0.49005810030610847, 'w_orb': 1.8844909115828223, 'w_ofi': 0.6633565648107835, 'w_vol': 1.7118101415916467, 'win_boll': 15, 'win_rsi': 6, 'win_mom': 4, 'win_vwap': 14, 'orb_opening_bars': 43, 'vol_window': 10}. Best is trial 112 with value: 0.33399999999999996.
Trial 706: ACCEPT (degrade -214.5%) - Eval: 0.076%, Val: 0.239%
[I 2025-10-25 04:37:03,938] Trial 706 finished with value: 0.076 and parameters: {'w_boll': 0.47812187240637954, 'w_rsi': 0.17577946381500315, 'w_mom': 0.31175199475459786, 'w_vwap': 0.7731076290637479, 'w_orb': 1.785800779364246, 'w_ofi': 0.7412196601238289, 'w_vol': 1.877403355749234, 'win_boll': 22, 'win_rsi': 14, 'win_mom': 3, 'win_vwap': 13, 'orb_opening_bars': 50, 'vol_window': 10}. Best is trial 112 with value: 0.33399999999999996.
Trial 707: ACCEPT (degrade 0.0%) - Eval: -0.054%, Val: 0.216%
[I 2025-10-25 04:37:04,683] Trial 707 finished with value: -0.054000000000000006 and parameters: {'w_boll': 0.4413618222498191, 'w_rsi': 0.10776774077632172, 'w_mom': 1.4346476662162526, 'w_vwap': 0.7033287437557653, 'w_orb': 1.80800569874239, 'w_ofi': 0.8411344955527953, 'w_vol': 1.752780365143308, 'win_boll': 14, 'win_rsi': 7, 'win_mom': 5, 'win_vwap': 11, 'orb_opening_bars': 49, 'vol_window': 12}. Best is trial 112 with value: 0.33399999999999996.
Trial 708: ACCEPT (degrade 0.0%) - Eval: -0.062%, Val: 0.183%
[I 2025-10-25 04:37:05,436] Trial 708 finished with value: -0.06200000000000002 and parameters: {'w_boll': 0.5231280898619638, 'w_rsi': 0.23443970765825553, 'w_mom': 1.2490909560546277, 'w_vwap': 0.3641027489695028, 'w_orb': 1.7105232946848608, 'w_ofi': 0.6967478111665167, 'w_vol': 1.9705526437470209, 'win_boll': 15, 'win_rsi': 8, 'win_mom': 3, 'win_vwap': 12, 'orb_opening_bars': 45, 'vol_window': 35}. Best is trial 112 with value: 0.33399999999999996.
Trial 709: ACCEPT (degrade -220.5%) - Eval: 0.088%, Val: 0.282%
[I 2025-10-25 04:37:06,182] Trial 709 finished with value: 0.08800000000000001 and parameters: {'w_boll': 0.4007157533228181, 'w_rsi': 0.2802381973242706, 'w_mom': 0.216415951923471, 'w_vwap': 0.9047686198066431, 'w_orb': 1.8799040587618596, 'w_ofi': 0.7585294319355457, 'w_vol': 1.7977586205694458, 'win_boll': 16, 'win_rsi': 6, 'win_mom': 5, 'win_vwap': 11, 'orb_opening_bars': 49, 'vol_window': 11}. Best is trial 112 with value: 0.33399999999999996.
Trial 710: ACCEPT (degrade -13.2%) - Eval: 0.114%, Val: 0.129%
[I 2025-10-25 04:37:06,954] Trial 710 finished with value: 0.11400000000000002 and parameters: {'w_boll': 0.4606410338489679, 'w_rsi': 0.6367681804527725, 'w_mom': 1.2871616301639426, 'w_vwap': 0.8316823176036882, 'w_orb': 1.8447648050281, 'w_ofi': 0.8098626316588533, 'w_vol': 1.8365081737362972, 'win_boll': 13, 'win_rsi': 7, 'win_mom': 4, 'win_vwap': 13, 'orb_opening_bars': 49, 'vol_window': 10}. Best is trial 112 with value: 0.33399999999999996.
Trial 711: ACCEPT (degrade 0.0%) - Eval: -0.012%, Val: 0.236%
[I 2025-10-25 04:37:07,704] Trial 711 finished with value: -0.011999999999999988 and parameters: {'w_boll': 0.4292672026894051, 'w_rsi': 0.33394006076180327, 'w_mom': 1.179331914109768, 'w_vwap': 0.738957949403227, 'w_orb': 1.9060306256388886, 'w_ofi': 0.6232078686590059, 'w_vol': 1.891344062459358, 'win_boll': 14, 'win_rsi': 25, 'win_mom': 4, 'win_vwap': 12, 'orb_opening_bars': 26, 'vol_window': 12}. Best is trial 112 with value: 0.33399999999999996.
Trial 712: ACCEPT (degrade -85.7%) - Eval: 0.126%, Val: 0.234%Best trial: 112. Best value: 0.334:  36%|███▋      | 728/2000 [09:17<15:53,  1.33it/s]Best trial: 112. Best value: 0.334:  36%|███▋      | 728/2000 [09:17<15:53,  1.33it/s]Best trial: 112. Best value: 0.334:  36%|███▋      | 729/2000 [09:17<15:53,  1.33it/s]                                                                                      Best trial: 112. Best value: 0.334:  36%|███▋      | 729/2000 [09:17<15:53,  1.33it/s]Best trial: 112. Best value: 0.334:  36%|███▋      | 729/2000 [09:17<15:53,  1.33it/s]Best trial: 112. Best value: 0.334:  36%|███▋      | 730/2000 [09:17<15:49,  1.34it/s]                                                                                      Best trial: 112. Best value: 0.334:  36%|███▋      | 730/2000 [09:18<15:49,  1.34it/s]Best trial: 112. Best value: 0.334:  36%|███▋      | 730/2000 [09:18<15:49,  1.34it/s]Best trial: 112. Best value: 0.334:  37%|███▋      | 731/2000 [09:18<16:04,  1.32it/s]                                                                                      Best trial: 112. Best value: 0.334:  37%|███▋      | 731/2000 [09:19<16:04,  1.32it/s]Best trial: 112. Best value: 0.334:  37%|███▋      | 731/2000 [09:19<16:04,  1.32it/s]Best trial: 112. Best value: 0.334:  37%|███▋      | 732/2000 [09:19<16:01,  1.32it/s]                                                                                      Best trial: 112. Best value: 0.334:  37%|███▋      | 732/2000 [09:20<16:01,  1.32it/s]Best trial: 112. Best value: 0.334:  37%|███▋      | 732/2000 [09:20<16:01,  1.32it/s]Best trial: 112. Best value: 0.334:  37%|███▋      | 733/2000 [09:20<15:55,  1.33it/s]                                                                                      Best trial: 112. Best value: 0.334:  37%|███▋      | 733/2000 [09:21<15:55,  1.33it/s]Best trial: 112. Best value: 0.334:  37%|███▋      | 733/2000 [09:21<15:55,  1.33it/s]Best trial: 112. Best value: 0.334:  37%|███▋      | 734/2000 [09:21<15:55,  1.32it/s]                                                                                      Best trial: 112. Best value: 0.334:  37%|███▋      | 734/2000 [09:21<15:55,  1.32it/s]Best trial: 112. Best value: 0.334:  37%|███▋      | 734/2000 [09:21<15:55,  1.32it/s]Best trial: 112. Best value: 0.334:  37%|███▋      | 735/2000 [09:21<16:07,  1.31it/s]                                                                                      Best trial: 112. Best value: 0.334:  37%|███▋      | 735/2000 [09:22<16:07,  1.31it/s]Best trial: 112. Best value: 0.334:  37%|███▋      | 735/2000 [09:22<16:07,  1.31it/s]Best trial: 112. Best value: 0.334:  37%|███▋      | 736/2000 [09:22<15:51,  1.33it/s]                                                                                      Best trial: 112. Best value: 0.334:  37%|███▋      | 736/2000 [09:23<15:51,  1.33it/s]Best trial: 112. Best value: 0.334:  37%|███▋      | 736/2000 [09:23<15:51,  1.33it/s]Best trial: 112. Best value: 0.334:  37%|███▋      | 737/2000 [09:23<15:48,  1.33it/s]                                                                                      Best trial: 112. Best value: 0.334:  37%|███▋      | 737/2000 [09:24<15:48,  1.33it/s]Best trial: 112. Best value: 0.334:  37%|███▋      | 737/2000 [09:24<15:48,  1.33it/s]Best trial: 112. Best value: 0.334:  37%|███▋      | 738/2000 [09:24<15:50,  1.33it/s]                                                                                      Best trial: 112. Best value: 0.334:  37%|███▋      | 738/2000 [09:24<15:50,  1.33it/s]Best trial: 112. Best value: 0.334:  37%|███▋      | 738/2000 [09:24<15:50,  1.33it/s]Best trial: 112. Best value: 0.334:  37%|███▋      | 739/2000 [09:24<15:57,  1.32it/s]                                                                                      Best trial: 112. Best value: 0.334:  37%|███▋      | 739/2000 [09:25<15:57,  1.32it/s]Best trial: 112. Best value: 0.334:  37%|███▋      | 739/2000 [09:25<15:57,  1.32it/s]Best trial: 112. Best value: 0.334:  37%|███▋      | 740/2000 [09:25<15:42,  1.34it/s]                                                                                      Best trial: 112. Best value: 0.334:  37%|███▋      | 740/2000 [09:26<15:42,  1.34it/s]Best trial: 112. Best value: 0.334:  37%|███▋      | 740/2000 [09:26<15:42,  1.34it/s]Best trial: 112. Best value: 0.334:  37%|███▋      | 741/2000 [09:26<15:42,  1.34it/s]                                                                                      Best trial: 112. Best value: 0.334:  37%|███▋      | 741/2000 [09:27<15:42,  1.34it/s]Best trial: 112. Best value: 0.334:  37%|███▋      | 741/2000 [09:27<15:42,  1.34it/s]Best trial: 112. Best value: 0.334:  37%|███▋      | 742/2000 [09:27<16:27,  1.27it/s]                                                                                      Best trial: 112. Best value: 0.334:  37%|███▋      | 742/2000 [09:27<16:27,  1.27it/s]Best trial: 112. Best value: 0.334:  37%|███▋      | 742/2000 [09:27<16:27,  1.27it/s]Best trial: 112. Best value: 0.334:  37%|███▋      | 743/2000 [09:27<16:15,  1.29it/s]                                                                                      Best trial: 112. Best value: 0.334:  37%|███▋      | 743/2000 [09:28<16:15,  1.29it/s]Best trial: 112. Best value: 0.334:  37%|███▋      | 743/2000 [09:28<16:15,  1.29it/s]Best trial: 112. Best value: 0.334:  37%|███▋      | 744/2000 [09:28<15:55,  1.31it/s]                                                                                      
[I 2025-10-25 04:37:08,456] Trial 712 finished with value: 0.126 and parameters: {'w_boll': 0.49147473822309556, 'w_rsi': 0.2093439242476629, 'w_mom': 0.1491291935991368, 'w_vwap': 0.6966737741346182, 'w_orb': 1.9129770906039434, 'w_ofi': 1.921196203797483, 'w_vol': 0.9013798465882527, 'win_boll': 13, 'win_rsi': 6, 'win_mom': 3, 'win_vwap': 11, 'orb_opening_bars': 40, 'vol_window': 11}. Best is trial 112 with value: 0.33399999999999996.
Trial 713: ACCEPT (degrade -111.2%) - Eval: 0.116%, Val: 0.245%
[I 2025-10-25 04:37:09,200] Trial 713 finished with value: 0.11599999999999999 and parameters: {'w_boll': 0.3994688293943825, 'w_rsi': 0.24251607868017877, 'w_mom': 0.10086591086777037, 'w_vwap': 0.7890242236469373, 'w_orb': 1.8618609909885944, 'w_ofi': 0.6582439145444016, 'w_vol': 1.9990131278491161, 'win_boll': 10, 'win_rsi': 5, 'win_mom': 3, 'win_vwap': 10, 'orb_opening_bars': 48, 'vol_window': 13}. Best is trial 112 with value: 0.33399999999999996.
Trial 714: ACCEPT (degrade -844.0%) - Eval: 0.050%, Val: 0.472%
[I 2025-10-25 04:37:09,973] Trial 714 finished with value: 0.05 and parameters: {'w_boll': 0.4182741787482408, 'w_rsi': 0.32083847311269276, 'w_mom': 0.18515193302086908, 'w_vwap': 0.6487743335933568, 'w_orb': 1.9287379431637728, 'w_ofi': 0.7145007382543215, 'w_vol': 1.930719443495458, 'win_boll': 16, 'win_rsi': 6, 'win_mom': 4, 'win_vwap': 13, 'orb_opening_bars': 42, 'vol_window': 11}. Best is trial 112 with value: 0.33399999999999996.
Trial 715: REJECT (overfit 27.2%) - Eval: 0.136%, Val: 0.099%
[I 2025-10-25 04:37:10,746] Trial 715 finished with value: -999.0 and parameters: {'w_boll': 0.5182177903932043, 'w_rsi': 0.1535762166929497, 'w_mom': 0.356372162172657, 'w_vwap': 0.5306272857049881, 'w_orb': 1.895915668051174, 'w_ofi': 0.8951174185660505, 'w_vol': 1.7752835688490969, 'win_boll': 14, 'win_rsi': 7, 'win_mom': 3, 'win_vwap': 12, 'orb_opening_bars': 44, 'vol_window': 10}. Best is trial 112 with value: 0.33399999999999996.
Trial 716: ACCEPT (degrade 0.0%) - Eval: -0.064%, Val: 0.029%
