[I 2025-10-25 04:39:24,280] Trial 890 finished with value: -0.09399999999999996 and parameters: {'w_boll': 0.242005487573722, 'w_rsi': 0.7646379940233154, 'w_mom': 0.10088283702397646, 'w_vwap': 0.6965024638306275, 'w_orb': 0.8939280723028078, 'w_ofi': 1.4863136442610136, 'w_vol': 1.9294087198320635, 'win_boll': 12, 'win_rsi': 6, 'win_mom': 4, 'win_vwap': 13, 'orb_opening_bars': 48, 'vol_window': 12}. Best is trial 868 with value: 0.384.Best trial: 868. Best value: 0.384:  45%|████▌     | 907/2000 [11:33<14:00,  1.30it/s]Best trial: 868. Best value: 0.384:  45%|████▌     | 907/2000 [11:33<14:00,  1.30it/s]Best trial: 868. Best value: 0.384:  45%|████▌     | 908/2000 [11:33<13:57,  1.30it/s]                                                                                      Best trial: 868. Best value: 0.384:  45%|████▌     | 908/2000 [11:34<13:57,  1.30it/s]Best trial: 868. Best value: 0.384:  45%|████▌     | 908/2000 [11:34<13:57,  1.30it/s]Best trial: 868. Best value: 0.384:  45%|████▌     | 909/2000 [11:34<13:48,  1.32it/s]                                                                                      Best trial: 868. Best value: 0.384:  45%|████▌     | 909/2000 [11:35<13:48,  1.32it/s]Best trial: 868. Best value: 0.384:  45%|████▌     | 909/2000 [11:35<13:48,  1.32it/s]Best trial: 868. Best value: 0.384:  46%|████▌     | 910/2000 [11:35<13:51,  1.31it/s]                                                                                      Best trial: 868. Best value: 0.384:  46%|████▌     | 910/2000 [11:36<13:51,  1.31it/s]Best trial: 868. Best value: 0.384:  46%|████▌     | 910/2000 [11:36<13:51,  1.31it/s]Best trial: 868. Best value: 0.384:  46%|████▌     | 911/2000 [11:36<13:44,  1.32it/s]                                                                                      Best trial: 868. Best value: 0.384:  46%|████▌     | 911/2000 [11:36<13:44,  1.32it/s]Best trial: 868. Best value: 0.384:  46%|████▌     | 911/2000 [11:36<13:44,  1.32it/s]Best trial: 868. Best value: 0.384:  46%|████▌     | 912/2000 [11:36<13:41,  1.33it/s]                                                                                      Best trial: 868. Best value: 0.384:  46%|████▌     | 912/2000 [11:37<13:41,  1.33it/s]Best trial: 868. Best value: 0.384:  46%|████▌     | 912/2000 [11:37<13:41,  1.33it/s]Best trial: 868. Best value: 0.384:  46%|████▌     | 913/2000 [11:37<13:52,  1.31it/s]                                                                                      Best trial: 868. Best value: 0.384:  46%|████▌     | 913/2000 [11:38<13:52,  1.31it/s]Best trial: 868. Best value: 0.384:  46%|████▌     | 913/2000 [11:38<13:52,  1.31it/s]Best trial: 868. Best value: 0.384:  46%|████▌     | 914/2000 [11:38<13:39,  1.32it/s]                                                                                      Best trial: 868. Best value: 0.384:  46%|████▌     | 914/2000 [11:39<13:39,  1.32it/s]Best trial: 868. Best value: 0.384:  46%|████▌     | 914/2000 [11:39<13:39,  1.32it/s]Best trial: 868. Best value: 0.384:  46%|████▌     | 915/2000 [11:39<13:41,  1.32it/s]                                                                                      Best trial: 868. Best value: 0.384:  46%|████▌     | 915/2000 [11:39<13:41,  1.32it/s]Best trial: 868. Best value: 0.384:  46%|████▌     | 915/2000 [11:39<13:41,  1.32it/s]Best trial: 868. Best value: 0.384:  46%|████▌     | 916/2000 [11:39<13:40,  1.32it/s]                                                                                      Best trial: 868. Best value: 0.384:  46%|████▌     | 916/2000 [11:40<13:40,  1.32it/s]Best trial: 868. Best value: 0.384:  46%|████▌     | 916/2000 [11:40<13:40,  1.32it/s]Best trial: 868. Best value: 0.384:  46%|████▌     | 917/2000 [11:40<13:52,  1.30it/s]                                                                                      Best trial: 868. Best value: 0.384:  46%|████▌     | 917/2000 [11:41<13:52,  1.30it/s]Best trial: 868. Best value: 0.384:  46%|████▌     | 917/2000 [11:41<13:52,  1.30it/s]Best trial: 868. Best value: 0.384:  46%|████▌     | 918/2000 [11:41<13:38,  1.32it/s]                                                                                      Best trial: 868. Best value: 0.384:  46%|████▌     | 918/2000 [11:42<13:38,  1.32it/s]Best trial: 868. Best value: 0.384:  46%|████▌     | 918/2000 [11:42<13:38,  1.32it/s]Best trial: 868. Best value: 0.384:  46%|████▌     | 919/2000 [11:42<13:34,  1.33it/s]                                                                                      Best trial: 868. Best value: 0.384:  46%|████▌     | 919/2000 [11:43<13:34,  1.33it/s]Best trial: 868. Best value: 0.384:  46%|████▌     | 919/2000 [11:43<13:34,  1.33it/s]Best trial: 868. Best value: 0.384:  46%|████▌     | 920/2000 [11:43<13:34,  1.33it/s]                                                                                      Best trial: 868. Best value: 0.384:  46%|████▌     | 920/2000 [11:43<13:34,  1.33it/s]Best trial: 868. Best value: 0.384:  46%|████▌     | 920/2000 [11:43<13:34,  1.33it/s]Best trial: 868. Best value: 0.384:  46%|████▌     | 921/2000 [11:43<13:48,  1.30it/s]                                                                                      Best trial: 868. Best value: 0.384:  46%|████▌     | 921/2000 [11:44<13:48,  1.30it/s]Best trial: 868. Best value: 0.384:  46%|████▌     | 921/2000 [11:44<13:48,  1.30it/s]Best trial: 868. Best value: 0.384:  46%|████▌     | 922/2000 [11:44<13:40,  1.31it/s]                                                                                      Best trial: 868. Best value: 0.384:  46%|████▌     | 922/2000 [11:45<13:40,  1.31it/s]Best trial: 868. Best value: 0.384:  46%|████▌     | 922/2000 [11:45<13:40,  1.31it/s]Best trial: 868. Best value: 0.384:  46%|████▌     | 923/2000 [11:45<13:38,  1.32it/s]                                                                                      Best trial: 868. Best value: 0.384:  46%|████▌     | 923/2000 [11:46<13:38,  1.32it/s]Best trial: 868. Best value: 0.384:  46%|████▌     | 923/2000 [11:46<13:38,  1.32it/s]Best trial: 868. Best value: 0.384:  46%|████▌     | 924/2000 [11:46<13:34,  1.32it/s]                                                                                      
Trial 891: ACCEPT (degrade 0.0%) - Eval: -0.070%, Val: 0.183%
[I 2025-10-25 04:39:25,012] Trial 891 finished with value: -0.07 and parameters: {'w_boll': 0.4698188933236625, 'w_rsi': 0.32493758455406246, 'w_mom': 0.16575274635282675, 'w_vwap': 0.5426171793132161, 'w_orb': 1.8410377871285735, 'w_ofi': 1.7386130126485515, 'w_vol': 1.8242689726556711, 'win_boll': 13, 'win_rsi': 8, 'win_mom': 6, 'win_vwap': 11, 'orb_opening_bars': 47, 'vol_window': 11}. Best is trial 868 with value: 0.384.
Trial 892: ACCEPT (degrade -391.1%) - Eval: 0.056%, Val: 0.275%
[I 2025-10-25 04:39:25,771] Trial 892 finished with value: 0.05599999999999998 and parameters: {'w_boll': 0.37987577511808335, 'w_rsi': 0.26162648954780066, 'w_mom': 0.20917783859634698, 'w_vwap': 0.6113898008484413, 'w_orb': 1.7949422639494494, 'w_ofi': 1.7882503778486103, 'w_vol': 1.8884848896857838, 'win_boll': 14, 'win_rsi': 7, 'win_mom': 5, 'win_vwap': 15, 'orb_opening_bars': 49, 'vol_window': 10}. Best is trial 868 with value: 0.384.
Trial 893: ACCEPT (degrade -106.9%) - Eval: 0.058%, Val: 0.120%
[I 2025-10-25 04:39:26,517] Trial 893 finished with value: 0.05800000000000001 and parameters: {'w_boll': 0.4322655571430446, 'w_rsi': 0.2055337877954752, 'w_mom': 0.13808288799691887, 'w_vwap': 0.7054402086688529, 'w_orb': 1.9039282251573089, 'w_ofi': 1.9971084809278723, 'w_vol': 1.9995862837167675, 'win_boll': 15, 'win_rsi': 6, 'win_mom': 7, 'win_vwap': 10, 'orb_opening_bars': 50, 'vol_window': 15}. Best is trial 868 with value: 0.384.
Trial 894: REJECT (overfit 66.5%) - Eval: 0.164%, Val: 0.055%
[I 2025-10-25 04:39:27,321] Trial 894 finished with value: -999.0 and parameters: {'w_boll': 0.6301263310773783, 'w_rsi': 0.9269883942561995, 'w_mom': 0.25294064260862337, 'w_vwap': 0.49437521620316804, 'w_orb': 1.869476175607007, 'w_ofi': 0.46753764152753846, 'w_vol': 1.9089587400107777, 'win_boll': 12, 'win_rsi': 6, 'win_mom': 3, 'win_vwap': 13, 'orb_opening_bars': 33, 'vol_window': 11}. Best is trial 868 with value: 0.384.
Trial 895: ACCEPT (degrade -233.3%) - Eval: 0.030%, Val: 0.100%
[I 2025-10-25 04:39:28,060] Trial 895 finished with value: 0.029999999999999978 and parameters: {'w_boll': 0.3122029046527409, 'w_rsi': 0.44679720658443717, 'w_mom': 0.167892530506785, 'w_vwap': 0.6560405532849377, 'w_orb': 1.9308674417972496, 'w_ofi': 1.8164614096865586, 'w_vol': 1.8041763275184952, 'win_boll': 16, 'win_rsi': 5, 'win_mom': 4, 'win_vwap': 14, 'orb_opening_bars': 48, 'vol_window': 12}. Best is trial 868 with value: 0.384.
Trial 896: REJECT (overfit 46.4%) - Eval: 0.168%, Val: 0.090%
[I 2025-10-25 04:39:28,823] Trial 896 finished with value: -999.0 and parameters: {'w_boll': 0.5393324565112331, 'w_rsi': 0.2934813394520034, 'w_mom': 0.14044028775014195, 'w_vwap': 0.6259754588162807, 'w_orb': 1.7505808602029007, 'w_ofi': 0.8939853909097701, 'w_vol': 1.9394641066010971, 'win_boll': 14, 'win_rsi': 7, 'win_mom': 5, 'win_vwap': 12, 'orb_opening_bars': 49, 'vol_window': 26}. Best is trial 868 with value: 0.384.
Trial 897: ACCEPT (degrade -143.2%) - Eval: 0.146%, Val: 0.355%
[I 2025-10-25 04:39:29,569] Trial 897 finished with value: 0.146 and parameters: {'w_boll': 0.48662972536042454, 'w_rsi': 0.32564695488631246, 'w_mom': 0.20914839364401866, 'w_vwap': 0.5631652931049079, 'w_orb': 1.9150883863013144, 'w_ofi': 0.8556178482299643, 'w_vol': 1.8544816646465476, 'win_boll': 11, 'win_rsi': 7, 'win_mom': 3, 'win_vwap': 11, 'orb_opening_bars': 44, 'vol_window': 13}. Best is trial 868 with value: 0.384.
Trial 898: ACCEPT (degrade -13.9%) - Eval: 0.158%, Val: 0.180%
[I 2025-10-25 04:39:30,479] Trial 898 finished with value: 0.158 and parameters: {'w_boll': 0.39554145515481987, 'w_rsi': 0.42553727988948137, 'w_mom': 0.237924643676753, 'w_vwap': 0.7463717868900022, 'w_orb': 1.8364804965206787, 'w_ofi': 0.5067340676791451, 'w_vol': 1.8606729969976898, 'win_boll': 17, 'win_rsi': 6, 'win_mom': 4, 'win_vwap': 12, 'orb_opening_bars': 48, 'vol_window': 10}. Best is trial 868 with value: 0.384.
Trial 899: ACCEPT (degrade 0.0%) - Eval: -0.162%, Val: 0.215%
[I 2025-10-25 04:39:31,224] Trial 899 finished with value: -0.162 and parameters: {'w_boll': 0.34275936647777405, 'w_rsi': 0.34774604845472123, 'w_mom': 0.1841548986552157, 'w_vwap': 0.687986538866512, 'w_orb': 1.7154513945984604, 'w_ofi': 0.5851347865874428, 'w_vol': 1.8067311215237183, 'win_boll': 36, 'win_rsi': 5, 'win_mom': 12, 'win_vwap': 10, 'orb_opening_bars': 50, 'vol_window': 11}. Best is trial 868 with value: 0.384.
Trial 900: ACCEPT (degrade -44.3%) - Eval: 0.088%, Val: 0.127%
[I 2025-10-25 04:39:31,958] Trial 900 finished with value: 0.08800000000000004 and parameters: {'w_boll': 0.9916468181795318, 'w_rsi': 0.2441082589344427, 'w_mom': 0.102548110220381, 'w_vwap': 0.602128631837946, 'w_orb': 1.944876644513078, 'w_ofi': 1.7542178068026288, 'w_vol': 1.9684585412276467, 'win_boll': 13, 'win_rsi': 8, 'win_mom': 3, 'win_vwap': 15, 'orb_opening_bars': 40, 'vol_window': 12}. Best is trial 868 with value: 0.384.
Trial 901: REJECT (overfit 123.3%) - Eval: 0.090%, Val: -0.021%
[I 2025-10-25 04:39:32,712] Trial 901 finished with value: -999.0 and parameters: {'w_boll': 0.44256831941522234, 'w_rsi': 0.3870620875032653, 'w_mom': 0.14341377668499225, 'w_vwap': 0.6712533864013784, 'w_orb': 1.5471813127767478, 'w_ofi': 1.7084299824559948, 'w_vol': 1.9213456471183583, 'win_boll': 10, 'win_rsi': 6, 'win_mom': 4, 'win_vwap': 13, 'orb_opening_bars': 47, 'vol_window': 13}. Best is trial 868 with value: 0.384.
Trial 902: ACCEPT (degrade -106.6%) - Eval: 0.166%, Val: 0.343%
[I 2025-10-25 04:39:33,507] Trial 902 finished with value: 0.166 and parameters: {'w_boll': 0.5207863386908009, 'w_rsi': 0.2793437439726813, 'w_mom': 0.34163604609124093, 'w_vwap': 0.7326991866556232, 'w_orb': 1.8780319718092853, 'w_ofi': 1.0255949974009453, 'w_vol': 1.7800947401899718, 'win_boll': 14, 'win_rsi': 7, 'win_mom': 6, 'win_vwap': 11, 'orb_opening_bars': 50, 'vol_window': 14}. Best is trial 868 with value: 0.384.
Trial 903: ACCEPT (degrade 0.0%) - Eval: -0.064%, Val: 0.152%
[I 2025-10-25 04:39:34,292] Trial 903 finished with value: -0.06399999999999999 and parameters: {'w_boll': 0.26240861365052115, 'w_rsi': 0.4668914364436696, 'w_mom': 0.26360617136649617, 'w_vwap': 0.6340885681443476, 'w_orb': 1.7798271378158297, 'w_ofi': 1.2714921156589258, 'w_vol': 1.8434121957958611, 'win_boll': 13, 'win_rsi': 6, 'win_mom': 4, 'win_vwap': 13, 'orb_opening_bars': 48, 'vol_window': 10}. Best is trial 868 with value: 0.384.
Trial 904: REJECT (overfit 40.3%) - Eval: 0.248%, Val: 0.148%
[I 2025-10-25 04:39:35,018] Trial 904 finished with value: -999.0 and parameters: {'w_boll': 0.5888206406835073, 'w_rsi': 0.20172187502409353, 'w_mom': 0.1859945296970136, 'w_vwap': 0.7092226791989106, 'w_orb': 1.6424530371743375, 'w_ofi': 1.8292160622909854, 'w_vol': 1.89945575770689, 'win_boll': 11, 'win_rsi': 7, 'win_mom': 3, 'win_vwap': 12, 'orb_opening_bars': 49, 'vol_window': 11}. Best is trial 868 with value: 0.384.
Trial 905: ACCEPT (degrade 0.0%) - Eval: -0.138%, Val: 0.229%
[I 2025-10-25 04:39:35,765] Trial 905 finished with value: -0.13799999999999998 and parameters: {'w_boll': 0.36386651730347586, 'w_rsi': 0.41169048615231, 'w_mom': 0.1396275640760143, 'w_vwap': 0.5335907192471725, 'w_orb': 1.9026462087569846, 'w_ofi': 1.1662296799335483, 'w_vol': 1.8210166980741331, 'win_boll': 23, 'win_rsi': 9, 'win_mom': 5, 'win_vwap': 11, 'orb_opening_bars': 45, 'vol_window': 12}. Best is trial 868 with value: 0.384.
Trial 906: ACCEPT (degrade -173.3%) - Eval: 0.090%, Val: 0.246%
[I 2025-10-25 04:39:36,562] Trial 906 finished with value: 0.09 and parameters: {'w_boll': 0.41807918768251007, 'w_rsi': 0.34843961727761164, 'w_mom': 0.2121669333038046, 'w_vwap': 0.579766632088732, 'w_orb': 1.939597020729957, 'w_ofi': 1.9576764586941637, 'w_vol': 1.7657051118444247, 'win_boll': 26, 'win_rsi': 5, 'win_mom': 3, 'win_vwap': 10, 'orb_opening_bars': 49, 'vol_window': 10}. Best is trial 868 with value: 0.384.
Trial 907: ACCEPT (degrade 0.0%) - Eval: -0.092%, Val: 0.135%
[I 2025-10-25 04:39:37,323] Trial 907 finished with value: -0.09200000000000001 and parameters: {'w_boll': 0.3126589497210303, 'w_rsi': 0.47755261273728405, 'w_mom': 0.16404608925076375, 'w_vwap': 0.7637032766620141, 'w_orb': 1.8179869528521833, 'w_ofi': 1.7858095722445921, 'w_vol': 1.9372771385304657, 'win_boll': 16, 'win_rsi': 6, 'win_mom': 4, 'win_vwap': 14, 'orb_opening_bars': 47, 'vol_window': 30}. Best is trial 868 with value: 0.384.Best trial: 868. Best value: 0.384:  46%|████▌     | 924/2000 [11:46<13:34,  1.32it/s]Best trial: 868. Best value: 0.384:  46%|████▌     | 924/2000 [11:46<13:34,  1.32it/s]Best trial: 868. Best value: 0.384:  46%|████▋     | 925/2000 [11:46<13:44,  1.30it/s]                                                                                      Best trial: 868. Best value: 0.384:  46%|████▋     | 925/2000 [11:47<13:44,  1.30it/s]Best trial: 868. Best value: 0.384:  46%|████▋     | 925/2000 [11:47<13:44,  1.30it/s]Best trial: 868. Best value: 0.384:  46%|████▋     | 926/2000 [11:47<13:32,  1.32it/s]                                                                                      Best trial: 868. Best value: 0.384:  46%|████▋     | 926/2000 [11:48<13:32,  1.32it/s]Best trial: 868. Best value: 0.384:  46%|████▋     | 926/2000 [11:48<13:32,  1.32it/s]Best trial: 868. Best value: 0.384:  46%|████▋     | 927/2000 [11:48<13:30,  1.32it/s]                                                                                      Best trial: 868. Best value: 0.384:  46%|████▋     | 927/2000 [11:49<13:30,  1.32it/s]Best trial: 868. Best value: 0.384:  46%|████▋     | 927/2000 [11:49<13:30,  1.32it/s]Best trial: 868. Best value: 0.384:  46%|████▋     | 928/2000 [11:49<13:29,  1.32it/s]                                                                                      Best trial: 868. Best value: 0.384:  46%|████▋     | 928/2000 [11:49<13:29,  1.32it/s]Best trial: 868. Best value: 0.384:  46%|████▋     | 928/2000 [11:49<13:29,  1.32it/s]Best trial: 868. Best value: 0.384:  46%|████▋     | 929/2000 [11:49<13:39,  1.31it/s]                                                                                      Best trial: 868. Best value: 0.384:  46%|████▋     | 929/2000 [11:50<13:39,  1.31it/s]Best trial: 868. Best value: 0.384:  46%|████▋     | 929/2000 [11:50<13:39,  1.31it/s]Best trial: 868. Best value: 0.384:  46%|████▋     | 930/2000 [11:50<13:33,  1.32it/s]                                                                                      Best trial: 868. Best value: 0.384:  46%|████▋     | 930/2000 [11:51<13:33,  1.32it/s]Best trial: 868. Best value: 0.384:  46%|████▋     | 930/2000 [11:51<13:33,  1.32it/s]Best trial: 868. Best value: 0.384:  47%|████▋     | 931/2000 [11:51<13:29,  1.32it/s]                                                                                      Best trial: 868. Best value: 0.384:  47%|████▋     | 931/2000 [11:52<13:29,  1.32it/s]Best trial: 868. Best value: 0.384:  47%|████▋     | 931/2000 [11:52<13:29,  1.32it/s]Best trial: 868. Best value: 0.384:  47%|████▋     | 932/2000 [11:52<13:24,  1.33it/s]                                                                                      Best trial: 868. Best value: 0.384:  47%|████▋     | 932/2000 [11:52<13:24,  1.33it/s]Best trial: 868. Best value: 0.384:  47%|████▋     | 932/2000 [11:52<13:24,  1.33it/s]Best trial: 868. Best value: 0.384:  47%|████▋     | 933/2000 [11:52<13:38,  1.30it/s]                                                                                      Best trial: 868. Best value: 0.384:  47%|████▋     | 933/2000 [11:53<13:38,  1.30it/s]Best trial: 868. Best value: 0.384:  47%|████▋     | 933/2000 [11:53<13:38,  1.30it/s]Best trial: 868. Best value: 0.384:  47%|████▋     | 934/2000 [11:53<13:24,  1.33it/s]                                                                                      Best trial: 868. Best value: 0.384:  47%|████▋     | 934/2000 [11:54<13:24,  1.33it/s]Best trial: 868. Best value: 0.384:  47%|████▋     | 934/2000 [11:54<13:24,  1.33it/s]Best trial: 868. Best value: 0.384:  47%|████▋     | 935/2000 [11:54<13:23,  1.33it/s]                                                                                      Best trial: 868. Best value: 0.384:  47%|████▋     | 935/2000 [11:55<13:23,  1.33it/s]Best trial: 868. Best value: 0.384:  47%|████▋     | 935/2000 [11:55<13:23,  1.33it/s]Best trial: 868. Best value: 0.384:  47%|████▋     | 936/2000 [11:55<13:19,  1.33it/s]                                                                                      Best trial: 868. Best value: 0.384:  47%|████▋     | 936/2000 [11:55<13:19,  1.33it/s]Best trial: 868. Best value: 0.384:  47%|████▋     | 936/2000 [11:55<13:19,  1.33it/s]Best trial: 868. Best value: 0.384:  47%|████▋     | 937/2000 [11:55<13:28,  1.31it/s]                                                                                      Best trial: 868. Best value: 0.384:  47%|████▋     | 937/2000 [11:56<13:28,  1.31it/s]Best trial: 868. Best value: 0.384:  47%|████▋     | 937/2000 [11:56<13:28,  1.31it/s]Best trial: 868. Best value: 0.384:  47%|████▋     | 938/2000 [11:56<13:58,  1.27it/s]                                                                                      Best trial: 868. Best value: 0.384:  47%|████▋     | 938/2000 [11:57<13:58,  1.27it/s]Best trial: 868. Best value: 0.384:  47%|████▋     | 938/2000 [11:57<13:58,  1.27it/s]Best trial: 868. Best value: 0.384:  47%|████▋     | 939/2000 [11:57<13:44,  1.29it/s]                                                                                      Best trial: 868. Best value: 0.384:  47%|████▋     | 939/2000 [11:58<13:44,  1.29it/s]Best trial: 868. Best value: 0.384:  47%|████▋     | 939/2000 [11:58<13:44,  1.29it/s]Best trial: 868. Best value: 0.384:  47%|████▋     | 940/2000 [11:58<13:37,  1.30it/s]                                                                                      Best trial: 868. Best value: 0.384:  47%|████▋     | 940/2000 [11:59<13:37,  1.30it/s]Best trial: 868. Best value: 0.384:  47%|████▋     | 940/2000 [11:59<13:37,  1.30it/s]Best trial: 868. Best value: 0.384:  47%|████▋     | 941/2000 [11:59<13:38,  1.29it/s]                                                                                      
Trial 908: ACCEPT (degrade -131.7%) - Eval: 0.142%, Val: 0.329%
[I 2025-10-25 04:39:38,065] Trial 908 finished with value: 0.14199999999999996 and parameters: {'w_boll': 0.46610966750556754, 'w_rsi': 0.13216281398739618, 'w_mom': 0.10203928762642203, 'w_vwap': 0.6457363922790271, 'w_orb': 1.8812903130004592, 'w_ofi': 1.3647811105026317, 'w_vol': 1.8766882418018471, 'win_boll': 14, 'win_rsi': 7, 'win_mom': 4, 'win_vwap': 41, 'orb_opening_bars': 50, 'vol_window': 12}. Best is trial 868 with value: 0.384.
Trial 909: ACCEPT (degrade 0.0%) - Eval: -0.168%, Val: 0.238%
[I 2025-10-25 04:39:38,836] Trial 909 finished with value: -0.168 and parameters: {'w_boll': 0.3943476141499742, 'w_rsi': 0.2657346469629674, 'w_mom': 0.22997431232832224, 'w_vwap': 0.7033746281286573, 'w_orb': 1.9600656725129515, 'w_ofi': 0.4343518724407921, 'w_vol': 1.8464155516314487, 'win_boll': 12, 'win_rsi': 8, 'win_mom': 3, 'win_vwap': 17, 'orb_opening_bars': 46, 'vol_window': 11}. Best is trial 868 with value: 0.384.
Trial 910: ACCEPT (degrade -34.6%) - Eval: 0.052%, Val: 0.070%
