[I 2025-10-25 04:52:56,313] Trial 1946 finished with value: 0.026000000000000002 and parameters: {'w_boll': 0.19913162842816723, 'w_rsi': 0.15038441656268398, 'w_mom': 1.353627719067448, 'w_vwap': 0.9961944721388375, 'w_orb': 1.9608634428910496, 'w_ofi': 0.7273809020925281, 'w_vol': 0.9019564497630481, 'win_boll': 22, 'win_rsi': 5, 'win_mom': 6, 'win_vwap': 41, 'orb_opening_bars': 31, 'vol_window': 11}. Best is trial 868 with value: 0.384.
Trial 1947: ACCEPT (degrade -188.8%) - Eval: 0.098%, Val: 0.283%
[I 2025-10-25 04:52:57,052] Trial 1947 finished with value: 0.098 and parameters: {'w_boll': 0.258869331569165, 'w_rsi': 0.3592143332764484, 'w_mom': 1.4881574240553523, 'w_vwap': 0.9056595551044487, 'w_orb': 1.8989350343233629, 'w_ofi': 0.62422500398401, 'w_vol': 0.8194293628096648, 'win_boll': 21, 'win_rsi': 8, 'win_mom': 5, 'win_vwap': 38, 'orb_opening_bars': 29, 'vol_window': 14}. Best is trial 868 with value: 0.384.
Trial 1948: ACCEPT (degrade 0.0%) - Eval: -0.364%, Val: 0.148%
[I 2025-10-25 04:52:57,817] Trial 1948 finished with value: -0.364 and parameters: {'w_boll': 0.14697739574559215, 'w_rsi': 0.5169971354796536, 'w_mom': 1.3804169444614072, 'w_vwap': 0.9525905016135429, 'w_orb': 0.3231416204814679, 'w_ofi': 0.3339520245645007, 'w_vol': 0.9572889988631545, 'win_boll': 20, 'win_rsi': 7, 'win_mom': 4, 'win_vwap': 39, 'orb_opening_bars': 23, 'vol_window': 12}. Best is trial 868 with value: 0.384.
Trial 1949: REJECT (overfit 41.5%) - Eval: 0.164%, Val: 0.096%
[I 2025-10-25 04:52:58,629] Trial 1949 finished with value: -999.0 and parameters: {'w_boll': 0.23047848256506698, 'w_rsi': 0.4127291861893867, 'w_mom': 1.302016986816379, 'w_vwap': 0.8635680544437909, 'w_orb': 1.8360643738238898, 'w_ofi': 0.9850151859903882, 'w_vol': 0.9147709086015299, 'win_boll': 23, 'win_rsi': 6, 'win_mom': 5, 'win_vwap': 40, 'orb_opening_bars': 28, 'vol_window': 10}. Best is trial 868 with value: 0.384.
Trial 1950: ACCEPT (degrade 0.0%) - Eval: -0.036%, Val: 0.263%
[I 2025-10-25 04:52:59,394] Trial 1950 finished with value: -0.03600000000000001 and parameters: {'w_boll': 0.2775865898223394, 'w_rsi': 0.46288707774073606, 'w_mom': 1.2370261682883177, 'w_vwap': 0.9459668592800107, 'w_orb': 1.9355528299934868, 'w_ofi': 0.5397485142297825, 'w_vol': 0.9929175297155435, 'win_boll': 22, 'win_rsi': 7, 'win_mom': 4, 'win_vwap': 37, 'orb_opening_bars': 30, 'vol_window': 11}. Best is trial 868 with value: 0.384.
Trial 1951: REJECT (overfit 36.8%) - Eval: 0.152%, Val: 0.096%
[I 2025-10-25 04:53:00,234] Trial 1951 finished with value: -999.0 and parameters: {'w_boll': 0.17826463666916487, 'w_rsi': 0.3605857067548435, 'w_mom': 1.0169276059136014, 'w_vwap': 1.1786331347781083, 'w_orb': 1.998507176300746, 'w_ofi': 0.588512531358831, 'w_vol': 0.8575065023860423, 'win_boll': 20, 'win_rsi': 5, 'win_mom': 6, 'win_vwap': 38, 'orb_opening_bars': 25, 'vol_window': 13}. Best is trial 868 with value: 0.384.
Trial 1952: REJECT (overfit 36.4%) - Eval: 0.338%, Val: 0.215%
[I 2025-10-25 04:53:00,964] Trial 1952 finished with value: -999.0 and parameters: {'w_boll': 0.2910220471391611, 'w_rsi': 0.433713646808094, 'w_mom': 1.321873234345158, 'w_vwap': 0.8491077536945473, 'w_orb': 1.865505655627419, 'w_ofi': 0.4884269451641853, 'w_vol': 0.913560562276347, 'win_boll': 24, 'win_rsi': 6, 'win_mom': 4, 'win_vwap': 27, 'orb_opening_bars': 27, 'vol_window': 11}. Best is trial 868 with value: 0.384.
Trial 1953: ACCEPT (degrade -22.8%) - Eval: 0.114%, Val: 0.140%
[I 2025-10-25 04:53:01,724] Trial 1953 finished with value: 0.11400000000000002 and parameters: {'w_boll': 0.2061265715597923, 'w_rsi': 0.5339346407898748, 'w_mom': 1.4226316528113505, 'w_vwap': 1.2488719915202764, 'w_orb': 1.9093653470155387, 'w_ofi': 0.4151218242131815, 'w_vol': 1.03037553890247, 'win_boll': 21, 'win_rsi': 8, 'win_mom': 5, 'win_vwap': 29, 'orb_opening_bars': 31, 'vol_window': 12}. Best is trial 868 with value: 0.384.
Trial 1954: ACCEPT (degrade 0.0%) - Eval: -0.008%, Val: 0.401%
[I 2025-10-25 04:53:02,509] Trial 1954 finished with value: -0.00799999999999999 and parameters: {'w_boll': 0.24734858421355388, 'w_rsi': 0.3979332004053114, 'w_mom': 0.907829017796316, 'w_vwap': 1.066300969969662, 'w_orb': 1.5069444932939777, 'w_ofi': 0.37830770217490106, 'w_vol': 1.0600285612492373, 'win_boll': 23, 'win_rsi': 5, 'win_mom': 6, 'win_vwap': 38, 'orb_opening_bars': 29, 'vol_window': 15}. Best is trial 868 with value: 0.384.
Trial 1955: ACCEPT (degrade 0.0%) - Eval: -0.076%, Val: 0.454%
[I 2025-10-25 04:53:03,263] Trial 1955 finished with value: -0.07600000000000001 and parameters: {'w_boll': 0.1316143338017971, 'w_rsi': 0.4836839482653725, 'w_mom': 1.2611538842688903, 'w_vwap': 0.8956261171598998, 'w_orb': 1.9998275945101176, 'w_ofi': 0.7956137847700823, 'w_vol': 0.9609724936664796, 'win_boll': 22, 'win_rsi': 7, 'win_mom': 5, 'win_vwap': 28, 'orb_opening_bars': 26, 'vol_window': 13}. Best is trial 868 with value: 0.384.
Trial 1956: ACCEPT (degrade 0.0%) - Eval: -0.264%, Val: 0.174%
[I 2025-10-25 04:53:03,992] Trial 1956 finished with value: -0.264 and parameters: {'w_boll': 0.7920663424523369, 'w_rsi': 0.1603476850342691, 'w_mom': 1.515600285470558, 'w_vwap': 0.8378374329949942, 'w_orb': 1.8191404056431728, 'w_ofi': 1.890780425244612, 'w_vol': 0.9942568405933181, 'win_boll': 19, 'win_rsi': 18, 'win_mom': 4, 'win_vwap': 26, 'orb_opening_bars': 28, 'vol_window': 10}. Best is trial 868 with value: 0.384.
Trial 1957: ACCEPT (degrade 0.0%) - Eval: -0.072%, Val: 0.237%
[I 2025-10-25 04:53:04,776] Trial 1957 finished with value: -0.07199999999999998 and parameters: {'w_boll': 0.28573693619191953, 'w_rsi': 0.34630603381909275, 'w_mom': 1.3639295330797514, 'w_vwap': 1.008097418814504, 'w_orb': 1.948580430392797, 'w_ofi': 1.8982513039928028, 'w_vol': 0.8605725227596246, 'win_boll': 22, 'win_rsi': 6, 'win_mom': 19, 'win_vwap': 42, 'orb_opening_bars': 30, 'vol_window': 13}. Best is trial 868 with value: 0.384.
Trial 1958: ACCEPT (degrade 0.0%) - Eval: -0.018%, Val: 0.357%
[I 2025-10-25 04:53:05,530] Trial 1958 finished with value: -0.018000000000000002 and parameters: {'w_boll': 0.18318322892591024, 'w_rsi': 1.1551271774054448, 'w_mom': 1.322535991749891, 'w_vwap': 0.8888948114125164, 'w_orb': 1.8888584317799197, 'w_ofi': 0.7472790214845049, 'w_vol': 0.8030981050916042, 'win_boll': 23, 'win_rsi': 7, 'win_mom': 6, 'win_vwap': 25, 'orb_opening_bars': 26, 'vol_window': 12}. Best is trial 868 with value: 0.384.
Trial 1959: REJECT (overfit 50.0%) - Eval: 0.218%, Val: 0.109%
[I 2025-10-25 04:53:06,293] Trial 1959 finished with value: -999.0 and parameters: {'w_boll': 0.22016243962861526, 'w_rsi': 0.44589135288083503, 'w_mom': 1.4048806416543465, 'w_vwap': 0.8375931623596968, 'w_orb': 1.3805042910099066, 'w_ofi': 0.48488046769272675, 'w_vol': 0.8981927527956454, 'win_boll': 24, 'win_rsi': 5, 'win_mom': 5, 'win_vwap': 35, 'orb_opening_bars': 25, 'vol_window': 11}. Best is trial 868 with value: 0.384.
Trial 1960: ACCEPT (degrade -322.3%) - Eval: 0.094%, Val: 0.397%
[I 2025-10-25 04:53:07,026] Trial 1960 finished with value: 0.094 and parameters: {'w_boll': 0.13198760328923406, 'w_rsi': 0.37078049216055253, 'w_mom': 1.2702670849763973, 'w_vwap': 0.9796422338826646, 'w_orb': 1.9605837071567662, 'w_ofi': 0.5790109773483938, 'w_vol': 0.9457242840584044, 'win_boll': 19, 'win_rsi': 6, 'win_mom': 4, 'win_vwap': 28, 'orb_opening_bars': 24, 'vol_window': 10}. Best is trial 868 with value: 0.384.
Trial 1961: ACCEPT (degrade -231.6%) - Eval: 0.136%, Val: 0.451%
[I 2025-10-25 04:53:07,811] Trial 1961 finished with value: 0.13599999999999998 and parameters: {'w_boll': 0.10213394268069725, 'w_rsi': 0.6192565867912169, 'w_mom': 1.3456217369468872, 'w_vwap': 0.9263908294879208, 'w_orb': 1.8418500942595815, 'w_ofi': 0.9193609375760758, 'w_vol': 0.9739172678035666, 'win_boll': 21, 'win_rsi': 7, 'win_mom': 5, 'win_vwap': 39, 'orb_opening_bars': 31, 'vol_window': 16}. Best is trial 868 with value: 0.384.Best trial: 868. Best value: 0.384:  99%|█████████▉| 1978/2000 [25:17<00:17,  1.28it/s]Best trial: 868. Best value: 0.384:  99%|█████████▉| 1978/2000 [25:17<00:17,  1.28it/s]Best trial: 868. Best value: 0.384:  99%|█████████▉| 1979/2000 [25:17<00:16,  1.30it/s]                                                                                       Best trial: 868. Best value: 0.384:  99%|█████████▉| 1979/2000 [25:18<00:16,  1.30it/s]Best trial: 868. Best value: 0.384:  99%|█████████▉| 1979/2000 [25:18<00:16,  1.30it/s]Best trial: 868. Best value: 0.384:  99%|█████████▉| 1980/2000 [25:18<00:15,  1.31it/s]                                                                                       Best trial: 868. Best value: 0.384:  99%|█████████▉| 1980/2000 [25:19<00:15,  1.31it/s]Best trial: 868. Best value: 0.384:  99%|█████████▉| 1980/2000 [25:19<00:15,  1.31it/s]Best trial: 868. Best value: 0.384:  99%|█████████▉| 1981/2000 [25:19<00:14,  1.31it/s]                                                                                       Best trial: 868. Best value: 0.384:  99%|█████████▉| 1981/2000 [25:19<00:14,  1.31it/s]Best trial: 868. Best value: 0.384:  99%|█████████▉| 1981/2000 [25:19<00:14,  1.31it/s]Best trial: 868. Best value: 0.384:  99%|█████████▉| 1982/2000 [25:19<00:13,  1.31it/s]                                                                                       Best trial: 868. Best value: 0.384:  99%|█████████▉| 1982/2000 [25:20<00:13,  1.31it/s]Best trial: 868. Best value: 0.384:  99%|█████████▉| 1982/2000 [25:20<00:13,  1.31it/s]Best trial: 868. Best value: 0.384:  99%|█████████▉| 1983/2000 [25:20<00:12,  1.31it/s]                                                                                       Best trial: 868. Best value: 0.384:  99%|█████████▉| 1983/2000 [25:21<00:12,  1.31it/s]Best trial: 868. Best value: 0.384:  99%|█████████▉| 1983/2000 [25:21<00:12,  1.31it/s]Best trial: 868. Best value: 0.384:  99%|█████████▉| 1984/2000 [25:21<00:12,  1.31it/s]                                                                                       Best trial: 868. Best value: 0.384:  99%|█████████▉| 1984/2000 [25:22<00:12,  1.31it/s]Best trial: 868. Best value: 0.384:  99%|█████████▉| 1984/2000 [25:22<00:12,  1.31it/s]Best trial: 868. Best value: 0.384:  99%|█████████▉| 1985/2000 [25:22<00:11,  1.31it/s]                                                                                       Best trial: 868. Best value: 0.384:  99%|█████████▉| 1985/2000 [25:22<00:11,  1.31it/s]Best trial: 868. Best value: 0.384:  99%|█████████▉| 1985/2000 [25:22<00:11,  1.31it/s]Best trial: 868. Best value: 0.384:  99%|█████████▉| 1986/2000 [25:22<00:10,  1.30it/s]                                                                                       Best trial: 868. Best value: 0.384:  99%|█████████▉| 1986/2000 [25:23<00:10,  1.30it/s]Best trial: 868. Best value: 0.384:  99%|█████████▉| 1986/2000 [25:23<00:10,  1.30it/s]Best trial: 868. Best value: 0.384:  99%|█████████▉| 1987/2000 [25:23<00:09,  1.32it/s]                                                                                       Best trial: 868. Best value: 0.384:  99%|█████████▉| 1987/2000 [25:24<00:09,  1.32it/s]Best trial: 868. Best value: 0.384:  99%|█████████▉| 1987/2000 [25:24<00:09,  1.32it/s]Best trial: 868. Best value: 0.384:  99%|█████████▉| 1988/2000 [25:24<00:09,  1.32it/s]                                                                                       Best trial: 868. Best value: 0.384:  99%|█████████▉| 1988/2000 [25:25<00:09,  1.32it/s]Best trial: 868. Best value: 0.384:  99%|█████████▉| 1988/2000 [25:25<00:09,  1.32it/s]Best trial: 868. Best value: 0.384:  99%|█████████▉| 1989/2000 [25:25<00:08,  1.32it/s]                                                                                       Best trial: 868. Best value: 0.384:  99%|█████████▉| 1989/2000 [25:25<00:08,  1.32it/s]Best trial: 868. Best value: 0.384:  99%|█████████▉| 1989/2000 [25:25<00:08,  1.32it/s]Best trial: 868. Best value: 0.384: 100%|█████████▉| 1990/2000 [25:25<00:07,  1.30it/s]                                                                                       Best trial: 868. Best value: 0.384: 100%|█████████▉| 1990/2000 [25:27<00:07,  1.30it/s]Best trial: 868. Best value: 0.384: 100%|█████████▉| 1990/2000 [25:27<00:07,  1.30it/s]Best trial: 868. Best value: 0.384: 100%|█████████▉| 1991/2000 [25:27<00:10,  1.17s/it]                                                                                       Best trial: 868. Best value: 0.384: 100%|█████████▉| 1991/2000 [25:28<00:10,  1.17s/it]Best trial: 868. Best value: 0.384: 100%|█████████▉| 1991/2000 [25:28<00:10,  1.17s/it]Best trial: 868. Best value: 0.384: 100%|█████████▉| 1992/2000 [25:28<00:08,  1.04s/it]                                                                                       Best trial: 868. Best value: 0.384: 100%|█████████▉| 1992/2000 [25:29<00:08,  1.04s/it]Best trial: 868. Best value: 0.384: 100%|█████████▉| 1992/2000 [25:29<00:08,  1.04s/it]Best trial: 868. Best value: 0.384: 100%|█████████▉| 1993/2000 [25:29<00:06,  1.05it/s]                                                                                       Best trial: 868. Best value: 0.384: 100%|█████████▉| 1993/2000 [25:30<00:06,  1.05it/s]Best trial: 868. Best value: 0.384: 100%|█████████▉| 1993/2000 [25:30<00:06,  1.05it/s]Best trial: 868. Best value: 0.384: 100%|█████████▉| 1994/2000 [25:30<00:05,  1.11it/s]                                                                                       Best trial: 868. Best value: 0.384: 100%|█████████▉| 1994/2000 [25:31<00:05,  1.11it/s]Best trial: 868. Best value: 0.384: 100%|█████████▉| 1994/2000 [25:31<00:05,  1.11it/s]Best trial: 868. Best value: 0.384: 100%|█████████▉| 1995/2000 [25:31<00:04,  1.16it/s]                                                                                       
Trial 1962: ACCEPT (degrade 0.0%) - Eval: -0.132%, Val: 0.321%
[I 2025-10-25 04:53:08,596] Trial 1962 finished with value: -0.13199999999999998 and parameters: {'w_boll': 0.2863263024462622, 'w_rsi': 0.5123042098859023, 'w_mom': 1.2906184707400534, 'w_vwap': 0.8361841436303037, 'w_orb': 1.9196063599395081, 'w_ofi': 0.44552688802021384, 'w_vol': 1.0201563922207877, 'win_boll': 20, 'win_rsi': 6, 'win_mom': 6, 'win_vwap': 40, 'orb_opening_bars': 29, 'vol_window': 14}. Best is trial 868 with value: 0.384.
Trial 1963: ACCEPT (degrade 0.0%) - Eval: -0.306%, Val: 0.012%
[I 2025-10-25 04:53:09,354] Trial 1963 finished with value: -0.30600000000000005 and parameters: {'w_boll': 0.24219143402520765, 'w_rsi': 0.4070869074263004, 'w_mom': 1.4427745617126686, 'w_vwap': 0.8999478253643808, 'w_orb': 1.8699294963107385, 'w_ofi': 0.7078462414749067, 'w_vol': 0.8958627900351998, 'win_boll': 23, 'win_rsi': 5, 'win_mom': 4, 'win_vwap': 36, 'orb_opening_bars': 27, 'vol_window': 44}. Best is trial 868 with value: 0.384.
Trial 1964: ACCEPT (degrade -631.6%) - Eval: 0.038%, Val: 0.278%
[I 2025-10-25 04:53:10,120] Trial 1964 finished with value: 0.038000000000000006 and parameters: {'w_boll': 0.17526388683716823, 'w_rsi': 0.34105190989567324, 'w_mom': 1.2393509327453922, 'w_vwap': 1.0538536966572405, 'w_orb': 1.9677266286103576, 'w_ofi': 0.4001332109613227, 'w_vol': 0.92909722445451, 'win_boll': 22, 'win_rsi': 8, 'win_mom': 5, 'win_vwap': 43, 'orb_opening_bars': 32, 'vol_window': 11}. Best is trial 868 with value: 0.384.
Trial 1965: ACCEPT (degrade 0.0%) - Eval: -0.092%, Val: 0.005%
[I 2025-10-25 04:53:10,892] Trial 1965 finished with value: -0.09200000000000001 and parameters: {'w_boll': 0.2772635023089227, 'w_rsi': 0.46982486192808853, 'w_mom': 1.3641523286329043, 'w_vwap': 0.9268823407759016, 'w_orb': 1.9077447171158397, 'w_ofi': 0.8847251033741657, 'w_vol': 0.9861434879971115, 'win_boll': 24, 'win_rsi': 7, 'win_mom': 6, 'win_vwap': 29, 'orb_opening_bars': 28, 'vol_window': 40}. Best is trial 868 with value: 0.384.
Trial 1966: ACCEPT (degrade 0.0%) - Eval: -0.050%, Val: 0.461%
[I 2025-10-25 04:53:11,666] Trial 1966 finished with value: -0.05 and parameters: {'w_boll': 0.30152359933435907, 'w_rsi': 0.17697548885072711, 'w_mom': 1.4616803795573377, 'w_vwap': 0.9496944228409651, 'w_orb': 1.8096287024850266, 'w_ofi': 0.6499394713203439, 'w_vol': 0.8392384194082204, 'win_boll': 22, 'win_rsi': 6, 'win_mom': 4, 'win_vwap': 27, 'orb_opening_bars': 27, 'vol_window': 35}. Best is trial 868 with value: 0.384.
Trial 1967: ACCEPT (degrade -50.7%) - Eval: 0.136%, Val: 0.205%
[I 2025-10-25 04:53:12,442] Trial 1967 finished with value: 0.13600000000000004 and parameters: {'w_boll': 0.2311820786734227, 'w_rsi': 0.3978340935896481, 'w_mom': 1.5666385836998882, 'w_vwap': 0.8765085055527404, 'w_orb': 1.9354812537580774, 'w_ofi': 1.9351266417476816, 'w_vol': 0.9350622601835014, 'win_boll': 18, 'win_rsi': 5, 'win_mom': 5, 'win_vwap': 38, 'orb_opening_bars': 29, 'vol_window': 12}. Best is trial 868 with value: 0.384.
Trial 1968: ACCEPT (degrade 0.0%) - Eval: -0.062%, Val: 0.108%
[I 2025-10-25 04:53:13,195] Trial 1968 finished with value: -0.06200000000000001 and parameters: {'w_boll': 0.19313958084290817, 'w_rsi': 1.7887181037754885, 'w_mom': 1.3926346448139202, 'w_vwap': 0.9827300974910892, 'w_orb': 1.8716529422790247, 'w_ofi': 1.2722203506702843, 'w_vol': 1.0989218985578042, 'win_boll': 20, 'win_rsi': 6, 'win_mom': 5, 'win_vwap': 38, 'orb_opening_bars': 30, 'vol_window': 15}. Best is trial 868 with value: 0.384.
Trial 1969: ACCEPT (degrade -566.7%) - Eval: 0.036%, Val: 0.240%
[I 2025-10-25 04:53:13,971] Trial 1969 finished with value: 0.036000000000000004 and parameters: {'w_boll': 0.26148426663854113, 'w_rsi': 0.4520996232812944, 'w_mom': 1.3164290594318502, 'w_vwap': 0.824887837979786, 'w_orb': 1.8369285888813787, 'w_ofi': 1.96297433366926, 'w_vol': 1.0756381197012959, 'win_boll': 18, 'win_rsi': 7, 'win_mom': 4, 'win_vwap': 41, 'orb_opening_bars': 33, 'vol_window': 13}. Best is trial 868 with value: 0.384.
Trial 1970: ACCEPT (degrade 11.1%) - Eval: 0.036%, Val: 0.032%
[I 2025-10-25 04:53:14,730] Trial 1970 finished with value: 0.036000000000000004 and parameters: {'w_boll': 0.2960533479272516, 'w_rsi': 0.5593809271570787, 'w_mom': 1.224950020163815, 'w_vwap': 1.11969256577505, 'w_orb': 1.9025955139152384, 'w_ofi': 0.5200331084619594, 'w_vol': 0.8679042374095343, 'win_boll': 23, 'win_rsi': 5, 'win_mom': 6, 'win_vwap': 25, 'orb_opening_bars': 26, 'vol_window': 14}. Best is trial 868 with value: 0.384.
Trial 1971: ACCEPT (degrade 0.0%) - Eval: -0.230%, Val: 0.202%
[I 2025-10-25 04:53:15,486] Trial 1971 finished with value: -0.22999999999999998 and parameters: {'w_boll': 1.1128917322356229, 'w_rsi': 0.359207122573594, 'w_mom': 0.25120618163264086, 'w_vwap': 1.4562622870396607, 'w_orb': 1.9694280341757462, 'w_ofi': 0.28691243916746045, 'w_vol': 1.0222545779490086, 'win_boll': 18, 'win_rsi': 7, 'win_mom': 14, 'win_vwap': 37, 'orb_opening_bars': 25, 'vol_window': 11}. Best is trial 868 with value: 0.384.
Trial 1972: ACCEPT (degrade -130.0%) - Eval: 0.100%, Val: 0.230%
[I 2025-10-25 04:53:16,242] Trial 1972 finished with value: 0.10000000000000002 and parameters: {'w_boll': 0.2393752113323432, 'w_rsi': 0.4023832869468107, 'w_mom': 1.3301598368162268, 'w_vwap': 0.839019365784844, 'w_orb': 1.9363836088357023, 'w_ofi': 0.7782450936923658, 'w_vol': 0.7719872456258546, 'win_boll': 21, 'win_rsi': 8, 'win_mom': 5, 'win_vwap': 27, 'orb_opening_bars': 31, 'vol_window': 10}. Best is trial 868 with value: 0.384.
Trial 1973: ACCEPT (degrade -56.7%) - Eval: 0.150%, Val: 0.235%
[I 2025-10-25 04:53:17,025] Trial 1973 finished with value: 0.14999999999999997 and parameters: {'w_boll': 0.14521139928919308, 'w_rsi': 0.48744477547078485, 'w_mom': 1.2860546293016724, 'w_vwap': 1.0047783946807365, 'w_orb': 1.8800641813370569, 'w_ofi': 1.8975359547995478, 'w_vol': 0.8671785258075659, 'win_boll': 17, 'win_rsi': 6, 'win_mom': 4, 'win_vwap': 26, 'orb_opening_bars': 42, 'vol_window': 12}. Best is trial 868 with value: 0.384.
Trial 1974: REJECT (overfit 45.5%) - Eval: 0.088%, Val: 0.048%
[I 2025-10-25 04:53:17,784] Trial 1974 finished with value: -999.0 and parameters: {'w_boll': 0.3017043032545006, 'w_rsi': 0.34044133307511515, 'w_mom': 1.4123321543435188, 'w_vwap': 0.9012952016688494, 'w_orb': 1.1161423941247137, 'w_ofi': 0.3625445723069783, 'w_vol': 0.9658571869782544, 'win_boll': 24, 'win_rsi': 6, 'win_mom': 6, 'win_vwap': 24, 'orb_opening_bars': 28, 'vol_window': 17}. Best is trial 868 with value: 0.384.
Trial 1975: ACCEPT (degrade 0.0%) - Eval: -0.054%, Val: 0.285%
[I 2025-10-25 04:53:18,537] Trial 1975 finished with value: -0.05399999999999999 and parameters: {'w_boll': 0.1937637919687023, 'w_rsi': 0.13256236978825858, 'w_mom': 1.4945211536692686, 'w_vwap': 1.0252666222141897, 'w_orb': 1.8346581930007633, 'w_ofi': 0.43219675027278154, 'w_vol': 1.1273609073353872, 'win_boll': 23, 'win_rsi': 7, 'win_mom': 4, 'win_vwap': 25, 'orb_opening_bars': 30, 'vol_window': 11}. Best is trial 868 with value: 0.384.
Trial 1976: REJECT (overfit 115.3%) - Eval: 0.072%, Val: -0.011%
[I 2025-10-25 04:53:19,301] Trial 1976 finished with value: -999.0 and parameters: {'w_boll': 0.6890367303954552, 'w_rsi': 0.43458254260347967, 'w_mom': 1.3857394393975169, 'w_vwap': 0.9556164903864905, 'w_orb': 1.9662285505774244, 'w_ofi': 1.1456501629329479, 'w_vol': 0.9207986953608296, 'win_boll': 29, 'win_rsi': 5, 'win_mom': 5, 'win_vwap': 39, 'orb_opening_bars': 26, 'vol_window': 13}. Best is trial 868 with value: 0.384.
Trial 1977: ACCEPT (degrade 0.0%) - Eval: -0.100%, Val: 0.483%
