[I 2025-10-25 04:35:41,597] Trial 597 finished with value: 0.08800000000000001 and parameters: {'w_boll': 0.3981514057456095, 'w_rsi': 0.47372337194542985, 'w_mom': 1.3562856218731025, 'w_vwap': 0.6821364141942813, 'w_orb': 1.9076227001891204, 'w_ofi': 1.9469525449917096, 'w_vol': 1.743465872360034, 'win_boll': 14, 'win_rsi': 7, 'win_mom': 3, 'win_vwap': 31, 'orb_opening_bars': 48, 'vol_window': 11}. Best is trial 112 with value: 0.33399999999999996.Best trial: 112. Best value: 0.334:  31%|███       | 613/2000 [07:50<17:16,  1.34it/s]Best trial: 112. Best value: 0.334:  31%|███       | 613/2000 [07:50<17:16,  1.34it/s]Best trial: 112. Best value: 0.334:  31%|███       | 614/2000 [07:50<17:21,  1.33it/s]                                                                                      Best trial: 112. Best value: 0.334:  31%|███       | 614/2000 [07:51<17:21,  1.33it/s]Best trial: 112. Best value: 0.334:  31%|███       | 614/2000 [07:51<17:21,  1.33it/s]Best trial: 112. Best value: 0.334:  31%|███       | 615/2000 [07:51<17:28,  1.32it/s]                                                                                      Best trial: 112. Best value: 0.334:  31%|███       | 615/2000 [07:51<17:28,  1.32it/s]Best trial: 112. Best value: 0.334:  31%|███       | 615/2000 [07:51<17:28,  1.32it/s]Best trial: 112. Best value: 0.334:  31%|███       | 616/2000 [07:51<17:47,  1.30it/s]                                                                                      Best trial: 112. Best value: 0.334:  31%|███       | 616/2000 [07:52<17:47,  1.30it/s]Best trial: 112. Best value: 0.334:  31%|███       | 616/2000 [07:52<17:47,  1.30it/s]Best trial: 112. Best value: 0.334:  31%|███       | 617/2000 [07:52<17:25,  1.32it/s]                                                                                      Best trial: 112. Best value: 0.334:  31%|███       | 617/2000 [07:53<17:25,  1.32it/s]Best trial: 112. Best value: 0.334:  31%|███       | 617/2000 [07:53<17:25,  1.32it/s]Best trial: 112. Best value: 0.334:  31%|███       | 618/2000 [07:53<17:23,  1.32it/s]                                                                                      Best trial: 112. Best value: 0.334:  31%|███       | 618/2000 [07:54<17:23,  1.32it/s]Best trial: 112. Best value: 0.334:  31%|███       | 618/2000 [07:54<17:23,  1.32it/s]Best trial: 112. Best value: 0.334:  31%|███       | 619/2000 [07:54<17:17,  1.33it/s]                                                                                      Best trial: 112. Best value: 0.334:  31%|███       | 619/2000 [07:54<17:17,  1.33it/s]Best trial: 112. Best value: 0.334:  31%|███       | 619/2000 [07:54<17:17,  1.33it/s]Best trial: 112. Best value: 0.334:  31%|███       | 620/2000 [07:54<17:18,  1.33it/s]                                                                                      Best trial: 112. Best value: 0.334:  31%|███       | 620/2000 [07:55<17:18,  1.33it/s]Best trial: 112. Best value: 0.334:  31%|███       | 620/2000 [07:55<17:18,  1.33it/s]Best trial: 112. Best value: 0.334:  31%|███       | 621/2000 [07:55<17:05,  1.34it/s]                                                                                      Best trial: 112. Best value: 0.334:  31%|███       | 621/2000 [07:56<17:05,  1.34it/s]Best trial: 112. Best value: 0.334:  31%|███       | 621/2000 [07:56<17:05,  1.34it/s]Best trial: 112. Best value: 0.334:  31%|███       | 622/2000 [07:56<17:04,  1.34it/s]                                                                                      Best trial: 112. Best value: 0.334:  31%|███       | 622/2000 [07:57<17:04,  1.34it/s]Best trial: 112. Best value: 0.334:  31%|███       | 622/2000 [07:57<17:04,  1.34it/s]Best trial: 112. Best value: 0.334:  31%|███       | 623/2000 [07:57<18:19,  1.25it/s]                                                                                      Best trial: 112. Best value: 0.334:  31%|███       | 623/2000 [07:57<18:19,  1.25it/s]Best trial: 112. Best value: 0.334:  31%|███       | 623/2000 [07:57<18:19,  1.25it/s]Best trial: 112. Best value: 0.334:  31%|███       | 624/2000 [07:57<17:59,  1.27it/s]                                                                                      Best trial: 112. Best value: 0.334:  31%|███       | 624/2000 [07:58<17:59,  1.27it/s]Best trial: 112. Best value: 0.334:  31%|███       | 624/2000 [07:58<17:59,  1.27it/s]Best trial: 112. Best value: 0.334:  31%|███▏      | 625/2000 [07:58<17:31,  1.31it/s]                                                                                      Best trial: 112. Best value: 0.334:  31%|███▏      | 625/2000 [07:59<17:31,  1.31it/s]Best trial: 112. Best value: 0.334:  31%|███▏      | 625/2000 [07:59<17:31,  1.31it/s]Best trial: 112. Best value: 0.334:  31%|███▏      | 626/2000 [07:59<17:19,  1.32it/s]                                                                                      Best trial: 112. Best value: 0.334:  31%|███▏      | 626/2000 [08:00<17:19,  1.32it/s]Best trial: 112. Best value: 0.334:  31%|███▏      | 626/2000 [08:00<17:19,  1.32it/s]Best trial: 112. Best value: 0.334:  31%|███▏      | 627/2000 [08:00<17:29,  1.31it/s]                                                                                      Best trial: 112. Best value: 0.334:  31%|███▏      | 627/2000 [08:00<17:29,  1.31it/s]Best trial: 112. Best value: 0.334:  31%|███▏      | 627/2000 [08:00<17:29,  1.31it/s]Best trial: 112. Best value: 0.334:  31%|███▏      | 628/2000 [08:00<17:22,  1.32it/s]                                                                                      Best trial: 112. Best value: 0.334:  31%|███▏      | 628/2000 [08:01<17:22,  1.32it/s]Best trial: 112. Best value: 0.334:  31%|███▏      | 628/2000 [08:01<17:22,  1.32it/s]Best trial: 112. Best value: 0.334:  31%|███▏      | 629/2000 [08:01<17:07,  1.33it/s]                                                                                      Best trial: 112. Best value: 0.334:  31%|███▏      | 629/2000 [08:02<17:07,  1.33it/s]Best trial: 112. Best value: 0.334:  31%|███▏      | 629/2000 [08:02<17:07,  1.33it/s]Best trial: 112. Best value: 0.334:  32%|███▏      | 630/2000 [08:02<17:01,  1.34it/s]
Trial 598: ACCEPT (degrade -106.0%) - Eval: 0.134%, Val: 0.276%
[I 2025-10-25 04:35:42,348] Trial 598 finished with value: 0.13399999999999998 and parameters: {'w_boll': 0.34130776358922266, 'w_rsi': 0.4115168853810693, 'w_mom': 1.304697122215797, 'w_vwap': 0.8373426649445804, 'w_orb': 1.9562697501428508, 'w_ofi': 1.8687632571701638, 'w_vol': 1.861810872383325, 'win_boll': 12, 'win_rsi': 5, 'win_mom': 4, 'win_vwap': 32, 'orb_opening_bars': 50, 'vol_window': 17}. Best is trial 112 with value: 0.33399999999999996.
Trial 599: ACCEPT (degrade 0.0%) - Eval: -0.116%, Val: 0.259%
[I 2025-10-25 04:35:43,092] Trial 599 finished with value: -0.11600000000000002 and parameters: {'w_boll': 0.2823983618145662, 'w_rsi': 0.4557496497606334, 'w_mom': 1.192118327016031, 'w_vwap': 0.6392694531395018, 'w_orb': 1.1114697649586809, 'w_ofi': 1.8874194593415172, 'w_vol': 1.6937274628435897, 'win_boll': 13, 'win_rsi': 6, 'win_mom': 9, 'win_vwap': 30, 'orb_opening_bars': 46, 'vol_window': 12}. Best is trial 112 with value: 0.33399999999999996.
Trial 600: ACCEPT (degrade 0.0%) - Eval: -0.056%, Val: 0.093%
[I 2025-10-25 04:35:43,817] Trial 600 finished with value: -0.05600000000000001 and parameters: {'w_boll': 1.4229558534217306, 'w_rsi': 0.31627129548532523, 'w_mom': 1.5398179227098625, 'w_vwap': 0.714841657568897, 'w_orb': 1.0452938476716342, 'w_ofi': 1.8377824793069237, 'w_vol': 1.794909563455698, 'win_boll': 11, 'win_rsi': 7, 'win_mom': 3, 'win_vwap': 13, 'orb_opening_bars': 48, 'vol_window': 11}. Best is trial 112 with value: 0.33399999999999996.
Trial 601: ACCEPT (degrade 0.0%) - Eval: -0.066%, Val: 0.065%
[I 2025-10-25 04:35:44,613] Trial 601 finished with value: -0.06599999999999999 and parameters: {'w_boll': 0.4167744716997432, 'w_rsi': 0.5935325711853066, 'w_mom': 1.2509822131904849, 'w_vwap': 0.7738063464361988, 'w_orb': 1.874451230372459, 'w_ofi': 1.9503618348427032, 'w_vol': 1.7608821805823212, 'win_boll': 24, 'win_rsi': 5, 'win_mom': 3, 'win_vwap': 31, 'orb_opening_bars': 49, 'vol_window': 11}. Best is trial 112 with value: 0.33399999999999996.
Trial 602: ACCEPT (degrade -89.8%) - Eval: 0.128%, Val: 0.243%
[I 2025-10-25 04:35:45,355] Trial 602 finished with value: 0.12799999999999997 and parameters: {'w_boll': 0.3737953478148677, 'w_rsi': 0.3642578633100306, 'w_mom': 1.4277961099165046, 'w_vwap': 0.9785184619392981, 'w_orb': 1.8260383825320203, 'w_ofi': 0.3163340038018473, 'w_vol': 1.8203514232945823, 'win_boll': 15, 'win_rsi': 6, 'win_mom': 4, 'win_vwap': 29, 'orb_opening_bars': 47, 'vol_window': 12}. Best is trial 112 with value: 0.33399999999999996.
Trial 603: ACCEPT (degrade 0.0%) - Eval: -0.030%, Val: 0.045%
[I 2025-10-25 04:35:46,104] Trial 603 finished with value: -0.030000000000000006 and parameters: {'w_boll': 1.073408410595773, 'w_rsi': 0.5080045584310343, 'w_mom': 1.2191457546451494, 'w_vwap': 0.8816558940280531, 'w_orb': 1.9653767353736793, 'w_ofi': 1.9351984637736768, 'w_vol': 1.8641773842878822, 'win_boll': 13, 'win_rsi': 7, 'win_mom': 3, 'win_vwap': 31, 'orb_opening_bars': 48, 'vol_window': 13}. Best is trial 112 with value: 0.33399999999999996.
Trial 604: ACCEPT (degrade -79.8%) - Eval: 0.104%, Val: 0.187%
[I 2025-10-25 04:35:46,822] Trial 604 finished with value: 0.10400000000000002 and parameters: {'w_boll': 0.41322354263676225, 'w_rsi': 0.4274456159224996, 'w_mom': 1.474078888031788, 'w_vwap': 0.668507719006987, 'w_orb': 1.9169086215298627, 'w_ofi': 1.9091878270273626, 'w_vol': 1.8971774515633653, 'win_boll': 23, 'win_rsi': 6, 'win_mom': 4, 'win_vwap': 32, 'orb_opening_bars': 49, 'vol_window': 14}. Best is trial 112 with value: 0.33399999999999996.
Trial 605: ACCEPT (degrade 0.0%) - Eval: -0.140%, Val: -0.049%
[I 2025-10-25 04:35:47,634] Trial 605 finished with value: -0.13999999999999999 and parameters: {'w_boll': 0.3399642990255766, 'w_rsi': 0.5585148263966293, 'w_mom': 1.4441890405463265, 'w_vwap': 0.6997233856995202, 'w_orb': 0.3989881207512185, 'w_ofi': 1.8537594007425453, 'w_vol': 1.8005961836245763, 'win_boll': 12, 'win_rsi': 5, 'win_mom': 5, 'win_vwap': 22, 'orb_opening_bars': 50, 'vol_window': 10}. Best is trial 112 with value: 0.33399999999999996.
Trial 606: REJECT (overfit 135.7%) - Eval: 0.168%, Val: -0.060%
[I 2025-10-25 04:35:48,381] Trial 606 finished with value: -999.0 and parameters: {'w_boll': 0.3841871048773058, 'w_rsi': 0.3719493214951075, 'w_mom': 1.1663771409084367, 'w_vwap': 0.6234965923802193, 'w_orb': 1.9583364805180739, 'w_ofi': 1.9029172979502251, 'w_vol': 1.4041019702980893, 'win_boll': 11, 'win_rsi': 7, 'win_mom': 3, 'win_vwap': 31, 'orb_opening_bars': 46, 'vol_window': 47}. Best is trial 112 with value: 0.33399999999999996.
Trial 607: ACCEPT (degrade 0.0%) - Eval: -0.048%, Val: 0.123%
[I 2025-10-25 04:35:49,136] Trial 607 finished with value: -0.048 and parameters: {'w_boll': 0.8732543463101924, 'w_rsi': 0.3138831002587824, 'w_mom': 0.40496737552145723, 'w_vwap': 0.8007324392305188, 'w_orb': 1.9209377651149666, 'w_ofi': 1.9930938881583284, 'w_vol': 1.7493854158904651, 'win_boll': 14, 'win_rsi': 6, 'win_mom': 18, 'win_vwap': 33, 'orb_opening_bars': 48, 'vol_window': 12}. Best is trial 112 with value: 0.33399999999999996.
Trial 608: ACCEPT (degrade -10.6%) - Eval: 0.274%, Val: 0.303%
[I 2025-10-25 04:35:49,863] Trial 608 finished with value: 0.274 and parameters: {'w_boll': 0.41963038406334474, 'w_rsi': 0.4650736407657455, 'w_mom': 1.2740621389846405, 'w_vwap': 0.7426729430943622, 'w_orb': 1.8830420237200864, 'w_ofi': 1.8686769559234033, 'w_vol': 1.8531166749036028, 'win_boll': 14, 'win_rsi': 6, 'win_mom': 4, 'win_vwap': 32, 'orb_opening_bars': 49, 'vol_window': 11}. Best is trial 112 with value: 0.33399999999999996.
Trial 609: REJECT (overfit 82.8%) - Eval: 0.530%, Val: 0.091%
[I 2025-10-25 04:35:50,649] Trial 609 finished with value: -999.0 and parameters: {'w_boll': 0.17911451806741419, 'w_rsi': 0.4738246531153313, 'w_mom': 1.2817455952084733, 'w_vwap': 0.7594917129175051, 'w_orb': 1.8234229820331578, 'w_ofi': 1.8705329342763437, 'w_vol': 1.8389976359589215, 'win_boll': 13, 'win_rsi': 7, 'win_mom': 4, 'win_vwap': 32, 'orb_opening_bars': 47, 'vol_window': 11}. Best is trial 112 with value: 0.33399999999999996.
Trial 610: ACCEPT (degrade 0.0%) - Eval: -0.154%, Val: 0.043%
[I 2025-10-25 04:35:51,401] Trial 610 finished with value: -0.154 and parameters: {'w_boll': 0.30673597644629647, 'w_rsi': 0.47693979950612403, 'w_mom': 0.31437575400768386, 'w_vwap': 0.7367280645016576, 'w_orb': 1.8628494416346675, 'w_ofi': 1.8537334033273427, 'w_vol': 1.7858710077719464, 'win_boll': 27, 'win_rsi': 27, 'win_mom': 4, 'win_vwap': 32, 'orb_opening_bars': 47, 'vol_window': 10}. Best is trial 112 with value: 0.33399999999999996.
Trial 611: ACCEPT (degrade -81.0%) - Eval: 0.158%, Val: 0.286%
[I 2025-10-25 04:35:52,173] Trial 611 finished with value: 0.158 and parameters: {'w_boll': 0.8104054876554418, 'w_rsi': 0.5418409182532272, 'w_mom': 1.343376339015337, 'w_vwap': 0.7998052783484535, 'w_orb': 1.8033832135229362, 'w_ofi': 1.2793507783804843, 'w_vol': 1.8374204036031934, 'win_boll': 11, 'win_rsi': 7, 'win_mom': 4, 'win_vwap': 33, 'orb_opening_bars': 48, 'vol_window': 11}. Best is trial 112 with value: 0.33399999999999996.
Trial 612: ACCEPT (degrade -1.3%) - Eval: 0.232%, Val: 0.235%
[I 2025-10-25 04:35:52,887] Trial 612 finished with value: 0.23199999999999998 and parameters: {'w_boll': 0.34452650662497536, 'w_rsi': 0.4339629843132924, 'w_mom': 1.3675363165739491, 'w_vwap': 0.7588719970535384, 'w_orb': 1.8799792755970064, 'w_ofi': 1.9033718220462823, 'w_vol': 1.848052667334362, 'win_boll': 12, 'win_rsi': 7, 'win_mom': 5, 'win_vwap': 31, 'orb_opening_bars': 46, 'vol_window': 10}. Best is trial 112 with value: 0.33399999999999996.
Trial 613: ACCEPT (degrade -36.2%) - Eval: 0.196%, Val: 0.267%
[I 2025-10-25 04:35:53,647] Trial 613 finished with value: 0.19599999999999998 and parameters: {'w_boll': 0.26320358917993164, 'w_rsi': 0.44469022649399875, 'w_mom': 1.3367424779239672, 'w_vwap': 0.8384297320420027, 'w_orb': 1.830036796584529, 'w_ofi': 1.9603845246697664, 'w_vol': 1.8742458434731257, 'win_boll': 13, 'win_rsi': 7, 'win_mom': 5, 'win_vwap': 30, 'orb_opening_bars': 45, 'vol_window': 10}. Best is trial 112 with value: 0.33399999999999996.                                                                                      Best trial: 112. Best value: 0.334:  32%|███▏      | 630/2000 [08:03<17:01,  1.34it/s]Best trial: 112. Best value: 0.334:  32%|███▏      | 630/2000 [08:03<17:01,  1.34it/s]Best trial: 112. Best value: 0.334:  32%|███▏      | 631/2000 [08:03<17:19,  1.32it/s]                                                                                      Best trial: 112. Best value: 0.334:  32%|███▏      | 631/2000 [08:03<17:19,  1.32it/s]Best trial: 112. Best value: 0.334:  32%|███▏      | 631/2000 [08:03<17:19,  1.32it/s]Best trial: 112. Best value: 0.334:  32%|███▏      | 632/2000 [08:03<17:18,  1.32it/s]                                                                                      Best trial: 112. Best value: 0.334:  32%|███▏      | 632/2000 [08:04<17:18,  1.32it/s]Best trial: 112. Best value: 0.334:  32%|███▏      | 632/2000 [08:04<17:18,  1.32it/s]Best trial: 112. Best value: 0.334:  32%|███▏      | 633/2000 [08:04<17:02,  1.34it/s]                                                                                      Best trial: 112. Best value: 0.334:  32%|███▏      | 633/2000 [08:05<17:02,  1.34it/s]Best trial: 112. Best value: 0.334:  32%|███▏      | 633/2000 [08:05<17:02,  1.34it/s]Best trial: 112. Best value: 0.334:  32%|███▏      | 634/2000 [08:05<16:56,  1.34it/s]                                                                                      Best trial: 112. Best value: 0.334:  32%|███▏      | 634/2000 [08:06<16:56,  1.34it/s]Best trial: 112. Best value: 0.334:  32%|███▏      | 634/2000 [08:06<16:56,  1.34it/s]Best trial: 112. Best value: 0.334:  32%|███▏      | 635/2000 [08:06<17:13,  1.32it/s]                                                                                      Best trial: 112. Best value: 0.334:  32%|███▏      | 635/2000 [08:06<17:13,  1.32it/s]Best trial: 112. Best value: 0.334:  32%|███▏      | 635/2000 [08:06<17:13,  1.32it/s]Best trial: 112. Best value: 0.334:  32%|███▏      | 636/2000 [08:06<17:09,  1.32it/s]                                                                                      Best trial: 112. Best value: 0.334:  32%|███▏      | 636/2000 [08:07<17:09,  1.32it/s]Best trial: 112. Best value: 0.334:  32%|███▏      | 636/2000 [08:07<17:09,  1.32it/s]Best trial: 112. Best value: 0.334:  32%|███▏      | 637/2000 [08:07<16:55,  1.34it/s]                                                                                      Best trial: 112. Best value: 0.334:  32%|███▏      | 637/2000 [08:08<16:55,  1.34it/s]Best trial: 112. Best value: 0.334:  32%|███▏      | 637/2000 [08:08<16:55,  1.34it/s]Best trial: 112. Best value: 0.334:  32%|███▏      | 638/2000 [08:08<17:16,  1.31it/s]                                                                                      Best trial: 112. Best value: 0.334:  32%|███▏      | 638/2000 [08:09<17:16,  1.31it/s]Best trial: 112. Best value: 0.334:  32%|███▏      | 638/2000 [08:09<17:16,  1.31it/s]Best trial: 112. Best value: 0.334:  32%|███▏      | 639/2000 [08:09<17:33,  1.29it/s]                                                                                      Best trial: 112. Best value: 0.334:  32%|███▏      | 639/2000 [08:10<17:33,  1.29it/s]Best trial: 112. Best value: 0.334:  32%|███▏      | 639/2000 [08:10<17:33,  1.29it/s]Best trial: 112. Best value: 0.334:  32%|███▏      | 640/2000 [08:10<17:21,  1.31it/s]                                                                                      Best trial: 112. Best value: 0.334:  32%|███▏      | 640/2000 [08:10<17:21,  1.31it/s]Best trial: 112. Best value: 0.334:  32%|███▏      | 640/2000 [08:10<17:21,  1.31it/s]Best trial: 112. Best value: 0.334:  32%|███▏      | 641/2000 [08:10<17:13,  1.32it/s]                                                                                      Best trial: 112. Best value: 0.334:  32%|███▏      | 641/2000 [08:11<17:13,  1.32it/s]Best trial: 112. Best value: 0.334:  32%|███▏      | 641/2000 [08:11<17:13,  1.32it/s]Best trial: 112. Best value: 0.334:  32%|███▏      | 642/2000 [08:11<16:54,  1.34it/s]                                                                                      Best trial: 112. Best value: 0.334:  32%|███▏      | 642/2000 [08:12<16:54,  1.34it/s]Best trial: 112. Best value: 0.334:  32%|███▏      | 642/2000 [08:12<16:54,  1.34it/s]Best trial: 112. Best value: 0.334:  32%|███▏      | 643/2000 [08:12<17:04,  1.32it/s]                                                                                      Best trial: 112. Best value: 0.334:  32%|███▏      | 643/2000 [08:13<17:04,  1.32it/s]Best trial: 112. Best value: 0.334:  32%|███▏      | 643/2000 [08:13<17:04,  1.32it/s]Best trial: 112. Best value: 0.334:  32%|███▏      | 644/2000 [08:13<16:59,  1.33it/s]                                                                                      Best trial: 112. Best value: 0.334:  32%|███▏      | 644/2000 [08:13<16:59,  1.33it/s]Best trial: 112. Best value: 0.334:  32%|███▏      | 644/2000 [08:13<16:59,  1.33it/s]Best trial: 112. Best value: 0.334:  32%|███▏      | 645/2000 [08:13<16:56,  1.33it/s]                                                                                      Best trial: 112. Best value: 0.334:  32%|███▏      | 645/2000 [08:14<16:56,  1.33it/s]Best trial: 112. Best value: 0.334:  32%|███▏      | 645/2000 [08:14<16:56,  1.33it/s]Best trial: 112. Best value: 0.334:  32%|███▏      | 646/2000 [08:14<16:43,  1.35it/s]                                                                                      
Trial 614: ACCEPT (degrade -29.5%) - Eval: 0.210%, Val: 0.272%
[I 2025-10-25 04:35:54,418] Trial 614 finished with value: 0.21000000000000002 and parameters: {'w_boll': 0.3324465590673755, 'w_rsi': 0.49802301031630053, 'w_mom': 1.2784964044792622, 'w_vwap': 0.7703081513406562, 'w_orb': 1.8601345832093787, 'w_ofi': 1.9445009505562887, 'w_vol': 1.8053909112795208, 'win_boll': 14, 'win_rsi': 7, 'win_mom': 5, 'win_vwap': 31, 'orb_opening_bars': 49, 'vol_window': 10}. Best is trial 112 with value: 0.33399999999999996.
Trial 615: ACCEPT (degrade -48.2%) - Eval: 0.220%, Val: 0.326%
[I 2025-10-25 04:35:55,223] Trial 615 finished with value: 0.21999999999999997 and parameters: {'w_boll': 0.23900355036923604, 'w_rsi': 0.4340401902825804, 'w_mom': 1.3131231047330327, 'w_vwap': 0.8120501496105822, 'w_orb': 1.8827569794507455, 'w_ofi': 1.922199878119624, 'w_vol': 1.7430214479404698, 'win_boll': 12, 'win_rsi': 7, 'win_mom': 6, 'win_vwap': 33, 'orb_opening_bars': 48, 'vol_window': 10}. Best is trial 112 with value: 0.33399999999999996.
Trial 616: ACCEPT (degrade 0.0%) - Eval: -0.234%, Val: 0.241%
[I 2025-10-25 04:35:55,942] Trial 616 finished with value: -0.23400000000000004 and parameters: {'w_boll': 0.43089705271887435, 'w_rsi': 0.41871387466794907, 'w_mom': 1.411140542937079, 'w_vwap': 0.7535853469952989, 'w_orb': 1.8086549628235953, 'w_ofi': 1.9617709112545478, 'w_vol': 0.689810333821394, 'win_boll': 43, 'win_rsi': 8, 'win_mom': 5, 'win_vwap': 32, 'orb_opening_bars': 49, 'vol_window': 11}. Best is trial 112 with value: 0.33399999999999996.
Trial 617: ACCEPT (degrade -240.0%) - Eval: 0.080%, Val: 0.272%
