[I 2025-10-25 04:52:03,300] Trial 1877 finished with value: 0.278 and parameters: {'w_boll': 0.2098316846283966, 'w_rsi': 0.5799553580342136, 'w_mom': 1.358801887262568, 'w_vwap': 0.9177769705249196, 'w_orb': 1.9999002124924767, 'w_ofi': 1.541837095518648, 'w_vol': 1.0072938376613558, 'win_boll': 25, 'win_rsi': 5, 'win_mom': 6, 'win_vwap': 22, 'orb_opening_bars': 28, 'vol_window': 17}. Best is trial 868 with value: 0.384.
Trial 1878: ACCEPT (degrade 0.0%) - Eval: -0.000%, Val: 0.509%
[I 2025-10-25 04:52:04,039] Trial 1878 finished with value: -1.1102230246251566e-17 and parameters: {'w_boll': 0.2190771768256526, 'w_rsi': 0.44527548630428965, 'w_mom': 1.3406206039156623, 'w_vwap': 0.9754460560405428, 'w_orb': 1.7612222288200108, 'w_ofi': 1.6327646735167785, 'w_vol': 0.8013007344221433, 'win_boll': 24, 'win_rsi': 7, 'win_mom': 5, 'win_vwap': 39, 'orb_opening_bars': 27, 'vol_window': 15}. Best is trial 868 with value: 0.384.
Trial 1879: ACCEPT (degrade -100.6%) - Eval: 0.166%, Val: 0.333%
[I 2025-10-25 04:52:04,803] Trial 1879 finished with value: 0.16599999999999998 and parameters: {'w_boll': 0.17156398072956514, 'w_rsi': 0.4448317156127034, 'w_mom': 1.469853408170273, 'w_vwap': 0.8811828258377037, 'w_orb': 1.851312845153372, 'w_ofi': 0.7412332336099575, 'w_vol': 0.9115581876825227, 'win_boll': 23, 'win_rsi': 6, 'win_mom': 6, 'win_vwap': 38, 'orb_opening_bars': 28, 'vol_window': 13}. Best is trial 868 with value: 0.384.
Trial 1880: ACCEPT (degrade 7.8%) - Eval: 0.232%, Val: 0.214%
[I 2025-10-25 04:52:05,586] Trial 1880 finished with value: 0.23199999999999998 and parameters: {'w_boll': 0.1980387059407125, 'w_rsi': 0.511910180923973, 'w_mom': 1.3263960215184543, 'w_vwap': 0.8648947943091846, 'w_orb': 1.9408956646543865, 'w_ofi': 1.6357492476344897, 'w_vol': 0.9798446559157662, 'win_boll': 23, 'win_rsi': 6, 'win_mom': 5, 'win_vwap': 22, 'orb_opening_bars': 27, 'vol_window': 14}. Best is trial 868 with value: 0.384.
Trial 1881: ACCEPT (degrade -892.9%) - Eval: 0.014%, Val: 0.139%
[I 2025-10-25 04:52:06,344] Trial 1881 finished with value: 0.013999999999999981 and parameters: {'w_boll': 0.14728149443505537, 'w_rsi': 0.48917990622231633, 'w_mom': 1.3999957675779622, 'w_vwap': 1.0123670773139481, 'w_orb': 0.7529668598869772, 'w_ofi': 1.6665021690605473, 'w_vol': 1.042575069784627, 'win_boll': 27, 'win_rsi': 5, 'win_mom': 5, 'win_vwap': 25, 'orb_opening_bars': 24, 'vol_window': 13}. Best is trial 868 with value: 0.384.
Trial 1882: ACCEPT (degrade -525.0%) - Eval: 0.036%, Val: 0.225%
[I 2025-10-25 04:52:07,113] Trial 1882 finished with value: 0.03600000000000001 and parameters: {'w_boll': 0.21079569536134368, 'w_rsi': 0.5538982120604936, 'w_mom': 1.3718887358464327, 'w_vwap': 0.9095008867417274, 'w_orb': 1.8831474208375387, 'w_ofi': 0.7678167128926164, 'w_vol': 0.8949599959641491, 'win_boll': 21, 'win_rsi': 7, 'win_mom': 6, 'win_vwap': 24, 'orb_opening_bars': 26, 'vol_window': 48}. Best is trial 868 with value: 0.384.
Trial 1883: ACCEPT (degrade -161.8%) - Eval: 0.144%, Val: 0.377%
[I 2025-10-25 04:52:07,849] Trial 1883 finished with value: 0.144 and parameters: {'w_boll': 0.2209049134139667, 'w_rsi': 0.44142620348416234, 'w_mom': 1.5028410073589895, 'w_vwap': 0.9513167284369997, 'w_orb': 1.8205563476640045, 'w_ofi': 1.5513936052369528, 'w_vol': 0.9960403940749601, 'win_boll': 22, 'win_rsi': 7, 'win_mom': 5, 'win_vwap': 40, 'orb_opening_bars': 28, 'vol_window': 13}. Best is trial 868 with value: 0.384.
Trial 1884: ACCEPT (degrade 0.0%) - Eval: -0.156%, Val: 0.121%
[I 2025-10-25 04:52:08,626] Trial 1884 finished with value: -0.156 and parameters: {'w_boll': 0.1610256449905096, 'w_rsi': 0.5327661803354367, 'w_mom': 1.2798185038575491, 'w_vwap': 0.8836245765149038, 'w_orb': 1.9671933375290112, 'w_ofi': 0.6782482120829425, 'w_vol': 0.9011532534829779, 'win_boll': 22, 'win_rsi': 8, 'win_mom': 6, 'win_vwap': 23, 'orb_opening_bars': 26, 'vol_window': 42}. Best is trial 868 with value: 0.384.
Trial 1885: ACCEPT (degrade -236.2%) - Eval: 0.058%, Val: 0.195%
[I 2025-10-25 04:52:09,387] Trial 1885 finished with value: 0.05800000000000001 and parameters: {'w_boll': 0.23606645002071996, 'w_rsi': 0.40850104534783144, 'w_mom': 1.4299310825387175, 'w_vwap': 0.8679905207569844, 'w_orb': 1.9130840511616465, 'w_ofi': 0.5709772188190968, 'w_vol': 0.8674578465366569, 'win_boll': 26, 'win_rsi': 5, 'win_mom': 5, 'win_vwap': 25, 'orb_opening_bars': 24, 'vol_window': 15}. Best is trial 868 with value: 0.384.
Trial 1886: ACCEPT (degrade -15.6%) - Eval: 0.212%, Val: 0.245%
[I 2025-10-25 04:52:10,147] Trial 1886 finished with value: 0.21200000000000002 and parameters: {'w_boll': 0.10329198202025079, 'w_rsi': 0.4674290502551239, 'w_mom': 1.362255274014184, 'w_vwap': 0.9432186394619209, 'w_orb': 1.7329097982819845, 'w_ofi': 1.7193523305175225, 'w_vol': 0.8286082325097577, 'win_boll': 21, 'win_rsi': 6, 'win_mom': 5, 'win_vwap': 26, 'orb_opening_bars': 29, 'vol_window': 13}. Best is trial 868 with value: 0.384.
Trial 1887: ACCEPT (degrade 0.0%) - Eval: -0.048%, Val: 0.183%
[I 2025-10-25 04:52:10,881] Trial 1887 finished with value: -0.048 and parameters: {'w_boll': 0.2062404786607602, 'w_rsi': 0.41716780345629156, 'w_mom': 1.2816217739439164, 'w_vwap': 0.9075707528541219, 'w_orb': 1.8587286393985258, 'w_ofi': 1.6108684476771742, 'w_vol': 0.9480751029720236, 'win_boll': 22, 'win_rsi': 6, 'win_mom': 6, 'win_vwap': 25, 'orb_opening_bars': 27, 'vol_window': 14}. Best is trial 868 with value: 0.384.
Trial 1888: ACCEPT (degrade -12550.0%) - Eval: 0.002%, Val: 0.253%
[I 2025-10-25 04:52:11,667] Trial 1888 finished with value: 0.002 and parameters: {'w_boll': 0.14951747529567827, 'w_rsi': 0.5180186084507159, 'w_mom': 1.3369951419276114, 'w_vwap': 1.0485488976911355, 'w_orb': 1.781207268019979, 'w_ofi': 0.707279558476335, 'w_vol': 0.7702422828759478, 'win_boll': 23, 'win_rsi': 5, 'win_mom': 5, 'win_vwap': 28, 'orb_opening_bars': 26, 'vol_window': 13}. Best is trial 868 with value: 0.384.
Trial 1889: ACCEPT (degrade -382.0%) - Eval: 0.050%, Val: 0.241%
[I 2025-10-25 04:52:12,425] Trial 1889 finished with value: 0.05 and parameters: {'w_boll': 0.22327146066548909, 'w_rsi': 0.4359197506184105, 'w_mom': 1.3163858667834878, 'w_vwap': 0.991829962605059, 'w_orb': 1.308687851054924, 'w_ofi': 1.4595566614020459, 'w_vol': 0.930234182862844, 'win_boll': 24, 'win_rsi': 7, 'win_mom': 5, 'win_vwap': 27, 'orb_opening_bars': 28, 'vol_window': 14}. Best is trial 868 with value: 0.384.
Trial 1890: ACCEPT (degrade -226.6%) - Eval: 0.094%, Val: 0.307%
[I 2025-10-25 04:52:13,186] Trial 1890 finished with value: 0.09399999999999997 and parameters: {'w_boll': 0.10041395851473214, 'w_rsi': 0.4743826245908945, 'w_mom': 1.3888306586537018, 'w_vwap': 0.8695697065009769, 'w_orb': 1.951515352231844, 'w_ofi': 0.6245215781907374, 'w_vol': 1.0397943564997525, 'win_boll': 20, 'win_rsi': 6, 'win_mom': 6, 'win_vwap': 24, 'orb_opening_bars': 25, 'vol_window': 13}. Best is trial 868 with value: 0.384.
Trial 1891: ACCEPT (degrade -223.5%) - Eval: 0.102%, Val: 0.330%
[I 2025-10-25 04:52:13,922] Trial 1891 finished with value: 0.10200000000000002 and parameters: {'w_boll': 0.165357134802028, 'w_rsi': 0.39800427487431334, 'w_mom': 1.4541534872539688, 'w_vwap': 1.0053587923988707, 'w_orb': 1.8224101202694527, 'w_ofi': 1.588029142146207, 'w_vol': 0.9596354129718516, 'win_boll': 23, 'win_rsi': 7, 'win_mom': 5, 'win_vwap': 24, 'orb_opening_bars': 29, 'vol_window': 13}. Best is trial 868 with value: 0.384.
Trial 1892: ACCEPT (degrade 0.0%) - Eval: -0.166%, Val: 0.233%
[I 2025-10-25 04:52:14,705] Trial 1892 finished with value: -0.166 and parameters: {'w_boll': 0.2339837470484537, 'w_rsi': 0.44221009962063074, 'w_mom': 1.2878907925360807, 'w_vwap': 0.9512298880626391, 'w_orb': 1.8978713597118795, 'w_ofi': 0.2670843704737783, 'w_vol': 0.8681388613067508, 'win_boll': 22, 'win_rsi': 5, 'win_mom': 6, 'win_vwap': 26, 'orb_opening_bars': 27, 'vol_window': 15}. Best is trial 868 with value: 0.384.
Trial 1893: ACCEPT (degrade -1.7%) - Eval: 0.234%, Val: 0.238%
[I 2025-10-25 04:52:15,481] Trial 1893 finished with value: 0.23400000000000004 and parameters: {'w_boll': 0.18876700852062878, 'w_rsi': 0.5018369619928358, 'w_mom': 1.4007219781481473, 'w_vwap': 0.9199883218952098, 'w_orb': 1.9165100170094131, 'w_ofi': 0.3322897896505477, 'w_vol': 0.7373087804699585, 'win_boll': 24, 'win_rsi': 6, 'win_mom': 5, 'win_vwap': 28, 'orb_opening_bars': 29, 'vol_window': 14}. Best is trial 868 with value: 0.384.Best trial: 868. Best value: 0.384:  96%|█████████▌| 1910/2000 [24:25<01:09,  1.30it/s]Best trial: 868. Best value: 0.384:  96%|█████████▌| 1910/2000 [24:25<01:09,  1.30it/s]Best trial: 868. Best value: 0.384:  96%|█████████▌| 1911/2000 [24:25<01:08,  1.30it/s]                                                                                       Best trial: 868. Best value: 0.384:  96%|█████████▌| 1911/2000 [24:26<01:08,  1.30it/s]Best trial: 868. Best value: 0.384:  96%|█████████▌| 1911/2000 [24:26<01:08,  1.30it/s]Best trial: 868. Best value: 0.384:  96%|█████████▌| 1912/2000 [24:26<01:07,  1.31it/s]                                                                                       Best trial: 868. Best value: 0.384:  96%|█████████▌| 1912/2000 [24:26<01:07,  1.31it/s]Best trial: 868. Best value: 0.384:  96%|█████████▌| 1912/2000 [24:26<01:07,  1.31it/s]Best trial: 868. Best value: 0.384:  96%|█████████▌| 1913/2000 [24:26<01:08,  1.26it/s]                                                                                       Best trial: 868. Best value: 0.384:  96%|█████████▌| 1913/2000 [24:27<01:08,  1.26it/s]Best trial: 868. Best value: 0.384:  96%|█████████▌| 1913/2000 [24:27<01:08,  1.26it/s]Best trial: 868. Best value: 0.384:  96%|█████████▌| 1914/2000 [24:27<01:06,  1.29it/s]                                                                                       Best trial: 868. Best value: 0.384:  96%|█████████▌| 1914/2000 [24:28<01:06,  1.29it/s]Best trial: 868. Best value: 0.384:  96%|█████████▌| 1914/2000 [24:28<01:06,  1.29it/s]Best trial: 868. Best value: 0.384:  96%|█████████▌| 1915/2000 [24:28<01:05,  1.30it/s]                                                                                       Best trial: 868. Best value: 0.384:  96%|█████████▌| 1915/2000 [24:29<01:05,  1.30it/s]Best trial: 868. Best value: 0.384:  96%|█████████▌| 1915/2000 [24:29<01:05,  1.30it/s]Best trial: 868. Best value: 0.384:  96%|█████████▌| 1916/2000 [24:29<01:04,  1.31it/s]                                                                                       Best trial: 868. Best value: 0.384:  96%|█████████▌| 1916/2000 [24:29<01:04,  1.31it/s]Best trial: 868. Best value: 0.384:  96%|█████████▌| 1916/2000 [24:29<01:04,  1.31it/s]Best trial: 868. Best value: 0.384:  96%|█████████▌| 1917/2000 [24:29<01:03,  1.30it/s]                                                                                       Best trial: 868. Best value: 0.384:  96%|█████████▌| 1917/2000 [24:30<01:03,  1.30it/s]Best trial: 868. Best value: 0.384:  96%|█████████▌| 1917/2000 [24:30<01:03,  1.30it/s]Best trial: 868. Best value: 0.384:  96%|█████████▌| 1918/2000 [24:30<01:02,  1.31it/s]                                                                                       Best trial: 868. Best value: 0.384:  96%|█████████▌| 1918/2000 [24:31<01:02,  1.31it/s]Best trial: 868. Best value: 0.384:  96%|█████████▌| 1918/2000 [24:31<01:02,  1.31it/s]Best trial: 868. Best value: 0.384:  96%|█████████▌| 1919/2000 [24:31<01:01,  1.31it/s]                                                                                       Best trial: 868. Best value: 0.384:  96%|█████████▌| 1919/2000 [24:32<01:01,  1.31it/s]Best trial: 868. Best value: 0.384:  96%|█████████▌| 1919/2000 [24:32<01:01,  1.31it/s]Best trial: 868. Best value: 0.384:  96%|█████████▌| 1920/2000 [24:32<01:00,  1.32it/s]                                                                                       Best trial: 868. Best value: 0.384:  96%|█████████▌| 1920/2000 [24:32<01:00,  1.32it/s]Best trial: 868. Best value: 0.384:  96%|█████████▌| 1920/2000 [24:32<01:00,  1.32it/s]Best trial: 868. Best value: 0.384:  96%|█████████▌| 1921/2000 [24:32<01:00,  1.30it/s]                                                                                       Best trial: 868. Best value: 0.384:  96%|█████████▌| 1921/2000 [24:33<01:00,  1.30it/s]Best trial: 868. Best value: 0.384:  96%|█████████▌| 1921/2000 [24:33<01:00,  1.30it/s]Best trial: 868. Best value: 0.384:  96%|█████████▌| 1922/2000 [24:33<01:00,  1.29it/s]                                                                                       Best trial: 868. Best value: 0.384:  96%|█████████▌| 1922/2000 [24:34<01:00,  1.29it/s]Best trial: 868. Best value: 0.384:  96%|█████████▌| 1922/2000 [24:34<01:00,  1.29it/s]Best trial: 868. Best value: 0.384:  96%|█████████▌| 1923/2000 [24:34<00:58,  1.31it/s]                                                                                       Best trial: 868. Best value: 0.384:  96%|█████████▌| 1923/2000 [24:35<00:58,  1.31it/s]Best trial: 868. Best value: 0.384:  96%|█████████▌| 1923/2000 [24:35<00:58,  1.31it/s]Best trial: 868. Best value: 0.384:  96%|█████████▌| 1924/2000 [24:35<00:57,  1.32it/s]                                                                                       Best trial: 868. Best value: 0.384:  96%|█████████▌| 1924/2000 [24:36<00:57,  1.32it/s]Best trial: 868. Best value: 0.384:  96%|█████████▌| 1924/2000 [24:36<00:57,  1.32it/s]Best trial: 868. Best value: 0.384:  96%|█████████▋| 1925/2000 [24:36<00:57,  1.30it/s]                                                                                       Best trial: 868. Best value: 0.384:  96%|█████████▋| 1925/2000 [24:36<00:57,  1.30it/s]Best trial: 868. Best value: 0.384:  96%|█████████▋| 1925/2000 [24:36<00:57,  1.30it/s]Best trial: 868. Best value: 0.384:  96%|█████████▋| 1926/2000 [24:36<00:56,  1.30it/s]                                                                                       Best trial: 868. Best value: 0.384:  96%|█████████▋| 1926/2000 [24:37<00:56,  1.30it/s]Best trial: 868. Best value: 0.384:  96%|█████████▋| 1926/2000 [24:37<00:56,  1.30it/s]Best trial: 868. Best value: 0.384:  96%|█████████▋| 1927/2000 [24:37<00:55,  1.32it/s]                                                                                       
Trial 1894: ACCEPT (degrade 0.0%) - Eval: -0.094%, Val: 0.157%
[I 2025-10-25 04:52:16,252] Trial 1894 finished with value: -0.094 and parameters: {'w_boll': 0.22496226475588113, 'w_rsi': 0.3997261070801588, 'w_mom': 1.323885040681376, 'w_vwap': 0.904911718121786, 'w_orb': 1.966368220153548, 'w_ofi': 0.6590273052428085, 'w_vol': 1.0136940778097594, 'win_boll': 23, 'win_rsi': 8, 'win_mom': 5, 'win_vwap': 21, 'orb_opening_bars': 26, 'vol_window': 13}. Best is trial 868 with value: 0.384.
Trial 1895: REJECT (overfit 79.7%) - Eval: 0.296%, Val: 0.060%
[I 2025-10-25 04:52:16,979] Trial 1895 finished with value: -999.0 and parameters: {'w_boll': 0.15169401790373105, 'w_rsi': 0.9097141162927886, 'w_mom': 1.479830557439416, 'w_vwap': 0.8675846665554515, 'w_orb': 0.89400771579353, 'w_ofi': 0.7073420614603693, 'w_vol': 1.0670286239923898, 'win_boll': 21, 'win_rsi': 7, 'win_mom': 6, 'win_vwap': 39, 'orb_opening_bars': 28, 'vol_window': 13}. Best is trial 868 with value: 0.384.
Trial 1896: ACCEPT (degrade -770.6%) - Eval: 0.034%, Val: 0.296%
[I 2025-10-25 04:52:17,743] Trial 1896 finished with value: 0.03400000000000001 and parameters: {'w_boll': 0.2310474215120707, 'w_rsi': 0.566699650798609, 'w_mom': 1.5689952123769833, 'w_vwap': 0.98228293921173, 'w_orb': 1.8608297393034077, 'w_ofi': 1.6682667554292796, 'w_vol': 0.9680351642353453, 'win_boll': 26, 'win_rsi': 5, 'win_mom': 5, 'win_vwap': 37, 'orb_opening_bars': 27, 'vol_window': 16}. Best is trial 868 with value: 0.384.
Trial 1897: ACCEPT (degrade 0.0%) - Eval: -0.026%, Val: 0.420%
[I 2025-10-25 04:52:18,527] Trial 1897 finished with value: -0.026000000000000002 and parameters: {'w_boll': 0.24455666258086783, 'w_rsi': 0.4254597302577466, 'w_mom': 1.3620736520488566, 'w_vwap': 0.8691927730795133, 'w_orb': 1.9367426203691949, 'w_ofi': 1.6952210874047704, 'w_vol': 0.8559146137043139, 'win_boll': 24, 'win_rsi': 6, 'win_mom': 5, 'win_vwap': 25, 'orb_opening_bars': 25, 'vol_window': 14}. Best is trial 868 with value: 0.384.
Trial 1898: ACCEPT (degrade -825.0%) - Eval: 0.040%, Val: 0.370%
[I 2025-10-25 04:52:19,302] Trial 1898 finished with value: 0.039999999999999994 and parameters: {'w_boll': 0.18601585488005337, 'w_rsi': 0.4883122275532765, 'w_mom': 0.708072792464988, 'w_vwap': 0.9673391077697084, 'w_orb': 1.8903874059444672, 'w_ofi': 1.4936570767441255, 'w_vol': 0.9336071978153936, 'win_boll': 22, 'win_rsi': 7, 'win_mom': 6, 'win_vwap': 21, 'orb_opening_bars': 29, 'vol_window': 41}. Best is trial 868 with value: 0.384.
Trial 1899: ACCEPT (degrade -80.1%) - Eval: 0.196%, Val: 0.353%
[I 2025-10-25 04:52:20,040] Trial 1899 finished with value: 0.19600000000000004 and parameters: {'w_boll': 0.1801956589647398, 'w_rsi': 0.4527694835931809, 'w_mom': 1.2877883043891327, 'w_vwap': 0.9215002720498846, 'w_orb': 1.4445862109189123, 'w_ofi': 0.8156161563281538, 'w_vol': 1.0318637246944193, 'win_boll': 23, 'win_rsi': 6, 'win_mom': 5, 'win_vwap': 36, 'orb_opening_bars': 27, 'vol_window': 15}. Best is trial 868 with value: 0.384.
Trial 1900: ACCEPT (degrade 0.0%) - Eval: -0.024%, Val: 0.103%
[I 2025-10-25 04:52:20,840] Trial 1900 finished with value: -0.02400000000000001 and parameters: {'w_boll': 0.24162110320692953, 'w_rsi': 0.40421376694992645, 'w_mom': 1.4411697781504893, 'w_vwap': 0.8593511710487421, 'w_orb': 1.798159400152772, 'w_ofi': 0.5212754498658244, 'w_vol': 0.8984267398914614, 'win_boll': 21, 'win_rsi': 5, 'win_mom': 6, 'win_vwap': 23, 'orb_opening_bars': 25, 'vol_window': 13}. Best is trial 868 with value: 0.384.
Trial 1901: ACCEPT (degrade 0.0%) - Eval: -0.300%, Val: -0.097%
[I 2025-10-25 04:52:21,699] Trial 1901 finished with value: -0.3 and parameters: {'w_boll': 0.20719082350653972, 'w_rsi': 0.4694226637850273, 'w_mom': 1.3536957394741576, 'w_vwap': 0.9308393203050132, 'w_orb': 0.21956866157903054, 'w_ofi': 0.5884468028775139, 'w_vol': 0.8345841715993674, 'win_boll': 20, 'win_rsi': 9, 'win_mom': 5, 'win_vwap': 27, 'orb_opening_bars': 29, 'vol_window': 13}. Best is trial 868 with value: 0.384.
Trial 1902: ACCEPT (degrade -805.0%) - Eval: 0.020%, Val: 0.181%
[I 2025-10-25 04:52:22,484] Trial 1902 finished with value: 0.019999999999999983 and parameters: {'w_boll': 0.1389921659519346, 'w_rsi': 0.39093655425626606, 'w_mom': 1.400891106505179, 'w_vwap': 1.035946664133119, 'w_orb': 0.2836386804852926, 'w_ofi': 0.7823979446146723, 'w_vol': 0.931307848241468, 'win_boll': 24, 'win_rsi': 7, 'win_mom': 5, 'win_vwap': 40, 'orb_opening_bars': 28, 'vol_window': 12}. Best is trial 868 with value: 0.384.
Trial 1903: ACCEPT (degrade -165.7%) - Eval: 0.108%, Val: 0.287%
[I 2025-10-25 04:52:23,246] Trial 1903 finished with value: 0.10800000000000003 and parameters: {'w_boll': 0.2447192911025479, 'w_rsi': 0.5154990179622594, 'w_mom': 1.315625432166597, 'w_vwap': 0.8826235600301336, 'w_orb': 1.9676889700571611, 'w_ofi': 1.573002590245919, 'w_vol': 0.9877946058797087, 'win_boll': 25, 'win_rsi': 6, 'win_mom': 6, 'win_vwap': 22, 'orb_opening_bars': 24, 'vol_window': 12}. Best is trial 868 with value: 0.384.
Trial 1904: ACCEPT (degrade 0.0%) - Eval: -0.112%, Val: 0.366%
[I 2025-10-25 04:52:24,031] Trial 1904 finished with value: -0.11200000000000002 and parameters: {'w_boll': 0.17601187670220542, 'w_rsi': 1.1138247782450588, 'w_mom': 1.2540833284962882, 'w_vwap': 0.9684737426242424, 'w_orb': 1.8422941569664264, 'w_ofi': 0.7312384490702389, 'w_vol': 0.7891270412808655, 'win_boll': 23, 'win_rsi': 8, 'win_mom': 5, 'win_vwap': 28, 'orb_opening_bars': 26, 'vol_window': 13}. Best is trial 868 with value: 0.384.
Trial 1905: ACCEPT (degrade -770.6%) - Eval: 0.034%, Val: 0.296%
[I 2025-10-25 04:52:24,797] Trial 1905 finished with value: 0.03399999999999999 and parameters: {'w_boll': 0.2542624243382816, 'w_rsi': 0.44273445004898243, 'w_mom': 1.282854325789357, 'w_vwap': 0.8708876132824448, 'w_orb': 1.90979650653356, 'w_ofi': 0.41821577477007493, 'w_vol': 0.9640262798049908, 'win_boll': 26, 'win_rsi': 5, 'win_mom': 6, 'win_vwap': 41, 'orb_opening_bars': 29, 'vol_window': 14}. Best is trial 868 with value: 0.384.
Trial 1906: ACCEPT (degrade 0.0%) - Eval: -0.100%, Val: 0.504%
[I 2025-10-25 04:52:25,554] Trial 1906 finished with value: -0.09999999999999999 and parameters: {'w_boll': 0.21207314888958728, 'w_rsi': 0.3854745043214437, 'w_mom': 1.511071386621237, 'w_vwap': 0.9214268788225997, 'w_orb': 1.999719867692086, 'w_ofi': 0.36074278314185454, 'w_vol': 0.9064939668185946, 'win_boll': 25, 'win_rsi': 7, 'win_mom': 5, 'win_vwap': 25, 'orb_opening_bars': 28, 'vol_window': 13}. Best is trial 868 with value: 0.384.
Trial 1907: ACCEPT (degrade 7.0%) - Eval: 0.316%, Val: 0.294%
[I 2025-10-25 04:52:26,318] Trial 1907 finished with value: 0.31599999999999995 and parameters: {'w_boll': 0.14028879867090313, 'w_rsi': 0.5342944419639686, 'w_mom': 1.4287557982371122, 'w_vwap': 1.071262036879949, 'w_orb': 1.8717708878084407, 'w_ofi': 0.7371032757194261, 'w_vol': 0.9854884977734739, 'win_boll': 22, 'win_rsi': 6, 'win_mom': 6, 'win_vwap': 38, 'orb_opening_bars': 27, 'vol_window': 15}. Best is trial 868 with value: 0.384.
Trial 1908: ACCEPT (degrade 0.0%) - Eval: -0.180%, Val: 0.357%
