[I 2025-10-25 04:36:33,855] Trial 666 finished with value: -0.016000000000000007 and parameters: {'w_boll': 0.4928486731500151, 'w_rsi': 1.6893253766154257, 'w_mom': 0.3224916767877238, 'w_vwap': 0.8930126396061282, 'w_orb': 1.3616988728639834, 'w_ofi': 0.3910261953691107, 'w_vol': 1.934435090508009, 'win_boll': 14, 'win_rsi': 8, 'win_mom': 4, 'win_vwap': 17, 'orb_opening_bars': 32, 'vol_window': 10}. Best is trial 112 with value: 0.33399999999999996.
Trial 667: ACCEPT (degrade -28.4%) - Eval: 0.190%, Val: 0.244%
[I 2025-10-25 04:36:34,596] Trial 667 finished with value: 0.19 and parameters: {'w_boll': 0.4391351766716596, 'w_rsi': 0.5398529263681829, 'w_mom': 1.4624709543007015, 'w_vwap': 0.5926762499926755, 'w_orb': 1.8712459719190095, 'w_ofi': 1.778940227320377, 'w_vol': 1.9982050427696096, 'win_boll': 11, 'win_rsi': 6, 'win_mom': 19, 'win_vwap': 13, 'orb_opening_bars': 49, 'vol_window': 11}. Best is trial 112 with value: 0.33399999999999996.
Trial 668: ACCEPT (degrade 0.0%) - Eval: -0.060%, Val: 0.295%
[I 2025-10-25 04:36:35,339] Trial 668 finished with value: -0.06000000000000001 and parameters: {'w_boll': 0.3529746349971221, 'w_rsi': 0.3825211510243782, 'w_mom': 0.19149943164748984, 'w_vwap': 0.6569894820016615, 'w_orb': 1.962996556290639, 'w_ofi': 0.7071652639178008, 'w_vol': 1.8285389847669076, 'win_boll': 12, 'win_rsi': 11, 'win_mom': 8, 'win_vwap': 10, 'orb_opening_bars': 37, 'vol_window': 13}. Best is trial 112 with value: 0.33399999999999996.
Trial 669: ACCEPT (degrade 0.0%) - Eval: -0.042%, Val: -0.015%
[I 2025-10-25 04:36:36,053] Trial 669 finished with value: -0.04200000000000001 and parameters: {'w_boll': 0.5454010013321599, 'w_rsi': 0.4562728520595396, 'w_mom': 0.2810967937530713, 'w_vwap': 0.708724622485128, 'w_orb': 1.9176469792071567, 'w_ofi': 1.8875483747929016, 'w_vol': 1.86033001722179, 'win_boll': 13, 'win_rsi': 7, 'win_mom': 3, 'win_vwap': 12, 'orb_opening_bars': 47, 'vol_window': 20}. Best is trial 112 with value: 0.33399999999999996.
Trial 670: REJECT (overfit 84.1%) - Eval: 0.370%, Val: 0.059%
[I 2025-10-25 04:36:36,825] Trial 670 finished with value: -999.0 and parameters: {'w_boll': 0.7445176329717087, 'w_rsi': 0.2900503683124627, 'w_mom': 0.24784395634933154, 'w_vwap': 0.7677634400103363, 'w_orb': 1.8386171073153947, 'w_ofi': 1.9999442404383139, 'w_vol': 1.7151552246395845, 'win_boll': 10, 'win_rsi': 5, 'win_mom': 4, 'win_vwap': 32, 'orb_opening_bars': 50, 'vol_window': 10}. Best is trial 112 with value: 0.33399999999999996.
Trial 671: ACCEPT (degrade 0.0%) - Eval: -0.188%, Val: 0.319%
[I 2025-10-25 04:36:37,611] Trial 671 finished with value: -0.188 and parameters: {'w_boll': 0.408769561038931, 'w_rsi': 0.4919226358639411, 'w_mom': 0.16819283824258702, 'w_vwap': 0.6431741223539293, 'w_orb': 1.9575263365060718, 'w_ofi': 0.6436907929366209, 'w_vol': 1.6219028839500176, 'win_boll': 14, 'win_rsi': 6, 'win_mom': 9, 'win_vwap': 11, 'orb_opening_bars': 48, 'vol_window': 12}. Best is trial 112 with value: 0.33399999999999996.
Trial 672: ACCEPT (degrade -58.3%) - Eval: 0.108%, Val: 0.171%
[I 2025-10-25 04:36:38,369] Trial 672 finished with value: 0.10800000000000001 and parameters: {'w_boll': 0.3128823344967907, 'w_rsi': 0.33413778845596875, 'w_mom': 1.268285092699939, 'w_vwap': 0.6918021886290963, 'w_orb': 1.9128283770799994, 'w_ofi': 0.9923413410854174, 'w_vol': 1.9363726675874569, 'win_boll': 12, 'win_rsi': 7, 'win_mom': 3, 'win_vwap': 30, 'orb_opening_bars': 49, 'vol_window': 11}. Best is trial 112 with value: 0.33399999999999996.
Trial 673: ACCEPT (degrade 0.0%) - Eval: -0.026%, Val: 0.141%
[I 2025-10-25 04:36:39,111] Trial 673 finished with value: -0.026000000000000006 and parameters: {'w_boll': 0.37446819378661184, 'w_rsi': 0.4087813917499981, 'w_mom': 0.2078097784683945, 'w_vwap': 0.7371480234529888, 'w_orb': 1.5460512069241128, 'w_ofi': 0.7862075156813073, 'w_vol': 0.306028567184328, 'win_boll': 15, 'win_rsi': 6, 'win_mom': 4, 'win_vwap': 12, 'orb_opening_bars': 47, 'vol_window': 10}. Best is trial 112 with value: 0.33399999999999996.
Trial 674: REJECT (overfit 30.7%) - Eval: 0.212%, Val: 0.147%
[I 2025-10-25 04:36:39,869] Trial 674 finished with value: -999.0 and parameters: {'w_boll': 0.4645889582861476, 'w_rsi': 0.36277694487486156, 'w_mom': 1.1142707309029094, 'w_vwap': 0.597543271128017, 'w_orb': 1.9646440386233217, 'w_ofi': 0.9199836784802742, 'w_vol': 1.79500983179345, 'win_boll': 13, 'win_rsi': 7, 'win_mom': 5, 'win_vwap': 13, 'orb_opening_bars': 45, 'vol_window': 11}. Best is trial 112 with value: 0.33399999999999996.
Trial 675: ACCEPT (degrade -2016.7%) - Eval: 0.012%, Val: 0.254%
[I 2025-10-25 04:36:40,615] Trial 675 finished with value: 0.012000000000000009 and parameters: {'w_boll': 0.5180475975219321, 'w_rsi': 0.45643348493345687, 'w_mom': 0.12724642062291242, 'w_vwap': 0.5122676684241485, 'w_orb': 1.9989743635753476, 'w_ofi': 0.6750986080321578, 'w_vol': 1.7547651642181437, 'win_boll': 10, 'win_rsi': 5, 'win_mom': 3, 'win_vwap': 14, 'orb_opening_bars': 39, 'vol_window': 12}. Best is trial 112 with value: 0.33399999999999996.
Trial 676: ACCEPT (degrade -40.8%) - Eval: 0.130%, Val: 0.183%
[I 2025-10-25 04:36:41,356] Trial 676 finished with value: 0.13 and parameters: {'w_boll': 0.41580277989580877, 'w_rsi': 0.499831789320924, 'w_mom': 0.16561627263785877, 'w_vwap': 0.8149117208582359, 'w_orb': 1.880035175850869, 'w_ofi': 1.8464048529092632, 'w_vol': 1.9006497884494815, 'win_boll': 11, 'win_rsi': 8, 'win_mom': 3, 'win_vwap': 10, 'orb_opening_bars': 42, 'vol_window': 10}. Best is trial 112 with value: 0.33399999999999996.
Trial 677: REJECT (overfit 133.3%) - Eval: 0.018%, Val: -0.006%
[I 2025-10-25 04:36:42,094] Trial 677 finished with value: -999.0 and parameters: {'w_boll': 0.576267750020966, 'w_rsi': 0.5460245308197877, 'w_mom': 1.3587982753349188, 'w_vwap': 0.6743813411844333, 'w_orb': 1.7627257960591567, 'w_ofi': 1.802590770463279, 'w_vol': 1.8350080382432983, 'win_boll': 14, 'win_rsi': 6, 'win_mom': 4, 'win_vwap': 11, 'orb_opening_bars': 50, 'vol_window': 13}. Best is trial 112 with value: 0.33399999999999996.
Trial 678: ACCEPT (degrade -242.5%) - Eval: 0.080%, Val: 0.274%
[I 2025-10-25 04:36:42,839] Trial 678 finished with value: 0.08 and parameters: {'w_boll': 0.33981824987695014, 'w_rsi': 0.27738076102311937, 'w_mom': 0.23169840661182936, 'w_vwap': 0.7154203141229631, 'w_orb': 1.9371027407827477, 'w_ofi': 0.48938140394664587, 'w_vol': 1.999498874184321, 'win_boll': 15, 'win_rsi': 7, 'win_mom': 18, 'win_vwap': 11, 'orb_opening_bars': 48, 'vol_window': 11}. Best is trial 112 with value: 0.33399999999999996.
Trial 679: ACCEPT (degrade 0.0%) - Eval: -0.118%, Val: 0.178%Best trial: 112. Best value: 0.334:  35%|███▍      | 695/2000 [08:52<16:18,  1.33it/s]Best trial: 112. Best value: 0.334:  35%|███▍      | 695/2000 [08:52<16:18,  1.33it/s]Best trial: 112. Best value: 0.334:  35%|███▍      | 696/2000 [08:52<16:20,  1.33it/s]                                                                                      Best trial: 112. Best value: 0.334:  35%|███▍      | 696/2000 [08:52<16:20,  1.33it/s]Best trial: 112. Best value: 0.334:  35%|███▍      | 696/2000 [08:52<16:20,  1.33it/s]Best trial: 112. Best value: 0.334:  35%|███▍      | 697/2000 [08:52<16:14,  1.34it/s]                                                                                      Best trial: 112. Best value: 0.334:  35%|███▍      | 697/2000 [08:53<16:14,  1.34it/s]Best trial: 112. Best value: 0.334:  35%|███▍      | 697/2000 [08:53<16:14,  1.34it/s]Best trial: 112. Best value: 0.334:  35%|███▍      | 698/2000 [08:53<16:06,  1.35it/s]                                                                                      Best trial: 112. Best value: 0.334:  35%|███▍      | 698/2000 [08:54<16:06,  1.35it/s]Best trial: 112. Best value: 0.334:  35%|███▍      | 698/2000 [08:54<16:06,  1.35it/s]Best trial: 112. Best value: 0.334:  35%|███▍      | 699/2000 [08:54<16:22,  1.32it/s]                                                                                      Best trial: 112. Best value: 0.334:  35%|███▍      | 699/2000 [08:55<16:22,  1.32it/s]Best trial: 112. Best value: 0.334:  35%|███▍      | 699/2000 [08:55<16:22,  1.32it/s]Best trial: 112. Best value: 0.334:  35%|███▌      | 700/2000 [08:55<16:18,  1.33it/s]                                                                                      Best trial: 112. Best value: 0.334:  35%|███▌      | 700/2000 [08:55<16:18,  1.33it/s]Best trial: 112. Best value: 0.334:  35%|███▌      | 700/2000 [08:55<16:18,  1.33it/s]Best trial: 112. Best value: 0.334:  35%|███▌      | 701/2000 [08:55<16:16,  1.33it/s]                                                                                      Best trial: 112. Best value: 0.334:  35%|███▌      | 701/2000 [08:56<16:16,  1.33it/s]Best trial: 112. Best value: 0.334:  35%|███▌      | 701/2000 [08:56<16:16,  1.33it/s]Best trial: 112. Best value: 0.334:  35%|███▌      | 702/2000 [08:56<17:01,  1.27it/s]                                                                                      Best trial: 112. Best value: 0.334:  35%|███▌      | 702/2000 [08:57<17:01,  1.27it/s]Best trial: 112. Best value: 0.334:  35%|███▌      | 702/2000 [08:57<17:01,  1.27it/s]Best trial: 112. Best value: 0.334:  35%|███▌      | 703/2000 [08:57<16:40,  1.30it/s]                                                                                      Best trial: 112. Best value: 0.334:  35%|███▌      | 703/2000 [08:58<16:40,  1.30it/s]Best trial: 112. Best value: 0.334:  35%|███▌      | 703/2000 [08:58<16:40,  1.30it/s]Best trial: 112. Best value: 0.334:  35%|███▌      | 704/2000 [08:58<16:34,  1.30it/s]                                                                                      Best trial: 112. Best value: 0.334:  35%|███▌      | 704/2000 [08:59<16:34,  1.30it/s]Best trial: 112. Best value: 0.334:  35%|███▌      | 704/2000 [08:59<16:34,  1.30it/s]Best trial: 112. Best value: 0.334:  35%|███▌      | 705/2000 [08:59<16:26,  1.31it/s]                                                                                      Best trial: 112. Best value: 0.334:  35%|███▌      | 705/2000 [08:59<16:26,  1.31it/s]Best trial: 112. Best value: 0.334:  35%|███▌      | 705/2000 [08:59<16:26,  1.31it/s]Best trial: 112. Best value: 0.334:  35%|███▌      | 706/2000 [08:59<16:16,  1.32it/s]                                                                                      Best trial: 112. Best value: 0.334:  35%|███▌      | 706/2000 [09:00<16:16,  1.32it/s]Best trial: 112. Best value: 0.334:  35%|███▌      | 706/2000 [09:00<16:16,  1.32it/s]Best trial: 112. Best value: 0.334:  35%|███▌      | 707/2000 [09:00<16:21,  1.32it/s]                                                                                      Best trial: 112. Best value: 0.334:  35%|███▌      | 707/2000 [09:01<16:21,  1.32it/s]Best trial: 112. Best value: 0.334:  35%|███▌      | 707/2000 [09:01<16:21,  1.32it/s]Best trial: 112. Best value: 0.334:  35%|███▌      | 708/2000 [09:01<16:14,  1.33it/s]                                                                                      Best trial: 112. Best value: 0.334:  35%|███▌      | 708/2000 [09:02<16:14,  1.33it/s]Best trial: 112. Best value: 0.334:  35%|███▌      | 708/2000 [09:02<16:14,  1.33it/s]Best trial: 112. Best value: 0.334:  35%|███▌      | 709/2000 [09:02<16:13,  1.33it/s]                                                                                      Best trial: 112. Best value: 0.334:  35%|███▌      | 709/2000 [09:02<16:13,  1.33it/s]Best trial: 112. Best value: 0.334:  35%|███▌      | 709/2000 [09:02<16:13,  1.33it/s]Best trial: 112. Best value: 0.334:  36%|███▌      | 710/2000 [09:02<16:09,  1.33it/s]                                                                                      Best trial: 112. Best value: 0.334:  36%|███▌      | 710/2000 [09:03<16:09,  1.33it/s]Best trial: 112. Best value: 0.334:  36%|███▌      | 710/2000 [09:03<16:09,  1.33it/s]Best trial: 112. Best value: 0.334:  36%|███▌      | 711/2000 [09:03<16:16,  1.32it/s]                                                                                      Best trial: 112. Best value: 0.334:  36%|███▌      | 711/2000 [09:04<16:16,  1.32it/s]Best trial: 112. Best value: 0.334:  36%|███▌      | 711/2000 [09:04<16:16,  1.32it/s]Best trial: 112. Best value: 0.334:  36%|███▌      | 712/2000 [09:04<16:12,  1.32it/s]
[I 2025-10-25 04:36:43,586] Trial 679 finished with value: -0.11799999999999997 and parameters: {'w_boll': 0.28492679881995525, 'w_rsi': 0.5967226599302373, 'w_mom': 0.2920434936092716, 'w_vwap': 0.6318036595256715, 'w_orb': 1.8965773610487657, 'w_ofi': 1.088414166964434, 'w_vol': 1.8825888504463473, 'win_boll': 33, 'win_rsi': 5, 'win_mom': 14, 'win_vwap': 12, 'orb_opening_bars': 49, 'vol_window': 10}. Best is trial 112 with value: 0.33399999999999996.
Trial 680: ACCEPT (degrade -68.2%) - Eval: 0.214%, Val: 0.360%
[I 2025-10-25 04:36:44,335] Trial 680 finished with value: 0.21400000000000002 and parameters: {'w_boll': 0.3824315362348894, 'w_rsi': 0.4286309816973259, 'w_mom': 0.1943947261837699, 'w_vwap': 0.5548530334242657, 'w_orb': 1.801501122818624, 'w_ofi': 0.8434603915517654, 'w_vol': 1.9615415705014188, 'win_boll': 13, 'win_rsi': 6, 'win_mom': 5, 'win_vwap': 13, 'orb_opening_bars': 46, 'vol_window': 25}. Best is trial 112 with value: 0.33399999999999996.
Trial 681: REJECT (overfit 66.1%) - Eval: 0.174%, Val: 0.059%
[I 2025-10-25 04:36:45,052] Trial 681 finished with value: -999.0 and parameters: {'w_boll': 0.4333543384217073, 'w_rsi': 0.3192908047736543, 'w_mom': 1.388661915177173, 'w_vwap': 0.43704751440215, 'w_orb': 1.9654695182551252, 'w_ofi': 0.7164297609754278, 'w_vol': 1.8172923395708662, 'win_boll': 12, 'win_rsi': 8, 'win_mom': 4, 'win_vwap': 34, 'orb_opening_bars': 48, 'vol_window': 12}. Best is trial 112 with value: 0.33399999999999996.
Trial 682: REJECT (overfit 60.4%) - Eval: 0.316%, Val: 0.125%
[I 2025-10-25 04:36:45,841] Trial 682 finished with value: -999.0 and parameters: {'w_boll': 0.49103101673660077, 'w_rsi': 0.3800279036893648, 'w_mom': 0.5658831694991422, 'w_vwap': 0.7578495714606388, 'w_orb': 1.8589122627141927, 'w_ofi': 1.9541373335569887, 'w_vol': 1.7648694048442186, 'win_boll': 11, 'win_rsi': 7, 'win_mom': 3, 'win_vwap': 10, 'orb_opening_bars': 50, 'vol_window': 11}. Best is trial 112 with value: 0.33399999999999996.
Trial 683: ACCEPT (degrade 0.0%) - Eval: -0.018%, Val: 0.048%
[I 2025-10-25 04:36:46,586] Trial 683 finished with value: -0.017999999999999988 and parameters: {'w_boll': 0.4458636534266502, 'w_rsi': 0.40680663400924244, 'w_mom': 1.3178817853424065, 'w_vwap': 0.6613774647635742, 'w_orb': 1.9080605675129596, 'w_ofi': 0.7584820762271508, 'w_vol': 1.6884692652755446, 'win_boll': 13, 'win_rsi': 6, 'win_mom': 5, 'win_vwap': 12, 'orb_opening_bars': 47, 'vol_window': 10}. Best is trial 112 with value: 0.33399999999999996.
Trial 684: ACCEPT (degrade 0.0%) - Eval: -0.032%, Val: 0.292%
[I 2025-10-25 04:36:47,332] Trial 684 finished with value: -0.03199999999999999 and parameters: {'w_boll': 0.339213664350549, 'w_rsi': 0.5093526346151067, 'w_mom': 0.1355872419216846, 'w_vwap': 0.7871807323912497, 'w_orb': 1.9382180043142894, 'w_ofi': 1.3790140684471655, 'w_vol': 1.8608939267976892, 'win_boll': 16, 'win_rsi': 9, 'win_mom': 4, 'win_vwap': 31, 'orb_opening_bars': 48, 'vol_window': 12}. Best is trial 112 with value: 0.33399999999999996.
Trial 685: ACCEPT (degrade 0.0%) - Eval: -0.012%, Val: 0.180%
[I 2025-10-25 04:36:48,053] Trial 685 finished with value: -0.011999999999999983 and parameters: {'w_boll': 0.11083180575933127, 'w_rsi': 0.46667672896169177, 'w_mom': 1.2329569671257437, 'w_vwap': 0.59821897779532, 'w_orb': 1.965903563300216, 'w_ofi': 1.9054478212050643, 'w_vol': 1.926801566337197, 'win_boll': 12, 'win_rsi': 7, 'win_mom': 3, 'win_vwap': 14, 'orb_opening_bars': 44, 'vol_window': 11}. Best is trial 112 with value: 0.33399999999999996.
Trial 686: ACCEPT (degrade -109.0%) - Eval: 0.078%, Val: 0.163%
[I 2025-10-25 04:36:48,838] Trial 686 finished with value: 0.07799999999999999 and parameters: {'w_boll': 0.39096685021945526, 'w_rsi': 0.35275628288429595, 'w_mom': 0.26160838575769474, 'w_vwap': 0.717961575184341, 'w_orb': 1.828844354490715, 'w_ofi': 1.7540193453739468, 'w_vol': 1.7975669300316799, 'win_boll': 23, 'win_rsi': 22, 'win_mom': 3, 'win_vwap': 16, 'orb_opening_bars': 49, 'vol_window': 14}. Best is trial 112 with value: 0.33399999999999996.
Trial 687: ACCEPT (degrade 0.0%) - Eval: -0.034%, Val: 0.172%
[I 2025-10-25 04:36:49,585] Trial 687 finished with value: -0.033999999999999996 and parameters: {'w_boll': 0.22075928535673478, 'w_rsi': 0.26591685686967304, 'w_mom': 0.16630571713172176, 'w_vwap': 0.8534144413206208, 'w_orb': 1.9980050699357808, 'w_ofi': 1.6730116470675578, 'w_vol': 1.8956842425755318, 'win_boll': 14, 'win_rsi': 5, 'win_mom': 4, 'win_vwap': 11, 'orb_opening_bars': 47, 'vol_window': 13}. Best is trial 112 with value: 0.33399999999999996.
Trial 688: REJECT (overfit 45.1%) - Eval: 0.184%, Val: 0.101%
[I 2025-10-25 04:36:50,333] Trial 688 finished with value: -999.0 and parameters: {'w_boll': 0.46300579792900093, 'w_rsi': 0.30899431146872286, 'w_mom': 0.23096903884380554, 'w_vwap': 0.6917625012125502, 'w_orb': 1.999570271392032, 'w_ofi': 1.4424175082942454, 'w_vol': 1.7237411878478162, 'win_boll': 11, 'win_rsi': 6, 'win_mom': 6, 'win_vwap': 12, 'orb_opening_bars': 50, 'vol_window': 11}. Best is trial 112 with value: 0.33399999999999996.
Trial 689: ACCEPT (degrade -61.2%) - Eval: 0.178%, Val: 0.287%
[I 2025-10-25 04:36:51,054] Trial 689 finished with value: 0.178 and parameters: {'w_boll': 0.364574346439024, 'w_rsi': 0.55672023565914, 'w_mom': 0.3397208580864665, 'w_vwap': 0.6283984644884667, 'w_orb': 1.9059903610637252, 'w_ofi': 0.6793370287212227, 'w_vol': 1.843476855456774, 'win_boll': 12, 'win_rsi': 7, 'win_mom': 3, 'win_vwap': 13, 'orb_opening_bars': 49, 'vol_window': 10}. Best is trial 112 with value: 0.33399999999999996.
Trial 690: ACCEPT (degrade -114.0%) - Eval: 0.086%, Val: 0.184%
[I 2025-10-25 04:36:51,833] Trial 690 finished with value: 0.086 and parameters: {'w_boll': 0.40826197028890276, 'w_rsi': 0.44759874512988623, 'w_mom': 0.19914074397741652, 'w_vwap': 0.7494311833568914, 'w_orb': 1.9318053485625746, 'w_ofi': 0.6315090003555937, 'w_vol': 1.96188913125544, 'win_boll': 20, 'win_rsi': 8, 'win_mom': 4, 'win_vwap': 29, 'orb_opening_bars': 46, 'vol_window': 12}. Best is trial 112 with value: 0.33399999999999996.
Trial 691: REJECT (overfit 24.2%) - Eval: 0.236%, Val: 0.179%
[I 2025-10-25 04:36:52,577] Trial 691 finished with value: -999.0 and parameters: {'w_boll': 0.2919153003312019, 'w_rsi': 0.3802229095158133, 'w_mom': 0.1389424547697997, 'w_vwap': 0.547068605457376, 'w_orb': 1.866825996880711, 'w_ofi': 0.8110322989758079, 'w_vol': 1.772161900871908, 'win_boll': 10, 'win_rsi': 6, 'win_mom': 5, 'win_vwap': 32, 'orb_opening_bars': 48, 'vol_window': 10}. Best is trial 112 with value: 0.33399999999999996.
Trial 692: REJECT (overfit 0.0%) - Eval: -0.080%, Val: -0.197%
[I 2025-10-25 04:36:53,324] Trial 692 finished with value: -999.0 and parameters: {'w_boll': 0.5192442381505429, 'w_rsi': 0.9500139386039055, 'w_mom': 0.17931241497440525, 'w_vwap': 0.1404715136874204, 'w_orb': 1.9446180220396332, 'w_ofi': 1.9639007766206404, 'w_vol': 1.9256083501722001, 'win_boll': 15, 'win_rsi': 5, 'win_mom': 3, 'win_vwap': 10, 'orb_opening_bars': 49, 'vol_window': 12}. Best is trial 112 with value: 0.33399999999999996.
Trial 693: REJECT (overfit 400.0%) - Eval: 0.042%, Val: -0.126%
[I 2025-10-25 04:36:54,043] Trial 693 finished with value: -999.0 and parameters: {'w_boll': 0.3269141583493907, 'w_rsi': 0.19113637665712013, 'w_mom': 0.954013861611578, 'w_vwap': 1.8116484955796706, 'w_orb': 1.9632128906892516, 'w_ofi': 0.44891058982627957, 'w_vol': 1.815007045789569, 'win_boll': 14, 'win_rsi': 7, 'win_mom': 4, 'win_vwap': 11, 'orb_opening_bars': 48, 'vol_window': 11}. Best is trial 112 with value: 0.33399999999999996.
Trial 694: ACCEPT (degrade 6.7%) - Eval: 0.090%, Val: 0.084%
[I 2025-10-25 04:36:54,815] Trial 694 finished with value: 0.09 and parameters: {'w_boll': 0.43258546541425025, 'w_rsi': 0.4185632825582815, 'w_mom': 0.2562947659828988, 'w_vwap': 0.6689196508468274, 'w_orb': 1.8968122536416558, 'w_ofi': 1.8864986023343377, 'w_vol': 1.8687067389334757, 'win_boll': 13, 'win_rsi': 6, 'win_mom': 4, 'win_vwap': 12, 'orb_opening_bars': 47, 'vol_window': 13}. Best is trial 112 with value: 0.33399999999999996.
Trial 695: ACCEPT (degrade -1887.5%) - Eval: 0.008%, Val: 0.159%
