[I 2025-10-25 04:44:12,283] Trial 1265 finished with value: -0.156 and parameters: {'w_boll': 0.2903822349505128, 'w_rsi': 0.5711093720856473, 'w_mom': 0.13486816828703946, 'w_vwap': 0.7955547795424615, 'w_orb': 1.7997106453002405, 'w_ofi': 0.607130576199249, 'w_vol': 1.8103280594902789, 'win_boll': 12, 'win_rsi': 5, 'win_mom': 4, 'win_vwap': 13, 'orb_opening_bars': 46, 'vol_window': 13}. Best is trial 868 with value: 0.384.
Trial 1266: ACCEPT (degrade -175.6%) - Eval: 0.082%, Val: 0.226%
[I 2025-10-25 04:44:13,051] Trial 1266 finished with value: 0.082 and parameters: {'w_boll': 0.48922066715099227, 'w_rsi': 0.3361227434995118, 'w_mom': 0.17918960125872255, 'w_vwap': 1.6032629950285262, 'w_orb': 1.933291398203806, 'w_ofi': 0.44326911348353626, 'w_vol': 1.0170161431379512, 'win_boll': 15, 'win_rsi': 6, 'win_mom': 6, 'win_vwap': 14, 'orb_opening_bars': 40, 'vol_window': 10}. Best is trial 868 with value: 0.384.
Trial 1267: ACCEPT (degrade -59.1%) - Eval: 0.044%, Val: 0.070%
[I 2025-10-25 04:44:13,859] Trial 1267 finished with value: 0.044 and parameters: {'w_boll': 0.35529136501057723, 'w_rsi': 0.4036982033658804, 'w_mom': 1.1483980395896654, 'w_vwap': 1.0451810950833673, 'w_orb': 1.8887388426438538, 'w_ofi': 0.49856172911294705, 'w_vol': 1.9096333105620253, 'win_boll': 13, 'win_rsi': 7, 'win_mom': 7, 'win_vwap': 16, 'orb_opening_bars': 50, 'vol_window': 33}. Best is trial 868 with value: 0.384.
Trial 1268: ACCEPT (degrade -190.0%) - Eval: 0.050%, Val: 0.145%
[I 2025-10-25 04:44:14,625] Trial 1268 finished with value: 0.05 and parameters: {'w_boll': 0.44654583390887503, 'w_rsi': 0.1850013288908477, 'w_mom': 0.22477748771331013, 'w_vwap': 0.5898821975637755, 'w_orb': 1.9707284203386106, 'w_ofi': 1.9989008072530263, 'w_vol': 1.8678940427263924, 'win_boll': 11, 'win_rsi': 6, 'win_mom': 3, 'win_vwap': 15, 'orb_opening_bars': 48, 'vol_window': 12}. Best is trial 868 with value: 0.384.
Trial 1269: ACCEPT (degrade 3.6%) - Eval: 0.248%, Val: 0.239%
[I 2025-10-25 04:44:15,379] Trial 1269 finished with value: 0.248 and parameters: {'w_boll': 0.22760116911452916, 'w_rsi': 0.2562341561408067, 'w_mom': 1.4726567833286104, 'w_vwap': 0.7054034127543563, 'w_orb': 1.8530818106466131, 'w_ofi': 0.3822016072583155, 'w_vol': 1.9983015553702, 'win_boll': 12, 'win_rsi': 5, 'win_mom': 5, 'win_vwap': 12, 'orb_opening_bars': 47, 'vol_window': 10}. Best is trial 868 with value: 0.384.
Trial 1270: REJECT (overfit 100.4%) - Eval: 0.228%, Val: -0.001%
[I 2025-10-25 04:44:16,180] Trial 1270 finished with value: -999.0 and parameters: {'w_boll': 0.3855301256653541, 'w_rsi': 0.5000706748432836, 'w_mom': 1.3680928964820671, 'w_vwap': 0.631076126976811, 'w_orb': 1.9243751946281453, 'w_ofi': 1.7803255319558677, 'w_vol': 1.7783537553436588, 'win_boll': 15, 'win_rsi': 7, 'win_mom': 4, 'win_vwap': 10, 'orb_opening_bars': 49, 'vol_window': 11}. Best is trial 868 with value: 0.384.
Trial 1271: ACCEPT (degrade 0.0%) - Eval: -0.156%, Val: 0.009%
[I 2025-10-25 04:44:16,908] Trial 1271 finished with value: -0.156 and parameters: {'w_boll': 0.2665975502417184, 'w_rsi': 0.30300138813518035, 'w_mom': 0.27473306980231205, 'w_vwap': 0.7709254633464049, 'w_orb': 1.7428135106111655, 'w_ofi': 1.86801895490703, 'w_vol': 1.9350154438248763, 'win_boll': 14, 'win_rsi': 8, 'win_mom': 3, 'win_vwap': 11, 'orb_opening_bars': 50, 'vol_window': 13}. Best is trial 868 with value: 0.384.
Trial 1272: ACCEPT (degrade 0.0%) - Eval: -0.100%, Val: 0.266%
[I 2025-10-25 04:44:17,661] Trial 1272 finished with value: -0.1 and parameters: {'w_boll': 0.3220256878350314, 'w_rsi': 0.20533302794798547, 'w_mom': 1.3048305305554644, 'w_vwap': 0.6633786166176479, 'w_orb': 1.063059777810432, 'w_ofi': 1.9306783416307143, 'w_vol': 1.8350503294477656, 'win_boll': 16, 'win_rsi': 6, 'win_mom': 5, 'win_vwap': 13, 'orb_opening_bars': 49, 'vol_window': 12}. Best is trial 868 with value: 0.384.
Trial 1273: ACCEPT (degrade -5.3%) - Eval: 0.206%, Val: 0.217%
[I 2025-10-25 04:44:18,417] Trial 1273 finished with value: 0.20600000000000002 and parameters: {'w_boll': 0.41810340354950404, 'w_rsi': 0.44197558696149203, 'w_mom': 0.1709278195041845, 'w_vwap': 1.4275195447724796, 'w_orb': 1.882899251770523, 'w_ofi': 0.7709910444452132, 'w_vol': 1.8787569239101736, 'win_boll': 13, 'win_rsi': 7, 'win_mom': 3, 'win_vwap': 14, 'orb_opening_bars': 47, 'vol_window': 11}. Best is trial 868 with value: 0.384.
Trial 1274: ACCEPT (degrade 0.0%) - Eval: -0.174%, Val: 0.172%
[I 2025-10-25 04:44:19,170] Trial 1274 finished with value: -0.174 and parameters: {'w_boll': 0.3391905213954728, 'w_rsi': 0.35004889447078263, 'w_mom': 1.2302619419153333, 'w_vwap': 0.8421010284046615, 'w_orb': 1.997419939757784, 'w_ofi': 0.5674835774120616, 'w_vol': 1.9169594684000575, 'win_boll': 17, 'win_rsi': 5, 'win_mom': 6, 'win_vwap': 12, 'orb_opening_bars': 48, 'vol_window': 20}. Best is trial 868 with value: 0.384.
Trial 1275: REJECT (overfit 88.4%) - Eval: 0.086%, Val: 0.010%
[I 2025-10-25 04:44:19,929] Trial 1275 finished with value: -999.0 and parameters: {'w_boll': 0.4657726037899519, 'w_rsi': 0.15853645472997754, 'w_mom': 1.42772609802486, 'w_vwap': 0.5222216267526614, 'w_orb': 1.941177276791346, 'w_ofi': 0.72134324314246, 'w_vol': 1.738045134169147, 'win_boll': 14, 'win_rsi': 6, 'win_mom': 4, 'win_vwap': 11, 'orb_opening_bars': 49, 'vol_window': 12}. Best is trial 868 with value: 0.384.
Trial 1276: ACCEPT (degrade -312.2%) - Eval: 0.074%, Val: 0.305%
[I 2025-10-25 04:44:20,684] Trial 1276 finished with value: 0.074 and parameters: {'w_boll': 0.3655195561723997, 'w_rsi': 0.2664176944382268, 'w_mom': 0.13250545214274273, 'w_vwap': 0.7299998394788274, 'w_orb': 1.8048514046880106, 'w_ofi': 1.753178432560505, 'w_vol': 1.8128545051730567, 'win_boll': 12, 'win_rsi': 7, 'win_mom': 8, 'win_vwap': 12, 'orb_opening_bars': 50, 'vol_window': 15}. Best is trial 868 with value: 0.384.
Trial 1277: ACCEPT (degrade 0.0%) - Eval: -0.084%, Val: 0.200%
[I 2025-10-25 04:44:21,437] Trial 1277 finished with value: -0.08399999999999998 and parameters: {'w_boll': 0.4008329261574948, 'w_rsi': 1.229723282189933, 'w_mom': 1.2780754329235269, 'w_vwap': 0.6202449280651757, 'w_orb': 1.8528586233445392, 'w_ofi': 1.9526788054483164, 'w_vol': 1.8560724962822859, 'win_boll': 13, 'win_rsi': 9, 'win_mom': 7, 'win_vwap': 15, 'orb_opening_bars': 48, 'vol_window': 10}. Best is trial 868 with value: 0.384.
Trial 1278: ACCEPT (degrade -34.4%) - Eval: 0.212%, Val: 0.285%
[I 2025-10-25 04:44:22,244] Trial 1278 finished with value: 0.21199999999999997 and parameters: {'w_boll': 0.290674488184695, 'w_rsi': 0.37943664967630747, 'w_mom': 0.321584350455854, 'w_vwap': 0.6817507341796919, 'w_orb': 1.9130832555733064, 'w_ofi': 1.815740766866132, 'w_vol': 1.9600539703630235, 'win_boll': 14, 'win_rsi': 6, 'win_mom': 5, 'win_vwap': 18, 'orb_opening_bars': 28, 'vol_window': 11}. Best is trial 868 with value: 0.384.
Trial 1279: ACCEPT (degrade -576.5%) - Eval: 0.034%, Val: 0.230%
[I 2025-10-25 04:44:22,975] Trial 1279 finished with value: 0.03400000000000001 and parameters: {'w_boll': 0.43858593493727205, 'w_rsi': 0.22725539605842815, 'w_mom': 0.21176335068443194, 'w_vwap': 0.794636357156273, 'w_orb': 1.9641502745066597, 'w_ofi': 0.4742067446397224, 'w_vol': 1.7977937976053353, 'win_boll': 11, 'win_rsi': 10, 'win_mom': 4, 'win_vwap': 10, 'orb_opening_bars': 46, 'vol_window': 13}. Best is trial 868 with value: 0.384.
Trial 1280: REJECT (overfit 55.5%) - Eval: 0.146%, Val: 0.065%
[I 2025-10-25 04:44:23,728] Trial 1280 finished with value: -999.0 and parameters: {'w_boll': 0.4947652222639144, 'w_rsi': 0.32991861871787026, 'w_mom': 0.1582596366668994, 'w_vwap': 0.5610455514242643, 'w_orb': 1.885633535180485, 'w_ofi': 0.3116798046856255, 'w_vol': 1.8892819984499558, 'win_boll': 15, 'win_rsi': 5, 'win_mom': 3, 'win_vwap': 16, 'orb_opening_bars': 50, 'vol_window': 10}. Best is trial 868 with value: 0.384.
Trial 1281: ACCEPT (degrade -201.5%) - Eval: 0.066%, Val: 0.199%
[I 2025-10-25 04:44:24,491] Trial 1281 finished with value: 0.06600000000000003 and parameters: {'w_boll': 0.20303711763204665, 'w_rsi': 0.8531230627795927, 'w_mom': 1.3463364900892274, 'w_vwap': 0.7285115584855577, 'w_orb': 1.835201752440248, 'w_ofi': 1.8967529208252254, 'w_vol': 1.7649113531873615, 'win_boll': 23, 'win_rsi': 8, 'win_mom': 3, 'win_vwap': 17, 'orb_opening_bars': 49, 'vol_window': 14}. Best is trial 868 with value: 0.384.Best trial: 868. Best value: 0.384:  65%|██████▍   | 1298/2000 [16:35<09:04,  1.29it/s]Best trial: 868. Best value: 0.384:  65%|██████▍   | 1298/2000 [16:35<09:04,  1.29it/s]Best trial: 868. Best value: 0.384:  65%|██████▍   | 1299/2000 [16:35<09:08,  1.28it/s]                                                                                       Best trial: 868. Best value: 0.384:  65%|██████▍   | 1299/2000 [16:35<09:08,  1.28it/s]Best trial: 868. Best value: 0.384:  65%|██████▍   | 1299/2000 [16:35<09:08,  1.28it/s]Best trial: 868. Best value: 0.384:  65%|██████▌   | 1300/2000 [16:35<09:01,  1.29it/s]                                                                                       Best trial: 868. Best value: 0.384:  65%|██████▌   | 1300/2000 [16:36<09:01,  1.29it/s]Best trial: 868. Best value: 0.384:  65%|██████▌   | 1300/2000 [16:36<09:01,  1.29it/s]Best trial: 868. Best value: 0.384:  65%|██████▌   | 1301/2000 [16:36<08:52,  1.31it/s]                                                                                       Best trial: 868. Best value: 0.384:  65%|██████▌   | 1301/2000 [16:37<08:52,  1.31it/s]Best trial: 868. Best value: 0.384:  65%|██████▌   | 1301/2000 [16:37<08:52,  1.31it/s]Best trial: 868. Best value: 0.384:  65%|██████▌   | 1302/2000 [16:37<08:49,  1.32it/s]                                                                                       Best trial: 868. Best value: 0.384:  65%|██████▌   | 1302/2000 [16:38<08:49,  1.32it/s]Best trial: 868. Best value: 0.384:  65%|██████▌   | 1302/2000 [16:38<08:49,  1.32it/s]Best trial: 868. Best value: 0.384:  65%|██████▌   | 1303/2000 [16:38<08:57,  1.30it/s]                                                                                       Best trial: 868. Best value: 0.384:  65%|██████▌   | 1303/2000 [16:38<08:57,  1.30it/s]Best trial: 868. Best value: 0.384:  65%|██████▌   | 1303/2000 [16:38<08:57,  1.30it/s]Best trial: 868. Best value: 0.384:  65%|██████▌   | 1304/2000 [16:38<08:55,  1.30it/s]                                                                                       Best trial: 868. Best value: 0.384:  65%|██████▌   | 1304/2000 [16:39<08:55,  1.30it/s]Best trial: 868. Best value: 0.384:  65%|██████▌   | 1304/2000 [16:39<08:55,  1.30it/s]Best trial: 868. Best value: 0.384:  65%|██████▌   | 1305/2000 [16:39<08:52,  1.31it/s]                                                                                       Best trial: 868. Best value: 0.384:  65%|██████▌   | 1305/2000 [16:40<08:52,  1.31it/s]Best trial: 868. Best value: 0.384:  65%|██████▌   | 1305/2000 [16:40<08:52,  1.31it/s]Best trial: 868. Best value: 0.384:  65%|██████▌   | 1306/2000 [16:40<08:42,  1.33it/s]                                                                                       Best trial: 868. Best value: 0.384:  65%|██████▌   | 1306/2000 [16:41<08:42,  1.33it/s]Best trial: 868. Best value: 0.384:  65%|██████▌   | 1306/2000 [16:41<08:42,  1.33it/s]Best trial: 868. Best value: 0.384:  65%|██████▌   | 1307/2000 [16:41<08:50,  1.31it/s]                                                                                       Best trial: 868. Best value: 0.384:  65%|██████▌   | 1307/2000 [16:42<08:50,  1.31it/s]Best trial: 868. Best value: 0.384:  65%|██████▌   | 1307/2000 [16:42<08:50,  1.31it/s]Best trial: 868. Best value: 0.384:  65%|██████▌   | 1308/2000 [16:42<08:47,  1.31it/s]                                                                                       Best trial: 868. Best value: 0.384:  65%|██████▌   | 1308/2000 [16:42<08:47,  1.31it/s]Best trial: 868. Best value: 0.384:  65%|██████▌   | 1308/2000 [16:42<08:47,  1.31it/s]Best trial: 868. Best value: 0.384:  65%|██████▌   | 1309/2000 [16:42<08:44,  1.32it/s]                                                                                       Best trial: 868. Best value: 0.384:  65%|██████▌   | 1309/2000 [16:43<08:44,  1.32it/s]Best trial: 868. Best value: 0.384:  65%|██████▌   | 1309/2000 [16:43<08:44,  1.32it/s]Best trial: 868. Best value: 0.384:  66%|██████▌   | 1310/2000 [16:43<08:36,  1.33it/s]                                                                                       Best trial: 868. Best value: 0.384:  66%|██████▌   | 1310/2000 [16:44<08:36,  1.33it/s]Best trial: 868. Best value: 0.384:  66%|██████▌   | 1310/2000 [16:44<08:36,  1.33it/s]Best trial: 868. Best value: 0.384:  66%|██████▌   | 1311/2000 [16:44<08:41,  1.32it/s]                                                                                       Best trial: 868. Best value: 0.384:  66%|██████▌   | 1311/2000 [16:45<08:41,  1.32it/s]Best trial: 868. Best value: 0.384:  66%|██████▌   | 1311/2000 [16:45<08:41,  1.32it/s]Best trial: 868. Best value: 0.384:  66%|██████▌   | 1312/2000 [16:45<08:54,  1.29it/s]                                                                                       Best trial: 868. Best value: 0.384:  66%|██████▌   | 1312/2000 [16:45<08:54,  1.29it/s]Best trial: 868. Best value: 0.384:  66%|██████▌   | 1312/2000 [16:45<08:54,  1.29it/s]Best trial: 868. Best value: 0.384:  66%|██████▌   | 1313/2000 [16:45<08:48,  1.30it/s]                                                                                       Best trial: 868. Best value: 0.384:  66%|██████▌   | 1313/2000 [16:46<08:48,  1.30it/s]Best trial: 868. Best value: 0.384:  66%|██████▌   | 1313/2000 [16:46<08:48,  1.30it/s]Best trial: 868. Best value: 0.384:  66%|██████▌   | 1314/2000 [16:46<08:40,  1.32it/s]                                                                                       Best trial: 868. Best value: 0.384:  66%|██████▌   | 1314/2000 [16:47<08:40,  1.32it/s]Best trial: 868. Best value: 0.384:  66%|██████▌   | 1314/2000 [16:47<08:40,  1.32it/s]Best trial: 868. Best value: 0.384:  66%|██████▌   | 1315/2000 [16:47<08:47,  1.30it/s]                                                                                       
Trial 1282: ACCEPT (degrade -130.0%) - Eval: 0.090%, Val: 0.207%
[I 2025-10-25 04:44:25,291] Trial 1282 finished with value: 0.09 and parameters: {'w_boll': 0.3350584614165389, 'w_rsi': 0.4255421436519947, 'w_mom': 0.40894532006793205, 'w_vwap': 0.5996998122561413, 'w_orb': 1.9984892659972657, 'w_ofi': 0.36133837216568576, 'w_vol': 1.93721347860609, 'win_boll': 13, 'win_rsi': 6, 'win_mom': 4, 'win_vwap': 13, 'orb_opening_bars': 48, 'vol_window': 12}. Best is trial 868 with value: 0.384.
Trial 1283: ACCEPT (degrade -248.4%) - Eval: 0.064%, Val: 0.223%
[I 2025-10-25 04:44:26,108] Trial 1283 finished with value: 0.06400000000000002 and parameters: {'w_boll': 0.6846206039253897, 'w_rsi': 0.2959441909056903, 'w_mom': 0.24557472386621576, 'w_vwap': 0.6750380127129415, 'w_orb': 1.7707111203432087, 'w_ofi': 0.40206061917032626, 'w_vol': 1.8412278096025978, 'win_boll': 12, 'win_rsi': 7, 'win_mom': 9, 'win_vwap': 30, 'orb_opening_bars': 47, 'vol_window': 11}. Best is trial 868 with value: 0.384.
Trial 1284: ACCEPT (degrade 0.0%) - Eval: -0.122%, Val: 0.028%
[I 2025-10-25 04:44:26,843] Trial 1284 finished with value: -0.122 and parameters: {'w_boll': 0.25458642023810296, 'w_rsi': 0.5479576638566775, 'w_mom': 1.551652003421976, 'w_vwap': 0.7588495160167278, 'w_orb': 1.4499022008864202, 'w_ofi': 0.6945474068850056, 'w_vol': 1.7182860952222296, 'win_boll': 15, 'win_rsi': 5, 'win_mom': 5, 'win_vwap': 14, 'orb_opening_bars': 49, 'vol_window': 10}. Best is trial 868 with value: 0.384.
Trial 1285: ACCEPT (degrade 0.0%) - Eval: -0.114%, Val: 0.175%
[I 2025-10-25 04:44:27,589] Trial 1285 finished with value: -0.11400000000000002 and parameters: {'w_boll': 0.38586309798742036, 'w_rsi': 0.25107792595765593, 'w_mom': 0.13015720233024067, 'w_vwap': 0.6999339997825766, 'w_orb': 1.938283422215646, 'w_ofi': 1.8457117605646078, 'w_vol': 1.8968428322608109, 'win_boll': 16, 'win_rsi': 15, 'win_mom': 6, 'win_vwap': 39, 'orb_opening_bars': 50, 'vol_window': 16}. Best is trial 868 with value: 0.384.
Trial 1286: ACCEPT (degrade 0.0%) - Eval: -0.098%, Val: 0.133%
[I 2025-10-25 04:44:28,379] Trial 1286 finished with value: -0.09799999999999998 and parameters: {'w_boll': 0.422137966255019, 'w_rsi': 0.626384320862915, 'w_mom': 0.2002948201362409, 'w_vwap': 0.6401243861931352, 'w_orb': 1.9081130141517841, 'w_ofi': 0.5247076577529504, 'w_vol': 1.9655535423613129, 'win_boll': 14, 'win_rsi': 6, 'win_mom': 4, 'win_vwap': 11, 'orb_opening_bars': 48, 'vol_window': 23}. Best is trial 868 with value: 0.384.
Trial 1287: ACCEPT (degrade 0.0%) - Eval: -0.004%, Val: 0.202%
[I 2025-10-25 04:44:29,128] Trial 1287 finished with value: -0.004000000000000008 and parameters: {'w_boll': 0.316930054446666, 'w_rsi': 0.19944698857986567, 'w_mom': 1.3012847397196279, 'w_vwap': 0.8220225565532654, 'w_orb': 1.9647692788314561, 'w_ofi': 1.1408060068726038, 'w_vol': 1.8465159929286536, 'win_boll': 11, 'win_rsi': 7, 'win_mom': 6, 'win_vwap': 31, 'orb_opening_bars': 50, 'vol_window': 13}. Best is trial 868 with value: 0.384.
Trial 1288: ACCEPT (degrade 0.0%) - Eval: -0.080%, Val: 0.190%
[I 2025-10-25 04:44:29,861] Trial 1288 finished with value: -0.08 and parameters: {'w_boll': 0.1575772661574271, 'w_rsi': 0.39145390165189653, 'w_mom': 0.16783471697660185, 'w_vwap': 1.2023052352879613, 'w_orb': 1.8761931289726375, 'w_ofi': 1.9256559126881212, 'w_vol': 1.7981624903019742, 'win_boll': 13, 'win_rsi': 6, 'win_mom': 3, 'win_vwap': 12, 'orb_opening_bars': 47, 'vol_window': 11}. Best is trial 868 with value: 0.384.
Trial 1289: ACCEPT (degrade -1361.1%) - Eval: 0.018%, Val: 0.263%
[I 2025-10-25 04:44:31,696] Trial 1289 finished with value: 0.018000000000000006 and parameters: {'w_boll': 0.36014537888927367, 'w_rsi': 0.4763326836332878, 'w_mom': 0.10018238403260449, 'w_vwap': 0.4527470135192259, 'w_orb': 1.7964666718788864, 'w_ofi': 0.6202738986767515, 'w_vol': 1.675892387285724, 'win_boll': 17, 'win_rsi': 8, 'win_mom': 7, 'win_vwap': 13, 'orb_opening_bars': 38, 'vol_window': 12}. Best is trial 868 with value: 0.384.
Trial 1290: ACCEPT (degrade 0.0%) - Eval: -0.152%, Val: 0.147%
[I 2025-10-25 04:44:32,452] Trial 1290 finished with value: -0.152 and parameters: {'w_boll': 0.4675517308398836, 'w_rsi': 0.3439434366343225, 'w_mom': 1.3815737014485825, 'w_vwap': 0.7659558385769457, 'w_orb': 1.931921027907995, 'w_ofi': 0.44225662267810883, 'w_vol': 1.9367974661204348, 'win_boll': 12, 'win_rsi': 23, 'win_mom': 10, 'win_vwap': 10, 'orb_opening_bars': 48, 'vol_window': 10}. Best is trial 868 with value: 0.384.
Trial 1291: REJECT (overfit 88.9%) - Eval: 0.398%, Val: 0.044%
[I 2025-10-25 04:44:33,213] Trial 1291 finished with value: -999.0 and parameters: {'w_boll': 0.28964482911387707, 'w_rsi': 0.29139574296209453, 'w_mom': 1.2517904939349804, 'w_vwap': 0.7106624375861146, 'w_orb': 1.8447250546927023, 'w_ofi': 0.6450796963032958, 'w_vol': 1.8723923791935178, 'win_boll': 15, 'win_rsi': 5, 'win_mom': 5, 'win_vwap': 12, 'orb_opening_bars': 49, 'vol_window': 11}. Best is trial 868 with value: 0.384.
Trial 1292: ACCEPT (degrade 0.0%) - Eval: -0.142%, Val: 0.147%
[I 2025-10-25 04:44:33,947] Trial 1292 finished with value: -0.142 and parameters: {'w_boll': 0.39181045492253225, 'w_rsi': 0.23556201852561742, 'w_mom': 1.2115959375826857, 'w_vwap': 0.8736090288229591, 'w_orb': 1.9697005606659928, 'w_ofi': 1.9518626512752404, 'w_vol': 1.763578576260005, 'win_boll': 14, 'win_rsi': 7, 'win_mom': 4, 'win_vwap': 11, 'orb_opening_bars': 46, 'vol_window': 12}. Best is trial 868 with value: 0.384.
Trial 1293: REJECT (overfit 550.0%) - Eval: 0.006%, Val: -0.027%
[I 2025-10-25 04:44:34,703] Trial 1293 finished with value: -999.0 and parameters: {'w_boll': 0.43885679151495316, 'w_rsi': 0.5214175367707914, 'w_mom': 0.2781503338319229, 'w_vwap': 0.5992515155107222, 'w_orb': 1.9053541763300104, 'w_ofi': 1.9721653009455284, 'w_vol': 1.9091833708280326, 'win_boll': 13, 'win_rsi': 6, 'win_mom': 3, 'win_vwap': 13, 'orb_opening_bars': 39, 'vol_window': 21}. Best is trial 868 with value: 0.384.
Trial 1294: ACCEPT (degrade 0.0%) - Eval: -0.200%, Val: 0.240%
[I 2025-10-25 04:44:35,502] Trial 1294 finished with value: -0.2 and parameters: {'w_boll': 0.33498850612966147, 'w_rsi': 0.16465964550209744, 'w_mom': 0.22392685455121905, 'w_vwap': 0.6469769149443301, 'w_orb': 1.865075714319334, 'w_ofi': 1.8809965013969283, 'w_vol': 1.811421683231069, 'win_boll': 25, 'win_rsi': 7, 'win_mom': 6, 'win_vwap': 11, 'orb_opening_bars': 32, 'vol_window': 11}. Best is trial 868 with value: 0.384.
Trial 1295: REJECT (overfit 126.0%) - Eval: 0.204%, Val: -0.053%
[I 2025-10-25 04:44:36,261] Trial 1295 finished with value: -999.0 and parameters: {'w_boll': 0.2381901742681139, 'w_rsi': 0.37116276374830925, 'w_mom': 1.176361560696299, 'w_vwap': 0.5185608747867482, 'w_orb': 1.9323521682003066, 'w_ofi': 1.7909248485731812, 'w_vol': 1.532930059163781, 'win_boll': 11, 'win_rsi': 5, 'win_mom': 4, 'win_vwap': 27, 'orb_opening_bars': 50, 'vol_window': 14}. Best is trial 868 with value: 0.384.
Trial 1296: ACCEPT (degrade -1406.7%) - Eval: 0.030%, Val: 0.452%
[I 2025-10-25 04:44:37,007] Trial 1296 finished with value: 0.03 and parameters: {'w_boll': 0.4892619153352189, 'w_rsi': 0.31201245886508955, 'w_mom': 0.1334092304361157, 'w_vwap': 0.737536174341482, 'w_orb': 1.8182630897578558, 'w_ofi': 0.7262627837118264, 'w_vol': 1.9981357166759333, 'win_boll': 16, 'win_rsi': 6, 'win_mom': 3, 'win_vwap': 15, 'orb_opening_bars': 26, 'vol_window': 13}. Best is trial 868 with value: 0.384.
Trial 1297: ACCEPT (degrade -31.7%) - Eval: 0.202%, Val: 0.266%
