[I 2025-10-25 04:52:41,645] Trial 1927 finished with value: -0.248 and parameters: {'w_boll': 0.2552355957090292, 'w_rsi': 0.3793831745393499, 'w_mom': 1.461949522098069, 'w_vwap': 1.1353394341791267, 'w_orb': 0.1615936318164337, 'w_ofi': 0.6594412239984779, 'w_vol': 1.04205902636303, 'win_boll': 20, 'win_rsi': 24, 'win_mom': 6, 'win_vwap': 40, 'orb_opening_bars': 26, 'vol_window': 12}. Best is trial 868 with value: 0.384.Best trial: 868. Best value: 0.384:  97%|█████████▋| 1944/2000 [24:51<00:42,  1.31it/s]Best trial: 868. Best value: 0.384:  97%|█████████▋| 1944/2000 [24:51<00:42,  1.31it/s]Best trial: 868. Best value: 0.384:  97%|█████████▋| 1945/2000 [24:51<00:42,  1.31it/s]                                                                                       Best trial: 868. Best value: 0.384:  97%|█████████▋| 1945/2000 [24:52<00:42,  1.31it/s]Best trial: 868. Best value: 0.384:  97%|█████████▋| 1945/2000 [24:52<00:42,  1.31it/s]Best trial: 868. Best value: 0.384:  97%|█████████▋| 1946/2000 [24:52<00:41,  1.30it/s]                                                                                       Best trial: 868. Best value: 0.384:  97%|█████████▋| 1946/2000 [24:52<00:41,  1.30it/s]Best trial: 868. Best value: 0.384:  97%|█████████▋| 1946/2000 [24:52<00:41,  1.30it/s]Best trial: 868. Best value: 0.384:  97%|█████████▋| 1947/2000 [24:52<00:40,  1.30it/s]                                                                                       Best trial: 868. Best value: 0.384:  97%|█████████▋| 1947/2000 [24:53<00:40,  1.30it/s]Best trial: 868. Best value: 0.384:  97%|█████████▋| 1947/2000 [24:53<00:40,  1.30it/s]Best trial: 868. Best value: 0.384:  97%|█████████▋| 1948/2000 [24:53<00:39,  1.31it/s]                                                                                       Best trial: 868. Best value: 0.384:  97%|█████████▋| 1948/2000 [24:54<00:39,  1.31it/s]Best trial: 868. Best value: 0.384:  97%|█████████▋| 1948/2000 [24:54<00:39,  1.31it/s]Best trial: 868. Best value: 0.384:  97%|█████████▋| 1949/2000 [24:54<00:38,  1.31it/s]                                                                                       Best trial: 868. Best value: 0.384:  97%|█████████▋| 1949/2000 [24:55<00:38,  1.31it/s]Best trial: 868. Best value: 0.384:  97%|█████████▋| 1949/2000 [24:55<00:38,  1.31it/s]Best trial: 868. Best value: 0.384:  98%|█████████▊| 1950/2000 [24:55<00:38,  1.29it/s]                                                                                       Best trial: 868. Best value: 0.384:  98%|█████████▊| 1950/2000 [24:56<00:38,  1.29it/s]Best trial: 868. Best value: 0.384:  98%|█████████▊| 1950/2000 [24:56<00:38,  1.29it/s]Best trial: 868. Best value: 0.384:  98%|█████████▊| 1951/2000 [24:56<00:37,  1.29it/s]                                                                                       Best trial: 868. Best value: 0.384:  98%|█████████▊| 1951/2000 [24:56<00:37,  1.29it/s]Best trial: 868. Best value: 0.384:  98%|█████████▊| 1951/2000 [24:56<00:37,  1.29it/s]Best trial: 868. Best value: 0.384:  98%|█████████▊| 1952/2000 [24:56<00:38,  1.26it/s]                                                                                       Best trial: 868. Best value: 0.384:  98%|█████████▊| 1952/2000 [24:57<00:38,  1.26it/s]Best trial: 868. Best value: 0.384:  98%|█████████▊| 1952/2000 [24:57<00:38,  1.26it/s]Best trial: 868. Best value: 0.384:  98%|█████████▊| 1953/2000 [24:57<00:36,  1.29it/s]                                                                                       Best trial: 868. Best value: 0.384:  98%|█████████▊| 1953/2000 [24:58<00:36,  1.29it/s]Best trial: 868. Best value: 0.384:  98%|█████████▊| 1953/2000 [24:58<00:36,  1.29it/s]Best trial: 868. Best value: 0.384:  98%|█████████▊| 1954/2000 [24:58<00:35,  1.30it/s]                                                                                       Best trial: 868. Best value: 0.384:  98%|█████████▊| 1954/2000 [24:59<00:35,  1.30it/s]Best trial: 868. Best value: 0.384:  98%|█████████▊| 1954/2000 [24:59<00:35,  1.30it/s]Best trial: 868. Best value: 0.384:  98%|█████████▊| 1955/2000 [24:59<00:34,  1.29it/s]                                                                                       Best trial: 868. Best value: 0.384:  98%|█████████▊| 1955/2000 [24:59<00:34,  1.29it/s]Best trial: 868. Best value: 0.384:  98%|█████████▊| 1955/2000 [24:59<00:34,  1.29it/s]Best trial: 868. Best value: 0.384:  98%|█████████▊| 1956/2000 [24:59<00:33,  1.30it/s]                                                                                       Best trial: 868. Best value: 0.384:  98%|█████████▊| 1956/2000 [25:00<00:33,  1.30it/s]Best trial: 868. Best value: 0.384:  98%|█████████▊| 1956/2000 [25:00<00:33,  1.30it/s]Best trial: 868. Best value: 0.384:  98%|█████████▊| 1957/2000 [25:00<00:32,  1.32it/s]                                                                                       Best trial: 868. Best value: 0.384:  98%|█████████▊| 1957/2000 [25:01<00:32,  1.32it/s]Best trial: 868. Best value: 0.384:  98%|█████████▊| 1957/2000 [25:01<00:32,  1.32it/s]Best trial: 868. Best value: 0.384:  98%|█████████▊| 1958/2000 [25:01<00:32,  1.31it/s]                                                                                       Best trial: 868. Best value: 0.384:  98%|█████████▊| 1958/2000 [25:02<00:32,  1.31it/s]Best trial: 868. Best value: 0.384:  98%|█████████▊| 1958/2000 [25:02<00:32,  1.31it/s]Best trial: 868. Best value: 0.384:  98%|█████████▊| 1959/2000 [25:02<00:31,  1.31it/s]                                                                                       Best trial: 868. Best value: 0.384:  98%|█████████▊| 1959/2000 [25:02<00:31,  1.31it/s]Best trial: 868. Best value: 0.384:  98%|█████████▊| 1959/2000 [25:02<00:31,  1.31it/s]Best trial: 868. Best value: 0.384:  98%|█████████▊| 1960/2000 [25:02<00:30,  1.31it/s]                                                                                       Best trial: 868. Best value: 0.384:  98%|█████████▊| 1960/2000 [25:03<00:30,  1.31it/s]Best trial: 868. Best value: 0.384:  98%|█████████▊| 1960/2000 [25:03<00:30,  1.31it/s]Best trial: 868. Best value: 0.384:  98%|█████████▊| 1961/2000 [25:03<00:29,  1.33it/s]                                                                                       
Trial 1928: ACCEPT (degrade -1643.7%) - Eval: 0.016%, Val: 0.279%
[I 2025-10-25 04:52:42,442] Trial 1928 finished with value: 0.016000000000000014 and parameters: {'w_boll': 0.10504757679328097, 'w_rsi': 0.13318916746161333, 'w_mom': 1.5383540029718517, 'w_vwap': 1.0366393302704435, 'w_orb': 1.964987586071715, 'w_ofi': 0.7047757988342074, 'w_vol': 0.9327144378620494, 'win_boll': 21, 'win_rsi': 12, 'win_mom': 6, 'win_vwap': 36, 'orb_opening_bars': 24, 'vol_window': 10}. Best is trial 868 with value: 0.384.
Trial 1929: ACCEPT (degrade -70.7%) - Eval: 0.174%, Val: 0.297%
[I 2025-10-25 04:52:43,217] Trial 1929 finished with value: 0.17400000000000002 and parameters: {'w_boll': 0.16979837366049147, 'w_rsi': 0.43422233273838157, 'w_mom': 1.390944919120968, 'w_vwap': 0.8308222528163183, 'w_orb': 1.838492208216142, 'w_ofi': 0.6930623795334564, 'w_vol': 0.8948645225354719, 'win_boll': 23, 'win_rsi': 6, 'win_mom': 5, 'win_vwap': 38, 'orb_opening_bars': 28, 'vol_window': 12}. Best is trial 868 with value: 0.384.
Trial 1930: ACCEPT (degrade 0.0%) - Eval: -0.018%, Val: 0.178%
[I 2025-10-25 04:52:43,968] Trial 1930 finished with value: -0.01799999999999997 and parameters: {'w_boll': 0.1000464528035935, 'w_rsi': 0.6509115349364154, 'w_mom': 1.2977011036783486, 'w_vwap': 1.1072823550702737, 'w_orb': 1.9260913055795725, 'w_ofi': 0.7540640135186282, 'w_vol': 1.0694780814108, 'win_boll': 24, 'win_rsi': 10, 'win_mom': 18, 'win_vwap': 39, 'orb_opening_bars': 23, 'vol_window': 11}. Best is trial 868 with value: 0.384.
Trial 1931: ACCEPT (degrade -77.6%) - Eval: 0.246%, Val: 0.437%
[I 2025-10-25 04:52:44,721] Trial 1931 finished with value: 0.246 and parameters: {'w_boll': 0.25085215586168014, 'w_rsi': 0.4943302463881579, 'w_mom': 1.3144571796336206, 'w_vwap': 1.071475911972173, 'w_orb': 1.880951612651469, 'w_ofi': 0.7944424853307093, 'w_vol': 0.7884929656020201, 'win_boll': 22, 'win_rsi': 7, 'win_mom': 5, 'win_vwap': 36, 'orb_opening_bars': 30, 'vol_window': 10}. Best is trial 868 with value: 0.384.
Trial 1932: ACCEPT (degrade -181.4%) - Eval: 0.102%, Val: 0.287%
[I 2025-10-25 04:52:45,537] Trial 1932 finished with value: 0.10199999999999998 and parameters: {'w_boll': 0.2009023706898953, 'w_rsi': 0.3663912965785593, 'w_mom': 1.2489706946837298, 'w_vwap': 0.8504620836674456, 'w_orb': 1.9389196966247637, 'w_ofi': 0.667102226356739, 'w_vol': 1.0141013515583888, 'win_boll': 20, 'win_rsi': 7, 'win_mom': 5, 'win_vwap': 39, 'orb_opening_bars': 25, 'vol_window': 15}. Best is trial 868 with value: 0.384.
Trial 1933: ACCEPT (degrade -18.4%) - Eval: 0.098%, Val: 0.116%
[I 2025-10-25 04:52:46,333] Trial 1933 finished with value: 0.09800000000000002 and parameters: {'w_boll': 0.27140464607622544, 'w_rsi': 0.5364287304612643, 'w_mom': 1.3528833778206475, 'w_vwap': 0.8370815898487425, 'w_orb': 1.8677672798788514, 'w_ofi': 0.8125525899384634, 'w_vol': 0.8653901639904112, 'win_boll': 21, 'win_rsi': 6, 'win_mom': 6, 'win_vwap': 36, 'orb_opening_bars': 27, 'vol_window': 11}. Best is trial 868 with value: 0.384.
Trial 1934: ACCEPT (degrade 0.0%) - Eval: -0.006%, Val: 0.124%
[I 2025-10-25 04:52:47,156] Trial 1934 finished with value: -0.005999999999999991 and parameters: {'w_boll': 0.21889162623552494, 'w_rsi': 0.4256821253754734, 'w_mom': 1.4839351741730413, 'w_vwap': 1.0716912525830413, 'w_orb': 1.9705426044950105, 'w_ofi': 1.2097850787042943, 'w_vol': 0.9396965509225214, 'win_boll': 21, 'win_rsi': 5, 'win_mom': 10, 'win_vwap': 36, 'orb_opening_bars': 29, 'vol_window': 43}. Best is trial 868 with value: 0.384.
Trial 1935: ACCEPT (degrade 0.0%) - Eval: -0.254%, Val: 0.277%
[I 2025-10-25 04:52:47,889] Trial 1935 finished with value: -0.254 and parameters: {'w_boll': 0.15410382686696333, 'w_rsi': 0.46002119112965567, 'w_mom': 0.8520201739716877, 'w_vwap': 1.0215590388733855, 'w_orb': 1.9119738226622383, 'w_ofi': 0.691163929425208, 'w_vol': 1.013655593119599, 'win_boll': 23, 'win_rsi': 14, 'win_mom': 6, 'win_vwap': 27, 'orb_opening_bars': 30, 'vol_window': 14}. Best is trial 868 with value: 0.384.
Trial 1936: ACCEPT (degrade 0.0%) - Eval: -0.070%, Val: 0.126%
[I 2025-10-25 04:52:48,645] Trial 1936 finished with value: -0.06999999999999999 and parameters: {'w_boll': 0.27331230768141324, 'w_rsi': 0.3728939110089651, 'w_mom': 1.4266958552257547, 'w_vwap': 1.0966701713739864, 'w_orb': 1.875415813603662, 'w_ofi': 0.7524854702696437, 'w_vol': 0.9470487292208427, 'win_boll': 22, 'win_rsi': 8, 'win_mom': 5, 'win_vwap': 40, 'orb_opening_bars': 28, 'vol_window': 12}. Best is trial 868 with value: 0.384.
Trial 1937: ACCEPT (degrade 0.0%) - Eval: -0.046%, Val: 0.486%
[I 2025-10-25 04:52:49,405] Trial 1937 finished with value: -0.046000000000000006 and parameters: {'w_boll': 0.2306235177328883, 'w_rsi': 0.4930099808842463, 'w_mom': 1.2338247091175218, 'w_vwap': 0.8433429208606182, 'w_orb': 1.9692402379661944, 'w_ofi': 0.7249801123904621, 'w_vol': 0.9858594881674242, 'win_boll': 23, 'win_rsi': 6, 'win_mom': 5, 'win_vwap': 37, 'orb_opening_bars': 31, 'vol_window': 12}. Best is trial 868 with value: 0.384.
Trial 1938: ACCEPT (degrade -169.0%) - Eval: 0.084%, Val: 0.226%
[I 2025-10-25 04:52:50,161] Trial 1938 finished with value: 0.08399999999999999 and parameters: {'w_boll': 0.2643315566062843, 'w_rsi': 0.41363332764099003, 'w_mom': 1.278060790983191, 'w_vwap': 0.9802081227604078, 'w_orb': 1.998396311850517, 'w_ofi': 0.8382872278991134, 'w_vol': 1.0981263066271196, 'win_boll': 22, 'win_rsi': 7, 'win_mom': 6, 'win_vwap': 42, 'orb_opening_bars': 29, 'vol_window': 13}. Best is trial 868 with value: 0.384.
Trial 1939: REJECT (overfit 37.6%) - Eval: 0.258%, Val: 0.161%
[I 2025-10-25 04:52:50,902] Trial 1939 finished with value: -999.0 and parameters: {'w_boll': 0.18522629503220717, 'w_rsi': 0.7004533732137459, 'w_mom': 1.6444371200132382, 'w_vwap': 1.0566290373617053, 'w_orb': 1.9288747969233633, 'w_ofi': 0.7795677873908281, 'w_vol': 0.8335153143343282, 'win_boll': 23, 'win_rsi': 6, 'win_mom': 5, 'win_vwap': 39, 'orb_opening_bars': 27, 'vol_window': 16}. Best is trial 868 with value: 0.384.
Trial 1940: ACCEPT (degrade 0.0%) - Eval: -0.296%, Val: -0.015%
[I 2025-10-25 04:52:51,655] Trial 1940 finished with value: -0.29599999999999993 and parameters: {'w_boll': 0.2207912654722673, 'w_rsi': 1.2162617040711432, 'w_mom': 1.3482060451240951, 'w_vwap': 1.080088865363969, 'w_orb': 1.8292977889647233, 'w_ofi': 0.6660316997769844, 'w_vol': 0.744004380294524, 'win_boll': 23, 'win_rsi': 5, 'win_mom': 6, 'win_vwap': 38, 'orb_opening_bars': 26, 'vol_window': 10}. Best is trial 868 with value: 0.384.
Trial 1941: ACCEPT (degrade 0.0%) - Eval: -0.430%, Val: 0.392%
[I 2025-10-25 04:52:52,456] Trial 1941 finished with value: -0.43 and parameters: {'w_boll': 0.1722294220899111, 'w_rsi': 0.3925464414894435, 'w_mom': 1.3906309058136823, 'w_vwap': 0.8621693227661156, 'w_orb': 1.8834315981933845, 'w_ofi': 0.648162217144939, 'w_vol': 0.8740572817273233, 'win_boll': 20, 'win_rsi': 19, 'win_mom': 5, 'win_vwap': 40, 'orb_opening_bars': 25, 'vol_window': 11}. Best is trial 868 with value: 0.384.
Trial 1942: ACCEPT (degrade 0.0%) - Eval: -0.078%, Val: 0.337%
[I 2025-10-25 04:52:53,257] Trial 1942 finished with value: -0.07800000000000004 and parameters: {'w_boll': 0.28135768889403007, 'w_rsi': 0.448119872741328, 'w_mom': 1.3107265156744967, 'w_vwap': 1.0689953246852393, 'w_orb': 1.8229087617320496, 'w_ofi': 0.7398925479183408, 'w_vol': 0.9202622777628708, 'win_boll': 21, 'win_rsi': 7, 'win_mom': 5, 'win_vwap': 39, 'orb_opening_bars': 30, 'vol_window': 13}. Best is trial 868 with value: 0.384.
Trial 1943: ACCEPT (degrade 0.0%) - Eval: -0.254%, Val: 0.418%
[I 2025-10-25 04:52:53,990] Trial 1943 finished with value: -0.254 and parameters: {'w_boll': 0.14139627379813405, 'w_rsi': 0.10002503091593273, 'w_mom': 0.7781642200171354, 'w_vwap': 1.0410280491093995, 'w_orb': 1.9424817287109053, 'w_ofi': 0.6950530119850368, 'w_vol': 1.0534420878500401, 'win_boll': 21, 'win_rsi': 6, 'win_mom': 6, 'win_vwap': 27, 'orb_opening_bars': 28, 'vol_window': 14}. Best is trial 868 with value: 0.384.
Trial 1944: ACCEPT (degrade 0.0%) - Eval: -0.004%, Val: 0.236%
[I 2025-10-25 04:52:54,754] Trial 1944 finished with value: -0.0040000000000000036 and parameters: {'w_boll': 0.23171845847368144, 'w_rsi': 0.8471690202079563, 'w_mom': 1.4228730873711266, 'w_vwap': 0.9541010215915743, 'w_orb': 1.9145747230325438, 'w_ofi': 0.8414907352422902, 'w_vol': 1.0049945540679546, 'win_boll': 23, 'win_rsi': 9, 'win_mom': 4, 'win_vwap': 37, 'orb_opening_bars': 27, 'vol_window': 12}. Best is trial 868 with value: 0.384.Best trial: 868. Best value: 0.384:  98%|█████████▊| 1961/2000 [25:04<00:29,  1.33it/s]Best trial: 868. Best value: 0.384:  98%|█████████▊| 1961/2000 [25:04<00:29,  1.33it/s]Best trial: 868. Best value: 0.384:  98%|█████████▊| 1962/2000 [25:04<00:28,  1.31it/s]                                                                                       Best trial: 868. Best value: 0.384:  98%|█████████▊| 1962/2000 [25:05<00:28,  1.31it/s]Best trial: 868. Best value: 0.384:  98%|█████████▊| 1962/2000 [25:05<00:28,  1.31it/s]Best trial: 868. Best value: 0.384:  98%|█████████▊| 1963/2000 [25:05<00:28,  1.30it/s]                                                                                       Best trial: 868. Best value: 0.384:  98%|█████████▊| 1963/2000 [25:05<00:28,  1.30it/s]Best trial: 868. Best value: 0.384:  98%|█████████▊| 1963/2000 [25:05<00:28,  1.30it/s]Best trial: 868. Best value: 0.384:  98%|█████████▊| 1964/2000 [25:05<00:27,  1.31it/s]                                                                                       Best trial: 868. Best value: 0.384:  98%|█████████▊| 1964/2000 [25:06<00:27,  1.31it/s]Best trial: 868. Best value: 0.384:  98%|█████████▊| 1964/2000 [25:06<00:27,  1.31it/s]Best trial: 868. Best value: 0.384:  98%|█████████▊| 1965/2000 [25:06<00:26,  1.31it/s]                                                                                       Best trial: 868. Best value: 0.384:  98%|█████████▊| 1965/2000 [25:07<00:26,  1.31it/s]Best trial: 868. Best value: 0.384:  98%|█████████▊| 1965/2000 [25:07<00:26,  1.31it/s]Best trial: 868. Best value: 0.384:  98%|█████████▊| 1966/2000 [25:07<00:26,  1.30it/s]                                                                                       Best trial: 868. Best value: 0.384:  98%|█████████▊| 1966/2000 [25:08<00:26,  1.30it/s]Best trial: 868. Best value: 0.384:  98%|█████████▊| 1966/2000 [25:08<00:26,  1.30it/s]Best trial: 868. Best value: 0.384:  98%|█████████▊| 1967/2000 [25:08<00:25,  1.30it/s]                                                                                       Best trial: 868. Best value: 0.384:  98%|█████████▊| 1967/2000 [25:09<00:25,  1.30it/s]Best trial: 868. Best value: 0.384:  98%|█████████▊| 1967/2000 [25:09<00:25,  1.30it/s]Best trial: 868. Best value: 0.384:  98%|█████████▊| 1968/2000 [25:09<00:24,  1.30it/s]                                                                                       Best trial: 868. Best value: 0.384:  98%|█████████▊| 1968/2000 [25:09<00:24,  1.30it/s]Best trial: 868. Best value: 0.384:  98%|█████████▊| 1968/2000 [25:09<00:24,  1.30it/s]Best trial: 868. Best value: 0.384:  98%|█████████▊| 1969/2000 [25:09<00:23,  1.31it/s]                                                                                       Best trial: 868. Best value: 0.384:  98%|█████████▊| 1969/2000 [25:10<00:23,  1.31it/s]Best trial: 868. Best value: 0.384:  98%|█████████▊| 1969/2000 [25:10<00:23,  1.31it/s]Best trial: 868. Best value: 0.384:  98%|█████████▊| 1970/2000 [25:10<00:23,  1.30it/s]                                                                                       Best trial: 868. Best value: 0.384:  98%|█████████▊| 1970/2000 [25:11<00:23,  1.30it/s]Best trial: 868. Best value: 0.384:  98%|█████████▊| 1970/2000 [25:11<00:23,  1.30it/s]Best trial: 868. Best value: 0.384:  99%|█████████▊| 1971/2000 [25:11<00:22,  1.31it/s]                                                                                       Best trial: 868. Best value: 0.384:  99%|█████████▊| 1971/2000 [25:12<00:22,  1.31it/s]Best trial: 868. Best value: 0.384:  99%|█████████▊| 1971/2000 [25:12<00:22,  1.31it/s]Best trial: 868. Best value: 0.384:  99%|█████████▊| 1972/2000 [25:12<00:21,  1.31it/s]                                                                                       Best trial: 868. Best value: 0.384:  99%|█████████▊| 1972/2000 [25:12<00:21,  1.31it/s]Best trial: 868. Best value: 0.384:  99%|█████████▊| 1972/2000 [25:12<00:21,  1.31it/s]Best trial: 868. Best value: 0.384:  99%|█████████▊| 1973/2000 [25:12<00:20,  1.31it/s]                                                                                       Best trial: 868. Best value: 0.384:  99%|█████████▊| 1973/2000 [25:13<00:20,  1.31it/s]Best trial: 868. Best value: 0.384:  99%|█████████▊| 1973/2000 [25:13<00:20,  1.31it/s]Best trial: 868. Best value: 0.384:  99%|█████████▊| 1974/2000 [25:13<00:19,  1.30it/s]                                                                                       Best trial: 868. Best value: 0.384:  99%|█████████▊| 1974/2000 [25:14<00:19,  1.30it/s]Best trial: 868. Best value: 0.384:  99%|█████████▊| 1974/2000 [25:14<00:19,  1.30it/s]Best trial: 868. Best value: 0.384:  99%|█████████▉| 1975/2000 [25:14<00:19,  1.31it/s]                                                                                       Best trial: 868. Best value: 0.384:  99%|█████████▉| 1975/2000 [25:15<00:19,  1.31it/s]Best trial: 868. Best value: 0.384:  99%|█████████▉| 1975/2000 [25:15<00:19,  1.31it/s]Best trial: 868. Best value: 0.384:  99%|█████████▉| 1976/2000 [25:15<00:18,  1.31it/s]                                                                                       Best trial: 868. Best value: 0.384:  99%|█████████▉| 1976/2000 [25:15<00:18,  1.31it/s]Best trial: 868. Best value: 0.384:  99%|█████████▉| 1976/2000 [25:15<00:18,  1.31it/s]Best trial: 868. Best value: 0.384:  99%|█████████▉| 1977/2000 [25:15<00:17,  1.31it/s]                                                                                       Best trial: 868. Best value: 0.384:  99%|█████████▉| 1977/2000 [25:16<00:17,  1.31it/s]Best trial: 868. Best value: 0.384:  99%|█████████▉| 1977/2000 [25:16<00:17,  1.31it/s]Best trial: 868. Best value: 0.384:  99%|█████████▉| 1978/2000 [25:16<00:17,  1.28it/s]                                                                                       
Trial 1945: ACCEPT (degrade -126.8%) - Eval: 0.056%, Val: 0.127%
[I 2025-10-25 04:52:55,537] Trial 1945 finished with value: 0.05600000000000001 and parameters: {'w_boll': 0.2646515547855042, 'w_rsi': 0.5738657438749207, 'w_mom': 1.2693531383858119, 'w_vwap': 0.8560217419667567, 'w_orb': 1.8639505967218257, 'w_ofi': 1.3277148467226465, 'w_vol': 0.9611625894613703, 'win_boll': 22, 'win_rsi': 6, 'win_mom': 13, 'win_vwap': 26, 'orb_opening_bars': 26, 'vol_window': 10}. Best is trial 868 with value: 0.384.
Trial 1946: ACCEPT (degrade -873.1%) - Eval: 0.026%, Val: 0.253%
