[I 2025-10-25 04:34:42,326] Trial 519 finished with value: 0.05800000000000001 and parameters: {'w_boll': 0.47250470111361004, 'w_rsi': 0.21631265995380616, 'w_mom': 0.10286378985626715, 'w_vwap': 1.1078449115616658, 'w_orb': 1.9999138625423518, 'w_ofi': 1.624082894795493, 'w_vol': 1.8785827904189856, 'win_boll': 17, 'win_rsi': 6, 'win_mom': 12, 'win_vwap': 20, 'orb_opening_bars': 49, 'vol_window': 12}. Best is trial 112 with value: 0.33399999999999996.
Trial 520: ACCEPT (degrade -6625.0%) - Eval: 0.004%, Val: 0.269%
[I 2025-10-25 04:34:43,047] Trial 520 finished with value: 0.0040000000000000036 and parameters: {'w_boll': 0.4197770038879488, 'w_rsi': 0.17474806816501992, 'w_mom': 0.19824177782070376, 'w_vwap': 1.0019176117661972, 'w_orb': 1.9150963219077146, 'w_ofi': 1.6851360285222088, 'w_vol': 1.7322737755501827, 'win_boll': 15, 'win_rsi': 5, 'win_mom': 10, 'win_vwap': 19, 'orb_opening_bars': 50, 'vol_window': 12}. Best is trial 112 with value: 0.33399999999999996.
Trial 521: REJECT (overfit 32.8%) - Eval: 0.256%, Val: 0.172%
[I 2025-10-25 04:34:43,843] Trial 521 finished with value: -999.0 and parameters: {'w_boll': 0.5107557658256854, 'w_rsi': 0.2944293700471352, 'w_mom': 0.13881819996101954, 'w_vwap': 1.0863417861312277, 'w_orb': 1.9588321074168868, 'w_ofi': 1.7313435314457706, 'w_vol': 1.9433784330365809, 'win_boll': 10, 'win_rsi': 6, 'win_mom': 11, 'win_vwap': 11, 'orb_opening_bars': 49, 'vol_window': 14}. Best is trial 112 with value: 0.33399999999999996.
Trial 522: ACCEPT (degrade -189.1%) - Eval: 0.046%, Val: 0.133%
[I 2025-10-25 04:34:44,618] Trial 522 finished with value: 0.046000000000000006 and parameters: {'w_boll': 0.3629099137885559, 'w_rsi': 0.2857788558889634, 'w_mom': 0.16388877299157711, 'w_vwap': 1.0843693158091836, 'w_orb': 1.9063306804646625, 'w_ofi': 1.7805285511796667, 'w_vol': 1.8342586400178515, 'win_boll': 11, 'win_rsi': 6, 'win_mom': 11, 'win_vwap': 25, 'orb_opening_bars': 47, 'vol_window': 11}. Best is trial 112 with value: 0.33399999999999996.
Trial 523: ACCEPT (degrade 0.0%) - Eval: -0.062%, Val: 0.069%
[I 2025-10-25 04:34:45,366] Trial 523 finished with value: -0.06200000000000001 and parameters: {'w_boll': 0.4625121069524994, 'w_rsi': 0.18438925835694936, 'w_mom': 0.21643819738452466, 'w_vwap': 1.178358759471695, 'w_orb': 0.9335597349750867, 'w_ofi': 0.9157356665359457, 'w_vol': 1.895798933853077, 'win_boll': 15, 'win_rsi': 5, 'win_mom': 12, 'win_vwap': 11, 'orb_opening_bars': 48, 'vol_window': 12}. Best is trial 112 with value: 0.33399999999999996.
Trial 524: ACCEPT (degrade -170.1%) - Eval: 0.144%, Val: 0.389%
[I 2025-10-25 04:34:46,106] Trial 524 finished with value: 0.14400000000000002 and parameters: {'w_boll': 0.3936505027522776, 'w_rsi': 0.30210951253845536, 'w_mom': 0.13515188247148913, 'w_vwap': 1.034765302774734, 'w_orb': 1.9620773513673966, 'w_ofi': 1.528067072602224, 'w_vol': 1.7898869838860594, 'win_boll': 16, 'win_rsi': 6, 'win_mom': 11, 'win_vwap': 25, 'orb_opening_bars': 49, 'vol_window': 13}. Best is trial 112 with value: 0.33399999999999996.
Trial 525: ACCEPT (degrade 0.0%) - Eval: -0.170%, Val: -0.042%
[I 2025-10-25 04:34:46,877] Trial 525 finished with value: -0.16999999999999998 and parameters: {'w_boll': 0.44560992470274263, 'w_rsi': 0.7459297468157179, 'w_mom': 0.18676963402935243, 'w_vwap': 0.5698113081375746, 'w_orb': 1.9286831528817558, 'w_ofi': 1.6915577373714143, 'w_vol': 1.9390958861766692, 'win_boll': 10, 'win_rsi': 5, 'win_mom': 10, 'win_vwap': 22, 'orb_opening_bars': 50, 'vol_window': 11}. Best is trial 112 with value: 0.33399999999999996.
Trial 526: REJECT (overfit 81.0%) - Eval: 0.200%, Val: 0.038%
[I 2025-10-25 04:34:47,638] Trial 526 finished with value: -999.0 and parameters: {'w_boll': 0.5516691097017942, 'w_rsi': 0.24422656626685746, 'w_mom': 0.16740589126127622, 'w_vwap': 0.5029200056083458, 'w_orb': 1.9980498406156466, 'w_ofi': 1.6173061195348233, 'w_vol': 1.8526281861199383, 'win_boll': 14, 'win_rsi': 6, 'win_mom': 3, 'win_vwap': 23, 'orb_opening_bars': 47, 'vol_window': 10}. Best is trial 112 with value: 0.33399999999999996.
Trial 527: ACCEPT (degrade 0.0%) - Eval: -0.284%, Val: 0.022%
[I 2025-10-25 04:34:48,381] Trial 527 finished with value: -0.284 and parameters: {'w_boll': 0.4157272380645098, 'w_rsi': 0.21327723304708407, 'w_mom': 0.2073876850193631, 'w_vwap': 1.1467551071056816, 'w_orb': 1.8972283256393345, 'w_ofi': 1.651363054575069, 'w_vol': 1.7562496613645364, 'win_boll': 11, 'win_rsi': 28, 'win_mom': 11, 'win_vwap': 10, 'orb_opening_bars': 49, 'vol_window': 13}. Best is trial 112 with value: 0.33399999999999996.
Trial 528: ACCEPT (degrade 8.2%) - Eval: 0.196%, Val: 0.180%
[I 2025-10-25 04:34:49,140] Trial 528 finished with value: 0.196 and parameters: {'w_boll': 0.4986522073810114, 'w_rsi': 0.8974711141614651, 'w_mom': 0.13492906218049225, 'w_vwap': 0.6093953917629876, 'w_orb': 1.957285696267423, 'w_ofi': 0.25506132286412025, 'w_vol': 1.9030780708125816, 'win_boll': 17, 'win_rsi': 6, 'win_mom': 3, 'win_vwap': 21, 'orb_opening_bars': 48, 'vol_window': 11}. Best is trial 112 with value: 0.33399999999999996.
Trial 529: ACCEPT (degrade -44.3%) - Eval: 0.088%, Val: 0.127%
[I 2025-10-25 04:34:49,874] Trial 529 finished with value: 0.08800000000000001 and parameters: {'w_boll': 0.35763390272447515, 'w_rsi': 0.3078955177082757, 'w_mom': 0.22825521864699289, 'w_vwap': 0.6763730642926238, 'w_orb': 1.9999300082870966, 'w_ofi': 1.7244686792120136, 'w_vol': 1.7018627088723413, 'win_boll': 12, 'win_rsi': 5, 'win_mom': 12, 'win_vwap': 26, 'orb_opening_bars': 50, 'vol_window': 12}. Best is trial 112 with value: 0.33399999999999996.
Trial 530: REJECT (overfit 33.2%) - Eval: 0.184%, Val: 0.123%
[I 2025-10-25 04:34:50,615] Trial 530 finished with value: -999.0 and parameters: {'w_boll': 0.46174247063014207, 'w_rsi': 0.2597233017372045, 'w_mom': 0.16764536283981776, 'w_vwap': 0.7789844651747124, 'w_orb': 1.9344133238559507, 'w_ofi': 0.9798120116462212, 'w_vol': 1.809052408944003, 'win_boll': 25, 'win_rsi': 6, 'win_mom': 3, 'win_vwap': 13, 'orb_opening_bars': 48, 'vol_window': 10}. Best is trial 112 with value: 0.33399999999999996.
Trial 531: REJECT (overfit 62.6%) - Eval: 0.230%, Val: 0.086%
[I 2025-10-25 04:34:51,359] Trial 531 finished with value: -999.0 and parameters: {'w_boll': 0.40465887604191114, 'w_rsi': 0.43791351850189314, 'w_mom': 0.102195069631868, 'w_vwap': 0.6317647464003371, 'w_orb': 1.960890049183979, 'w_ofi': 1.8093812429991696, 'w_vol': 1.9362728338964594, 'win_boll': 11, 'win_rsi': 6, 'win_mom': 11, 'win_vwap': 23, 'orb_opening_bars': 20, 'vol_window': 11}. Best is trial 112 with value: 0.33399999999999996.
Trial 532: ACCEPT (degrade 0.0%) - Eval: -0.284%, Val: 0.219%
[I 2025-10-25 04:34:52,109] Trial 532 finished with value: -0.284 and parameters: {'w_boll': 0.5183021775010433, 'w_rsi': 1.367178852476297, 'w_mom': 0.200123831331965, 'w_vwap': 0.8241893644157727, 'w_orb': 1.909213382714379, 'w_ofi': 0.8690845673760904, 'w_vol': 1.8525822762888646, 'win_boll': 15, 'win_rsi': 5, 'win_mom': 3, 'win_vwap': 12, 'orb_opening_bars': 47, 'vol_window': 19}. Best is trial 112 with value: 0.33399999999999996.
                                                                                      Best trial: 112. Best value: 0.334:  27%|██▋       | 549/2000 [07:01<18:25,  1.31it/s]Best trial: 112. Best value: 0.334:  27%|██▋       | 549/2000 [07:01<18:25,  1.31it/s]Best trial: 112. Best value: 0.334:  28%|██▊       | 550/2000 [07:01<18:31,  1.30it/s]                                                                                      Best trial: 112. Best value: 0.334:  28%|██▊       | 550/2000 [07:02<18:31,  1.30it/s]Best trial: 112. Best value: 0.334:  28%|██▊       | 550/2000 [07:02<18:31,  1.30it/s]Best trial: 112. Best value: 0.334:  28%|██▊       | 551/2000 [07:02<18:12,  1.33it/s]                                                                                      Best trial: 112. Best value: 0.334:  28%|██▊       | 551/2000 [07:03<18:12,  1.33it/s]Best trial: 112. Best value: 0.334:  28%|██▊       | 551/2000 [07:03<18:12,  1.33it/s]Best trial: 112. Best value: 0.334:  28%|██▊       | 552/2000 [07:03<18:11,  1.33it/s]                                                                                      Best trial: 112. Best value: 0.334:  28%|██▊       | 552/2000 [07:03<18:11,  1.33it/s]Best trial: 112. Best value: 0.334:  28%|██▊       | 552/2000 [07:03<18:11,  1.33it/s]Best trial: 112. Best value: 0.334:  28%|██▊       | 553/2000 [07:03<18:08,  1.33it/s]                                                                                      Best trial: 112. Best value: 0.334:  28%|██▊       | 553/2000 [07:04<18:08,  1.33it/s]Best trial: 112. Best value: 0.334:  28%|██▊       | 553/2000 [07:04<18:08,  1.33it/s]Best trial: 112. Best value: 0.334:  28%|██▊       | 554/2000 [07:04<18:21,  1.31it/s]                                                                                      Best trial: 112. Best value: 0.334:  28%|██▊       | 554/2000 [07:05<18:21,  1.31it/s]Best trial: 112. Best value: 0.334:  28%|██▊       | 554/2000 [07:05<18:21,  1.31it/s]Best trial: 112. Best value: 0.334:  28%|██▊       | 555/2000 [07:05<18:03,  1.33it/s]                                                                                      Best trial: 112. Best value: 0.334:  28%|██▊       | 555/2000 [07:06<18:03,  1.33it/s]Best trial: 112. Best value: 0.334:  28%|██▊       | 555/2000 [07:06<18:03,  1.33it/s]Best trial: 112. Best value: 0.334:  28%|██▊       | 556/2000 [07:06<18:35,  1.29it/s]                                                                                      Best trial: 112. Best value: 0.334:  28%|██▊       | 556/2000 [07:07<18:35,  1.29it/s]Best trial: 112. Best value: 0.334:  28%|██▊       | 556/2000 [07:07<18:35,  1.29it/s]Best trial: 112. Best value: 0.334:  28%|██▊       | 557/2000 [07:07<18:31,  1.30it/s]                                                                                      Best trial: 112. Best value: 0.334:  28%|██▊       | 557/2000 [07:07<18:31,  1.30it/s]Best trial: 112. Best value: 0.334:  28%|██▊       | 557/2000 [07:07<18:31,  1.30it/s]Best trial: 112. Best value: 0.334:  28%|██▊       | 558/2000 [07:07<18:57,  1.27it/s]                                                                                      Best trial: 112. Best value: 0.334:  28%|██▊       | 558/2000 [07:08<18:57,  1.27it/s]Best trial: 112. Best value: 0.334:  28%|██▊       | 558/2000 [07:08<18:57,  1.27it/s]Best trial: 112. Best value: 0.334:  28%|██▊       | 559/2000 [07:08<18:29,  1.30it/s]                                                                                      Best trial: 112. Best value: 0.334:  28%|██▊       | 559/2000 [07:09<18:29,  1.30it/s]Best trial: 112. Best value: 0.334:  28%|██▊       | 559/2000 [07:09<18:29,  1.30it/s]Best trial: 112. Best value: 0.334:  28%|██▊       | 560/2000 [07:09<18:19,  1.31it/s]                                                                                      Best trial: 112. Best value: 0.334:  28%|██▊       | 560/2000 [07:10<18:19,  1.31it/s]Best trial: 112. Best value: 0.334:  28%|██▊       | 560/2000 [07:10<18:19,  1.31it/s]Best trial: 112. Best value: 0.334:  28%|██▊       | 561/2000 [07:10<18:11,  1.32it/s]                                                                                      Best trial: 112. Best value: 0.334:  28%|██▊       | 561/2000 [07:10<18:11,  1.32it/s]Best trial: 112. Best value: 0.334:  28%|██▊       | 561/2000 [07:10<18:11,  1.32it/s]Best trial: 112. Best value: 0.334:  28%|██▊       | 562/2000 [07:10<18:24,  1.30it/s]                                                                                      Best trial: 112. Best value: 0.334:  28%|██▊       | 562/2000 [07:11<18:24,  1.30it/s]Best trial: 112. Best value: 0.334:  28%|██▊       | 562/2000 [07:11<18:24,  1.30it/s]Best trial: 112. Best value: 0.334:  28%|██▊       | 563/2000 [07:11<18:06,  1.32it/s]                                                                                      Best trial: 112. Best value: 0.334:  28%|██▊       | 563/2000 [07:12<18:06,  1.32it/s]Best trial: 112. Best value: 0.334:  28%|██▊       | 563/2000 [07:12<18:06,  1.32it/s]Best trial: 112. Best value: 0.334:  28%|██▊       | 564/2000 [07:12<18:02,  1.33it/s]                                                                                      Best trial: 112. Best value: 0.334:  28%|██▊       | 564/2000 [07:13<18:02,  1.33it/s]Best trial: 112. Best value: 0.334:  28%|██▊       | 564/2000 [07:13<18:02,  1.33it/s]Best trial: 112. Best value: 0.334:  28%|██▊       | 565/2000 [07:13<17:58,  1.33it/s]Trial 533: REJECT (overfit 119.4%) - Eval: 0.360%, Val: -0.070%
[I 2025-10-25 04:34:52,881] Trial 533 finished with value: -999.0 and parameters: {'w_boll': 0.34806971370030787, 'w_rsi': 0.3170303000095577, 'w_mom': 0.9803000699444213, 'w_vwap': 0.5791681349692203, 'w_orb': 1.962923636397529, 'w_ofi': 1.7418821714101163, 'w_vol': 1.957745089212246, 'win_boll': 14, 'win_rsi': 6, 'win_mom': 3, 'win_vwap': 28, 'orb_opening_bars': 49, 'vol_window': 10}. Best is trial 112 with value: 0.33399999999999996.
Trial 534: ACCEPT (degrade -94.5%) - Eval: 0.110%, Val: 0.214%
[I 2025-10-25 04:34:53,623] Trial 534 finished with value: 0.10999999999999999 and parameters: {'w_boll': 0.48305308861937674, 'w_rsi': 0.24344358205987338, 'w_mom': 0.24748399558256667, 'w_vwap': 0.6879686861485684, 'w_orb': 1.8909425438615644, 'w_ofi': 1.0901727255973854, 'w_vol': 1.883889759221502, 'win_boll': 10, 'win_rsi': 7, 'win_mom': 3, 'win_vwap': 11, 'orb_opening_bars': 50, 'vol_window': 12}. Best is trial 112 with value: 0.33399999999999996.
Trial 535: ACCEPT (degrade 2.7%) - Eval: 0.148%, Val: 0.144%
[I 2025-10-25 04:34:54,366] Trial 535 finished with value: 0.14800000000000002 and parameters: {'w_boll': 0.43595130833840084, 'w_rsi': 0.3705160124716369, 'w_mom': 0.10011398344072142, 'w_vwap': 1.198328707307178, 'w_orb': 1.9315747700763155, 'w_ofi': 1.4876219675415898, 'w_vol': 1.7958316764754025, 'win_boll': 12, 'win_rsi': 5, 'win_mom': 10, 'win_vwap': 12, 'orb_opening_bars': 49, 'vol_window': 11}. Best is trial 112 with value: 0.33399999999999996.
Trial 536: ACCEPT (degrade 0.0%) - Eval: -0.210%, Val: 0.062%
[I 2025-10-25 04:34:55,107] Trial 536 finished with value: -0.21000000000000002 and parameters: {'w_boll': 0.5627456046926074, 'w_rsi': 1.479280537312396, 'w_mom': 0.14365222349024162, 'w_vwap': 0.531984521086725, 'w_orb': 1.972749408240932, 'w_ofi': 0.7698699202687234, 'w_vol': 1.908468479891441, 'win_boll': 12, 'win_rsi': 5, 'win_mom': 13, 'win_vwap': 10, 'orb_opening_bars': 48, 'vol_window': 10}. Best is trial 112 with value: 0.33399999999999996.
Trial 537: ACCEPT (degrade -430.8%) - Eval: 0.052%, Val: 0.276%
[I 2025-10-25 04:34:55,870] Trial 537 finished with value: 0.052000000000000005 and parameters: {'w_boll': 0.3820246722625328, 'w_rsi': 0.1643079601932248, 'w_mom': 0.16919983846468678, 'w_vwap': 0.7508832371509266, 'w_orb': 1.884626567005039, 'w_ofi': 1.5873278289313575, 'w_vol': 1.7466567810278049, 'win_boll': 15, 'win_rsi': 6, 'win_mom': 11, 'win_vwap': 13, 'orb_opening_bars': 47, 'vol_window': 12}. Best is trial 112 with value: 0.33399999999999996.
Trial 538: ACCEPT (degrade -188.5%) - Eval: 0.078%, Val: 0.225%
[I 2025-10-25 04:34:56,647] Trial 538 finished with value: 0.078 and parameters: {'w_boll': 0.43858321926134075, 'w_rsi': 0.47944271777615244, 'w_mom': 0.20932521725508668, 'w_vwap': 0.6487186283800962, 'w_orb': 1.9349103882144305, 'w_ofi': 0.42154326070795023, 'w_vol': 1.8196585920247001, 'win_boll': 11, 'win_rsi': 8, 'win_mom': 3, 'win_vwap': 11, 'orb_opening_bars': 50, 'vol_window': 14}. Best is trial 112 with value: 0.33399999999999996.
Trial 539: REJECT (overfit 79.5%) - Eval: 0.200%, Val: 0.041%
[I 2025-10-25 04:34:57,406] Trial 539 finished with value: -999.0 and parameters: {'w_boll': 0.48548184215881973, 'w_rsi': 0.27782892717529306, 'w_mom': 0.1357480044502614, 'w_vwap': 1.218502441166307, 'w_orb': 1.9971705131254813, 'w_ofi': 1.6608121171334487, 'w_vol': 1.9618417800519166, 'win_boll': 10, 'win_rsi': 7, 'win_mom': 7, 'win_vwap': 12, 'orb_opening_bars': 33, 'vol_window': 11}. Best is trial 112 with value: 0.33399999999999996.
Trial 540: ACCEPT (degrade 0.0%) - Eval: -0.122%, Val: -0.112%
[I 2025-10-25 04:34:58,154] Trial 540 finished with value: -0.122 and parameters: {'w_boll': 1.6241851302251633, 'w_rsi': 0.42898903866620286, 'w_mom': 0.2603054893180888, 'w_vwap': 1.0419054658788833, 'w_orb': 1.9324225703006133, 'w_ofi': 0.7503451269170045, 'w_vol': 1.6858383862552464, 'win_boll': 13, 'win_rsi': 6, 'win_mom': 12, 'win_vwap': 13, 'orb_opening_bars': 48, 'vol_window': 10}. Best is trial 112 with value: 0.33399999999999996.
Trial 541: ACCEPT (degrade 0.0%) - Eval: -0.096%, Val: 0.285%
[I 2025-10-25 04:34:58,912] Trial 541 finished with value: -0.096 and parameters: {'w_boll': 0.3974867050366926, 'w_rsi': 0.33053568196114025, 'w_mom': 0.17635018361611565, 'w_vwap': 0.6053920720375138, 'w_orb': 1.9654819842499833, 'w_ofi': 1.7114615894523006, 'w_vol': 1.8571814417274441, 'win_boll': 14, 'win_rsi': 8, 'win_mom': 11, 'win_vwap': 18, 'orb_opening_bars': 38, 'vol_window': 12}. Best is trial 112 with value: 0.33399999999999996.
Trial 542: ACCEPT (degrade 0.0%) - Eval: -0.220%, Val: -0.071%
[I 2025-10-25 04:34:59,668] Trial 542 finished with value: -0.22000000000000003 and parameters: {'w_boll': 1.7774166732862817, 'w_rsi': 0.2010596822845681, 'w_mom': 0.22411978875280983, 'w_vwap': 0.6988410144103951, 'w_orb': 1.8802525242556614, 'w_ofi': 0.8046306227881396, 'w_vol': 1.9258946226076583, 'win_boll': 16, 'win_rsi': 14, 'win_mom': 3, 'win_vwap': 10, 'orb_opening_bars': 49, 'vol_window': 28}. Best is trial 112 with value: 0.33399999999999996.
Trial 543: REJECT (overfit 91.3%) - Eval: 0.206%, Val: 0.018%
[I 2025-10-25 04:35:00,566] Trial 543 finished with value: -999.0 and parameters: {'w_boll': 0.33387521682186666, 'w_rsi': 0.37629015323854703, 'w_mom': 0.10038571118057699, 'w_vwap': 0.4567521745515297, 'w_orb': 1.967582056048285, 'w_ofi': 1.4126939453254164, 'w_vol': 1.7720235906110784, 'win_boll': 13, 'win_rsi': 7, 'win_mom': 4, 'win_vwap': 11, 'orb_opening_bars': 47, 'vol_window': 11}. Best is trial 112 with value: 0.33399999999999996.
Trial 544: ACCEPT (degrade 0.0%) - Eval: -0.144%, Val: 0.120%
[I 2025-10-25 04:35:01,326] Trial 544 finished with value: -0.144 and parameters: {'w_boll': 0.4628971368237038, 'w_rsi': 0.4669782893727123, 'w_mom': 0.13883347028940216, 'w_vwap': 0.7984437647959952, 'w_orb': 1.9216178460909243, 'w_ofi': 1.77561682511964, 'w_vol': 1.8919776826691044, 'win_boll': 17, 'win_rsi': 5, 'win_mom': 10, 'win_vwap': 46, 'orb_opening_bars': 49, 'vol_window': 13}. Best is trial 112 with value: 0.33399999999999996.
Trial 545: REJECT (overfit 81.7%) - Eval: 0.104%, Val: 0.019%
[I 2025-10-25 04:35:02,131] Trial 545 finished with value: -999.0 and parameters: {'w_boll': 1.1176716939247275, 'w_rsi': 0.30010707011223753, 'w_mom': 0.18643812836300083, 'w_vwap': 0.5577196646335317, 'w_orb': 1.9979051981336604, 'w_ofi': 0.8924889505511934, 'w_vol': 1.8379956583423767, 'win_boll': 11, 'win_rsi': 6, 'win_mom': 3, 'win_vwap': 11, 'orb_opening_bars': 48, 'vol_window': 39}. Best is trial 112 with value: 0.33399999999999996.
Trial 546: ACCEPT (degrade -108.9%) - Eval: 0.124%, Val: 0.259%
[I 2025-10-25 04:35:02,860] Trial 546 finished with value: 0.12400000000000003 and parameters: {'w_boll': 0.5267970777307388, 'w_rsi': 0.3872994109349892, 'w_mom': 0.2938112890295035, 'w_vwap': 0.6571265739807403, 'w_orb': 1.896294266235303, 'w_ofi': 0.736931205364252, 'w_vol': 1.9575727785335153, 'win_boll': 12, 'win_rsi': 7, 'win_mom': 11, 'win_vwap': 12, 'orb_opening_bars': 50, 'vol_window': 10}. Best is trial 112 with value: 0.33399999999999996.
Trial 547: REJECT (overfit 32.4%) - Eval: 0.102%, Val: 0.069%
[I 2025-10-25 04:35:03,606] Trial 547 finished with value: -999.0 and parameters: {'w_boll': 0.37138485218205985, 'w_rsi': 0.25591141422044594, 'w_mom': 0.15786070069269756, 'w_vwap': 0.7178730242124846, 'w_orb': 1.94368781833046, 'w_ofi': 1.693193452086084, 'w_vol': 1.5867555759795309, 'win_boll': 10, 'win_rsi': 6, 'win_mom': 19, 'win_vwap': 20, 'orb_opening_bars': 49, 'vol_window': 11}. Best is trial 112 with value: 0.33399999999999996.
Trial 548: ACCEPT (degrade -577.8%) - Eval: 0.036%, Val: 0.244%
