[I 2025-10-25 04:37:48,575] Trial 765 finished with value: -999.0 and parameters: {'w_boll': 1.7671971887300313, 'w_rsi': 0.46708401188408044, 'w_mom': 0.16879073426605926, 'w_vwap': 0.7403065320427431, 'w_orb': 1.814976524023024, 'w_ofi': 0.7285779274573102, 'w_vol': 1.8284603524932979, 'win_boll': 11, 'win_rsi': 20, 'win_mom': 3, 'win_vwap': 12, 'orb_opening_bars': 45, 'vol_window': 13}. Best is trial 112 with value: 0.33399999999999996.
Trial 766: ACCEPT (degrade 0.0%) - Eval: -0.020%, Val: 0.094%
[I 2025-10-25 04:37:49,323] Trial 766 finished with value: -0.020000000000000018 and parameters: {'w_boll': 0.42071892097955726, 'w_rsi': 0.5233333733196062, 'w_mom': 1.0649112419793398, 'w_vwap': 0.6200091816668853, 'w_orb': 1.8333878118551492, 'w_ofi': 0.32510693282807157, 'w_vol': 0.5100811426273505, 'win_boll': 10, 'win_rsi': 8, 'win_mom': 4, 'win_vwap': 11, 'orb_opening_bars': 44, 'vol_window': 16}. Best is trial 112 with value: 0.33399999999999996.
Trial 767: ACCEPT (degrade 0.0%) - Eval: -0.072%, Val: 0.383%
[I 2025-10-25 04:37:50,061] Trial 767 finished with value: -0.07200000000000001 and parameters: {'w_boll': 0.49983521790894025, 'w_rsi': 0.4099098281911677, 'w_mom': 0.24457854212406951, 'w_vwap': 0.6672096014582268, 'w_orb': 1.9144638885390426, 'w_ofi': 0.6409976005400672, 'w_vol': 1.727793422870637, 'win_boll': 12, 'win_rsi': 7, 'win_mom': 3, 'win_vwap': 12, 'orb_opening_bars': 46, 'vol_window': 14}. Best is trial 112 with value: 0.33399999999999996.
Trial 768: ACCEPT (degrade -25.0%) - Eval: 0.244%, Val: 0.305%
[I 2025-10-25 04:37:50,822] Trial 768 finished with value: 0.24399999999999994 and parameters: {'w_boll': 0.41185819301440874, 'w_rsi': 0.3407603525882516, 'w_mom': 0.13902868952885053, 'w_vwap': 0.7209864502517723, 'w_orb': 1.7309353883612542, 'w_ofi': 1.9196760023341506, 'w_vol': 1.7848303614398275, 'win_boll': 15, 'win_rsi': 7, 'win_mom': 4, 'win_vwap': 14, 'orb_opening_bars': 49, 'vol_window': 12}. Best is trial 112 with value: 0.33399999999999996.
Trial 769: ACCEPT (degrade -1723.1%) - Eval: 0.026%, Val: 0.474%
[I 2025-10-25 04:37:51,606] Trial 769 finished with value: 0.026000000000000006 and parameters: {'w_boll': 0.41317787050930654, 'w_rsi': 0.32653744684938585, 'w_mom': 0.13746846182364472, 'w_vwap': 0.8237448935549186, 'w_orb': 1.7349324802938138, 'w_ofi': 1.8965580978456242, 'w_vol': 1.8479610399669606, 'win_boll': 17, 'win_rsi': 6, 'win_mom': 5, 'win_vwap': 15, 'orb_opening_bars': 47, 'vol_window': 13}. Best is trial 112 with value: 0.33399999999999996.
Trial 770: ACCEPT (degrade 0.0%) - Eval: -0.124%, Val: 0.340%
[I 2025-10-25 04:37:52,362] Trial 770 finished with value: -0.124 and parameters: {'w_boll': 0.5322738567094955, 'w_rsi': 0.2939599998394203, 'w_mom': 0.1910514457252807, 'w_vwap': 0.7520257144205962, 'w_orb': 1.7316479173711532, 'w_ofi': 1.9831970394022957, 'w_vol': 1.8142623084820233, 'win_boll': 16, 'win_rsi': 7, 'win_mom': 13, 'win_vwap': 16, 'orb_opening_bars': 48, 'vol_window': 14}. Best is trial 112 with value: 0.33399999999999996.
Trial 771: ACCEPT (degrade -59.8%) - Eval: 0.204%, Val: 0.326%
[I 2025-10-25 04:37:53,112] Trial 771 finished with value: 0.20400000000000001 and parameters: {'w_boll': 0.44146974639138903, 'w_rsi': 0.3490259758145371, 'w_mom': 0.2783747101799683, 'w_vwap': 0.7753081639749397, 'w_orb': 1.6905789938362972, 'w_ofi': 1.927603481550899, 'w_vol': 1.7829389309748425, 'win_boll': 37, 'win_rsi': 6, 'win_mom': 4, 'win_vwap': 15, 'orb_opening_bars': 42, 'vol_window': 12}. Best is trial 112 with value: 0.33399999999999996.
Trial 772: ACCEPT (degrade -168.5%) - Eval: 0.124%, Val: 0.333%
[I 2025-10-25 04:37:53,834] Trial 772 finished with value: 0.12399999999999997 and parameters: {'w_boll': 0.6198216374995319, 'w_rsi': 0.26857139295517596, 'w_mom': 0.2174273421232764, 'w_vwap': 0.7284286154637355, 'w_orb': 1.6655309802496259, 'w_ofi': 1.8850192646402593, 'w_vol': 1.8685198680617132, 'win_boll': 15, 'win_rsi': 6, 'win_mom': 5, 'win_vwap': 14, 'orb_opening_bars': 48, 'vol_window': 13}. Best is trial 112 with value: 0.33399999999999996.
Trial 773: ACCEPT (degrade 3.2%) - Eval: 0.124%, Val: 0.120%
[I 2025-10-25 04:37:54,623] Trial 773 finished with value: 0.124 and parameters: {'w_boll': 0.406804748709667, 'w_rsi': 0.34104567620955695, 'w_mom': 0.10119878226934413, 'w_vwap': 0.8030808397118925, 'w_orb': 1.7629523150830828, 'w_ofi': 1.9427423690796832, 'w_vol': 1.7534115056482107, 'win_boll': 16, 'win_rsi': 8, 'win_mom': 4, 'win_vwap': 14, 'orb_opening_bars': 47, 'vol_window': 12}. Best is trial 112 with value: 0.33399999999999996.
Trial 774: ACCEPT (degrade -262.1%) - Eval: 0.066%, Val: 0.239%
[I 2025-10-25 04:37:55,392] Trial 774 finished with value: 0.066 and parameters: {'w_boll': 0.45437744247636186, 'w_rsi': 0.28729721182392226, 'w_mom': 0.1531003765302589, 'w_vwap': 0.531701025653367, 'w_orb': 1.634294243997358, 'w_ofi': 1.8961580609311017, 'w_vol': 1.8398543066645825, 'win_boll': 17, 'win_rsi': 7, 'win_mom': 4, 'win_vwap': 15, 'orb_opening_bars': 49, 'vol_window': 15}. Best is trial 112 with value: 0.33399999999999996.
Trial 775: ACCEPT (degrade -58.4%) - Eval: 0.202%, Val: 0.320%
[I 2025-10-25 04:37:56,146] Trial 775 finished with value: 0.202 and parameters: {'w_boll': 0.3942009236510384, 'w_rsi': 0.3116473606348989, 'w_mom': 0.3137084183065883, 'w_vwap': 0.7122215040711586, 'w_orb': 1.7281846265189973, 'w_ofi': 1.9247184723627397, 'w_vol': 1.7786550393729752, 'win_boll': 15, 'win_rsi': 6, 'win_mom': 5, 'win_vwap': 14, 'orb_opening_bars': 48, 'vol_window': 12}. Best is trial 112 with value: 0.33399999999999996.
Trial 776: ACCEPT (degrade 0.0%) - Eval: -0.068%, Val: 0.051%
[I 2025-10-25 04:37:56,872] Trial 776 finished with value: -0.06799999999999999 and parameters: {'w_boll': 1.5969192526537919, 'w_rsi': 0.23880614426665403, 'w_mom': 0.18677501024119883, 'w_vwap': 0.8568635531613952, 'w_orb': 1.7739249630749319, 'w_ofi': 1.8522617987160324, 'w_vol': 1.8675710087805073, 'win_boll': 15, 'win_rsi': 7, 'win_mom': 4, 'win_vwap': 14, 'orb_opening_bars': 49, 'vol_window': 14}. Best is trial 112 with value: 0.33399999999999996.Best trial: 112. Best value: 0.334:  40%|███▉      | 792/2000 [10:05<15:11,  1.33it/s]Best trial: 112. Best value: 0.334:  40%|███▉      | 792/2000 [10:05<15:11,  1.33it/s]Best trial: 112. Best value: 0.334:  40%|███▉      | 793/2000 [10:05<15:09,  1.33it/s]                                                                                      Best trial: 112. Best value: 0.334:  40%|███▉      | 793/2000 [10:06<15:09,  1.33it/s]Best trial: 112. Best value: 0.334:  40%|███▉      | 793/2000 [10:06<15:09,  1.33it/s]Best trial: 112. Best value: 0.334:  40%|███▉      | 794/2000 [10:06<15:06,  1.33it/s]                                                                                      Best trial: 112. Best value: 0.334:  40%|███▉      | 794/2000 [10:07<15:06,  1.33it/s]Best trial: 112. Best value: 0.334:  40%|███▉      | 794/2000 [10:07<15:06,  1.33it/s]Best trial: 112. Best value: 0.334:  40%|███▉      | 795/2000 [10:07<15:03,  1.33it/s]                                                                                      Best trial: 112. Best value: 0.334:  40%|███▉      | 795/2000 [10:08<15:03,  1.33it/s]Best trial: 112. Best value: 0.334:  40%|███▉      | 795/2000 [10:08<15:03,  1.33it/s]Best trial: 112. Best value: 0.334:  40%|███▉      | 796/2000 [10:08<15:24,  1.30it/s]                                                                                      Best trial: 112. Best value: 0.334:  40%|███▉      | 796/2000 [10:08<15:24,  1.30it/s]Best trial: 112. Best value: 0.334:  40%|███▉      | 796/2000 [10:08<15:24,  1.30it/s]Best trial: 112. Best value: 0.334:  40%|███▉      | 797/2000 [10:08<15:57,  1.26it/s]                                                                                      Best trial: 112. Best value: 0.334:  40%|███▉      | 797/2000 [10:09<15:57,  1.26it/s]Best trial: 112. Best value: 0.334:  40%|███▉      | 797/2000 [10:09<15:57,  1.26it/s]Best trial: 112. Best value: 0.334:  40%|███▉      | 798/2000 [10:09<15:39,  1.28it/s]                                                                                      Best trial: 112. Best value: 0.334:  40%|███▉      | 798/2000 [10:10<15:39,  1.28it/s]Best trial: 112. Best value: 0.334:  40%|███▉      | 798/2000 [10:10<15:39,  1.28it/s]Best trial: 112. Best value: 0.334:  40%|███▉      | 799/2000 [10:10<15:39,  1.28it/s]                                                                                      Best trial: 112. Best value: 0.334:  40%|███▉      | 799/2000 [10:11<15:39,  1.28it/s]Best trial: 112. Best value: 0.334:  40%|███▉      | 799/2000 [10:11<15:39,  1.28it/s]Best trial: 112. Best value: 0.334:  40%|████      | 800/2000 [10:11<15:32,  1.29it/s]                                                                                      Best trial: 112. Best value: 0.334:  40%|████      | 800/2000 [10:11<15:32,  1.29it/s]Best trial: 112. Best value: 0.334:  40%|████      | 800/2000 [10:11<15:32,  1.29it/s]Best trial: 112. Best value: 0.334:  40%|████      | 801/2000 [10:11<15:22,  1.30it/s]                                                                                      Best trial: 112. Best value: 0.334:  40%|████      | 801/2000 [10:12<15:22,  1.30it/s]Best trial: 112. Best value: 0.334:  40%|████      | 801/2000 [10:12<15:22,  1.30it/s]Best trial: 112. Best value: 0.334:  40%|████      | 802/2000 [10:12<15:12,  1.31it/s]                                                                                      Best trial: 112. Best value: 0.334:  40%|████      | 802/2000 [10:13<15:12,  1.31it/s]Best trial: 112. Best value: 0.334:  40%|████      | 802/2000 [10:13<15:12,  1.31it/s]Best trial: 112. Best value: 0.334:  40%|████      | 803/2000 [10:13<15:07,  1.32it/s]                                                                                      Best trial: 112. Best value: 0.334:  40%|████      | 803/2000 [10:14<15:07,  1.32it/s]Best trial: 112. Best value: 0.334:  40%|████      | 803/2000 [10:14<15:07,  1.32it/s]Best trial: 112. Best value: 0.334:  40%|████      | 804/2000 [10:14<15:04,  1.32it/s]                                                                                      Best trial: 112. Best value: 0.334:  40%|████      | 804/2000 [10:14<15:04,  1.32it/s]Best trial: 112. Best value: 0.334:  40%|████      | 804/2000 [10:14<15:04,  1.32it/s]Best trial: 112. Best value: 0.334:  40%|████      | 805/2000 [10:14<14:59,  1.33it/s]                                                                                      Best trial: 112. Best value: 0.334:  40%|████      | 805/2000 [10:15<14:59,  1.33it/s]Best trial: 112. Best value: 0.334:  40%|████      | 805/2000 [10:15<14:59,  1.33it/s]Best trial: 112. Best value: 0.334:  40%|████      | 806/2000 [10:15<14:59,  1.33it/s]                                                                                      Best trial: 112. Best value: 0.334:  40%|████      | 806/2000 [10:16<14:59,  1.33it/s]Best trial: 112. Best value: 0.334:  40%|████      | 806/2000 [10:16<14:59,  1.33it/s]Best trial: 112. Best value: 0.334:  40%|████      | 807/2000 [10:16<14:56,  1.33it/s]                                                                                      Best trial: 112. Best value: 0.334:  40%|████      | 807/2000 [10:17<14:56,  1.33it/s]Best trial: 112. Best value: 0.334:  40%|████      | 807/2000 [10:17<14:56,  1.33it/s]Best trial: 112. Best value: 0.334:  40%|████      | 808/2000 [10:17<14:56,  1.33it/s]                                                                                      Best trial: 112. Best value: 0.334:  40%|████      | 808/2000 [10:17<14:56,  1.33it/s]Best trial: 112. Best value: 0.334:  40%|████      | 808/2000 [10:17<14:56,  1.33it/s]Best trial: 112. Best value: 0.334:  40%|████      | 809/2000 [10:17<14:52,  1.33it/s]
Trial 777: ACCEPT (degrade 0.0%) - Eval: -0.118%, Val: 0.035%
[I 2025-10-25 04:37:57,663] Trial 777 finished with value: -0.11799999999999997 and parameters: {'w_boll': 0.5065766570811707, 'w_rsi': 0.3588128102234879, 'w_mom': 0.1377305711618951, 'w_vwap': 0.39262835133733387, 'w_orb': 1.7895799913313541, 'w_ofi': 1.9769292938865115, 'w_vol': 1.8054255886247261, 'win_boll': 16, 'win_rsi': 8, 'win_mom': 4, 'win_vwap': 13, 'orb_opening_bars': 47, 'vol_window': 16}. Best is trial 112 with value: 0.33399999999999996.
Trial 778: ACCEPT (degrade 0.0%) - Eval: -0.138%, Val: 0.405%
[I 2025-10-25 04:37:58,412] Trial 778 finished with value: -0.13799999999999998 and parameters: {'w_boll': 0.5855759532081785, 'w_rsi': 0.20693003158500314, 'w_mom': 0.4871118727551532, 'w_vwap': 0.6360892323896407, 'w_orb': 1.6109211907592444, 'w_ofi': 1.9182753306707145, 'w_vol': 1.6857159610070478, 'win_boll': 18, 'win_rsi': 7, 'win_mom': 9, 'win_vwap': 13, 'orb_opening_bars': 48, 'vol_window': 12}. Best is trial 112 with value: 0.33399999999999996.
Trial 779: REJECT (overfit 52.0%) - Eval: 0.202%, Val: 0.097%
[I 2025-10-25 04:37:59,159] Trial 779 finished with value: -999.0 and parameters: {'w_boll': 0.4513553969543196, 'w_rsi': 0.37558323323176784, 'w_mom': 0.2282980608051275, 'w_vwap': 1.9024819061421414, 'w_orb': 1.8195731204579495, 'w_ofi': 1.870224292813169, 'w_vol': 1.7253176296746695, 'win_boll': 14, 'win_rsi': 6, 'win_mom': 4, 'win_vwap': 14, 'orb_opening_bars': 17, 'vol_window': 13}. Best is trial 112 with value: 0.33399999999999996.
Trial 780: ACCEPT (degrade 0.0%) - Eval: -0.022%, Val: 0.070%
[I 2025-10-25 04:37:59,881] Trial 780 finished with value: -0.021999999999999985 and parameters: {'w_boll': 0.3909426913340964, 'w_rsi': 0.25886144861204047, 'w_mom': 0.1876140687066964, 'w_vwap': 0.691766776908995, 'w_orb': 0.6537907279384167, 'w_ofi': 1.947208479148612, 'w_vol': 1.8383299735449516, 'win_boll': 16, 'win_rsi': 6, 'win_mom': 4, 'win_vwap': 14, 'orb_opening_bars': 43, 'vol_window': 12}. Best is trial 112 with value: 0.33399999999999996.
Trial 781: ACCEPT (degrade -21.4%) - Eval: 0.238%, Val: 0.289%
[I 2025-10-25 04:38:00,797] Trial 781 finished with value: 0.238 and parameters: {'w_boll': 0.47983573270299984, 'w_rsi': 0.3155528809231354, 'w_mom': 0.13667010767432525, 'w_vwap': 0.5975397505971103, 'w_orb': 1.744530835042271, 'w_ofi': 1.8227812049642973, 'w_vol': 1.7573344295144615, 'win_boll': 15, 'win_rsi': 7, 'win_mom': 8, 'win_vwap': 15, 'orb_opening_bars': 48, 'vol_window': 13}. Best is trial 112 with value: 0.33399999999999996.
Trial 782: ACCEPT (degrade -11.7%) - Eval: 0.274%, Val: 0.306%
[I 2025-10-25 04:38:01,608] Trial 782 finished with value: 0.274 and parameters: {'w_boll': 0.42146481088553406, 'w_rsi': 0.2830743663054966, 'w_mom': 0.13709751872157666, 'w_vwap': 0.6273464894914006, 'w_orb': 1.6820814256061745, 'w_ofi': 1.8113868773103916, 'w_vol': 1.892068654568375, 'win_boll': 15, 'win_rsi': 6, 'win_mom': 7, 'win_vwap': 16, 'orb_opening_bars': 49, 'vol_window': 13}. Best is trial 112 with value: 0.33399999999999996.
Trial 783: ACCEPT (degrade -56.1%) - Eval: 0.132%, Val: 0.206%
[I 2025-10-25 04:38:02,346] Trial 783 finished with value: 0.132 and parameters: {'w_boll': 0.40457271518200066, 'w_rsi': 0.18716771514862426, 'w_mom': 0.13161950946150117, 'w_vwap': 0.6303993536017063, 'w_orb': 1.7935067781915595, 'w_ofi': 1.852905914698775, 'w_vol': 1.8950023501645004, 'win_boll': 17, 'win_rsi': 6, 'win_mom': 7, 'win_vwap': 16, 'orb_opening_bars': 49, 'vol_window': 49}. Best is trial 112 with value: 0.33399999999999996.
Trial 784: ACCEPT (degrade -527.1%) - Eval: 0.070%, Val: 0.439%
[I 2025-10-25 04:38:03,091] Trial 784 finished with value: 0.06999999999999999 and parameters: {'w_boll': 0.36817198163992165, 'w_rsi': 0.2363877062958327, 'w_mom': 0.15739032747228043, 'w_vwap': 0.660510299549355, 'w_orb': 1.6746902881298344, 'w_ofi': 1.8503064130496536, 'w_vol': 1.8766875367847309, 'win_boll': 15, 'win_rsi': 6, 'win_mom': 6, 'win_vwap': 17, 'orb_opening_bars': 49, 'vol_window': 12}. Best is trial 112 with value: 0.33399999999999996.
Trial 785: ACCEPT (degrade 0.0%) - Eval: -0.130%, Val: 0.426%
[I 2025-10-25 04:38:03,841] Trial 785 finished with value: -0.13 and parameters: {'w_boll': 0.4175064638281984, 'w_rsi': 0.2674143568906643, 'w_mom': 0.13124018862841194, 'w_vwap': 1.7483386522110846, 'w_orb': 1.704954957241314, 'w_ofi': 1.8119329652333465, 'w_vol': 1.9200785026739877, 'win_boll': 16, 'win_rsi': 6, 'win_mom': 5, 'win_vwap': 17, 'orb_opening_bars': 50, 'vol_window': 11}. Best is trial 112 with value: 0.33399999999999996.
Trial 786: REJECT (overfit 24.6%) - Eval: 0.232%, Val: 0.175%
[I 2025-10-25 04:38:04,588] Trial 786 finished with value: -999.0 and parameters: {'w_boll': 0.3803848208884298, 'w_rsi': 0.2144307466926491, 'w_mom': 0.16894646773607408, 'w_vwap': 0.5684920666730859, 'w_orb': 1.583197455429274, 'w_ofi': 1.7690933221514547, 'w_vol': 1.909326899567457, 'win_boll': 20, 'win_rsi': 5, 'win_mom': 7, 'win_vwap': 16, 'orb_opening_bars': 49, 'vol_window': 12}. Best is trial 112 with value: 0.33399999999999996.
Trial 787: ACCEPT (degrade 0.0%) - Eval: -0.116%, Val: 0.130%
[I 2025-10-25 04:38:05,341] Trial 787 finished with value: -0.11600000000000002 and parameters: {'w_boll': 0.4321277432994493, 'w_rsi': 0.6592377605898218, 'w_mom': 0.10458422955714856, 'w_vwap': 0.6318365430725099, 'w_orb': 1.847075291176424, 'w_ofi': 1.7868628058397302, 'w_vol': 1.8745394623345006, 'win_boll': 14, 'win_rsi': 6, 'win_mom': 6, 'win_vwap': 13, 'orb_opening_bars': 49, 'vol_window': 13}. Best is trial 112 with value: 0.33399999999999996.
Trial 788: ACCEPT (degrade 0.0%) - Eval: -0.134%, Val: 0.194%
[I 2025-10-25 04:38:06,059] Trial 788 finished with value: -0.13399999999999998 and parameters: {'w_boll': 0.36128612210222166, 'w_rsi': 0.12795200556172165, 'w_mom': 0.1004889465670617, 'w_vwap': 0.6798885199451474, 'w_orb': 1.853094015108381, 'w_ofi': 1.8178608141720292, 'w_vol': 0.7806075050685742, 'win_boll': 16, 'win_rsi': 15, 'win_mom': 8, 'win_vwap': 17, 'orb_opening_bars': 50, 'vol_window': 11}. Best is trial 112 with value: 0.33399999999999996.
Trial 789: REJECT (overfit 78.8%) - Eval: 0.312%, Val: 0.066%
[I 2025-10-25 04:38:06,842] Trial 789 finished with value: -999.0 and parameters: {'w_boll': 0.4064984973702908, 'w_rsi': 0.26684383355540203, 'w_mom': 0.16373501856121114, 'w_vwap': 0.5951435044026695, 'w_orb': 1.8072040461981373, 'w_ofi': 1.881782037490681, 'w_vol': 1.8745111952508282, 'win_boll': 15, 'win_rsi': 5, 'win_mom': 9, 'win_vwap': 17, 'orb_opening_bars': 50, 'vol_window': 12}. Best is trial 112 with value: 0.33399999999999996.
Trial 790: ACCEPT (degrade -45.4%) - Eval: 0.238%, Val: 0.346%
[I 2025-10-25 04:38:07,592] Trial 790 finished with value: 0.23800000000000004 and parameters: {'w_boll': 0.44338994695121364, 'w_rsi': 0.29133376498878416, 'w_mom': 0.18760769095598667, 'w_vwap': 0.7463877569953657, 'w_orb': 1.8723686032756548, 'w_ofi': 1.8335057224227986, 'w_vol': 1.9332506903688103, 'win_boll': 14, 'win_rsi': 6, 'win_mom': 7, 'win_vwap': 16, 'orb_opening_bars': 49, 'vol_window': 27}. Best is trial 112 with value: 0.33399999999999996.
Trial 791: ACCEPT (degrade 0.0%) - Eval: -0.018%, Val: 0.307%
[I 2025-10-25 04:38:08,346] Trial 791 finished with value: -0.018000000000000002 and parameters: {'w_boll': 0.31061167018009184, 'w_rsi': 0.3023283036149047, 'w_mom': 0.20759796518267856, 'w_vwap': 0.7658690053025446, 'w_orb': 1.770750180503605, 'w_ofi': 1.8222269150164088, 'w_vol': 1.9302351382672587, 'win_boll': 14, 'win_rsi': 5, 'win_mom': 7, 'win_vwap': 16, 'orb_opening_bars': 38, 'vol_window': 18}. Best is trial 112 with value: 0.33399999999999996.
Trial 792: ACCEPT (degrade -308.1%) - Eval: 0.086%, Val: 0.351%
