[I 2025-10-25 04:31:23,189] Trial 258 finished with value: -0.21600000000000003 and parameters: {'w_boll': 0.3398090439253504, 'w_rsi': 0.28636891723412766, 'w_mom': 0.176784590984852, 'w_vwap': 0.5379967024970981, 'w_orb': 1.909943583195797, 'w_ofi': 0.7685053668691517, 'w_vol': 1.8119336126333467, 'win_boll': 10, 'win_rsi': 6, 'win_mom': 3, 'win_vwap': 12, 'orb_opening_bars': 44, 'vol_window': 11}. Best is trial 112 with value: 0.33399999999999996.Best trial: 112. Best value: 0.334:  14%|█▎        | 274/2000 [03:31<21:32,  1.33it/s]Best trial: 112. Best value: 0.334:  14%|█▎        | 274/2000 [03:31<21:32,  1.33it/s]Best trial: 112. Best value: 0.334:  14%|█▍        | 275/2000 [03:31<21:27,  1.34it/s]                                                                                      Best trial: 112. Best value: 0.334:  14%|█▍        | 275/2000 [03:32<21:27,  1.34it/s]Best trial: 112. Best value: 0.334:  14%|█▍        | 275/2000 [03:32<21:27,  1.34it/s]Best trial: 112. Best value: 0.334:  14%|█▍        | 276/2000 [03:32<21:50,  1.32it/s]                                                                                      Best trial: 112. Best value: 0.334:  14%|█▍        | 276/2000 [03:33<21:50,  1.32it/s]Best trial: 112. Best value: 0.334:  14%|█▍        | 276/2000 [03:33<21:50,  1.32it/s]Best trial: 112. Best value: 0.334:  14%|█▍        | 277/2000 [03:33<21:27,  1.34it/s]                                                                                      Best trial: 112. Best value: 0.334:  14%|█▍        | 277/2000 [03:34<21:27,  1.34it/s]Best trial: 112. Best value: 0.334:  14%|█▍        | 277/2000 [03:34<21:27,  1.34it/s]Best trial: 112. Best value: 0.334:  14%|█▍        | 278/2000 [03:34<21:23,  1.34it/s]                                                                                      Best trial: 112. Best value: 0.334:  14%|█▍        | 278/2000 [03:34<21:23,  1.34it/s]Best trial: 112. Best value: 0.334:  14%|█▍        | 278/2000 [03:34<21:23,  1.34it/s]Best trial: 112. Best value: 0.334:  14%|█▍        | 279/2000 [03:34<21:18,  1.35it/s]                                                                                      Best trial: 112. Best value: 0.334:  14%|█▍        | 279/2000 [03:35<21:18,  1.35it/s]Best trial: 112. Best value: 0.334:  14%|█▍        | 279/2000 [03:35<21:18,  1.35it/s]Best trial: 112. Best value: 0.334:  14%|█▍        | 280/2000 [03:35<21:05,  1.36it/s]                                                                                      Best trial: 112. Best value: 0.334:  14%|█▍        | 280/2000 [03:36<21:05,  1.36it/s]Best trial: 112. Best value: 0.334:  14%|█▍        | 280/2000 [03:36<21:05,  1.36it/s]Best trial: 112. Best value: 0.334:  14%|█▍        | 281/2000 [03:36<21:18,  1.34it/s]                                                                                      Best trial: 112. Best value: 0.334:  14%|█▍        | 281/2000 [03:37<21:18,  1.34it/s]Best trial: 112. Best value: 0.334:  14%|█▍        | 281/2000 [03:37<21:18,  1.34it/s]Best trial: 112. Best value: 0.334:  14%|█▍        | 282/2000 [03:37<21:28,  1.33it/s]                                                                                      Best trial: 112. Best value: 0.334:  14%|█▍        | 282/2000 [03:37<21:28,  1.33it/s]Best trial: 112. Best value: 0.334:  14%|█▍        | 282/2000 [03:37<21:28,  1.33it/s]Best trial: 112. Best value: 0.334:  14%|█▍        | 283/2000 [03:37<21:23,  1.34it/s]                                                                                      Best trial: 112. Best value: 0.334:  14%|█▍        | 283/2000 [03:38<21:23,  1.34it/s]Best trial: 112. Best value: 0.334:  14%|█▍        | 283/2000 [03:38<21:23,  1.34it/s]Best trial: 112. Best value: 0.334:  14%|█▍        | 284/2000 [03:38<21:16,  1.34it/s]                                                                                      Best trial: 112. Best value: 0.334:  14%|█▍        | 284/2000 [03:39<21:16,  1.34it/s]Best trial: 112. Best value: 0.334:  14%|█▍        | 284/2000 [03:39<21:16,  1.34it/s]Best trial: 112. Best value: 0.334:  14%|█▍        | 285/2000 [03:39<21:15,  1.34it/s]                                                                                      Best trial: 112. Best value: 0.334:  14%|█▍        | 285/2000 [03:40<21:15,  1.34it/s]Best trial: 112. Best value: 0.334:  14%|█▍        | 285/2000 [03:40<21:15,  1.34it/s]Best trial: 112. Best value: 0.334:  14%|█▍        | 286/2000 [03:40<21:11,  1.35it/s]                                                                                      Best trial: 112. Best value: 0.334:  14%|█▍        | 286/2000 [03:40<21:11,  1.35it/s]Best trial: 112. Best value: 0.334:  14%|█▍        | 286/2000 [03:40<21:11,  1.35it/s]Best trial: 112. Best value: 0.334:  14%|█▍        | 287/2000 [03:40<21:12,  1.35it/s]                                                                                      Best trial: 112. Best value: 0.334:  14%|█▍        | 287/2000 [03:41<21:12,  1.35it/s]Best trial: 112. Best value: 0.334:  14%|█▍        | 287/2000 [03:41<21:12,  1.35it/s]Best trial: 112. Best value: 0.334:  14%|█▍        | 288/2000 [03:41<21:20,  1.34it/s]                                                                                      Best trial: 112. Best value: 0.334:  14%|█▍        | 288/2000 [03:42<21:20,  1.34it/s]Best trial: 112. Best value: 0.334:  14%|█▍        | 288/2000 [03:42<21:20,  1.34it/s]Best trial: 112. Best value: 0.334:  14%|█▍        | 289/2000 [03:42<21:24,  1.33it/s]                                                                                      Best trial: 112. Best value: 0.334:  14%|█▍        | 289/2000 [03:43<21:24,  1.33it/s]Best trial: 112. Best value: 0.334:  14%|█▍        | 289/2000 [03:43<21:24,  1.33it/s]Best trial: 112. Best value: 0.334:  14%|█▍        | 290/2000 [03:43<21:19,  1.34it/s]                                                                                      
Trial 259: REJECT (overfit 37.3%) - Eval: 0.150%, Val: 0.094%
[I 2025-10-25 04:31:23,946] Trial 259 finished with value: -999.0 and parameters: {'w_boll': 0.41771043215120385, 'w_rsi': 0.3831117306957214, 'w_mom': 0.18191405675538602, 'w_vwap': 0.5921268763797376, 'w_orb': 1.947834895099176, 'w_ofi': 0.6863902174910457, 'w_vol': 1.9160966963969275, 'win_boll': 10, 'win_rsi': 6, 'win_mom': 3, 'win_vwap': 36, 'orb_opening_bars': 47, 'vol_window': 11}. Best is trial 112 with value: 0.33399999999999996.
Trial 260: ACCEPT (degrade -127.6%) - Eval: 0.134%, Val: 0.305%
[I 2025-10-25 04:31:24,709] Trial 260 finished with value: 0.134 and parameters: {'w_boll': 0.4611131502300446, 'w_rsi': 0.3368096076275319, 'w_mom': 0.2399365182318387, 'w_vwap': 0.671063988532125, 'w_orb': 1.9988702287160662, 'w_ofi': 0.7965841165541815, 'w_vol': 1.7590560732683262, 'win_boll': 18, 'win_rsi': 5, 'win_mom': 4, 'win_vwap': 10, 'orb_opening_bars': 48, 'vol_window': 12}. Best is trial 112 with value: 0.33399999999999996.
Trial 261: ACCEPT (degrade 0.0%) - Eval: -0.034%, Val: 0.151%
[I 2025-10-25 04:31:25,456] Trial 261 finished with value: -0.033999999999999996 and parameters: {'w_boll': 0.3963111196580193, 'w_rsi': 1.503237002239886, 'w_mom': 0.5015137129799822, 'w_vwap': 0.9231371650864997, 'w_orb': 1.8830111247654395, 'w_ofi': 0.8366116213306788, 'w_vol': 1.8305693018367017, 'win_boll': 11, 'win_rsi': 7, 'win_mom': 6, 'win_vwap': 12, 'orb_opening_bars': 47, 'vol_window': 13}. Best is trial 112 with value: 0.33399999999999996.
Trial 262: ACCEPT (degrade 0.0%) - Eval: -0.064%, Val: 0.391%
[I 2025-10-25 04:31:26,197] Trial 262 finished with value: -0.06399999999999999 and parameters: {'w_boll': 0.5039331236360853, 'w_rsi': 0.281145278500067, 'w_mom': 0.31462060227072675, 'w_vwap': 0.6255594091117428, 'w_orb': 1.9573101040884218, 'w_ofi': 0.7160973029732357, 'w_vol': 1.7966300895265739, 'win_boll': 14, 'win_rsi': 8, 'win_mom': 16, 'win_vwap': 11, 'orb_opening_bars': 46, 'vol_window': 11}. Best is trial 112 with value: 0.33399999999999996.
Trial 263: ACCEPT (degrade 0.0%) - Eval: -0.198%, Val: 0.138%
[I 2025-10-25 04:31:26,942] Trial 263 finished with value: -0.198 and parameters: {'w_boll': 0.9637923959477847, 'w_rsi': 0.4062625002809923, 'w_mom': 1.2772355101763155, 'w_vwap': 0.5512276196764853, 'w_orb': 1.9221266103574812, 'w_ofi': 0.9394930940998943, 'w_vol': 1.8687508949929128, 'win_boll': 17, 'win_rsi': 7, 'win_mom': 5, 'win_vwap': 10, 'orb_opening_bars': 48, 'vol_window': 11}. Best is trial 112 with value: 0.33399999999999996.
Trial 264: ACCEPT (degrade -139.0%) - Eval: 0.118%, Val: 0.282%
[I 2025-10-25 04:31:27,708] Trial 264 finished with value: 0.11800000000000002 and parameters: {'w_boll': 0.5440149752552507, 'w_rsi': 0.4588321914910833, 'w_mom': 1.3826836357229297, 'w_vwap': 0.7014978546972486, 'w_orb': 1.815263240197003, 'w_ofi': 0.7530153338857977, 'w_vol': 1.9384165128037485, 'win_boll': 16, 'win_rsi': 6, 'win_mom': 3, 'win_vwap': 12, 'orb_opening_bars': 47, 'vol_window': 14}. Best is trial 112 with value: 0.33399999999999996.
Trial 265: ACCEPT (degrade 0.0%) - Eval: -0.018%, Val: 0.383%
[I 2025-10-25 04:31:28,452] Trial 265 finished with value: -0.017999999999999995 and parameters: {'w_boll': 0.3471195536710232, 'w_rsi': 0.37529226204397526, 'w_mom': 0.20591438530112763, 'w_vwap': 0.46726495388609546, 'w_orb': 1.7641777701126757, 'w_ofi': 0.6695026324456751, 'w_vol': 1.7479513212912872, 'win_boll': 13, 'win_rsi': 8, 'win_mom': 3, 'win_vwap': 14, 'orb_opening_bars': 24, 'vol_window': 12}. Best is trial 112 with value: 0.33399999999999996.
Trial 266: REJECT (overfit 50.0%) - Eval: 0.186%, Val: 0.093%
[I 2025-10-25 04:31:29,194] Trial 266 finished with value: -999.0 and parameters: {'w_boll': 0.4296170486386385, 'w_rsi': 0.42571353577180665, 'w_mom': 1.9180561997139294, 'w_vwap': 0.6500418413809559, 'w_orb': 1.8653423748000417, 'w_ofi': 0.8849058907776722, 'w_vol': 1.8905933719143553, 'win_boll': 15, 'win_rsi': 28, 'win_mom': 4, 'win_vwap': 11, 'orb_opening_bars': 45, 'vol_window': 10}. Best is trial 112 with value: 0.33399999999999996.
Trial 267: ACCEPT (degrade -60.5%) - Eval: 0.220%, Val: 0.353%
[I 2025-10-25 04:31:30,138] Trial 267 finished with value: 0.22000000000000003 and parameters: {'w_boll': 0.47411810675263677, 'w_rsi': 0.48358124861739077, 'w_mom': 0.10110326886260258, 'w_vwap': 0.598442005340622, 'w_orb': 1.9645011503747216, 'w_ofi': 1.748832276106248, 'w_vol': 1.8477856719202046, 'win_boll': 12, 'win_rsi': 7, 'win_mom': 3, 'win_vwap': 13, 'orb_opening_bars': 49, 'vol_window': 12}. Best is trial 112 with value: 0.33399999999999996.
Trial 268: ACCEPT (degrade -38.9%) - Eval: 0.072%, Val: 0.100%
[I 2025-10-25 04:31:30,851] Trial 268 finished with value: 0.07200000000000002 and parameters: {'w_boll': 0.27977289978743436, 'w_rsi': 0.48688819147918616, 'w_mom': 0.16153115051971173, 'w_vwap': 0.5044222739025681, 'w_orb': 1.9048754857605106, 'w_ofi': 1.7527310538286398, 'w_vol': 1.8063780146226633, 'win_boll': 12, 'win_rsi': 6, 'win_mom': 3, 'win_vwap': 13, 'orb_opening_bars': 48, 'vol_window': 11}. Best is trial 112 with value: 0.33399999999999996.
Trial 269: REJECT (overfit 0.0%) - Eval: -0.010%, Val: -0.056%
[I 2025-10-25 04:31:31,593] Trial 269 finished with value: -999.0 and parameters: {'w_boll': 0.37135716671286234, 'w_rsi': 0.4695908206479912, 'w_mom': 0.27169317096224804, 'w_vwap': 0.5875338164694416, 'w_orb': 1.9408037356717212, 'w_ofi': 1.7255220767129738, 'w_vol': 1.7743783993891, 'win_boll': 11, 'win_rsi': 5, 'win_mom': 3, 'win_vwap': 14, 'orb_opening_bars': 50, 'vol_window': 13}. Best is trial 112 with value: 0.33399999999999996.
Trial 270: ACCEPT (degrade -105.3%) - Eval: 0.094%, Val: 0.193%
[I 2025-10-25 04:31:32,327] Trial 270 finished with value: 0.094 and parameters: {'w_boll': 0.4520315233898949, 'w_rsi': 0.5179367040270383, 'w_mom': 0.2343479615005234, 'w_vwap': 0.6861236258836522, 'w_orb': 1.7088188007871499, 'w_ofi': 0.8137670840116135, 'w_vol': 1.6500859296426273, 'win_boll': 12, 'win_rsi': 7, 'win_mom': 3, 'win_vwap': 13, 'orb_opening_bars': 47, 'vol_window': 12}. Best is trial 112 with value: 0.33399999999999996.
Trial 271: ACCEPT (degrade 0.0%) - Eval: -0.206%, Val: -0.058%
[I 2025-10-25 04:31:33,113] Trial 271 finished with value: -0.20599999999999996 and parameters: {'w_boll': 0.4032146946995214, 'w_rsi': 0.392176238340053, 'w_mom': 0.16264411646819527, 'w_vwap': 0.8095280769634295, 'w_orb': 1.9621303036384021, 'w_ofi': 1.7667818089527985, 'w_vol': 1.8366413957299632, 'win_boll': 13, 'win_rsi': 23, 'win_mom': 3, 'win_vwap': 12, 'orb_opening_bars': 49, 'vol_window': 10}. Best is trial 112 with value: 0.33399999999999996.
Trial 272: REJECT (overfit 300.0%) - Eval: 0.068%, Val: -0.136%
[I 2025-10-25 04:31:33,828] Trial 272 finished with value: -999.0 and parameters: {'w_boll': 0.5633191890297194, 'w_rsi': 0.43751156086692516, 'w_mom': 0.34803219298110666, 'w_vwap': 0.7458267403950332, 'w_orb': 1.8574922667091212, 'w_ofi': 0.7294451647625448, 'w_vol': 1.6977105611668117, 'win_boll': 10, 'win_rsi': 6, 'win_mom': 3, 'win_vwap': 12, 'orb_opening_bars': 46, 'vol_window': 11}. Best is trial 112 with value: 0.33399999999999996.
Trial 273: REJECT (overfit 106.1%) - Eval: 0.198%, Val: -0.012%
[I 2025-10-25 04:31:34,573] Trial 273 finished with value: -999.0 and parameters: {'w_boll': 0.32283157031827103, 'w_rsi': 0.3356391849865407, 'w_mom': 0.13017754220334257, 'w_vwap': 0.5499665326515254, 'w_orb': 1.6242962906994411, 'w_ofi': 1.7024609167452318, 'w_vol': 1.8977662715655508, 'win_boll': 11, 'win_rsi': 7, 'win_mom': 5, 'win_vwap': 13, 'orb_opening_bars': 48, 'vol_window': 12}. Best is trial 112 with value: 0.33399999999999996.
Trial 274: ACCEPT (degrade -830.8%) - Eval: 0.026%, Val: 0.242%
[I 2025-10-25 04:31:35,313] Trial 274 finished with value: 0.02599999999999999 and parameters: {'w_boll': 0.507304877192084, 'w_rsi': 0.4944256629911086, 'w_mom': 0.2010356608643925, 'w_vwap': 0.6615893315788182, 'w_orb': 1.9030619585174187, 'w_ofi': 1.1224717466357812, 'w_vol': 1.3878458324608758, 'win_boll': 12, 'win_rsi': 8, 'win_mom': 3, 'win_vwap': 11, 'orb_opening_bars': 50, 'vol_window': 10}. Best is trial 112 with value: 0.33399999999999996.Best trial: 112. Best value: 0.334:  14%|█▍        | 290/2000 [03:43<21:19,  1.34it/s]Best trial: 112. Best value: 0.334:  14%|█▍        | 290/2000 [03:43<21:19,  1.34it/s]Best trial: 112. Best value: 0.334:  15%|█▍        | 291/2000 [03:43<21:16,  1.34it/s]                                                                                      Best trial: 112. Best value: 0.334:  15%|█▍        | 291/2000 [03:44<21:16,  1.34it/s]Best trial: 112. Best value: 0.334:  15%|█▍        | 291/2000 [03:44<21:16,  1.34it/s]Best trial: 112. Best value: 0.334:  15%|█▍        | 292/2000 [03:44<21:12,  1.34it/s]                                                                                      Best trial: 112. Best value: 0.334:  15%|█▍        | 292/2000 [03:45<21:12,  1.34it/s]Best trial: 112. Best value: 0.334:  15%|█▍        | 292/2000 [03:45<21:12,  1.34it/s]Best trial: 112. Best value: 0.334:  15%|█▍        | 293/2000 [03:45<21:09,  1.35it/s]                                                                                      Best trial: 112. Best value: 0.334:  15%|█▍        | 293/2000 [03:46<21:09,  1.35it/s]Best trial: 112. Best value: 0.334:  15%|█▍        | 293/2000 [03:46<21:09,  1.35it/s]Best trial: 112. Best value: 0.334:  15%|█▍        | 294/2000 [03:46<21:08,  1.35it/s]                                                                                      Best trial: 112. Best value: 0.334:  15%|█▍        | 294/2000 [03:46<21:08,  1.35it/s]Best trial: 112. Best value: 0.334:  15%|█▍        | 294/2000 [03:46<21:08,  1.35it/s]Best trial: 112. Best value: 0.334:  15%|█▍        | 295/2000 [03:46<21:02,  1.35it/s]                                                                                      Best trial: 112. Best value: 0.334:  15%|█▍        | 295/2000 [03:47<21:02,  1.35it/s]Best trial: 112. Best value: 0.334:  15%|█▍        | 295/2000 [03:47<21:02,  1.35it/s]Best trial: 112. Best value: 0.334:  15%|█▍        | 296/2000 [03:47<21:08,  1.34it/s]                                                                                      Best trial: 112. Best value: 0.334:  15%|█▍        | 296/2000 [03:48<21:08,  1.34it/s]Best trial: 112. Best value: 0.334:  15%|█▍        | 296/2000 [03:48<21:08,  1.34it/s]Best trial: 112. Best value: 0.334:  15%|█▍        | 297/2000 [03:48<21:05,  1.35it/s]                                                                                      Best trial: 112. Best value: 0.334:  15%|█▍        | 297/2000 [03:49<21:05,  1.35it/s]Best trial: 112. Best value: 0.334:  15%|█▍        | 297/2000 [03:49<21:05,  1.35it/s]Best trial: 112. Best value: 0.334:  15%|█▍        | 298/2000 [03:49<21:05,  1.34it/s]                                                                                      Best trial: 112. Best value: 0.334:  15%|█▍        | 298/2000 [03:49<21:05,  1.34it/s]Best trial: 112. Best value: 0.334:  15%|█▍        | 298/2000 [03:49<21:05,  1.34it/s]Best trial: 112. Best value: 0.334:  15%|█▍        | 299/2000 [03:49<21:01,  1.35it/s]                                                                                      Best trial: 112. Best value: 0.334:  15%|█▍        | 299/2000 [03:50<21:01,  1.35it/s]Best trial: 112. Best value: 0.334:  15%|█▍        | 299/2000 [03:50<21:01,  1.35it/s]Best trial: 112. Best value: 0.334:  15%|█▌        | 300/2000 [03:50<21:06,  1.34it/s]                                                                                      Best trial: 112. Best value: 0.334:  15%|█▌        | 300/2000 [03:51<21:06,  1.34it/s]Best trial: 112. Best value: 0.334:  15%|█▌        | 300/2000 [03:51<21:06,  1.34it/s]Best trial: 112. Best value: 0.334:  15%|█▌        | 301/2000 [03:51<21:06,  1.34it/s]                                                                                      Best trial: 112. Best value: 0.334:  15%|█▌        | 301/2000 [03:52<21:06,  1.34it/s]Best trial: 112. Best value: 0.334:  15%|█▌        | 301/2000 [03:52<21:06,  1.34it/s]Best trial: 112. Best value: 0.334:  15%|█▌        | 302/2000 [03:52<21:01,  1.35it/s]                                                                                      Best trial: 112. Best value: 0.334:  15%|█▌        | 302/2000 [03:52<21:01,  1.35it/s]Best trial: 112. Best value: 0.334:  15%|█▌        | 302/2000 [03:52<21:01,  1.35it/s]Best trial: 112. Best value: 0.334:  15%|█▌        | 303/2000 [03:52<21:01,  1.34it/s]                                                                                      Best trial: 112. Best value: 0.334:  15%|█▌        | 303/2000 [03:53<21:01,  1.34it/s]Best trial: 112. Best value: 0.334:  15%|█▌        | 303/2000 [03:53<21:01,  1.34it/s]Best trial: 112. Best value: 0.334:  15%|█▌        | 304/2000 [03:53<21:18,  1.33it/s]                                                                                      Best trial: 112. Best value: 0.334:  15%|█▌        | 304/2000 [03:54<21:18,  1.33it/s]Best trial: 112. Best value: 0.334:  15%|█▌        | 304/2000 [03:54<21:18,  1.33it/s]Best trial: 112. Best value: 0.334:  15%|█▌        | 305/2000 [03:54<21:29,  1.31it/s]                                                                                      Best trial: 112. Best value: 0.334:  15%|█▌        | 305/2000 [03:55<21:29,  1.31it/s]Best trial: 112. Best value: 0.334:  15%|█▌        | 305/2000 [03:55<21:29,  1.31it/s]Best trial: 112. Best value: 0.334:  15%|█▌        | 306/2000 [03:55<21:24,  1.32it/s]                                                                                      Best trial: 112. Best value: 0.334:  15%|█▌        | 306/2000 [03:55<21:24,  1.32it/s]Best trial: 112. Best value: 0.334:  15%|█▌        | 306/2000 [03:55<21:24,  1.32it/s]Best trial: 112. Best value: 0.334:  15%|█▌        | 307/2000 [03:55<21:18,  1.32it/s]
Trial 275: ACCEPT (degrade -20.6%) - Eval: 0.238%, Val: 0.287%
[I 2025-10-25 04:31:36,106] Trial 275 finished with value: 0.238 and parameters: {'w_boll': 0.4625974589350365, 'w_rsi': 0.2408360724314826, 'w_mom': 0.10222018776288072, 'w_vwap': 0.603768588980891, 'w_orb': 1.9632772869847464, 'w_ofi': 0.6424149502218792, 'w_vol': 1.8051964540194858, 'win_boll': 14, 'win_rsi': 7, 'win_mom': 4, 'win_vwap': 11, 'orb_opening_bars': 49, 'vol_window': 13}. Best is trial 112 with value: 0.33399999999999996.
Trial 276: ACCEPT (degrade -96.3%) - Eval: 0.082%, Val: 0.161%
[I 2025-10-25 04:31:36,824] Trial 276 finished with value: 0.08199999999999999 and parameters: {'w_boll': 0.4735739255076835, 'w_rsi': 1.0066957576821398, 'w_mom': 0.1066613848967467, 'w_vwap': 0.8859870092301, 'w_orb': 1.965368843718676, 'w_ofi': 0.6431137898695019, 'w_vol': 1.734047082638349, 'win_boll': 19, 'win_rsi': 6, 'win_mom': 4, 'win_vwap': 12, 'orb_opening_bars': 49, 'vol_window': 14}. Best is trial 112 with value: 0.33399999999999996.
Trial 277: ACCEPT (degrade 0.0%) - Eval: -0.012%, Val: 0.332%
[I 2025-10-25 04:31:37,564] Trial 277 finished with value: -0.012 and parameters: {'w_boll': 0.5272173574677912, 'w_rsi': 0.45082379972647574, 'w_mom': 0.10655293845917548, 'w_vwap': 0.5839978810555164, 'w_orb': 1.930410494143959, 'w_ofi': 0.6842148617711076, 'w_vol': 1.8045459603295422, 'win_boll': 14, 'win_rsi': 7, 'win_mom': 4, 'win_vwap': 15, 'orb_opening_bars': 50, 'vol_window': 13}. Best is trial 112 with value: 0.33399999999999996.
Trial 278: ACCEPT (degrade -93.5%) - Eval: 0.092%, Val: 0.178%
