[I 2025-10-25 04:28:03,366] A new study created in memory with name: no-name-5f88eff4-a00a-40c1-83be-3e8b75fa9e24
================================================================================
OPTUNA OPTIMIZATION WITH VALIDATION
================================================================================
  End Date:         10-24
  Trials:           2000
  Config File:      config/sigor_params.json
  Output File:      results/validated_optimization_2000.json
  Strategy:         Maximize Eval MRD + Pass Validation (<20% degradation)
================================================================================

✅ Backed up original config to config/sigor_params.json.backup

Starting optimization (2000 trials)...

  0%|          | 0/2000 [00:00<?, ?it/s]                                          0%|          | 0/2000 [00:01<?, ?it/s]Best trial: 0. Best value: -0.324:   0%|          | 0/2000 [00:01<?, ?it/s]Best trial: 0. Best value: -0.324:   0%|          | 1/2000 [00:01<36:56,  1.11s/it]                                                                                   Best trial: 0. Best value: -0.324:   0%|          | 1/2000 [00:01<36:56,  1.11s/it]Best trial: 1. Best value: 0.026:   0%|          | 1/2000 [00:01<36:56,  1.11s/it] Best trial: 1. Best value: 0.026:   0%|          | 2/2000 [00:01<30:43,  1.08it/s]                                                                                  Best trial: 1. Best value: 0.026:   0%|          | 2/2000 [00:02<30:43,  1.08it/s]Best trial: 1. Best value: 0.026:   0%|          | 2/2000 [00:02<30:43,  1.08it/s]Best trial: 1. Best value: 0.026:   0%|          | 3/2000 [00:02<27:49,  1.20it/s]                                                                                  Best trial: 1. Best value: 0.026:   0%|          | 3/2000 [00:03<27:49,  1.20it/s]Best trial: 1. Best value: 0.026:   0%|          | 3/2000 [00:03<27:49,  1.20it/s]Best trial: 1. Best value: 0.026:   0%|          | 4/2000 [00:03<26:42,  1.25it/s]                                                                                  Best trial: 1. Best value: 0.026:   0%|          | 4/2000 [00:04<26:42,  1.25it/s]Best trial: 1. Best value: 0.026:   0%|          | 4/2000 [00:04<26:42,  1.25it/s]Best trial: 1. Best value: 0.026:   0%|          | 5/2000 [00:04<26:03,  1.28it/s]                                                                                  Best trial: 1. Best value: 0.026:   0%|          | 5/2000 [00:04<26:03,  1.28it/s]Best trial: 1. Best value: 0.026:   0%|          | 5/2000 [00:04<26:03,  1.28it/s]Best trial: 1. Best value: 0.026:   0%|          | 6/2000 [00:04<25:54,  1.28it/s]                                                                                  Best trial: 1. Best value: 0.026:   0%|          | 6/2000 [00:05<25:54,  1.28it/s]Best trial: 1. Best value: 0.026:   0%|          | 6/2000 [00:05<25:54,  1.28it/s]Best trial: 1. Best value: 0.026:   0%|          | 7/2000 [00:05<25:29,  1.30it/s]                                                                                  Best trial: 1. Best value: 0.026:   0%|          | 7/2000 [00:06<25:29,  1.30it/s]Best trial: 1. Best value: 0.026:   0%|          | 7/2000 [00:06<25:29,  1.30it/s]Best trial: 1. Best value: 0.026:   0%|          | 8/2000 [00:06<25:23,  1.31it/s]                                                                                  Best trial: 1. Best value: 0.026:   0%|          | 8/2000 [00:07<25:23,  1.31it/s]Best trial: 1. Best value: 0.026:   0%|          | 8/2000 [00:07<25:23,  1.31it/s]Best trial: 1. Best value: 0.026:   0%|          | 9/2000 [00:07<25:23,  1.31it/s]                                                                                  Best trial: 1. Best value: 0.026:   0%|          | 9/2000 [00:07<25:23,  1.31it/s]Best trial: 1. Best value: 0.026:   0%|          | 9/2000 [00:07<25:23,  1.31it/s]Best trial: 1. Best value: 0.026:   0%|          | 10/2000 [00:07<25:47,  1.29it/s]                                                                                   Best trial: 1. Best value: 0.026:   0%|          | 10/2000 [00:08<25:47,  1.29it/s]Best trial: 1. Best value: 0.026:   0%|          | 10/2000 [00:08<25:47,  1.29it/s]Best trial: 1. Best value: 0.026:   1%|          | 11/2000 [00:08<25:39,  1.29it/s]                                                                                   Best trial: 1. Best value: 0.026:   1%|          | 11/2000 [00:09<25:39,  1.29it/s]Best trial: 1. Best value: 0.026:   1%|          | 11/2000 [00:09<25:39,  1.29it/s]Best trial: 1. Best value: 0.026:   1%|          | 12/2000 [00:09<25:21,  1.31it/s]                                                                                   Best trial: 1. Best value: 0.026:   1%|          | 12/2000 [00:10<25:21,  1.31it/s]Best trial: 1. Best value: 0.026:   1%|          | 12/2000 [00:10<25:21,  1.31it/s]Best trial: 1. Best value: 0.026:   1%|          | 13/2000 [00:10<25:34,  1.29it/s]                                                                                   Best trial: 1. Best value: 0.026:   1%|          | 13/2000 [00:11<25:34,  1.29it/s]Best trial: 1. Best value: 0.026:   1%|          | 13/2000 [00:11<25:34,  1.29it/s]Best trial: 1. Best value: 0.026:   1%|          | 14/2000 [00:11<25:20,  1.31it/s]                                                                                   Best trial: 1. Best value: 0.026:   1%|          | 14/2000 [00:11<25:20,  1.31it/s]Best trial: 1. Best value: 0.026:   1%|          | 14/2000 [00:11<25:20,  1.31it/s]Best trial: 1. Best value: 0.026:   1%|          | 15/2000 [00:11<25:16,  1.31it/s]                                                                                   Best trial: 1. Best value: 0.026:   1%|          | 15/2000 [00:12<25:16,  1.31it/s]Best trial: 1. Best value: 0.026:   1%|          | 15/2000 [00:12<25:16,  1.31it/s]Best trial: 1. Best value: 0.026:   1%|          | 16/2000 [00:12<25:03,  1.32it/s]                                                                                   Best trial: 1. Best value: 0.026:   1%|          | 16/2000 [00:13<25:03,  1.32it/s]Best trial: 16. Best value: 0.038:   1%|          | 16/2000 [00:13<25:03,  1.32it/s]Best trial: 16. Best value: 0.038:   1%|          | 17/2000 [00:13<25:12,  1.31it/s]                                                                                    Best trial: 16. Best value: 0.038:   1%|          | 17/2000 [00:14<25:12,  1.31it/s]Best trial: 17. Best value: 0.062:   1%|          | 17/2000 [00:14<25:12,  1.31it/s]Best trial: 17. Best value: 0.062:   1%|          | 18/2000 [00:14<25:06,  1.32it/s]                                                                                    Best trial: 17. Best value: 0.062:   1%|          | 18/2000 [00:14<25:06,  1.32it/s]Best trial: 17. Best value: 0.062:   1%|          | 18/2000 [00:14<25:06,  1.32it/s]Best trial: 17. Best value: 0.062:   1%|          | 19/2000 [00:14<25:01,  1.32it/s]                                                                                    Best trial: 17. Best value: 0.062:   1%|          | 19/2000 [00:15<25:01,  1.32it/s]Best trial: 17. Best value: 0.062:   1%|          | 19/2000 [00:15<25:01,  1.32it/s]Best trial: 17. Best value: 0.062:   1%|          | 20/2000 [00:15<24:46,  1.33it/s]                                                                                    Best trial: 17. Best value: 0.062:   1%|          | 20/2000 [00:16<24:46,  1.33it/s]Best trial: 17. Best value: 0.062:   1%|          | 20/2000 [00:16<24:46,  1.33it/s]Best trial: 17. Best value: 0.062:   1%|          | 21/2000 [00:16<25:17,  1.30it/s]                                                                                    Best trial: 17. Best value: 0.062:   1%|          | 21/2000 [00:17<25:17,  1.30it/s]Best trial: 17. Best value: 0.062:   1%|          | 21/2000 [00:17<25:17,  1.30it/s]Best trial: 17. Best value: 0.062:   1%|          | 22/2000 [00:17<25:19,  1.30it/s]                                                                                    Best trial: 17. Best value: 0.062:   1%|          | 22/2000 [00:17<25:19,  1.30it/s]Best trial: 17. Best value: 0.062:   1%|          | 22/2000 [00:17<25:19,  1.30it/s]Best trial: 17. Best value: 0.062:   1%|          | 23/2000 [00:17<25:16,  1.30it/s]                                                                                    Best trial: 17. Best value: 0.062:   1%|          | 23/2000 [00:18<25:16,  1.30it/s]Best trial: 17. Best value: 0.062:   1%|          | 23/2000 [00:18<25:16,  1.30it/s]Best trial: 17. Best value: 0.062:   1%|          | 24/2000 [00:18<24:58,  1.32it/s]                                                                                    Best trial: 17. Best value: 0.062:   1%|          | 24/2000 [00:19<24:58,  1.32it/s]Best trial: 17. Best value: 0.062:   1%|          | 24/2000 [00:19<24:58,  1.32it/s]Best trial: 17. Best value: 0.062:   1%|▏         | 25/2000 [00:19<25:19,  1.30it/s]                                                                                    Best trial: 17. Best value: 0.062:   1%|▏         | 25/2000 [00:20<25:19,  1.30it/s]Best trial: 17. Best value: 0.062:   1%|▏         | 25/2000 [00:20<25:19,  1.30it/s]Best trial: 17. Best value: 0.062:   1%|▏         | 26/2000 [00:20<25:55,  1.27it/s]                                                                                    Best trial: 17. Best value: 0.062:   1%|▏         | 26/2000 [00:21<25:55,  1.27it/s]Best trial: 17. Best value: 0.062:   1%|▏         | 26/2000 [00:21<25:55,  1.27it/s]Best trial: 17. Best value: 0.062:   1%|▏         | 27/2000 [00:21<25:39,  1.28it/s]                                                                                    Best trial: 17. Best value: 0.062:   1%|▏         | 27/2000 [00:21<25:39,  1.28it/s]Best trial: 27. Best value: 0.09:   1%|▏         | 27/2000 [00:21<25:39,  1.28it/s] Best trial: 27. Best value: 0.09:   1%|▏         | 28/2000 [00:21<25:29,  1.29it/s]                                                                                   Best trial: 27. Best value: 0.09:   1%|▏         | 28/2000 [00:22<25:29,  1.29it/s]Best trial: 27. Best value: 0.09:   1%|▏         | 28/2000 [00:22<25:29,  1.29it/s]Best trial: 27. Best value: 0.09:   1%|▏         | 29/2000 [00:22<25:29,  1.29it/s]                                                                                   Best trial: 27. Best value: 0.09:   1%|▏         | 29/2000 [00:23<25:29,  1.29it/s]Best trial: 27. Best value: 0.09:   1%|▏         | 29/2000 [00:23<25:29,  1.29it/s]Best trial: 27. Best value: 0.09:   2%|▏         | 30/2000 [00:23<25:32,  1.29it/s]                                                                                   Best trial: 27. Best value: 0.09:   2%|▏         | 30/2000 [00:24<25:32,  1.29it/s]Best trial: 27. Best value: 0.09:   2%|▏         | 30/2000 [00:24<25:32,  1.29it/s]Best trial: 27. Best value: 0.09:   2%|▏         | 31/2000 [00:24<25:24,  1.29it/s]                                                                                   Best trial: 27. Best value: 0.09:   2%|▏         | 31/2000 [00:24<25:24,  1.29it/s]Best trial: 31. Best value: 0.112:   2%|▏         | 31/2000 [00:24<25:24,  1.29it/s]Best trial: 31. Best value: 0.112:   2%|▏         | 32/2000 [00:24<25:23,  1.29it/s]                                                                                    Trial 0: ACCEPT (degrade 0.0%) - Eval: -0.324%, Val: 0.132%
[I 2025-10-25 04:28:04,483] Trial 0 finished with value: -0.324 and parameters: {'w_boll': 0.8116262258099887, 'w_rsi': 1.9063571821788405, 'w_mom': 1.4907884894416696, 'w_vwap': 1.2374511199743694, 'w_orb': 0.3964354168406294, 'w_ofi': 0.39638958863878504, 'w_vol': 0.21035886311957896, 'win_boll': 45, 'win_rsi': 20, 'win_mom': 15, 'win_vwap': 10, 'orb_opening_bars': 49, 'vol_window': 44}. Best is trial 0 with value: -0.324.
Trial 1: ACCEPT (degrade -638.5%) - Eval: 0.026%, Val: 0.192%
[I 2025-10-25 04:28:05,275] Trial 1 finished with value: 0.026000000000000023 and parameters: {'w_boll': 0.5034443102887247, 'w_rsi': 0.4454674376934912, 'w_mom': 0.44846856872152424, 'w_vwap': 0.6780602616231216, 'w_orb': 1.097037220101252, 'w_ofi': 0.9206955354200199, 'w_vol': 0.6533353663762796, 'win_boll': 35, 'win_rsi': 8, 'win_mom': 8, 'win_vwap': 25, 'orb_opening_bars': 28, 'vol_window': 42}. Best is trial 1 with value: 0.026000000000000023.
Trial 2: ACCEPT (degrade 0.0%) - Eval: -0.186%, Val: 0.108%
[I 2025-10-25 04:28:06,008] Trial 2 finished with value: -0.18600000000000003 and parameters: {'w_boll': 0.4793801861008835, 'w_rsi': 1.077045432985862, 'w_mom': 1.2255876808378807, 'w_vwap': 0.18825578416799568, 'w_orb': 1.2543352186127328, 'w_ofi': 0.4239958350058539, 'w_vol': 0.22359802667203107, 'win_boll': 48, 'win_rsi': 30, 'win_mom': 17, 'win_vwap': 22, 'orb_opening_bars': 14, 'vol_window': 38}. Best is trial 1 with value: 0.026000000000000023.
Trial 3: ACCEPT (degrade 0.0%) - Eval: -0.280%, Val: 0.195%
[I 2025-10-25 04:28:06,759] Trial 3 finished with value: -0.27999999999999997 and parameters: {'w_boll': 0.9362897381052424, 'w_rsi': 0.3318726462050798, 'w_mom': 1.0408361292114132, 'w_vwap': 0.16533819011891496, 'w_orb': 1.8277087639496858, 'w_ofi': 0.5916819650400321, 'w_vol': 1.3587923402725657, 'win_boll': 22, 'win_rsi': 18, 'win_mom': 12, 'win_vwap': 17, 'orb_opening_bars': 49, 'vol_window': 41}. Best is trial 1 with value: 0.026000000000000023.
Trial 4: ACCEPT (degrade 0.0%) - Eval: -0.312%, Val: -0.057%
[I 2025-10-25 04:28:07,509] Trial 4 finished with value: -0.312 and parameters: {'w_boll': 1.8850479889719591, 'w_rsi': 1.8001719658125328, 'w_mom': 1.2360099597410616, 'w_vwap': 1.8515610465439218, 'w_orb': 0.268135753898647, 'w_ofi': 0.47236743859637587, 'w_vol': 0.18593184893002232, 'win_boll': 23, 'win_rsi': 15, 'win_mom': 7, 'win_vwap': 43, 'orb_opening_bars': 24, 'vol_window': 21}. Best is trial 1 with value: 0.026000000000000023.
Trial 5: ACCEPT (degrade 0.0%) - Eval: -0.220%, Val: 0.111%
[I 2025-10-25 04:28:08,282] Trial 5 finished with value: -0.22000000000000003 and parameters: {'w_boll': 1.131122558000672, 'w_rsi': 0.367756027452049, 'w_mom': 1.6241742634326752, 'w_vwap': 0.24164622299156457, 'w_orb': 1.9750851795409827, 'w_ofi': 1.567265061663649, 'w_vol': 0.47755979491492756, 'win_boll': 10, 'win_rsi': 26, 'win_mom': 15, 'win_vwap': 39, 'orb_opening_bars': 41, 'vol_window': 13}. Best is trial 1 with value: 0.026000000000000023.
Trial 6: ACCEPT (degrade 0.0%) - Eval: -0.244%, Val: 0.214%
[I 2025-10-25 04:28:09,024] Trial 6 finished with value: -0.244 and parameters: {'w_boll': 0.7810848842341179, 'w_rsi': 0.32015121309774647, 'w_mom': 1.7398965091636276, 'w_vwap': 1.28426644097236, 'w_orb': 0.7287062472200334, 'w_ofi': 0.2207608655434449, 'w_vol': 0.6908664112597581, 'win_boll': 23, 'win_rsi': 23, 'win_mom': 14, 'win_vwap': 46, 'orb_opening_bars': 29, 'vol_window': 14}. Best is trial 1 with value: 0.026000000000000023.
Trial 7: REJECT (overfit 1173.8%) - Eval: 0.042%, Val: -0.451%
[I 2025-10-25 04:28:09,783] Trial 7 finished with value: -999.0 and parameters: {'w_boll': 1.4551650957236903, 'w_rsi': 1.545491592372105, 'w_mom': 1.1664266753820427, 'w_vwap': 1.5648376419136658, 'w_orb': 1.0382116330923423, 'w_ofi': 1.0931923758257887, 'w_vol': 0.9123279348812443, 'win_boll': 11, 'win_rsi': 7, 'win_mom': 3, 'win_vwap': 36, 'orb_opening_bars': 22, 'vol_window': 30}. Best is trial 1 with value: 0.026000000000000023.
Trial 8: ACCEPT (degrade 0.0%) - Eval: -0.388%, Val: 0.011%
[I 2025-10-25 04:28:10,549] Trial 8 finished with value: -0.388 and parameters: {'w_boll': 1.8243763004595768, 'w_rsi': 0.5736552353828623, 'w_mom': 0.8797275537676965, 'w_vwap': 1.5355471632317925, 'w_orb': 0.5347165144340826, 'w_ofi': 0.2462618286747067, 'w_vol': 0.6505277605361592, 'win_boll': 16, 'win_rsi': 29, 'win_mom': 17, 'win_vwap': 35, 'orb_opening_bars': 45, 'vol_window': 42}. Best is trial 1 with value: 0.026000000000000023.
Trial 9: ACCEPT (degrade 0.0%) - Eval: -0.202%, Val: 0.047%
[I 2025-10-25 04:28:11,354] Trial 9 finished with value: -0.202 and parameters: {'w_boll': 0.45448311188346807, 'w_rsi': 1.7958620971309578, 'w_mom': 1.1247502596397363, 'w_vwap': 1.6341362948117188, 'w_orb': 1.8025734698546372, 'w_ofi': 0.7042066024465413, 'w_vol': 0.30909865660258584, 'win_boll': 19, 'win_rsi': 16, 'win_mom': 17, 'win_vwap': 45, 'orb_opening_bars': 10, 'vol_window': 30}. Best is trial 1 with value: 0.026000000000000023.
Trial 10: ACCEPT (degrade 0.0%) - Eval: -0.248%, Val: 0.169%
[I 2025-10-25 04:28:12,120] Trial 10 finished with value: -0.248 and parameters: {'w_boll': 0.14762965146856327, 'w_rsi': 0.851265644685614, 'w_mom': 0.24700426468534356, 'w_vwap': 0.6628500367966127, 'w_orb': 1.338546446478539, 'w_ofi': 1.1928953269490181, 'w_vol': 1.9235644172962973, 'win_boll': 37, 'win_rsi': 5, 'win_mom': 7, 'win_vwap': 24, 'orb_opening_bars': 35, 'vol_window': 47}. Best is trial 1 with value: 0.026000000000000023.
Trial 11: ACCEPT (degrade 0.0%) - Eval: -0.130%, Val: 0.144%
[I 2025-10-25 04:28:12,865] Trial 11 finished with value: -0.13000000000000003 and parameters: {'w_boll': 0.39139954380754094, 'w_rsi': 1.1661910857599147, 'w_mom': 0.5320224533652156, 'w_vwap': 0.6944352578928378, 'w_orb': 1.296342276077998, 'w_ofi': 0.8502849307988308, 'w_vol': 1.1488498561434861, 'win_boll': 48, 'win_rsi': 11, 'win_mom': 20, 'win_vwap': 26, 'orb_opening_bars': 11, 'vol_window': 37}. Best is trial 1 with value: 0.026000000000000023.
Trial 12: ACCEPT (degrade 0.0%) - Eval: -0.170%, Val: 0.055%
[I 2025-10-25 04:28:13,654] Trial 12 finished with value: -0.16999999999999998 and parameters: {'w_boll': 0.11018252470654111, 'w_rsi': 1.2245882158548378, 'w_mom': 0.42618659166056944, 'w_vwap': 0.7436399640699749, 'w_orb': 1.4615468177892774, 'w_ofi': 0.8639380820629846, 'w_vol': 1.2764189670677757, 'win_boll': 35, 'win_rsi': 11, 'win_mom': 20, 'win_vwap': 26, 'orb_opening_bars': 18, 'vol_window': 34}. Best is trial 1 with value: 0.026000000000000023.
Trial 13: ACCEPT (degrade 0.0%) - Eval: -0.206%, Val: 0.066%
[I 2025-10-25 04:28:14,404] Trial 13 finished with value: -0.20599999999999996 and parameters: {'w_boll': 0.47722353564948317, 'w_rsi': 0.7460783404858312, 'w_mom': 0.6101258258307461, 'w_vwap': 0.7153721448852728, 'w_orb': 0.8840931565013825, 'w_ofi': 1.4217120830998902, 'w_vol': 1.1966743395389279, 'win_boll': 41, 'win_rsi': 10, 'win_mom': 8, 'win_vwap': 31, 'orb_opening_bars': 33, 'vol_window': 50}. Best is trial 1 with value: 0.026000000000000023.
Trial 14: ACCEPT (degrade 0.0%) - Eval: -0.118%, Val: 0.326%
[I 2025-10-25 04:28:15,164] Trial 14 finished with value: -0.11800000000000004 and parameters: {'w_boll': 0.36901005913946694, 'w_rsi': 1.320487906665041, 'w_mom': 0.10900622734086929, 'w_vwap': 0.5245720925075094, 'w_orb': 1.5676600477826241, 'w_ofi': 1.9613283493943348, 'w_vol': 1.5511200503382205, 'win_boll': 31, 'win_rsi': 11, 'win_mom': 9, 'win_vwap': 20, 'orb_opening_bars': 26, 'vol_window': 34}. Best is trial 1 with value: 0.026000000000000023.
Trial 15: ACCEPT (degrade 0.0%) - Eval: -0.392%, Val: 0.368%
[I 2025-10-25 04:28:15,908] Trial 15 finished with value: -0.392 and parameters: {'w_boll': 1.259348309475389, 'w_rsi': 1.4582753286913106, 'w_mom': 0.11095270467896574, 'w_vwap': 0.4179498306171849, 'w_orb': 1.6103960893571243, 'w_ofi': 1.995639735857222, 'w_vol': 1.6483806997354078, 'win_boll': 33, 'win_rsi': 13, 'win_mom': 9, 'win_vwap': 16, 'orb_opening_bars': 28, 'vol_window': 24}. Best is trial 1 with value: 0.026000000000000023.
Trial 16: ACCEPT (degrade -297.4%) - Eval: 0.038%, Val: 0.151%
