[I 2025-10-25 04:30:25,363] Trial 182 finished with value: 0.03199999999999999 and parameters: {'w_boll': 0.3775835478507486, 'w_rsi': 0.4179789680657364, 'w_mom': 0.19389896483816307, 'w_vwap': 0.7545425335586338, 'w_orb': 1.6146593517247485, 'w_ofi': 0.625157985711364, 'w_vol': 1.7546500144185881, 'win_boll': 15, 'win_rsi': 7, 'win_mom': 4, 'win_vwap': 12, 'orb_opening_bars': 49, 'vol_window': 12}. Best is trial 112 with value: 0.33399999999999996.
Trial 183: ACCEPT (degrade -38.3%) - Eval: 0.120%, Val: 0.166%
[I 2025-10-25 04:30:26,127] Trial 183 finished with value: 0.11999999999999997 and parameters: {'w_boll': 0.4363294303296776, 'w_rsi': 0.46971316732843454, 'w_mom': 0.14691067015036757, 'w_vwap': 0.5760025318712174, 'w_orb': 1.8913404604697408, 'w_ofi': 0.7170884085949006, 'w_vol': 1.826881534684734, 'win_boll': 12, 'win_rsi': 7, 'win_mom': 5, 'win_vwap': 11, 'orb_opening_bars': 48, 'vol_window': 11}. Best is trial 112 with value: 0.33399999999999996.
Trial 184: ACCEPT (degrade -2537.5%) - Eval: 0.008%, Val: 0.211%
[I 2025-10-25 04:30:26,840] Trial 184 finished with value: 0.007999999999999997 and parameters: {'w_boll': 0.46460439116975405, 'w_rsi': 0.5267245819313202, 'w_mom': 0.24592753491929276, 'w_vwap': 0.8375169307777004, 'w_orb': 1.7991575594490103, 'w_ofi': 0.8224417956195218, 'w_vol': 1.9054980074725663, 'win_boll': 12, 'win_rsi': 6, 'win_mom': 3, 'win_vwap': 11, 'orb_opening_bars': 50, 'vol_window': 13}. Best is trial 112 with value: 0.33399999999999996.
Trial 185: REJECT (overfit 37.7%) - Eval: 0.284%, Val: 0.177%
[I 2025-10-25 04:30:27,577] Trial 185 finished with value: -999.0 and parameters: {'w_boll': 0.5024408079471147, 'w_rsi': 0.3927026924277406, 'w_mom': 0.18164581194514473, 'w_vwap': 0.7078386917252234, 'w_orb': 1.669578741511664, 'w_ofi': 0.6945505326316038, 'w_vol': 1.7984611170576383, 'win_boll': 16, 'win_rsi': 7, 'win_mom': 4, 'win_vwap': 12, 'orb_opening_bars': 47, 'vol_window': 10}. Best is trial 112 with value: 0.33399999999999996.
Trial 186: ACCEPT (degrade -376.9%) - Eval: 0.078%, Val: 0.372%
[I 2025-10-25 04:30:28,314] Trial 186 finished with value: 0.078 and parameters: {'w_boll': 0.34103162316194957, 'w_rsi': 0.42630047376143737, 'w_mom': 0.14171401417660318, 'w_vwap': 0.7839327203265529, 'w_orb': 1.7264357972332267, 'w_ofi': 0.5953191487752387, 'w_vol': 1.8739461580304397, 'win_boll': 19, 'win_rsi': 8, 'win_mom': 3, 'win_vwap': 13, 'orb_opening_bars': 49, 'vol_window': 12}. Best is trial 112 with value: 0.33399999999999996.
Trial 187: ACCEPT (degrade 8.2%) - Eval: 0.244%, Val: 0.224%
[I 2025-10-25 04:30:29,105] Trial 187 finished with value: 0.24400000000000005 and parameters: {'w_boll': 0.3914002891337697, 'w_rsi': 0.499272124646704, 'w_mom': 0.2912695311337899, 'w_vwap': 0.6564365521900273, 'w_orb': 1.9638047771046716, 'w_ofi': 0.9176615144181781, 'w_vol': 1.7599866718714954, 'win_boll': 13, 'win_rsi': 6, 'win_mom': 4, 'win_vwap': 10, 'orb_opening_bars': 48, 'vol_window': 11}. Best is trial 112 with value: 0.33399999999999996.
Trial 188: ACCEPT (degrade 0.0%) - Eval: -0.032%, Val: 0.084%
[I 2025-10-25 04:30:29,828] Trial 188 finished with value: -0.032 and parameters: {'w_boll': 0.4150963293604282, 'w_rsi': 0.5467110212625588, 'w_mom': 0.30542240411440735, 'w_vwap': 0.6429581905574018, 'w_orb': 1.957904512710184, 'w_ofi': 0.8513216900839591, 'w_vol': 1.7349442325719493, 'win_boll': 13, 'win_rsi': 6, 'win_mom': 4, 'win_vwap': 10, 'orb_opening_bars': 48, 'vol_window': 14}. Best is trial 112 with value: 0.33399999999999996.
Trial 189: REJECT (overfit 126.8%) - Eval: 0.198%, Val: -0.053%
[I 2025-10-25 04:30:30,700] Trial 189 finished with value: -999.0 and parameters: {'w_boll': 0.5338131852938356, 'w_rsi': 0.5924640543034425, 'w_mom': 0.38170573262663593, 'w_vwap': 0.5489109578392802, 'w_orb': 1.9188386768039543, 'w_ofi': 0.9332728170209549, 'w_vol': 1.826665778454148, 'win_boll': 14, 'win_rsi': 5, 'win_mom': 4, 'win_vwap': 12, 'orb_opening_bars': 46, 'vol_window': 11}. Best is trial 112 with value: 0.33399999999999996.
Trial 190: ACCEPT (degrade 0.0%) - Eval: -0.032%, Val: 0.158%
[I 2025-10-25 04:30:31,460] Trial 190 finished with value: -0.03200000000000001 and parameters: {'w_boll': 0.570050022558777, 'w_rsi': 0.4987063936647364, 'w_mom': 1.865559206297877, 'w_vwap': 0.7360457107055423, 'w_orb': 1.8507680489242142, 'w_ofi': 0.46989139555373294, 'w_vol': 1.7691686126720054, 'win_boll': 11, 'win_rsi': 6, 'win_mom': 4, 'win_vwap': 10, 'orb_opening_bars': 50, 'vol_window': 12}. Best is trial 112 with value: 0.33399999999999996.
Trial 191: ACCEPT (degrade -34.4%) - Eval: 0.090%, Val: 0.121%
[I 2025-10-25 04:30:32,233] Trial 191 finished with value: 0.09 and parameters: {'w_boll': 0.40590799889206314, 'w_rsi': 0.45976551880994626, 'w_mom': 0.22208812802147224, 'w_vwap': 0.6895020480486498, 'w_orb': 1.9619460090720402, 'w_ofi': 1.0075420177335208, 'w_vol': 1.9380389257893536, 'win_boll': 17, 'win_rsi': 7, 'win_mom': 5, 'win_vwap': 11, 'orb_opening_bars': 49, 'vol_window': 10}. Best is trial 112 with value: 0.33399999999999996.
Trial 192: ACCEPT (degrade -35.6%) - Eval: 0.146%, Val: 0.198%
[I 2025-10-25 04:30:32,950] Trial 192 finished with value: 0.14599999999999996 and parameters: {'w_boll': 0.3627382150141938, 'w_rsi': 0.3115215764448301, 'w_mom': 0.25572113068522806, 'w_vwap': 0.6354316208104728, 'w_orb': 1.881531863911289, 'w_ofi': 0.9266239306779565, 'w_vol': 1.8560215488591127, 'win_boll': 13, 'win_rsi': 7, 'win_mom': 3, 'win_vwap': 11, 'orb_opening_bars': 48, 'vol_window': 11}. Best is trial 112 with value: 0.33399999999999996.
Trial 193: ACCEPT (degrade -1940.0%) - Eval: 0.010%, Val: 0.204%
[I 2025-10-25 04:30:33,689] Trial 193 finished with value: 0.010000000000000009 and parameters: {'w_boll': 0.47427722202021344, 'w_rsi': 0.31332671281258595, 'w_mom': 0.27137706385340943, 'w_vwap': 0.6057450974723886, 'w_orb': 1.880330460124299, 'w_ofi': 0.9076770982675829, 'w_vol': 1.842388163419765, 'win_boll': 13, 'win_rsi': 8, 'win_mom': 3, 'win_vwap': 12, 'orb_opening_bars': 48, 'vol_window': 12}. Best is trial 112 with value: 0.33399999999999996.
Trial 194: ACCEPT (degrade -188.0%) - Eval: 0.108%, Val: 0.311%                                                                                      Best trial: 112. Best value: 0.334:  10%|█         | 210/2000 [02:43<22:17,  1.34it/s]Best trial: 112. Best value: 0.334:  10%|█         | 210/2000 [02:43<22:17,  1.34it/s]Best trial: 112. Best value: 0.334:  11%|█         | 211/2000 [02:43<22:17,  1.34it/s]                                                                                      Best trial: 112. Best value: 0.334:  11%|█         | 211/2000 [02:43<22:17,  1.34it/s]Best trial: 112. Best value: 0.334:  11%|█         | 211/2000 [02:43<22:17,  1.34it/s]Best trial: 112. Best value: 0.334:  11%|█         | 212/2000 [02:43<22:39,  1.32it/s]                                                                                      Best trial: 112. Best value: 0.334:  11%|█         | 212/2000 [02:44<22:39,  1.32it/s]Best trial: 112. Best value: 0.334:  11%|█         | 212/2000 [02:44<22:39,  1.32it/s]Best trial: 112. Best value: 0.334:  11%|█         | 213/2000 [02:44<22:15,  1.34it/s]                                                                                      Best trial: 112. Best value: 0.334:  11%|█         | 213/2000 [02:45<22:15,  1.34it/s]Best trial: 112. Best value: 0.334:  11%|█         | 213/2000 [02:45<22:15,  1.34it/s]Best trial: 112. Best value: 0.334:  11%|█         | 214/2000 [02:45<22:14,  1.34it/s]                                                                                      Best trial: 112. Best value: 0.334:  11%|█         | 214/2000 [02:46<22:14,  1.34it/s]Best trial: 112. Best value: 0.334:  11%|█         | 214/2000 [02:46<22:14,  1.34it/s]Best trial: 112. Best value: 0.334:  11%|█         | 215/2000 [02:46<22:08,  1.34it/s]                                                                                      Best trial: 112. Best value: 0.334:  11%|█         | 215/2000 [02:46<22:08,  1.34it/s]Best trial: 112. Best value: 0.334:  11%|█         | 215/2000 [02:46<22:08,  1.34it/s]Best trial: 112. Best value: 0.334:  11%|█         | 216/2000 [02:46<22:25,  1.33it/s]                                                                                      Best trial: 112. Best value: 0.334:  11%|█         | 216/2000 [02:47<22:25,  1.33it/s]Best trial: 112. Best value: 0.334:  11%|█         | 216/2000 [02:47<22:25,  1.33it/s]Best trial: 112. Best value: 0.334:  11%|█         | 217/2000 [02:47<22:14,  1.34it/s]                                                                                      Best trial: 112. Best value: 0.334:  11%|█         | 217/2000 [02:48<22:14,  1.34it/s]Best trial: 112. Best value: 0.334:  11%|█         | 217/2000 [02:48<22:14,  1.34it/s]Best trial: 112. Best value: 0.334:  11%|█         | 218/2000 [02:48<22:08,  1.34it/s]                                                                                      Best trial: 112. Best value: 0.334:  11%|█         | 218/2000 [02:49<22:08,  1.34it/s]Best trial: 112. Best value: 0.334:  11%|█         | 218/2000 [02:49<22:08,  1.34it/s]Best trial: 112. Best value: 0.334:  11%|█         | 219/2000 [02:49<22:16,  1.33it/s]                                                                                      Best trial: 112. Best value: 0.334:  11%|█         | 219/2000 [02:49<22:16,  1.33it/s]Best trial: 112. Best value: 0.334:  11%|█         | 219/2000 [02:49<22:16,  1.33it/s]Best trial: 112. Best value: 0.334:  11%|█         | 220/2000 [02:49<22:30,  1.32it/s]                                                                                      Best trial: 112. Best value: 0.334:  11%|█         | 220/2000 [02:50<22:30,  1.32it/s]Best trial: 112. Best value: 0.334:  11%|█         | 220/2000 [02:50<22:30,  1.32it/s]Best trial: 112. Best value: 0.334:  11%|█         | 221/2000 [02:50<22:09,  1.34it/s]                                                                                      Best trial: 112. Best value: 0.334:  11%|█         | 221/2000 [02:51<22:09,  1.34it/s]Best trial: 112. Best value: 0.334:  11%|█         | 221/2000 [02:51<22:09,  1.34it/s]Best trial: 112. Best value: 0.334:  11%|█         | 222/2000 [02:51<22:02,  1.34it/s]                                                                                      Best trial: 112. Best value: 0.334:  11%|█         | 222/2000 [02:52<22:02,  1.34it/s]Best trial: 112. Best value: 0.334:  11%|█         | 222/2000 [02:52<22:02,  1.34it/s]Best trial: 112. Best value: 0.334:  11%|█         | 223/2000 [02:52<21:56,  1.35it/s]                                                                                      Best trial: 112. Best value: 0.334:  11%|█         | 223/2000 [02:52<21:56,  1.35it/s]Best trial: 112. Best value: 0.334:  11%|█         | 223/2000 [02:52<21:56,  1.35it/s]Best trial: 112. Best value: 0.334:  11%|█         | 224/2000 [02:52<22:08,  1.34it/s]                                                                                      Best trial: 112. Best value: 0.334:  11%|█         | 224/2000 [02:53<22:08,  1.34it/s]Best trial: 112. Best value: 0.334:  11%|█         | 224/2000 [02:53<22:08,  1.34it/s]Best trial: 112. Best value: 0.334:  11%|█▏        | 225/2000 [02:53<22:05,  1.34it/s]                                                                                      Best trial: 112. Best value: 0.334:  11%|█▏        | 225/2000 [02:54<22:05,  1.34it/s]Best trial: 112. Best value: 0.334:  11%|█▏        | 225/2000 [02:54<22:05,  1.34it/s]Best trial: 112. Best value: 0.334:  11%|█▏        | 226/2000 [02:54<22:09,  1.33it/s]
[I 2025-10-25 04:30:34,439] Trial 194 finished with value: 0.10799999999999998 and parameters: {'w_boll': 0.35582048983135445, 'w_rsi': 0.3567244322028704, 'w_mom': 0.1775593187756571, 'w_vwap': 0.6536637652500707, 'w_orb': 1.9244574854517886, 'w_ofi': 0.7617713906650181, 'w_vol': 1.8964420523963017, 'win_boll': 12, 'win_rsi': 6, 'win_mom': 3, 'win_vwap': 11, 'orb_opening_bars': 47, 'vol_window': 13}. Best is trial 112 with value: 0.33399999999999996.
Trial 195: ACCEPT (degrade -448.3%) - Eval: 0.058%, Val: 0.318%
[I 2025-10-25 04:30:35,224] Trial 195 finished with value: 0.057999999999999996 and parameters: {'w_boll': 0.3113405558206841, 'w_rsi': 0.5184453893923611, 'w_mom': 0.10051331923926776, 'w_vwap': 0.6153194322090526, 'w_orb': 1.8236418021066907, 'w_ofi': 0.8524182830096441, 'w_vol': 1.8015973550413558, 'win_boll': 15, 'win_rsi': 6, 'win_mom': 3, 'win_vwap': 14, 'orb_opening_bars': 50, 'vol_window': 10}. Best is trial 112 with value: 0.33399999999999996.
Trial 196: REJECT (overfit 106.2%) - Eval: 0.210%, Val: -0.013%
[I 2025-10-25 04:30:35,936] Trial 196 finished with value: -999.0 and parameters: {'w_boll': 0.4280581741184458, 'w_rsi': 0.3794380677283076, 'w_mom': 1.932326399950188, 'w_vwap': 0.6755757277071558, 'w_orb': 1.9633706518713014, 'w_ofi': 0.7989706369715878, 'w_vol': 1.9983167713019891, 'win_boll': 14, 'win_rsi': 7, 'win_mom': 3, 'win_vwap': 13, 'orb_opening_bars': 48, 'vol_window': 11}. Best is trial 112 with value: 0.33399999999999996.
Trial 197: ACCEPT (degrade 0.0%) - Eval: -0.012%, Val: -0.011%
[I 2025-10-25 04:30:36,674] Trial 197 finished with value: -0.011999999999999993 and parameters: {'w_boll': 0.46251909696010435, 'w_rsi': 0.4734698289016327, 'w_mom': 0.2112804940758202, 'w_vwap': 0.5712913847391442, 'w_orb': 1.7742252154818894, 'w_ofi': 0.993090243870312, 'w_vol': 1.866751808759448, 'win_boll': 10, 'win_rsi': 5, 'win_mom': 4, 'win_vwap': 10, 'orb_opening_bars': 47, 'vol_window': 11}. Best is trial 112 with value: 0.33399999999999996.
Trial 198: ACCEPT (degrade 0.0%) - Eval: -0.014%, Val: 0.378%
[I 2025-10-25 04:30:37,420] Trial 198 finished with value: -0.01399999999999999 and parameters: {'w_boll': 0.7153982257189515, 'w_rsi': 0.3065915479628086, 'w_mom': 0.15158633087506257, 'w_vwap': 0.7234787739537262, 'w_orb': 1.8690191827515388, 'w_ofi': 0.881035028090878, 'w_vol': 1.7648409054293532, 'win_boll': 20, 'win_rsi': 8, 'win_mom': 4, 'win_vwap': 12, 'orb_opening_bars': 50, 'vol_window': 12}. Best is trial 112 with value: 0.33399999999999996.
Trial 199: ACCEPT (degrade 0.0%) - Eval: -0.120%, Val: 0.036%
[I 2025-10-25 04:30:38,209] Trial 199 finished with value: -0.12 and parameters: {'w_boll': 0.3771395279126646, 'w_rsi': 0.5611323706183307, 'w_mom': 0.2808640772446704, 'w_vwap': 0.6191885210145519, 'w_orb': 1.9173959044245021, 'w_ofi': 0.9472779086879675, 'w_vol': 1.642631975388082, 'win_boll': 13, 'win_rsi': 9, 'win_mom': 3, 'win_vwap': 11, 'orb_opening_bars': 49, 'vol_window': 10}. Best is trial 112 with value: 0.33399999999999996.
Trial 200: ACCEPT (degrade -397.7%) - Eval: 0.086%, Val: 0.428%
[I 2025-10-25 04:30:38,941] Trial 200 finished with value: 0.08600000000000002 and parameters: {'w_boll': 0.48826744874698896, 'w_rsi': 0.40249460277129784, 'w_mom': 0.18823846977232767, 'w_vwap': 0.5414802515920647, 'w_orb': 1.9967720629548475, 'w_ofi': 0.7715666938135846, 'w_vol': 1.6940734244834432, 'win_boll': 12, 'win_rsi': 7, 'win_mom': 5, 'win_vwap': 10, 'orb_opening_bars': 46, 'vol_window': 13}. Best is trial 112 with value: 0.33399999999999996.
Trial 201: ACCEPT (degrade -134.7%) - Eval: 0.176%, Val: 0.413%
[I 2025-10-25 04:30:39,690] Trial 201 finished with value: 0.17600000000000002 and parameters: {'w_boll': 0.36892567180442565, 'w_rsi': 0.4388457489730495, 'w_mom': 0.3512007799151668, 'w_vwap': 0.788817439328754, 'w_orb': 1.6517157453246754, 'w_ofi': 0.6331331987916884, 'w_vol': 1.8147868653343358, 'win_boll': 17, 'win_rsi': 7, 'win_mom': 3, 'win_vwap': 11, 'orb_opening_bars': 49, 'vol_window': 11}. Best is trial 112 with value: 0.33399999999999996.
Trial 202: ACCEPT (degrade -63.1%) - Eval: 0.122%, Val: 0.199%
[I 2025-10-25 04:30:40,429] Trial 202 finished with value: 0.122 and parameters: {'w_boll': 0.33558037288041453, 'w_rsi': 0.4646724901684772, 'w_mom': 0.3345197071762569, 'w_vwap': 0.7539836919337789, 'w_orb': 1.6963971499512918, 'w_ofi': 0.6588698345645185, 'w_vol': 1.8069501318159782, 'win_boll': 16, 'win_rsi': 7, 'win_mom': 3, 'win_vwap': 11, 'orb_opening_bars': 49, 'vol_window': 10}. Best is trial 112 with value: 0.33399999999999996.
Trial 203: ACCEPT (degrade 0.0%) - Eval: -0.038%, Val: 0.131%
[I 2025-10-25 04:30:41,209] Trial 203 finished with value: -0.03799999999999999 and parameters: {'w_boll': 0.446012032655298, 'w_rsi': 0.4396202796606238, 'w_mom': 0.2148309162192454, 'w_vwap': 0.6776473208081129, 'w_orb': 1.9527007026481056, 'w_ofi': 0.7249144537846611, 'w_vol': 1.8519457514533175, 'win_boll': 19, 'win_rsi': 6, 'win_mom': 3, 'win_vwap': 12, 'orb_opening_bars': 48, 'vol_window': 11}. Best is trial 112 with value: 0.33399999999999996.
Trial 204: ACCEPT (degrade 0.0%) - Eval: -0.032%, Val: 0.008%
[I 2025-10-25 04:30:41,933] Trial 204 finished with value: -0.032000000000000015 and parameters: {'w_boll': 0.38640461896674466, 'w_rsi': 0.5095337450642029, 'w_mom': 0.1400077909965736, 'w_vwap': 0.7308769845195101, 'w_orb': 1.4996259790310915, 'w_ofi': 0.6165909037156669, 'w_vol': 1.914848407862233, 'win_boll': 14, 'win_rsi': 6, 'win_mom': 3, 'win_vwap': 13, 'orb_opening_bars': 50, 'vol_window': 12}. Best is trial 112 with value: 0.33399999999999996.
Trial 205: ACCEPT (degrade -1000.0%) - Eval: 0.028%, Val: 0.308%
[I 2025-10-25 04:30:42,691] Trial 205 finished with value: 0.027999999999999987 and parameters: {'w_boll': 0.30009983527322054, 'w_rsi': 0.372777033453679, 'w_mom': 0.2520425217547707, 'w_vwap': 0.8350686123809741, 'w_orb': 1.8901380474245806, 'w_ofi': 0.5695800893729964, 'w_vol': 1.7372408309748135, 'win_boll': 11, 'win_rsi': 8, 'win_mom': 4, 'win_vwap': 10, 'orb_opening_bars': 48, 'vol_window': 11}. Best is trial 112 with value: 0.33399999999999996.
Trial 206: ACCEPT (degrade 0.0%) - Eval: -0.054%, Val: 0.252%
[I 2025-10-25 04:30:43,434] Trial 206 finished with value: -0.054000000000000006 and parameters: {'w_boll': 0.43138145676010864, 'w_rsi': 0.3395129400232994, 'w_mom': 0.3510595604590049, 'w_vwap': 0.7797609970196964, 'w_orb': 1.655815756536239, 'w_ofi': 0.6662123592607845, 'w_vol': 1.883504704570067, 'win_boll': 18, 'win_rsi': 7, 'win_mom': 4, 'win_vwap': 11, 'orb_opening_bars': 49, 'vol_window': 15}. Best is trial 112 with value: 0.33399999999999996.
Trial 207: ACCEPT (degrade 0.0%) - Eval: -0.164%, Val: 0.254%
[I 2025-10-25 04:30:44,215] Trial 207 finished with value: -0.164 and parameters: {'w_boll': 0.5237274387629203, 'w_rsi': 0.49640296024448266, 'w_mom': 0.17652605670920476, 'w_vwap': 0.6968816016840702, 'w_orb': 1.745011016171773, 'w_ofi': 0.8321045095098261, 'w_vol': 1.8171648429885974, 'win_boll': 15, 'win_rsi': 7, 'win_mom': 3, 'win_vwap': 12, 'orb_opening_bars': 50, 'vol_window': 14}. Best is trial 112 with value: 0.33399999999999996.
Trial 208: ACCEPT (degrade 0.0%) - Eval: -0.062%, Val: 0.089%
[I 2025-10-25 04:30:44,951] Trial 208 finished with value: -0.061999999999999986 and parameters: {'w_boll': 1.6712858081010156, 'w_rsi': 0.4269899676503761, 'w_mom': 0.2966066921791991, 'w_vwap': 0.649233067272788, 'w_orb': 1.8193868637918973, 'w_ofi': 1.0575783159785124, 'w_vol': 1.7769779624667847, 'win_boll': 13, 'win_rsi': 8, 'win_mom': 5, 'win_vwap': 11, 'orb_opening_bars': 19, 'vol_window': 10}. Best is trial 112 with value: 0.33399999999999996.
Trial 209: ACCEPT (degrade 0.0%) - Eval: -0.132%, Val: 0.056%
