[I 2025-10-25 04:51:24,712] Trial 1827 finished with value: 0.011999999999999978 and parameters: {'w_boll': 0.1529995520393427, 'w_rsi': 0.4905828924543798, 'w_mom': 1.3672559015058048, 'w_vwap': 0.985913656110824, 'w_orb': 1.853102700582549, 'w_ofi': 1.910740372087871, 'w_vol': 0.8442818191193932, 'win_boll': 23, 'win_rsi': 5, 'win_mom': 5, 'win_vwap': 25, 'orb_opening_bars': 26, 'vol_window': 16}. Best is trial 868 with value: 0.384.
Trial 1828: ACCEPT (degrade -154.1%) - Eval: 0.074%, Val: 0.188%
[I 2025-10-25 04:51:25,499] Trial 1828 finished with value: 0.07399999999999998 and parameters: {'w_boll': 0.12560313797663658, 'w_rsi': 0.4594695516987783, 'w_mom': 1.3930982200948034, 'w_vwap': 0.908215024258473, 'w_orb': 1.8068079502136647, 'w_ofi': 1.6487389497789822, 'w_vol': 0.9147167723383315, 'win_boll': 23, 'win_rsi': 8, 'win_mom': 5, 'win_vwap': 24, 'orb_opening_bars': 23, 'vol_window': 14}. Best is trial 868 with value: 0.384.
Trial 1829: REJECT (overfit 27.9%) - Eval: 0.326%, Val: 0.235%
[I 2025-10-25 04:51:26,271] Trial 1829 finished with value: -999.0 and parameters: {'w_boll': 0.1360875537426658, 'w_rsi': 0.4832040875503294, 'w_mom': 1.3405684507818036, 'w_vwap': 0.9502591843390071, 'w_orb': 1.7600979372797878, 'w_ofi': 1.5337886013082125, 'w_vol': 0.8783215945421208, 'win_boll': 22, 'win_rsi': 6, 'win_mom': 5, 'win_vwap': 27, 'orb_opening_bars': 24, 'vol_window': 16}. Best is trial 868 with value: 0.384.
Trial 1830: ACCEPT (degrade -25.2%) - Eval: 0.234%, Val: 0.293%
[I 2025-10-25 04:51:27,009] Trial 1830 finished with value: 0.23399999999999999 and parameters: {'w_boll': 0.1135798133614655, 'w_rsi': 0.4722166630190937, 'w_mom': 1.3147691265014012, 'w_vwap': 0.9718852461533973, 'w_orb': 1.83452126488873, 'w_ofi': 1.6078940955765346, 'w_vol': 0.8826448740553554, 'win_boll': 22, 'win_rsi': 7, 'win_mom': 5, 'win_vwap': 40, 'orb_opening_bars': 24, 'vol_window': 15}. Best is trial 868 with value: 0.384.
Trial 1831: REJECT (overfit 60.9%) - Eval: 0.046%, Val: 0.018%
[I 2025-10-25 04:51:27,771] Trial 1831 finished with value: -999.0 and parameters: {'w_boll': 0.1904581778995579, 'w_rsi': 0.5322222990485335, 'w_mom': 1.424228393290194, 'w_vwap': 0.9889466634963048, 'w_orb': 1.8775696160896935, 'w_ofi': 1.9291021218158841, 'w_vol': 0.894280249581876, 'win_boll': 21, 'win_rsi': 5, 'win_mom': 5, 'win_vwap': 40, 'orb_opening_bars': 25, 'vol_window': 14}. Best is trial 868 with value: 0.384.
Trial 1832: ACCEPT (degrade -508.7%) - Eval: 0.046%, Val: 0.280%
[I 2025-10-25 04:51:28,564] Trial 1832 finished with value: 0.046 and parameters: {'w_boll': 0.15567933001348616, 'w_rsi': 0.4523360602905537, 'w_mom': 1.302087566028053, 'w_vwap': 0.9265160322638851, 'w_orb': 1.7841069176336752, 'w_ofi': 1.443127664160085, 'w_vol': 0.9238828065786061, 'win_boll': 23, 'win_rsi': 7, 'win_mom': 5, 'win_vwap': 43, 'orb_opening_bars': 25, 'vol_window': 15}. Best is trial 868 with value: 0.384.
Trial 1833: REJECT (overfit 50.0%) - Eval: 0.224%, Val: 0.112%
[I 2025-10-25 04:51:29,324] Trial 1833 finished with value: -999.0 and parameters: {'w_boll': 0.1191553838460136, 'w_rsi': 0.5175269133974163, 'w_mom': 1.3636864240549047, 'w_vwap': 1.0131703928619256, 'w_orb': 1.866190753398081, 'w_ofi': 1.5933395749595851, 'w_vol': 0.8203016936939629, 'win_boll': 19, 'win_rsi': 6, 'win_mom': 5, 'win_vwap': 38, 'orb_opening_bars': 27, 'vol_window': 38}. Best is trial 868 with value: 0.384.
Trial 1834: ACCEPT (degrade 0.0%) - Eval: -0.224%, Val: 0.379%
[I 2025-10-25 04:51:30,163] Trial 1834 finished with value: -0.22399999999999998 and parameters: {'w_boll': 0.19627085029441962, 'w_rsi': 0.4418929398958305, 'w_mom': 1.4342801548577149, 'w_vwap': 0.9494502471773835, 'w_orb': 1.8922317937910864, 'w_ofi': 1.6117478122858724, 'w_vol': 0.8573537362822152, 'win_boll': 23, 'win_rsi': 10, 'win_mom': 5, 'win_vwap': 39, 'orb_opening_bars': 22, 'vol_window': 14}. Best is trial 868 with value: 0.384.
Trial 1835: ACCEPT (degrade -241.3%) - Eval: 0.080%, Val: 0.273%
[I 2025-10-25 04:51:30,890] Trial 1835 finished with value: 0.07999999999999999 and parameters: {'w_boll': 0.10863588116350881, 'w_rsi': 0.476126606999338, 'w_mom': 1.3967032644887978, 'w_vwap': 0.9266185241398828, 'w_orb': 1.8428295355470121, 'w_ofi': 1.935942265688305, 'w_vol': 0.9149146395513593, 'win_boll': 24, 'win_rsi': 8, 'win_mom': 5, 'win_vwap': 24, 'orb_opening_bars': 25, 'vol_window': 16}. Best is trial 868 with value: 0.384.
Trial 1836: ACCEPT (degrade -29.0%) - Eval: 0.290%, Val: 0.374%
[I 2025-10-25 04:51:31,678] Trial 1836 finished with value: 0.29 and parameters: {'w_boll': 0.14599927490031997, 'w_rsi': 0.43267906565158226, 'w_mom': 1.294155964850366, 'w_vwap': 0.9252070903435161, 'w_orb': 1.8091451057775372, 'w_ofi': 1.9120170430305017, 'w_vol': 0.9563128055128967, 'win_boll': 24, 'win_rsi': 6, 'win_mom': 5, 'win_vwap': 25, 'orb_opening_bars': 26, 'vol_window': 14}. Best is trial 868 with value: 0.384.
Trial 1837: ACCEPT (degrade -223.0%) - Eval: 0.122%, Val: 0.394%
[I 2025-10-25 04:51:32,459] Trial 1837 finished with value: 0.122 and parameters: {'w_boll': 0.10778339324290442, 'w_rsi': 0.41780205575281215, 'w_mom': 1.3428452439069243, 'w_vwap': 0.918915530213177, 'w_orb': 1.7470641694468343, 'w_ofi': 1.4956631221106673, 'w_vol': 0.8542493346770045, 'win_boll': 21, 'win_rsi': 7, 'win_mom': 5, 'win_vwap': 26, 'orb_opening_bars': 27, 'vol_window': 16}. Best is trial 868 with value: 0.384.
Trial 1838: ACCEPT (degrade 0.0%) - Eval: -0.048%, Val: 0.158%
[I 2025-10-25 04:51:33,214] Trial 1838 finished with value: -0.048 and parameters: {'w_boll': 0.11369721868031937, 'w_rsi': 0.4319123601468737, 'w_mom': 1.3220088614675614, 'w_vwap': 0.9720713821481827, 'w_orb': 1.767327858089889, 'w_ofi': 1.9311477078983077, 'w_vol': 0.8715959910702935, 'win_boll': 23, 'win_rsi': 5, 'win_mom': 5, 'win_vwap': 25, 'orb_opening_bars': 25, 'vol_window': 15}. Best is trial 868 with value: 0.384.
Trial 1839: REJECT (overfit 23.2%) - Eval: 0.306%, Val: 0.235%
[I 2025-10-25 04:51:33,955] Trial 1839 finished with value: -999.0 and parameters: {'w_boll': 0.13290362572043574, 'w_rsi': 0.4432480701640991, 'w_mom': 1.3859305288655057, 'w_vwap': 1.0301322792790597, 'w_orb': 1.7941094273558766, 'w_ofi': 1.9396065290236808, 'w_vol': 0.832307905884857, 'win_boll': 23, 'win_rsi': 6, 'win_mom': 5, 'win_vwap': 26, 'orb_opening_bars': 26, 'vol_window': 15}. Best is trial 868 with value: 0.384.
Trial 1840: ACCEPT (degrade -756604737398243200.0%) - Eval: 0.000%, Val: 0.084%
[I 2025-10-25 04:51:34,751] Trial 1840 finished with value: 1.1102230246251566e-17 and parameters: {'w_boll': 0.11245063291933607, 'w_rsi': 0.41677267077109426, 'w_mom': 1.3578756175070097, 'w_vwap': 0.9542988792957565, 'w_orb': 1.7645052180869796, 'w_ofi': 1.4835961526895782, 'w_vol': 0.9395651547479034, 'win_boll': 22, 'win_rsi': 6, 'win_mom': 5, 'win_vwap': 25, 'orb_opening_bars': 24, 'vol_window': 15}. Best is trial 868 with value: 0.384.
Trial 1841: ACCEPT (degrade -240.2%) - Eval: 0.082%, Val: 0.279%
[I 2025-10-25 04:51:35,514] Trial 1841 finished with value: 0.08199999999999999 and parameters: {'w_boll': 0.18407520284336867, 'w_rsi': 0.44903702813113583, 'w_mom': 1.6826539301800418, 'w_vwap': 0.984938392989396, 'w_orb': 1.795825761297, 'w_ofi': 1.5614178735004938, 'w_vol': 0.8920140484457185, 'win_boll': 24, 'win_rsi': 7, 'win_mom': 5, 'win_vwap': 26, 'orb_opening_bars': 26, 'vol_window': 16}. Best is trial 868 with value: 0.384.
Trial 1842: ACCEPT (degrade -311.5%) - Eval: 0.096%, Val: 0.395%
[I 2025-10-25 04:51:36,288] Trial 1842 finished with value: 0.09600000000000002 and parameters: {'w_boll': 0.1352036663129196, 'w_rsi': 0.42628004721339235, 'w_mom': 1.4621427683921224, 'w_vwap': 1.0280143562776103, 'w_orb': 1.7355027656860054, 'w_ofi': 1.3869318742974308, 'w_vol': 0.9313495512109232, 'win_boll': 22, 'win_rsi': 5, 'win_mom': 5, 'win_vwap': 25, 'orb_opening_bars': 26, 'vol_window': 16}. Best is trial 868 with value: 0.384.Best trial: 868. Best value: 0.384:  93%|█████████▎| 1859/2000 [23:45<01:48,  1.30it/s]Best trial: 868. Best value: 0.384:  93%|█████████▎| 1859/2000 [23:45<01:48,  1.30it/s]Best trial: 868. Best value: 0.384:  93%|█████████▎| 1860/2000 [23:45<01:47,  1.31it/s]                                                                                       Best trial: 868. Best value: 0.384:  93%|█████████▎| 1860/2000 [23:46<01:47,  1.31it/s]Best trial: 868. Best value: 0.384:  93%|█████████▎| 1860/2000 [23:46<01:47,  1.31it/s]Best trial: 868. Best value: 0.384:  93%|█████████▎| 1861/2000 [23:46<01:47,  1.29it/s]                                                                                       Best trial: 868. Best value: 0.384:  93%|█████████▎| 1861/2000 [23:47<01:47,  1.29it/s]Best trial: 868. Best value: 0.384:  93%|█████████▎| 1861/2000 [23:47<01:47,  1.29it/s]Best trial: 868. Best value: 0.384:  93%|█████████▎| 1862/2000 [23:47<01:47,  1.28it/s]                                                                                       Best trial: 868. Best value: 0.384:  93%|█████████▎| 1862/2000 [23:48<01:47,  1.28it/s]Best trial: 868. Best value: 0.384:  93%|█████████▎| 1862/2000 [23:48<01:47,  1.28it/s]Best trial: 868. Best value: 0.384:  93%|█████████▎| 1863/2000 [23:48<01:46,  1.29it/s]                                                                                       Best trial: 868. Best value: 0.384:  93%|█████████▎| 1863/2000 [23:49<01:46,  1.29it/s]Best trial: 868. Best value: 0.384:  93%|█████████▎| 1863/2000 [23:49<01:46,  1.29it/s]Best trial: 868. Best value: 0.384:  93%|█████████▎| 1864/2000 [23:49<01:45,  1.29it/s]                                                                                       Best trial: 868. Best value: 0.384:  93%|█████████▎| 1864/2000 [23:49<01:45,  1.29it/s]Best trial: 868. Best value: 0.384:  93%|█████████▎| 1864/2000 [23:49<01:45,  1.29it/s]Best trial: 868. Best value: 0.384:  93%|█████████▎| 1865/2000 [23:49<01:45,  1.27it/s]                                                                                       Best trial: 868. Best value: 0.384:  93%|█████████▎| 1865/2000 [23:50<01:45,  1.27it/s]Best trial: 868. Best value: 0.384:  93%|█████████▎| 1865/2000 [23:50<01:45,  1.27it/s]Best trial: 868. Best value: 0.384:  93%|█████████▎| 1866/2000 [23:50<01:43,  1.29it/s]                                                                                       Best trial: 868. Best value: 0.384:  93%|█████████▎| 1866/2000 [23:51<01:43,  1.29it/s]Best trial: 868. Best value: 0.384:  93%|█████████▎| 1866/2000 [23:51<01:43,  1.29it/s]Best trial: 868. Best value: 0.384:  93%|█████████▎| 1867/2000 [23:51<01:42,  1.29it/s]                                                                                       Best trial: 868. Best value: 0.384:  93%|█████████▎| 1867/2000 [23:52<01:42,  1.29it/s]Best trial: 868. Best value: 0.384:  93%|█████████▎| 1867/2000 [23:52<01:42,  1.29it/s]Best trial: 868. Best value: 0.384:  93%|█████████▎| 1868/2000 [23:52<01:43,  1.28it/s]                                                                                       Best trial: 868. Best value: 0.384:  93%|█████████▎| 1868/2000 [23:52<01:43,  1.28it/s]Best trial: 868. Best value: 0.384:  93%|█████████▎| 1868/2000 [23:52<01:43,  1.28it/s]Best trial: 868. Best value: 0.384:  93%|█████████▎| 1869/2000 [23:52<01:42,  1.27it/s]                                                                                       Best trial: 868. Best value: 0.384:  93%|█████████▎| 1869/2000 [23:53<01:42,  1.27it/s]Best trial: 868. Best value: 0.384:  93%|█████████▎| 1869/2000 [23:53<01:42,  1.27it/s]Best trial: 868. Best value: 0.384:  94%|█████████▎| 1870/2000 [23:53<01:40,  1.29it/s]                                                                                       Best trial: 868. Best value: 0.384:  94%|█████████▎| 1870/2000 [23:54<01:40,  1.29it/s]Best trial: 868. Best value: 0.384:  94%|█████████▎| 1870/2000 [23:54<01:40,  1.29it/s]Best trial: 868. Best value: 0.384:  94%|█████████▎| 1871/2000 [23:54<01:38,  1.30it/s]                                                                                       Best trial: 868. Best value: 0.384:  94%|█████████▎| 1871/2000 [23:55<01:38,  1.30it/s]Best trial: 868. Best value: 0.384:  94%|█████████▎| 1871/2000 [23:55<01:38,  1.30it/s]Best trial: 868. Best value: 0.384:  94%|█████████▎| 1872/2000 [23:55<01:37,  1.31it/s]                                                                                       Best trial: 868. Best value: 0.384:  94%|█████████▎| 1872/2000 [23:56<01:37,  1.31it/s]Best trial: 868. Best value: 0.384:  94%|█████████▎| 1872/2000 [23:56<01:37,  1.31it/s]Best trial: 868. Best value: 0.384:  94%|█████████▎| 1873/2000 [23:56<01:38,  1.29it/s]                                                                                       Best trial: 868. Best value: 0.384:  94%|█████████▎| 1873/2000 [23:56<01:38,  1.29it/s]Best trial: 868. Best value: 0.384:  94%|█████████▎| 1873/2000 [23:56<01:38,  1.29it/s]Best trial: 868. Best value: 0.384:  94%|█████████▎| 1874/2000 [23:56<01:38,  1.28it/s]                                                                                       Best trial: 868. Best value: 0.384:  94%|█████████▎| 1874/2000 [23:57<01:38,  1.28it/s]Best trial: 868. Best value: 0.384:  94%|█████████▎| 1874/2000 [23:57<01:38,  1.28it/s]Best trial: 868. Best value: 0.384:  94%|█████████▍| 1875/2000 [23:57<01:37,  1.29it/s]                                                                                       Best trial: 868. Best value: 0.384:  94%|█████████▍| 1875/2000 [23:58<01:37,  1.29it/s]Best trial: 868. Best value: 0.384:  94%|█████████▍| 1875/2000 [23:58<01:37,  1.29it/s]Best trial: 868. Best value: 0.384:  94%|█████████▍| 1876/2000 [23:58<01:35,  1.29it/s]                                                                                       
Trial 1843: ACCEPT (degrade 0.0%) - Eval: -0.024%, Val: 0.194%
[I 2025-10-25 04:51:37,019] Trial 1843 finished with value: -0.024 and parameters: {'w_boll': 0.16925787953994464, 'w_rsi': 0.4605605790391635, 'w_mom': 1.3116092654543494, 'w_vwap': 0.9202794637815797, 'w_orb': 1.804007188789061, 'w_ofi': 0.7192772919406804, 'w_vol': 0.9716781827741019, 'win_boll': 23, 'win_rsi': 7, 'win_mom': 5, 'win_vwap': 24, 'orb_opening_bars': 24, 'vol_window': 15}. Best is trial 868 with value: 0.384.
Trial 1844: ACCEPT (degrade 0.0%) - Eval: -0.234%, Val: 0.168%
[I 2025-10-25 04:51:37,819] Trial 1844 finished with value: -0.23399999999999999 and parameters: {'w_boll': 0.15050365532533766, 'w_rsi': 0.41525210757857656, 'w_mom': 1.420755180992096, 'w_vwap': 0.9430884117689159, 'w_orb': 1.769386332025585, 'w_ofi': 1.9625302094269774, 'w_vol': 0.8524865446280456, 'win_boll': 25, 'win_rsi': 8, 'win_mom': 5, 'win_vwap': 39, 'orb_opening_bars': 27, 'vol_window': 14}. Best is trial 868 with value: 0.384.
Trial 1845: ACCEPT (degrade -112.7%) - Eval: 0.212%, Val: 0.451%
[I 2025-10-25 04:51:38,583] Trial 1845 finished with value: 0.21200000000000002 and parameters: {'w_boll': 0.12674901069662187, 'w_rsi': 0.5081590411768806, 'w_mom': 1.2985973767125365, 'w_vwap': 0.891899746201545, 'w_orb': 1.8101456179722961, 'w_ofi': 0.7891486459502236, 'w_vol': 0.9877862291795595, 'win_boll': 21, 'win_rsi': 6, 'win_mom': 5, 'win_vwap': 42, 'orb_opening_bars': 25, 'vol_window': 14}. Best is trial 868 with value: 0.384.
Trial 1846: ACCEPT (degrade -550.0%) - Eval: 0.012%, Val: 0.078%
[I 2025-10-25 04:51:39,349] Trial 1846 finished with value: 0.012000000000000016 and parameters: {'w_boll': 0.1584521177956436, 'w_rsi': 0.8219803172872239, 'w_mom': 1.3668958915754958, 'w_vwap': 0.9159124357282109, 'w_orb': 1.742037892788555, 'w_ofi': 1.893685006277786, 'w_vol': 0.8895352878143467, 'win_boll': 19, 'win_rsi': 5, 'win_mom': 5, 'win_vwap': 25, 'orb_opening_bars': 26, 'vol_window': 14}. Best is trial 868 with value: 0.384.
Trial 1847: REJECT (overfit 23.0%) - Eval: 0.348%, Val: 0.268%
[I 2025-10-25 04:51:40,100] Trial 1847 finished with value: -999.0 and parameters: {'w_boll': 0.1470089603586434, 'w_rsi': 0.46790589501630586, 'w_mom': 1.2932219601962276, 'w_vwap': 0.9932621547819738, 'w_orb': 1.8058736251997753, 'w_ofi': 1.935413468669786, 'w_vol': 0.9256742064914204, 'win_boll': 21, 'win_rsi': 6, 'win_mom': 5, 'win_vwap': 38, 'orb_opening_bars': 27, 'vol_window': 15}. Best is trial 868 with value: 0.384.
Trial 1848: ACCEPT (degrade 0.0%) - Eval: -0.020%, Val: 0.095%
[I 2025-10-25 04:51:40,867] Trial 1848 finished with value: -0.02 and parameters: {'w_boll': 0.10938884579050913, 'w_rsi': 0.4149305394145196, 'w_mom': 1.3315695593817274, 'w_vwap': 0.9054442777134093, 'w_orb': 0.42394696686178723, 'w_ofi': 1.6285872081303467, 'w_vol': 0.8668025468224675, 'win_boll': 23, 'win_rsi': 7, 'win_mom': 5, 'win_vwap': 25, 'orb_opening_bars': 25, 'vol_window': 14}. Best is trial 868 with value: 0.384.
Trial 1849: ACCEPT (degrade -643.8%) - Eval: 0.016%, Val: 0.119%
[I 2025-10-25 04:51:41,627] Trial 1849 finished with value: 0.015999999999999993 and parameters: {'w_boll': 0.15059040174323468, 'w_rsi': 0.4824383047549782, 'w_mom': 1.4185049397207046, 'w_vwap': 0.9713278397620017, 'w_orb': 1.7749111721433732, 'w_ofi': 0.9256078183258303, 'w_vol': 0.8126428246000105, 'win_boll': 20, 'win_rsi': 5, 'win_mom': 5, 'win_vwap': 26, 'orb_opening_bars': 25, 'vol_window': 15}. Best is trial 868 with value: 0.384.
Trial 1850: ACCEPT (degrade 0.0%) - Eval: -0.022%, Val: 0.267%
[I 2025-10-25 04:51:42,391] Trial 1850 finished with value: -0.021999999999999992 and parameters: {'w_boll': 0.16400933214979016, 'w_rsi': 0.41582568053670027, 'w_mom': 1.3582853865820714, 'w_vwap': 0.9491921201388981, 'w_orb': 1.8288560787900814, 'w_ofi': 1.9705692653656253, 'w_vol': 0.9058484438338105, 'win_boll': 23, 'win_rsi': 8, 'win_mom': 5, 'win_vwap': 23, 'orb_opening_bars': 27, 'vol_window': 14}. Best is trial 868 with value: 0.384.
Trial 1851: ACCEPT (degrade 0.4%) - Eval: 0.252%, Val: 0.251%
[I 2025-10-25 04:51:43,154] Trial 1851 finished with value: 0.25199999999999995 and parameters: {'w_boll': 0.18140512317832488, 'w_rsi': 0.43925048250054144, 'w_mom': 1.4775800542043231, 'w_vwap': 1.0027623537518857, 'w_orb': 1.7154115033295187, 'w_ofi': 1.9145851099558542, 'w_vol': 0.9524886631060678, 'win_boll': 24, 'win_rsi': 6, 'win_mom': 5, 'win_vwap': 24, 'orb_opening_bars': 26, 'vol_window': 16}. Best is trial 868 with value: 0.384.
Trial 1852: ACCEPT (degrade 0.0%) - Eval: -0.060%, Val: 0.313%
[I 2025-10-25 04:51:43,938] Trial 1852 finished with value: -0.059999999999999984 and parameters: {'w_boll': 0.11022063343786093, 'w_rsi': 0.48305933266080964, 'w_mom': 1.29296553865268, 'w_vwap': 0.9006220223224229, 'w_orb': 1.824772082818708, 'w_ofi': 1.9983766576257396, 'w_vol': 1.0015167320488982, 'win_boll': 24, 'win_rsi': 7, 'win_mom': 5, 'win_vwap': 26, 'orb_opening_bars': 25, 'vol_window': 14}. Best is trial 868 with value: 0.384.
Trial 1853: ACCEPT (degrade -1075.0%) - Eval: 0.020%, Val: 0.235%
[I 2025-10-25 04:51:44,693] Trial 1853 finished with value: 0.020000000000000007 and parameters: {'w_boll': 0.15179209910536545, 'w_rsi': 0.3997134839846439, 'w_mom': 1.3812049724199722, 'w_vwap': 0.9293536481586624, 'w_orb': 1.854925062606367, 'w_ofi': 1.5165072565959337, 'w_vol': 0.96501010362924, 'win_boll': 20, 'win_rsi': 6, 'win_mom': 5, 'win_vwap': 28, 'orb_opening_bars': 24, 'vol_window': 14}. Best is trial 868 with value: 0.384.
Trial 1854: ACCEPT (degrade 0.0%) - Eval: -0.206%, Val: 0.111%
[I 2025-10-25 04:51:45,464] Trial 1854 finished with value: -0.20600000000000002 and parameters: {'w_boll': 0.17341573718568112, 'w_rsi': 0.43303085773467354, 'w_mom': 1.328869593899388, 'w_vwap': 1.0304197815699077, 'w_orb': 1.7413523891352907, 'w_ofi': 0.681257525583868, 'w_vol': 0.8693767504706009, 'win_boll': 22, 'win_rsi': 5, 'win_mom': 5, 'win_vwap': 40, 'orb_opening_bars': 27, 'vol_window': 46}. Best is trial 868 with value: 0.384.
Trial 1855: ACCEPT (degrade -48.2%) - Eval: 0.282%, Val: 0.418%
[I 2025-10-25 04:51:46,222] Trial 1855 finished with value: 0.28200000000000003 and parameters: {'w_boll': 0.16168287947065946, 'w_rsi': 0.511032993843202, 'w_mom': 1.415758343711696, 'w_vwap': 0.909901993402539, 'w_orb': 1.7736873697637843, 'w_ofi': 1.5780665689264741, 'w_vol': 0.9626198063284884, 'win_boll': 25, 'win_rsi': 6, 'win_mom': 5, 'win_vwap': 22, 'orb_opening_bars': 27, 'vol_window': 14}. Best is trial 868 with value: 0.384.
Trial 1856: ACCEPT (degrade -10800.0%) - Eval: 0.004%, Val: 0.436%
[I 2025-10-25 04:51:47,014] Trial 1856 finished with value: 0.003999999999999992 and parameters: {'w_boll': 0.16426702849820424, 'w_rsi': 0.553289749665504, 'w_mom': 1.4692444574380483, 'w_vwap': 0.9373120750806658, 'w_orb': 1.8075327287640586, 'w_ofi': 1.4300782407065942, 'w_vol': 1.0171475333271662, 'win_boll': 25, 'win_rsi': 7, 'win_mom': 5, 'win_vwap': 22, 'orb_opening_bars': 26, 'vol_window': 17}. Best is trial 868 with value: 0.384.
Trial 1857: ACCEPT (degrade -184.1%) - Eval: 0.182%, Val: 0.517%
[I 2025-10-25 04:51:47,775] Trial 1857 finished with value: 0.182 and parameters: {'w_boll': 0.15116322493706766, 'w_rsi': 0.535732998088222, 'w_mom': 1.4295406634387058, 'w_vwap': 0.9591570527363316, 'w_orb': 1.846088502665402, 'w_ofi': 1.6036030383474058, 'w_vol': 0.9659517878624665, 'win_boll': 26, 'win_rsi': 6, 'win_mom': 5, 'win_vwap': 23, 'orb_opening_bars': 27, 'vol_window': 16}. Best is trial 868 with value: 0.384.
Trial 1858: ACCEPT (degrade -3370.0%) - Eval: 0.010%, Val: 0.347%
