[I 2025-10-25 04:43:19,489] Trial 1196 finished with value: -0.09599999999999997 and parameters: {'w_boll': 0.31042002443904754, 'w_rsi': 0.2981378364093743, 'w_mom': 0.2414080657872485, 'w_vwap': 0.610613578334137, 'w_orb': 1.9969816026356932, 'w_ofi': 1.9303053764612668, 'w_vol': 1.8705832394795743, 'win_boll': 13, 'win_rsi': 5, 'win_mom': 8, 'win_vwap': 18, 'orb_opening_bars': 49, 'vol_window': 32}. Best is trial 868 with value: 0.384.Best trial: 868. Best value: 0.384:  61%|██████    | 1213/2000 [15:29<10:12,  1.28it/s]Best trial: 868. Best value: 0.384:  61%|██████    | 1213/2000 [15:29<10:12,  1.28it/s]Best trial: 868. Best value: 0.384:  61%|██████    | 1214/2000 [15:29<10:06,  1.30it/s]                                                                                       Best trial: 868. Best value: 0.384:  61%|██████    | 1214/2000 [15:29<10:06,  1.30it/s]Best trial: 868. Best value: 0.384:  61%|██████    | 1214/2000 [15:29<10:06,  1.30it/s]Best trial: 868. Best value: 0.384:  61%|██████    | 1215/2000 [15:29<10:04,  1.30it/s]                                                                                       Best trial: 868. Best value: 0.384:  61%|██████    | 1215/2000 [15:30<10:04,  1.30it/s]Best trial: 868. Best value: 0.384:  61%|██████    | 1215/2000 [15:30<10:04,  1.30it/s]Best trial: 868. Best value: 0.384:  61%|██████    | 1216/2000 [15:30<10:04,  1.30it/s]                                                                                       Best trial: 868. Best value: 0.384:  61%|██████    | 1216/2000 [15:31<10:04,  1.30it/s]Best trial: 868. Best value: 0.384:  61%|██████    | 1216/2000 [15:31<10:04,  1.30it/s]Best trial: 868. Best value: 0.384:  61%|██████    | 1217/2000 [15:31<10:01,  1.30it/s]                                                                                       Best trial: 868. Best value: 0.384:  61%|██████    | 1217/2000 [15:32<10:01,  1.30it/s]Best trial: 868. Best value: 0.384:  61%|██████    | 1217/2000 [15:32<10:01,  1.30it/s]Best trial: 868. Best value: 0.384:  61%|██████    | 1218/2000 [15:32<09:57,  1.31it/s]                                                                                       Best trial: 868. Best value: 0.384:  61%|██████    | 1218/2000 [15:32<09:57,  1.31it/s]Best trial: 868. Best value: 0.384:  61%|██████    | 1218/2000 [15:32<09:57,  1.31it/s]Best trial: 868. Best value: 0.384:  61%|██████    | 1219/2000 [15:32<10:00,  1.30it/s]                                                                                       Best trial: 868. Best value: 0.384:  61%|██████    | 1219/2000 [15:33<10:00,  1.30it/s]Best trial: 868. Best value: 0.384:  61%|██████    | 1219/2000 [15:33<10:00,  1.30it/s]Best trial: 868. Best value: 0.384:  61%|██████    | 1220/2000 [15:33<09:51,  1.32it/s]                                                                                       Best trial: 868. Best value: 0.384:  61%|██████    | 1220/2000 [15:34<09:51,  1.32it/s]Best trial: 868. Best value: 0.384:  61%|██████    | 1220/2000 [15:34<09:51,  1.32it/s]Best trial: 868. Best value: 0.384:  61%|██████    | 1221/2000 [15:34<09:50,  1.32it/s]                                                                                       Best trial: 868. Best value: 0.384:  61%|██████    | 1221/2000 [15:35<09:50,  1.32it/s]Best trial: 868. Best value: 0.384:  61%|██████    | 1221/2000 [15:35<09:50,  1.32it/s]Best trial: 868. Best value: 0.384:  61%|██████    | 1222/2000 [15:35<09:52,  1.31it/s]                                                                                       Best trial: 868. Best value: 0.384:  61%|██████    | 1222/2000 [15:35<09:52,  1.31it/s]Best trial: 868. Best value: 0.384:  61%|██████    | 1222/2000 [15:35<09:52,  1.31it/s]Best trial: 868. Best value: 0.384:  61%|██████    | 1223/2000 [15:35<09:56,  1.30it/s]                                                                                       Best trial: 868. Best value: 0.384:  61%|██████    | 1223/2000 [15:36<09:56,  1.30it/s]Best trial: 868. Best value: 0.384:  61%|██████    | 1223/2000 [15:36<09:56,  1.30it/s]Best trial: 868. Best value: 0.384:  61%|██████    | 1224/2000 [15:36<09:53,  1.31it/s]                                                                                       Best trial: 868. Best value: 0.384:  61%|██████    | 1224/2000 [15:37<09:53,  1.31it/s]Best trial: 868. Best value: 0.384:  61%|██████    | 1224/2000 [15:37<09:53,  1.31it/s]Best trial: 868. Best value: 0.384:  61%|██████▏   | 1225/2000 [15:37<09:46,  1.32it/s]                                                                                       Best trial: 868. Best value: 0.384:  61%|██████▏   | 1225/2000 [15:38<09:46,  1.32it/s]Best trial: 868. Best value: 0.384:  61%|██████▏   | 1225/2000 [15:38<09:46,  1.32it/s]Best trial: 868. Best value: 0.384:  61%|██████▏   | 1226/2000 [15:38<09:45,  1.32it/s]                                                                                       Best trial: 868. Best value: 0.384:  61%|██████▏   | 1226/2000 [15:39<09:45,  1.32it/s]Best trial: 868. Best value: 0.384:  61%|██████▏   | 1226/2000 [15:39<09:45,  1.32it/s]Best trial: 868. Best value: 0.384:  61%|██████▏   | 1227/2000 [15:39<09:55,  1.30it/s]                                                                                       Best trial: 868. Best value: 0.384:  61%|██████▏   | 1227/2000 [15:39<09:55,  1.30it/s]Best trial: 868. Best value: 0.384:  61%|██████▏   | 1227/2000 [15:39<09:55,  1.30it/s]Best trial: 868. Best value: 0.384:  61%|██████▏   | 1228/2000 [15:39<09:54,  1.30it/s]                                                                                       Best trial: 868. Best value: 0.384:  61%|██████▏   | 1228/2000 [15:40<09:54,  1.30it/s]Best trial: 868. Best value: 0.384:  61%|██████▏   | 1228/2000 [15:40<09:54,  1.30it/s]Best trial: 868. Best value: 0.384:  61%|██████▏   | 1229/2000 [15:40<09:45,  1.32it/s]                                                                                       Best trial: 868. Best value: 0.384:  61%|██████▏   | 1229/2000 [15:41<09:45,  1.32it/s]Best trial: 868. Best value: 0.384:  61%|██████▏   | 1229/2000 [15:41<09:45,  1.32it/s]Best trial: 868. Best value: 0.384:  62%|██████▏   | 1230/2000 [15:41<09:43,  1.32it/s]                                                                                       
Trial 1197: REJECT (overfit 72.9%) - Eval: 0.096%, Val: 0.026%
[I 2025-10-25 04:43:20,245] Trial 1197 finished with value: -999.0 and parameters: {'w_boll': 0.3782970194952651, 'w_rsi': 0.4326413924420669, 'w_mom': 0.3139633858052736, 'w_vwap': 0.7388038626962955, 'w_orb': 1.9326931814416661, 'w_ofi': 0.39570976546260683, 'w_vol': 1.7242320239027717, 'win_boll': 15, 'win_rsi': 7, 'win_mom': 4, 'win_vwap': 16, 'orb_opening_bars': 48, 'vol_window': 10}. Best is trial 868 with value: 0.384.
Trial 1198: ACCEPT (degrade 0.0%) - Eval: -0.174%, Val: 0.235%
[I 2025-10-25 04:43:20,974] Trial 1198 finished with value: -0.174 and parameters: {'w_boll': 0.23728172964051375, 'w_rsi': 0.2497348223901346, 'w_mom': 0.16652628550409534, 'w_vwap': 0.7073567270621173, 'w_orb': 1.8694937559353388, 'w_ofi': 0.5135630308516392, 'w_vol': 1.8058893728198642, 'win_boll': 25, 'win_rsi': 8, 'win_mom': 6, 'win_vwap': 26, 'orb_opening_bars': 50, 'vol_window': 11}. Best is trial 868 with value: 0.384.
Trial 1199: ACCEPT (degrade -170.6%) - Eval: 0.126%, Val: 0.341%
[I 2025-10-25 04:43:21,733] Trial 1199 finished with value: 0.126 and parameters: {'w_boll': 0.4135847524408649, 'w_rsi': 0.18858332102125397, 'w_mom': 1.1821295896744393, 'w_vwap': 0.7865563821279317, 'w_orb': 1.998591073680797, 'w_ofi': 1.8135449882055519, 'w_vol': 1.9061391595962098, 'win_boll': 13, 'win_rsi': 7, 'win_mom': 6, 'win_vwap': 15, 'orb_opening_bars': 48, 'vol_window': 12}. Best is trial 868 with value: 0.384.
Trial 1200: REJECT (overfit 205.5%) - Eval: 0.110%, Val: -0.116%
[I 2025-10-25 04:43:22,518] Trial 1200 finished with value: -999.0 and parameters: {'w_boll': 0.4593182069490822, 'w_rsi': 0.36696927191418566, 'w_mom': 1.351629022762329, 'w_vwap': 0.6579315640637918, 'w_orb': 1.8221298937638626, 'w_ofi': 1.8605434035568633, 'w_vol': 1.8333516858838088, 'win_boll': 14, 'win_rsi': 6, 'win_mom': 3, 'win_vwap': 31, 'orb_opening_bars': 49, 'vol_window': 11}. Best is trial 868 with value: 0.384.
Trial 1201: ACCEPT (degrade 0.0%) - Eval: -0.058%, Val: 0.121%
[I 2025-10-25 04:43:23,274] Trial 1201 finished with value: -0.05800000000000001 and parameters: {'w_boll': 1.1662624005046387, 'w_rsi': 0.7264161841437474, 'w_mom': 0.9487026672220304, 'w_vwap': 0.5907281234661451, 'w_orb': 1.9074362928870747, 'w_ofi': 1.9726965423197507, 'w_vol': 1.7573514490264481, 'win_boll': 12, 'win_rsi': 5, 'win_mom': 5, 'win_vwap': 12, 'orb_opening_bars': 50, 'vol_window': 14}. Best is trial 868 with value: 0.384.
Trial 1202: ACCEPT (degrade 0.0%) - Eval: -0.006%, Val: 0.237%
[I 2025-10-25 04:43:24,014] Trial 1202 finished with value: -0.005999999999999994 and parameters: {'w_boll': 0.3426353106453697, 'w_rsi': 0.47064483432447163, 'w_mom': 0.3375591539345429, 'w_vwap': 0.691620194031662, 'w_orb': 1.9339198205331716, 'w_ofi': 1.902931219663156, 'w_vol': 1.9603588209523424, 'win_boll': 16, 'win_rsi': 6, 'win_mom': 4, 'win_vwap': 14, 'orb_opening_bars': 48, 'vol_window': 12}. Best is trial 868 with value: 0.384.
Trial 1203: ACCEPT (degrade 0.0%) - Eval: -0.188%, Val: 0.335%
[I 2025-10-25 04:43:24,770] Trial 1203 finished with value: -0.188 and parameters: {'w_boll': 0.2630317639003825, 'w_rsi': 0.3329736369177789, 'w_mom': 0.20607186346757106, 'w_vwap': 0.5373866088524414, 'w_orb': 1.8757199690919193, 'w_ofi': 0.4256708600830516, 'w_vol': 0.8574691019006109, 'win_boll': 14, 'win_rsi': 6, 'win_mom': 7, 'win_vwap': 17, 'orb_opening_bars': 47, 'vol_window': 16}. Best is trial 868 with value: 0.384.
Trial 1204: REJECT (overfit 131.9%) - Eval: 0.116%, Val: -0.037%
[I 2025-10-25 04:43:25,573] Trial 1204 finished with value: -999.0 and parameters: {'w_boll': 0.3712376929936131, 'w_rsi': 0.26544246006796657, 'w_mom': 1.3064987582928203, 'w_vwap': 0.736128901684475, 'w_orb': 1.9997087648213407, 'w_ofi': 1.9998582907762013, 'w_vol': 1.2463561210936516, 'win_boll': 12, 'win_rsi': 7, 'win_mom': 3, 'win_vwap': 11, 'orb_opening_bars': 49, 'vol_window': 10}. Best is trial 868 with value: 0.384.
Trial 1205: ACCEPT (degrade -50.8%) - Eval: 0.118%, Val: 0.178%
[I 2025-10-25 04:43:26,340] Trial 1205 finished with value: 0.11800000000000002 and parameters: {'w_boll': 0.4282533835493554, 'w_rsi': 0.3965650416549581, 'w_mom': 1.4007336374885653, 'w_vwap': 0.6318791255828707, 'w_orb': 1.9465904451588192, 'w_ofi': 0.4767068439015573, 'w_vol': 1.8713186062208007, 'win_boll': 15, 'win_rsi': 5, 'win_mom': 4, 'win_vwap': 13, 'orb_opening_bars': 29, 'vol_window': 10}. Best is trial 868 with value: 0.384.
Trial 1206: ACCEPT (degrade -196.4%) - Eval: 0.028%, Val: 0.083%
[I 2025-10-25 04:43:27,097] Trial 1206 finished with value: 0.028000000000000004 and parameters: {'w_boll': 0.3088242377829444, 'w_rsi': 0.3065941063350255, 'w_mom': 0.14163263141501872, 'w_vwap': 0.38842217530141726, 'w_orb': 0.6741327335714666, 'w_ofi': 0.5729451185149518, 'w_vol': 1.0562662537401315, 'win_boll': 13, 'win_rsi': 6, 'win_mom': 5, 'win_vwap': 11, 'orb_opening_bars': 50, 'vol_window': 13}. Best is trial 868 with value: 0.384.
Trial 1207: ACCEPT (degrade 0.0%) - Eval: -0.162%, Val: 0.073%
[I 2025-10-25 04:43:27,825] Trial 1207 finished with value: -0.16200000000000003 and parameters: {'w_boll': 0.39689551383476296, 'w_rsi': 1.1065688093995791, 'w_mom': 0.26814142980579336, 'w_vwap': 0.7852288161175373, 'w_orb': 1.8531005339297277, 'w_ofi': 0.2843306712138874, 'w_vol': 1.6095762416774044, 'win_boll': 15, 'win_rsi': 5, 'win_mom': 4, 'win_vwap': 12, 'orb_opening_bars': 48, 'vol_window': 11}. Best is trial 868 with value: 0.384.
Trial 1208: ACCEPT (degrade 0.0%) - Eval: -0.216%, Val: 0.043%
[I 2025-10-25 04:43:28,602] Trial 1208 finished with value: -0.21600000000000003 and parameters: {'w_boll': 0.3456835796965171, 'w_rsi': 0.5461579661426885, 'w_mom': 1.0410256489452796, 'w_vwap': 0.6954899818246075, 'w_orb': 1.8984916922242105, 'w_ofi': 1.9318179724540276, 'w_vol': 0.7329940526663681, 'win_boll': 12, 'win_rsi': 21, 'win_mom': 6, 'win_vwap': 13, 'orb_opening_bars': 49, 'vol_window': 11}. Best is trial 868 with value: 0.384.
Trial 1209: REJECT (overfit 233.3%) - Eval: 0.024%, Val: -0.032%
[I 2025-10-25 04:43:29,358] Trial 1209 finished with value: -999.0 and parameters: {'w_boll': 0.2832169231025005, 'w_rsi': 0.19161877172130337, 'w_mom': 1.2379584613773682, 'w_vwap': 0.6445987228831165, 'w_orb': 1.7945704160032774, 'w_ofi': 1.820846864268976, 'w_vol': 1.9140726641211305, 'win_boll': 17, 'win_rsi': 7, 'win_mom': 3, 'win_vwap': 11, 'orb_opening_bars': 50, 'vol_window': 12}. Best is trial 868 with value: 0.384.
Trial 1210: ACCEPT (degrade -120.3%) - Eval: 0.064%, Val: 0.141%
[I 2025-10-25 04:43:30,190] Trial 1210 finished with value: 0.06400000000000002 and parameters: {'w_boll': 0.20089616936086363, 'w_rsi': 0.22708401883602758, 'w_mom': 1.4833675907685875, 'w_vwap': 0.5706885566928518, 'w_orb': 1.9335193216178554, 'w_ofi': 0.7227771115923766, 'w_vol': 1.8173823831126006, 'win_boll': 13, 'win_rsi': 8, 'win_mom': 4, 'win_vwap': 15, 'orb_opening_bars': 47, 'vol_window': 10}. Best is trial 868 with value: 0.384.
Trial 1211: ACCEPT (degrade -368.4%) - Eval: 0.076%, Val: 0.356%
[I 2025-10-25 04:43:30,919] Trial 1211 finished with value: 0.07600000000000001 and parameters: {'w_boll': 0.46609877159486135, 'w_rsi': 0.42898655681647613, 'w_mom': 1.7889660990341953, 'w_vwap': 0.7484104536736575, 'w_orb': 1.8948018159660955, 'w_ofi': 0.42223320546029147, 'w_vol': 1.6892727867505317, 'win_boll': 14, 'win_rsi': 7, 'win_mom': 10, 'win_vwap': 34, 'orb_opening_bars': 48, 'vol_window': 14}. Best is trial 868 with value: 0.384.
Trial 1212: ACCEPT (degrade -26.5%) - Eval: 0.196%, Val: 0.248%
[I 2025-10-25 04:43:31,727] Trial 1212 finished with value: 0.196 and parameters: {'w_boll': 0.42008095333678147, 'w_rsi': 0.3481765892131596, 'w_mom': 0.10134215237891347, 'w_vwap': 0.6689961589154845, 'w_orb': 1.9657937600785598, 'w_ofi': 1.87305966505809, 'w_vol': 1.7735109537083436, 'win_boll': 13, 'win_rsi': 6, 'win_mom': 3, 'win_vwap': 12, 'orb_opening_bars': 49, 'vol_window': 12}. Best is trial 868 with value: 0.384.
Trial 1213: ACCEPT (degrade 0.0%) - Eval: -0.080%, Val: 0.156%
[I 2025-10-25 04:43:32,484] Trial 1213 finished with value: -0.07999999999999999 and parameters: {'w_boll': 0.3729234504014523, 'w_rsi': 0.6139212461497656, 'w_mom': 0.19302506842989342, 'w_vwap': 0.7166763084483531, 'w_orb': 1.8244454629579274, 'w_ofi': 0.45769174832441945, 'w_vol': 1.879348099190392, 'win_boll': 14, 'win_rsi': 5, 'win_mom': 7, 'win_vwap': 13, 'orb_opening_bars': 50, 'vol_window': 13}. Best is trial 868 with value: 0.384.Best trial: 868. Best value: 0.384:  62%|██████▏   | 1230/2000 [15:42<09:43,  1.32it/s]Best trial: 868. Best value: 0.384:  62%|██████▏   | 1230/2000 [15:42<09:43,  1.32it/s]Best trial: 868. Best value: 0.384:  62%|██████▏   | 1231/2000 [15:42<09:50,  1.30it/s]                                                                                       Best trial: 868. Best value: 0.384:  62%|██████▏   | 1231/2000 [15:42<09:50,  1.30it/s]Best trial: 868. Best value: 0.384:  62%|██████▏   | 1231/2000 [15:42<09:50,  1.30it/s]Best trial: 868. Best value: 0.384:  62%|██████▏   | 1232/2000 [15:42<09:47,  1.31it/s]                                                                                       Best trial: 868. Best value: 0.384:  62%|██████▏   | 1232/2000 [15:43<09:47,  1.31it/s]Best trial: 868. Best value: 0.384:  62%|██████▏   | 1232/2000 [15:43<09:47,  1.31it/s]Best trial: 868. Best value: 0.384:  62%|██████▏   | 1233/2000 [15:43<09:38,  1.33it/s]                                                                                       Best trial: 868. Best value: 0.384:  62%|██████▏   | 1233/2000 [15:44<09:38,  1.33it/s]Best trial: 868. Best value: 0.384:  62%|██████▏   | 1233/2000 [15:44<09:38,  1.33it/s]Best trial: 868. Best value: 0.384:  62%|██████▏   | 1234/2000 [15:44<09:38,  1.32it/s]                                                                                       Best trial: 868. Best value: 0.384:  62%|██████▏   | 1234/2000 [15:45<09:38,  1.32it/s]Best trial: 868. Best value: 0.384:  62%|██████▏   | 1234/2000 [15:45<09:38,  1.32it/s]Best trial: 868. Best value: 0.384:  62%|██████▏   | 1235/2000 [15:45<09:50,  1.30it/s]                                                                                       Best trial: 868. Best value: 0.384:  62%|██████▏   | 1235/2000 [15:45<09:50,  1.30it/s]Best trial: 868. Best value: 0.384:  62%|██████▏   | 1235/2000 [15:45<09:50,  1.30it/s]Best trial: 868. Best value: 0.384:  62%|██████▏   | 1236/2000 [15:45<09:49,  1.30it/s]                                                                                       Best trial: 868. Best value: 0.384:  62%|██████▏   | 1236/2000 [15:46<09:49,  1.30it/s]Best trial: 868. Best value: 0.384:  62%|██████▏   | 1236/2000 [15:46<09:49,  1.30it/s]Best trial: 868. Best value: 0.384:  62%|██████▏   | 1237/2000 [15:46<09:40,  1.32it/s]                                                                                       Best trial: 868. Best value: 0.384:  62%|██████▏   | 1237/2000 [15:47<09:40,  1.32it/s]Best trial: 868. Best value: 0.384:  62%|██████▏   | 1237/2000 [15:47<09:40,  1.32it/s]Best trial: 868. Best value: 0.384:  62%|██████▏   | 1238/2000 [15:47<09:37,  1.32it/s]                                                                                       Best trial: 868. Best value: 0.384:  62%|██████▏   | 1238/2000 [15:48<09:37,  1.32it/s]Best trial: 868. Best value: 0.384:  62%|██████▏   | 1238/2000 [15:48<09:37,  1.32it/s]Best trial: 868. Best value: 0.384:  62%|██████▏   | 1239/2000 [15:48<09:45,  1.30it/s]                                                                                       Best trial: 868. Best value: 0.384:  62%|██████▏   | 1239/2000 [15:48<09:45,  1.30it/s]Best trial: 868. Best value: 0.384:  62%|██████▏   | 1239/2000 [15:48<09:45,  1.30it/s]Best trial: 868. Best value: 0.384:  62%|██████▏   | 1240/2000 [15:48<09:48,  1.29it/s]                                                                                       Best trial: 868. Best value: 0.384:  62%|██████▏   | 1240/2000 [15:49<09:48,  1.29it/s]Best trial: 868. Best value: 0.384:  62%|██████▏   | 1240/2000 [15:49<09:48,  1.29it/s]Best trial: 868. Best value: 0.384:  62%|██████▏   | 1241/2000 [15:49<09:46,  1.29it/s]                                                                                       Best trial: 868. Best value: 0.384:  62%|██████▏   | 1241/2000 [15:50<09:46,  1.29it/s]Best trial: 868. Best value: 0.384:  62%|██████▏   | 1241/2000 [15:50<09:46,  1.29it/s]Best trial: 868. Best value: 0.384:  62%|██████▏   | 1242/2000 [15:50<09:36,  1.31it/s]                                                                                       Best trial: 868. Best value: 0.384:  62%|██████▏   | 1242/2000 [15:51<09:36,  1.31it/s]Best trial: 868. Best value: 0.384:  62%|██████▏   | 1242/2000 [15:51<09:36,  1.31it/s]Best trial: 868. Best value: 0.384:  62%|██████▏   | 1243/2000 [15:51<09:44,  1.30it/s]                                                                                       Best trial: 868. Best value: 0.384:  62%|██████▏   | 1243/2000 [15:52<09:44,  1.30it/s]Best trial: 868. Best value: 0.384:  62%|██████▏   | 1243/2000 [15:52<09:44,  1.30it/s]Best trial: 868. Best value: 0.384:  62%|██████▏   | 1244/2000 [15:52<09:40,  1.30it/s]                                                                                       Best trial: 868. Best value: 0.384:  62%|██████▏   | 1244/2000 [15:52<09:40,  1.30it/s]Best trial: 868. Best value: 0.384:  62%|██████▏   | 1244/2000 [15:52<09:40,  1.30it/s]Best trial: 868. Best value: 0.384:  62%|██████▏   | 1245/2000 [15:52<09:38,  1.31it/s]                                                                                       Best trial: 868. Best value: 0.384:  62%|██████▏   | 1245/2000 [15:53<09:38,  1.31it/s]Best trial: 868. Best value: 0.384:  62%|██████▏   | 1245/2000 [15:53<09:38,  1.31it/s]Best trial: 868. Best value: 0.384:  62%|██████▏   | 1246/2000 [15:53<09:31,  1.32it/s]                                                                                       Best trial: 868. Best value: 0.384:  62%|██████▏   | 1246/2000 [15:54<09:31,  1.32it/s]Best trial: 868. Best value: 0.384:  62%|██████▏   | 1246/2000 [15:54<09:31,  1.32it/s]Best trial: 868. Best value: 0.384:  62%|██████▏   | 1247/2000 [15:54<09:36,  1.31it/s]                                                                                       
Trial 1214: REJECT (overfit 143.8%) - Eval: 0.146%, Val: -0.064%
[I 2025-10-25 04:43:33,250] Trial 1214 finished with value: -999.0 and parameters: {'w_boll': 0.3203005795137828, 'w_rsi': 0.2899245625213693, 'w_mom': 1.5292360864546506, 'w_vwap': 0.6088525198533445, 'w_orb': 1.8550455411937128, 'w_ofi': 1.9346043670907267, 'w_vol': 1.9372481963226764, 'win_boll': 15, 'win_rsi': 6, 'win_mom': 5, 'win_vwap': 32, 'orb_opening_bars': 49, 'vol_window': 11}. Best is trial 868 with value: 0.384.
Trial 1215: ACCEPT (degrade -176.1%) - Eval: 0.046%, Val: 0.127%
