[I 2025-10-25 04:40:41,925] Trial 992 finished with value: -999.0 and parameters: {'w_boll': 0.15500129637127402, 'w_rsi': 0.17294860606656792, 'w_mom': 1.2218075143900533, 'w_vwap': 0.8689643386418751, 'w_orb': 1.8553541267315117, 'w_ofi': 1.9596325265777481, 'w_vol': 1.8285444402857216, 'win_boll': 13, 'win_rsi': 7, 'win_mom': 5, 'win_vwap': 16, 'orb_opening_bars': 49, 'vol_window': 11}. Best is trial 868 with value: 0.384.Best trial: 868. Best value: 0.384:  50%|█████     | 1009/2000 [12:51<12:24,  1.33it/s]Best trial: 868. Best value: 0.384:  50%|█████     | 1009/2000 [12:51<12:24,  1.33it/s]Best trial: 868. Best value: 0.384:  50%|█████     | 1010/2000 [12:51<12:24,  1.33it/s]                                                                                       Best trial: 868. Best value: 0.384:  50%|█████     | 1010/2000 [12:52<12:24,  1.33it/s]Best trial: 868. Best value: 0.384:  50%|█████     | 1010/2000 [12:52<12:24,  1.33it/s]Best trial: 868. Best value: 0.384:  51%|█████     | 1011/2000 [12:52<12:23,  1.33it/s]                                                                                       Best trial: 868. Best value: 0.384:  51%|█████     | 1011/2000 [12:52<12:23,  1.33it/s]Best trial: 868. Best value: 0.384:  51%|█████     | 1011/2000 [12:52<12:23,  1.33it/s]Best trial: 868. Best value: 0.384:  51%|█████     | 1012/2000 [12:52<12:33,  1.31it/s]                                                                                       Best trial: 868. Best value: 0.384:  51%|█████     | 1012/2000 [12:53<12:33,  1.31it/s]Best trial: 868. Best value: 0.384:  51%|█████     | 1012/2000 [12:53<12:33,  1.31it/s]Best trial: 868. Best value: 0.384:  51%|█████     | 1013/2000 [12:53<13:03,  1.26it/s]                                                                                       Best trial: 868. Best value: 0.384:  51%|█████     | 1013/2000 [12:54<13:03,  1.26it/s]Best trial: 868. Best value: 0.384:  51%|█████     | 1013/2000 [12:54<13:03,  1.26it/s]Best trial: 868. Best value: 0.384:  51%|█████     | 1014/2000 [12:54<12:42,  1.29it/s]                                                                                       Best trial: 868. Best value: 0.384:  51%|█████     | 1014/2000 [12:55<12:42,  1.29it/s]Best trial: 868. Best value: 0.384:  51%|█████     | 1014/2000 [12:55<12:42,  1.29it/s]Best trial: 868. Best value: 0.384:  51%|█████     | 1015/2000 [12:55<12:33,  1.31it/s]                                                                                       Best trial: 868. Best value: 0.384:  51%|█████     | 1015/2000 [12:56<12:33,  1.31it/s]Best trial: 868. Best value: 0.384:  51%|█████     | 1015/2000 [12:56<12:33,  1.31it/s]Best trial: 868. Best value: 0.384:  51%|█████     | 1016/2000 [12:56<12:41,  1.29it/s]                                                                                       Best trial: 868. Best value: 0.384:  51%|█████     | 1016/2000 [12:57<12:41,  1.29it/s]Best trial: 868. Best value: 0.384:  51%|█████     | 1016/2000 [12:57<12:41,  1.29it/s]Best trial: 868. Best value: 0.384:  51%|█████     | 1017/2000 [12:57<16:54,  1.03s/it]                                                                                       Best trial: 868. Best value: 0.384:  51%|█████     | 1017/2000 [12:58<16:54,  1.03s/it]Best trial: 868. Best value: 0.384:  51%|█████     | 1017/2000 [12:58<16:54,  1.03s/it]Best trial: 868. Best value: 0.384:  51%|█████     | 1018/2000 [12:58<15:35,  1.05it/s]                                                                                       Best trial: 868. Best value: 0.384:  51%|█████     | 1018/2000 [12:59<15:35,  1.05it/s]Best trial: 868. Best value: 0.384:  51%|█████     | 1018/2000 [12:59<15:35,  1.05it/s]Best trial: 868. Best value: 0.384:  51%|█████     | 1019/2000 [12:59<14:35,  1.12it/s]                                                                                       Best trial: 868. Best value: 0.384:  51%|█████     | 1019/2000 [12:59<14:35,  1.12it/s]Best trial: 868. Best value: 0.384:  51%|█████     | 1019/2000 [12:59<14:35,  1.12it/s]Best trial: 868. Best value: 0.384:  51%|█████     | 1020/2000 [12:59<14:00,  1.17it/s]                                                                                       Best trial: 868. Best value: 0.384:  51%|█████     | 1020/2000 [13:00<14:00,  1.17it/s]Best trial: 868. Best value: 0.384:  51%|█████     | 1020/2000 [13:00<14:00,  1.17it/s]Best trial: 868. Best value: 0.384:  51%|█████     | 1021/2000 [13:00<13:23,  1.22it/s]                                                                                       Best trial: 868. Best value: 0.384:  51%|█████     | 1021/2000 [13:01<13:23,  1.22it/s]Best trial: 868. Best value: 0.384:  51%|█████     | 1021/2000 [13:01<13:23,  1.22it/s]Best trial: 868. Best value: 0.384:  51%|█████     | 1022/2000 [13:01<13:05,  1.25it/s]                                                                                       Best trial: 868. Best value: 0.384:  51%|█████     | 1022/2000 [13:02<13:05,  1.25it/s]Best trial: 868. Best value: 0.384:  51%|█████     | 1022/2000 [13:02<13:05,  1.25it/s]Best trial: 868. Best value: 0.384:  51%|█████     | 1023/2000 [13:02<12:48,  1.27it/s]                                                                                       Best trial: 868. Best value: 0.384:  51%|█████     | 1023/2000 [13:02<12:48,  1.27it/s]Best trial: 868. Best value: 0.384:  51%|█████     | 1023/2000 [13:02<12:48,  1.27it/s]Best trial: 868. Best value: 0.384:  51%|█████     | 1024/2000 [13:02<12:51,  1.26it/s]                                                                                       Best trial: 868. Best value: 0.384:  51%|█████     | 1024/2000 [13:03<12:51,  1.26it/s]Best trial: 868. Best value: 0.384:  51%|█████     | 1024/2000 [13:03<12:51,  1.26it/s]Best trial: 868. Best value: 0.384:  51%|█████▏    | 1025/2000 [13:03<12:39,  1.28it/s]                                                                                       Best trial: 868. Best value: 0.384:  51%|█████▏    | 1025/2000 [13:04<12:39,  1.28it/s]Best trial: 868. Best value: 0.384:  51%|█████▏    | 1025/2000 [13:04<12:39,  1.28it/s]Best trial: 868. Best value: 0.384:  51%|█████▏    | 1026/2000 [13:04<12:26,  1.31it/s]                                                                                       
Trial 993: ACCEPT (degrade 0.0%) - Eval: -0.250%, Val: -0.091%
[I 2025-10-25 04:40:42,676] Trial 993 finished with value: -0.25 and parameters: {'w_boll': 0.2080001990649017, 'w_rsi': 0.13166884535206197, 'w_mom': 0.5008193444393421, 'w_vwap': 0.8020410440461784, 'w_orb': 0.5058633917292136, 'w_ofi': 1.9448764963955631, 'w_vol': 1.872243685821092, 'win_boll': 21, 'win_rsi': 19, 'win_mom': 7, 'win_vwap': 18, 'orb_opening_bars': 49, 'vol_window': 32}. Best is trial 868 with value: 0.384.
Trial 994: ACCEPT (degrade -54.1%) - Eval: 0.098%, Val: 0.151%
[I 2025-10-25 04:40:43,430] Trial 994 finished with value: 0.098 and parameters: {'w_boll': 0.24086729608476443, 'w_rsi': 0.1931578687657887, 'w_mom': 1.179440059466946, 'w_vwap': 0.7625302724065699, 'w_orb': 1.898896304357667, 'w_ofi': 1.9039637739935118, 'w_vol': 1.8030274324687074, 'win_boll': 11, 'win_rsi': 6, 'win_mom': 6, 'win_vwap': 16, 'orb_opening_bars': 27, 'vol_window': 13}. Best is trial 868 with value: 0.384.
Trial 995: REJECT (overfit 0.0%) - Eval: -0.242%, Val: -0.268%
[I 2025-10-25 04:40:44,206] Trial 995 finished with value: -999.0 and parameters: {'w_boll': 0.2452259312792083, 'w_rsi': 0.16729134220166372, 'w_mom': 1.2467228565451114, 'w_vwap': 0.8397457528276022, 'w_orb': 0.2375183552678013, 'w_ofi': 1.9574980961973039, 'w_vol': 1.9066190613681122, 'win_boll': 13, 'win_rsi': 8, 'win_mom': 6, 'win_vwap': 16, 'orb_opening_bars': 49, 'vol_window': 10}. Best is trial 868 with value: 0.384.
Trial 996: ACCEPT (degrade 0.0%) - Eval: -0.150%, Val: 0.122%
[I 2025-10-25 04:40:44,935] Trial 996 finished with value: -0.15 and parameters: {'w_boll': 0.1352845942542801, 'w_rsi': 0.13571963370830692, 'w_mom': 1.3009163476595305, 'w_vwap': 0.8074033675379689, 'w_orb': 1.7941713377786574, 'w_ofi': 1.9281429280866482, 'w_vol': 1.8387334842730256, 'win_boll': 34, 'win_rsi': 7, 'win_mom': 5, 'win_vwap': 17, 'orb_opening_bars': 50, 'vol_window': 12}. Best is trial 868 with value: 0.384.
Trial 997: ACCEPT (degrade -87.7%) - Eval: 0.138%, Val: 0.259%
[I 2025-10-25 04:40:45,681] Trial 997 finished with value: 0.13800000000000004 and parameters: {'w_boll': 0.24733877525473622, 'w_rsi': 0.15160653878165184, 'w_mom': 1.1304082379618758, 'w_vwap': 0.7923561832566721, 'w_orb': 1.8882158625269507, 'w_ofi': 1.9959235539758957, 'w_vol': 1.9648280974842325, 'win_boll': 10, 'win_rsi': 6, 'win_mom': 7, 'win_vwap': 17, 'orb_opening_bars': 30, 'vol_window': 11}. Best is trial 868 with value: 0.384.
Trial 998: ACCEPT (degrade 0.0%) - Eval: -0.166%, Val: 0.028%
[I 2025-10-25 04:40:46,432] Trial 998 finished with value: -0.166 and parameters: {'w_boll': 0.22616941512098326, 'w_rsi': 0.18929781334018314, 'w_mom': 1.2327135060496606, 'w_vwap': 0.8453982989264044, 'w_orb': 1.838647911193765, 'w_ofi': 1.885024332284309, 'w_vol': 1.8760136038923456, 'win_boll': 12, 'win_rsi': 6, 'win_mom': 5, 'win_vwap': 15, 'orb_opening_bars': 50, 'vol_window': 13}. Best is trial 868 with value: 0.384.
Trial 999: ACCEPT (degrade -425.0%) - Eval: 0.036%, Val: 0.189%
[I 2025-10-25 04:40:47,209] Trial 999 finished with value: 0.03599999999999996 and parameters: {'w_boll': 0.279015001292472, 'w_rsi': 0.10269124888914916, 'w_mom': 1.2641766013997333, 'w_vwap': 0.7768309833375998, 'w_orb': 1.9176138417648845, 'w_ofi': 1.9216829611529642, 'w_vol': 1.8044353961001456, 'win_boll': 13, 'win_rsi': 5, 'win_mom': 6, 'win_vwap': 21, 'orb_opening_bars': 43, 'vol_window': 10}. Best is trial 868 with value: 0.384.
Trial 1000: ACCEPT (degrade 0.0%) - Eval: -0.136%, Val: 0.398%
[I 2025-10-25 04:40:47,930] Trial 1000 finished with value: -0.13599999999999998 and parameters: {'w_boll': 0.273817064457656, 'w_rsi': 0.23907353455971087, 'w_mom': 1.10716995545287, 'w_vwap': 0.9046482954324285, 'w_orb': 1.8659869946371188, 'w_ofi': 1.93857851302067, 'w_vol': 0.26993039705257793, 'win_boll': 11, 'win_rsi': 28, 'win_mom': 6, 'win_vwap': 18, 'orb_opening_bars': 49, 'vol_window': 12}. Best is trial 868 with value: 0.384.
Trial 1001: REJECT (overfit 94.8%) - Eval: 0.174%, Val: 0.009%
[I 2025-10-25 04:40:48,686] Trial 1001 finished with value: -999.0 and parameters: {'w_boll': 0.2752382113515908, 'w_rsi': 0.20365561732661175, 'w_mom': 1.2178725736321832, 'w_vwap': 0.7467250121959912, 'w_orb': 0.6183414572151873, 'w_ofi': 1.964287053701205, 'w_vol': 1.9182958574471598, 'win_boll': 12, 'win_rsi': 7, 'win_mom': 5, 'win_vwap': 17, 'orb_opening_bars': 50, 'vol_window': 14}. Best is trial 868 with value: 0.384.
Trial 1002: ACCEPT (degrade -188.7%) - Eval: 0.062%, Val: 0.179%
[I 2025-10-25 04:40:49,432] Trial 1002 finished with value: 0.061999999999999965 and parameters: {'w_boll': 0.29813705460895745, 'w_rsi': 0.2245618664216239, 'w_mom': 1.1868808217087443, 'w_vwap': 0.7864783304448936, 'w_orb': 1.8123299764915397, 'w_ofi': 1.8792590237754445, 'w_vol': 1.844847751021593, 'win_boll': 10, 'win_rsi': 6, 'win_mom': 5, 'win_vwap': 16, 'orb_opening_bars': 49, 'vol_window': 12}. Best is trial 868 with value: 0.384.
Trial 1003: REJECT (overfit 0.0%) - Eval: -0.088%, Val: -0.173%
[I 2025-10-25 04:40:50,224] Trial 1003 finished with value: -999.0 and parameters: {'w_boll': 0.5853783252719085, 'w_rsi': 0.14962905694018197, 'w_mom': 1.2505322780803207, 'w_vwap': 0.8145417382465817, 'w_orb': 1.92685168035224, 'w_ofi': 1.9653197286821003, 'w_vol': 1.999480224541784, 'win_boll': 13, 'win_rsi': 5, 'win_mom': 3, 'win_vwap': 16, 'orb_opening_bars': 48, 'vol_window': 10}. Best is trial 868 with value: 0.384.
Trial 1004: ACCEPT (degrade -53.1%) - Eval: 0.162%, Val: 0.248%
[I 2025-10-25 04:40:50,950] Trial 1004 finished with value: 0.16199999999999998 and parameters: {'w_boll': 0.25013587241388624, 'w_rsi': 0.26873325590386604, 'w_mom': 1.2774804301425307, 'w_vwap': 0.7538532480381229, 'w_orb': 1.8815349086859827, 'w_ofi': 1.9962960795586329, 'w_vol': 1.514282893165853, 'win_boll': 18, 'win_rsi': 7, 'win_mom': 7, 'win_vwap': 17, 'orb_opening_bars': 44, 'vol_window': 11}. Best is trial 868 with value: 0.384.
Trial 1005: ACCEPT (degrade -1116.7%) - Eval: 0.018%, Val: 0.219%
[I 2025-10-25 04:40:51,699] Trial 1005 finished with value: 0.018000000000000002 and parameters: {'w_boll': 0.19708545917180972, 'w_rsi': 0.19561710374131225, 'w_mom': 1.3025068319096345, 'w_vwap': 0.7268846944979237, 'w_orb': 1.9120471215002897, 'w_ofi': 1.895951622170046, 'w_vol': 1.8826545699964925, 'win_boll': 12, 'win_rsi': 5, 'win_mom': 6, 'win_vwap': 24, 'orb_opening_bars': 49, 'vol_window': 11}. Best is trial 868 with value: 0.384.
Trial 1006: ACCEPT (degrade -302.6%) - Eval: 0.078%, Val: 0.314%
[I 2025-10-25 04:40:52,453] Trial 1006 finished with value: 0.07800000000000001 and parameters: {'w_boll': 0.31740783764539454, 'w_rsi': 0.10392209508117328, 'w_mom': 1.2118032713154685, 'w_vwap': 0.8836139507212987, 'w_orb': 1.8429993151302944, 'w_ofi': 1.8439620932166056, 'w_vol': 1.7860990422691283, 'win_boll': 13, 'win_rsi': 8, 'win_mom': 5, 'win_vwap': 16, 'orb_opening_bars': 50, 'vol_window': 12}. Best is trial 868 with value: 0.384.
Trial 1007: ACCEPT (degrade -51.4%) - Eval: 0.074%, Val: 0.112%
[I 2025-10-25 04:40:53,234] Trial 1007 finished with value: 0.07399999999999998 and parameters: {'w_boll': 0.23843894103568236, 'w_rsi': 0.2970362512697467, 'w_mom': 1.2704438853165623, 'w_vwap': 0.7819202231676872, 'w_orb': 1.9504991797738906, 'w_ofi': 1.9066759444886847, 'w_vol': 1.9408484097130825, 'win_boll': 11, 'win_rsi': 6, 'win_mom': 3, 'win_vwap': 17, 'orb_opening_bars': 48, 'vol_window': 13}. Best is trial 868 with value: 0.384.
Trial 1008: REJECT (overfit 0.0%) - Eval: -0.038%, Val: -0.112%
[I 2025-10-25 04:40:53,965] Trial 1008 finished with value: -999.0 and parameters: {'w_boll': 0.21751831568834992, 'w_rsi': 0.22458117433828725, 'w_mom': 1.3424247000778426, 'w_vwap': 0.8352321619041622, 'w_orb': 1.8893732351823023, 'w_ofi': 0.7040678239107448, 'w_vol': 1.8216149851687007, 'win_boll': 11, 'win_rsi': 6, 'win_mom': 3, 'win_vwap': 15, 'orb_opening_bars': 49, 'vol_window': 10}. Best is trial 868 with value: 0.384.
Trial 1009: REJECT (overfit 0.0%) - Eval: -0.030%, Val: -0.057%
[I 2025-10-25 04:40:54,717] Trial 1009 finished with value: -999.0 and parameters: {'w_boll': 0.29171473348746413, 'w_rsi': 0.2677119276693037, 'w_mom': 1.300294685958644, 'w_vwap': 0.7329444263729026, 'w_orb': 1.804824322279348, 'w_ofi': 0.5613867941925801, 'w_vol': 1.9078213650628668, 'win_boll': 10, 'win_rsi': 7, 'win_mom': 8, 'win_vwap': 18, 'orb_opening_bars': 50, 'vol_window': 16}. Best is trial 868 with value: 0.384.Best trial: 868. Best value: 0.384:  51%|█████▏    | 1026/2000 [13:05<12:26,  1.31it/s]Best trial: 868. Best value: 0.384:  51%|█████▏    | 1026/2000 [13:05<12:26,  1.31it/s]Best trial: 868. Best value: 0.384:  51%|█████▏    | 1027/2000 [13:05<12:20,  1.31it/s]                                                                                       Best trial: 868. Best value: 0.384:  51%|█████▏    | 1027/2000 [13:06<12:20,  1.31it/s]Best trial: 868. Best value: 0.384:  51%|█████▏    | 1027/2000 [13:06<12:20,  1.31it/s]Best trial: 868. Best value: 0.384:  51%|█████▏    | 1028/2000 [13:06<12:27,  1.30it/s]                                                                                       Best trial: 868. Best value: 0.384:  51%|█████▏    | 1028/2000 [13:06<12:27,  1.30it/s]Best trial: 868. Best value: 0.384:  51%|█████▏    | 1028/2000 [13:06<12:27,  1.30it/s]Best trial: 868. Best value: 0.384:  51%|█████▏    | 1029/2000 [13:06<12:22,  1.31it/s]                                                                                       Best trial: 868. Best value: 0.384:  51%|█████▏    | 1029/2000 [13:07<12:22,  1.31it/s]Best trial: 868. Best value: 0.384:  51%|█████▏    | 1029/2000 [13:07<12:22,  1.31it/s]Best trial: 868. Best value: 0.384:  52%|█████▏    | 1030/2000 [13:07<12:09,  1.33it/s]                                                                                       Best trial: 868. Best value: 0.384:  52%|█████▏    | 1030/2000 [13:08<12:09,  1.33it/s]Best trial: 868. Best value: 0.384:  52%|█████▏    | 1030/2000 [13:08<12:09,  1.33it/s]Best trial: 868. Best value: 0.384:  52%|█████▏    | 1031/2000 [13:08<12:24,  1.30it/s]                                                                                       Best trial: 868. Best value: 0.384:  52%|█████▏    | 1031/2000 [13:09<12:24,  1.30it/s]Best trial: 868. Best value: 0.384:  52%|█████▏    | 1031/2000 [13:09<12:24,  1.30it/s]Best trial: 868. Best value: 0.384:  52%|█████▏    | 1032/2000 [13:09<12:29,  1.29it/s]                                                                                       Best trial: 868. Best value: 0.384:  52%|█████▏    | 1032/2000 [13:09<12:29,  1.29it/s]Best trial: 868. Best value: 0.384:  52%|█████▏    | 1032/2000 [13:09<12:29,  1.29it/s]Best trial: 868. Best value: 0.384:  52%|█████▏    | 1033/2000 [13:09<12:22,  1.30it/s]                                                                                       Best trial: 868. Best value: 0.384:  52%|█████▏    | 1033/2000 [13:10<12:22,  1.30it/s]Best trial: 868. Best value: 0.384:  52%|█████▏    | 1033/2000 [13:10<12:22,  1.30it/s]Best trial: 868. Best value: 0.384:  52%|█████▏    | 1034/2000 [13:10<12:16,  1.31it/s]                                                                                       Best trial: 868. Best value: 0.384:  52%|█████▏    | 1034/2000 [13:11<12:16,  1.31it/s]Best trial: 868. Best value: 0.384:  52%|█████▏    | 1034/2000 [13:11<12:16,  1.31it/s]Best trial: 868. Best value: 0.384:  52%|█████▏    | 1035/2000 [13:11<12:22,  1.30it/s]                                                                                       Best trial: 868. Best value: 0.384:  52%|█████▏    | 1035/2000 [13:12<12:22,  1.30it/s]Best trial: 868. Best value: 0.384:  52%|█████▏    | 1035/2000 [13:12<12:22,  1.30it/s]Best trial: 868. Best value: 0.384:  52%|█████▏    | 1036/2000 [13:12<12:19,  1.30it/s]                                                                                       Best trial: 868. Best value: 0.384:  52%|█████▏    | 1036/2000 [13:12<12:19,  1.30it/s]Best trial: 868. Best value: 0.384:  52%|█████▏    | 1036/2000 [13:12<12:19,  1.30it/s]Best trial: 868. Best value: 0.384:  52%|█████▏    | 1037/2000 [13:12<12:17,  1.31it/s]                                                                                       Best trial: 868. Best value: 0.384:  52%|█████▏    | 1037/2000 [13:13<12:17,  1.31it/s]Best trial: 868. Best value: 0.384:  52%|█████▏    | 1037/2000 [13:13<12:17,  1.31it/s]Best trial: 868. Best value: 0.384:  52%|█████▏    | 1038/2000 [13:13<12:08,  1.32it/s]                                                                                       Best trial: 868. Best value: 0.384:  52%|█████▏    | 1038/2000 [13:14<12:08,  1.32it/s]Best trial: 868. Best value: 0.384:  52%|█████▏    | 1038/2000 [13:14<12:08,  1.32it/s]Best trial: 868. Best value: 0.384:  52%|█████▏    | 1039/2000 [13:14<12:05,  1.33it/s]                                                                                       Best trial: 868. Best value: 0.384:  52%|█████▏    | 1039/2000 [13:15<12:05,  1.33it/s]Best trial: 868. Best value: 0.384:  52%|█████▏    | 1039/2000 [13:15<12:05,  1.33it/s]Best trial: 868. Best value: 0.384:  52%|█████▏    | 1040/2000 [13:15<12:14,  1.31it/s]                                                                                       Best trial: 868. Best value: 0.384:  52%|█████▏    | 1040/2000 [13:15<12:14,  1.31it/s]Best trial: 868. Best value: 0.384:  52%|█████▏    | 1040/2000 [13:15<12:14,  1.31it/s]Best trial: 868. Best value: 0.384:  52%|█████▏    | 1041/2000 [13:15<12:10,  1.31it/s]                                                                                       Best trial: 868. Best value: 0.384:  52%|█████▏    | 1041/2000 [13:16<12:10,  1.31it/s]Best trial: 868. Best value: 0.384:  52%|█████▏    | 1041/2000 [13:16<12:10,  1.31it/s]Best trial: 868. Best value: 0.384:  52%|█████▏    | 1042/2000 [13:16<12:04,  1.32it/s]                                                                                       Best trial: 868. Best value: 0.384:  52%|█████▏    | 1042/2000 [13:17<12:04,  1.32it/s]Best trial: 868. Best value: 0.384:  52%|█████▏    | 1042/2000 [13:17<12:04,  1.32it/s]Best trial: 868. Best value: 0.384:  52%|█████▏    | 1043/2000 [13:17<12:01,  1.33it/s]                                                                                       
Trial 1010: ACCEPT (degrade 0.0%) - Eval: -0.160%, Val: 0.316%
[I 2025-10-25 04:40:55,470] Trial 1010 finished with value: -0.15999999999999998 and parameters: {'w_boll': 0.16393563233575278, 'w_rsi': 0.14978535183490554, 'w_mom': 0.5963454851077297, 'w_vwap': 0.47752906458756217, 'w_orb': 1.9365441822719267, 'w_ofi': 1.3925663100658099, 'w_vol': 1.9655914894903008, 'win_boll': 14, 'win_rsi': 18, 'win_mom': 6, 'win_vwap': 12, 'orb_opening_bars': 43, 'vol_window': 11}. Best is trial 868 with value: 0.384.
Trial 1011: REJECT (overfit 117.8%) - Eval: 0.202%, Val: -0.036%
[I 2025-10-25 04:40:56,256] Trial 1011 finished with value: -999.0 and parameters: {'w_boll': 0.6625072341268469, 'w_rsi': 0.312281360582546, 'w_mom': 1.3367325023135168, 'w_vwap': 0.7142202886461576, 'w_orb': 0.7290123406983455, 'w_ofi': 1.9648617307369882, 'w_vol': 1.7605731682215935, 'win_boll': 12, 'win_rsi': 6, 'win_mom': 3, 'win_vwap': 28, 'orb_opening_bars': 42, 'vol_window': 11}. Best is trial 868 with value: 0.384.
Trial 1012: ACCEPT (degrade -25.2%) - Eval: 0.294%, Val: 0.368%
