[I 2025-10-25 04:51:48,542] Trial 1858 finished with value: 0.010000000000000009 and parameters: {'w_boll': 0.14528765004854668, 'w_rsi': 0.5606209908686127, 'w_mom': 1.42581515675808, 'w_vwap': 0.937372108968326, 'w_orb': 1.826425598871507, 'w_ofi': 1.502569415628597, 'w_vol': 1.0155423982153855, 'win_boll': 26, 'win_rsi': 8, 'win_mom': 5, 'win_vwap': 26, 'orb_opening_bars': 27, 'vol_window': 15}. Best is trial 868 with value: 0.384.
Trial 1859: ACCEPT (degrade -5.1%) - Eval: 0.272%, Val: 0.286%
[I 2025-10-25 04:51:49,303] Trial 1859 finished with value: 0.272 and parameters: {'w_boll': 0.12633130332951203, 'w_rsi': 0.4974532069364013, 'w_mom': 1.5065879465232692, 'w_vwap': 0.8961022479592747, 'w_orb': 1.8834333270339614, 'w_ofi': 0.6165592046670046, 'w_vol': 0.9480387556330244, 'win_boll': 25, 'win_rsi': 7, 'win_mom': 5, 'win_vwap': 23, 'orb_opening_bars': 26, 'vol_window': 15}. Best is trial 868 with value: 0.384.Best trial: 868. Best value: 0.384:  94%|█████████▍| 1876/2000 [23:59<01:35,  1.29it/s]Best trial: 868. Best value: 0.384:  94%|█████████▍| 1876/2000 [23:59<01:35,  1.29it/s]Best trial: 868. Best value: 0.384:  94%|█████████▍| 1877/2000 [23:59<01:35,  1.28it/s]                                                                                       Best trial: 868. Best value: 0.384:  94%|█████████▍| 1877/2000 [23:59<01:35,  1.28it/s]Best trial: 868. Best value: 0.384:  94%|█████████▍| 1877/2000 [23:59<01:35,  1.28it/s]Best trial: 868. Best value: 0.384:  94%|█████████▍| 1878/2000 [23:59<01:34,  1.29it/s]                                                                                       Best trial: 868. Best value: 0.384:  94%|█████████▍| 1878/2000 [24:00<01:34,  1.29it/s]Best trial: 868. Best value: 0.384:  94%|█████████▍| 1878/2000 [24:00<01:34,  1.29it/s]Best trial: 868. Best value: 0.384:  94%|█████████▍| 1879/2000 [24:00<01:32,  1.31it/s]                                                                                       Best trial: 868. Best value: 0.384:  94%|█████████▍| 1879/2000 [24:01<01:32,  1.31it/s]Best trial: 868. Best value: 0.384:  94%|█████████▍| 1879/2000 [24:01<01:32,  1.31it/s]Best trial: 868. Best value: 0.384:  94%|█████████▍| 1880/2000 [24:01<01:31,  1.31it/s]                                                                                       Best trial: 868. Best value: 0.384:  94%|█████████▍| 1880/2000 [24:02<01:31,  1.31it/s]Best trial: 868. Best value: 0.384:  94%|█████████▍| 1880/2000 [24:02<01:31,  1.31it/s]Best trial: 868. Best value: 0.384:  94%|█████████▍| 1881/2000 [24:02<01:31,  1.30it/s]                                                                                       Best trial: 868. Best value: 0.384:  94%|█████████▍| 1881/2000 [24:02<01:31,  1.30it/s]Best trial: 868. Best value: 0.384:  94%|█████████▍| 1881/2000 [24:02<01:31,  1.30it/s]Best trial: 868. Best value: 0.384:  94%|█████████▍| 1882/2000 [24:02<01:30,  1.31it/s]                                                                                       Best trial: 868. Best value: 0.384:  94%|█████████▍| 1882/2000 [24:03<01:30,  1.31it/s]Best trial: 868. Best value: 0.384:  94%|█████████▍| 1882/2000 [24:03<01:30,  1.31it/s]Best trial: 868. Best value: 0.384:  94%|█████████▍| 1883/2000 [24:03<01:29,  1.30it/s]                                                                                       Best trial: 868. Best value: 0.384:  94%|█████████▍| 1883/2000 [24:04<01:29,  1.30it/s]Best trial: 868. Best value: 0.384:  94%|█████████▍| 1883/2000 [24:04<01:29,  1.30it/s]Best trial: 868. Best value: 0.384:  94%|█████████▍| 1884/2000 [24:04<01:27,  1.32it/s]                                                                                       Best trial: 868. Best value: 0.384:  94%|█████████▍| 1884/2000 [24:05<01:27,  1.32it/s]Best trial: 868. Best value: 0.384:  94%|█████████▍| 1884/2000 [24:05<01:27,  1.32it/s]Best trial: 868. Best value: 0.384:  94%|█████████▍| 1885/2000 [24:05<01:27,  1.31it/s]                                                                                       Best trial: 868. Best value: 0.384:  94%|█████████▍| 1885/2000 [24:06<01:27,  1.31it/s]Best trial: 868. Best value: 0.384:  94%|█████████▍| 1885/2000 [24:06<01:27,  1.31it/s]Best trial: 868. Best value: 0.384:  94%|█████████▍| 1886/2000 [24:06<01:26,  1.31it/s]                                                                                       Best trial: 868. Best value: 0.384:  94%|█████████▍| 1886/2000 [24:06<01:26,  1.31it/s]Best trial: 868. Best value: 0.384:  94%|█████████▍| 1886/2000 [24:06<01:26,  1.31it/s]Best trial: 868. Best value: 0.384:  94%|█████████▍| 1887/2000 [24:06<01:26,  1.31it/s]                                                                                       Best trial: 868. Best value: 0.384:  94%|█████████▍| 1887/2000 [24:07<01:26,  1.31it/s]Best trial: 868. Best value: 0.384:  94%|█████████▍| 1887/2000 [24:07<01:26,  1.31it/s]Best trial: 868. Best value: 0.384:  94%|█████████▍| 1888/2000 [24:07<01:24,  1.33it/s]                                                                                       Best trial: 868. Best value: 0.384:  94%|█████████▍| 1888/2000 [24:08<01:24,  1.33it/s]Best trial: 868. Best value: 0.384:  94%|█████████▍| 1888/2000 [24:08<01:24,  1.33it/s]Best trial: 868. Best value: 0.384:  94%|█████████▍| 1889/2000 [24:08<01:24,  1.31it/s]                                                                                       Best trial: 868. Best value: 0.384:  94%|█████████▍| 1889/2000 [24:09<01:24,  1.31it/s]Best trial: 868. Best value: 0.384:  94%|█████████▍| 1889/2000 [24:09<01:24,  1.31it/s]Best trial: 868. Best value: 0.384:  94%|█████████▍| 1890/2000 [24:09<01:23,  1.31it/s]                                                                                       Best trial: 868. Best value: 0.384:  94%|█████████▍| 1890/2000 [24:09<01:23,  1.31it/s]Best trial: 868. Best value: 0.384:  94%|█████████▍| 1890/2000 [24:09<01:23,  1.31it/s]Best trial: 868. Best value: 0.384:  95%|█████████▍| 1891/2000 [24:09<01:23,  1.31it/s]                                                                                       Best trial: 868. Best value: 0.384:  95%|█████████▍| 1891/2000 [24:10<01:23,  1.31it/s]Best trial: 868. Best value: 0.384:  95%|█████████▍| 1891/2000 [24:10<01:23,  1.31it/s]Best trial: 868. Best value: 0.384:  95%|█████████▍| 1892/2000 [24:10<01:21,  1.33it/s]                                                                                       Best trial: 868. Best value: 0.384:  95%|█████████▍| 1892/2000 [24:11<01:21,  1.33it/s]Best trial: 868. Best value: 0.384:  95%|█████████▍| 1892/2000 [24:11<01:21,  1.33it/s]Best trial: 868. Best value: 0.384:  95%|█████████▍| 1893/2000 [24:11<01:21,  1.31it/s]                                                                                       
Trial 1860: ACCEPT (degrade 0.0%) - Eval: -0.082%, Val: 0.163%
[I 2025-10-25 04:51:50,102] Trial 1860 finished with value: -0.08199999999999999 and parameters: {'w_boll': 0.12411867046668137, 'w_rsi': 0.5079913972877739, 'w_mom': 1.4339782210452832, 'w_vwap': 0.9213677907298587, 'w_orb': 1.7825563496503256, 'w_ofi': 1.3774878797930419, 'w_vol': 0.9321375497258536, 'win_boll': 23, 'win_rsi': 5, 'win_mom': 6, 'win_vwap': 27, 'orb_opening_bars': 28, 'vol_window': 16}. Best is trial 868 with value: 0.384.
Trial 1861: ACCEPT (degrade -2.9%) - Eval: 0.244%, Val: 0.251%
[I 2025-10-25 04:51:50,897] Trial 1861 finished with value: 0.244 and parameters: {'w_boll': 0.18023099259506042, 'w_rsi': 0.478657410449822, 'w_mom': 1.448234546616627, 'w_vwap': 0.9853911092848897, 'w_orb': 1.8566248898786126, 'w_ofi': 1.5417466904939636, 'w_vol': 0.99393311728939, 'win_boll': 24, 'win_rsi': 6, 'win_mom': 5, 'win_vwap': 23, 'orb_opening_bars': 26, 'vol_window': 15}. Best is trial 868 with value: 0.384.
Trial 1862: ACCEPT (degrade -95.2%) - Eval: 0.210%, Val: 0.410%
[I 2025-10-25 04:51:51,658] Trial 1862 finished with value: 0.20999999999999996 and parameters: {'w_boll': 0.11201821474189104, 'w_rsi': 0.5288756838494004, 'w_mom': 1.4151292441985497, 'w_vwap': 0.8984568404830457, 'w_orb': 1.8970202861860705, 'w_ofi': 1.598114775089582, 'w_vol': 0.9384944283603397, 'win_boll': 24, 'win_rsi': 6, 'win_mom': 6, 'win_vwap': 22, 'orb_opening_bars': 28, 'vol_window': 15}. Best is trial 868 with value: 0.384.
Trial 1863: ACCEPT (degrade 15.4%) - Eval: 0.214%, Val: 0.181%
[I 2025-10-25 04:51:52,427] Trial 1863 finished with value: 0.21400000000000002 and parameters: {'w_boll': 0.1519489161407866, 'w_rsi': 0.5524867644571873, 'w_mom': 1.3969572768846743, 'w_vwap': 0.9554243099773336, 'w_orb': 0.9638090552501706, 'w_ofi': 1.5756617405858322, 'w_vol': 0.7895901131443271, 'win_boll': 23, 'win_rsi': 5, 'win_mom': 5, 'win_vwap': 21, 'orb_opening_bars': 26, 'vol_window': 14}. Best is trial 868 with value: 0.384.
Trial 1864: ACCEPT (degrade 0.0%) - Eval: -0.008%, Val: 0.393%
[I 2025-10-25 04:51:53,238] Trial 1864 finished with value: -0.008000000000000002 and parameters: {'w_boll': 0.1785404126914391, 'w_rsi': 0.46336325829801295, 'w_mom': 1.489909040242552, 'w_vwap': 0.8976548297962279, 'w_orb': 1.848513184049653, 'w_ofi': 1.4553033448360289, 'w_vol': 0.8907774550483958, 'win_boll': 22, 'win_rsi': 7, 'win_mom': 5, 'win_vwap': 22, 'orb_opening_bars': 28, 'vol_window': 14}. Best is trial 868 with value: 0.384.
Trial 1865: ACCEPT (degrade -10483.3%) - Eval: 0.006%, Val: 0.635%
[I 2025-10-25 04:51:53,991] Trial 1865 finished with value: 0.005999999999999994 and parameters: {'w_boll': 0.11013936754218938, 'w_rsi': 0.5086535366758921, 'w_mom': 1.4599424121540179, 'w_vwap': 0.9121974305655642, 'w_orb': 1.7841006110506872, 'w_ofi': 1.6477931306701659, 'w_vol': 0.9847796237823379, 'win_boll': 25, 'win_rsi': 7, 'win_mom': 6, 'win_vwap': 27, 'orb_opening_bars': 27, 'vol_window': 15}. Best is trial 868 with value: 0.384.
Trial 1866: ACCEPT (degrade -2220.0%) - Eval: 0.010%, Val: 0.232%
[I 2025-10-25 04:51:54,758] Trial 1866 finished with value: 0.00999999999999999 and parameters: {'w_boll': 0.19380680356620492, 'w_rsi': 0.48023208902188774, 'w_mom': 1.3775041496449603, 'w_vwap': 1.0117700935889649, 'w_orb': 1.9093859976196492, 'w_ofi': 1.6696346795048844, 'w_vol': 1.0342198110805412, 'win_boll': 23, 'win_rsi': 5, 'win_mom': 5, 'win_vwap': 25, 'orb_opening_bars': 25, 'vol_window': 14}. Best is trial 868 with value: 0.384.
Trial 1867: ACCEPT (degrade 0.0%) - Eval: -0.078%, Val: 0.445%
[I 2025-10-25 04:51:55,565] Trial 1867 finished with value: -0.07799999999999999 and parameters: {'w_boll': 0.20664451176658735, 'w_rsi': 0.5618026725195294, 'w_mom': 1.4100504839881296, 'w_vwap': 0.9535092824201327, 'w_orb': 1.882242306029955, 'w_ofi': 1.6434664826072884, 'w_vol': 0.9268593018499096, 'win_boll': 24, 'win_rsi': 8, 'win_mom': 6, 'win_vwap': 23, 'orb_opening_bars': 26, 'vol_window': 14}. Best is trial 868 with value: 0.384.
Trial 1868: REJECT (overfit 75.4%) - Eval: 0.232%, Val: 0.057%
[I 2025-10-25 04:51:56,356] Trial 1868 finished with value: -999.0 and parameters: {'w_boll': 0.19307000094417598, 'w_rsi': 1.3871135977608864, 'w_mom': 1.4568254647191798, 'w_vwap': 0.9179750043665927, 'w_orb': 1.8346517049875704, 'w_ofi': 1.5403702618577728, 'w_vol': 0.8991353126550328, 'win_boll': 24, 'win_rsi': 6, 'win_mom': 5, 'win_vwap': 24, 'orb_opening_bars': 27, 'vol_window': 15}. Best is trial 868 with value: 0.384.
Trial 1869: ACCEPT (degrade -118.7%) - Eval: 0.182%, Val: 0.398%
[I 2025-10-25 04:51:57,112] Trial 1869 finished with value: 0.18200000000000002 and parameters: {'w_boll': 0.14378861030073922, 'w_rsi': 0.5309167216695441, 'w_mom': 1.3493781328246994, 'w_vwap': 0.8773033513763532, 'w_orb': 1.9224241898257306, 'w_ofi': 1.5996787922941682, 'w_vol': 0.82366768480143, 'win_boll': 24, 'win_rsi': 6, 'win_mom': 5, 'win_vwap': 24, 'orb_opening_bars': 27, 'vol_window': 14}. Best is trial 868 with value: 0.384.
Trial 1870: ACCEPT (degrade -410.6%) - Eval: 0.066%, Val: 0.337%
[I 2025-10-25 04:51:57,857] Trial 1870 finished with value: 0.066 and parameters: {'w_boll': 0.16223853993140802, 'w_rsi': 0.5063133843280296, 'w_mom': 1.4094899360584998, 'w_vwap': 0.9815018958212298, 'w_orb': 1.9440586912562643, 'w_ofi': 1.473865609983454, 'w_vol': 1.0167202610091077, 'win_boll': 25, 'win_rsi': 7, 'win_mom': 5, 'win_vwap': 26, 'orb_opening_bars': 28, 'vol_window': 14}. Best is trial 868 with value: 0.384.
Trial 1871: ACCEPT (degrade 0.0%) - Eval: -0.082%, Val: 0.119%
[I 2025-10-25 04:51:58,616] Trial 1871 finished with value: -0.08199999999999999 and parameters: {'w_boll': 0.10236000301141682, 'w_rsi': 0.49015106151410026, 'w_mom': 1.4074956373088063, 'w_vwap': 0.938751907838166, 'w_orb': 1.9993007117847919, 'w_ofi': 0.3055675754674285, 'w_vol': 0.9690943615267267, 'win_boll': 23, 'win_rsi': 5, 'win_mom': 5, 'win_vwap': 21, 'orb_opening_bars': 26, 'vol_window': 14}. Best is trial 868 with value: 0.384.
Trial 1872: ACCEPT (degrade 0.0%) - Eval: -0.002%, Val: 0.226%
[I 2025-10-25 04:51:59,407] Trial 1872 finished with value: -0.0020000000000000018 and parameters: {'w_boll': 0.2134931740522169, 'w_rsi': 0.5326606416186116, 'w_mom': 1.3904691372833538, 'w_vwap': 0.885815608415861, 'w_orb': 1.0681083578825896, 'w_ofi': 1.6742904301291208, 'w_vol': 0.9002896565346614, 'win_boll': 24, 'win_rsi': 6, 'win_mom': 6, 'win_vwap': 23, 'orb_opening_bars': 28, 'vol_window': 13}. Best is trial 868 with value: 0.384.
Trial 1873: ACCEPT (degrade 0.0%) - Eval: -0.084%, Val: 0.461%
[I 2025-10-25 04:52:00,214] Trial 1873 finished with value: -0.08399999999999999 and parameters: {'w_boll': 0.10251349053944556, 'w_rsi': 0.45860952779370057, 'w_mom': 1.5129119954507915, 'w_vwap': 1.0091816337690211, 'w_orb': 1.807337082127146, 'w_ofi': 1.5174756715718574, 'w_vol': 0.9547743029233163, 'win_boll': 23, 'win_rsi': 9, 'win_mom': 6, 'win_vwap': 24, 'orb_opening_bars': 26, 'vol_window': 16}. Best is trial 868 with value: 0.384.
Trial 1874: ACCEPT (degrade 0.0%) - Eval: -0.146%, Val: 0.241%
[I 2025-10-25 04:52:00,980] Trial 1874 finished with value: -0.146 and parameters: {'w_boll': 0.10089825005476827, 'w_rsi': 0.48717627103886574, 'w_mom': 1.5423831001855581, 'w_vwap': 0.9523667301420554, 'w_orb': 0.8538418336264884, 'w_ofi': 1.6930712853899152, 'w_vol': 0.8594314027387844, 'win_boll': 25, 'win_rsi': 8, 'win_mom': 6, 'win_vwap': 22, 'orb_opening_bars': 27, 'vol_window': 13}. Best is trial 868 with value: 0.384.
Trial 1875: ACCEPT (degrade -55.4%) - Eval: 0.166%, Val: 0.258%
[I 2025-10-25 04:52:01,743] Trial 1875 finished with value: 0.16599999999999998 and parameters: {'w_boll': 0.1827980868202274, 'w_rsi': 0.517227485010702, 'w_mom': 1.374189064432079, 'w_vwap': 1.0646320492829542, 'w_orb': 1.8834704711412764, 'w_ofi': 1.6308892080520083, 'w_vol': 0.9756509990219616, 'win_boll': 24, 'win_rsi': 6, 'win_mom': 5, 'win_vwap': 24, 'orb_opening_bars': 25, 'vol_window': 14}. Best is trial 868 with value: 0.384.
Trial 1876: ACCEPT (degrade -462.5%) - Eval: 0.056%, Val: 0.315%
[I 2025-10-25 04:52:02,537] Trial 1876 finished with value: 0.05599999999999997 and parameters: {'w_boll': 0.18517888596440057, 'w_rsi': 0.4685501003177547, 'w_mom': 1.4477061691025832, 'w_vwap': 0.8821367575881918, 'w_orb': 1.91667083277448, 'w_ofi': 1.5800951821702427, 'w_vol': 0.9218093324907, 'win_boll': 22, 'win_rsi': 7, 'win_mom': 5, 'win_vwap': 38, 'orb_opening_bars': 25, 'vol_window': 16}. Best is trial 868 with value: 0.384.Best trial: 868. Best value: 0.384:  95%|█████████▍| 1893/2000 [24:12<01:21,  1.31it/s]Best trial: 868. Best value: 0.384:  95%|█████████▍| 1893/2000 [24:12<01:21,  1.31it/s]Best trial: 868. Best value: 0.384:  95%|█████████▍| 1894/2000 [24:12<01:21,  1.30it/s]                                                                                       Best trial: 868. Best value: 0.384:  95%|█████████▍| 1894/2000 [24:12<01:21,  1.30it/s]Best trial: 868. Best value: 0.384:  95%|█████████▍| 1894/2000 [24:12<01:21,  1.30it/s]Best trial: 868. Best value: 0.384:  95%|█████████▍| 1895/2000 [24:12<01:20,  1.30it/s]                                                                                       Best trial: 868. Best value: 0.384:  95%|█████████▍| 1895/2000 [24:13<01:20,  1.30it/s]Best trial: 868. Best value: 0.384:  95%|█████████▍| 1895/2000 [24:13<01:20,  1.30it/s]Best trial: 868. Best value: 0.384:  95%|█████████▍| 1896/2000 [24:13<01:18,  1.32it/s]                                                                                       Best trial: 868. Best value: 0.384:  95%|█████████▍| 1896/2000 [24:14<01:18,  1.32it/s]Best trial: 868. Best value: 0.384:  95%|█████████▍| 1896/2000 [24:14<01:18,  1.32it/s]Best trial: 868. Best value: 0.384:  95%|█████████▍| 1897/2000 [24:14<01:18,  1.32it/s]                                                                                       Best trial: 868. Best value: 0.384:  95%|█████████▍| 1897/2000 [24:15<01:18,  1.32it/s]Best trial: 868. Best value: 0.384:  95%|█████████▍| 1897/2000 [24:15<01:18,  1.32it/s]Best trial: 868. Best value: 0.384:  95%|█████████▍| 1898/2000 [24:15<01:18,  1.31it/s]                                                                                       Best trial: 868. Best value: 0.384:  95%|█████████▍| 1898/2000 [24:15<01:18,  1.31it/s]Best trial: 868. Best value: 0.384:  95%|█████████▍| 1898/2000 [24:15<01:18,  1.31it/s]Best trial: 868. Best value: 0.384:  95%|█████████▍| 1899/2000 [24:15<01:17,  1.30it/s]                                                                                       Best trial: 868. Best value: 0.384:  95%|█████████▍| 1899/2000 [24:16<01:17,  1.30it/s]Best trial: 868. Best value: 0.384:  95%|█████████▍| 1899/2000 [24:16<01:17,  1.30it/s]Best trial: 868. Best value: 0.384:  95%|█████████▌| 1900/2000 [24:16<01:15,  1.32it/s]                                                                                       Best trial: 868. Best value: 0.384:  95%|█████████▌| 1900/2000 [24:17<01:15,  1.32it/s]Best trial: 868. Best value: 0.384:  95%|█████████▌| 1900/2000 [24:17<01:15,  1.32it/s]Best trial: 868. Best value: 0.384:  95%|█████████▌| 1901/2000 [24:17<01:16,  1.30it/s]                                                                                       Best trial: 868. Best value: 0.384:  95%|█████████▌| 1901/2000 [24:18<01:16,  1.30it/s]Best trial: 868. Best value: 0.384:  95%|█████████▌| 1901/2000 [24:18<01:16,  1.30it/s]Best trial: 868. Best value: 0.384:  95%|█████████▌| 1902/2000 [24:18<01:18,  1.25it/s]                                                                                       Best trial: 868. Best value: 0.384:  95%|█████████▌| 1902/2000 [24:19<01:18,  1.25it/s]Best trial: 868. Best value: 0.384:  95%|█████████▌| 1902/2000 [24:19<01:18,  1.25it/s]Best trial: 868. Best value: 0.384:  95%|█████████▌| 1903/2000 [24:19<01:17,  1.26it/s]                                                                                       Best trial: 868. Best value: 0.384:  95%|█████████▌| 1903/2000 [24:19<01:17,  1.26it/s]Best trial: 868. Best value: 0.384:  95%|█████████▌| 1903/2000 [24:19<01:17,  1.26it/s]Best trial: 868. Best value: 0.384:  95%|█████████▌| 1904/2000 [24:19<01:15,  1.27it/s]                                                                                       Best trial: 868. Best value: 0.384:  95%|█████████▌| 1904/2000 [24:20<01:15,  1.27it/s]Best trial: 868. Best value: 0.384:  95%|█████████▌| 1904/2000 [24:20<01:15,  1.27it/s]Best trial: 868. Best value: 0.384:  95%|█████████▌| 1905/2000 [24:20<01:14,  1.27it/s]                                                                                       Best trial: 868. Best value: 0.384:  95%|█████████▌| 1905/2000 [24:21<01:14,  1.27it/s]Best trial: 868. Best value: 0.384:  95%|█████████▌| 1905/2000 [24:21<01:14,  1.27it/s]Best trial: 868. Best value: 0.384:  95%|█████████▌| 1906/2000 [24:21<01:13,  1.28it/s]                                                                                       Best trial: 868. Best value: 0.384:  95%|█████████▌| 1906/2000 [24:22<01:13,  1.28it/s]Best trial: 868. Best value: 0.384:  95%|█████████▌| 1906/2000 [24:22<01:13,  1.28it/s]Best trial: 868. Best value: 0.384:  95%|█████████▌| 1907/2000 [24:22<01:11,  1.29it/s]                                                                                       Best trial: 868. Best value: 0.384:  95%|█████████▌| 1907/2000 [24:22<01:11,  1.29it/s]Best trial: 868. Best value: 0.384:  95%|█████████▌| 1907/2000 [24:22<01:11,  1.29it/s]Best trial: 868. Best value: 0.384:  95%|█████████▌| 1908/2000 [24:22<01:10,  1.30it/s]                                                                                       Best trial: 868. Best value: 0.384:  95%|█████████▌| 1908/2000 [24:23<01:10,  1.30it/s]Best trial: 868. Best value: 0.384:  95%|█████████▌| 1908/2000 [24:23<01:10,  1.30it/s]Best trial: 868. Best value: 0.384:  95%|█████████▌| 1909/2000 [24:23<01:10,  1.28it/s]                                                                                       Best trial: 868. Best value: 0.384:  95%|█████████▌| 1909/2000 [24:24<01:10,  1.28it/s]Best trial: 868. Best value: 0.384:  95%|█████████▌| 1909/2000 [24:24<01:10,  1.28it/s]Best trial: 868. Best value: 0.384:  96%|█████████▌| 1910/2000 [24:24<01:09,  1.30it/s]                                                                                       
Trial 1877: ACCEPT (degrade -10.4%) - Eval: 0.278%, Val: 0.307%
