[I 2025-10-25 04:42:38,507] Trial 1144 finished with value: 0.08800000000000001 and parameters: {'w_boll': 0.2924614792441011, 'w_rsi': 0.32793376693614074, 'w_mom': 1.4010563862713472, 'w_vwap': 0.7137490645480458, 'w_orb': 1.9248211032363765, 'w_ofi': 0.501333587945283, 'w_vol': 1.8512796242434397, 'win_boll': 13, 'win_rsi': 5, 'win_mom': 7, 'win_vwap': 12, 'orb_opening_bars': 27, 'vol_window': 14}. Best is trial 868 with value: 0.384.
Trial 1145: REJECT (overfit 32.0%) - Eval: 0.256%, Val: 0.174%
[I 2025-10-25 04:42:39,256] Trial 1145 finished with value: -999.0 and parameters: {'w_boll': 0.3475188761398932, 'w_rsi': 0.4088986060830568, 'w_mom': 1.5440982004158301, 'w_vwap': 1.166468502986951, 'w_orb': 1.8813032141230999, 'w_ofi': 0.48979595908839935, 'w_vol': 1.4297307766435392, 'win_boll': 15, 'win_rsi': 6, 'win_mom': 6, 'win_vwap': 12, 'orb_opening_bars': 30, 'vol_window': 11}. Best is trial 868 with value: 0.384.Best trial: 868. Best value: 0.384:  58%|█████▊    | 1162/2000 [14:48<10:37,  1.31it/s]Best trial: 868. Best value: 0.384:  58%|█████▊    | 1162/2000 [14:48<10:37,  1.31it/s]Best trial: 868. Best value: 0.384:  58%|█████▊    | 1163/2000 [14:48<10:38,  1.31it/s]                                                                                       Best trial: 868. Best value: 0.384:  58%|█████▊    | 1163/2000 [14:49<10:38,  1.31it/s]Best trial: 868. Best value: 0.384:  58%|█████▊    | 1163/2000 [14:49<10:38,  1.31it/s]Best trial: 868. Best value: 0.384:  58%|█████▊    | 1164/2000 [14:49<10:29,  1.33it/s]                                                                                       Best trial: 868. Best value: 0.384:  58%|█████▊    | 1164/2000 [14:50<10:29,  1.33it/s]Best trial: 868. Best value: 0.384:  58%|█████▊    | 1164/2000 [14:50<10:29,  1.33it/s]Best trial: 868. Best value: 0.384:  58%|█████▊    | 1165/2000 [14:50<10:35,  1.31it/s]                                                                                       Best trial: 868. Best value: 0.384:  58%|█████▊    | 1165/2000 [14:51<10:35,  1.31it/s]Best trial: 868. Best value: 0.384:  58%|█████▊    | 1165/2000 [14:51<10:35,  1.31it/s]Best trial: 868. Best value: 0.384:  58%|█████▊    | 1166/2000 [14:51<10:32,  1.32it/s]                                                                                       Best trial: 868. Best value: 0.384:  58%|█████▊    | 1166/2000 [14:51<10:32,  1.32it/s]Best trial: 868. Best value: 0.384:  58%|█████▊    | 1166/2000 [14:51<10:32,  1.32it/s]Best trial: 868. Best value: 0.384:  58%|█████▊    | 1167/2000 [14:51<10:31,  1.32it/s]                                                                                       Best trial: 868. Best value: 0.384:  58%|█████▊    | 1167/2000 [14:52<10:31,  1.32it/s]Best trial: 868. Best value: 0.384:  58%|█████▊    | 1167/2000 [14:52<10:31,  1.32it/s]Best trial: 868. Best value: 0.384:  58%|█████▊    | 1168/2000 [14:52<10:25,  1.33it/s]                                                                                       Best trial: 868. Best value: 0.384:  58%|█████▊    | 1168/2000 [14:53<10:25,  1.33it/s]Best trial: 868. Best value: 0.384:  58%|█████▊    | 1168/2000 [14:53<10:25,  1.33it/s]Best trial: 868. Best value: 0.384:  58%|█████▊    | 1169/2000 [14:53<10:34,  1.31it/s]                                                                                       Best trial: 868. Best value: 0.384:  58%|█████▊    | 1169/2000 [14:54<10:34,  1.31it/s]Best trial: 868. Best value: 0.384:  58%|█████▊    | 1169/2000 [14:54<10:34,  1.31it/s]Best trial: 868. Best value: 0.384:  58%|█████▊    | 1170/2000 [14:54<10:36,  1.30it/s]                                                                                       Best trial: 868. Best value: 0.384:  58%|█████▊    | 1170/2000 [14:54<10:36,  1.30it/s]Best trial: 868. Best value: 0.384:  58%|█████▊    | 1170/2000 [14:54<10:36,  1.30it/s]Best trial: 868. Best value: 0.384:  59%|█████▊    | 1171/2000 [14:54<10:34,  1.31it/s]                                                                                       Best trial: 868. Best value: 0.384:  59%|█████▊    | 1171/2000 [14:55<10:34,  1.31it/s]Best trial: 868. Best value: 0.384:  59%|█████▊    | 1171/2000 [14:55<10:34,  1.31it/s]Best trial: 868. Best value: 0.384:  59%|█████▊    | 1172/2000 [14:55<10:27,  1.32it/s]                                                                                       Best trial: 868. Best value: 0.384:  59%|█████▊    | 1172/2000 [14:56<10:27,  1.32it/s]Best trial: 868. Best value: 0.384:  59%|█████▊    | 1172/2000 [14:56<10:27,  1.32it/s]Best trial: 868. Best value: 0.384:  59%|█████▊    | 1173/2000 [14:56<10:32,  1.31it/s]                                                                                       Best trial: 868. Best value: 0.384:  59%|█████▊    | 1173/2000 [14:58<10:32,  1.31it/s]Best trial: 868. Best value: 0.384:  59%|█████▊    | 1173/2000 [14:58<10:32,  1.31it/s]Best trial: 868. Best value: 0.384:  59%|█████▊    | 1174/2000 [14:58<16:01,  1.16s/it]                                                                                       Best trial: 868. Best value: 0.384:  59%|█████▊    | 1174/2000 [14:59<16:01,  1.16s/it]Best trial: 868. Best value: 0.384:  59%|█████▊    | 1174/2000 [14:59<16:01,  1.16s/it]Best trial: 868. Best value: 0.384:  59%|█████▉    | 1175/2000 [14:59<14:17,  1.04s/it]                                                                                       Best trial: 868. Best value: 0.384:  59%|█████▉    | 1175/2000 [14:59<14:17,  1.04s/it]Best trial: 868. Best value: 0.384:  59%|█████▉    | 1175/2000 [14:59<14:17,  1.04s/it]Best trial: 868. Best value: 0.384:  59%|█████▉    | 1176/2000 [14:59<13:05,  1.05it/s]                                                                                       Best trial: 868. Best value: 0.384:  59%|█████▉    | 1176/2000 [15:00<13:05,  1.05it/s]Best trial: 868. Best value: 0.384:  59%|█████▉    | 1176/2000 [15:00<13:05,  1.05it/s]Best trial: 868. Best value: 0.384:  59%|█████▉    | 1177/2000 [15:00<12:23,  1.11it/s]                                                                                       Best trial: 868. Best value: 0.384:  59%|█████▉    | 1177/2000 [15:01<12:23,  1.11it/s]Best trial: 868. Best value: 0.384:  59%|█████▉    | 1177/2000 [15:01<12:23,  1.11it/s]Best trial: 868. Best value: 0.384:  59%|█████▉    | 1178/2000 [15:01<11:39,  1.17it/s]                                                                                       Best trial: 868. Best value: 0.384:  59%|█████▉    | 1178/2000 [15:02<11:39,  1.17it/s]Best trial: 868. Best value: 0.384:  59%|█████▉    | 1178/2000 [15:02<11:39,  1.17it/s]Best trial: 868. Best value: 0.384:  59%|█████▉    | 1179/2000 [15:02<11:15,  1.21it/s]                                                                                       
Trial 1146: ACCEPT (degrade 0.0%) - Eval: -0.092%, Val: 0.199%
[I 2025-10-25 04:42:39,987] Trial 1146 finished with value: -0.092 and parameters: {'w_boll': 0.4080667356627394, 'w_rsi': 0.21781113666949806, 'w_mom': 1.2625280503012828, 'w_vwap': 0.6395867619683465, 'w_orb': 1.80380298689912, 'w_ofi': 0.26856230321354635, 'w_vol': 1.104840671011345, 'win_boll': 14, 'win_rsi': 6, 'win_mom': 10, 'win_vwap': 14, 'orb_opening_bars': 38, 'vol_window': 12}. Best is trial 868 with value: 0.384.
Trial 1147: ACCEPT (degrade 0.0%) - Eval: -0.004%, Val: 0.320%
[I 2025-10-25 04:42:40,735] Trial 1147 finished with value: -0.004000000000000009 and parameters: {'w_boll': 0.24196875295396036, 'w_rsi': 0.27862635294681287, 'w_mom': 1.3269517649165383, 'w_vwap': 0.7589655421946703, 'w_orb': 1.959427098287083, 'w_ofi': 0.4222876618743998, 'w_vol': 1.5546951078051365, 'win_boll': 13, 'win_rsi': 7, 'win_mom': 8, 'win_vwap': 13, 'orb_opening_bars': 29, 'vol_window': 10}. Best is trial 868 with value: 0.384.
Trial 1148: ACCEPT (degrade 0.0%) - Eval: -0.012%, Val: 0.171%
[I 2025-10-25 04:42:41,536] Trial 1148 finished with value: -0.012000000000000014 and parameters: {'w_boll': 0.31450554184471663, 'w_rsi': 0.3705455325658551, 'w_mom': 1.2979737622773515, 'w_vwap': 0.6902684982732473, 'w_orb': 1.9259916690391594, 'w_ofi': 0.373197953282566, 'w_vol': 0.7672078198300778, 'win_boll': 17, 'win_rsi': 6, 'win_mom': 6, 'win_vwap': 15, 'orb_opening_bars': 27, 'vol_window': 22}. Best is trial 868 with value: 0.384.
Trial 1149: ACCEPT (degrade -228.0%) - Eval: 0.100%, Val: 0.328%
[I 2025-10-25 04:42:42,286] Trial 1149 finished with value: 0.1 and parameters: {'w_boll': 0.37949507579636377, 'w_rsi': 0.24094198426597266, 'w_mom': 1.5111305173360094, 'w_vwap': 0.6218618805216289, 'w_orb': 1.8529245104081746, 'w_ofi': 0.4356896083197757, 'w_vol': 0.8235034886456108, 'win_boll': 15, 'win_rsi': 8, 'win_mom': 6, 'win_vwap': 12, 'orb_opening_bars': 29, 'vol_window': 12}. Best is trial 868 with value: 0.384.
Trial 1150: ACCEPT (degrade 0.0%) - Eval: -0.018%, Val: 0.325%
[I 2025-10-25 04:42:43,014] Trial 1150 finished with value: -0.018000000000000002 and parameters: {'w_boll': 0.41306035745622, 'w_rsi': 0.3207583341607628, 'w_mom': 1.5128702131625786, 'w_vwap': 1.0138271735682771, 'w_orb': 1.8825488154607852, 'w_ofi': 0.1409879805974381, 'w_vol': 0.1417932184844758, 'win_boll': 14, 'win_rsi': 5, 'win_mom': 3, 'win_vwap': 16, 'orb_opening_bars': 26, 'vol_window': 11}. Best is trial 868 with value: 0.384.
Trial 1151: ACCEPT (degrade -117.4%) - Eval: 0.184%, Val: 0.400%
[I 2025-10-25 04:42:43,761] Trial 1151 finished with value: 0.184 and parameters: {'w_boll': 0.34118910317946965, 'w_rsi': 0.630822157651381, 'w_mom': 1.438475505817134, 'w_vwap': 0.6746731396035917, 'w_orb': 1.9550931447938222, 'w_ofi': 0.4042098832867524, 'w_vol': 1.2137774318823222, 'win_boll': 14, 'win_rsi': 7, 'win_mom': 7, 'win_vwap': 13, 'orb_opening_bars': 32, 'vol_window': 26}. Best is trial 868 with value: 0.384.
Trial 1152: ACCEPT (degrade -195.6%) - Eval: 0.068%, Val: 0.201%
[I 2025-10-25 04:42:44,561] Trial 1152 finished with value: 0.06799999999999998 and parameters: {'w_boll': 0.17313715189442244, 'w_rsi': 0.4163400617566489, 'w_mom': 1.5709351179177955, 'w_vwap': 0.7227243233684109, 'w_orb': 1.816286058579714, 'w_ofi': 0.44285196110863817, 'w_vol': 0.9994821812978629, 'win_boll': 16, 'win_rsi': 9, 'win_mom': 6, 'win_vwap': 14, 'orb_opening_bars': 50, 'vol_window': 15}. Best is trial 868 with value: 0.384.
Trial 1153: ACCEPT (degrade 0.0%) - Eval: -0.046%, Val: 0.367%
[I 2025-10-25 04:42:45,336] Trial 1153 finished with value: -0.046 and parameters: {'w_boll': 0.29911559360532963, 'w_rsi': 0.2822884894214818, 'w_mom': 0.4191612375892604, 'w_vwap': 1.3515683031808103, 'w_orb': 1.9146816670849638, 'w_ofi': 0.5266128181794469, 'w_vol': 1.1326401362440355, 'win_boll': 13, 'win_rsi': 6, 'win_mom': 9, 'win_vwap': 31, 'orb_opening_bars': 27, 'vol_window': 13}. Best is trial 868 with value: 0.384.
Trial 1154: ACCEPT (degrade -1695.5%) - Eval: 0.022%, Val: 0.395%
[I 2025-10-25 04:42:46,062] Trial 1154 finished with value: 0.022 and parameters: {'w_boll': 0.23644127461362263, 'w_rsi': 0.2248043235437319, 'w_mom': 1.1976811480644467, 'w_vwap': 0.6574180810936355, 'w_orb': 1.540702542145136, 'w_ofi': 0.45999237635679147, 'w_vol': 1.8085246377073534, 'win_boll': 15, 'win_rsi': 5, 'win_mom': 7, 'win_vwap': 12, 'orb_opening_bars': 28, 'vol_window': 10}. Best is trial 868 with value: 0.384.
Trial 1155: ACCEPT (degrade 0.0%) - Eval: -0.084%, Val: 0.223%
[I 2025-10-25 04:42:46,806] Trial 1155 finished with value: -0.08399999999999999 and parameters: {'w_boll': 0.42021846517675515, 'w_rsi': 0.3811631314185393, 'w_mom': 1.4917949030406061, 'w_vwap': 0.7589210524612314, 'w_orb': 1.964652129114974, 'w_ofi': 0.3537485557240038, 'w_vol': 1.1913474230118406, 'win_boll': 13, 'win_rsi': 6, 'win_mom': 9, 'win_vwap': 19, 'orb_opening_bars': 31, 'vol_window': 11}. Best is trial 868 with value: 0.384.
Trial 1156: REJECT (overfit 397.2%) - Eval: 0.036%, Val: -0.107%
[I 2025-10-25 04:42:47,601] Trial 1156 finished with value: -999.0 and parameters: {'w_boll': 0.3510793759354418, 'w_rsi': 0.341989653097803, 'w_mom': 1.2561308066238206, 'w_vwap': 0.6054200428881018, 'w_orb': 1.8902210745362675, 'w_ofi': 0.5237640930556424, 'w_vol': 1.8547868188958587, 'win_boll': 14, 'win_rsi': 7, 'win_mom': 3, 'win_vwap': 12, 'orb_opening_bars': 25, 'vol_window': 13}. Best is trial 868 with value: 0.384.
Trial 1157: ACCEPT (degrade -191.3%) - Eval: 0.104%, Val: 0.303%
[I 2025-10-25 04:42:48,370] Trial 1157 finished with value: 0.10400000000000001 and parameters: {'w_boll': 0.2758777304545742, 'w_rsi': 0.26194763335817156, 'w_mom': 1.3194706927158952, 'w_vwap': 0.731505847978099, 'w_orb': 1.849664945293463, 'w_ofi': 0.4845894574152714, 'w_vol': 1.1004555131527674, 'win_boll': 13, 'win_rsi': 6, 'win_mom': 6, 'win_vwap': 12, 'orb_opening_bars': 21, 'vol_window': 12}. Best is trial 868 with value: 0.384.
Trial 1158: ACCEPT (degrade -35.0%) - Eval: 0.040%, Val: 0.054%
[I 2025-10-25 04:42:49,133] Trial 1158 finished with value: 0.04 and parameters: {'w_boll': 0.3731267486441727, 'w_rsi': 0.2018065879582094, 'w_mom': 1.2214355742555434, 'w_vwap': 0.6798589846687193, 'w_orb': 1.931685219419422, 'w_ofi': 0.382424717542957, 'w_vol': 1.7772499381223559, 'win_boll': 15, 'win_rsi': 5, 'win_mom': 3, 'win_vwap': 13, 'orb_opening_bars': 50, 'vol_window': 14}. Best is trial 868 with value: 0.384.
Trial 1159: ACCEPT (degrade -823.7%) - Eval: 0.038%, Val: 0.351%
[I 2025-10-25 04:42:49,861] Trial 1159 finished with value: 0.03800000000000003 and parameters: {'w_boll': 0.4356203503841703, 'w_rsi': 0.2915458987929072, 'w_mom': 1.3659631706485205, 'w_vwap': 1.8481181567553326, 'w_orb': 1.961321116699132, 'w_ofi': 0.3009999741540404, 'w_vol': 0.9855018857554195, 'win_boll': 14, 'win_rsi': 7, 'win_mom': 3, 'win_vwap': 23, 'orb_opening_bars': 28, 'vol_window': 10}. Best is trial 868 with value: 0.384.
Trial 1160: ACCEPT (degrade -152.3%) - Eval: 0.174%, Val: 0.439%
[I 2025-10-25 04:42:50,650] Trial 1160 finished with value: 0.174 and parameters: {'w_boll': 0.322752525343644, 'w_rsi': 0.4119965103434376, 'w_mom': 1.3792714547226945, 'w_vwap': 0.5778279128491471, 'w_orb': 1.9996030817554338, 'w_ofi': 0.4611989411185449, 'w_vol': 1.8767705890721, 'win_boll': 16, 'win_rsi': 8, 'win_mom': 7, 'win_vwap': 15, 'orb_opening_bars': 34, 'vol_window': 11}. Best is trial 868 with value: 0.384.
Trial 1161: REJECT (overfit 20.5%) - Eval: 0.166%, Val: 0.132%
[I 2025-10-25 04:42:51,404] Trial 1161 finished with value: -999.0 and parameters: {'w_boll': 0.3853303750965622, 'w_rsi': 0.3532132878872387, 'w_mom': 1.131790163137095, 'w_vwap': 0.7566871723328551, 'w_orb': 1.8905981082033705, 'w_ofi': 0.39606906199199426, 'w_vol': 0.9202823195966927, 'win_boll': 13, 'win_rsi': 6, 'win_mom': 6, 'win_vwap': 14, 'orb_opening_bars': 35, 'vol_window': 12}. Best is trial 868 with value: 0.384.
Trial 1162: ACCEPT (degrade -70.9%) - Eval: 0.110%, Val: 0.188%
[I 2025-10-25 04:42:52,170] Trial 1162 finished with value: 0.10999999999999999 and parameters: {'w_boll': 0.4336193302371151, 'w_rsi': 0.31491015940975725, 'w_mom': 1.1785034985638487, 'w_vwap': 0.6396483397181508, 'w_orb': 1.8199499652072868, 'w_ofi': 0.5230060249029898, 'w_vol': 1.1430816601303109, 'win_boll': 15, 'win_rsi': 5, 'win_mom': 3, 'win_vwap': 18, 'orb_opening_bars': 30, 'vol_window': 10}. Best is trial 868 with value: 0.384.Best trial: 868. Best value: 0.384:  59%|█████▉    | 1179/2000 [15:03<11:15,  1.21it/s]Best trial: 868. Best value: 0.384:  59%|█████▉    | 1179/2000 [15:03<11:15,  1.21it/s]Best trial: 868. Best value: 0.384:  59%|█████▉    | 1180/2000 [15:03<10:58,  1.24it/s]                                                                                       Best trial: 868. Best value: 0.384:  59%|█████▉    | 1180/2000 [15:03<10:58,  1.24it/s]Best trial: 868. Best value: 0.384:  59%|█████▉    | 1180/2000 [15:03<10:58,  1.24it/s]Best trial: 868. Best value: 0.384:  59%|█████▉    | 1181/2000 [15:03<10:54,  1.25it/s]                                                                                       Best trial: 868. Best value: 0.384:  59%|█████▉    | 1181/2000 [15:04<10:54,  1.25it/s]Best trial: 868. Best value: 0.384:  59%|█████▉    | 1181/2000 [15:04<10:54,  1.25it/s]Best trial: 868. Best value: 0.384:  59%|█████▉    | 1182/2000 [15:04<10:36,  1.28it/s]                                                                                       Best trial: 868. Best value: 0.384:  59%|█████▉    | 1182/2000 [15:05<10:36,  1.28it/s]Best trial: 868. Best value: 0.384:  59%|█████▉    | 1182/2000 [15:05<10:36,  1.28it/s]Best trial: 868. Best value: 0.384:  59%|█████▉    | 1183/2000 [15:05<10:34,  1.29it/s]                                                                                       Best trial: 868. Best value: 0.384:  59%|█████▉    | 1183/2000 [15:06<10:34,  1.29it/s]Best trial: 868. Best value: 0.384:  59%|█████▉    | 1183/2000 [15:06<10:34,  1.29it/s]Best trial: 868. Best value: 0.384:  59%|█████▉    | 1184/2000 [15:06<10:27,  1.30it/s]                                                                                       Best trial: 868. Best value: 0.384:  59%|█████▉    | 1184/2000 [15:06<10:27,  1.30it/s]Best trial: 868. Best value: 0.384:  59%|█████▉    | 1184/2000 [15:06<10:27,  1.30it/s]Best trial: 868. Best value: 0.384:  59%|█████▉    | 1185/2000 [15:06<10:32,  1.29it/s]                                                                                       Best trial: 868. Best value: 0.384:  59%|█████▉    | 1185/2000 [15:07<10:32,  1.29it/s]Best trial: 868. Best value: 0.384:  59%|█████▉    | 1185/2000 [15:07<10:32,  1.29it/s]Best trial: 868. Best value: 0.384:  59%|█████▉    | 1186/2000 [15:07<10:28,  1.29it/s]                                                                                       Best trial: 868. Best value: 0.384:  59%|█████▉    | 1186/2000 [15:08<10:28,  1.29it/s]Best trial: 868. Best value: 0.384:  59%|█████▉    | 1186/2000 [15:08<10:28,  1.29it/s]Best trial: 868. Best value: 0.384:  59%|█████▉    | 1187/2000 [15:08<10:40,  1.27it/s]                                                                                       Best trial: 868. Best value: 0.384:  59%|█████▉    | 1187/2000 [15:09<10:40,  1.27it/s]Best trial: 868. Best value: 0.384:  59%|█████▉    | 1187/2000 [15:09<10:40,  1.27it/s]Best trial: 868. Best value: 0.384:  59%|█████▉    | 1188/2000 [15:09<10:33,  1.28it/s]                                                                                       Best trial: 868. Best value: 0.384:  59%|█████▉    | 1188/2000 [15:10<10:33,  1.28it/s]Best trial: 868. Best value: 0.384:  59%|█████▉    | 1188/2000 [15:10<10:33,  1.28it/s]Best trial: 868. Best value: 0.384:  59%|█████▉    | 1189/2000 [15:10<10:36,  1.28it/s]                                                                                       Best trial: 868. Best value: 0.384:  59%|█████▉    | 1189/2000 [15:10<10:36,  1.28it/s]Best trial: 868. Best value: 0.384:  59%|█████▉    | 1189/2000 [15:10<10:36,  1.28it/s]Best trial: 868. Best value: 0.384:  60%|█████▉    | 1190/2000 [15:10<10:33,  1.28it/s]                                                                                       Best trial: 868. Best value: 0.384:  60%|█████▉    | 1190/2000 [15:11<10:33,  1.28it/s]Best trial: 868. Best value: 0.384:  60%|█████▉    | 1190/2000 [15:11<10:33,  1.28it/s]Best trial: 868. Best value: 0.384:  60%|█████▉    | 1191/2000 [15:11<10:20,  1.30it/s]                                                                                       Best trial: 868. Best value: 0.384:  60%|█████▉    | 1191/2000 [15:12<10:20,  1.30it/s]Best trial: 868. Best value: 0.384:  60%|█████▉    | 1191/2000 [15:12<10:20,  1.30it/s]Best trial: 868. Best value: 0.384:  60%|█████▉    | 1192/2000 [15:12<10:18,  1.31it/s]                                                                                       Best trial: 868. Best value: 0.384:  60%|█████▉    | 1192/2000 [15:13<10:18,  1.31it/s]Best trial: 868. Best value: 0.384:  60%|█████▉    | 1192/2000 [15:13<10:18,  1.31it/s]Best trial: 868. Best value: 0.384:  60%|█████▉    | 1193/2000 [15:13<10:26,  1.29it/s]                                                                                       Best trial: 868. Best value: 0.384:  60%|█████▉    | 1193/2000 [15:13<10:26,  1.29it/s]Best trial: 868. Best value: 0.384:  60%|█████▉    | 1193/2000 [15:13<10:26,  1.29it/s]Best trial: 868. Best value: 0.384:  60%|█████▉    | 1194/2000 [15:13<10:20,  1.30it/s]                                                                                       Best trial: 868. Best value: 0.384:  60%|█████▉    | 1194/2000 [15:14<10:20,  1.30it/s]Best trial: 868. Best value: 0.384:  60%|█████▉    | 1194/2000 [15:14<10:20,  1.30it/s]Best trial: 868. Best value: 0.384:  60%|█████▉    | 1195/2000 [15:14<10:10,  1.32it/s]                                                                                       Best trial: 868. Best value: 0.384:  60%|█████▉    | 1195/2000 [15:15<10:10,  1.32it/s]Best trial: 868. Best value: 0.384:  60%|█████▉    | 1195/2000 [15:15<10:10,  1.32it/s]Best trial: 868. Best value: 0.384:  60%|█████▉    | 1196/2000 [15:15<10:08,  1.32it/s]                                                                                       
Trial 1163: ACCEPT (degrade 0.0%) - Eval: -0.082%, Val: 0.299%
[I 2025-10-25 04:42:52,900] Trial 1163 finished with value: -0.082 and parameters: {'w_boll': 0.27288755260322134, 'w_rsi': 0.24517179580741633, 'w_mom': 1.2399909700043306, 'w_vwap': 0.4694816423001083, 'w_orb': 1.9201637031092553, 'w_ofi': 0.21823774649481975, 'w_vol': 1.838910005020959, 'win_boll': 17, 'win_rsi': 7, 'win_mom': 3, 'win_vwap': 12, 'orb_opening_bars': 26, 'vol_window': 11}. Best is trial 868 with value: 0.384.
Trial 1164: ACCEPT (degrade 0.0%) - Eval: -0.014%, Val: 0.311%
