[I 2025-10-25 04:42:14,889] Trial 1113 finished with value: -0.158 and parameters: {'w_boll': 0.27181026670259645, 'w_rsi': 0.29893005453879545, 'w_mom': 1.3536347588474469, 'w_vwap': 0.6944385720573456, 'w_orb': 1.8919584275896328, 'w_ofi': 0.4547560437995755, 'w_vol': 0.6897592683256825, 'win_boll': 14, 'win_rsi': 5, 'win_mom': 7, 'win_vwap': 13, 'orb_opening_bars': 25, 'vol_window': 12}. Best is trial 868 with value: 0.384.
Trial 1114: ACCEPT (degrade -50.0%) - Eval: 0.032%, Val: 0.048%
[I 2025-10-25 04:42:15,654] Trial 1114 finished with value: 0.03200000000000001 and parameters: {'w_boll': 0.18642945039475736, 'w_rsi': 0.3718696172712317, 'w_mom': 1.3751124256445044, 'w_vwap': 0.69295148712854, 'w_orb': 1.9419585074417347, 'w_ofi': 0.3443426068698548, 'w_vol': 1.849461926635175, 'win_boll': 15, 'win_rsi': 6, 'win_mom': 6, 'win_vwap': 14, 'orb_opening_bars': 27, 'vol_window': 12}. Best is trial 868 with value: 0.384.
Trial 1115: ACCEPT (degrade 0.0%) - Eval: -0.122%, Val: 0.454%
[I 2025-10-25 04:42:16,403] Trial 1115 finished with value: -0.12200000000000003 and parameters: {'w_boll': 0.2950173655779828, 'w_rsi': 0.32269455426092486, 'w_mom': 1.3740252681356633, 'w_vwap': 0.6019136603680219, 'w_orb': 1.844930792195167, 'w_ofi': 0.36130867614409945, 'w_vol': 0.9457528695833074, 'win_boll': 16, 'win_rsi': 6, 'win_mom': 6, 'win_vwap': 13, 'orb_opening_bars': 25, 'vol_window': 13}. Best is trial 868 with value: 0.384.
Trial 1116: ACCEPT (degrade 0.0%) - Eval: -0.064%, Val: 0.132%
[I 2025-10-25 04:42:17,152] Trial 1116 finished with value: -0.06399999999999999 and parameters: {'w_boll': 0.21806155898363483, 'w_rsi': 0.2811085082251661, 'w_mom': 1.4037735596829188, 'w_vwap': 0.652509305729692, 'w_orb': 1.9571619087435692, 'w_ofi': 0.43446815384372733, 'w_vol': 1.1691056399100856, 'win_boll': 14, 'win_rsi': 8, 'win_mom': 3, 'win_vwap': 14, 'orb_opening_bars': 37, 'vol_window': 11}. Best is trial 868 with value: 0.384.
Trial 1117: ACCEPT (degrade 0.0%) - Eval: -0.056%, Val: 0.110%
[I 2025-10-25 04:42:17,907] Trial 1117 finished with value: -0.05600000000000001 and parameters: {'w_boll': 0.2636959763248339, 'w_rsi': 0.3834997675380786, 'w_mom': 1.4476712320732694, 'w_vwap': 0.6981930940502896, 'w_orb': 1.9040829546675546, 'w_ofi': 0.4048410431257911, 'w_vol': 1.6326038980566808, 'win_boll': 15, 'win_rsi': 27, 'win_mom': 7, 'win_vwap': 15, 'orb_opening_bars': 33, 'vol_window': 13}. Best is trial 868 with value: 0.384.
Trial 1118: ACCEPT (degrade -225.7%) - Eval: 0.070%, Val: 0.228%
[I 2025-10-25 04:42:18,687] Trial 1118 finished with value: 0.07000000000000002 and parameters: {'w_boll': 0.1312629117007419, 'w_rsi': 0.33757584963581516, 'w_mom': 1.3567600766774448, 'w_vwap': 0.6407465749456045, 'w_orb': 1.8757185849172244, 'w_ofi': 0.4223162061807762, 'w_vol': 1.895423402360958, 'win_boll': 14, 'win_rsi': 5, 'win_mom': 6, 'win_vwap': 13, 'orb_opening_bars': 25, 'vol_window': 10}. Best is trial 868 with value: 0.384.
Trial 1119: ACCEPT (degrade 0.0%) - Eval: -0.068%, Val: 0.466%
[I 2025-10-25 04:42:19,456] Trial 1119 finished with value: -0.06800000000000002 and parameters: {'w_boll': 0.3097120369602603, 'w_rsi': 0.29096476738671695, 'w_mom': 1.4317594315054825, 'w_vwap': 0.5972236596608148, 'w_orb': 1.9291359869523033, 'w_ofi': 0.4686729243683348, 'w_vol': 1.590797352898372, 'win_boll': 30, 'win_rsi': 7, 'win_mom': 7, 'win_vwap': 13, 'orb_opening_bars': 30, 'vol_window': 11}. Best is trial 868 with value: 0.384.
Trial 1120: ACCEPT (degrade 0.0%) - Eval: -0.024%, Val: 0.269%
[I 2025-10-25 04:42:20,220] Trial 1120 finished with value: -0.023999999999999976 and parameters: {'w_boll': 0.15710746161814504, 'w_rsi': 0.261305768113652, 'w_mom': 1.344915581478748, 'w_vwap': 0.7183477395502527, 'w_orb': 1.9695392731481554, 'w_ofi': 0.36453995289050267, 'w_vol': 1.0174701433166435, 'win_boll': 14, 'win_rsi': 6, 'win_mom': 3, 'win_vwap': 15, 'orb_opening_bars': 39, 'vol_window': 12}. Best is trial 868 with value: 0.384.
Trial 1121: ACCEPT (degrade 0.0%) - Eval: -0.218%, Val: 0.101%
[I 2025-10-25 04:42:20,988] Trial 1121 finished with value: -0.21800000000000003 and parameters: {'w_boll': 0.32556767574845746, 'w_rsi': 0.36401590450018245, 'w_mom': 1.2078556224558508, 'w_vwap': 0.6677067514728499, 'w_orb': 1.1577871210615671, 'w_ofi': 0.4282273199929548, 'w_vol': 1.2375764121419457, 'win_boll': 13, 'win_rsi': 5, 'win_mom': 4, 'win_vwap': 16, 'orb_opening_bars': 22, 'vol_window': 13}. Best is trial 868 with value: 0.384.
Trial 1122: ACCEPT (degrade 0.0%) - Eval: -0.224%, Val: 0.280%
[I 2025-10-25 04:42:21,765] Trial 1122 finished with value: -0.22399999999999998 and parameters: {'w_boll': 0.22748029119566565, 'w_rsi': 0.32115544035711174, 'w_mom': 1.3040148285432906, 'w_vwap': 0.6285245925503612, 'w_orb': 1.9997052636254282, 'w_ofi': 0.47942751654939997, 'w_vol': 0.5586261317299548, 'win_boll': 16, 'win_rsi': 6, 'win_mom': 6, 'win_vwap': 14, 'orb_opening_bars': 23, 'vol_window': 11}. Best is trial 868 with value: 0.384.
Trial 1123: ACCEPT (degrade -39.1%) - Eval: 0.192%, Val: 0.267%
[I 2025-10-25 04:42:22,524] Trial 1123 finished with value: 0.192 and parameters: {'w_boll': 0.28721839938573035, 'w_rsi': 0.38867605870998007, 'w_mom': 1.2348220838528217, 'w_vwap': 0.5661423036350446, 'w_orb': 1.8356150751164453, 'w_ofi': 0.5117430453940245, 'w_vol': 1.8607450550597726, 'win_boll': 13, 'win_rsi': 7, 'win_mom': 3, 'win_vwap': 13, 'orb_opening_bars': 31, 'vol_window': 10}. Best is trial 868 with value: 0.384.
Trial 1124: ACCEPT (degrade 0.0%) - Eval: -0.020%, Val: 0.201%
[I 2025-10-25 04:42:23,276] Trial 1124 finished with value: -0.019999999999999997 and parameters: {'w_boll': 0.3979888031319675, 'w_rsi': 0.25800618786480595, 'w_mom': 1.157001683056737, 'w_vwap': 0.7110430422238565, 'w_orb': 1.9100358853261061, 'w_ofi': 0.46157653467422366, 'w_vol': 1.0815391410255462, 'win_boll': 15, 'win_rsi': 8, 'win_mom': 4, 'win_vwap': 13, 'orb_opening_bars': 33, 'vol_window': 12}. Best is trial 868 with value: 0.384.
Trial 1125: ACCEPT (degrade 10.1%) - Eval: 0.286%, Val: 0.257%
[I 2025-10-25 04:42:24,035] Trial 1125 finished with value: 0.286 and parameters: {'w_boll': 0.37023909160583257, 'w_rsi': 0.3484580771824535, 'w_mom': 1.4870750193616378, 'w_vwap': 0.6678773802506933, 'w_orb': 1.8723274648639945, 'w_ofi': 0.383763687483445, 'w_vol': 1.1501976748526122, 'win_boll': 15, 'win_rsi': 5, 'win_mom': 8, 'win_vwap': 15, 'orb_opening_bars': 29, 'vol_window': 14}. Best is trial 868 with value: 0.384.
Trial 1126: ACCEPT (degrade 0.0%) - Eval: -0.072%, Val: 0.235%
[I 2025-10-25 04:42:24,804] Trial 1126 finished with value: -0.07199999999999998 and parameters: {'w_boll': 0.3506498109474497, 'w_rsi': 0.2998277669673448, 'w_mom': 1.4289830432666217, 'w_vwap': 0.6977015471450758, 'w_orb': 1.8161093428139023, 'w_ofi': 0.3282688841487042, 'w_vol': 1.2742307314320642, 'win_boll': 16, 'win_rsi': 6, 'win_mom': 8, 'win_vwap': 14, 'orb_opening_bars': 29, 'vol_window': 14}. Best is trial 868 with value: 0.384.
Trial 1127: ACCEPT (degrade -156.7%) - Eval: 0.180%, Val: 0.462%
[I 2025-10-25 04:42:25,549] Trial 1127 finished with value: 0.18000000000000002 and parameters: {'w_boll': 0.3714046073157478, 'w_rsi': 0.24833841114701657, 'w_mom': 1.484746414688036, 'w_vwap': 0.6699763837907615, 'w_orb': 1.8452894399886244, 'w_ofi': 0.28949410629735545, 'w_vol': 1.0359558891794958, 'win_boll': 16, 'win_rsi': 5, 'win_mom': 7, 'win_vwap': 13, 'orb_opening_bars': 26, 'vol_window': 15}. Best is trial 868 with value: 0.384.
Trial 1128: ACCEPT (degrade 0.0%) - Eval: -0.214%, Val: 0.439%
[I 2025-10-25 04:42:26,305] Trial 1128 finished with value: -0.21400000000000002 and parameters: {'w_boll': 0.3242156684751475, 'w_rsi': 0.3426933674898637, 'w_mom': 1.4776152683670132, 'w_vwap': 0.7234820071576575, 'w_orb': 1.8685200747956694, 'w_ofi': 0.3737086618551364, 'w_vol': 1.1456736678638733, 'win_boll': 15, 'win_rsi': 7, 'win_mom': 9, 'win_vwap': 30, 'orb_opening_bars': 30, 'vol_window': 14}. Best is trial 868 with value: 0.384.Best trial: 868. Best value: 0.384:  57%|█████▋    | 1145/2000 [14:35<10:48,  1.32it/s]Best trial: 868. Best value: 0.384:  57%|█████▋    | 1145/2000 [14:35<10:48,  1.32it/s]Best trial: 868. Best value: 0.384:  57%|█████▋    | 1146/2000 [14:35<10:45,  1.32it/s]                                                                                       Best trial: 868. Best value: 0.384:  57%|█████▋    | 1146/2000 [14:36<10:45,  1.32it/s]Best trial: 868. Best value: 0.384:  57%|█████▋    | 1146/2000 [14:36<10:45,  1.32it/s]Best trial: 868. Best value: 0.384:  57%|█████▋    | 1147/2000 [14:36<10:38,  1.34it/s]                                                                                       Best trial: 868. Best value: 0.384:  57%|█████▋    | 1147/2000 [14:37<10:38,  1.34it/s]Best trial: 868. Best value: 0.384:  57%|█████▋    | 1147/2000 [14:37<10:38,  1.34it/s]Best trial: 868. Best value: 0.384:  57%|█████▋    | 1148/2000 [14:37<10:37,  1.34it/s]                                                                                       Best trial: 868. Best value: 0.384:  57%|█████▋    | 1148/2000 [14:38<10:37,  1.34it/s]Best trial: 868. Best value: 0.384:  57%|█████▋    | 1148/2000 [14:38<10:37,  1.34it/s]Best trial: 868. Best value: 0.384:  57%|█████▋    | 1149/2000 [14:38<10:50,  1.31it/s]                                                                                       Best trial: 868. Best value: 0.384:  57%|█████▋    | 1149/2000 [14:38<10:50,  1.31it/s]Best trial: 868. Best value: 0.384:  57%|█████▋    | 1149/2000 [14:38<10:50,  1.31it/s]Best trial: 868. Best value: 0.384:  57%|█████▊    | 1150/2000 [14:38<10:46,  1.32it/s]                                                                                       Best trial: 868. Best value: 0.384:  57%|█████▊    | 1150/2000 [14:39<10:46,  1.32it/s]Best trial: 868. Best value: 0.384:  57%|█████▊    | 1150/2000 [14:39<10:46,  1.32it/s]Best trial: 868. Best value: 0.384:  58%|█████▊    | 1151/2000 [14:39<10:37,  1.33it/s]                                                                                       Best trial: 868. Best value: 0.384:  58%|█████▊    | 1151/2000 [14:40<10:37,  1.33it/s]Best trial: 868. Best value: 0.384:  58%|█████▊    | 1151/2000 [14:40<10:37,  1.33it/s]Best trial: 868. Best value: 0.384:  58%|█████▊    | 1152/2000 [14:40<10:35,  1.33it/s]                                                                                       Best trial: 868. Best value: 0.384:  58%|█████▊    | 1152/2000 [14:41<10:35,  1.33it/s]Best trial: 868. Best value: 0.384:  58%|█████▊    | 1152/2000 [14:41<10:35,  1.33it/s]Best trial: 868. Best value: 0.384:  58%|█████▊    | 1153/2000 [14:41<10:47,  1.31it/s]                                                                                       Best trial: 868. Best value: 0.384:  58%|█████▊    | 1153/2000 [14:41<10:47,  1.31it/s]Best trial: 868. Best value: 0.384:  58%|█████▊    | 1153/2000 [14:41<10:47,  1.31it/s]Best trial: 868. Best value: 0.384:  58%|█████▊    | 1154/2000 [14:41<10:49,  1.30it/s]                                                                                       Best trial: 868. Best value: 0.384:  58%|█████▊    | 1154/2000 [14:42<10:49,  1.30it/s]Best trial: 868. Best value: 0.384:  58%|█████▊    | 1154/2000 [14:42<10:49,  1.30it/s]Best trial: 868. Best value: 0.384:  58%|█████▊    | 1155/2000 [14:42<10:38,  1.32it/s]                                                                                       Best trial: 868. Best value: 0.384:  58%|█████▊    | 1155/2000 [14:43<10:38,  1.32it/s]Best trial: 868. Best value: 0.384:  58%|█████▊    | 1155/2000 [14:43<10:38,  1.32it/s]Best trial: 868. Best value: 0.384:  58%|█████▊    | 1156/2000 [14:43<10:34,  1.33it/s]                                                                                       Best trial: 868. Best value: 0.384:  58%|█████▊    | 1156/2000 [14:44<10:34,  1.33it/s]Best trial: 868. Best value: 0.384:  58%|█████▊    | 1156/2000 [14:44<10:34,  1.33it/s]Best trial: 868. Best value: 0.384:  58%|█████▊    | 1157/2000 [14:44<10:44,  1.31it/s]                                                                                       Best trial: 868. Best value: 0.384:  58%|█████▊    | 1157/2000 [14:44<10:44,  1.31it/s]Best trial: 868. Best value: 0.384:  58%|█████▊    | 1157/2000 [14:44<10:44,  1.31it/s]Best trial: 868. Best value: 0.384:  58%|█████▊    | 1158/2000 [14:44<10:44,  1.31it/s]                                                                                       Best trial: 868. Best value: 0.384:  58%|█████▊    | 1158/2000 [14:45<10:44,  1.31it/s]Best trial: 868. Best value: 0.384:  58%|█████▊    | 1158/2000 [14:45<10:44,  1.31it/s]Best trial: 868. Best value: 0.384:  58%|█████▊    | 1159/2000 [14:45<10:43,  1.31it/s]                                                                                       Best trial: 868. Best value: 0.384:  58%|█████▊    | 1159/2000 [14:46<10:43,  1.31it/s]Best trial: 868. Best value: 0.384:  58%|█████▊    | 1159/2000 [14:46<10:43,  1.31it/s]Best trial: 868. Best value: 0.384:  58%|█████▊    | 1160/2000 [14:46<10:33,  1.33it/s]                                                                                       Best trial: 868. Best value: 0.384:  58%|█████▊    | 1160/2000 [14:47<10:33,  1.33it/s]Best trial: 868. Best value: 0.384:  58%|█████▊    | 1160/2000 [14:47<10:33,  1.33it/s]Best trial: 868. Best value: 0.384:  58%|█████▊    | 1161/2000 [14:47<10:41,  1.31it/s]                                                                                       Best trial: 868. Best value: 0.384:  58%|█████▊    | 1161/2000 [14:48<10:41,  1.31it/s]Best trial: 868. Best value: 0.384:  58%|█████▊    | 1161/2000 [14:48<10:41,  1.31it/s]Best trial: 868. Best value: 0.384:  58%|█████▊    | 1162/2000 [14:48<10:37,  1.31it/s]                                                                                       
Trial 1129: ACCEPT (degrade 0.0%) - Eval: -0.054%, Val: 0.112%
[I 2025-10-25 04:42:27,098] Trial 1129 finished with value: -0.05400000000000001 and parameters: {'w_boll': 0.38437527188025683, 'w_rsi': 0.2855812073294475, 'w_mom': 1.281944406474506, 'w_vwap': 0.6781010982061738, 'w_orb': 1.8258899747975945, 'w_ofi': 0.3376575684281067, 'w_vol': 1.1184956337565433, 'win_boll': 15, 'win_rsi': 6, 'win_mom': 9, 'win_vwap': 13, 'orb_opening_bars': 27, 'vol_window': 16}. Best is trial 868 with value: 0.384.
Trial 1130: ACCEPT (degrade -228.9%) - Eval: 0.090%, Val: 0.296%
[I 2025-10-25 04:42:27,820] Trial 1130 finished with value: 0.09 and parameters: {'w_boll': 0.29627167845993807, 'w_rsi': 0.3931819129224356, 'w_mom': 1.4771513404063015, 'w_vwap': 0.7365016848294417, 'w_orb': 1.8733733480902455, 'w_ofi': 0.3017569196639779, 'w_vol': 1.8319593603610476, 'win_boll': 15, 'win_rsi': 8, 'win_mom': 6, 'win_vwap': 32, 'orb_opening_bars': 27, 'vol_window': 14}. Best is trial 868 with value: 0.384.
Trial 1131: ACCEPT (degrade -54.1%) - Eval: 0.074%, Val: 0.114%
[I 2025-10-25 04:42:28,574] Trial 1131 finished with value: 0.07400000000000001 and parameters: {'w_boll': 0.33768704112649384, 'w_rsi': 0.23536705409713704, 'w_mom': 1.5439112943478779, 'w_vwap': 0.7192066419601721, 'w_orb': 1.8790626719054813, 'w_ofi': 0.35514809044456164, 'w_vol': 1.0838239135691659, 'win_boll': 17, 'win_rsi': 7, 'win_mom': 8, 'win_vwap': 15, 'orb_opening_bars': 31, 'vol_window': 17}. Best is trial 868 with value: 0.384.
Trial 1132: ACCEPT (degrade -38.1%) - Eval: 0.168%, Val: 0.232%
[I 2025-10-25 04:42:29,337] Trial 1132 finished with value: 0.168 and parameters: {'w_boll': 0.3649484587947187, 'w_rsi': 0.3116884346849616, 'w_mom': 1.5187318544926933, 'w_vwap': 0.6614945623999318, 'w_orb': 1.824085159973922, 'w_ofi': 0.387975695988765, 'w_vol': 1.1919878522321892, 'win_boll': 16, 'win_rsi': 6, 'win_mom': 9, 'win_vwap': 17, 'orb_opening_bars': 29, 'vol_window': 15}. Best is trial 868 with value: 0.384.
Trial 1133: REJECT (overfit 52.4%) - Eval: 0.166%, Val: 0.079%
[I 2025-10-25 04:42:30,205] Trial 1133 finished with value: -999.0 and parameters: {'w_boll': 0.2571892390861853, 'w_rsi': 0.35050253200899706, 'w_mom': 1.4644643264110873, 'w_vwap': 0.6909141059823012, 'w_orb': 1.93654466114455, 'w_ofi': 0.32824516937398396, 'w_vol': 1.296205368394609, 'win_boll': 16, 'win_rsi': 5, 'win_mom': 8, 'win_vwap': 12, 'orb_opening_bars': 31, 'vol_window': 13}. Best is trial 868 with value: 0.384.
Trial 1134: ACCEPT (degrade 0.0%) - Eval: -0.140%, Val: 0.440%
[I 2025-10-25 04:42:30,931] Trial 1134 finished with value: -0.13999999999999999 and parameters: {'w_boll': 0.38958026304418614, 'w_rsi': 0.2680552337182656, 'w_mom': 1.587259217055245, 'w_vwap': 0.736572928799653, 'w_orb': 1.9090154708955491, 'w_ofi': 0.4398167444094161, 'w_vol': 1.0748542675457788, 'win_boll': 14, 'win_rsi': 6, 'win_mom': 8, 'win_vwap': 20, 'orb_opening_bars': 28, 'vol_window': 14}. Best is trial 868 with value: 0.384.
Trial 1135: REJECT (overfit 0.0%) - Eval: -0.012%, Val: -0.276%
[I 2025-10-25 04:42:31,688] Trial 1135 finished with value: -999.0 and parameters: {'w_boll': 1.320184281700783, 'w_rsi': 1.1786586153284038, 'w_mom': 1.416522258947289, 'w_vwap': 0.6419323222600992, 'w_orb': 0.34318608968620157, 'w_ofi': 0.3841389714496665, 'w_vol': 1.806948681361891, 'win_boll': 14, 'win_rsi': 7, 'win_mom': 9, 'win_vwap': 14, 'orb_opening_bars': 27, 'vol_window': 13}. Best is trial 868 with value: 0.384.
Trial 1136: ACCEPT (degrade 0.0%) - Eval: -0.038%, Val: 0.167%
[I 2025-10-25 04:42:32,470] Trial 1136 finished with value: -0.038 and parameters: {'w_boll': 0.3253949820969604, 'w_rsi': 0.38942243351713296, 'w_mom': 1.4568969510079086, 'w_vwap': 0.6877864290531503, 'w_orb': 1.8581682857910478, 'w_ofi': 0.4001569488031121, 'w_vol': 1.1761198032829927, 'win_boll': 17, 'win_rsi': 5, 'win_mom': 7, 'win_vwap': 13, 'orb_opening_bars': 28, 'vol_window': 13}. Best is trial 868 with value: 0.384.
Trial 1137: ACCEPT (degrade 0.0%) - Eval: -0.028%, Val: 0.499%
[I 2025-10-25 04:42:33,219] Trial 1137 finished with value: -0.027999999999999997 and parameters: {'w_boll': 0.2911923295886394, 'w_rsi': 0.22787279243756825, 'w_mom': 1.5134679329087193, 'w_vwap': 0.7400493505068253, 'w_orb': 1.9517851735136702, 'w_ofi': 0.3042289740134443, 'w_vol': 0.6351201168873918, 'win_boll': 15, 'win_rsi': 6, 'win_mom': 8, 'win_vwap': 16, 'orb_opening_bars': 30, 'vol_window': 13}. Best is trial 868 with value: 0.384.
Trial 1138: ACCEPT (degrade 0.0%) - Eval: -0.028%, Val: -0.005%
[I 2025-10-25 04:42:33,952] Trial 1138 finished with value: -0.02799999999999999 and parameters: {'w_boll': 0.36603708801702584, 'w_rsi': 0.3164841874704114, 'w_mom': 1.373512852176719, 'w_vwap': 0.641224559342514, 'w_orb': 1.2893591623855536, 'w_ofi': 0.4130730710483279, 'w_vol': 1.219782583252649, 'win_boll': 14, 'win_rsi': 6, 'win_mom': 8, 'win_vwap': 33, 'orb_opening_bars': 29, 'vol_window': 12}. Best is trial 868 with value: 0.384.
Trial 1139: ACCEPT (degrade 0.0%) - Eval: -0.084%, Val: 0.156%
[I 2025-10-25 04:42:34,710] Trial 1139 finished with value: -0.084 and parameters: {'w_boll': 0.32499330993133, 'w_rsi': 0.6797378559333587, 'w_mom': 1.4702114308288181, 'w_vwap': 0.7125943290634701, 'w_orb': 1.4195990092550728, 'w_ofi': 0.4383152106136564, 'w_vol': 1.1845276195427314, 'win_boll': 15, 'win_rsi': 8, 'win_mom': 8, 'win_vwap': 12, 'orb_opening_bars': 28, 'vol_window': 14}. Best is trial 868 with value: 0.384.
Trial 1140: ACCEPT (degrade 0.0%) - Eval: -0.116%, Val: -0.008%
[I 2025-10-25 04:42:35,504] Trial 1140 finished with value: -0.11600000000000002 and parameters: {'w_boll': 0.3967914841667091, 'w_rsi': 1.6543573411784562, 'w_mom': 1.4315285314103603, 'w_vwap': 0.6593656830220634, 'w_orb': 1.9699675520813742, 'w_ofi': 0.36843139556415294, 'w_vol': 1.262487702174253, 'win_boll': 14, 'win_rsi': 7, 'win_mom': 7, 'win_vwap': 15, 'orb_opening_bars': 29, 'vol_window': 13}. Best is trial 868 with value: 0.384.
Trial 1141: ACCEPT (degrade -173.2%) - Eval: 0.138%, Val: 0.377%
[I 2025-10-25 04:42:36,247] Trial 1141 finished with value: 0.138 and parameters: {'w_boll': 0.25681929702089884, 'w_rsi': 0.29083690449739863, 'w_mom': 1.3461631528033549, 'w_vwap': 0.7507862620491849, 'w_orb': 1.9028152504963496, 'w_ofi': 0.4079596910025565, 'w_vol': 1.135578526810886, 'win_boll': 15, 'win_rsi': 5, 'win_mom': 7, 'win_vwap': 13, 'orb_opening_bars': 36, 'vol_window': 12}. Best is trial 868 with value: 0.384.
Trial 1142: ACCEPT (degrade 0.0%) - Eval: -0.020%, Val: 0.122%
[I 2025-10-25 04:42:36,980] Trial 1142 finished with value: -0.020000000000000007 and parameters: {'w_boll': 0.40128052213694576, 'w_rsi': 0.35422936252741266, 'w_mom': 1.414881488612064, 'w_vwap': 0.6874531550104332, 'w_orb': 1.999325260468022, 'w_ofi': 0.4852576681835871, 'w_vol': 1.2439613823362266, 'win_boll': 14, 'win_rsi': 7, 'win_mom': 8, 'win_vwap': 14, 'orb_opening_bars': 26, 'vol_window': 12}. Best is trial 868 with value: 0.384.
Trial 1143: ACCEPT (degrade 0.0%) - Eval: -0.184%, Val: 0.270%
[I 2025-10-25 04:42:37,732] Trial 1143 finished with value: -0.184 and parameters: {'w_boll': 0.3569585729061364, 'w_rsi': 0.2572625945834586, 'w_mom': 1.3730061796630066, 'w_vwap': 0.6060657102399901, 'w_orb': 1.8419632958237433, 'w_ofi': 0.4605228295438486, 'w_vol': 1.0529310854904834, 'win_boll': 16, 'win_rsi': 13, 'win_mom': 9, 'win_vwap': 17, 'orb_opening_bars': 30, 'vol_window': 13}. Best is trial 868 with value: 0.384.
Trial 1144: ACCEPT (degrade -279.5%) - Eval: 0.088%, Val: 0.334%
