[I 2025-10-25 04:29:32,443] Trial 113 finished with value: -0.082 and parameters: {'w_boll': 0.3098566170234739, 'w_rsi': 0.49024777101351846, 'w_mom': 1.4380479621103046, 'w_vwap': 1.2834006049967561, 'w_orb': 1.3700344528298773, 'w_ofi': 1.7444748749613477, 'w_vol': 1.9055961736306013, 'win_boll': 42, 'win_rsi': 7, 'win_mom': 7, 'win_vwap': 18, 'orb_opening_bars': 48, 'vol_window': 11}. Best is trial 112 with value: 0.33399999999999996.
Trial 114: ACCEPT (degrade 11.3%) - Eval: 0.186%, Val: 0.165%                                                                                      Best trial: 112. Best value: 0.334:   6%|▋         | 130/2000 [01:42<23:48,  1.31it/s]Best trial: 112. Best value: 0.334:   6%|▋         | 130/2000 [01:42<23:48,  1.31it/s]Best trial: 112. Best value: 0.334:   7%|▋         | 131/2000 [01:42<23:51,  1.31it/s]                                                                                      Best trial: 112. Best value: 0.334:   7%|▋         | 131/2000 [01:42<23:51,  1.31it/s]Best trial: 112. Best value: 0.334:   7%|▋         | 131/2000 [01:42<23:51,  1.31it/s]Best trial: 112. Best value: 0.334:   7%|▋         | 132/2000 [01:42<24:14,  1.28it/s]                                                                                      Best trial: 112. Best value: 0.334:   7%|▋         | 132/2000 [01:43<24:14,  1.28it/s]Best trial: 112. Best value: 0.334:   7%|▋         | 132/2000 [01:43<24:14,  1.28it/s]Best trial: 112. Best value: 0.334:   7%|▋         | 133/2000 [01:43<23:49,  1.31it/s]                                                                                      Best trial: 112. Best value: 0.334:   7%|▋         | 133/2000 [01:44<23:49,  1.31it/s]Best trial: 112. Best value: 0.334:   7%|▋         | 133/2000 [01:44<23:49,  1.31it/s]Best trial: 112. Best value: 0.334:   7%|▋         | 134/2000 [01:44<23:42,  1.31it/s]                                                                                      Best trial: 112. Best value: 0.334:   7%|▋         | 134/2000 [01:45<23:42,  1.31it/s]Best trial: 112. Best value: 0.334:   7%|▋         | 134/2000 [01:45<23:42,  1.31it/s]Best trial: 112. Best value: 0.334:   7%|▋         | 135/2000 [01:45<23:44,  1.31it/s]                                                                                      Best trial: 112. Best value: 0.334:   7%|▋         | 135/2000 [01:45<23:44,  1.31it/s]Best trial: 112. Best value: 0.334:   7%|▋         | 135/2000 [01:45<23:44,  1.31it/s]Best trial: 112. Best value: 0.334:   7%|▋         | 136/2000 [01:45<23:43,  1.31it/s]                                                                                      Best trial: 112. Best value: 0.334:   7%|▋         | 136/2000 [01:46<23:43,  1.31it/s]Best trial: 112. Best value: 0.334:   7%|▋         | 136/2000 [01:46<23:43,  1.31it/s]Best trial: 112. Best value: 0.334:   7%|▋         | 137/2000 [01:46<23:23,  1.33it/s]                                                                                      Best trial: 112. Best value: 0.334:   7%|▋         | 137/2000 [01:47<23:23,  1.33it/s]Best trial: 112. Best value: 0.334:   7%|▋         | 137/2000 [01:47<23:23,  1.33it/s]Best trial: 112. Best value: 0.334:   7%|▋         | 138/2000 [01:47<23:47,  1.30it/s]                                                                                      Best trial: 112. Best value: 0.334:   7%|▋         | 138/2000 [01:48<23:47,  1.30it/s]Best trial: 112. Best value: 0.334:   7%|▋         | 138/2000 [01:48<23:47,  1.30it/s]Best trial: 112. Best value: 0.334:   7%|▋         | 139/2000 [01:48<23:56,  1.30it/s]                                                                                      Best trial: 112. Best value: 0.334:   7%|▋         | 139/2000 [01:48<23:56,  1.30it/s]Best trial: 112. Best value: 0.334:   7%|▋         | 139/2000 [01:48<23:56,  1.30it/s]Best trial: 112. Best value: 0.334:   7%|▋         | 140/2000 [01:48<23:50,  1.30it/s]                                                                                      Best trial: 112. Best value: 0.334:   7%|▋         | 140/2000 [01:49<23:50,  1.30it/s]Best trial: 112. Best value: 0.334:   7%|▋         | 140/2000 [01:49<23:50,  1.30it/s]Best trial: 112. Best value: 0.334:   7%|▋         | 141/2000 [01:49<23:50,  1.30it/s]                                                                                      Best trial: 112. Best value: 0.334:   7%|▋         | 141/2000 [01:50<23:50,  1.30it/s]Best trial: 112. Best value: 0.334:   7%|▋         | 141/2000 [01:50<23:50,  1.30it/s]Best trial: 112. Best value: 0.334:   7%|▋         | 142/2000 [01:50<23:59,  1.29it/s]                                                                                      Best trial: 112. Best value: 0.334:   7%|▋         | 142/2000 [01:51<23:59,  1.29it/s]Best trial: 112. Best value: 0.334:   7%|▋         | 142/2000 [01:51<23:59,  1.29it/s]Best trial: 112. Best value: 0.334:   7%|▋         | 143/2000 [01:51<23:53,  1.30it/s]                                                                                      Best trial: 112. Best value: 0.334:   7%|▋         | 143/2000 [01:52<23:53,  1.30it/s]Best trial: 112. Best value: 0.334:   7%|▋         | 143/2000 [01:52<23:53,  1.30it/s]Best trial: 112. Best value: 0.334:   7%|▋         | 144/2000 [01:52<23:47,  1.30it/s]                                                                                      Best trial: 112. Best value: 0.334:   7%|▋         | 144/2000 [01:52<23:47,  1.30it/s]Best trial: 112. Best value: 0.334:   7%|▋         | 144/2000 [01:52<23:47,  1.30it/s]Best trial: 112. Best value: 0.334:   7%|▋         | 145/2000 [01:52<23:44,  1.30it/s]                                                                                      Best trial: 112. Best value: 0.334:   7%|▋         | 145/2000 [01:53<23:44,  1.30it/s]Best trial: 112. Best value: 0.334:   7%|▋         | 145/2000 [01:53<23:44,  1.30it/s]Best trial: 112. Best value: 0.334:   7%|▋         | 146/2000 [01:53<23:48,  1.30it/s]
[I 2025-10-25 04:29:33,228] Trial 114 finished with value: 0.18599999999999994 and parameters: {'w_boll': 0.37330913178395037, 'w_rsi': 0.38638478989512987, 'w_mom': 1.6288034524795147, 'w_vwap': 0.7721753774470752, 'w_orb': 1.28504277325948, 'w_ofi': 1.7261675908644853, 'w_vol': 1.2057824543459537, 'win_boll': 18, 'win_rsi': 6, 'win_mom': 5, 'win_vwap': 14, 'orb_opening_bars': 49, 'vol_window': 10}. Best is trial 112 with value: 0.33399999999999996.
Trial 115: ACCEPT (degrade -50.0%) - Eval: 0.102%, Val: 0.153%
[I 2025-10-25 04:29:33,965] Trial 115 finished with value: 0.10200000000000001 and parameters: {'w_boll': 0.35507431444984183, 'w_rsi': 0.3885921730967369, 'w_mom': 1.630869750750587, 'w_vwap': 0.8675667664104888, 'w_orb': 1.3378349178581113, 'w_ofi': 1.5703986708188749, 'w_vol': 1.1755262781609868, 'win_boll': 18, 'win_rsi': 6, 'win_mom': 5, 'win_vwap': 12, 'orb_opening_bars': 49, 'vol_window': 12}. Best is trial 112 with value: 0.33399999999999996.
Trial 116: ACCEPT (degrade -2333.3%) - Eval: 0.006%, Val: 0.146%
[I 2025-10-25 04:29:34,726] Trial 116 finished with value: 0.005999999999999989 and parameters: {'w_boll': 0.3689762703313749, 'w_rsi': 0.4306296877445787, 'w_mom': 1.6839699207947811, 'w_vwap': 0.8173177646639229, 'w_orb': 1.2917399763896944, 'w_ofi': 1.5777805507363898, 'w_vol': 1.0759501294851659, 'win_boll': 18, 'win_rsi': 5, 'win_mom': 5, 'win_vwap': 42, 'orb_opening_bars': 49, 'vol_window': 12}. Best is trial 112 with value: 0.33399999999999996.
Trial 117: REJECT (overfit 43.3%) - Eval: 0.134%, Val: 0.076%
[I 2025-10-25 04:29:35,538] Trial 117 finished with value: -999.0 and parameters: {'w_boll': 0.2668146011828781, 'w_rsi': 0.38915045148919636, 'w_mom': 1.5533302746239206, 'w_vwap': 0.6109115059994733, 'w_orb': 1.3303121448981008, 'w_ofi': 1.3291579783609413, 'w_vol': 1.172999347738752, 'win_boll': 14, 'win_rsi': 6, 'win_mom': 6, 'win_vwap': 10, 'orb_opening_bars': 50, 'vol_window': 10}. Best is trial 112 with value: 0.33399999999999996.
Trial 118: ACCEPT (degrade -105.6%) - Eval: 0.162%, Val: 0.333%
[I 2025-10-25 04:29:36,303] Trial 118 finished with value: 0.16199999999999998 and parameters: {'w_boll': 0.4885464492018903, 'w_rsi': 0.4283962917482199, 'w_mom': 1.7722794181804702, 'w_vwap': 0.8867675150293517, 'w_orb': 1.58577589396781, 'w_ofi': 1.5288442608058967, 'w_vol': 1.2311685625884057, 'win_boll': 18, 'win_rsi': 6, 'win_mom': 6, 'win_vwap': 12, 'orb_opening_bars': 48, 'vol_window': 12}. Best is trial 112 with value: 0.33399999999999996.
Trial 119: ACCEPT (degrade 0.0%) - Eval: -0.088%, Val: 0.227%
[I 2025-10-25 04:29:37,040] Trial 119 finished with value: -0.08800000000000001 and parameters: {'w_boll': 0.17124707831763109, 'w_rsi': 0.45381653561615304, 'w_mom': 1.7593215939854245, 'w_vwap': 0.9088996312895923, 'w_orb': 1.7407659593151337, 'w_ofi': 1.5149272184925762, 'w_vol': 1.2271907890788585, 'win_boll': 16, 'win_rsi': 5, 'win_mom': 8, 'win_vwap': 12, 'orb_opening_bars': 48, 'vol_window': 12}. Best is trial 112 with value: 0.33399999999999996.
Trial 120: ACCEPT (degrade -241.7%) - Eval: 0.120%, Val: 0.410%
[I 2025-10-25 04:29:37,807] Trial 120 finished with value: 0.12000000000000002 and parameters: {'w_boll': 0.3823063488724757, 'w_rsi': 0.41433389536458975, 'w_mom': 0.24184084605043707, 'w_vwap': 0.8040821220183266, 'w_orb': 1.621378435478272, 'w_ofi': 1.7158252693826104, 'w_vol': 1.2088214927098702, 'win_boll': 17, 'win_rsi': 7, 'win_mom': 6, 'win_vwap': 11, 'orb_opening_bars': 49, 'vol_window': 11}. Best is trial 112 with value: 0.33399999999999996.
Trial 121: ACCEPT (degrade 0.0%) - Eval: -0.132%, Val: 0.298%
[I 2025-10-25 04:29:38,589] Trial 121 finished with value: -0.13200000000000003 and parameters: {'w_boll': 0.5017490066010358, 'w_rsi': 0.39457532498195597, 'w_mom': 0.22766823120822208, 'w_vwap': 0.774256157782526, 'w_orb': 1.5890877238778691, 'w_ofi': 1.7092802795067903, 'w_vol': 1.1313209585924937, 'win_boll': 18, 'win_rsi': 7, 'win_mom': 6, 'win_vwap': 11, 'orb_opening_bars': 49, 'vol_window': 11}. Best is trial 112 with value: 0.33399999999999996.
Trial 122: REJECT (overfit 3350.0%) - Eval: 0.004%, Val: -0.130%
[I 2025-10-25 04:29:39,370] Trial 122 finished with value: -999.0 and parameters: {'w_boll': 0.3982221950647292, 'w_rsi': 0.3377682253035617, 'w_mom': 0.19168052816200243, 'w_vwap': 0.8171934116628924, 'w_orb': 1.6822665450618786, 'w_ofi': 1.799324619177566, 'w_vol': 1.2922243584967503, 'win_boll': 17, 'win_rsi': 7, 'win_mom': 6, 'win_vwap': 13, 'orb_opening_bars': 47, 'vol_window': 10}. Best is trial 112 with value: 0.33399999999999996.
Trial 123: ACCEPT (degrade -75.0%) - Eval: 0.012%, Val: 0.021%
[I 2025-10-25 04:29:40,129] Trial 123 finished with value: 0.011999999999999988 and parameters: {'w_boll': 0.20205228566701555, 'w_rsi': 0.5425176620299028, 'w_mom': 0.30512988452367035, 'w_vwap': 0.8653249004031361, 'w_orb': 1.7716762467178462, 'w_ofi': 1.634013529632306, 'w_vol': 1.1843018703187944, 'win_boll': 19, 'win_rsi': 6, 'win_mom': 7, 'win_vwap': 12, 'orb_opening_bars': 46, 'vol_window': 12}. Best is trial 112 with value: 0.33399999999999996.
Trial 124: ACCEPT (degrade -110.3%) - Eval: 0.116%, Val: 0.244%
[I 2025-10-25 04:29:40,867] Trial 124 finished with value: 0.11599999999999999 and parameters: {'w_boll': 0.3612742316055949, 'w_rsi': 0.4044384300444104, 'w_mom': 0.26203778446798176, 'w_vwap': 0.9897932570502086, 'w_orb': 1.535636506311364, 'w_ofi': 1.7298828376893325, 'w_vol': 1.2177069845320194, 'win_boll': 21, 'win_rsi': 6, 'win_mom': 4, 'win_vwap': 10, 'orb_opening_bars': 48, 'vol_window': 13}. Best is trial 112 with value: 0.33399999999999996.
Trial 125: ACCEPT (degrade -552.0%) - Eval: 0.050%, Val: 0.326%
[I 2025-10-25 04:29:41,649] Trial 125 finished with value: 0.04999999999999999 and parameters: {'w_boll': 0.4840091436577246, 'w_rsi': 0.48241963848470015, 'w_mom': 0.3311858069339638, 'w_vwap': 0.9856012268131812, 'w_orb': 1.8327085314306093, 'w_ofi': 1.7288542670296816, 'w_vol': 1.2046508420206068, 'win_boll': 20, 'win_rsi': 8, 'win_mom': 4, 'win_vwap': 10, 'orb_opening_bars': 50, 'vol_window': 14}. Best is trial 112 with value: 0.33399999999999996.
Trial 126: REJECT (overfit 20.5%) - Eval: 0.346%, Val: 0.275%
[I 2025-10-25 04:29:42,410] Trial 126 finished with value: -999.0 and parameters: {'w_boll': 0.3574400126027024, 'w_rsi': 0.4392904356880783, 'w_mom': 0.253648489212142, 'w_vwap': 0.7010591944991734, 'w_orb': 1.6291231227506546, 'w_ofi': 1.7775904394842474, 'w_vol': 1.266522407625803, 'win_boll': 15, 'win_rsi': 7, 'win_mom': 5, 'win_vwap': 37, 'orb_opening_bars': 49, 'vol_window': 13}. Best is trial 112 with value: 0.33399999999999996.
Trial 127: ACCEPT (degrade 0.0%) - Eval: -0.018%, Val: 0.267%
[I 2025-10-25 04:29:43,176] Trial 127 finished with value: -0.018000000000000006 and parameters: {'w_boll': 0.2976540108255884, 'w_rsi': 0.3057806075123582, 'w_mom': 0.415754323467577, 'w_vwap': 0.9054404872487415, 'w_orb': 1.480248981533862, 'w_ofi': 1.9612838113235762, 'w_vol': 1.3492290261768265, 'win_boll': 21, 'win_rsi': 5, 'win_mom': 4, 'win_vwap': 11, 'orb_opening_bars': 48, 'vol_window': 11}. Best is trial 112 with value: 0.33399999999999996.
Trial 128: ACCEPT (degrade -10.6%) - Eval: 0.094%, Val: 0.104%
[I 2025-10-25 04:29:43,910] Trial 128 finished with value: 0.094 and parameters: {'w_boll': 0.42825570856158063, 'w_rsi': 0.720218458837415, 'w_mom': 0.1251677809883926, 'w_vwap': 0.7772245553724418, 'w_orb': 1.5715251449393166, 'w_ofi': 1.5466072696546045, 'w_vol': 1.9446527837704806, 'win_boll': 22, 'win_rsi': 6, 'win_mom': 6, 'win_vwap': 10, 'orb_opening_bars': 47, 'vol_window': 10}. Best is trial 112 with value: 0.33399999999999996.
Trial 129: ACCEPT (degrade 0.0%) - Eval: -0.054%, Val: 0.290%
[I 2025-10-25 04:29:44,693] Trial 129 finished with value: -0.05400000000000001 and parameters: {'w_boll': 0.37773658969544094, 'w_rsi': 0.7523551241659991, 'w_mom': 0.26076488110341417, 'w_vwap': 0.7972460483471707, 'w_orb': 1.5665400444478614, 'w_ofi': 1.5429888983922835, 'w_vol': 1.935460141325561, 'win_boll': 23, 'win_rsi': 8, 'win_mom': 6, 'win_vwap': 10, 'orb_opening_bars': 48, 'vol_window': 13}. Best is trial 112 with value: 0.33399999999999996.
Trial 130: ACCEPT (degrade -14.3%) - Eval: 0.140%, Val: 0.160%                                                                                      Best trial: 112. Best value: 0.334:   7%|▋         | 146/2000 [01:54<23:48,  1.30it/s]Best trial: 112. Best value: 0.334:   7%|▋         | 146/2000 [01:54<23:48,  1.30it/s]Best trial: 112. Best value: 0.334:   7%|▋         | 147/2000 [01:54<23:55,  1.29it/s]                                                                                      Best trial: 112. Best value: 0.334:   7%|▋         | 147/2000 [01:55<23:55,  1.29it/s]Best trial: 112. Best value: 0.334:   7%|▋         | 147/2000 [01:55<23:55,  1.29it/s]Best trial: 112. Best value: 0.334:   7%|▋         | 148/2000 [01:55<23:49,  1.30it/s]                                                                                      Best trial: 112. Best value: 0.334:   7%|▋         | 148/2000 [01:55<23:49,  1.30it/s]Best trial: 112. Best value: 0.334:   7%|▋         | 148/2000 [01:55<23:49,  1.30it/s]Best trial: 112. Best value: 0.334:   7%|▋         | 149/2000 [01:55<23:50,  1.29it/s]                                                                                      Best trial: 112. Best value: 0.334:   7%|▋         | 149/2000 [01:56<23:50,  1.29it/s]Best trial: 112. Best value: 0.334:   7%|▋         | 149/2000 [01:56<23:50,  1.29it/s]Best trial: 112. Best value: 0.334:   8%|▊         | 150/2000 [01:56<25:48,  1.20it/s]                                                                                      Best trial: 112. Best value: 0.334:   8%|▊         | 150/2000 [01:57<25:48,  1.20it/s]Best trial: 112. Best value: 0.334:   8%|▊         | 150/2000 [01:57<25:48,  1.20it/s]Best trial: 112. Best value: 0.334:   8%|▊         | 151/2000 [01:57<24:49,  1.24it/s]                                                                                      Best trial: 112. Best value: 0.334:   8%|▊         | 151/2000 [01:58<24:49,  1.24it/s]Best trial: 112. Best value: 0.334:   8%|▊         | 151/2000 [01:58<24:49,  1.24it/s]Best trial: 112. Best value: 0.334:   8%|▊         | 152/2000 [01:58<24:21,  1.26it/s]                                                                                      Best trial: 112. Best value: 0.334:   8%|▊         | 152/2000 [01:59<24:21,  1.26it/s]Best trial: 112. Best value: 0.334:   8%|▊         | 152/2000 [01:59<24:21,  1.26it/s]Best trial: 112. Best value: 0.334:   8%|▊         | 153/2000 [01:59<23:56,  1.29it/s]                                                                                      Best trial: 112. Best value: 0.334:   8%|▊         | 153/2000 [01:59<23:56,  1.29it/s]Best trial: 112. Best value: 0.334:   8%|▊         | 153/2000 [01:59<23:56,  1.29it/s]Best trial: 112. Best value: 0.334:   8%|▊         | 154/2000 [01:59<24:02,  1.28it/s]                                                                                      Best trial: 112. Best value: 0.334:   8%|▊         | 154/2000 [02:00<24:02,  1.28it/s]Best trial: 112. Best value: 0.334:   8%|▊         | 154/2000 [02:00<24:02,  1.28it/s]Best trial: 112. Best value: 0.334:   8%|▊         | 155/2000 [02:00<24:00,  1.28it/s]                                                                                      Best trial: 112. Best value: 0.334:   8%|▊         | 155/2000 [02:01<24:00,  1.28it/s]Best trial: 112. Best value: 0.334:   8%|▊         | 155/2000 [02:01<24:00,  1.28it/s]Best trial: 112. Best value: 0.334:   8%|▊         | 156/2000 [02:01<23:32,  1.31it/s]                                                                                      Best trial: 112. Best value: 0.334:   8%|▊         | 156/2000 [02:02<23:32,  1.31it/s]Best trial: 112. Best value: 0.334:   8%|▊         | 156/2000 [02:02<23:32,  1.31it/s]Best trial: 112. Best value: 0.334:   8%|▊         | 157/2000 [02:02<23:32,  1.31it/s]                                                                                      Best trial: 112. Best value: 0.334:   8%|▊         | 157/2000 [02:03<23:32,  1.31it/s]Best trial: 112. Best value: 0.334:   8%|▊         | 157/2000 [02:03<23:32,  1.31it/s]Best trial: 112. Best value: 0.334:   8%|▊         | 158/2000 [02:03<24:15,  1.27it/s]                                                                                      Best trial: 112. Best value: 0.334:   8%|▊         | 158/2000 [02:03<24:15,  1.27it/s]Best trial: 112. Best value: 0.334:   8%|▊         | 158/2000 [02:03<24:15,  1.27it/s]Best trial: 112. Best value: 0.334:   8%|▊         | 159/2000 [02:03<24:00,  1.28it/s]                                                                                      Best trial: 112. Best value: 0.334:   8%|▊         | 159/2000 [02:04<24:00,  1.28it/s]Best trial: 112. Best value: 0.334:   8%|▊         | 159/2000 [02:04<24:00,  1.28it/s]Best trial: 112. Best value: 0.334:   8%|▊         | 160/2000 [02:04<23:34,  1.30it/s]                                                                                      Best trial: 112. Best value: 0.334:   8%|▊         | 160/2000 [02:05<23:34,  1.30it/s]Best trial: 112. Best value: 0.334:   8%|▊         | 160/2000 [02:05<23:34,  1.30it/s]Best trial: 112. Best value: 0.334:   8%|▊         | 161/2000 [02:05<23:28,  1.31it/s]                                                                                      Best trial: 112. Best value: 0.334:   8%|▊         | 161/2000 [02:06<23:28,  1.31it/s]Best trial: 112. Best value: 0.334:   8%|▊         | 161/2000 [02:06<23:28,  1.31it/s]Best trial: 112. Best value: 0.334:   8%|▊         | 162/2000 [02:06<23:48,  1.29it/s]
[I 2025-10-25 04:29:45,463] Trial 130 finished with value: 0.13999999999999999 and parameters: {'w_boll': 0.4503848257880389, 'w_rsi': 0.5888958139203178, 'w_mom': 0.1308504416241884, 'w_vwap': 0.8704525770673688, 'w_orb': 1.5569192946918249, 'w_ofi': 1.5897586082224762, 'w_vol': 1.8549410572327645, 'win_boll': 22, 'win_rsi': 7, 'win_mom': 3, 'win_vwap': 11, 'orb_opening_bars': 50, 'vol_window': 10}. Best is trial 112 with value: 0.33399999999999996.
Trial 131: ACCEPT (degrade -317.4%) - Eval: 0.046%, Val: 0.192%
[I 2025-10-25 04:29:46,272] Trial 131 finished with value: 0.046 and parameters: {'w_boll': 0.43917355857299295, 'w_rsi': 0.7310816413439186, 'w_mom': 0.14413992614498009, 'w_vwap': 0.853627508591417, 'w_orb': 1.628988465137453, 'w_ofi': 1.5868716404894134, 'w_vol': 1.9679724443663211, 'win_boll': 21, 'win_rsi': 7, 'win_mom': 3, 'win_vwap': 11, 'orb_opening_bars': 50, 'vol_window': 11}. Best is trial 112 with value: 0.33399999999999996.
Trial 132: ACCEPT (degrade 0.0%) - Eval: -0.116%, Val: 0.143%
[I 2025-10-25 04:29:47,007] Trial 132 finished with value: -0.11599999999999999 and parameters: {'w_boll': 0.4673249861955807, 'w_rsi': 0.5867383860965003, 'w_mom': 0.10216213220256776, 'w_vwap': 0.9538421598418666, 'w_orb': 1.442791045575924, 'w_ofi': 1.4465301940670452, 'w_vol': 1.0552564693307036, 'win_boll': 22, 'win_rsi': 6, 'win_mom': 3, 'win_vwap': 10, 'orb_opening_bars': 49, 'vol_window': 10}. Best is trial 112 with value: 0.33399999999999996.
Trial 133: ACCEPT (degrade -62.9%) - Eval: 0.194%, Val: 0.316%
[I 2025-10-25 04:29:47,761] Trial 133 finished with value: 0.19399999999999998 and parameters: {'w_boll': 0.41629040875046397, 'w_rsi': 0.5394993548408245, 'w_mom': 0.13845773973720613, 'w_vwap': 0.6287826206836196, 'w_orb': 1.554117268299679, 'w_ofi': 1.6595509643979618, 'w_vol': 1.8282015671644707, 'win_boll': 20, 'win_rsi': 7, 'win_mom': 4, 'win_vwap': 12, 'orb_opening_bars': 47, 'vol_window': 12}. Best is trial 112 with value: 0.33399999999999996.
Trial 134: ACCEPT (degrade -243.2%) - Eval: 0.146%, Val: 0.501%
