[I 2025-10-25 04:29:10,103] Trial 85 finished with value: -999.0 and parameters: {'w_boll': 0.3365946577187473, 'w_rsi': 0.645873514886693, 'w_mom': 0.4624674769462752, 'w_vwap': 1.7453143349255524, 'w_orb': 1.2615627871607846, 'w_ofi': 1.8538637924428183, 'w_vol': 1.7530772894509992, 'win_boll': 29, 'win_rsi': 6, 'win_mom': 9, 'win_vwap': 11, 'orb_opening_bars': 43, 'vol_window': 14}. Best is trial 31 with value: 0.11199999999999999.
Trial 86: ACCEPT (degrade 0.0%) - Eval: -0.122%, Val: 0.141%
[I 2025-10-25 04:29:10,851] Trial 86 finished with value: -0.12200000000000003 and parameters: {'w_boll': 0.1355145604359813, 'w_rsi': 0.8086890004840301, 'w_mom': 1.5097793862190685, 'w_vwap': 1.8726528027125324, 'w_orb': 1.122215012181801, 'w_ofi': 1.7186414659601583, 'w_vol': 0.9632846824495457, 'win_boll': 26, 'win_rsi': 8, 'win_mom': 5, 'win_vwap': 13, 'orb_opening_bars': 45, 'vol_window': 20}. Best is trial 31 with value: 0.11199999999999999.
Trial 87: ACCEPT (degrade 0.0%) - Eval: -0.262%, Val: 0.390%
[I 2025-10-25 04:29:11,662] Trial 87 finished with value: -0.262 and parameters: {'w_boll': 0.4100428377908071, 'w_rsi': 0.1877973712458439, 'w_mom': 1.1784325706558647, 'w_vwap': 1.5022575615977545, 'w_orb': 1.454377693225579, 'w_ofi': 1.5574814937402524, 'w_vol': 1.7082088288064234, 'win_boll': 28, 'win_rsi': 11, 'win_mom': 8, 'win_vwap': 12, 'orb_opening_bars': 38, 'vol_window': 19}. Best is trial 31 with value: 0.11199999999999999.
Trial 88: ACCEPT (degrade 0.0%) - Eval: -0.050%, Val: 0.228%
[I 2025-10-25 04:29:12,454] Trial 88 finished with value: -0.049999999999999996 and parameters: {'w_boll': 0.2875638437534297, 'w_rsi': 0.25857487439862736, 'w_mom': 1.380112416189196, 'w_vwap': 1.6638331537949058, 'w_orb': 1.351795373421679, 'w_ofi': 1.8019439130720218, 'w_vol': 1.3684566279649362, 'win_boll': 20, 'win_rsi': 8, 'win_mom': 6, 'win_vwap': 10, 'orb_opening_bars': 36, 'vol_window': 13}. Best is trial 31 with value: 0.11199999999999999.
Trial 89: ACCEPT (degrade 0.0%) - Eval: -0.254%, Val: 0.212%
[I 2025-10-25 04:29:13,217] Trial 89 finished with value: -0.254 and parameters: {'w_boll': 0.7307129633310192, 'w_rsi': 0.1186206106592935, 'w_mom': 0.34488066817638324, 'w_vwap': 0.6111844434288288, 'w_orb': 1.8861622789538715, 'w_ofi': 1.4700337285646539, 'w_vol': 1.2441880052781127, 'win_boll': 32, 'win_rsi': 5, 'win_mom': 7, 'win_vwap': 16, 'orb_opening_bars': 50, 'vol_window': 23}. Best is trial 31 with value: 0.11199999999999999.
Trial 90: ACCEPT (degrade 0.0%) - Eval: -0.268%, Val: 0.253%
[I 2025-10-25 04:29:13,957] Trial 90 finished with value: -0.26799999999999996 and parameters: {'w_boll': 0.5415169407274849, 'w_rsi': 0.42881709015680725, 'w_mom': 1.6035751684292716, 'w_vwap': 1.9961148201073755, 'w_orb': 1.0726550987313446, 'w_ofi': 1.6927874504729026, 'w_vol': 1.646968932888976, 'win_boll': 27, 'win_rsi': 9, 'win_mom': 3, 'win_vwap': 14, 'orb_opening_bars': 44, 'vol_window': 21}. Best is trial 31 with value: 0.11199999999999999.
Trial 91: ACCEPT (degrade -166.9%) - Eval: 0.118%, Val: 0.315%
[I 2025-10-25 04:29:14,725] Trial 91 finished with value: 0.11799999999999997 and parameters: {'w_boll': 0.45392330601212394, 'w_rsi': 0.3519195271558483, 'w_mom': 0.13414976826463237, 'w_vwap': 0.4753167588013065, 'w_orb': 1.2031543017268786, 'w_ofi': 0.9659508354925164, 'w_vol': 0.5726908457095577, 'win_boll': 38, 'win_rsi': 7, 'win_mom': 8, 'win_vwap': 24, 'orb_opening_bars': 28, 'vol_window': 50}. Best is trial 91 with value: 0.11799999999999997.
Trial 92: ACCEPT (degrade 0.0%) - Eval: -0.302%, Val: 0.316%
[I 2025-10-25 04:29:15,518] Trial 92 finished with value: -0.30199999999999994 and parameters: {'w_boll': 0.6309102868918056, 'w_rsi': 0.3336416857848934, 'w_mom': 0.11648285239250272, 'w_vwap': 0.8629525851138411, 'w_orb': 1.217682227106125, 'w_ofi': 1.052971245882626, 'w_vol': 0.5401658707580902, 'win_boll': 31, 'win_rsi': 7, 'win_mom': 8, 'win_vwap': 24, 'orb_opening_bars': 28, 'vol_window': 15}. Best is trial 91 with value: 0.11799999999999997.
Trial 93: ACCEPT (degrade 0.0%) - Eval: -0.112%, Val: 0.280%
[I 2025-10-25 04:29:16,308] Trial 93 finished with value: -0.11199999999999999 and parameters: {'w_boll': 0.44698008308694803, 'w_rsi': 0.29007008083643365, 'w_mom': 0.835992080074991, 'w_vwap': 0.2927404007118829, 'w_orb': 1.297803805666795, 'w_ofi': 0.7042859943706665, 'w_vol': 0.42645925270171015, 'win_boll': 45, 'win_rsi': 6, 'win_mom': 7, 'win_vwap': 19, 'orb_opening_bars': 49, 'vol_window': 41}. Best is trial 91 with value: 0.11799999999999997.
Trial 94: ACCEPT (degrade 0.0%) - Eval: -0.036%, Val: 0.372%
[I 2025-10-25 04:29:17,126] Trial 94 finished with value: -0.03599999999999996 and parameters: {'w_boll': 0.2404902581792755, 'w_rsi': 0.6290091335605765, 'w_mom': 0.21100015225666274, 'w_vwap': 1.1711698287367118, 'w_orb': 1.2583627402350321, 'w_ofi': 0.9539965066750832, 'w_vol': 1.0275063513657234, 'win_boll': 40, 'win_rsi': 10, 'win_mom': 6, 'win_vwap': 26, 'orb_opening_bars': 34, 'vol_window': 34}. Best is trial 91 with value: 0.11799999999999997.
Trial 95: ACCEPT (degrade 0.0%) - Eval: -0.176%, Val: -0.024%
[I 2025-10-25 04:29:17,857] Trial 95 finished with value: -0.17600000000000002 and parameters: {'w_boll': 0.805180645935758, 'w_rsi': 0.22819251800967885, 'w_mom': 0.2808783052683498, 'w_vwap': 0.4131992210315011, 'w_orb': 1.1505491190617814, 'w_ofi': 0.8138881445565092, 'w_vol': 1.4603370370061761, 'win_boll': 15, 'win_rsi': 8, 'win_mom': 4, 'win_vwap': 21, 'orb_opening_bars': 32, 'vol_window': 18}. Best is trial 91 with value: 0.11799999999999997.
Trial 96: ACCEPT (degrade -2416.7%) - Eval: 0.012%, Val: 0.302%
[I 2025-10-25 04:29:18,625] Trial 96 finished with value: 0.012000000000000018 and parameters: {'w_boll': 0.3407984309369533, 'w_rsi': 1.064981193663959, 'w_mom': 0.15614578500812257, 'w_vwap': 0.11163323346998669, 'w_orb': 1.4009719544743553, 'w_ofi': 0.9190605435113972, 'w_vol': 0.8920130826664909, 'win_boll': 25, 'win_rsi': 7, 'win_mom': 11, 'win_vwap': 11, 'orb_opening_bars': 22, 'vol_window': 44}. Best is trial 91 with value: 0.11799999999999997.
Trial 97: ACCEPT (degrade 0.0%) - Eval: -0.116%, Val: 0.199%
[I 2025-10-25 04:29:19,389] Trial 97 finished with value: -0.11599999999999999 and parameters: {'w_boll': 0.3626316424144377, 'w_rsi': 0.5174249711082931, 'w_mom': 1.2272669533449867, 'w_vwap': 1.4452725661147519, 'w_orb': 1.1882288444597833, 'w_ofi': 1.1514656570406951, 'w_vol': 0.7575030818044741, 'win_boll': 30, 'win_rsi': 9, 'win_mom': 8, 'win_vwap': 33, 'orb_opening_bars': 30, 'vol_window': 50}. Best is trial 91 with value: 0.11799999999999997.                                                                                      Best trial: 112. Best value: 0.334:   6%|▌         | 114/2000 [01:29<27:51,  1.13it/s]Best trial: 112. Best value: 0.334:   6%|▌         | 114/2000 [01:29<27:51,  1.13it/s]Best trial: 112. Best value: 0.334:   6%|▌         | 115/2000 [01:29<26:52,  1.17it/s]                                                                                      Best trial: 112. Best value: 0.334:   6%|▌         | 115/2000 [01:30<26:52,  1.17it/s]Best trial: 112. Best value: 0.334:   6%|▌         | 115/2000 [01:30<26:52,  1.17it/s]Best trial: 112. Best value: 0.334:   6%|▌         | 116/2000 [01:30<25:44,  1.22it/s]                                                                                      Best trial: 112. Best value: 0.334:   6%|▌         | 116/2000 [01:31<25:44,  1.22it/s]Best trial: 112. Best value: 0.334:   6%|▌         | 116/2000 [01:31<25:44,  1.22it/s]Best trial: 112. Best value: 0.334:   6%|▌         | 117/2000 [01:31<25:10,  1.25it/s]                                                                                      Best trial: 112. Best value: 0.334:   6%|▌         | 117/2000 [01:32<25:10,  1.25it/s]Best trial: 112. Best value: 0.334:   6%|▌         | 117/2000 [01:32<25:10,  1.25it/s]Best trial: 112. Best value: 0.334:   6%|▌         | 118/2000 [01:32<25:15,  1.24it/s]                                                                                      Best trial: 112. Best value: 0.334:   6%|▌         | 118/2000 [01:32<25:15,  1.24it/s]Best trial: 112. Best value: 0.334:   6%|▌         | 118/2000 [01:32<25:15,  1.24it/s]Best trial: 112. Best value: 0.334:   6%|▌         | 119/2000 [01:32<24:52,  1.26it/s]                                                                                      Best trial: 112. Best value: 0.334:   6%|▌         | 119/2000 [01:33<24:52,  1.26it/s]Best trial: 112. Best value: 0.334:   6%|▌         | 119/2000 [01:33<24:52,  1.26it/s]Best trial: 112. Best value: 0.334:   6%|▌         | 120/2000 [01:33<24:19,  1.29it/s]                                                                                      Best trial: 112. Best value: 0.334:   6%|▌         | 120/2000 [01:34<24:19,  1.29it/s]Best trial: 112. Best value: 0.334:   6%|▌         | 120/2000 [01:34<24:19,  1.29it/s]Best trial: 112. Best value: 0.334:   6%|▌         | 121/2000 [01:34<24:13,  1.29it/s]                                                                                      Best trial: 112. Best value: 0.334:   6%|▌         | 121/2000 [01:35<24:13,  1.29it/s]Best trial: 112. Best value: 0.334:   6%|▌         | 121/2000 [01:35<24:13,  1.29it/s]Best trial: 112. Best value: 0.334:   6%|▌         | 122/2000 [01:35<24:17,  1.29it/s]                                                                                      Best trial: 112. Best value: 0.334:   6%|▌         | 122/2000 [01:35<24:17,  1.29it/s]Best trial: 112. Best value: 0.334:   6%|▌         | 122/2000 [01:35<24:17,  1.29it/s]Best trial: 112. Best value: 0.334:   6%|▌         | 123/2000 [01:35<24:19,  1.29it/s]                                                                                      Best trial: 112. Best value: 0.334:   6%|▌         | 123/2000 [01:36<24:19,  1.29it/s]Best trial: 112. Best value: 0.334:   6%|▌         | 123/2000 [01:36<24:19,  1.29it/s]Best trial: 112. Best value: 0.334:   6%|▌         | 124/2000 [01:36<24:08,  1.30it/s]                                                                                      Best trial: 112. Best value: 0.334:   6%|▌         | 124/2000 [01:37<24:08,  1.30it/s]Best trial: 112. Best value: 0.334:   6%|▌         | 124/2000 [01:37<24:08,  1.30it/s]Best trial: 112. Best value: 0.334:   6%|▋         | 125/2000 [01:37<23:48,  1.31it/s]                                                                                      Best trial: 112. Best value: 0.334:   6%|▋         | 125/2000 [01:38<23:48,  1.31it/s]Best trial: 112. Best value: 0.334:   6%|▋         | 125/2000 [01:38<23:48,  1.31it/s]Best trial: 112. Best value: 0.334:   6%|▋         | 126/2000 [01:38<23:59,  1.30it/s]                                                                                      Best trial: 112. Best value: 0.334:   6%|▋         | 126/2000 [01:39<23:59,  1.30it/s]Best trial: 112. Best value: 0.334:   6%|▋         | 126/2000 [01:39<23:59,  1.30it/s]Best trial: 112. Best value: 0.334:   6%|▋         | 127/2000 [01:39<23:54,  1.31it/s]                                                                                      Best trial: 112. Best value: 0.334:   6%|▋         | 127/2000 [01:39<23:54,  1.31it/s]Best trial: 112. Best value: 0.334:   6%|▋         | 127/2000 [01:39<23:54,  1.31it/s]Best trial: 112. Best value: 0.334:   6%|▋         | 128/2000 [01:39<23:53,  1.31it/s]                                                                                      Best trial: 112. Best value: 0.334:   6%|▋         | 128/2000 [01:40<23:53,  1.31it/s]Best trial: 112. Best value: 0.334:   6%|▋         | 128/2000 [01:40<23:53,  1.31it/s]Best trial: 112. Best value: 0.334:   6%|▋         | 129/2000 [01:40<23:35,  1.32it/s]                                                                                      Best trial: 112. Best value: 0.334:   6%|▋         | 129/2000 [01:41<23:35,  1.32it/s]Best trial: 112. Best value: 0.334:   6%|▋         | 129/2000 [01:41<23:35,  1.32it/s]Best trial: 112. Best value: 0.334:   6%|▋         | 130/2000 [01:41<23:48,  1.31it/s]
Trial 98: ACCEPT (degrade -231.7%) - Eval: 0.060%, Val: 0.199%
[I 2025-10-25 04:29:20,159] Trial 98 finished with value: 0.06000000000000001 and parameters: {'w_boll': 0.16643568910924084, 'w_rsi': 0.3880961651008522, 'w_mom': 1.665618767421199, 'w_vwap': 1.363138217632205, 'w_orb': 1.5261596537922066, 'w_ofi': 1.6183265071620767, 'w_vol': 0.3358491734862393, 'win_boll': 38, 'win_rsi': 6, 'win_mom': 7, 'win_vwap': 14, 'orb_opening_bars': 42, 'vol_window': 36}. Best is trial 91 with value: 0.11799999999999997.
Trial 99: ACCEPT (degrade 0.0%) - Eval: -0.166%, Val: 0.223%
[I 2025-10-25 04:29:20,898] Trial 99 finished with value: -0.16599999999999998 and parameters: {'w_boll': 0.15480244719096836, 'w_rsi': 0.3810237797438227, 'w_mom': 1.6567836919391483, 'w_vwap': 1.330922919415469, 'w_orb': 1.5248485668590412, 'w_ofi': 1.9344786965005016, 'w_vol': 0.28086262766120595, 'win_boll': 37, 'win_rsi': 5, 'win_mom': 9, 'win_vwap': 17, 'orb_opening_bars': 41, 'vol_window': 36}. Best is trial 91 with value: 0.11799999999999997.
Trial 100: ACCEPT (degrade -635.4%) - Eval: 0.048%, Val: 0.353%
[I 2025-10-25 04:29:21,656] Trial 100 finished with value: 0.04800000000000002 and parameters: {'w_boll': 0.4436045584513276, 'w_rsi': 0.14264068295651977, 'w_mom': 1.715070026984658, 'w_vwap': 1.2576143513844802, 'w_orb': 1.024603007852155, 'w_ofi': 1.3546663804538799, 'w_vol': 0.5483204736548596, 'win_boll': 36, 'win_rsi': 6, 'win_mom': 5, 'win_vwap': 15, 'orb_opening_bars': 40, 'vol_window': 30}. Best is trial 91 with value: 0.11799999999999997.
Trial 101: ACCEPT (degrade 0.0%) - Eval: -0.102%, Val: 0.202%
[I 2025-10-25 04:29:22,446] Trial 101 finished with value: -0.10200000000000001 and parameters: {'w_boll': 0.30262640562107024, 'w_rsi': 0.14626590368166184, 'w_mom': 1.719537380377804, 'w_vwap': 1.2499037479430672, 'w_orb': 0.9065774414381019, 'w_ofi': 1.627776672919783, 'w_vol': 0.3842092537455846, 'win_boll': 38, 'win_rsi': 6, 'win_mom': 5, 'win_vwap': 15, 'orb_opening_bars': 37, 'vol_window': 47}. Best is trial 91 with value: 0.11799999999999997.
Trial 102: ACCEPT (degrade 0.0%) - Eval: -0.154%, Val: 0.400%
[I 2025-10-25 04:29:23,207] Trial 102 finished with value: -0.154 and parameters: {'w_boll': 0.4481045995824483, 'w_rsi': 0.239111770331341, 'w_mom': 0.8982608835348085, 'w_vwap': 1.3351862427174321, 'w_orb': 1.0401756227104877, 'w_ofi': 1.2557949572655325, 'w_vol': 0.25044613283525063, 'win_boll': 38, 'win_rsi': 7, 'win_mom': 5, 'win_vwap': 14, 'orb_opening_bars': 40, 'vol_window': 31}. Best is trial 91 with value: 0.11799999999999997.
Trial 103: ACCEPT (degrade 0.0%) - Eval: -0.298%, Val: 0.445%
[I 2025-10-25 04:29:23,945] Trial 103 finished with value: -0.29800000000000004 and parameters: {'w_boll': 0.5609459196687712, 'w_rsi': 0.18826951554171542, 'w_mom': 1.8142834657250055, 'w_vwap': 1.2137818512318708, 'w_orb': 0.9604090891032725, 'w_ofi': 1.013334679483653, 'w_vol': 0.17894679835397748, 'win_boll': 41, 'win_rsi': 6, 'win_mom': 7, 'win_vwap': 13, 'orb_opening_bars': 38, 'vol_window': 26}. Best is trial 91 with value: 0.11799999999999997.
Trial 104: ACCEPT (degrade 0.0%) - Eval: -0.148%, Val: -0.079%
[I 2025-10-25 04:29:24,703] Trial 104 finished with value: -0.148 and parameters: {'w_boll': 1.9795942820316692, 'w_rsi': 0.3157036464936009, 'w_mom': 1.0012844644267052, 'w_vwap': 1.10899522595269, 'w_orb': 0.8470893863328186, 'w_ofi': 1.8874746632847723, 'w_vol': 0.5757817608572139, 'win_boll': 42, 'win_rsi': 5, 'win_mom': 6, 'win_vwap': 16, 'orb_opening_bars': 42, 'vol_window': 28}. Best is trial 91 with value: 0.11799999999999997.
Trial 105: ACCEPT (degrade 0.0%) - Eval: -0.128%, Val: -0.039%
[I 2025-10-25 04:29:25,533] Trial 105 finished with value: -0.12799999999999997 and parameters: {'w_boll': 0.1846807396156166, 'w_rsi': 0.14887628796180866, 'w_mom': 1.7299461541192014, 'w_vwap': 1.546736242553385, 'w_orb': 1.0991697577073023, 'w_ofi': 1.178773691675914, 'w_vol': 0.6738408016100303, 'win_boll': 36, 'win_rsi': 17, 'win_mom': 3, 'win_vwap': 28, 'orb_opening_bars': 39, 'vol_window': 35}. Best is trial 91 with value: 0.11799999999999997.
Trial 106: ACCEPT (degrade 0.0%) - Eval: -0.188%, Val: 0.215%
[I 2025-10-25 04:29:26,292] Trial 106 finished with value: -0.188 and parameters: {'w_boll': 0.514086996688537, 'w_rsi': 0.203048052320934, 'w_mom': 0.2879856973686715, 'w_vwap': 1.0245111207178244, 'w_orb': 0.99898436871877, 'w_ofi': 1.765170595976504, 'w_vol': 0.3778984096808312, 'win_boll': 36, 'win_rsi': 6, 'win_mom': 4, 'win_vwap': 12, 'orb_opening_bars': 35, 'vol_window': 33}. Best is trial 91 with value: 0.11799999999999997.
Trial 107: ACCEPT (degrade 0.0%) - Eval: -0.064%, Val: 0.079%
[I 2025-10-25 04:29:27,032] Trial 107 finished with value: -0.064 and parameters: {'w_boll': 0.2565704134331248, 'w_rsi': 0.3576253717447812, 'w_mom': 1.5771269341663898, 'w_vwap': 1.4273776805466276, 'w_orb': 1.6575500755470065, 'w_ofi': 1.3650680310813705, 'w_vol': 0.46712813219384397, 'win_boll': 34, 'win_rsi': 8, 'win_mom': 7, 'win_vwap': 13, 'orb_opening_bars': 43, 'vol_window': 38}. Best is trial 91 with value: 0.11799999999999997.
Trial 108: ACCEPT (degrade 0.0%) - Eval: -0.412%, Val: 0.456%
[I 2025-10-25 04:29:27,800] Trial 108 finished with value: -0.41200000000000003 and parameters: {'w_boll': 0.40323110437781284, 'w_rsi': 1.2528034345546042, 'w_mom': 1.8728692064167713, 'w_vwap': 0.9403272838786645, 'w_orb': 1.1324227768738184, 'w_ofi': 1.8414426257730143, 'w_vol': 0.5296817356128872, 'win_boll': 40, 'win_rsi': 29, 'win_mom': 6, 'win_vwap': 48, 'orb_opening_bars': 41, 'vol_window': 29}. Best is trial 91 with value: 0.11799999999999997.
Trial 109: ACCEPT (degrade 0.0%) - Eval: -0.054%, Val: 0.114%
[I 2025-10-25 04:29:28,554] Trial 109 finished with value: -0.054000000000000006 and parameters: {'w_boll': 0.6846883803605475, 'w_rsi': 0.10092707324400699, 'w_mom': 0.6144641653558609, 'w_vwap': 0.492457220104542, 'w_orb': 1.2441057331940264, 'w_ofi': 1.602622883875672, 'w_vol': 0.9725022818494526, 'win_boll': 29, 'win_rsi': 7, 'win_mom': 5, 'win_vwap': 15, 'orb_opening_bars': 46, 'vol_window': 41}. Best is trial 91 with value: 0.11799999999999997.
Trial 110: ACCEPT (degrade 0.0%) - Eval: -0.164%, Val: -0.029%
[I 2025-10-25 04:29:29,343] Trial 110 finished with value: -0.164 and parameters: {'w_boll': 0.1312517832015442, 'w_rsi': 0.2858130965850242, 'w_mom': 0.3779998623150559, 'w_vwap': 0.7331196488528264, 'w_orb': 1.1967781683028775, 'w_ofi': 1.4972715160222676, 'w_vol': 0.3187655512442728, 'win_boll': 39, 'win_rsi': 5, 'win_mom': 10, 'win_vwap': 16, 'orb_opening_bars': 45, 'vol_window': 49}. Best is trial 91 with value: 0.11799999999999997.
Trial 111: ACCEPT (degrade 0.0%) - Eval: -0.104%, Val: 0.349%
[I 2025-10-25 04:29:30,897] Trial 111 finished with value: -0.10400000000000001 and parameters: {'w_boll': 0.21675882108356295, 'w_rsi': 0.5539246421243673, 'w_mom': 1.487633841371866, 'w_vwap': 1.372744997579572, 'w_orb': 1.3087808194427064, 'w_ofi': 1.6827891854858545, 'w_vol': 1.1395783466342284, 'win_boll': 27, 'win_rsi': 8, 'win_mom': 7, 'win_vwap': 11, 'orb_opening_bars': 47, 'vol_window': 17}. Best is trial 91 with value: 0.11799999999999997.
Trial 112: ACCEPT (degrade -50.9%) - Eval: 0.334%, Val: 0.504%
[I 2025-10-25 04:29:31,679] Trial 112 finished with value: 0.33399999999999996 and parameters: {'w_boll': 0.2934312457955781, 'w_rsi': 0.441674600401881, 'w_mom': 1.4445255162262798, 'w_vwap': 0.8143547618099428, 'w_orb': 1.3815532167099778, 'w_ofi': 1.7222843102064427, 'w_vol': 1.8945469414966518, 'win_boll': 23, 'win_rsi': 7, 'win_mom': 6, 'win_vwap': 12, 'orb_opening_bars': 48, 'vol_window': 12}. Best is trial 112 with value: 0.33399999999999996.
Trial 113: ACCEPT (degrade 0.0%) - Eval: -0.082%, Val: 0.322%
