[I 2025-10-25 04:49:12,043] Trial 1654 finished with value: -0.12200000000000003 and parameters: {'w_boll': 0.4051513689140594, 'w_rsi': 0.10090139749058234, 'w_mom': 1.1562306391969415, 'w_vwap': 0.7594656033089784, 'w_orb': 1.7487036207853512, 'w_ofi': 1.5105552333177656, 'w_vol': 1.963409713327669, 'win_boll': 12, 'win_rsi': 6, 'win_mom': 7, 'win_vwap': 14, 'orb_opening_bars': 49, 'vol_window': 10}. Best is trial 868 with value: 0.384.
Trial 1655: REJECT (overfit 101.0%) - Eval: 0.288%, Val: -0.003%
[I 2025-10-25 04:49:12,823] Trial 1655 finished with value: -999.0 and parameters: {'w_boll': 0.26123215323104787, 'w_rsi': 1.5558875585696839, 'w_mom': 0.2913016429670854, 'w_vwap': 0.5706979612230841, 'w_orb': 1.9664407396551573, 'w_ofi': 1.9325905087638, 'w_vol': 1.9117945789639157, 'win_boll': 13, 'win_rsi': 5, 'win_mom': 4, 'win_vwap': 16, 'orb_opening_bars': 23, 'vol_window': 12}. Best is trial 868 with value: 0.384.Best trial: 868. Best value: 0.384:  84%|████████▎ | 1672/2000 [21:22<04:12,  1.30it/s]Best trial: 868. Best value: 0.384:  84%|████████▎ | 1672/2000 [21:22<04:12,  1.30it/s]Best trial: 868. Best value: 0.384:  84%|████████▎ | 1673/2000 [21:22<04:11,  1.30it/s]                                                                                       Best trial: 868. Best value: 0.384:  84%|████████▎ | 1673/2000 [21:23<04:11,  1.30it/s]Best trial: 868. Best value: 0.384:  84%|████████▎ | 1673/2000 [21:23<04:11,  1.30it/s]Best trial: 868. Best value: 0.384:  84%|████████▎ | 1674/2000 [21:23<04:08,  1.31it/s]                                                                                       Best trial: 868. Best value: 0.384:  84%|████████▎ | 1674/2000 [21:24<04:08,  1.31it/s]Best trial: 868. Best value: 0.384:  84%|████████▎ | 1674/2000 [21:24<04:08,  1.31it/s]Best trial: 868. Best value: 0.384:  84%|████████▍ | 1675/2000 [21:24<04:11,  1.29it/s]                                                                                       Best trial: 868. Best value: 0.384:  84%|████████▍ | 1675/2000 [21:24<04:11,  1.29it/s]Best trial: 868. Best value: 0.384:  84%|████████▍ | 1675/2000 [21:24<04:11,  1.29it/s]Best trial: 868. Best value: 0.384:  84%|████████▍ | 1676/2000 [21:24<04:09,  1.30it/s]                                                                                       Best trial: 868. Best value: 0.384:  84%|████████▍ | 1676/2000 [21:25<04:09,  1.30it/s]Best trial: 868. Best value: 0.384:  84%|████████▍ | 1676/2000 [21:25<04:09,  1.30it/s]Best trial: 868. Best value: 0.384:  84%|████████▍ | 1677/2000 [21:25<04:05,  1.32it/s]                                                                                       Best trial: 868. Best value: 0.384:  84%|████████▍ | 1677/2000 [21:26<04:05,  1.32it/s]Best trial: 868. Best value: 0.384:  84%|████████▍ | 1677/2000 [21:26<04:05,  1.32it/s]Best trial: 868. Best value: 0.384:  84%|████████▍ | 1678/2000 [21:26<04:04,  1.31it/s]                                                                                       Best trial: 868. Best value: 0.384:  84%|████████▍ | 1678/2000 [21:27<04:04,  1.31it/s]Best trial: 868. Best value: 0.384:  84%|████████▍ | 1678/2000 [21:27<04:04,  1.31it/s]Best trial: 868. Best value: 0.384:  84%|████████▍ | 1679/2000 [21:27<04:14,  1.26it/s]                                                                                       Best trial: 868. Best value: 0.384:  84%|████████▍ | 1679/2000 [21:27<04:14,  1.26it/s]Best trial: 868. Best value: 0.384:  84%|████████▍ | 1679/2000 [21:27<04:14,  1.26it/s]Best trial: 868. Best value: 0.384:  84%|████████▍ | 1680/2000 [21:27<04:12,  1.27it/s]                                                                                       Best trial: 868. Best value: 0.384:  84%|████████▍ | 1680/2000 [21:28<04:12,  1.27it/s]Best trial: 868. Best value: 0.384:  84%|████████▍ | 1680/2000 [21:28<04:12,  1.27it/s]Best trial: 868. Best value: 0.384:  84%|████████▍ | 1681/2000 [21:28<04:07,  1.29it/s]                                                                                       Best trial: 868. Best value: 0.384:  84%|████████▍ | 1681/2000 [21:29<04:07,  1.29it/s]Best trial: 868. Best value: 0.384:  84%|████████▍ | 1681/2000 [21:29<04:07,  1.29it/s]Best trial: 868. Best value: 0.384:  84%|████████▍ | 1682/2000 [21:29<04:04,  1.30it/s]                                                                                       Best trial: 868. Best value: 0.384:  84%|████████▍ | 1682/2000 [21:30<04:04,  1.30it/s]Best trial: 868. Best value: 0.384:  84%|████████▍ | 1682/2000 [21:30<04:04,  1.30it/s]Best trial: 868. Best value: 0.384:  84%|████████▍ | 1683/2000 [21:30<04:06,  1.29it/s]                                                                                       Best trial: 868. Best value: 0.384:  84%|████████▍ | 1683/2000 [21:30<04:06,  1.29it/s]Best trial: 868. Best value: 0.384:  84%|████████▍ | 1683/2000 [21:30<04:06,  1.29it/s]Best trial: 868. Best value: 0.384:  84%|████████▍ | 1684/2000 [21:30<04:04,  1.29it/s]                                                                                       Best trial: 868. Best value: 0.384:  84%|████████▍ | 1684/2000 [21:31<04:04,  1.29it/s]Best trial: 868. Best value: 0.384:  84%|████████▍ | 1684/2000 [21:31<04:04,  1.29it/s]Best trial: 868. Best value: 0.384:  84%|████████▍ | 1685/2000 [21:31<04:02,  1.30it/s]                                                                                       Best trial: 868. Best value: 0.384:  84%|████████▍ | 1685/2000 [21:32<04:02,  1.30it/s]Best trial: 868. Best value: 0.384:  84%|████████▍ | 1685/2000 [21:32<04:02,  1.30it/s]Best trial: 868. Best value: 0.384:  84%|████████▍ | 1686/2000 [21:32<03:57,  1.32it/s]                                                                                       Best trial: 868. Best value: 0.384:  84%|████████▍ | 1686/2000 [21:33<03:57,  1.32it/s]Best trial: 868. Best value: 0.384:  84%|████████▍ | 1686/2000 [21:33<03:57,  1.32it/s]Best trial: 868. Best value: 0.384:  84%|████████▍ | 1687/2000 [21:33<03:59,  1.31it/s]                                                                                       Best trial: 868. Best value: 0.384:  84%|████████▍ | 1687/2000 [21:34<03:59,  1.31it/s]Best trial: 868. Best value: 0.384:  84%|████████▍ | 1687/2000 [21:34<03:59,  1.31it/s]Best trial: 868. Best value: 0.384:  84%|████████▍ | 1688/2000 [21:34<03:58,  1.31it/s]                                                                                       Best trial: 868. Best value: 0.384:  84%|████████▍ | 1688/2000 [21:34<03:58,  1.31it/s]Best trial: 868. Best value: 0.384:  84%|████████▍ | 1688/2000 [21:34<03:58,  1.31it/s]Best trial: 868. Best value: 0.384:  84%|████████▍ | 1689/2000 [21:34<03:57,  1.31it/s]                                                                                       
Trial 1656: ACCEPT (degrade -7.0%) - Eval: 0.186%, Val: 0.199%
[I 2025-10-25 04:49:13,580] Trial 1656 finished with value: 0.18599999999999997 and parameters: {'w_boll': 0.46785679494702254, 'w_rsi': 0.23959484744034823, 'w_mom': 1.2319839289329035, 'w_vwap': 0.8476869429380172, 'w_orb': 1.998951133405061, 'w_ofi': 0.7854894520887568, 'w_vol': 1.7700125536081095, 'win_boll': 15, 'win_rsi': 6, 'win_mom': 6, 'win_vwap': 33, 'orb_opening_bars': 18, 'vol_window': 13}. Best is trial 868 with value: 0.384.
Trial 1657: ACCEPT (degrade 0.0%) - Eval: -0.138%, Val: 0.168%
[I 2025-10-25 04:49:14,344] Trial 1657 finished with value: -0.138 and parameters: {'w_boll': 0.36985766199015846, 'w_rsi': 0.2958891392074616, 'w_mom': 0.17387069946013695, 'w_vwap': 1.7362425458526944, 'w_orb': 1.9016924293722284, 'w_ofi': 0.7106877183974548, 'w_vol': 1.1237892403446048, 'win_boll': 15, 'win_rsi': 8, 'win_mom': 5, 'win_vwap': 11, 'orb_opening_bars': 47, 'vol_window': 11}. Best is trial 868 with value: 0.384.
Trial 1658: ACCEPT (degrade -304.2%) - Eval: 0.048%, Val: 0.194%
[I 2025-10-25 04:49:15,125] Trial 1658 finished with value: 0.047999999999999994 and parameters: {'w_boll': 0.3107693672272056, 'w_rsi': 0.45526125274660134, 'w_mom': 1.348570575371821, 'w_vwap': 0.8970289093685178, 'w_orb': 1.8292177948482053, 'w_ofi': 0.649202826902285, 'w_vol': 1.8811673539212495, 'win_boll': 13, 'win_rsi': 6, 'win_mom': 3, 'win_vwap': 15, 'orb_opening_bars': 48, 'vol_window': 11}. Best is trial 868 with value: 0.384.
Trial 1659: ACCEPT (degrade 0.0%) - Eval: -0.192%, Val: 0.228%
[I 2025-10-25 04:49:15,857] Trial 1659 finished with value: -0.192 and parameters: {'w_boll': 0.34289200012742493, 'w_rsi': 0.31303797468487365, 'w_mom': 0.3277338418523821, 'w_vwap': 0.7267396342792799, 'w_orb': 1.917225094279042, 'w_ofi': 0.8514552221843232, 'w_vol': 1.815588692111287, 'win_boll': 27, 'win_rsi': 7, 'win_mom': 3, 'win_vwap': 30, 'orb_opening_bars': 33, 'vol_window': 12}. Best is trial 868 with value: 0.384.
Trial 1660: ACCEPT (degrade 0.0%) - Eval: -0.016%, Val: 0.336%
[I 2025-10-25 04:49:16,619] Trial 1660 finished with value: -0.015999999999999997 and parameters: {'w_boll': 0.5311199087043904, 'w_rsi': 0.34564012914863107, 'w_mom': 0.1376066370355668, 'w_vwap': 0.8069547134107229, 'w_orb': 1.8665848309645374, 'w_ofi': 0.3875869719283835, 'w_vol': 1.6624017871740817, 'win_boll': 16, 'win_rsi': 5, 'win_mom': 5, 'win_vwap': 13, 'orb_opening_bars': 30, 'vol_window': 10}. Best is trial 868 with value: 0.384.
Trial 1661: ACCEPT (degrade 0.0%) - Eval: -0.188%, Val: 0.136%
[I 2025-10-25 04:49:17,376] Trial 1661 finished with value: -0.188 and parameters: {'w_boll': 0.40783817663193184, 'w_rsi': 0.25754746959359204, 'w_mom': 1.272261401872301, 'w_vwap': 0.5352795571038641, 'w_orb': 1.999563986597949, 'w_ofi': 1.9998026805975928, 'w_vol': 1.9245730240036523, 'win_boll': 10, 'win_rsi': 27, 'win_mom': 4, 'win_vwap': 11, 'orb_opening_bars': 50, 'vol_window': 20}. Best is trial 868 with value: 0.384.
Trial 1662: ACCEPT (degrade -491.9%) - Eval: 0.062%, Val: 0.367%
[I 2025-10-25 04:49:18,154] Trial 1662 finished with value: 0.062 and parameters: {'w_boll': 0.2625972068160393, 'w_rsi': 0.3938677478639801, 'w_mom': 0.2295572711889693, 'w_vwap': 0.6427844166924293, 'w_orb': 1.66958225034018, 'w_ofi': 0.44198495168598356, 'w_vol': 1.8527535813981353, 'win_boll': 14, 'win_rsi': 7, 'win_mom': 6, 'win_vwap': 10, 'orb_opening_bars': 46, 'vol_window': 14}. Best is trial 868 with value: 0.384.
Trial 1663: REJECT (overfit 32.8%) - Eval: 0.058%, Val: 0.039%
[I 2025-10-25 04:49:18,888] Trial 1663 finished with value: -999.0 and parameters: {'w_boll': 0.4570672316067075, 'w_rsi': 0.18644772477339774, 'w_mom': 1.3031326818455429, 'w_vwap': 0.7059508999380748, 'w_orb': 1.9496826296954473, 'w_ofi': 0.48813737665797813, 'w_vol': 1.9991758393234809, 'win_boll': 11, 'win_rsi': 6, 'win_mom': 4, 'win_vwap': 17, 'orb_opening_bars': 49, 'vol_window': 13}. Best is trial 868 with value: 0.384.
Trial 1664: REJECT (overfit 23.5%) - Eval: 0.034%, Val: 0.026%
[I 2025-10-25 04:49:19,653] Trial 1664 finished with value: -999.0 and parameters: {'w_boll': 0.297831055223304, 'w_rsi': 0.5030994513707199, 'w_mom': 0.797699683479224, 'w_vwap': 0.7683180355207893, 'w_orb': 1.7872174911396304, 'w_ofi': 1.7330922896144474, 'w_vol': 1.7119664903318514, 'win_boll': 12, 'win_rsi': 6, 'win_mom': 8, 'win_vwap': 12, 'orb_opening_bars': 50, 'vol_window': 11}. Best is trial 868 with value: 0.384.
Trial 1665: REJECT (overfit 107.7%) - Eval: 0.078%, Val: -0.006%
[I 2025-10-25 04:49:20,408] Trial 1665 finished with value: -999.0 and parameters: {'w_boll': 0.36974551512807613, 'w_rsi': 0.3503562498877773, 'w_mom': 0.1921763237312799, 'w_vwap': 0.5884638629719962, 'w_orb': 1.8985040361190173, 'w_ofi': 0.2782885945671238, 'w_vol': 1.5711407435805338, 'win_boll': 14, 'win_rsi': 5, 'win_mom': 3, 'win_vwap': 13, 'orb_opening_bars': 48, 'vol_window': 12}. Best is trial 868 with value: 0.384.
Trial 1666: ACCEPT (degrade 0.0%) - Eval: -0.034%, Val: 0.246%
[I 2025-10-25 04:49:21,191] Trial 1666 finished with value: -0.03400000000000001 and parameters: {'w_boll': 0.20856689236724496, 'w_rsi': 0.43069630142603077, 'w_mom': 1.1895034187222304, 'w_vwap': 0.6677684392602119, 'w_orb': 1.9448822217294384, 'w_ofi': 0.5607797051392253, 'w_vol': 1.8846362431812511, 'win_boll': 13, 'win_rsi': 7, 'win_mom': 9, 'win_vwap': 15, 'orb_opening_bars': 45, 'vol_window': 10}. Best is trial 868 with value: 0.384.
Trial 1667: ACCEPT (degrade 0.0%) - Eval: -0.120%, Val: 0.391%
[I 2025-10-25 04:49:21,987] Trial 1667 finished with value: -0.12 and parameters: {'w_boll': 0.31841011041808515, 'w_rsi': 0.2759421949584904, 'w_mom': 1.56819594778511, 'w_vwap': 0.7375140769157211, 'w_orb': 1.8314293594869537, 'w_ofi': 1.925597194537482, 'w_vol': 0.4889360703709703, 'win_boll': 17, 'win_rsi': 8, 'win_mom': 6, 'win_vwap': 14, 'orb_opening_bars': 26, 'vol_window': 15}. Best is trial 868 with value: 0.384.
Trial 1668: ACCEPT (degrade 0.0%) - Eval: -0.020%, Val: 0.179%
[I 2025-10-25 04:49:22,754] Trial 1668 finished with value: -0.02000000000000001 and parameters: {'w_boll': 0.4254483491906516, 'w_rsi': 0.14380675626667938, 'w_mom': 0.13193498992821057, 'w_vwap': 0.8029176458981999, 'w_orb': 1.9069631774628433, 'w_ofi': 1.843480058485207, 'w_vol': 0.7157594718903231, 'win_boll': 15, 'win_rsi': 11, 'win_mom': 5, 'win_vwap': 41, 'orb_opening_bars': 49, 'vol_window': 13}. Best is trial 868 with value: 0.384.
Trial 1669: REJECT (overfit 118.1%) - Eval: 0.504%, Val: -0.091%
[I 2025-10-25 04:49:23,513] Trial 1669 finished with value: -999.0 and parameters: {'w_boll': 0.3846099494604465, 'w_rsi': 0.3264548227184767, 'w_mom': 0.2531969942220157, 'w_vwap': 0.627138526438068, 'w_orb': 1.8543972265220976, 'w_ofi': 1.9630292463880876, 'w_vol': 1.797869036405722, 'win_boll': 12, 'win_rsi': 6, 'win_mom': 4, 'win_vwap': 12, 'orb_opening_bars': 34, 'vol_window': 11}. Best is trial 868 with value: 0.384.
Trial 1670: REJECT (overfit 0.0%) - Eval: -0.038%, Val: -0.089%
[I 2025-10-25 04:49:24,305] Trial 1670 finished with value: -999.0 and parameters: {'w_boll': 0.4955051280199558, 'w_rsi': 0.22495603671639777, 'w_mom': 0.1675369278589697, 'w_vwap': 0.692251595758708, 'w_orb': 1.9595099360838104, 'w_ofi': 0.41183754559819863, 'w_vol': 1.9399904289198069, 'win_boll': 14, 'win_rsi': 5, 'win_mom': 7, 'win_vwap': 16, 'orb_opening_bars': 47, 'vol_window': 31}. Best is trial 868 with value: 0.384.
Trial 1671: REJECT (overfit 47.9%) - Eval: 0.338%, Val: 0.176%
[I 2025-10-25 04:49:25,064] Trial 1671 finished with value: -999.0 and parameters: {'w_boll': 0.33325492832861786, 'w_rsi': 0.3746486259028799, 'w_mom': 1.464430445245092, 'w_vwap': 0.7767960964337969, 'w_orb': 1.7570976090261194, 'w_ofi': 0.3598059785017419, 'w_vol': 1.8364548575227844, 'win_boll': 10, 'win_rsi': 7, 'win_mom': 4, 'win_vwap': 25, 'orb_opening_bars': 48, 'vol_window': 12}. Best is trial 868 with value: 0.384.
Trial 1672: ACCEPT (degrade 0.0%) - Eval: -0.140%, Val: 0.192%
[I 2025-10-25 04:49:25,833] Trial 1672 finished with value: -0.13999999999999999 and parameters: {'w_boll': 0.2706583611856646, 'w_rsi': 1.191209695581621, 'w_mom': 1.3774062160989495, 'w_vwap': 0.8611028613033973, 'w_orb': 1.9989535330927635, 'w_ofi': 1.8994496455932253, 'w_vol': 1.7613046734770879, 'win_boll': 22, 'win_rsi': 7, 'win_mom': 3, 'win_vwap': 10, 'orb_opening_bars': 41, 'vol_window': 12}. Best is trial 868 with value: 0.384.Best trial: 868. Best value: 0.384:  84%|████████▍ | 1689/2000 [21:35<03:57,  1.31it/s]Best trial: 868. Best value: 0.384:  84%|████████▍ | 1689/2000 [21:35<03:57,  1.31it/s]Best trial: 868. Best value: 0.384:  84%|████████▍ | 1690/2000 [21:35<03:53,  1.33it/s]                                                                                       Best trial: 868. Best value: 0.384:  84%|████████▍ | 1690/2000 [21:36<03:53,  1.33it/s]Best trial: 868. Best value: 0.384:  84%|████████▍ | 1690/2000 [21:36<03:53,  1.33it/s]Best trial: 868. Best value: 0.384:  85%|████████▍ | 1691/2000 [21:36<03:56,  1.30it/s]                                                                                       Best trial: 868. Best value: 0.384:  85%|████████▍ | 1691/2000 [21:37<03:56,  1.30it/s]Best trial: 868. Best value: 0.384:  85%|████████▍ | 1691/2000 [21:37<03:56,  1.30it/s]Best trial: 868. Best value: 0.384:  85%|████████▍ | 1692/2000 [21:37<03:57,  1.30it/s]                                                                                       Best trial: 868. Best value: 0.384:  85%|████████▍ | 1692/2000 [21:37<03:57,  1.30it/s]Best trial: 868. Best value: 0.384:  85%|████████▍ | 1692/2000 [21:37<03:57,  1.30it/s]Best trial: 868. Best value: 0.384:  85%|████████▍ | 1693/2000 [21:37<03:55,  1.30it/s]                                                                                       Best trial: 868. Best value: 0.384:  85%|████████▍ | 1693/2000 [21:38<03:55,  1.30it/s]Best trial: 868. Best value: 0.384:  85%|████████▍ | 1693/2000 [21:38<03:55,  1.30it/s]Best trial: 868. Best value: 0.384:  85%|████████▍ | 1694/2000 [21:38<03:51,  1.32it/s]                                                                                       Best trial: 868. Best value: 0.384:  85%|████████▍ | 1694/2000 [21:39<03:51,  1.32it/s]Best trial: 868. Best value: 0.384:  85%|████████▍ | 1694/2000 [21:39<03:51,  1.32it/s]Best trial: 868. Best value: 0.384:  85%|████████▍ | 1695/2000 [21:39<03:55,  1.30it/s]                                                                                       Best trial: 868. Best value: 0.384:  85%|████████▍ | 1695/2000 [21:40<03:55,  1.30it/s]Best trial: 868. Best value: 0.384:  85%|████████▍ | 1695/2000 [21:40<03:55,  1.30it/s]Best trial: 868. Best value: 0.384:  85%|████████▍ | 1696/2000 [21:40<03:53,  1.30it/s]                                                                                       Best trial: 868. Best value: 0.384:  85%|████████▍ | 1696/2000 [21:40<03:53,  1.30it/s]Best trial: 868. Best value: 0.384:  85%|████████▍ | 1696/2000 [21:40<03:53,  1.30it/s]Best trial: 868. Best value: 0.384:  85%|████████▍ | 1697/2000 [21:40<03:52,  1.31it/s]                                                                                       Best trial: 868. Best value: 0.384:  85%|████████▍ | 1697/2000 [21:41<03:52,  1.31it/s]Best trial: 868. Best value: 0.384:  85%|████████▍ | 1697/2000 [21:41<03:52,  1.31it/s]Best trial: 868. Best value: 0.384:  85%|████████▍ | 1698/2000 [21:41<03:48,  1.32it/s]                                                                                       Best trial: 868. Best value: 0.384:  85%|████████▍ | 1698/2000 [21:42<03:48,  1.32it/s]Best trial: 868. Best value: 0.384:  85%|████████▍ | 1698/2000 [21:42<03:48,  1.32it/s]Best trial: 868. Best value: 0.384:  85%|████████▍ | 1699/2000 [21:42<03:50,  1.31it/s]                                                                                       Best trial: 868. Best value: 0.384:  85%|████████▍ | 1699/2000 [21:43<03:50,  1.31it/s]Best trial: 868. Best value: 0.384:  85%|████████▍ | 1699/2000 [21:43<03:50,  1.31it/s]Best trial: 868. Best value: 0.384:  85%|████████▌ | 1700/2000 [21:43<03:48,  1.31it/s]                                                                                       Best trial: 868. Best value: 0.384:  85%|████████▌ | 1700/2000 [21:43<03:48,  1.31it/s]Best trial: 868. Best value: 0.384:  85%|████████▌ | 1700/2000 [21:43<03:48,  1.31it/s]Best trial: 868. Best value: 0.384:  85%|████████▌ | 1701/2000 [21:43<03:48,  1.31it/s]                                                                                       Best trial: 868. Best value: 0.384:  85%|████████▌ | 1701/2000 [21:44<03:48,  1.31it/s]Best trial: 868. Best value: 0.384:  85%|████████▌ | 1701/2000 [21:44<03:48,  1.31it/s]Best trial: 868. Best value: 0.384:  85%|████████▌ | 1702/2000 [21:44<03:45,  1.32it/s]                                                                                       Best trial: 868. Best value: 0.384:  85%|████████▌ | 1702/2000 [21:45<03:45,  1.32it/s]Best trial: 868. Best value: 0.384:  85%|████████▌ | 1702/2000 [21:45<03:45,  1.32it/s]Best trial: 868. Best value: 0.384:  85%|████████▌ | 1703/2000 [21:45<03:47,  1.30it/s]                                                                                       Best trial: 868. Best value: 0.384:  85%|████████▌ | 1703/2000 [21:46<03:47,  1.30it/s]Best trial: 868. Best value: 0.384:  85%|████████▌ | 1703/2000 [21:46<03:47,  1.30it/s]Best trial: 868. Best value: 0.384:  85%|████████▌ | 1704/2000 [21:46<03:48,  1.30it/s]                                                                                       Best trial: 868. Best value: 0.384:  85%|████████▌ | 1704/2000 [21:46<03:48,  1.30it/s]Best trial: 868. Best value: 0.384:  85%|████████▌ | 1704/2000 [21:46<03:48,  1.30it/s]Best trial: 868. Best value: 0.384:  85%|████████▌ | 1705/2000 [21:46<03:45,  1.31it/s]                                                                                       Best trial: 868. Best value: 0.384:  85%|████████▌ | 1705/2000 [21:47<03:45,  1.31it/s]Best trial: 868. Best value: 0.384:  85%|████████▌ | 1705/2000 [21:47<03:45,  1.31it/s]Best trial: 868. Best value: 0.384:  85%|████████▌ | 1706/2000 [21:47<03:44,  1.31it/s]                                                                                       
Trial 1673: REJECT (overfit 79.2%) - Eval: 0.130%, Val: 0.027%
[I 2025-10-25 04:49:26,582] Trial 1673 finished with value: -999.0 and parameters: {'w_boll': 0.4010116942101223, 'w_rsi': 0.45754094884117313, 'w_mom': 1.2628105980200508, 'w_vwap': 0.6493754518748124, 'w_orb': 1.8780876835072895, 'w_ofi': 0.6122954728712862, 'w_vol': 0.840198395277292, 'win_boll': 15, 'win_rsi': 6, 'win_mom': 3, 'win_vwap': 13, 'orb_opening_bars': 27, 'vol_window': 10}. Best is trial 868 with value: 0.384.
Trial 1674: ACCEPT (degrade -375.0%) - Eval: 0.072%, Val: 0.342%
