[I 2025-10-25 04:50:31,111] Trial 1757 finished with value: -0.154 and parameters: {'w_boll': 0.3276019536543064, 'w_rsi': 0.14812468370580076, 'w_mom': 0.4520764254143307, 'w_vwap': 1.3785287519416078, 'w_orb': 1.8158298262044554, 'w_ofi': 1.835129776442404, 'w_vol': 1.9653807281603375, 'win_boll': 24, 'win_rsi': 6, 'win_mom': 6, 'win_vwap': 12, 'orb_opening_bars': 31, 'vol_window': 13}. Best is trial 868 with value: 0.384.Best trial: 868. Best value: 0.384:  89%|████████▊ | 1774/2000 [22:40<02:53,  1.30it/s]Best trial: 868. Best value: 0.384:  89%|████████▊ | 1774/2000 [22:40<02:53,  1.30it/s]Best trial: 868. Best value: 0.384:  89%|████████▉ | 1775/2000 [22:40<02:52,  1.30it/s]                                                                                       Best trial: 868. Best value: 0.384:  89%|████████▉ | 1775/2000 [22:41<02:52,  1.30it/s]Best trial: 868. Best value: 0.384:  89%|████████▉ | 1775/2000 [22:41<02:52,  1.30it/s]Best trial: 868. Best value: 0.384:  89%|████████▉ | 1776/2000 [22:41<02:49,  1.32it/s]                                                                                       Best trial: 868. Best value: 0.384:  89%|████████▉ | 1776/2000 [22:42<02:49,  1.32it/s]Best trial: 868. Best value: 0.384:  89%|████████▉ | 1776/2000 [22:42<02:49,  1.32it/s]Best trial: 868. Best value: 0.384:  89%|████████▉ | 1777/2000 [22:42<02:51,  1.30it/s]                                                                                       Best trial: 868. Best value: 0.384:  89%|████████▉ | 1777/2000 [22:43<02:51,  1.30it/s]Best trial: 868. Best value: 0.384:  89%|████████▉ | 1777/2000 [22:43<02:51,  1.30it/s]Best trial: 868. Best value: 0.384:  89%|████████▉ | 1778/2000 [22:43<02:50,  1.30it/s]                                                                                       Best trial: 868. Best value: 0.384:  89%|████████▉ | 1778/2000 [22:43<02:50,  1.30it/s]Best trial: 868. Best value: 0.384:  89%|████████▉ | 1778/2000 [22:43<02:50,  1.30it/s]Best trial: 868. Best value: 0.384:  89%|████████▉ | 1779/2000 [22:43<02:49,  1.30it/s]                                                                                       Best trial: 868. Best value: 0.384:  89%|████████▉ | 1779/2000 [22:44<02:49,  1.30it/s]Best trial: 868. Best value: 0.384:  89%|████████▉ | 1779/2000 [22:44<02:49,  1.30it/s]Best trial: 868. Best value: 0.384:  89%|████████▉ | 1780/2000 [22:44<02:46,  1.32it/s]                                                                                       Best trial: 868. Best value: 0.384:  89%|████████▉ | 1780/2000 [22:45<02:46,  1.32it/s]Best trial: 868. Best value: 0.384:  89%|████████▉ | 1780/2000 [22:45<02:46,  1.32it/s]Best trial: 868. Best value: 0.384:  89%|████████▉ | 1781/2000 [22:45<02:48,  1.30it/s]                                                                                       Best trial: 868. Best value: 0.384:  89%|████████▉ | 1781/2000 [22:46<02:48,  1.30it/s]Best trial: 868. Best value: 0.384:  89%|████████▉ | 1781/2000 [22:46<02:48,  1.30it/s]Best trial: 868. Best value: 0.384:  89%|████████▉ | 1782/2000 [22:46<02:46,  1.31it/s]                                                                                       Best trial: 868. Best value: 0.384:  89%|████████▉ | 1782/2000 [22:46<02:46,  1.31it/s]Best trial: 868. Best value: 0.384:  89%|████████▉ | 1782/2000 [22:46<02:46,  1.31it/s]Best trial: 868. Best value: 0.384:  89%|████████▉ | 1783/2000 [22:46<02:46,  1.31it/s]                                                                                       Best trial: 868. Best value: 0.384:  89%|████████▉ | 1783/2000 [22:47<02:46,  1.31it/s]Best trial: 868. Best value: 0.384:  89%|████████▉ | 1783/2000 [22:47<02:46,  1.31it/s]Best trial: 868. Best value: 0.384:  89%|████████▉ | 1784/2000 [22:47<02:43,  1.32it/s]                                                                                       Best trial: 868. Best value: 0.384:  89%|████████▉ | 1784/2000 [22:48<02:43,  1.32it/s]Best trial: 868. Best value: 0.384:  89%|████████▉ | 1784/2000 [22:48<02:43,  1.32it/s]Best trial: 868. Best value: 0.384:  89%|████████▉ | 1785/2000 [22:48<02:45,  1.30it/s]                                                                                       Best trial: 868. Best value: 0.384:  89%|████████▉ | 1785/2000 [22:49<02:45,  1.30it/s]Best trial: 868. Best value: 0.384:  89%|████████▉ | 1785/2000 [22:49<02:45,  1.30it/s]Best trial: 868. Best value: 0.384:  89%|████████▉ | 1786/2000 [22:49<02:44,  1.30it/s]                                                                                       Best trial: 868. Best value: 0.384:  89%|████████▉ | 1786/2000 [22:49<02:44,  1.30it/s]Best trial: 868. Best value: 0.384:  89%|████████▉ | 1786/2000 [22:49<02:44,  1.30it/s]Best trial: 868. Best value: 0.384:  89%|████████▉ | 1787/2000 [22:49<02:42,  1.31it/s]                                                                                       Best trial: 868. Best value: 0.384:  89%|████████▉ | 1787/2000 [22:50<02:42,  1.31it/s]Best trial: 868. Best value: 0.384:  89%|████████▉ | 1787/2000 [22:50<02:42,  1.31it/s]Best trial: 868. Best value: 0.384:  89%|████████▉ | 1788/2000 [22:50<02:40,  1.32it/s]                                                                                       Best trial: 868. Best value: 0.384:  89%|████████▉ | 1788/2000 [22:51<02:40,  1.32it/s]Best trial: 868. Best value: 0.384:  89%|████████▉ | 1788/2000 [22:51<02:40,  1.32it/s]Best trial: 868. Best value: 0.384:  89%|████████▉ | 1789/2000 [22:51<02:41,  1.30it/s]                                                                                       Best trial: 868. Best value: 0.384:  89%|████████▉ | 1789/2000 [22:52<02:41,  1.30it/s]Best trial: 868. Best value: 0.384:  89%|████████▉ | 1789/2000 [22:52<02:41,  1.30it/s]Best trial: 868. Best value: 0.384:  90%|████████▉ | 1790/2000 [22:52<02:41,  1.30it/s]                                                                                       Best trial: 868. Best value: 0.384:  90%|████████▉ | 1790/2000 [22:52<02:41,  1.30it/s]Best trial: 868. Best value: 0.384:  90%|████████▉ | 1790/2000 [22:52<02:41,  1.30it/s]Best trial: 868. Best value: 0.384:  90%|████████▉ | 1791/2000 [22:52<02:40,  1.30it/s]                                                                                       
Trial 1758: ACCEPT (degrade -250.7%) - Eval: 0.142%, Val: 0.498%
[I 2025-10-25 04:50:31,842] Trial 1758 finished with value: 0.142 and parameters: {'w_boll': 0.3531709411366696, 'w_rsi': 0.11213275835400803, 'w_mom': 0.48778656248857744, 'w_vwap': 0.5036129420480611, 'w_orb': 1.7675140270316063, 'w_ofi': 1.8602245922568776, 'w_vol': 1.997859338787171, 'win_boll': 14, 'win_rsi': 6, 'win_mom': 6, 'win_vwap': 11, 'orb_opening_bars': 28, 'vol_window': 13}. Best is trial 868 with value: 0.384.
Trial 1759: ACCEPT (degrade 0.0%) - Eval: -0.092%, Val: 0.259%
[I 2025-10-25 04:50:32,600] Trial 1759 finished with value: -0.09200000000000001 and parameters: {'w_boll': 0.2586664965838461, 'w_rsi': 0.19320158586370204, 'w_mom': 0.4889921217003912, 'w_vwap': 0.5729258434751475, 'w_orb': 1.8616167022510035, 'w_ofi': 1.8638854356558654, 'w_vol': 1.996581569214301, 'win_boll': 14, 'win_rsi': 7, 'win_mom': 6, 'win_vwap': 11, 'orb_opening_bars': 31, 'vol_window': 14}. Best is trial 868 with value: 0.384.
Trial 1760: ACCEPT (degrade 0.0%) - Eval: -0.140%, Val: 0.443%
[I 2025-10-25 04:50:33,396] Trial 1760 finished with value: -0.13999999999999999 and parameters: {'w_boll': 0.2983113982236966, 'w_rsi': 0.16028750362224645, 'w_mom': 0.4628749021852262, 'w_vwap': 0.5951353796843636, 'w_orb': 1.8119384887509047, 'w_ofi': 1.8173863354280497, 'w_vol': 1.9960546421712375, 'win_boll': 15, 'win_rsi': 5, 'win_mom': 6, 'win_vwap': 11, 'orb_opening_bars': 30, 'vol_window': 15}. Best is trial 868 with value: 0.384.
Trial 1761: ACCEPT (degrade 0.0%) - Eval: -0.044%, Val: 0.237%
[I 2025-10-25 04:50:34,155] Trial 1761 finished with value: -0.044 and parameters: {'w_boll': 0.33225695736834376, 'w_rsi': 0.2181157055764324, 'w_mom': 1.147992601560133, 'w_vwap': 0.5894173899664246, 'w_orb': 1.879984498281043, 'w_ofi': 1.788786084069592, 'w_vol': 1.9793316437924513, 'win_boll': 15, 'win_rsi': 6, 'win_mom': 6, 'win_vwap': 10, 'orb_opening_bars': 30, 'vol_window': 13}. Best is trial 868 with value: 0.384.
Trial 1762: ACCEPT (degrade -307.1%) - Eval: 0.070%, Val: 0.285%
[I 2025-10-25 04:50:34,891] Trial 1762 finished with value: 0.06999999999999998 and parameters: {'w_boll': 0.3596563339067512, 'w_rsi': 0.1356557101358006, 'w_mom': 0.1475931695345628, 'w_vwap': 0.5578349771013882, 'w_orb': 1.8366348608272725, 'w_ofi': 1.8723057897141615, 'w_vol': 1.9896713689198537, 'win_boll': 14, 'win_rsi': 7, 'win_mom': 7, 'win_vwap': 32, 'orb_opening_bars': 31, 'vol_window': 12}. Best is trial 868 with value: 0.384.
Trial 1763: ACCEPT (degrade 0.0%) - Eval: -0.366%, Val: 0.323%
[I 2025-10-25 04:50:35,643] Trial 1763 finished with value: -0.366 and parameters: {'w_boll': 0.27071224126056354, 'w_rsi': 0.18359775613038107, 'w_mom': 0.7398078398414121, 'w_vwap': 0.5339767716294609, 'w_orb': 1.773672358893789, 'w_ofi': 1.802639442041036, 'w_vol': 1.995134434221893, 'win_boll': 16, 'win_rsi': 8, 'win_mom': 6, 'win_vwap': 12, 'orb_opening_bars': 29, 'vol_window': 14}. Best is trial 868 with value: 0.384.
Trial 1764: REJECT (overfit 20.7%) - Eval: 0.270%, Val: 0.214%
[I 2025-10-25 04:50:36,436] Trial 1764 finished with value: -999.0 and parameters: {'w_boll': 0.3136177754176693, 'w_rsi': 0.23858512135182935, 'w_mom': 0.5538268637475157, 'w_vwap': 1.6572333786749431, 'w_orb': 1.890660977528527, 'w_ofi': 1.7467841624641258, 'w_vol': 1.993069743556012, 'win_boll': 14, 'win_rsi': 5, 'win_mom': 7, 'win_vwap': 23, 'orb_opening_bars': 30, 'vol_window': 12}. Best is trial 868 with value: 0.384.
Trial 1765: ACCEPT (degrade 0.0%) - Eval: -0.066%, Val: 0.391%
[I 2025-10-25 04:50:37,240] Trial 1765 finished with value: -0.066 and parameters: {'w_boll': 0.35846474231927494, 'w_rsi': 0.2190043799962892, 'w_mom': 0.5012332919636884, 'w_vwap': 0.4816889817697755, 'w_orb': 1.7051667394350385, 'w_ofi': 1.8327989922511292, 'w_vol': 1.9512525539443526, 'win_boll': 15, 'win_rsi': 6, 'win_mom': 6, 'win_vwap': 12, 'orb_opening_bars': 29, 'vol_window': 16}. Best is trial 868 with value: 0.384.
Trial 1766: REJECT (overfit 0.0%) - Eval: -0.144%, Val: -0.218%
[I 2025-10-25 04:50:37,990] Trial 1766 finished with value: -999.0 and parameters: {'w_boll': 1.519709834174713, 'w_rsi': 0.4503144668610624, 'w_mom': 1.218149978007587, 'w_vwap': 0.799364119602983, 'w_orb': 1.8578947258028404, 'w_ofi': 1.8702197940058976, 'w_vol': 1.947286362200438, 'win_boll': 14, 'win_rsi': 9, 'win_mom': 6, 'win_vwap': 30, 'orb_opening_bars': 30, 'vol_window': 13}. Best is trial 868 with value: 0.384.
Trial 1767: ACCEPT (degrade -310.2%) - Eval: 0.098%, Val: 0.402%
[I 2025-10-25 04:50:38,743] Trial 1767 finished with value: 0.09799999999999995 and parameters: {'w_boll': 0.29094600752024147, 'w_rsi': 0.15428648727208494, 'w_mom': 0.7640623599946009, 'w_vwap': 0.6099505109013266, 'w_orb': 1.8847318173610599, 'w_ofi': 1.805733094267033, 'w_vol': 1.9958110978688903, 'win_boll': 16, 'win_rsi': 7, 'win_mom': 7, 'win_vwap': 10, 'orb_opening_bars': 30, 'vol_window': 12}. Best is trial 868 with value: 0.384.
Trial 1768: REJECT (overfit 71.6%) - Eval: 0.268%, Val: 0.076%
[I 2025-10-25 04:50:39,527] Trial 1768 finished with value: -999.0 and parameters: {'w_boll': 0.24443950286704394, 'w_rsi': 0.5425941706876644, 'w_mom': 0.5388966325878818, 'w_vwap': 0.825343300813369, 'w_orb': 1.8227209204303274, 'w_ofi': 1.8948907537819661, 'w_vol': 0.5666687725033215, 'win_boll': 14, 'win_rsi': 6, 'win_mom': 6, 'win_vwap': 47, 'orb_opening_bars': 31, 'vol_window': 13}. Best is trial 868 with value: 0.384.
Trial 1769: REJECT (overfit 60.6%) - Eval: 0.310%, Val: 0.122%
[I 2025-10-25 04:50:40,293] Trial 1769 finished with value: -999.0 and parameters: {'w_boll': 0.339173572365583, 'w_rsi': 0.24553157301890172, 'w_mom': 0.39897615219453586, 'w_vwap': 0.7340971975817377, 'w_orb': 1.7885822961290287, 'w_ofi': 1.882067369077116, 'w_vol': 1.9484124735348463, 'win_boll': 15, 'win_rsi': 5, 'win_mom': 6, 'win_vwap': 12, 'orb_opening_bars': 32, 'vol_window': 12}. Best is trial 868 with value: 0.384.
Trial 1770: ACCEPT (degrade 0.0%) - Eval: -0.136%, Val: 0.205%
[I 2025-10-25 04:50:41,030] Trial 1770 finished with value: -0.13599999999999998 and parameters: {'w_boll': 0.3748566067724729, 'w_rsi': 0.48057274390072, 'w_mom': 0.12690105115416053, 'w_vwap': 0.8561198546575323, 'w_orb': 1.8983441092396736, 'w_ofi': 1.8517991384135808, 'w_vol': 1.9970467980200437, 'win_boll': 13, 'win_rsi': 7, 'win_mom': 7, 'win_vwap': 11, 'orb_opening_bars': 28, 'vol_window': 14}. Best is trial 868 with value: 0.384.
Trial 1771: ACCEPT (degrade 0.0%) - Eval: -0.024%, Val: 0.216%
[I 2025-10-25 04:50:41,779] Trial 1771 finished with value: -0.023999999999999987 and parameters: {'w_boll': 0.1992300097934846, 'w_rsi': 0.191675441833104, 'w_mom': 1.345100519296775, 'w_vwap': 0.7736711391747351, 'w_orb': 1.7430739650889866, 'w_ofi': 1.776541358867425, 'w_vol': 1.9486587086174758, 'win_boll': 14, 'win_rsi': 5, 'win_mom': 5, 'win_vwap': 17, 'orb_opening_bars': 31, 'vol_window': 12}. Best is trial 868 with value: 0.384.
Trial 1772: ACCEPT (degrade 0.0%) - Eval: -0.102%, Val: 0.364%
[I 2025-10-25 04:50:42,583] Trial 1772 finished with value: -0.10200000000000001 and parameters: {'w_boll': 0.3037612627955953, 'w_rsi': 0.25792052830374457, 'w_mom': 0.5891732640429593, 'w_vwap': 0.6167955624469202, 'w_orb': 1.8588939517735437, 'w_ofi': 1.9178239102602, 'w_vol': 1.9384728534677969, 'win_boll': 16, 'win_rsi': 6, 'win_mom': 6, 'win_vwap': 11, 'orb_opening_bars': 29, 'vol_window': 13}. Best is trial 868 with value: 0.384.
Trial 1773: ACCEPT (degrade 16.3%) - Eval: 0.362%, Val: 0.303%
[I 2025-10-25 04:50:43,343] Trial 1773 finished with value: 0.36200000000000004 and parameters: {'w_boll': 0.25195797685688304, 'w_rsi': 0.42941374049841907, 'w_mom': 0.9182285489739128, 'w_vwap': 0.9667645978162486, 'w_orb': 1.9125764386792914, 'w_ofi': 1.9078977912028752, 'w_vol': 1.9580744081145263, 'win_boll': 17, 'win_rsi': 7, 'win_mom': 5, 'win_vwap': 39, 'orb_opening_bars': 30, 'vol_window': 11}. Best is trial 868 with value: 0.384.
Trial 1774: ACCEPT (degrade 0.0%) - Eval: -0.222%, Val: 0.228%
[I 2025-10-25 04:50:44,114] Trial 1774 finished with value: -0.22200000000000003 and parameters: {'w_boll': 0.1511021421341714, 'w_rsi': 0.4377284454136199, 'w_mom': 1.7290913150288496, 'w_vwap': 0.972203698100772, 'w_orb': 1.9280682058579073, 'w_ofi': 1.9289005233088974, 'w_vol': 1.9183874237071898, 'win_boll': 17, 'win_rsi': 8, 'win_mom': 5, 'win_vwap': 39, 'orb_opening_bars': 29, 'vol_window': 10}. Best is trial 868 with value: 0.384.Best trial: 868. Best value: 0.384:  90%|████████▉ | 1791/2000 [22:53<02:40,  1.30it/s]Best trial: 868. Best value: 0.384:  90%|████████▉ | 1791/2000 [22:53<02:40,  1.30it/s]Best trial: 868. Best value: 0.384:  90%|████████▉ | 1792/2000 [22:53<02:39,  1.30it/s]                                                                                       Best trial: 868. Best value: 0.384:  90%|████████▉ | 1792/2000 [22:54<02:39,  1.30it/s]Best trial: 868. Best value: 0.384:  90%|████████▉ | 1792/2000 [22:54<02:39,  1.30it/s]Best trial: 868. Best value: 0.384:  90%|████████▉ | 1793/2000 [22:54<02:36,  1.32it/s]                                                                                       Best trial: 868. Best value: 0.384:  90%|████████▉ | 1793/2000 [22:55<02:36,  1.32it/s]Best trial: 868. Best value: 0.384:  90%|████████▉ | 1793/2000 [22:55<02:36,  1.32it/s]Best trial: 868. Best value: 0.384:  90%|████████▉ | 1794/2000 [22:55<02:38,  1.30it/s]                                                                                       Best trial: 868. Best value: 0.384:  90%|████████▉ | 1794/2000 [22:56<02:38,  1.30it/s]Best trial: 868. Best value: 0.384:  90%|████████▉ | 1794/2000 [22:56<02:38,  1.30it/s]Best trial: 868. Best value: 0.384:  90%|████████▉ | 1795/2000 [22:56<02:37,  1.30it/s]                                                                                       Best trial: 868. Best value: 0.384:  90%|████████▉ | 1795/2000 [22:56<02:37,  1.30it/s]Best trial: 868. Best value: 0.384:  90%|████████▉ | 1795/2000 [22:56<02:37,  1.30it/s]Best trial: 868. Best value: 0.384:  90%|████████▉ | 1796/2000 [22:56<02:42,  1.25it/s]                                                                                       Best trial: 868. Best value: 0.384:  90%|████████▉ | 1796/2000 [22:57<02:42,  1.25it/s]Best trial: 868. Best value: 0.384:  90%|████████▉ | 1796/2000 [22:57<02:42,  1.25it/s]Best trial: 868. Best value: 0.384:  90%|████████▉ | 1797/2000 [22:57<02:38,  1.28it/s]                                                                                       Best trial: 868. Best value: 0.384:  90%|████████▉ | 1797/2000 [22:58<02:38,  1.28it/s]Best trial: 868. Best value: 0.384:  90%|████████▉ | 1797/2000 [22:58<02:38,  1.28it/s]Best trial: 868. Best value: 0.384:  90%|████████▉ | 1798/2000 [22:58<02:36,  1.29it/s]                                                                                       Best trial: 868. Best value: 0.384:  90%|████████▉ | 1798/2000 [22:59<02:36,  1.29it/s]Best trial: 868. Best value: 0.384:  90%|████████▉ | 1798/2000 [22:59<02:36,  1.29it/s]Best trial: 868. Best value: 0.384:  90%|████████▉ | 1799/2000 [22:59<02:34,  1.30it/s]                                                                                       Best trial: 868. Best value: 0.384:  90%|████████▉ | 1799/2000 [22:59<02:34,  1.30it/s]Best trial: 868. Best value: 0.384:  90%|████████▉ | 1799/2000 [22:59<02:34,  1.30it/s]Best trial: 868. Best value: 0.384:  90%|█████████ | 1800/2000 [22:59<02:34,  1.30it/s]                                                                                       Best trial: 868. Best value: 0.384:  90%|█████████ | 1800/2000 [23:00<02:34,  1.30it/s]Best trial: 868. Best value: 0.384:  90%|█████████ | 1800/2000 [23:00<02:34,  1.30it/s]Best trial: 868. Best value: 0.384:  90%|█████████ | 1801/2000 [23:00<02:34,  1.29it/s]                                                                                       Best trial: 868. Best value: 0.384:  90%|█████████ | 1801/2000 [23:01<02:34,  1.29it/s]Best trial: 868. Best value: 0.384:  90%|█████████ | 1801/2000 [23:01<02:34,  1.29it/s]Best trial: 868. Best value: 0.384:  90%|█████████ | 1802/2000 [23:01<02:31,  1.31it/s]                                                                                       Best trial: 868. Best value: 0.384:  90%|█████████ | 1802/2000 [23:02<02:31,  1.31it/s]Best trial: 868. Best value: 0.384:  90%|█████████ | 1802/2000 [23:02<02:31,  1.31it/s]Best trial: 868. Best value: 0.384:  90%|█████████ | 1803/2000 [23:02<02:30,  1.31it/s]                                                                                       Best trial: 868. Best value: 0.384:  90%|█████████ | 1803/2000 [23:02<02:30,  1.31it/s]Best trial: 868. Best value: 0.384:  90%|█████████ | 1803/2000 [23:02<02:30,  1.31it/s]Best trial: 868. Best value: 0.384:  90%|█████████ | 1804/2000 [23:02<02:29,  1.31it/s]                                                                                       Best trial: 868. Best value: 0.384:  90%|█████████ | 1804/2000 [23:03<02:29,  1.31it/s]Best trial: 868. Best value: 0.384:  90%|█████████ | 1804/2000 [23:03<02:29,  1.31it/s]Best trial: 868. Best value: 0.384:  90%|█████████ | 1805/2000 [23:03<02:29,  1.30it/s]                                                                                       Best trial: 868. Best value: 0.384:  90%|█████████ | 1805/2000 [23:04<02:29,  1.30it/s]Best trial: 868. Best value: 0.384:  90%|█████████ | 1805/2000 [23:04<02:29,  1.30it/s]Best trial: 868. Best value: 0.384:  90%|█████████ | 1806/2000 [23:04<02:29,  1.30it/s]                                                                                       Best trial: 868. Best value: 0.384:  90%|█████████ | 1806/2000 [23:05<02:29,  1.30it/s]Best trial: 868. Best value: 0.384:  90%|█████████ | 1806/2000 [23:05<02:29,  1.30it/s]Best trial: 868. Best value: 0.384:  90%|█████████ | 1807/2000 [23:05<02:29,  1.29it/s]                                                                                       Best trial: 868. Best value: 0.384:  90%|█████████ | 1807/2000 [23:06<02:29,  1.29it/s]Best trial: 868. Best value: 0.384:  90%|█████████ | 1807/2000 [23:06<02:29,  1.29it/s]Best trial: 868. Best value: 0.384:  90%|█████████ | 1808/2000 [23:06<02:27,  1.30it/s]                                                                                       
Trial 1775: ACCEPT (degrade 0.0%) - Eval: -0.010%, Val: 0.206%
[I 2025-10-25 04:50:44,850] Trial 1775 finished with value: -0.009999999999999992 and parameters: {'w_boll': 0.16831876009325672, 'w_rsi': 1.6147668258617744, 'w_mom': 0.9271355816277557, 'w_vwap': 1.0030631113451012, 'w_orb': 1.9333034454913507, 'w_ofi': 1.9093748696490935, 'w_vol': 1.9230142550406448, 'win_boll': 17, 'win_rsi': 8, 'win_mom': 5, 'win_vwap': 40, 'orb_opening_bars': 32, 'vol_window': 11}. Best is trial 868 with value: 0.384.
Trial 1776: ACCEPT (degrade 0.0%) - Eval: -0.140%, Val: 0.419%
[I 2025-10-25 04:50:45,641] Trial 1776 finished with value: -0.14 and parameters: {'w_boll': 0.22686963795319998, 'w_rsi': 0.4723349981509057, 'w_mom': 1.2487987948802817, 'w_vwap': 1.0930450673773708, 'w_orb': 1.9080383470835205, 'w_ofi': 1.962664168168704, 'w_vol': 0.8683738150744565, 'win_boll': 17, 'win_rsi': 8, 'win_mom': 5, 'win_vwap': 38, 'orb_opening_bars': 30, 'vol_window': 10}. Best is trial 868 with value: 0.384.
Trial 1777: ACCEPT (degrade 0.0%) - Eval: -0.016%, Val: 0.377%
