[I 2025-10-25 04:44:53,029] Trial 1317 finished with value: -999.0 and parameters: {'w_boll': 0.2853362301779661, 'w_rsi': 0.4585609924882593, 'w_mom': 0.8518222856711806, 'w_vwap': 0.5790655987556262, 'w_orb': 1.8711831903007423, 'w_ofi': 1.9440707943072675, 'w_vol': 1.8308497081977861, 'win_boll': 13, 'win_rsi': 5, 'win_mom': 10, 'win_vwap': 33, 'orb_opening_bars': 47, 'vol_window': 46}. Best is trial 868 with value: 0.384.
Trial 1318: ACCEPT (degrade -57.3%) - Eval: 0.288%, Val: 0.453%
[I 2025-10-25 04:44:53,782] Trial 1318 finished with value: 0.288 and parameters: {'w_boll': 0.3708036958002995, 'w_rsi': 0.3836471518457705, 'w_mom': 0.2599792086798227, 'w_vwap': 0.7051143904947634, 'w_orb': 1.9987727928987404, 'w_ofi': 0.4417929094431184, 'w_vol': 1.8773191619335934, 'win_boll': 16, 'win_rsi': 7, 'win_mom': 4, 'win_vwap': 12, 'orb_opening_bars': 31, 'vol_window': 11}. Best is trial 868 with value: 0.384.
Trial 1319: ACCEPT (degrade 9.1%) - Eval: 0.298%, Val: 0.271%
[I 2025-10-25 04:44:54,533] Trial 1319 finished with value: 0.298 and parameters: {'w_boll': 0.3028614593501913, 'w_rsi': 0.42241325020877296, 'w_mom': 0.33203081664929524, 'w_vwap': 0.6224217023260682, 'w_orb': 1.9409135415678873, 'w_ofi': 0.4440267195997614, 'w_vol': 1.8117441805681551, 'win_boll': 16, 'win_rsi': 8, 'win_mom': 4, 'win_vwap': 16, 'orb_opening_bars': 31, 'vol_window': 13}. Best is trial 868 with value: 0.384.
Trial 1320: ACCEPT (degrade 0.0%) - Eval: -0.100%, Val: 0.381%
[I 2025-10-25 04:44:55,288] Trial 1320 finished with value: -0.1 and parameters: {'w_boll': 0.7811783132074825, 'w_rsi': 0.4136153576439574, 'w_mom': 0.2874152172741376, 'w_vwap': 0.6248350972279648, 'w_orb': 1.9696175967482912, 'w_ofi': 0.42560593810482217, 'w_vol': 1.7320411147265757, 'win_boll': 17, 'win_rsi': 8, 'win_mom': 4, 'win_vwap': 17, 'orb_opening_bars': 34, 'vol_window': 15}. Best is trial 868 with value: 0.384.
Trial 1321: ACCEPT (degrade 0.0%) - Eval: -0.172%, Val: 0.331%
[I 2025-10-25 04:44:56,017] Trial 1321 finished with value: -0.17200000000000001 and parameters: {'w_boll': 0.3005694324927146, 'w_rsi': 0.4325357763260089, 'w_mom': 0.305029613264084, 'w_vwap': 0.6274338888831896, 'w_orb': 1.96631591227628, 'w_ofi': 0.46018208325555865, 'w_vol': 1.7850041624971695, 'win_boll': 19, 'win_rsi': 8, 'win_mom': 4, 'win_vwap': 17, 'orb_opening_bars': 31, 'vol_window': 14}. Best is trial 868 with value: 0.384.
Trial 1322: ACCEPT (degrade -343.7%) - Eval: 0.126%, Val: 0.559%
[I 2025-10-25 04:44:56,810] Trial 1322 finished with value: 0.12600000000000003 and parameters: {'w_boll': 0.25396248947406064, 'w_rsi': 0.4494641317839255, 'w_mom': 0.3539302120962232, 'w_vwap': 0.6541185703659174, 'w_orb': 1.9958481441186937, 'w_ofi': 0.44073200061559203, 'w_vol': 1.8035329204466124, 'win_boll': 17, 'win_rsi': 7, 'win_mom': 4, 'win_vwap': 16, 'orb_opening_bars': 31, 'vol_window': 14}. Best is trial 868 with value: 0.384.
Trial 1323: ACCEPT (degrade 0.0%) - Eval: -0.410%, Val: 0.119%
[I 2025-10-25 04:44:57,570] Trial 1323 finished with value: -0.41 and parameters: {'w_boll': 0.22302391860547205, 'w_rsi': 0.4102589202180409, 'w_mom': 0.3567952994583167, 'w_vwap': 0.6076381068950657, 'w_orb': 1.9397979508447316, 'w_ofi': 0.40247094920896187, 'w_vol': 1.766893449914848, 'win_boll': 18, 'win_rsi': 9, 'win_mom': 4, 'win_vwap': 16, 'orb_opening_bars': 32, 'vol_window': 15}. Best is trial 868 with value: 0.384.
Trial 1324: ACCEPT (degrade -114.1%) - Eval: 0.156%, Val: 0.334%
[I 2025-10-25 04:44:58,330] Trial 1324 finished with value: 0.156 and parameters: {'w_boll': 0.30378985034522465, 'w_rsi': 0.39579752530739626, 'w_mom': 0.34847997385150015, 'w_vwap': 0.6864082184159848, 'w_orb': 1.9422238520441235, 'w_ofi': 0.45737202570060354, 'w_vol': 1.8137916470053368, 'win_boll': 18, 'win_rsi': 8, 'win_mom': 4, 'win_vwap': 18, 'orb_opening_bars': 30, 'vol_window': 13}. Best is trial 868 with value: 0.384.
Trial 1325: ACCEPT (degrade -44.4%) - Eval: 0.162%, Val: 0.234%
[I 2025-10-25 04:44:59,066] Trial 1325 finished with value: 0.16199999999999998 and parameters: {'w_boll': 0.26995985088778357, 'w_rsi': 0.4680242803077053, 'w_mom': 0.33310405119580094, 'w_vwap': 0.628011845673724, 'w_orb': 1.9703450678765773, 'w_ofi': 0.38753491872576284, 'w_vol': 1.7199043583845375, 'win_boll': 16, 'win_rsi': 7, 'win_mom': 4, 'win_vwap': 16, 'orb_opening_bars': 31, 'vol_window': 13}. Best is trial 868 with value: 0.384.
Trial 1326: ACCEPT (degrade 0.0%) - Eval: -0.004%, Val: 0.414%
[I 2025-10-25 04:44:59,851] Trial 1326 finished with value: -0.00400000000000002 and parameters: {'w_boll': 0.3174615777063878, 'w_rsi': 0.4369968291431372, 'w_mom': 0.34262603722383833, 'w_vwap': 0.6628433066259174, 'w_orb': 1.932981868414283, 'w_ofi': 0.5015481618185746, 'w_vol': 1.7784730885075204, 'win_boll': 17, 'win_rsi': 7, 'win_mom': 5, 'win_vwap': 17, 'orb_opening_bars': 35, 'vol_window': 13}. Best is trial 868 with value: 0.384.
Trial 1327: ACCEPT (degrade 0.0%) - Eval: -0.168%, Val: 0.329%
[I 2025-10-25 04:45:00,728] Trial 1327 finished with value: -0.168 and parameters: {'w_boll': 0.29186248657861236, 'w_rsi': 0.3882488214543571, 'w_mom': 0.3235036380037064, 'w_vwap': 0.6004514037134703, 'w_orb': 1.9973182439153119, 'w_ofi': 0.34007998951689067, 'w_vol': 1.7674356627356975, 'win_boll': 17, 'win_rsi': 8, 'win_mom': 4, 'win_vwap': 16, 'orb_opening_bars': 29, 'vol_window': 14}. Best is trial 868 with value: 0.384.
Trial 1328: ACCEPT (degrade 0.0%) - Eval: -0.104%, Val: 0.302%
[I 2025-10-25 04:45:01,476] Trial 1328 finished with value: -0.10400000000000001 and parameters: {'w_boll': 0.334224565616823, 'w_rsi': 0.4890940108516008, 'w_mom': 0.3761927829028511, 'w_vwap': 0.6892902356007053, 'w_orb': 1.9126588241835385, 'w_ofi': 0.43630403345291785, 'w_vol': 1.826029450023634, 'win_boll': 16, 'win_rsi': 9, 'win_mom': 4, 'win_vwap': 19, 'orb_opening_bars': 31, 'vol_window': 14}. Best is trial 868 with value: 0.384.
Trial 1329: ACCEPT (degrade -70.0%) - Eval: 0.220%, Val: 0.374%
[I 2025-10-25 04:45:02,226] Trial 1329 finished with value: 0.22000000000000003 and parameters: {'w_boll': 0.22296631065271635, 'w_rsi': 0.3784020545172699, 'w_mom': 0.22730897814797965, 'w_vwap': 1.3176370986007353, 'w_orb': 1.9647327894070556, 'w_ofi': 0.48635122334853587, 'w_vol': 1.8207524819809675, 'win_boll': 17, 'win_rsi': 7, 'win_mom': 5, 'win_vwap': 17, 'orb_opening_bars': 32, 'vol_window': 16}. Best is trial 868 with value: 0.384.
Trial 1330: ACCEPT (degrade 0.0%) - Eval: -0.070%, Val: 0.094%
[I 2025-10-25 04:45:02,956] Trial 1330 finished with value: -0.06999999999999999 and parameters: {'w_boll': 0.336927142491678, 'w_rsi': 0.42522914686593405, 'w_mom': 0.4219277815487934, 'w_vwap': 0.6549177166343527, 'w_orb': 1.9305449774365815, 'w_ofi': 0.39681785781331896, 'w_vol': 1.7388338906548282, 'win_boll': 16, 'win_rsi': 7, 'win_mom': 4, 'win_vwap': 15, 'orb_opening_bars': 32, 'vol_window': 15}. Best is trial 868 with value: 0.384.
Trial 1331: ACCEPT (degrade -78.5%) - Eval: 0.130%, Val: 0.232%
[I 2025-10-25 04:45:03,709] Trial 1331 finished with value: 0.13 and parameters: {'w_boll': 0.2823182355257762, 'w_rsi': 0.4483475297426256, 'w_mom': 0.30121604822591885, 'w_vwap': 0.7030512709943628, 'w_orb': 1.908894545719116, 'w_ofi': 0.45226375439155564, 'w_vol': 1.822789229073732, 'win_boll': 15, 'win_rsi': 7, 'win_mom': 3, 'win_vwap': 16, 'orb_opening_bars': 33, 'vol_window': 13}. Best is trial 868 with value: 0.384.
Trial 1332: ACCEPT (degrade 0.0%) - Eval: -0.002%, Val: 0.220%
[I 2025-10-25 04:45:04,465] Trial 1332 finished with value: -0.0019999999999999905 and parameters: {'w_boll': 0.2507900865827724, 'w_rsi': 0.3773594804830787, 'w_mom': 0.39235210345831756, 'w_vwap': 0.5789538341414675, 'w_orb': 1.9454702236727344, 'w_ofi': 0.49564290868313376, 'w_vol': 1.854721392213583, 'win_boll': 17, 'win_rsi': 7, 'win_mom': 4, 'win_vwap': 15, 'orb_opening_bars': 32, 'vol_window': 13}. Best is trial 868 with value: 0.384.Best trial: 868. Best value: 0.384:  67%|██████▋   | 1349/2000 [17:14<08:13,  1.32it/s]Best trial: 868. Best value: 0.384:  67%|██████▋   | 1349/2000 [17:14<08:13,  1.32it/s]Best trial: 868. Best value: 0.384:  68%|██████▊   | 1350/2000 [17:14<08:13,  1.32it/s]                                                                                       Best trial: 868. Best value: 0.384:  68%|██████▊   | 1350/2000 [17:14<08:13,  1.32it/s]Best trial: 868. Best value: 0.384:  68%|██████▊   | 1350/2000 [17:14<08:13,  1.32it/s]Best trial: 868. Best value: 0.384:  68%|██████▊   | 1351/2000 [17:14<08:17,  1.31it/s]                                                                                       Best trial: 868. Best value: 0.384:  68%|██████▊   | 1351/2000 [17:15<08:17,  1.31it/s]Best trial: 868. Best value: 0.384:  68%|██████▊   | 1351/2000 [17:15<08:17,  1.31it/s]Best trial: 868. Best value: 0.384:  68%|██████▊   | 1352/2000 [17:15<08:10,  1.32it/s]                                                                                       Best trial: 868. Best value: 0.384:  68%|██████▊   | 1352/2000 [17:16<08:10,  1.32it/s]Best trial: 868. Best value: 0.384:  68%|██████▊   | 1352/2000 [17:16<08:10,  1.32it/s]Best trial: 868. Best value: 0.384:  68%|██████▊   | 1353/2000 [17:16<08:12,  1.31it/s]                                                                                       Best trial: 868. Best value: 0.384:  68%|██████▊   | 1353/2000 [17:17<08:12,  1.31it/s]Best trial: 868. Best value: 0.384:  68%|██████▊   | 1353/2000 [17:17<08:12,  1.31it/s]Best trial: 868. Best value: 0.384:  68%|██████▊   | 1354/2000 [17:17<08:18,  1.29it/s]                                                                                       Best trial: 868. Best value: 0.384:  68%|██████▊   | 1354/2000 [17:17<08:18,  1.29it/s]Best trial: 868. Best value: 0.384:  68%|██████▊   | 1354/2000 [17:17<08:18,  1.29it/s]Best trial: 868. Best value: 0.384:  68%|██████▊   | 1355/2000 [17:17<08:15,  1.30it/s]                                                                                       Best trial: 868. Best value: 0.384:  68%|██████▊   | 1355/2000 [17:18<08:15,  1.30it/s]Best trial: 868. Best value: 0.384:  68%|██████▊   | 1355/2000 [17:18<08:15,  1.30it/s]Best trial: 868. Best value: 0.384:  68%|██████▊   | 1356/2000 [17:18<08:07,  1.32it/s]                                                                                       Best trial: 868. Best value: 0.384:  68%|██████▊   | 1356/2000 [17:19<08:07,  1.32it/s]Best trial: 868. Best value: 0.384:  68%|██████▊   | 1356/2000 [17:19<08:07,  1.32it/s]Best trial: 868. Best value: 0.384:  68%|██████▊   | 1357/2000 [17:19<08:14,  1.30it/s]                                                                                       Best trial: 868. Best value: 0.384:  68%|██████▊   | 1357/2000 [17:20<08:14,  1.30it/s]Best trial: 868. Best value: 0.384:  68%|██████▊   | 1357/2000 [17:20<08:14,  1.30it/s]Best trial: 868. Best value: 0.384:  68%|██████▊   | 1358/2000 [17:20<08:11,  1.31it/s]                                                                                       Best trial: 868. Best value: 0.384:  68%|██████▊   | 1358/2000 [17:20<08:11,  1.31it/s]Best trial: 868. Best value: 0.384:  68%|██████▊   | 1358/2000 [17:20<08:11,  1.31it/s]Best trial: 868. Best value: 0.384:  68%|██████▊   | 1359/2000 [17:20<08:09,  1.31it/s]                                                                                       Best trial: 868. Best value: 0.384:  68%|██████▊   | 1359/2000 [17:21<08:09,  1.31it/s]Best trial: 868. Best value: 0.384:  68%|██████▊   | 1359/2000 [17:21<08:09,  1.31it/s]Best trial: 868. Best value: 0.384:  68%|██████▊   | 1360/2000 [17:21<08:02,  1.33it/s]                                                                                       Best trial: 868. Best value: 0.384:  68%|██████▊   | 1360/2000 [17:22<08:02,  1.33it/s]Best trial: 868. Best value: 0.384:  68%|██████▊   | 1360/2000 [17:22<08:02,  1.33it/s]Best trial: 868. Best value: 0.384:  68%|██████▊   | 1361/2000 [17:22<08:08,  1.31it/s]                                                                                       Best trial: 868. Best value: 0.384:  68%|██████▊   | 1361/2000 [17:23<08:08,  1.31it/s]Best trial: 868. Best value: 0.384:  68%|██████▊   | 1361/2000 [17:23<08:08,  1.31it/s]Best trial: 868. Best value: 0.384:  68%|██████▊   | 1362/2000 [17:23<08:05,  1.31it/s]                                                                                       Best trial: 868. Best value: 0.384:  68%|██████▊   | 1362/2000 [17:23<08:05,  1.31it/s]Best trial: 868. Best value: 0.384:  68%|██████▊   | 1362/2000 [17:23<08:05,  1.31it/s]Best trial: 868. Best value: 0.384:  68%|██████▊   | 1363/2000 [17:23<08:04,  1.31it/s]                                                                                       Best trial: 868. Best value: 0.384:  68%|██████▊   | 1363/2000 [17:24<08:04,  1.31it/s]Best trial: 868. Best value: 0.384:  68%|██████▊   | 1363/2000 [17:24<08:04,  1.31it/s]Best trial: 868. Best value: 0.384:  68%|██████▊   | 1364/2000 [17:24<08:02,  1.32it/s]                                                                                       Best trial: 868. Best value: 0.384:  68%|██████▊   | 1364/2000 [17:25<08:02,  1.32it/s]Best trial: 868. Best value: 0.384:  68%|██████▊   | 1364/2000 [17:25<08:02,  1.32it/s]Best trial: 868. Best value: 0.384:  68%|██████▊   | 1365/2000 [17:25<08:03,  1.31it/s]                                                                                       Best trial: 868. Best value: 0.384:  68%|██████▊   | 1365/2000 [17:26<08:03,  1.31it/s]Best trial: 868. Best value: 0.384:  68%|██████▊   | 1365/2000 [17:26<08:03,  1.31it/s]Best trial: 868. Best value: 0.384:  68%|██████▊   | 1366/2000 [17:26<08:04,  1.31it/s]                                                                                       
Trial 1333: ACCEPT (degrade 0.0%) - Eval: -0.016%, Val: 0.257%
[I 2025-10-25 04:45:05,213] Trial 1333 finished with value: -0.016000000000000004 and parameters: {'w_boll': 0.18072981183754652, 'w_rsi': 0.38684442940142955, 'w_mom': 0.3203965798335674, 'w_vwap': 0.6383403327140784, 'w_orb': 1.5037364702655345, 'w_ofi': 0.462295714446329, 'w_vol': 1.78521226581111, 'win_boll': 16, 'win_rsi': 8, 'win_mom': 5, 'win_vwap': 17, 'orb_opening_bars': 32, 'vol_window': 13}. Best is trial 868 with value: 0.384.
Trial 1334: ACCEPT (degrade -1171.7%) - Eval: 0.046%, Val: 0.585%
[I 2025-10-25 04:45:05,946] Trial 1334 finished with value: 0.046 and parameters: {'w_boll': 0.31579396896843104, 'w_rsi': 0.4923390833647754, 'w_mom': 0.290859736017257, 'w_vwap': 0.7147927309430075, 'w_orb': 1.9960237043015903, 'w_ofi': 0.36014632947564545, 'w_vol': 1.7001713695303942, 'win_boll': 16, 'win_rsi': 7, 'win_mom': 3, 'win_vwap': 15, 'orb_opening_bars': 30, 'vol_window': 14}. Best is trial 868 with value: 0.384.
Trial 1335: ACCEPT (degrade -156.8%) - Eval: 0.118%, Val: 0.303%
[I 2025-10-25 04:45:06,698] Trial 1335 finished with value: 0.11800000000000002 and parameters: {'w_boll': 0.3632229786614577, 'w_rsi': 0.42740977259097146, 'w_mom': 0.28766003892730774, 'w_vwap': 0.6789590800897519, 'w_orb': 1.9012236727960545, 'w_ofi': 0.42122600515706365, 'w_vol': 1.8393722925657203, 'win_boll': 18, 'win_rsi': 7, 'win_mom': 3, 'win_vwap': 16, 'orb_opening_bars': 31, 'vol_window': 13}. Best is trial 868 with value: 0.384.
Trial 1336: ACCEPT (degrade 0.0%) - Eval: -0.060%, Val: 0.228%
[I 2025-10-25 04:45:07,458] Trial 1336 finished with value: -0.059999999999999984 and parameters: {'w_boll': 1.2840455572347216, 'w_rsi': 0.36266378742124744, 'w_mom': 0.25153881276062684, 'w_vwap': 0.5993544127029833, 'w_orb': 1.9998363109441892, 'w_ofi': 0.3741483218863938, 'w_vol': 1.6379087004769506, 'win_boll': 16, 'win_rsi': 8, 'win_mom': 4, 'win_vwap': 18, 'orb_opening_bars': 33, 'vol_window': 12}. Best is trial 868 with value: 0.384.
Trial 1337: ACCEPT (degrade -256.0%) - Eval: 0.100%, Val: 0.356%
[I 2025-10-25 04:45:08,210] Trial 1337 finished with value: 0.1 and parameters: {'w_boll': 0.32539296824023417, 'w_rsi': 0.4654613692333232, 'w_mom': 0.27598949935496997, 'w_vwap': 0.7416270561672573, 'w_orb': 1.9502080767717853, 'w_ofi': 0.2966592835371126, 'w_vol': 1.7898280834366553, 'win_boll': 16, 'win_rsi': 8, 'win_mom': 4, 'win_vwap': 15, 'orb_opening_bars': 31, 'vol_window': 15}. Best is trial 868 with value: 0.384.
Trial 1338: ACCEPT (degrade 0.0%) - Eval: -0.036%, Val: 0.306%
[I 2025-10-25 04:45:08,987] Trial 1338 finished with value: -0.036 and parameters: {'w_boll': 0.2648460517657441, 'w_rsi': 0.4067833147308453, 'w_mom': 0.39375106788516373, 'w_vwap': 0.6562238914746406, 'w_orb': 1.9070716094097224, 'w_ofi': 0.5238908778349823, 'w_vol': 1.7429916688767075, 'win_boll': 18, 'win_rsi': 7, 'win_mom': 5, 'win_vwap': 15, 'orb_opening_bars': 30, 'vol_window': 12}. Best is trial 868 with value: 0.384.
Trial 1339: ACCEPT (degrade -1240.6%) - Eval: 0.032%, Val: 0.429%
[I 2025-10-25 04:45:09,739] Trial 1339 finished with value: 0.031999999999999994 and parameters: {'w_boll': 0.3514989961481633, 'w_rsi': 0.3643060773125869, 'w_mom': 0.32695849157842005, 'w_vwap': 0.6147729978405366, 'w_orb': 1.9481123558873803, 'w_ofi': 0.3929139796234131, 'w_vol': 1.8639892590830616, 'win_boll': 17, 'win_rsi': 7, 'win_mom': 3, 'win_vwap': 17, 'orb_opening_bars': 30, 'vol_window': 18}. Best is trial 868 with value: 0.384.
Trial 1340: ACCEPT (degrade -155.4%) - Eval: 0.130%, Val: 0.332%
[I 2025-10-25 04:45:10,495] Trial 1340 finished with value: 0.13 and parameters: {'w_boll': 0.14215080944038405, 'w_rsi': 0.5168103656063475, 'w_mom': 0.2801527054582292, 'w_vwap': 0.696506919211295, 'w_orb': 1.8834769404297946, 'w_ofi': 0.4714801894313785, 'w_vol': 1.81726658840093, 'win_boll': 15, 'win_rsi': 6, 'win_mom': 3, 'win_vwap': 16, 'orb_opening_bars': 30, 'vol_window': 12}. Best is trial 868 with value: 0.384.
Trial 1341: ACCEPT (degrade -975.0%) - Eval: 0.008%, Val: 0.086%
[I 2025-10-25 04:45:11,306] Trial 1341 finished with value: 0.007999999999999997 and parameters: {'w_boll': 0.28823755374574217, 'w_rsi': 0.41652437053465263, 'w_mom': 0.32418193686356905, 'w_vwap': 0.7553884842017102, 'w_orb': 1.96962263747218, 'w_ofi': 0.43940871792767955, 'w_vol': 1.8503716003627628, 'win_boll': 15, 'win_rsi': 6, 'win_mom': 5, 'win_vwap': 14, 'orb_opening_bars': 31, 'vol_window': 29}. Best is trial 868 with value: 0.384.
Trial 1342: ACCEPT (degrade 0.0%) - Eval: -0.200%, Val: -0.030%
[I 2025-10-25 04:45:12,098] Trial 1342 finished with value: -0.2 and parameters: {'w_boll': 1.9942347267644973, 'w_rsi': 0.4553438511446205, 'w_mom': 0.26811671833649686, 'w_vwap': 0.6397149638264763, 'w_orb': 0.17770589614068533, 'w_ofi': 0.49900253918067866, 'w_vol': 1.7740736367004921, 'win_boll': 37, 'win_rsi': 19, 'win_mom': 4, 'win_vwap': 15, 'orb_opening_bars': 29, 'vol_window': 13}. Best is trial 868 with value: 0.384.
Trial 1343: ACCEPT (degrade -270.6%) - Eval: 0.068%, Val: 0.252%
[I 2025-10-25 04:45:12,881] Trial 1343 finished with value: 0.06800000000000002 and parameters: {'w_boll': 0.22991178628614115, 'w_rsi': 0.3910489021789231, 'w_mom': 0.26941210993470177, 'w_vwap': 0.9909646812075223, 'w_orb': 1.9228275655067883, 'w_ofi': 0.4133756741964699, 'w_vol': 1.8199327805734224, 'win_boll': 16, 'win_rsi': 7, 'win_mom': 3, 'win_vwap': 14, 'orb_opening_bars': 32, 'vol_window': 12}. Best is trial 868 with value: 0.384.
Trial 1344: ACCEPT (degrade 0.0%) - Eval: -0.070%, Val: 0.242%
[I 2025-10-25 04:45:13,639] Trial 1344 finished with value: -0.06999999999999999 and parameters: {'w_boll': 0.3613647465263474, 'w_rsi': 0.3642642949688995, 'w_mom': 0.30743138177976675, 'w_vwap': 0.790977970325124, 'w_orb': 1.893660529756913, 'w_ofi': 0.35528202139727805, 'w_vol': 1.8715254685607197, 'win_boll': 16, 'win_rsi': 6, 'win_mom': 4, 'win_vwap': 18, 'orb_opening_bars': 31, 'vol_window': 14}. Best is trial 868 with value: 0.384.
Trial 1345: REJECT (overfit 151.3%) - Eval: 0.154%, Val: -0.079%
[I 2025-10-25 04:45:14,400] Trial 1345 finished with value: -999.0 and parameters: {'w_boll': 0.30929181277517026, 'w_rsi': 0.4723432088266244, 'w_mom': 0.2647518869500375, 'w_vwap': 0.5811341388504508, 'w_orb': 1.9983963363214174, 'w_ofi': 0.5466145165299476, 'w_vol': 1.7498067215285371, 'win_boll': 11, 'win_rsi': 7, 'win_mom': 6, 'win_vwap': 16, 'orb_opening_bars': 33, 'vol_window': 13}. Best is trial 868 with value: 0.384.
Trial 1346: ACCEPT (degrade 0.0%) - Eval: -0.156%, Val: 0.287%
[I 2025-10-25 04:45:15,196] Trial 1346 finished with value: -0.156 and parameters: {'w_boll': 0.36878735897424586, 'w_rsi': 0.5486460004509011, 'w_mom': 0.26398118422759864, 'w_vwap': 0.7161660889079777, 'w_orb': 1.3270162089165742, 'w_ofi': 0.45556556994170616, 'w_vol': 1.8015801318919091, 'win_boll': 15, 'win_rsi': 9, 'win_mom': 5, 'win_vwap': 14, 'orb_opening_bars': 33, 'vol_window': 12}. Best is trial 868 with value: 0.384.
Trial 1347: ACCEPT (degrade -590.0%) - Eval: 0.050%, Val: 0.345%
[I 2025-10-25 04:45:15,926] Trial 1347 finished with value: 0.05 and parameters: {'w_boll': 0.3347700242747288, 'w_rsi': 1.6138953854921616, 'w_mom': 0.4680997925060293, 'w_vwap': 0.6732336275776083, 'w_orb': 1.9409116574850616, 'w_ofi': 0.4193573353950692, 'w_vol': 1.686734212913794, 'win_boll': 10, 'win_rsi': 6, 'win_mom': 4, 'win_vwap': 29, 'orb_opening_bars': 28, 'vol_window': 12}. Best is trial 868 with value: 0.384.
Trial 1348: ACCEPT (degrade 0.0%) - Eval: -0.064%, Val: 0.194%
