[I 2025-10-25 04:41:36,935] Trial 1063 finished with value: 0.05800000000000001 and parameters: {'w_boll': 0.3866727067048111, 'w_rsi': 0.2616290996203526, 'w_mom': 1.20958656557524, 'w_vwap': 0.7872139402020933, 'w_orb': 1.8341590819505404, 'w_ofi': 1.4108324444068367, 'w_vol': 1.7822321101805048, 'win_boll': 13, 'win_rsi': 7, 'win_mom': 6, 'win_vwap': 14, 'orb_opening_bars': 47, 'vol_window': 12}. Best is trial 868 with value: 0.384.
Trial 1064: ACCEPT (degrade 0.0%) - Eval: -0.168%, Val: 0.095%
[I 2025-10-25 04:41:37,678] Trial 1064 finished with value: -0.168 and parameters: {'w_boll': 0.5872469231288989, 'w_rsi': 0.13819158878848953, 'w_mom': 1.1558477618835485, 'w_vwap': 0.8823484737305328, 'w_orb': 1.9330963096157463, 'w_ofi': 1.7351668112169594, 'w_vol': 1.833970210411756, 'win_boll': 24, 'win_rsi': 6, 'win_mom': 5, 'win_vwap': 12, 'orb_opening_bars': 48, 'vol_window': 31}. Best is trial 868 with value: 0.384.
Trial 1065: REJECT (overfit 0.0%) - Eval: -0.110%, Val: -0.195%
[I 2025-10-25 04:41:38,469] Trial 1065 finished with value: -999.0 and parameters: {'w_boll': 0.3270547878322583, 'w_rsi': 0.3072291144345216, 'w_mom': 0.1856206374488842, 'w_vwap': 0.7862231515476477, 'w_orb': 1.8985308038661672, 'w_ofi': 1.4734884372274764, 'w_vol': 1.970761164752142, 'win_boll': 11, 'win_rsi': 5, 'win_mom': 6, 'win_vwap': 16, 'orb_opening_bars': 29, 'vol_window': 11}. Best is trial 868 with value: 0.384.
Trial 1066: ACCEPT (degrade 0.0%) - Eval: -0.062%, Val: 0.343%
[I 2025-10-25 04:41:39,236] Trial 1066 finished with value: -0.06200000000000001 and parameters: {'w_boll': 0.19255753352421523, 'w_rsi': 0.21983928682590675, 'w_mom': 0.7279264516592687, 'w_vwap': 0.8152338494699833, 'w_orb': 1.9699773213412344, 'w_ofi': 1.8871767694110622, 'w_vol': 1.8852611054135937, 'win_boll': 12, 'win_rsi': 8, 'win_mom': 5, 'win_vwap': 13, 'orb_opening_bars': 49, 'vol_window': 12}. Best is trial 868 with value: 0.384.
Trial 1067: ACCEPT (degrade 0.0%) - Eval: -0.242%, Val: 0.305%
[I 2025-10-25 04:41:39,969] Trial 1067 finished with value: -0.242 and parameters: {'w_boll': 0.5134977487899268, 'w_rsi': 0.16865149408302638, 'w_mom': 0.2336477105326265, 'w_vwap': 0.7458602795118454, 'w_orb': 1.848816753418614, 'w_ofi': 1.4581499535978981, 'w_vol': 1.9379239939437383, 'win_boll': 13, 'win_rsi': 7, 'win_mom': 5, 'win_vwap': 15, 'orb_opening_bars': 45, 'vol_window': 10}. Best is trial 868 with value: 0.384.
Trial 1068: ACCEPT (degrade -196.6%) - Eval: 0.088%, Val: 0.261%
[I 2025-10-25 04:41:40,722] Trial 1068 finished with value: 0.08800000000000001 and parameters: {'w_boll': 0.42241786908004764, 'w_rsi': 0.3187726437736985, 'w_mom': 1.3384894822152553, 'w_vwap': 0.7659136062683881, 'w_orb': 1.8012017102228308, 'w_ofi': 1.5459696764349573, 'w_vol': 1.814234961292484, 'win_boll': 14, 'win_rsi': 6, 'win_mom': 6, 'win_vwap': 32, 'orb_opening_bars': 48, 'vol_window': 12}. Best is trial 868 with value: 0.384.
Trial 1069: ACCEPT (degrade 0.0%) - Eval: -0.184%, Val: 0.107%
[I 2025-10-25 04:41:41,471] Trial 1069 finished with value: -0.184 and parameters: {'w_boll': 0.35849767253990816, 'w_rsi': 0.2729064821418099, 'w_mom': 0.25470720775490696, 'w_vwap': 0.8349763600973992, 'w_orb': 1.9266576537222526, 'w_ofi': 1.5571594322329736, 'w_vol': 1.8657489597528523, 'win_boll': 14, 'win_rsi': 9, 'win_mom': 7, 'win_vwap': 12, 'orb_opening_bars': 35, 'vol_window': 11}. Best is trial 868 with value: 0.384.
Trial 1070: ACCEPT (degrade 0.0%) - Eval: -0.112%, Val: 0.154%
[I 2025-10-25 04:41:42,225] Trial 1070 finished with value: -0.11199999999999999 and parameters: {'w_boll': 0.2923620523603462, 'w_rsi': 0.21691143592037515, 'w_mom': 0.18311915371019363, 'w_vwap': 0.7405963148030504, 'w_orb': 1.885390582794324, 'w_ofi': 1.5957127765024746, 'w_vol': 1.7751199164722844, 'win_boll': 12, 'win_rsi': 7, 'win_mom': 5, 'win_vwap': 25, 'orb_opening_bars': 47, 'vol_window': 13}. Best is trial 868 with value: 0.384.
Trial 1071: ACCEPT (degrade -332.4%) - Eval: 0.034%, Val: 0.147%
[I 2025-10-25 04:41:42,963] Trial 1071 finished with value: 0.033999999999999996 and parameters: {'w_boll': 0.38985472916055686, 'w_rsi': 0.2588065040068803, 'w_mom': 1.2891792226318293, 'w_vwap': 0.779080526420484, 'w_orb': 1.9447393193745668, 'w_ofi': 1.4324249138948935, 'w_vol': 1.8997362354509986, 'win_boll': 16, 'win_rsi': 5, 'win_mom': 6, 'win_vwap': 38, 'orb_opening_bars': 49, 'vol_window': 10}. Best is trial 868 with value: 0.384.
Trial 1072: REJECT (overfit 200.0%) - Eval: 0.046%, Val: -0.046%
[I 2025-10-25 04:41:43,718] Trial 1072 finished with value: -999.0 and parameters: {'w_boll': 0.23679508953086362, 'w_rsi': 0.1399438809565844, 'w_mom': 1.394501914658305, 'w_vwap': 0.9688454357313896, 'w_orb': 0.13167872043627582, 'w_ofi': 1.3573622050244276, 'w_vol': 1.7288366577722458, 'win_boll': 22, 'win_rsi': 6, 'win_mom': 4, 'win_vwap': 14, 'orb_opening_bars': 49, 'vol_window': 11}. Best is trial 868 with value: 0.384.
Trial 1073: ACCEPT (degrade 0.0%) - Eval: -0.150%, Val: 0.350%
[I 2025-10-25 04:41:44,503] Trial 1073 finished with value: -0.15 and parameters: {'w_boll': 0.46399571231545345, 'w_rsi': 0.19182183065336553, 'w_mom': 0.20330385657004552, 'w_vwap': 0.7122449276118888, 'w_orb': 1.9690981406933425, 'w_ofi': 1.58436546729689, 'w_vol': 1.9590755334921817, 'win_boll': 49, 'win_rsi': 5, 'win_mom': 4, 'win_vwap': 13, 'orb_opening_bars': 48, 'vol_window': 12}. Best is trial 868 with value: 0.384.
Trial 1074: ACCEPT (degrade 0.0%) - Eval: -0.060%, Val: 0.238%
[I 2025-10-25 04:41:45,254] Trial 1074 finished with value: -0.059999999999999984 and parameters: {'w_boll': 1.2443599243771066, 'w_rsi': 0.3247494177012408, 'w_mom': 0.15919928451527268, 'w_vwap': 0.8139939537105993, 'w_orb': 1.9998895683165485, 'w_ofi': 1.7866298285391529, 'w_vol': 1.845022161552599, 'win_boll': 11, 'win_rsi': 7, 'win_mom': 5, 'win_vwap': 12, 'orb_opening_bars': 38, 'vol_window': 10}. Best is trial 868 with value: 0.384.
Trial 1075: ACCEPT (degrade -8.3%) - Eval: 0.156%, Val: 0.169%
[I 2025-10-25 04:41:45,985] Trial 1075 finished with value: 0.156 and parameters: {'w_boll': 0.431329503747796, 'w_rsi': 0.24339841068219933, 'w_mom': 0.22221268580674625, 'w_vwap': 0.8776932886315948, 'w_orb': 1.8671880807519232, 'w_ofi': 1.8521685271730666, 'w_vol': 1.915077018744341, 'win_boll': 15, 'win_rsi': 6, 'win_mom': 6, 'win_vwap': 11, 'orb_opening_bars': 47, 'vol_window': 13}. Best is trial 868 with value: 0.384.
Trial 1076: ACCEPT (degrade 0.0%) - Eval: -0.008%, Val: 0.047%
[I 2025-10-25 04:41:46,730] Trial 1076 finished with value: -0.008000000000000007 and parameters: {'w_boll': 0.4909075388227202, 'w_rsi': 0.2904298230063436, 'w_mom': 0.26510886366829456, 'w_vwap': 0.7497873720035799, 'w_orb': 1.9024240548270746, 'w_ofi': 1.7039588999590494, 'w_vol': 1.802084668193981, 'win_boll': 11, 'win_rsi': 8, 'win_mom': 4, 'win_vwap': 15, 'orb_opening_bars': 50, 'vol_window': 11}. Best is trial 868 with value: 0.384.
Trial 1077: ACCEPT (degrade -1677.8%) - Eval: 0.018%, Val: 0.320%
[I 2025-10-25 04:41:47,527] Trial 1077 finished with value: 0.017999999999999995 and parameters: {'w_boll': 0.33351242933080644, 'w_rsi': 0.17245474559114587, 'w_mom': 0.17571560238056852, 'w_vwap': 0.7109381626665163, 'w_orb': 1.836032500571575, 'w_ofi': 1.9200099508563353, 'w_vol': 1.9991845337930283, 'win_boll': 13, 'win_rsi': 6, 'win_mom': 8, 'win_vwap': 44, 'orb_opening_bars': 36, 'vol_window': 12}. Best is trial 868 with value: 0.384.Best trial: 868. Best value: 0.384:  55%|█████▍    | 1094/2000 [13:57<11:27,  1.32it/s]Best trial: 868. Best value: 0.384:  55%|█████▍    | 1094/2000 [13:57<11:27,  1.32it/s]Best trial: 868. Best value: 0.384:  55%|█████▍    | 1095/2000 [13:57<11:53,  1.27it/s]                                                                                       Best trial: 868. Best value: 0.384:  55%|█████▍    | 1095/2000 [13:57<11:53,  1.27it/s]Best trial: 868. Best value: 0.384:  55%|█████▍    | 1095/2000 [13:57<11:53,  1.27it/s]Best trial: 868. Best value: 0.384:  55%|█████▍    | 1096/2000 [13:57<11:51,  1.27it/s]                                                                                       Best trial: 868. Best value: 0.384:  55%|█████▍    | 1096/2000 [13:58<11:51,  1.27it/s]Best trial: 868. Best value: 0.384:  55%|█████▍    | 1096/2000 [13:58<11:51,  1.27it/s]Best trial: 868. Best value: 0.384:  55%|█████▍    | 1097/2000 [13:58<11:37,  1.30it/s]                                                                                       Best trial: 868. Best value: 0.384:  55%|█████▍    | 1097/2000 [13:59<11:37,  1.30it/s]Best trial: 868. Best value: 0.384:  55%|█████▍    | 1097/2000 [13:59<11:37,  1.30it/s]Best trial: 868. Best value: 0.384:  55%|█████▍    | 1098/2000 [13:59<11:37,  1.29it/s]                                                                                       Best trial: 868. Best value: 0.384:  55%|█████▍    | 1098/2000 [14:00<11:37,  1.29it/s]Best trial: 868. Best value: 0.384:  55%|█████▍    | 1098/2000 [14:00<11:37,  1.29it/s]Best trial: 868. Best value: 0.384:  55%|█████▍    | 1099/2000 [14:00<11:36,  1.29it/s]                                                                                       Best trial: 868. Best value: 0.384:  55%|█████▍    | 1099/2000 [14:00<11:36,  1.29it/s]Best trial: 868. Best value: 0.384:  55%|█████▍    | 1099/2000 [14:00<11:36,  1.29it/s]Best trial: 868. Best value: 0.384:  55%|█████▌    | 1100/2000 [14:00<11:31,  1.30it/s]                                                                                       Best trial: 868. Best value: 0.384:  55%|█████▌    | 1100/2000 [14:01<11:31,  1.30it/s]Best trial: 868. Best value: 0.384:  55%|█████▌    | 1100/2000 [14:01<11:31,  1.30it/s]Best trial: 868. Best value: 0.384:  55%|█████▌    | 1101/2000 [14:01<11:25,  1.31it/s]                                                                                       Best trial: 868. Best value: 0.384:  55%|█████▌    | 1101/2000 [14:02<11:25,  1.31it/s]Best trial: 868. Best value: 0.384:  55%|█████▌    | 1101/2000 [14:02<11:25,  1.31it/s]Best trial: 868. Best value: 0.384:  55%|█████▌    | 1102/2000 [14:02<11:22,  1.32it/s]                                                                                       Best trial: 868. Best value: 0.384:  55%|█████▌    | 1102/2000 [14:03<11:22,  1.32it/s]Best trial: 868. Best value: 0.384:  55%|█████▌    | 1102/2000 [14:03<11:22,  1.32it/s]Best trial: 868. Best value: 0.384:  55%|█████▌    | 1103/2000 [14:03<11:19,  1.32it/s]                                                                                       Best trial: 868. Best value: 0.384:  55%|█████▌    | 1103/2000 [14:03<11:19,  1.32it/s]Best trial: 868. Best value: 0.384:  55%|█████▌    | 1103/2000 [14:03<11:19,  1.32it/s]Best trial: 868. Best value: 0.384:  55%|█████▌    | 1104/2000 [14:03<11:18,  1.32it/s]                                                                                       Best trial: 868. Best value: 0.384:  55%|█████▌    | 1104/2000 [14:04<11:18,  1.32it/s]Best trial: 868. Best value: 0.384:  55%|█████▌    | 1104/2000 [14:04<11:18,  1.32it/s]Best trial: 868. Best value: 0.384:  55%|█████▌    | 1105/2000 [14:04<11:14,  1.33it/s]                                                                                       Best trial: 868. Best value: 0.384:  55%|█████▌    | 1105/2000 [14:05<11:14,  1.33it/s]Best trial: 868. Best value: 0.384:  55%|█████▌    | 1105/2000 [14:05<11:14,  1.33it/s]Best trial: 868. Best value: 0.384:  55%|█████▌    | 1106/2000 [14:05<11:04,  1.35it/s]                                                                                       Best trial: 868. Best value: 0.384:  55%|█████▌    | 1106/2000 [14:06<11:04,  1.35it/s]Best trial: 868. Best value: 0.384:  55%|█████▌    | 1106/2000 [14:06<11:04,  1.35it/s]Best trial: 868. Best value: 0.384:  55%|█████▌    | 1107/2000 [14:06<11:05,  1.34it/s]                                                                                       Best trial: 868. Best value: 0.384:  55%|█████▌    | 1107/2000 [14:06<11:05,  1.34it/s]Best trial: 868. Best value: 0.384:  55%|█████▌    | 1107/2000 [14:06<11:05,  1.34it/s]Best trial: 868. Best value: 0.384:  55%|█████▌    | 1108/2000 [14:06<11:07,  1.34it/s]                                                                                       Best trial: 868. Best value: 0.384:  55%|█████▌    | 1108/2000 [14:07<11:07,  1.34it/s]Best trial: 868. Best value: 0.384:  55%|█████▌    | 1108/2000 [14:07<11:07,  1.34it/s]Best trial: 868. Best value: 0.384:  55%|█████▌    | 1109/2000 [14:07<10:59,  1.35it/s]                                                                                       Best trial: 868. Best value: 0.384:  55%|█████▌    | 1109/2000 [14:08<10:59,  1.35it/s]Best trial: 868. Best value: 0.384:  55%|█████▌    | 1109/2000 [14:08<10:59,  1.35it/s]Best trial: 868. Best value: 0.384:  56%|█████▌    | 1110/2000 [14:08<11:16,  1.31it/s]                                                                                       Best trial: 868. Best value: 0.384:  56%|█████▌    | 1110/2000 [14:09<11:16,  1.31it/s]Best trial: 868. Best value: 0.384:  56%|█████▌    | 1110/2000 [14:09<11:16,  1.31it/s]Best trial: 868. Best value: 0.384:  56%|█████▌    | 1111/2000 [14:09<11:16,  1.31it/s]                                                                                       
Trial 1078: ACCEPT (degrade 0.0%) - Eval: -0.022%, Val: -0.002%
[I 2025-10-25 04:41:48,278] Trial 1078 finished with value: -0.022000000000000002 and parameters: {'w_boll': 0.5480671331058315, 'w_rsi': 0.2054118948402972, 'w_mom': 1.5585783178426937, 'w_vwap': 0.6691710304276767, 'w_orb': 1.7659410446837147, 'w_ofi': 1.3217739834521915, 'w_vol': 1.6748910277574443, 'win_boll': 12, 'win_rsi': 7, 'win_mom': 5, 'win_vwap': 13, 'orb_opening_bars': 46, 'vol_window': 10}. Best is trial 868 with value: 0.384.
Trial 1079: REJECT (overfit 38.4%) - Eval: 0.224%, Val: 0.138%
[I 2025-10-25 04:41:49,015] Trial 1079 finished with value: -999.0 and parameters: {'w_boll': 0.38976002479866834, 'w_rsi': 0.31701267543321326, 'w_mom': 0.8763352784489171, 'w_vwap': 0.9231568474224903, 'w_orb': 1.9317318239987034, 'w_ofi': 0.4315247505742739, 'w_vol': 1.870210444850548, 'win_boll': 17, 'win_rsi': 5, 'win_mom': 4, 'win_vwap': 11, 'orb_opening_bars': 49, 'vol_window': 11}. Best is trial 868 with value: 0.384.
Trial 1080: ACCEPT (degrade -7175.0%) - Eval: 0.004%, Val: 0.291%
[I 2025-10-25 04:41:49,768] Trial 1080 finished with value: 0.003999999999999988 and parameters: {'w_boll': 0.27041136456606873, 'w_rsi': 0.35044991575676504, 'w_mom': 1.3140162803118185, 'w_vwap': 0.6137742588568929, 'w_orb': 1.966660083241139, 'w_ofi': 1.6525734603961821, 'w_vol': 1.7528114792670009, 'win_boll': 14, 'win_rsi': 6, 'win_mom': 6, 'win_vwap': 17, 'orb_opening_bars': 48, 'vol_window': 11}. Best is trial 868 with value: 0.384.
Trial 1081: REJECT (overfit 125.0%) - Eval: 0.072%, Val: -0.018%
[I 2025-10-25 04:41:50,569] Trial 1081 finished with value: -999.0 and parameters: {'w_boll': 0.4202918191849434, 'w_rsi': 0.13927632852970886, 'w_mom': 0.9904345582615497, 'w_vwap': 0.808360601832143, 'w_orb': 1.900388772511466, 'w_ofi': 1.9678594819011137, 'w_vol': 1.8275786593202383, 'win_boll': 10, 'win_rsi': 5, 'win_mom': 4, 'win_vwap': 14, 'orb_opening_bars': 49, 'vol_window': 12}. Best is trial 868 with value: 0.384.
Trial 1082: ACCEPT (degrade 0.0%) - Eval: -0.082%, Val: 0.093%
[I 2025-10-25 04:41:51,345] Trial 1082 finished with value: -0.08199999999999999 and parameters: {'w_boll': 0.3558720874617495, 'w_rsi': 0.2428645633102836, 'w_mom': 1.2465780996948335, 'w_vwap': 0.7623530481324065, 'w_orb': 1.8079567005152268, 'w_ofi': 1.751301149073979, 'w_vol': 1.937282591523585, 'win_boll': 19, 'win_rsi': 14, 'win_mom': 7, 'win_vwap': 21, 'orb_opening_bars': 50, 'vol_window': 20}. Best is trial 868 with value: 0.384.
Trial 1083: ACCEPT (degrade 0.0%) - Eval: -0.302%, Val: -0.075%
[I 2025-10-25 04:41:52,104] Trial 1083 finished with value: -0.302 and parameters: {'w_boll': 0.3213766541158658, 'w_rsi': 0.2770543711035682, 'w_mom': 1.3765559377904137, 'w_vwap': 0.6402078040251665, 'w_orb': 0.43395933989415625, 'w_ofi': 1.8970384465873282, 'w_vol': 1.8899229930401076, 'win_boll': 13, 'win_rsi': 7, 'win_mom': 5, 'win_vwap': 12, 'orb_opening_bars': 48, 'vol_window': 15}. Best is trial 868 with value: 0.384.
Trial 1084: ACCEPT (degrade 0.0%) - Eval: -0.026%, Val: 0.265%
[I 2025-10-25 04:41:52,839] Trial 1084 finished with value: -0.025999999999999995 and parameters: {'w_boll': 0.4542949985021479, 'w_rsi': 0.3604150998669267, 'w_mom': 0.16009332363623316, 'w_vwap': 1.0591685821291, 'w_orb': 1.8596333178355218, 'w_ofi': 1.9970167316584306, 'w_vol': 1.7830097861346779, 'win_boll': 20, 'win_rsi': 6, 'win_mom': 4, 'win_vwap': 11, 'orb_opening_bars': 47, 'vol_window': 14}. Best is trial 868 with value: 0.384.
Trial 1085: ACCEPT (degrade 17.8%) - Eval: 0.230%, Val: 0.189%
[I 2025-10-25 04:41:53,631] Trial 1085 finished with value: 0.22999999999999998 and parameters: {'w_boll': 0.5163151032456071, 'w_rsi': 0.21564446190822392, 'w_mom': 1.201113451622297, 'w_vwap': 0.7186405249886639, 'w_orb': 1.9375901796389743, 'w_ofi': 1.8259479323810983, 'w_vol': 1.9592816194091418, 'win_boll': 15, 'win_rsi': 7, 'win_mom': 5, 'win_vwap': 16, 'orb_opening_bars': 50, 'vol_window': 10}. Best is trial 868 with value: 0.384.
Trial 1086: REJECT (overfit 0.0%) - Eval: -0.086%, Val: -0.134%
[I 2025-10-25 04:41:54,383] Trial 1086 finished with value: -999.0 and parameters: {'w_boll': 0.40243920768508495, 'w_rsi': 0.10303645402072505, 'w_mom': 0.20085591137376022, 'w_vwap': 0.543942117537243, 'w_orb': 1.9049797297540425, 'w_ofi': 1.785154350572283, 'w_vol': 1.9202975358748349, 'win_boll': 12, 'win_rsi': 8, 'win_mom': 5, 'win_vwap': 13, 'orb_opening_bars': 49, 'vol_window': 13}. Best is trial 868 with value: 0.384.
Trial 1087: REJECT (overfit 29.9%) - Eval: 0.298%, Val: 0.209%
[I 2025-10-25 04:41:55,136] Trial 1087 finished with value: -999.0 and parameters: {'w_boll': 0.2975663131717198, 'w_rsi': 0.2943260510079994, 'w_mom': 1.27628583274363, 'w_vwap': 0.8548620919918144, 'w_orb': 1.3398384444226539, 'w_ofi': 1.8683369079208938, 'w_vol': 1.851947070520243, 'win_boll': 14, 'win_rsi': 6, 'win_mom': 6, 'win_vwap': 12, 'orb_opening_bars': 48, 'vol_window': 11}. Best is trial 868 with value: 0.384.
Trial 1088: ACCEPT (degrade 0.0%) - Eval: -0.030%, Val: 0.458%
[I 2025-10-25 04:41:55,865] Trial 1088 finished with value: -0.030000000000000006 and parameters: {'w_boll': 0.36606223014151806, 'w_rsi': 0.1597793953785948, 'w_mom': 0.4596558773065388, 'w_vwap': 0.6719757050397477, 'w_orb': 1.970528253652158, 'w_ofi': 1.9292723810675718, 'w_vol': 1.8235786324429648, 'win_boll': 42, 'win_rsi': 5, 'win_mom': 4, 'win_vwap': 15, 'orb_opening_bars': 49, 'vol_window': 10}. Best is trial 868 with value: 0.384.
Trial 1089: ACCEPT (degrade -142.3%) - Eval: 0.156%, Val: 0.378%
[I 2025-10-25 04:41:56,659] Trial 1089 finished with value: 0.15599999999999997 and parameters: {'w_boll': 0.48430818846052126, 'w_rsi': 0.34634880303980997, 'w_mom': 1.4522183668230242, 'w_vwap': 0.7920395501546347, 'w_orb': 1.8668286675933743, 'w_ofi': 1.673328267187442, 'w_vol': 1.7522831076116296, 'win_boll': 35, 'win_rsi': 6, 'win_mom': 7, 'win_vwap': 29, 'orb_opening_bars': 48, 'vol_window': 12}. Best is trial 868 with value: 0.384.
Trial 1090: ACCEPT (degrade 15.7%) - Eval: 0.102%, Val: 0.086%
[I 2025-10-25 04:41:57,406] Trial 1090 finished with value: 0.10200000000000001 and parameters: {'w_boll': 0.20398442968381592, 'w_rsi': 0.25915625263787134, 'w_mom': 0.2353920317579659, 'w_vwap': 0.5818107997272487, 'w_orb': 1.9985416223081136, 'w_ofi': 1.9477263018935735, 'w_vol': 1.8893167908411803, 'win_boll': 11, 'win_rsi': 7, 'win_mom': 4, 'win_vwap': 11, 'orb_opening_bars': 46, 'vol_window': 11}. Best is trial 868 with value: 0.384.
Trial 1091: ACCEPT (degrade 0.0%) - Eval: -0.034%, Val: 0.362%
[I 2025-10-25 04:41:58,158] Trial 1091 finished with value: -0.03400000000000001 and parameters: {'w_boll': 0.25044691875720243, 'w_rsi': 0.18506267526863185, 'w_mom': 1.3419998302642588, 'w_vwap': 0.7503063660634388, 'w_orb': 1.784635431719989, 'w_ofi': 1.7580970437105545, 'w_vol': 1.7040267420021302, 'win_boll': 13, 'win_rsi': 6, 'win_mom': 6, 'win_vwap': 14, 'orb_opening_bars': 47, 'vol_window': 12}. Best is trial 868 with value: 0.384.
Trial 1092: ACCEPT (degrade 0.0%) - Eval: -0.144%, Val: 0.266%
[I 2025-10-25 04:41:58,886] Trial 1092 finished with value: -0.144 and parameters: {'w_boll': 0.42187536587978497, 'w_rsi': 0.23719280815765142, 'w_mom': 0.1605978726613032, 'w_vwap': 0.6306783376435167, 'w_orb': 1.9255481941458497, 'w_ofi': 0.446399628258407, 'w_vol': 1.9709513617514565, 'win_boll': 15, 'win_rsi': 7, 'win_mom': 5, 'win_vwap': 12, 'orb_opening_bars': 40, 'vol_window': 44}. Best is trial 868 with value: 0.384.
Trial 1093: REJECT (overfit 126.5%) - Eval: 0.068%, Val: -0.018%
[I 2025-10-25 04:41:59,672] Trial 1093 finished with value: -999.0 and parameters: {'w_boll': 0.3525006645052864, 'w_rsi': 0.3221070009807383, 'w_mom': 0.1293424138968181, 'w_vwap': 0.7028386130680249, 'w_orb': 1.88412740998327, 'w_ofi': 1.4961233848303377, 'w_vol': 1.8110198176436565, 'win_boll': 16, 'win_rsi': 5, 'win_mom': 9, 'win_vwap': 31, 'orb_opening_bars': 50, 'vol_window': 13}. Best is trial 868 with value: 0.384.
Trial 1094: ACCEPT (degrade 11.5%) - Eval: 0.052%, Val: 0.046%
