[I 2025-10-25 04:32:36,119] Trial 354 finished with value: -0.178 and parameters: {'w_boll': 0.4275106214722829, 'w_rsi': 1.3976465730804588, 'w_mom': 0.20880434042676968, 'w_vwap': 0.6871719668092311, 'w_orb': 1.8376501825941007, 'w_ofi': 0.6679870590548752, 'w_vol': 1.8730251522440415, 'win_boll': 13, 'win_rsi': 9, 'win_mom': 10, 'win_vwap': 13, 'orb_opening_bars': 46, 'vol_window': 40}. Best is trial 112 with value: 0.33399999999999996.
Trial 355: ACCEPT (degrade -175.0%) - Eval: 0.072%, Val: 0.198%                                                                                      Best trial: 112. Best value: 0.334:  19%|█▊        | 371/2000 [04:45<20:20,  1.33it/s]Best trial: 112. Best value: 0.334:  19%|█▊        | 371/2000 [04:45<20:20,  1.33it/s]Best trial: 112. Best value: 0.334:  19%|█▊        | 372/2000 [04:45<20:07,  1.35it/s]                                                                                      Best trial: 112. Best value: 0.334:  19%|█▊        | 372/2000 [04:46<20:07,  1.35it/s]Best trial: 112. Best value: 0.334:  19%|█▊        | 372/2000 [04:46<20:07,  1.35it/s]Best trial: 112. Best value: 0.334:  19%|█▊        | 373/2000 [04:46<20:30,  1.32it/s]                                                                                      Best trial: 112. Best value: 0.334:  19%|█▊        | 373/2000 [04:47<20:30,  1.32it/s]Best trial: 112. Best value: 0.334:  19%|█▊        | 373/2000 [04:47<20:30,  1.32it/s]Best trial: 112. Best value: 0.334:  19%|█▊        | 374/2000 [04:47<20:22,  1.33it/s]                                                                                      Best trial: 112. Best value: 0.334:  19%|█▊        | 374/2000 [04:47<20:22,  1.33it/s]Best trial: 112. Best value: 0.334:  19%|█▊        | 374/2000 [04:47<20:22,  1.33it/s]Best trial: 112. Best value: 0.334:  19%|█▉        | 375/2000 [04:47<20:18,  1.33it/s]                                                                                      Best trial: 112. Best value: 0.334:  19%|█▉        | 375/2000 [04:48<20:18,  1.33it/s]Best trial: 112. Best value: 0.334:  19%|█▉        | 375/2000 [04:48<20:18,  1.33it/s]Best trial: 112. Best value: 0.334:  19%|█▉        | 376/2000 [04:48<20:03,  1.35it/s]                                                                                      Best trial: 112. Best value: 0.334:  19%|█▉        | 376/2000 [04:49<20:03,  1.35it/s]Best trial: 112. Best value: 0.334:  19%|█▉        | 376/2000 [04:49<20:03,  1.35it/s]Best trial: 112. Best value: 0.334:  19%|█▉        | 377/2000 [04:49<20:25,  1.32it/s]                                                                                      Best trial: 112. Best value: 0.334:  19%|█▉        | 377/2000 [04:50<20:25,  1.32it/s]Best trial: 112. Best value: 0.334:  19%|█▉        | 377/2000 [04:50<20:25,  1.32it/s]Best trial: 112. Best value: 0.334:  19%|█▉        | 378/2000 [04:50<20:25,  1.32it/s]                                                                                      Best trial: 112. Best value: 0.334:  19%|█▉        | 378/2000 [04:50<20:25,  1.32it/s]Best trial: 112. Best value: 0.334:  19%|█▉        | 378/2000 [04:50<20:25,  1.32it/s]Best trial: 112. Best value: 0.334:  19%|█▉        | 379/2000 [04:50<20:18,  1.33it/s]                                                                                      Best trial: 112. Best value: 0.334:  19%|█▉        | 379/2000 [04:51<20:18,  1.33it/s]Best trial: 112. Best value: 0.334:  19%|█▉        | 379/2000 [04:51<20:18,  1.33it/s]Best trial: 112. Best value: 0.334:  19%|█▉        | 380/2000 [04:51<20:12,  1.34it/s]                                                                                      Best trial: 112. Best value: 0.334:  19%|█▉        | 380/2000 [04:52<20:12,  1.34it/s]Best trial: 112. Best value: 0.334:  19%|█▉        | 380/2000 [04:52<20:12,  1.34it/s]Best trial: 112. Best value: 0.334:  19%|█▉        | 381/2000 [04:52<20:34,  1.31it/s]                                                                                      Best trial: 112. Best value: 0.334:  19%|█▉        | 381/2000 [04:53<20:34,  1.31it/s]Best trial: 112. Best value: 0.334:  19%|█▉        | 381/2000 [04:53<20:34,  1.31it/s]Best trial: 112. Best value: 0.334:  19%|█▉        | 382/2000 [04:53<20:35,  1.31it/s]                                                                                      Best trial: 112. Best value: 0.334:  19%|█▉        | 382/2000 [04:53<20:35,  1.31it/s]Best trial: 112. Best value: 0.334:  19%|█▉        | 382/2000 [04:53<20:35,  1.31it/s]Best trial: 112. Best value: 0.334:  19%|█▉        | 383/2000 [04:53<20:36,  1.31it/s]                                                                                      Best trial: 112. Best value: 0.334:  19%|█▉        | 383/2000 [04:54<20:36,  1.31it/s]Best trial: 112. Best value: 0.334:  19%|█▉        | 383/2000 [04:54<20:36,  1.31it/s]Best trial: 112. Best value: 0.334:  19%|█▉        | 384/2000 [04:54<20:21,  1.32it/s]                                                                                      Best trial: 112. Best value: 0.334:  19%|█▉        | 384/2000 [04:55<20:21,  1.32it/s]Best trial: 112. Best value: 0.334:  19%|█▉        | 384/2000 [04:55<20:21,  1.32it/s]Best trial: 112. Best value: 0.334:  19%|█▉        | 385/2000 [04:55<20:11,  1.33it/s]                                                                                      Best trial: 112. Best value: 0.334:  19%|█▉        | 385/2000 [04:56<20:11,  1.33it/s]Best trial: 112. Best value: 0.334:  19%|█▉        | 385/2000 [04:56<20:11,  1.33it/s]Best trial: 112. Best value: 0.334:  19%|█▉        | 386/2000 [04:56<20:08,  1.34it/s]                                                                                      Best trial: 112. Best value: 0.334:  19%|█▉        | 386/2000 [04:57<20:08,  1.34it/s]Best trial: 112. Best value: 0.334:  19%|█▉        | 386/2000 [04:57<20:08,  1.34it/s]Best trial: 112. Best value: 0.334:  19%|█▉        | 387/2000 [04:57<29:06,  1.08s/it]
[I 2025-10-25 04:32:36,839] Trial 355 finished with value: 0.07199999999999997 and parameters: {'w_boll': 0.3533122930377823, 'w_rsi': 0.36771854331021403, 'w_mom': 0.1611041122029504, 'w_vwap': 0.5812045677437915, 'w_orb': 1.9450907771843111, 'w_ofi': 0.6335276066649531, 'w_vol': 1.7998887758989817, 'win_boll': 15, 'win_rsi': 7, 'win_mom': 13, 'win_vwap': 22, 'orb_opening_bars': 47, 'vol_window': 13}. Best is trial 112 with value: 0.33399999999999996.
Trial 356: ACCEPT (degrade 0.0%) - Eval: -0.088%, Val: 0.232%
[I 2025-10-25 04:32:37,606] Trial 356 finished with value: -0.08800000000000002 and parameters: {'w_boll': 0.38268822356364485, 'w_rsi': 0.4650065414407296, 'w_mom': 0.24861695984157947, 'w_vwap': 0.6688182101615152, 'w_orb': 1.880891539086724, 'w_ofi': 0.6955495214696972, 'w_vol': 1.908261030820798, 'win_boll': 10, 'win_rsi': 6, 'win_mom': 12, 'win_vwap': 14, 'orb_opening_bars': 42, 'vol_window': 11}. Best is trial 112 with value: 0.33399999999999996.
Trial 357: ACCEPT (degrade 0.0%) - Eval: -0.098%, Val: 0.348%
[I 2025-10-25 04:32:38,371] Trial 357 finished with value: -0.098 and parameters: {'w_boll': 0.203463964707239, 'w_rsi': 0.3340397754856073, 'w_mom': 0.1369810520722078, 'w_vwap': 0.7163739398839487, 'w_orb': 1.964400665016103, 'w_ofi': 0.46464642952435836, 'w_vol': 1.7004686796947461, 'win_boll': 12, 'win_rsi': 8, 'win_mom': 9, 'win_vwap': 13, 'orb_opening_bars': 48, 'vol_window': 12}. Best is trial 112 with value: 0.33399999999999996.
Trial 358: ACCEPT (degrade -302.4%) - Eval: 0.042%, Val: 0.169%
[I 2025-10-25 04:32:39,124] Trial 358 finished with value: 0.042 and parameters: {'w_boll': 0.28618698942576687, 'w_rsi': 0.41360949132279956, 'w_mom': 0.18735017142122407, 'w_vwap': 0.533787650228761, 'w_orb': 1.3783091123503657, 'w_ofi': 0.7427027693963193, 'w_vol': 1.8343996557897462, 'win_boll': 11, 'win_rsi': 7, 'win_mom': 17, 'win_vwap': 31, 'orb_opening_bars': 43, 'vol_window': 10}. Best is trial 112 with value: 0.33399999999999996.
Trial 359: REJECT (overfit 114.5%) - Eval: 0.062%, Val: -0.009%
[I 2025-10-25 04:32:39,848] Trial 359 finished with value: -999.0 and parameters: {'w_boll': 0.423355377927352, 'w_rsi': 0.29413658685364097, 'w_mom': 0.8002136425720281, 'w_vwap': 0.6450692135309869, 'w_orb': 1.7936516033063736, 'w_ofi': 1.0395386250462793, 'w_vol': 1.7723460057532072, 'win_boll': 12, 'win_rsi': 6, 'win_mom': 11, 'win_vwap': 13, 'orb_opening_bars': 45, 'vol_window': 25}. Best is trial 112 with value: 0.33399999999999996.
Trial 360: ACCEPT (degrade -134.7%) - Eval: 0.098%, Val: 0.230%
[I 2025-10-25 04:32:40,620] Trial 360 finished with value: 0.09799999999999999 and parameters: {'w_boll': 0.33192308943644516, 'w_rsi': 0.35800439318670413, 'w_mom': 0.27897909874406435, 'w_vwap': 0.6124688176254005, 'w_orb': 1.9108583154920074, 'w_ofi': 0.608671582835013, 'w_vol': 1.871173684832076, 'win_boll': 14, 'win_rsi': 6, 'win_mom': 5, 'win_vwap': 16, 'orb_opening_bars': 48, 'vol_window': 14}. Best is trial 112 with value: 0.33399999999999996.
Trial 361: ACCEPT (degrade -307.4%) - Eval: 0.068%, Val: 0.277%
[I 2025-10-25 04:32:41,364] Trial 361 finished with value: 0.06800000000000002 and parameters: {'w_boll': 0.4246564971451383, 'w_rsi': 0.44943334890404396, 'w_mom': 0.2246191808233656, 'w_vwap': 0.45390684249248875, 'w_orb': 1.9609858114234664, 'w_ofi': 0.5185374124779932, 'w_vol': 1.9188951426531136, 'win_boll': 13, 'win_rsi': 7, 'win_mom': 16, 'win_vwap': 25, 'orb_opening_bars': 44, 'vol_window': 11}. Best is trial 112 with value: 0.33399999999999996.
Trial 362: ACCEPT (degrade -70.9%) - Eval: 0.110%, Val: 0.188%
[I 2025-10-25 04:32:42,106] Trial 362 finished with value: 0.11000000000000001 and parameters: {'w_boll': 0.3687940863639186, 'w_rsi': 0.4119542020974816, 'w_mom': 0.13800228860926816, 'w_vwap': 0.7164550408955295, 'w_orb': 1.8590288006956366, 'w_ofi': 0.6700059228026393, 'w_vol': 1.7512586492987312, 'win_boll': 16, 'win_rsi': 8, 'win_mom': 5, 'win_vwap': 14, 'orb_opening_bars': 46, 'vol_window': 12}. Best is trial 112 with value: 0.33399999999999996.
Trial 363: REJECT (overfit 135.0%) - Eval: 0.020%, Val: -0.007%
[I 2025-10-25 04:32:42,835] Trial 363 finished with value: -999.0 and parameters: {'w_boll': 0.9230045430859464, 'w_rsi': 0.18662818470245135, 'w_mom': 0.10048706842596382, 'w_vwap': 0.5682838393618717, 'w_orb': 1.9223720587562105, 'w_ofi': 0.7616997503182761, 'w_vol': 1.495156394418705, 'win_boll': 10, 'win_rsi': 21, 'win_mom': 15, 'win_vwap': 12, 'orb_opening_bars': 45, 'vol_window': 10}. Best is trial 112 with value: 0.33399999999999996.
Trial 364: ACCEPT (degrade 0.0%) - Eval: 0.000%, Val: 0.133%
[I 2025-10-25 04:32:43,616] Trial 364 finished with value: 0.0 and parameters: {'w_boll': 0.24517665712079248, 'w_rsi': 0.4900276544856092, 'w_mom': 0.17218285397681676, 'w_vwap': 0.663519139349163, 'w_orb': 1.9558537048060787, 'w_ofi': 1.7433612837372154, 'w_vol': 1.804083042678368, 'win_boll': 11, 'win_rsi': 7, 'win_mom': 14, 'win_vwap': 19, 'orb_opening_bars': 47, 'vol_window': 13}. Best is trial 112 with value: 0.33399999999999996.
Trial 365: REJECT (overfit 76.1%) - Eval: 0.238%, Val: 0.057%
[I 2025-10-25 04:32:44,379] Trial 365 finished with value: -999.0 and parameters: {'w_boll': 0.40336873287780034, 'w_rsi': 0.32159897747332983, 'w_mom': 1.4602029714815075, 'w_vwap': 0.6241552769851956, 'w_orb': 1.8098872713707368, 'w_ofi': 0.5743073171932791, 'w_vol': 1.8436319268512515, 'win_boll': 15, 'win_rsi': 5, 'win_mom': 6, 'win_vwap': 13, 'orb_opening_bars': 48, 'vol_window': 11}. Best is trial 112 with value: 0.33399999999999996.
Trial 366: REJECT (overfit 70.6%) - Eval: 0.160%, Val: 0.047%
[I 2025-10-25 04:32:45,135] Trial 366 finished with value: -999.0 and parameters: {'w_boll': 1.1466777445996494, 'w_rsi': 0.3769146503049309, 'w_mom': 0.21788430818221563, 'w_vwap': 0.5039187990484, 'w_orb': 1.8998825736185316, 'w_ofi': 0.7065299779099637, 'w_vol': 1.8864095805711925, 'win_boll': 12, 'win_rsi': 6, 'win_mom': 12, 'win_vwap': 15, 'orb_opening_bars': 49, 'vol_window': 10}. Best is trial 112 with value: 0.33399999999999996.
Trial 367: ACCEPT (degrade 0.0%) - Eval: -0.218%, Val: 0.261%
[I 2025-10-25 04:32:45,852] Trial 367 finished with value: -0.21800000000000003 and parameters: {'w_boll': 0.31276760318547303, 'w_rsi': 0.2666426147061227, 'w_mom': 0.3103479632218826, 'w_vwap': 0.7573754070314808, 'w_orb': 1.9685475492906204, 'w_ofi': 0.631869717642446, 'w_vol': 1.8133708314844523, 'win_boll': 10, 'win_rsi': 9, 'win_mom': 17, 'win_vwap': 12, 'orb_opening_bars': 46, 'vol_window': 11}. Best is trial 112 with value: 0.33399999999999996.
Trial 368: ACCEPT (degrade 0.0%) - Eval: -0.036%, Val: 0.228%
[I 2025-10-25 04:32:46,631] Trial 368 finished with value: -0.03600000000000001 and parameters: {'w_boll': 0.43376538137091686, 'w_rsi': 1.964170259846536, 'w_mom': 0.15491136374941972, 'w_vwap': 0.6923201395768748, 'w_orb': 1.7466919710879385, 'w_ofi': 0.7288762887170763, 'w_vol': 1.9242374705771679, 'win_boll': 13, 'win_rsi': 7, 'win_mom': 11, 'win_vwap': 14, 'orb_opening_bars': 44, 'vol_window': 13}. Best is trial 112 with value: 0.33399999999999996.
Trial 369: ACCEPT (degrade 0.0%) - Eval: -0.320%, Val: 0.205%
[I 2025-10-25 04:32:47,375] Trial 369 finished with value: -0.32 and parameters: {'w_boll': 0.3547031843605993, 'w_rsi': 0.4413219177646326, 'w_mom': 0.25801424934447875, 'w_vwap': 0.5905803899250316, 'w_orb': 1.998774916168428, 'w_ofi': 0.677649272284616, 'w_vol': 1.9995810024807017, 'win_boll': 11, 'win_rsi': 8, 'win_mom': 5, 'win_vwap': 13, 'orb_opening_bars': 48, 'vol_window': 12}. Best is trial 112 with value: 0.33399999999999996.
Trial 370: ACCEPT (degrade -240.0%) - Eval: 0.060%, Val: 0.204%
[I 2025-10-25 04:32:48,119] Trial 370 finished with value: 0.06000000000000001 and parameters: {'w_boll': 0.39623443825219445, 'w_rsi': 0.3863834736023137, 'w_mom': 0.10033433481883121, 'w_vwap': 0.7272971136821762, 'w_orb': 1.8598193958783618, 'w_ofi': 1.283907500822644, 'w_vol': 1.7258171521501142, 'win_boll': 14, 'win_rsi': 6, 'win_mom': 16, 'win_vwap': 12, 'orb_opening_bars': 43, 'vol_window': 10}. Best is trial 112 with value: 0.33399999999999996.
Trial 371: ACCEPT (degrade -161.5%) - Eval: 0.096%, Val: 0.251%                                                                                      Best trial: 112. Best value: 0.334:  19%|█▉        | 387/2000 [04:58<29:06,  1.08s/it]Best trial: 112. Best value: 0.334:  19%|█▉        | 387/2000 [04:58<29:06,  1.08s/it]Best trial: 112. Best value: 0.334:  19%|█▉        | 388/2000 [04:58<26:09,  1.03it/s]                                                                                      Best trial: 112. Best value: 0.334:  19%|█▉        | 388/2000 [04:59<26:09,  1.03it/s]Best trial: 112. Best value: 0.334:  19%|█▉        | 388/2000 [04:59<26:09,  1.03it/s]Best trial: 112. Best value: 0.334:  19%|█▉        | 389/2000 [04:59<24:33,  1.09it/s]                                                                                      Best trial: 112. Best value: 0.334:  19%|█▉        | 389/2000 [05:00<24:33,  1.09it/s]Best trial: 112. Best value: 0.334:  19%|█▉        | 389/2000 [05:00<24:33,  1.09it/s]Best trial: 112. Best value: 0.334:  20%|█▉        | 390/2000 [05:00<23:34,  1.14it/s]                                                                                      Best trial: 112. Best value: 0.334:  20%|█▉        | 390/2000 [05:00<23:34,  1.14it/s]Best trial: 112. Best value: 0.334:  20%|█▉        | 390/2000 [05:00<23:34,  1.14it/s]Best trial: 112. Best value: 0.334:  20%|█▉        | 391/2000 [05:00<22:31,  1.19it/s]                                                                                      Best trial: 112. Best value: 0.334:  20%|█▉        | 391/2000 [05:01<22:31,  1.19it/s]Best trial: 112. Best value: 0.334:  20%|█▉        | 391/2000 [05:01<22:31,  1.19it/s]Best trial: 112. Best value: 0.334:  20%|█▉        | 392/2000 [05:01<21:29,  1.25it/s]                                                                                      Best trial: 112. Best value: 0.334:  20%|█▉        | 392/2000 [05:02<21:29,  1.25it/s]Best trial: 112. Best value: 0.334:  20%|█▉        | 392/2000 [05:02<21:29,  1.25it/s]Best trial: 112. Best value: 0.334:  20%|█▉        | 393/2000 [05:02<21:20,  1.25it/s]                                                                                      Best trial: 112. Best value: 0.334:  20%|█▉        | 393/2000 [05:03<21:20,  1.25it/s]Best trial: 112. Best value: 0.334:  20%|█▉        | 393/2000 [05:03<21:20,  1.25it/s]Best trial: 112. Best value: 0.334:  20%|█▉        | 394/2000 [05:03<20:56,  1.28it/s]                                                                                      Best trial: 112. Best value: 0.334:  20%|█▉        | 394/2000 [05:03<20:56,  1.28it/s]Best trial: 112. Best value: 0.334:  20%|█▉        | 394/2000 [05:03<20:56,  1.28it/s]Best trial: 112. Best value: 0.334:  20%|█▉        | 395/2000 [05:03<20:42,  1.29it/s]                                                                                      Best trial: 112. Best value: 0.334:  20%|█▉        | 395/2000 [05:04<20:42,  1.29it/s]Best trial: 112. Best value: 0.334:  20%|█▉        | 395/2000 [05:04<20:42,  1.29it/s]Best trial: 112. Best value: 0.334:  20%|█▉        | 396/2000 [05:04<20:18,  1.32it/s]                                                                                      Best trial: 112. Best value: 0.334:  20%|█▉        | 396/2000 [05:05<20:18,  1.32it/s]Best trial: 112. Best value: 0.334:  20%|█▉        | 396/2000 [05:05<20:18,  1.32it/s]Best trial: 112. Best value: 0.334:  20%|█▉        | 397/2000 [05:05<20:31,  1.30it/s]                                                                                      Best trial: 112. Best value: 0.334:  20%|█▉        | 397/2000 [05:06<20:31,  1.30it/s]Best trial: 112. Best value: 0.334:  20%|█▉        | 397/2000 [05:06<20:31,  1.30it/s]Best trial: 112. Best value: 0.334:  20%|█▉        | 398/2000 [05:06<20:19,  1.31it/s]                                                                                      Best trial: 112. Best value: 0.334:  20%|█▉        | 398/2000 [05:06<20:19,  1.31it/s]Best trial: 112. Best value: 0.334:  20%|█▉        | 398/2000 [05:06<20:19,  1.31it/s]Best trial: 112. Best value: 0.334:  20%|█▉        | 399/2000 [05:06<20:14,  1.32it/s]                                                                                      Best trial: 112. Best value: 0.334:  20%|█▉        | 399/2000 [05:07<20:14,  1.32it/s]Best trial: 112. Best value: 0.334:  20%|█▉        | 399/2000 [05:07<20:14,  1.32it/s]Best trial: 112. Best value: 0.334:  20%|██        | 400/2000 [05:07<19:56,  1.34it/s]                                                                                      Best trial: 112. Best value: 0.334:  20%|██        | 400/2000 [05:08<19:56,  1.34it/s]Best trial: 112. Best value: 0.334:  20%|██        | 400/2000 [05:08<19:56,  1.34it/s]Best trial: 112. Best value: 0.334:  20%|██        | 401/2000 [05:08<20:24,  1.31it/s]                                                                                      Best trial: 112. Best value: 0.334:  20%|██        | 401/2000 [05:09<20:24,  1.31it/s]Best trial: 112. Best value: 0.334:  20%|██        | 401/2000 [05:09<20:24,  1.31it/s]Best trial: 112. Best value: 0.334:  20%|██        | 402/2000 [05:09<20:31,  1.30it/s]                                                                                      Best trial: 112. Best value: 0.334:  20%|██        | 402/2000 [05:10<20:31,  1.30it/s]Best trial: 112. Best value: 0.334:  20%|██        | 402/2000 [05:10<20:31,  1.30it/s]Best trial: 112. Best value: 0.334:  20%|██        | 403/2000 [05:10<20:21,  1.31it/s]                                                                                      
[I 2025-10-25 04:32:48,843] Trial 371 finished with value: 0.096 and parameters: {'w_boll': 0.4488419892578285, 'w_rsi': 0.7855604574639805, 'w_mom': 1.327336394190807, 'w_vwap': 0.6653811741585471, 'w_orb': 1.926559738416928, 'w_ofi': 0.7920809997362471, 'w_vol': 1.7793370572457876, 'win_boll': 12, 'win_rsi': 7, 'win_mom': 3, 'win_vwap': 13, 'orb_opening_bars': 47, 'vol_window': 14}. Best is trial 112 with value: 0.33399999999999996.
Trial 372: ACCEPT (degrade 0.0%) - Eval: -0.062%, Val: 0.192%
[I 2025-10-25 04:32:49,633] Trial 372 finished with value: -0.06200000000000001 and parameters: {'w_boll': 0.5301261838616701, 'w_rsi': 0.23194079905650128, 'w_mom': 0.1944101927762779, 'w_vwap': 0.5273789180238636, 'w_orb': 1.8850326782695592, 'w_ofi': 0.5933363738200338, 'w_vol': 0.7994728796429491, 'win_boll': 23, 'win_rsi': 8, 'win_mom': 5, 'win_vwap': 15, 'orb_opening_bars': 49, 'vol_window': 11}. Best is trial 112 with value: 0.33399999999999996.
Trial 373: ACCEPT (degrade 0.0%) - Eval: -0.154%, Val: 0.372%
[I 2025-10-25 04:32:50,375] Trial 373 finished with value: -0.154 and parameters: {'w_boll': 0.2952523833293073, 'w_rsi': 0.3144846842051826, 'w_mom': 0.16475382119386464, 'w_vwap': 0.6352767314226594, 'w_orb': 1.9676772296802978, 'w_ofi': 0.6401868671293788, 'w_vol': 1.859683833917884, 'win_boll': 14, 'win_rsi': 16, 'win_mom': 10, 'win_vwap': 27, 'orb_opening_bars': 45, 'vol_window': 10}. Best is trial 112 with value: 0.33399999999999996.
Trial 374: ACCEPT (degrade 0.0%) - Eval: -0.018%, Val: 0.163%
