[I 2025-10-25 04:40:18,356] Trial 961 finished with value: 0.017999999999999995 and parameters: {'w_boll': 0.32748019540300305, 'w_rsi': 0.10295413899357066, 'w_mom': 1.4204854046311242, 'w_vwap': 0.6048262260711217, 'w_orb': 1.905974192858541, 'w_ofi': 0.5617675753946039, 'w_vol': 0.431099784361733, 'win_boll': 11, 'win_rsi': 6, 'win_mom': 7, 'win_vwap': 10, 'orb_opening_bars': 41, 'vol_window': 12}. Best is trial 868 with value: 0.384.
Trial 962: ACCEPT (degrade 0.0%) - Eval: -0.118%, Val: 0.382%
[I 2025-10-25 04:40:19,110] Trial 962 finished with value: -0.118 and parameters: {'w_boll': 0.2551540032802125, 'w_rsi': 0.14187223011999045, 'w_mom': 1.3694382901609998, 'w_vwap': 0.49234791135941625, 'w_orb': 1.9654923330036502, 'w_ofi': 0.4564769958345812, 'w_vol': 1.9083963613578827, 'win_boll': 10, 'win_rsi': 6, 'win_mom': 6, 'win_vwap': 11, 'orb_opening_bars': 44, 'vol_window': 11}. Best is trial 868 with value: 0.384.
Trial 963: ACCEPT (degrade 0.0%) - Eval: -0.090%, Val: 0.196%
[I 2025-10-25 04:40:19,834] Trial 963 finished with value: -0.09 and parameters: {'w_boll': 1.0700185913241167, 'w_rsi': 0.17362662160176956, 'w_mom': 1.4487291307171686, 'w_vwap': 0.7746981431393165, 'w_orb': 1.8741557940406623, 'w_ofi': 0.7844317623150628, 'w_vol': 1.9407345625279593, 'win_boll': 12, 'win_rsi': 5, 'win_mom': 7, 'win_vwap': 10, 'orb_opening_bars': 42, 'vol_window': 13}. Best is trial 868 with value: 0.384.
Trial 964: ACCEPT (degrade -713.6%) - Eval: 0.022%, Val: 0.179%
[I 2025-10-25 04:40:20,629] Trial 964 finished with value: 0.02200000000000001 and parameters: {'w_boll': 0.3824368732400026, 'w_rsi': 0.17094956691892518, 'w_mom': 1.2966588580186942, 'w_vwap': 0.5588688758888034, 'w_orb': 1.9222298407928284, 'w_ofi': 0.6899405806616605, 'w_vol': 1.8583072361459392, 'win_boll': 11, 'win_rsi': 6, 'win_mom': 7, 'win_vwap': 11, 'orb_opening_bars': 45, 'vol_window': 11}. Best is trial 868 with value: 0.384.
Trial 965: ACCEPT (degrade -190.3%) - Eval: 0.144%, Val: 0.418%
[I 2025-10-25 04:40:21,382] Trial 965 finished with value: 0.14400000000000004 and parameters: {'w_boll': 0.2874225651217506, 'w_rsi': 0.1514576706722038, 'w_mom': 1.364855962049015, 'w_vwap': 0.6063599897544696, 'w_orb': 1.839800358915247, 'w_ofi': 0.39194555895831057, 'w_vol': 1.9632258267684597, 'win_boll': 12, 'win_rsi': 6, 'win_mom': 6, 'win_vwap': 11, 'orb_opening_bars': 43, 'vol_window': 13}. Best is trial 868 with value: 0.384.
Trial 966: REJECT (overfit 20.2%) - Eval: 0.124%, Val: 0.099%
[I 2025-10-25 04:40:22,136] Trial 966 finished with value: -999.0 and parameters: {'w_boll': 0.3643860821695922, 'w_rsi': 0.16571648725974675, 'w_mom': 1.331212850808579, 'w_vwap': 0.8618624321601783, 'w_orb': 1.3205369047295132, 'w_ofi': 0.49903830030579305, 'w_vol': 1.8950927329605156, 'win_boll': 11, 'win_rsi': 5, 'win_mom': 6, 'win_vwap': 11, 'orb_opening_bars': 43, 'vol_window': 12}. Best is trial 868 with value: 0.384.
Trial 967: ACCEPT (degrade -400.0%) - Eval: 0.046%, Val: 0.230%
[I 2025-10-25 04:40:22,870] Trial 967 finished with value: 0.046000000000000006 and parameters: {'w_boll': 0.3383327418152944, 'w_rsi': 0.11714895370117527, 'w_mom': 1.2557627685781598, 'w_vwap': 0.8234354986819303, 'w_orb': 1.4744472945538947, 'w_ofi': 1.5107305795337942, 'w_vol': 1.8357848884907835, 'win_boll': 10, 'win_rsi': 6, 'win_mom': 6, 'win_vwap': 10, 'orb_opening_bars': 46, 'vol_window': 11}. Best is trial 868 with value: 0.384.
Trial 968: ACCEPT (degrade 0.0%) - Eval: -0.158%, Val: 0.017%
[I 2025-10-25 04:40:23,664] Trial 968 finished with value: -0.158 and parameters: {'w_boll': 0.20726736437244336, 'w_rsi': 0.49551639903644695, 'w_mom': 1.309852113178138, 'w_vwap': 0.6418677003512452, 'w_orb': 1.9993021177499224, 'w_ofi': 1.964936795708252, 'w_vol': 1.9246005413907725, 'win_boll': 13, 'win_rsi': 5, 'win_mom': 5, 'win_vwap': 10, 'orb_opening_bars': 45, 'vol_window': 14}. Best is trial 868 with value: 0.384.
Trial 969: ACCEPT (degrade -18.7%) - Eval: 0.150%, Val: 0.178%
[I 2025-10-25 04:40:24,418] Trial 969 finished with value: 0.15 and parameters: {'w_boll': 0.3737426186678995, 'w_rsi': 0.47931388580229806, 'w_mom': 1.3260151973329177, 'w_vwap': 0.7695957016590764, 'w_orb': 1.93501902465995, 'w_ofi': 0.8398042358006585, 'w_vol': 1.8925724596168383, 'win_boll': 12, 'win_rsi': 6, 'win_mom': 5, 'win_vwap': 11, 'orb_opening_bars': 41, 'vol_window': 10}. Best is trial 868 with value: 0.384.
Trial 970: ACCEPT (degrade -180.8%) - Eval: 0.120%, Val: 0.337%
[I 2025-10-25 04:40:25,162] Trial 970 finished with value: 0.12 and parameters: {'w_boll': 0.3203368237291585, 'w_rsi': 0.12145017743125988, 'w_mom': 1.2602360844540026, 'w_vwap': 0.5109003399910141, 'w_orb': 1.8834116803465633, 'w_ofi': 0.7288766033569363, 'w_vol': 1.8345043049221896, 'win_boll': 10, 'win_rsi': 6, 'win_mom': 7, 'win_vwap': 11, 'orb_opening_bars': 37, 'vol_window': 12}. Best is trial 868 with value: 0.384.
Trial 971: REJECT (overfit 46.2%) - Eval: 0.104%, Val: 0.056%
[I 2025-10-25 04:40:25,888] Trial 971 finished with value: -999.0 and parameters: {'w_boll': 0.6130144536943642, 'w_rsi': 0.10373473860581184, 'w_mom': 1.3830412811016124, 'w_vwap': 0.5810686877831422, 'w_orb': 1.9644021897917496, 'w_ofi': 1.7094360845419185, 'w_vol': 1.9620469431084393, 'win_boll': 12, 'win_rsi': 5, 'win_mom': 5, 'win_vwap': 11, 'orb_opening_bars': 47, 'vol_window': 13}. Best is trial 868 with value: 0.384.
Trial 972: ACCEPT (degrade 0.0%) - Eval: -0.152%, Val: 0.337%
[I 2025-10-25 04:40:26,677] Trial 972 finished with value: -0.152 and parameters: {'w_boll': 0.2503564333755159, 'w_rsi': 0.1892073049017725, 'w_mom': 1.444221606919488, 'w_vwap': 0.6395132181821628, 'w_orb': 1.9048653383461251, 'w_ofi': 1.9993156760069604, 'w_vol': 1.8652921078421927, 'win_boll': 11, 'win_rsi': 26, 'win_mom': 6, 'win_vwap': 12, 'orb_opening_bars': 23, 'vol_window': 11}. Best is trial 868 with value: 0.384.
Trial 973: REJECT (overfit 52.4%) - Eval: 0.168%, Val: 0.080%
[I 2025-10-25 04:40:27,426] Trial 973 finished with value: -999.0 and parameters: {'w_boll': 0.38063751687326636, 'w_rsi': 1.5252600426013028, 'w_mom': 1.2861569290918098, 'w_vwap': 0.760492658572349, 'w_orb': 1.8378410412930983, 'w_ofi': 0.7493005531975004, 'w_vol': 1.819487127785051, 'win_boll': 12, 'win_rsi': 6, 'win_mom': 5, 'win_vwap': 10, 'orb_opening_bars': 42, 'vol_window': 10}. Best is trial 868 with value: 0.384.
Trial 974: ACCEPT (degrade -285.9%) - Eval: 0.078%, Val: 0.301%
[I 2025-10-25 04:40:28,184] Trial 974 finished with value: 0.078 and parameters: {'w_boll': 0.39297680404947877, 'w_rsi': 0.5246996037626541, 'w_mom': 1.3991203315674627, 'w_vwap': 0.6872044106255816, 'w_orb': 1.1899773311007427, 'w_ofi': 1.0620364782502616, 'w_vol': 1.9271793160478488, 'win_boll': 31, 'win_rsi': 7, 'win_mom': 7, 'win_vwap': 49, 'orb_opening_bars': 46, 'vol_window': 12}. Best is trial 868 with value: 0.384.
Trial 975: REJECT (overfit 37.6%) - Eval: 0.218%, Val: 0.136%
[I 2025-10-25 04:40:28,915] Trial 975 finished with value: -999.0 and parameters: {'w_boll': 0.2985990475453916, 'w_rsi': 0.4543580879876117, 'w_mom': 1.2331660894677454, 'w_vwap': 0.7300201482276876, 'w_orb': 1.967514474518467, 'w_ofi': 1.4380498881362487, 'w_vol': 1.8819635784477946, 'win_boll': 11, 'win_rsi': 5, 'win_mom': 6, 'win_vwap': 17, 'orb_opening_bars': 45, 'vol_window': 11}. Best is trial 868 with value: 0.384.Best trial: 868. Best value: 0.384:  50%|████▉     | 992/2000 [12:38<12:47,  1.31it/s]Best trial: 868. Best value: 0.384:  50%|████▉     | 992/2000 [12:38<12:47,  1.31it/s]Best trial: 868. Best value: 0.384:  50%|████▉     | 993/2000 [12:38<12:39,  1.33it/s]                                                                                      Best trial: 868. Best value: 0.384:  50%|████▉     | 993/2000 [12:39<12:39,  1.33it/s]Best trial: 868. Best value: 0.384:  50%|████▉     | 993/2000 [12:39<12:39,  1.33it/s]Best trial: 868. Best value: 0.384:  50%|████▉     | 994/2000 [12:39<12:37,  1.33it/s]                                                                                      Best trial: 868. Best value: 0.384:  50%|████▉     | 994/2000 [12:40<12:37,  1.33it/s]Best trial: 868. Best value: 0.384:  50%|████▉     | 994/2000 [12:40<12:37,  1.33it/s]Best trial: 868. Best value: 0.384:  50%|████▉     | 995/2000 [12:40<12:37,  1.33it/s]                                                                                      Best trial: 868. Best value: 0.384:  50%|████▉     | 995/2000 [12:40<12:37,  1.33it/s]Best trial: 868. Best value: 0.384:  50%|████▉     | 995/2000 [12:40<12:37,  1.33it/s]Best trial: 868. Best value: 0.384:  50%|████▉     | 996/2000 [12:40<12:43,  1.32it/s]                                                                                      Best trial: 868. Best value: 0.384:  50%|████▉     | 996/2000 [12:41<12:43,  1.32it/s]Best trial: 868. Best value: 0.384:  50%|████▉     | 996/2000 [12:41<12:43,  1.32it/s]Best trial: 868. Best value: 0.384:  50%|████▉     | 997/2000 [12:41<12:33,  1.33it/s]                                                                                      Best trial: 868. Best value: 0.384:  50%|████▉     | 997/2000 [12:42<12:33,  1.33it/s]Best trial: 868. Best value: 0.384:  50%|████▉     | 997/2000 [12:42<12:33,  1.33it/s]Best trial: 868. Best value: 0.384:  50%|████▉     | 998/2000 [12:42<12:30,  1.33it/s]                                                                                      Best trial: 868. Best value: 0.384:  50%|████▉     | 998/2000 [12:43<12:30,  1.33it/s]Best trial: 868. Best value: 0.384:  50%|████▉     | 998/2000 [12:43<12:30,  1.33it/s]Best trial: 868. Best value: 0.384:  50%|████▉     | 999/2000 [12:43<12:30,  1.33it/s]                                                                                      Best trial: 868. Best value: 0.384:  50%|████▉     | 999/2000 [12:43<12:30,  1.33it/s]Best trial: 868. Best value: 0.384:  50%|████▉     | 999/2000 [12:43<12:30,  1.33it/s]Best trial: 868. Best value: 0.384:  50%|█████     | 1000/2000 [12:43<12:37,  1.32it/s]                                                                                       Best trial: 868. Best value: 0.384:  50%|█████     | 1000/2000 [12:44<12:37,  1.32it/s]Best trial: 868. Best value: 0.384:  50%|█████     | 1000/2000 [12:44<12:37,  1.32it/s]Best trial: 868. Best value: 0.384:  50%|█████     | 1001/2000 [12:44<12:26,  1.34it/s]                                                                                       Best trial: 868. Best value: 0.384:  50%|█████     | 1001/2000 [12:45<12:26,  1.34it/s]Best trial: 868. Best value: 0.384:  50%|█████     | 1001/2000 [12:45<12:26,  1.34it/s]Best trial: 868. Best value: 0.384:  50%|█████     | 1002/2000 [12:45<12:28,  1.33it/s]                                                                                       Best trial: 868. Best value: 0.384:  50%|█████     | 1002/2000 [12:46<12:28,  1.33it/s]Best trial: 868. Best value: 0.384:  50%|█████     | 1002/2000 [12:46<12:28,  1.33it/s]Best trial: 868. Best value: 0.384:  50%|█████     | 1003/2000 [12:46<12:26,  1.34it/s]                                                                                       Best trial: 868. Best value: 0.384:  50%|█████     | 1003/2000 [12:46<12:26,  1.34it/s]Best trial: 868. Best value: 0.384:  50%|█████     | 1003/2000 [12:46<12:26,  1.34it/s]Best trial: 868. Best value: 0.384:  50%|█████     | 1004/2000 [12:46<12:38,  1.31it/s]                                                                                       Best trial: 868. Best value: 0.384:  50%|█████     | 1004/2000 [12:47<12:38,  1.31it/s]Best trial: 868. Best value: 0.384:  50%|█████     | 1004/2000 [12:47<12:38,  1.31it/s]Best trial: 868. Best value: 0.384:  50%|█████     | 1005/2000 [12:47<12:27,  1.33it/s]                                                                                       Best trial: 868. Best value: 0.384:  50%|█████     | 1005/2000 [12:48<12:27,  1.33it/s]Best trial: 868. Best value: 0.384:  50%|█████     | 1005/2000 [12:48<12:27,  1.33it/s]Best trial: 868. Best value: 0.384:  50%|█████     | 1006/2000 [12:48<12:25,  1.33it/s]                                                                                       Best trial: 868. Best value: 0.384:  50%|█████     | 1006/2000 [12:49<12:25,  1.33it/s]Best trial: 868. Best value: 0.384:  50%|█████     | 1006/2000 [12:49<12:25,  1.33it/s]Best trial: 868. Best value: 0.384:  50%|█████     | 1007/2000 [12:49<12:26,  1.33it/s]                                                                                       Best trial: 868. Best value: 0.384:  50%|█████     | 1007/2000 [12:49<12:26,  1.33it/s]Best trial: 868. Best value: 0.384:  50%|█████     | 1007/2000 [12:49<12:26,  1.33it/s]Best trial: 868. Best value: 0.384:  50%|█████     | 1008/2000 [12:49<12:34,  1.32it/s]                                                                                       Best trial: 868. Best value: 0.384:  50%|█████     | 1008/2000 [12:50<12:34,  1.32it/s]Best trial: 868. Best value: 0.384:  50%|█████     | 1008/2000 [12:50<12:34,  1.32it/s]Best trial: 868. Best value: 0.384:  50%|█████     | 1009/2000 [12:50<12:24,  1.33it/s]                                                                                       
Trial 976: ACCEPT (degrade 0.0%) - Eval: -0.040%, Val: 0.073%
[I 2025-10-25 04:40:29,708] Trial 976 finished with value: -0.039999999999999994 and parameters: {'w_boll': 0.37131037932428856, 'w_rsi': 1.463971929402368, 'w_mom': 1.3640093860725249, 'w_vwap': 0.44111129327904947, 'w_orb': 1.391941321824519, 'w_ofi': 1.640688108239237, 'w_vol': 1.954817733254501, 'win_boll': 19, 'win_rsi': 9, 'win_mom': 5, 'win_vwap': 19, 'orb_opening_bars': 49, 'vol_window': 10}. Best is trial 868 with value: 0.384.
Trial 977: REJECT (overfit 47.1%) - Eval: 0.172%, Val: 0.091%
[I 2025-10-25 04:40:30,564] Trial 977 finished with value: -999.0 and parameters: {'w_boll': 0.3234707526967765, 'w_rsi': 0.21110062853568018, 'w_mom': 1.3070221067656917, 'w_vwap': 0.6077014344295493, 'w_orb': 1.9295874366141423, 'w_ofi': 1.9434886359819414, 'w_vol': 1.9994590170799247, 'win_boll': 10, 'win_rsi': 6, 'win_mom': 7, 'win_vwap': 12, 'orb_opening_bars': 50, 'vol_window': 13}. Best is trial 868 with value: 0.384.
Trial 978: REJECT (overfit 44.5%) - Eval: 0.146%, Val: 0.081%
[I 2025-10-25 04:40:31,314] Trial 978 finished with value: -999.0 and parameters: {'w_boll': 0.4094613732081176, 'w_rsi': 0.15225769405000747, 'w_mom': 0.8297134442946681, 'w_vwap': 0.5563031758069875, 'w_orb': 1.8709760497387513, 'w_ofi': 0.6866898064650984, 'w_vol': 1.8488110489050849, 'win_boll': 12, 'win_rsi': 7, 'win_mom': 20, 'win_vwap': 20, 'orb_opening_bars': 44, 'vol_window': 12}. Best is trial 868 with value: 0.384.
Trial 979: REJECT (overfit 114.4%) - Eval: 0.202%, Val: -0.029%
[I 2025-10-25 04:40:32,047] Trial 979 finished with value: -999.0 and parameters: {'w_boll': 0.34920102390045044, 'w_rsi': 0.4141237034917073, 'w_mom': 1.4781080769830937, 'w_vwap': 0.8071751064913494, 'w_orb': 1.9422319850990084, 'w_ofi': 0.42670084360341415, 'w_vol': 1.9063196235617725, 'win_boll': 11, 'win_rsi': 6, 'win_mom': 5, 'win_vwap': 11, 'orb_opening_bars': 19, 'vol_window': 11}. Best is trial 868 with value: 0.384.
Trial 980: ACCEPT (degrade -62.5%) - Eval: 0.064%, Val: 0.104%
[I 2025-10-25 04:40:32,830] Trial 980 finished with value: 0.06400000000000002 and parameters: {'w_boll': 0.2714645965892986, 'w_rsi': 0.2310867969853613, 'w_mom': 1.3599143097742898, 'w_vwap': 0.6608864593058474, 'w_orb': 1.9078772884473605, 'w_ofi': 0.5978353067829818, 'w_vol': 1.8070298651818428, 'win_boll': 10, 'win_rsi': 12, 'win_mom': 6, 'win_vwap': 10, 'orb_opening_bars': 48, 'vol_window': 10}. Best is trial 868 with value: 0.384.
Trial 981: ACCEPT (degrade -1762.5%) - Eval: 0.016%, Val: 0.298%
[I 2025-10-25 04:40:33,579] Trial 981 finished with value: 0.016000000000000004 and parameters: {'w_boll': 0.40801113663852573, 'w_rsi': 0.5072312575573932, 'w_mom': 1.2707418960001509, 'w_vwap': 0.6227435911599041, 'w_orb': 1.8221516674070546, 'w_ofi': 1.1947291222591663, 'w_vol': 1.861067626266351, 'win_boll': 12, 'win_rsi': 7, 'win_mom': 6, 'win_vwap': 12, 'orb_opening_bars': 47, 'vol_window': 12}. Best is trial 868 with value: 0.384.
Trial 982: ACCEPT (degrade 11.5%) - Eval: 0.052%, Val: 0.046%
[I 2025-10-25 04:40:34,338] Trial 982 finished with value: 0.05200000000000001 and parameters: {'w_boll': 0.3686130364050882, 'w_rsi': 0.4350548885842808, 'w_mom': 1.3923728550712946, 'w_vwap': 0.7086645491314134, 'w_orb': 1.9697298841759023, 'w_ofi': 1.73341860094456, 'w_vol': 1.9392783406801763, 'win_boll': 12, 'win_rsi': 5, 'win_mom': 3, 'win_vwap': 10, 'orb_opening_bars': 49, 'vol_window': 11}. Best is trial 868 with value: 0.384.
Trial 983: ACCEPT (degrade -401.9%) - Eval: 0.052%, Val: 0.261%
[I 2025-10-25 04:40:35,059] Trial 983 finished with value: 0.05200000000000001 and parameters: {'w_boll': 0.4312168960293006, 'w_rsi': 0.5342785911300342, 'w_mom': 0.34853277579313374, 'w_vwap': 0.7536106365022972, 'w_orb': 1.8653622589668168, 'w_ofi': 0.6397388706697715, 'w_vol': 1.3005686754383412, 'win_boll': 10, 'win_rsi': 16, 'win_mom': 5, 'win_vwap': 11, 'orb_opening_bars': 50, 'vol_window': 15}. Best is trial 868 with value: 0.384.
Trial 984: ACCEPT (degrade 0.0%) - Eval: -0.164%, Val: 0.297%
[I 2025-10-25 04:40:35,852] Trial 984 finished with value: -0.16399999999999998 and parameters: {'w_boll': 0.3156007999100104, 'w_rsi': 0.3825598069582938, 'w_mom': 0.2799951731569899, 'w_vwap': 0.5785989552063245, 'w_orb': 1.913410763216595, 'w_ofi': 0.7939027520278208, 'w_vol': 1.7724208831788486, 'win_boll': 11, 'win_rsi': 15, 'win_mom': 9, 'win_vwap': 12, 'orb_opening_bars': 48, 'vol_window': 14}. Best is trial 868 with value: 0.384.
Trial 985: ACCEPT (degrade 0.0%) - Eval: -0.078%, Val: 0.026%
[I 2025-10-25 04:40:36,624] Trial 985 finished with value: -0.078 and parameters: {'w_boll': 0.3946219698518542, 'w_rsi': 1.417597653921332, 'w_mom': 1.4342915117352493, 'w_vwap': 0.6879947208131084, 'w_orb': 1.996929052716707, 'w_ofi': 1.7712822423124166, 'w_vol': 1.8263090953555383, 'win_boll': 12, 'win_rsi': 6, 'win_mom': 3, 'win_vwap': 11, 'orb_opening_bars': 47, 'vol_window': 11}. Best is trial 868 with value: 0.384.
Trial 986: REJECT (overfit 192.0%) - Eval: 0.150%, Val: -0.138%
[I 2025-10-25 04:40:37,383] Trial 986 finished with value: -999.0 and parameters: {'w_boll': 0.7111109795214702, 'w_rsi': 0.256355045800837, 'w_mom': 1.5110343655943637, 'w_vwap': 0.5182180465335852, 'w_orb': 1.9404026858500463, 'w_ofi': 0.89609742951237, 'w_vol': 1.8901921650014286, 'win_boll': 11, 'win_rsi': 8, 'win_mom': 3, 'win_vwap': 10, 'orb_opening_bars': 50, 'vol_window': 48}. Best is trial 868 with value: 0.384.
Trial 987: ACCEPT (degrade -98.4%) - Eval: 0.064%, Val: 0.127%
[I 2025-10-25 04:40:38,145] Trial 987 finished with value: 0.06399999999999999 and parameters: {'w_boll': 0.5304499670951561, 'w_rsi': 0.45743001397600336, 'w_mom': 1.351147174007191, 'w_vwap': 0.6478847929899131, 'w_orb': 1.8860584798620097, 'w_ofi': 1.6738990917197212, 'w_vol': 1.9556922515735076, 'win_boll': 12, 'win_rsi': 7, 'win_mom': 5, 'win_vwap': 12, 'orb_opening_bars': 46, 'vol_window': 13}. Best is trial 868 with value: 0.384.
Trial 988: ACCEPT (degrade -97.2%) - Eval: 0.106%, Val: 0.209%
[I 2025-10-25 04:40:38,910] Trial 988 finished with value: 0.10600000000000001 and parameters: {'w_boll': 0.34662636883503495, 'w_rsi': 0.2257429500475557, 'w_mom': 1.3214260984236799, 'w_vwap': 0.8965114865796661, 'w_orb': 1.8517632451757757, 'w_ofi': 0.47848878891161734, 'w_vol': 0.9477950098700616, 'win_boll': 10, 'win_rsi': 6, 'win_mom': 3, 'win_vwap': 11, 'orb_opening_bars': 41, 'vol_window': 10}. Best is trial 868 with value: 0.384.
Trial 989: ACCEPT (degrade 0.0%) - Eval: -0.264%, Val: 0.159%
[I 2025-10-25 04:40:39,668] Trial 989 finished with value: -0.264 and parameters: {'w_boll': 0.45115717628066204, 'w_rsi': 0.10586425757837925, 'w_mom': 0.31147182399764506, 'w_vwap': 0.8501252149509804, 'w_orb': 1.9680409341800016, 'w_ofi': 0.7631388499966383, 'w_vol': 1.9153916617403786, 'win_boll': 13, 'win_rsi': 5, 'win_mom': 6, 'win_vwap': 12, 'orb_opening_bars': 48, 'vol_window': 12}. Best is trial 868 with value: 0.384.
Trial 990: ACCEPT (degrade 8.4%) - Eval: 0.310%, Val: 0.284%
[I 2025-10-25 04:40:40,419] Trial 990 finished with value: 0.31 and parameters: {'w_boll': 0.24089963087796393, 'w_rsi': 0.16941888403870148, 'w_mom': 1.2212523995268043, 'w_vwap': 0.7951836424382513, 'w_orb': 1.9168081275437667, 'w_ofi': 1.943672324231702, 'w_vol': 1.8069863121630823, 'win_boll': 13, 'win_rsi': 6, 'win_mom': 5, 'win_vwap': 17, 'orb_opening_bars': 49, 'vol_window': 11}. Best is trial 868 with value: 0.384.
Trial 991: ACCEPT (degrade 0.0%) - Eval: -0.060%, Val: 0.170%
[I 2025-10-25 04:40:41,188] Trial 991 finished with value: -0.06000000000000001 and parameters: {'w_boll': 0.1807346442431322, 'w_rsi': 0.17924891890256323, 'w_mom': 1.2113830561355532, 'w_vwap': 0.8210323578895549, 'w_orb': 1.821143480162544, 'w_ofi': 1.9299408800528768, 'w_vol': 1.8637106279561548, 'win_boll': 22, 'win_rsi': 5, 'win_mom': 6, 'win_vwap': 18, 'orb_opening_bars': 50, 'vol_window': 19}. Best is trial 868 with value: 0.384.
Trial 992: REJECT (overfit 167.1%) - Eval: 0.082%, Val: -0.055%
