[I 2025-10-25 04:45:55,640] Trial 1399 finished with value: -0.09800000000000002 and parameters: {'w_boll': 0.21634721926477685, 'w_rsi': 0.5223141474685904, 'w_mom': 1.3510229041102737, 'w_vwap': 0.816937891200425, 'w_orb': 1.863625579972092, 'w_ofi': 1.9295429514786593, 'w_vol': 1.9278585043385883, 'win_boll': 16, 'win_rsi': 5, 'win_mom': 3, 'win_vwap': 31, 'orb_opening_bars': 50, 'vol_window': 13}. Best is trial 868 with value: 0.384.
Trial 1400: REJECT (overfit 67.4%) - Eval: 0.184%, Val: 0.060%
[I 2025-10-25 04:45:56,432] Trial 1400 finished with value: -999.0 and parameters: {'w_boll': 0.25495280874251475, 'w_rsi': 0.5142725998571216, 'w_mom': 1.301597030837008, 'w_vwap': 0.7696754440648751, 'w_orb': 1.7966429383859954, 'w_ofi': 1.9985314546067174, 'w_vol': 1.855372470911268, 'win_boll': 11, 'win_rsi': 6, 'win_mom': 8, 'win_vwap': 34, 'orb_opening_bars': 48, 'vol_window': 10}. Best is trial 868 with value: 0.384.Best trial: 868. Best value: 0.384:  71%|███████   | 1417/2000 [18:06<07:27,  1.30it/s]Best trial: 868. Best value: 0.384:  71%|███████   | 1417/2000 [18:06<07:27,  1.30it/s]Best trial: 868. Best value: 0.384:  71%|███████   | 1418/2000 [18:06<07:24,  1.31it/s]                                                                                       Best trial: 868. Best value: 0.384:  71%|███████   | 1418/2000 [18:06<07:24,  1.31it/s]Best trial: 868. Best value: 0.384:  71%|███████   | 1418/2000 [18:06<07:24,  1.31it/s]Best trial: 868. Best value: 0.384:  71%|███████   | 1419/2000 [18:06<07:22,  1.31it/s]                                                                                       Best trial: 868. Best value: 0.384:  71%|███████   | 1419/2000 [18:07<07:22,  1.31it/s]Best trial: 868. Best value: 0.384:  71%|███████   | 1419/2000 [18:07<07:22,  1.31it/s]Best trial: 868. Best value: 0.384:  71%|███████   | 1420/2000 [18:07<07:16,  1.33it/s]                                                                                       Best trial: 868. Best value: 0.384:  71%|███████   | 1420/2000 [18:08<07:16,  1.33it/s]Best trial: 868. Best value: 0.384:  71%|███████   | 1420/2000 [18:08<07:16,  1.33it/s]Best trial: 868. Best value: 0.384:  71%|███████   | 1421/2000 [18:08<07:31,  1.28it/s]                                                                                       Best trial: 868. Best value: 0.384:  71%|███████   | 1421/2000 [18:09<07:31,  1.28it/s]Best trial: 868. Best value: 0.384:  71%|███████   | 1421/2000 [18:09<07:31,  1.28it/s]Best trial: 868. Best value: 0.384:  71%|███████   | 1422/2000 [18:09<07:31,  1.28it/s]                                                                                       Best trial: 868. Best value: 0.384:  71%|███████   | 1422/2000 [18:09<07:31,  1.28it/s]Best trial: 868. Best value: 0.384:  71%|███████   | 1422/2000 [18:09<07:31,  1.28it/s]Best trial: 868. Best value: 0.384:  71%|███████   | 1423/2000 [18:09<07:26,  1.29it/s]                                                                                       Best trial: 868. Best value: 0.384:  71%|███████   | 1423/2000 [18:10<07:26,  1.29it/s]Best trial: 868. Best value: 0.384:  71%|███████   | 1423/2000 [18:10<07:26,  1.29it/s]Best trial: 868. Best value: 0.384:  71%|███████   | 1424/2000 [18:10<07:18,  1.31it/s]                                                                                       Best trial: 868. Best value: 0.384:  71%|███████   | 1424/2000 [18:11<07:18,  1.31it/s]Best trial: 868. Best value: 0.384:  71%|███████   | 1424/2000 [18:11<07:18,  1.31it/s]Best trial: 868. Best value: 0.384:  71%|███████▏  | 1425/2000 [18:11<07:24,  1.29it/s]                                                                                       Best trial: 868. Best value: 0.384:  71%|███████▏  | 1425/2000 [18:12<07:24,  1.29it/s]Best trial: 868. Best value: 0.384:  71%|███████▏  | 1425/2000 [18:12<07:24,  1.29it/s]Best trial: 868. Best value: 0.384:  71%|███████▏  | 1426/2000 [18:12<07:20,  1.30it/s]                                                                                       Best trial: 868. Best value: 0.384:  71%|███████▏  | 1426/2000 [18:12<07:20,  1.30it/s]Best trial: 868. Best value: 0.384:  71%|███████▏  | 1426/2000 [18:12<07:20,  1.30it/s]Best trial: 868. Best value: 0.384:  71%|███████▏  | 1427/2000 [18:12<07:18,  1.31it/s]                                                                                       Best trial: 868. Best value: 0.384:  71%|███████▏  | 1427/2000 [18:13<07:18,  1.31it/s]Best trial: 868. Best value: 0.384:  71%|███████▏  | 1427/2000 [18:13<07:18,  1.31it/s]Best trial: 868. Best value: 0.384:  71%|███████▏  | 1428/2000 [18:13<07:14,  1.32it/s]                                                                                       Best trial: 868. Best value: 0.384:  71%|███████▏  | 1428/2000 [18:14<07:14,  1.32it/s]Best trial: 868. Best value: 0.384:  71%|███████▏  | 1428/2000 [18:14<07:14,  1.32it/s]Best trial: 868. Best value: 0.384:  71%|███████▏  | 1429/2000 [18:14<07:15,  1.31it/s]                                                                                       Best trial: 868. Best value: 0.384:  71%|███████▏  | 1429/2000 [18:15<07:15,  1.31it/s]Best trial: 868. Best value: 0.384:  71%|███████▏  | 1429/2000 [18:15<07:15,  1.31it/s]Best trial: 868. Best value: 0.384:  72%|███████▏  | 1430/2000 [18:15<07:12,  1.32it/s]                                                                                       Best trial: 868. Best value: 0.384:  72%|███████▏  | 1430/2000 [18:16<07:12,  1.32it/s]Best trial: 868. Best value: 0.384:  72%|███████▏  | 1430/2000 [18:16<07:12,  1.32it/s]Best trial: 868. Best value: 0.384:  72%|███████▏  | 1431/2000 [18:16<07:13,  1.31it/s]                                                                                       Best trial: 868. Best value: 0.384:  72%|███████▏  | 1431/2000 [18:16<07:13,  1.31it/s]Best trial: 868. Best value: 0.384:  72%|███████▏  | 1431/2000 [18:16<07:13,  1.31it/s]Best trial: 868. Best value: 0.384:  72%|███████▏  | 1432/2000 [18:16<07:11,  1.32it/s]                                                                                       Best trial: 868. Best value: 0.384:  72%|███████▏  | 1432/2000 [18:17<07:11,  1.32it/s]Best trial: 868. Best value: 0.384:  72%|███████▏  | 1432/2000 [18:17<07:11,  1.32it/s]Best trial: 868. Best value: 0.384:  72%|███████▏  | 1433/2000 [18:17<07:12,  1.31it/s]                                                                                       Best trial: 868. Best value: 0.384:  72%|███████▏  | 1433/2000 [18:18<07:12,  1.31it/s]Best trial: 868. Best value: 0.384:  72%|███████▏  | 1433/2000 [18:18<07:12,  1.31it/s]Best trial: 868. Best value: 0.384:  72%|███████▏  | 1434/2000 [18:18<07:12,  1.31it/s]                                                                                       
Trial 1401: REJECT (overfit 166.7%) - Eval: 0.174%, Val: -0.116%
[I 2025-10-25 04:45:57,207] Trial 1401 finished with value: -999.0 and parameters: {'w_boll': 0.20989193947356963, 'w_rsi': 0.5587371616717026, 'w_mom': 1.2378549900016447, 'w_vwap': 0.7244311632603109, 'w_orb': 1.9082429045883176, 'w_ofi': 1.9381886655343563, 'w_vol': 1.9003344452686066, 'win_boll': 15, 'win_rsi': 7, 'win_mom': 3, 'win_vwap': 31, 'orb_opening_bars': 49, 'vol_window': 11}. Best is trial 868 with value: 0.384.
Trial 1402: ACCEPT (degrade 0.0%) - Eval: -0.020%, Val: 0.190%
[I 2025-10-25 04:45:57,942] Trial 1402 finished with value: -0.020000000000000018 and parameters: {'w_boll': 0.24105875509674296, 'w_rsi': 0.44714998142497314, 'w_mom': 1.374926755266417, 'w_vwap': 0.7908715798735709, 'w_orb': 1.939468932988708, 'w_ofi': 1.9550620700004804, 'w_vol': 1.4536940230600037, 'win_boll': 18, 'win_rsi': 8, 'win_mom': 3, 'win_vwap': 34, 'orb_opening_bars': 48, 'vol_window': 13}. Best is trial 868 with value: 0.384.
Trial 1403: REJECT (overfit 117.4%) - Eval: 0.086%, Val: -0.015%
[I 2025-10-25 04:45:58,704] Trial 1403 finished with value: -999.0 and parameters: {'w_boll': 0.2723833304468931, 'w_rsi': 0.4983321356771254, 'w_mom': 1.3275846935413465, 'w_vwap': 0.9627685814277218, 'w_orb': 1.7614855656967443, 'w_ofi': 1.9420680254833502, 'w_vol': 1.8337221434087754, 'win_boll': 14, 'win_rsi': 5, 'win_mom': 6, 'win_vwap': 33, 'orb_opening_bars': 49, 'vol_window': 11}. Best is trial 868 with value: 0.384.
Trial 1404: REJECT (overfit 90.2%) - Eval: 0.194%, Val: 0.019%
[I 2025-10-25 04:45:59,489] Trial 1404 finished with value: -999.0 and parameters: {'w_boll': 0.24403237801009567, 'w_rsi': 0.5798865477286381, 'w_mom': 1.2651216125249478, 'w_vwap': 0.8464951986180685, 'w_orb': 1.882161489358217, 'w_ofi': 1.919850739673555, 'w_vol': 1.2765531347976682, 'win_boll': 17, 'win_rsi': 6, 'win_mom': 3, 'win_vwap': 30, 'orb_opening_bars': 50, 'vol_window': 12}. Best is trial 868 with value: 0.384.
Trial 1405: ACCEPT (degrade -25.2%) - Eval: 0.218%, Val: 0.273%
[I 2025-10-25 04:46:00,322] Trial 1405 finished with value: 0.21800000000000003 and parameters: {'w_boll': 0.21237090498881167, 'w_rsi': 0.452305886215478, 'w_mom': 1.2954484602152863, 'w_vwap': 0.7068526340148515, 'w_orb': 1.837768912151514, 'w_ofi': 1.9474467217418387, 'w_vol': 1.9302570314032843, 'win_boll': 12, 'win_rsi': 7, 'win_mom': 3, 'win_vwap': 30, 'orb_opening_bars': 48, 'vol_window': 10}. Best is trial 868 with value: 0.384.
Trial 1406: ACCEPT (degrade -111.8%) - Eval: 0.110%, Val: 0.233%
[I 2025-10-25 04:46:01,052] Trial 1406 finished with value: 0.10999999999999995 and parameters: {'w_boll': 0.17349705370752957, 'w_rsi': 0.5401746630274256, 'w_mom': 1.2136234895024904, 'w_vwap': 0.6982229499547844, 'w_orb': 1.9151186579057644, 'w_ofi': 1.97086621315333, 'w_vol': 1.8702007669518637, 'win_boll': 19, 'win_rsi': 6, 'win_mom': 7, 'win_vwap': 34, 'orb_opening_bars': 36, 'vol_window': 11}. Best is trial 868 with value: 0.384.
Trial 1407: ACCEPT (degrade 0.0%) - Eval: -0.066%, Val: 0.102%
[I 2025-10-25 04:46:01,815] Trial 1407 finished with value: -0.06599999999999999 and parameters: {'w_boll': 0.27952946142869634, 'w_rsi': 0.42743167203771504, 'w_mom': 1.161600515931399, 'w_vwap': 0.7652159825342781, 'w_orb': 1.941526774999146, 'w_ofi': 0.3576606735424757, 'w_vol': 1.8338062299250202, 'win_boll': 15, 'win_rsi': 6, 'win_mom': 6, 'win_vwap': 35, 'orb_opening_bars': 28, 'vol_window': 12}. Best is trial 868 with value: 0.384.
Trial 1408: REJECT (overfit 21.2%) - Eval: 0.198%, Val: 0.156%
[I 2025-10-25 04:46:02,592] Trial 1408 finished with value: -999.0 and parameters: {'w_boll': 0.27660383812726047, 'w_rsi': 0.4887773478965137, 'w_mom': 1.4119099656626513, 'w_vwap': 0.7344749716268562, 'w_orb': 1.8659036982586654, 'w_ofi': 0.4401022481632367, 'w_vol': 1.8965317981771068, 'win_boll': 10, 'win_rsi': 7, 'win_mom': 3, 'win_vwap': 32, 'orb_opening_bars': 49, 'vol_window': 15}. Best is trial 868 with value: 0.384.
Trial 1409: REJECT (overfit 64.2%) - Eval: 0.260%, Val: 0.093%
[I 2025-10-25 04:46:03,350] Trial 1409 finished with value: -999.0 and parameters: {'w_boll': 0.2510892743172632, 'w_rsi': 0.4320753802688683, 'w_mom': 1.3440745111186108, 'w_vwap': 0.8358907487308989, 'w_orb': 0.4818226253141811, 'w_ofi': 1.191420720179404, 'w_vol': 1.9350025462192881, 'win_boll': 16, 'win_rsi': 5, 'win_mom': 3, 'win_vwap': 31, 'orb_opening_bars': 50, 'vol_window': 13}. Best is trial 868 with value: 0.384.
Trial 1410: ACCEPT (degrade 0.0%) - Eval: -0.254%, Val: 0.166%
[I 2025-10-25 04:46:04,113] Trial 1410 finished with value: -0.254 and parameters: {'w_boll': 0.19537554813226016, 'w_rsi': 0.5898250187790494, 'w_mom': 1.2953930621361642, 'w_vwap': 0.7920524985119523, 'w_orb': 1.9651281415105624, 'w_ofi': 0.4676746661819815, 'w_vol': 1.8666917042819706, 'win_boll': 12, 'win_rsi': 20, 'win_mom': 6, 'win_vwap': 32, 'orb_opening_bars': 49, 'vol_window': 10}. Best is trial 868 with value: 0.384.
Trial 1411: REJECT (overfit 85.0%) - Eval: 0.274%, Val: 0.041%
[I 2025-10-25 04:46:04,848] Trial 1411 finished with value: -999.0 and parameters: {'w_boll': 0.29587631561545974, 'w_rsi': 0.4056029658326247, 'w_mom': 1.2585533218080989, 'w_vwap': 0.6952310500151528, 'w_orb': 1.6438669634619365, 'w_ofi': 1.9987031070394603, 'w_vol': 1.8182361494372865, 'win_boll': 13, 'win_rsi': 6, 'win_mom': 3, 'win_vwap': 33, 'orb_opening_bars': 47, 'vol_window': 14}. Best is trial 868 with value: 0.384.
Trial 1412: ACCEPT (degrade -885.3%) - Eval: 0.034%, Val: 0.335%
[I 2025-10-25 04:46:05,645] Trial 1412 finished with value: 0.033999999999999996 and parameters: {'w_boll': 0.2413737324453008, 'w_rsi': 0.46057472168207625, 'w_mom': 1.393412573191478, 'w_vwap': 0.7324386490006463, 'w_orb': 1.9025196519617025, 'w_ofi': 0.5522049233435291, 'w_vol': 1.8716715779227686, 'win_boll': 14, 'win_rsi': 7, 'win_mom': 7, 'win_vwap': 31, 'orb_opening_bars': 48, 'vol_window': 21}. Best is trial 868 with value: 0.384.
Trial 1413: ACCEPT (degrade 0.0%) - Eval: -0.310%, Val: 0.068%
[I 2025-10-25 04:46:06,406] Trial 1413 finished with value: -0.31000000000000005 and parameters: {'w_boll': 0.13441767005963803, 'w_rsi': 0.40776659948824273, 'w_mom': 1.7539116745835486, 'w_vwap': 0.900571003705475, 'w_orb': 1.8390840327000035, 'w_ofi': 1.90933089777774, 'w_vol': 1.9414522365097533, 'win_boll': 15, 'win_rsi': 8, 'win_mom': 6, 'win_vwap': 32, 'orb_opening_bars': 50, 'vol_window': 35}. Best is trial 868 with value: 0.384.
Trial 1414: REJECT (overfit 101.0%) - Eval: 0.100%, Val: -0.001%
[I 2025-10-25 04:46:07,168] Trial 1414 finished with value: -999.0 and parameters: {'w_boll': 0.2878243899715185, 'w_rsi': 0.5320355923827469, 'w_mom': 1.1952137032891657, 'w_vwap': 0.6969539282606247, 'w_orb': 1.9413353078495859, 'w_ofi': 0.33674308502440053, 'w_vol': 1.9014079918281452, 'win_boll': 11, 'win_rsi': 6, 'win_mom': 3, 'win_vwap': 49, 'orb_opening_bars': 49, 'vol_window': 11}. Best is trial 868 with value: 0.384.
Trial 1415: REJECT (overfit 112.1%) - Eval: 0.124%, Val: -0.015%
[I 2025-10-25 04:46:07,895] Trial 1415 finished with value: -999.0 and parameters: {'w_boll': 0.3050146935078347, 'w_rsi': 0.5115389831556684, 'w_mom': 1.1261949210870281, 'w_vwap': 0.7790003048924261, 'w_orb': 1.8938124043683184, 'w_ofi': 0.4071379153169649, 'w_vol': 1.8244391662034556, 'win_boll': 14, 'win_rsi': 5, 'win_mom': 6, 'win_vwap': 33, 'orb_opening_bars': 48, 'vol_window': 11}. Best is trial 868 with value: 0.384.
Trial 1416: ACCEPT (degrade -12.8%) - Eval: 0.086%, Val: 0.097%
[I 2025-10-25 04:46:08,697] Trial 1416 finished with value: 0.08599999999999997 and parameters: {'w_boll': 0.1906444258611107, 'w_rsi': 1.7616733405611826, 'w_mom': 1.353400976841819, 'w_vwap': 0.8553987565626302, 'w_orb': 1.8038095254959188, 'w_ofi': 1.9520016273961005, 'w_vol': 1.0082736576481302, 'win_boll': 16, 'win_rsi': 7, 'win_mom': 3, 'win_vwap': 32, 'orb_opening_bars': 30, 'vol_window': 12}. Best is trial 868 with value: 0.384.
Trial 1417: ACCEPT (degrade -385.7%) - Eval: 0.056%, Val: 0.272%
[I 2025-10-25 04:46:09,449] Trial 1417 finished with value: 0.05600000000000001 and parameters: {'w_boll': 0.2570703861131352, 'w_rsi': 0.47906960245044755, 'w_mom': 1.4891206995398265, 'w_vwap': 0.6786757367261685, 'w_orb': 1.9682507963011513, 'w_ofi': 0.5094194561672004, 'w_vol': 1.1387862461032392, 'win_boll': 12, 'win_rsi': 5, 'win_mom': 3, 'win_vwap': 17, 'orb_opening_bars': 27, 'vol_window': 17}. Best is trial 868 with value: 0.384.Best trial: 868. Best value: 0.384:  72%|███████▏  | 1434/2000 [18:19<07:12,  1.31it/s]Best trial: 868. Best value: 0.384:  72%|███████▏  | 1434/2000 [18:19<07:12,  1.31it/s]Best trial: 868. Best value: 0.384:  72%|███████▏  | 1435/2000 [18:19<07:10,  1.31it/s]                                                                                       Best trial: 868. Best value: 0.384:  72%|███████▏  | 1435/2000 [18:19<07:10,  1.31it/s]Best trial: 868. Best value: 0.384:  72%|███████▏  | 1435/2000 [18:19<07:10,  1.31it/s]Best trial: 868. Best value: 0.384:  72%|███████▏  | 1436/2000 [18:19<07:10,  1.31it/s]                                                                                       Best trial: 868. Best value: 0.384:  72%|███████▏  | 1436/2000 [18:20<07:10,  1.31it/s]Best trial: 868. Best value: 0.384:  72%|███████▏  | 1436/2000 [18:20<07:10,  1.31it/s]Best trial: 868. Best value: 0.384:  72%|███████▏  | 1437/2000 [18:20<07:15,  1.29it/s]                                                                                       Best trial: 868. Best value: 0.384:  72%|███████▏  | 1437/2000 [18:21<07:15,  1.29it/s]Best trial: 868. Best value: 0.384:  72%|███████▏  | 1437/2000 [18:21<07:15,  1.29it/s]Best trial: 868. Best value: 0.384:  72%|███████▏  | 1438/2000 [18:21<07:11,  1.30it/s]                                                                                       Best trial: 868. Best value: 0.384:  72%|███████▏  | 1438/2000 [18:22<07:11,  1.30it/s]Best trial: 868. Best value: 0.384:  72%|███████▏  | 1438/2000 [18:22<07:11,  1.30it/s]Best trial: 868. Best value: 0.384:  72%|███████▏  | 1439/2000 [18:22<07:08,  1.31it/s]                                                                                       Best trial: 868. Best value: 0.384:  72%|███████▏  | 1439/2000 [18:22<07:08,  1.31it/s]Best trial: 868. Best value: 0.384:  72%|███████▏  | 1439/2000 [18:22<07:08,  1.31it/s]Best trial: 868. Best value: 0.384:  72%|███████▏  | 1440/2000 [18:22<07:07,  1.31it/s]                                                                                       Best trial: 868. Best value: 0.384:  72%|███████▏  | 1440/2000 [18:23<07:07,  1.31it/s]Best trial: 868. Best value: 0.384:  72%|███████▏  | 1440/2000 [18:23<07:07,  1.31it/s]Best trial: 868. Best value: 0.384:  72%|███████▏  | 1441/2000 [18:23<07:08,  1.30it/s]                                                                                       Best trial: 868. Best value: 0.384:  72%|███████▏  | 1441/2000 [18:24<07:08,  1.30it/s]Best trial: 868. Best value: 0.384:  72%|███████▏  | 1441/2000 [18:24<07:08,  1.30it/s]Best trial: 868. Best value: 0.384:  72%|███████▏  | 1442/2000 [18:24<07:10,  1.29it/s]                                                                                       Best trial: 868. Best value: 0.384:  72%|███████▏  | 1442/2000 [18:25<07:10,  1.29it/s]Best trial: 868. Best value: 0.384:  72%|███████▏  | 1442/2000 [18:25<07:10,  1.29it/s]Best trial: 868. Best value: 0.384:  72%|███████▏  | 1443/2000 [18:25<07:07,  1.30it/s]                                                                                       Best trial: 868. Best value: 0.384:  72%|███████▏  | 1443/2000 [18:25<07:07,  1.30it/s]Best trial: 868. Best value: 0.384:  72%|███████▏  | 1443/2000 [18:25<07:07,  1.30it/s]Best trial: 868. Best value: 0.384:  72%|███████▏  | 1444/2000 [18:25<07:05,  1.31it/s]                                                                                       Best trial: 868. Best value: 0.384:  72%|███████▏  | 1444/2000 [18:26<07:05,  1.31it/s]Best trial: 868. Best value: 0.384:  72%|███████▏  | 1444/2000 [18:26<07:05,  1.31it/s]Best trial: 868. Best value: 0.384:  72%|███████▏  | 1445/2000 [18:26<07:22,  1.25it/s]                                                                                       Best trial: 868. Best value: 0.384:  72%|███████▏  | 1445/2000 [18:27<07:22,  1.25it/s]Best trial: 868. Best value: 0.384:  72%|███████▏  | 1445/2000 [18:27<07:22,  1.25it/s]Best trial: 868. Best value: 0.384:  72%|███████▏  | 1446/2000 [18:27<07:10,  1.29it/s]                                                                                       Best trial: 868. Best value: 0.384:  72%|███████▏  | 1446/2000 [18:28<07:10,  1.29it/s]Best trial: 868. Best value: 0.384:  72%|███████▏  | 1446/2000 [18:28<07:10,  1.29it/s]Best trial: 868. Best value: 0.384:  72%|███████▏  | 1447/2000 [18:28<07:05,  1.30it/s]                                                                                       Best trial: 868. Best value: 0.384:  72%|███████▏  | 1447/2000 [18:29<07:05,  1.30it/s]Best trial: 868. Best value: 0.384:  72%|███████▏  | 1447/2000 [18:29<07:05,  1.30it/s]Best trial: 868. Best value: 0.384:  72%|███████▏  | 1448/2000 [18:29<07:03,  1.30it/s]                                                                                       Best trial: 868. Best value: 0.384:  72%|███████▏  | 1448/2000 [18:29<07:03,  1.30it/s]Best trial: 868. Best value: 0.384:  72%|███████▏  | 1448/2000 [18:29<07:03,  1.30it/s]Best trial: 868. Best value: 0.384:  72%|███████▏  | 1449/2000 [18:29<07:05,  1.29it/s]                                                                                       Best trial: 868. Best value: 0.384:  72%|███████▏  | 1449/2000 [18:30<07:05,  1.29it/s]Best trial: 868. Best value: 0.384:  72%|███████▏  | 1449/2000 [18:30<07:05,  1.29it/s]Best trial: 868. Best value: 0.384:  72%|███████▎  | 1450/2000 [18:30<06:59,  1.31it/s]                                                                                       Best trial: 868. Best value: 0.384:  72%|███████▎  | 1450/2000 [18:31<06:59,  1.31it/s]Best trial: 868. Best value: 0.384:  72%|███████▎  | 1450/2000 [18:31<06:59,  1.31it/s]Best trial: 868. Best value: 0.384:  73%|███████▎  | 1451/2000 [18:31<06:58,  1.31it/s]                                                                                       
Trial 1418: ACCEPT (degrade -451.8%) - Eval: 0.056%, Val: 0.309%
[I 2025-10-25 04:46:10,205] Trial 1418 finished with value: 0.05599999999999997 and parameters: {'w_boll': 0.3204497909848446, 'w_rsi': 0.3894820899653849, 'w_mom': 1.302784012725875, 'w_vwap': 0.7431062341217439, 'w_orb': 1.9217033941307253, 'w_ofi': 0.5833765382081249, 'w_vol': 1.8558733618951642, 'win_boll': 11, 'win_rsi': 6, 'win_mom': 7, 'win_vwap': 10, 'orb_opening_bars': 34, 'vol_window': 13}. Best is trial 868 with value: 0.384.
Trial 1419: ACCEPT (degrade 0.0%) - Eval: -0.214%, Val: 0.611%
