[I 2025-10-25 04:42:53,682] Trial 1164 finished with value: -0.014000000000000012 and parameters: {'w_boll': 0.20634252134707895, 'w_rsi': 0.22663611497868522, 'w_mom': 1.0809681279929269, 'w_vwap': 0.7022733725577518, 'w_orb': 1.8709176330472883, 'w_ofi': 0.4047686047484013, 'w_vol': 1.7377780780997782, 'win_boll': 14, 'win_rsi': 7, 'win_mom': 8, 'win_vwap': 13, 'orb_opening_bars': 50, 'vol_window': 13}. Best is trial 868 with value: 0.384.
Trial 1165: ACCEPT (degrade 0.0%) - Eval: -0.196%, Val: 0.437%
[I 2025-10-25 04:42:54,434] Trial 1165 finished with value: -0.196 and parameters: {'w_boll': 0.3787052898244919, 'w_rsi': 0.4067734242546834, 'w_mom': 1.295590789596249, 'w_vwap': 0.7694382135630096, 'w_orb': 1.9429057418052322, 'w_ofi': 1.9290445991836611, 'w_vol': 0.22343046142792655, 'win_boll': 13, 'win_rsi': 6, 'win_mom': 10, 'win_vwap': 16, 'orb_opening_bars': 26, 'vol_window': 11}. Best is trial 868 with value: 0.384.
Trial 1166: REJECT (overfit 55.1%) - Eval: 0.254%, Val: 0.114%
[I 2025-10-25 04:42:55,191] Trial 1166 finished with value: -999.0 and parameters: {'w_boll': 0.31398561464188457, 'w_rsi': 0.29940459298755706, 'w_mom': 1.7061098680505207, 'w_vwap': 0.6178556467860102, 'w_orb': 1.4802146319432632, 'w_ofi': 0.45779235767046955, 'w_vol': 1.8022211054153152, 'win_boll': 14, 'win_rsi': 6, 'win_mom': 7, 'win_vwap': 17, 'orb_opening_bars': 31, 'vol_window': 12}. Best is trial 868 with value: 0.384.
Trial 1167: ACCEPT (degrade -168.4%) - Eval: 0.174%, Val: 0.467%
[I 2025-10-25 04:42:55,928] Trial 1167 finished with value: 0.17400000000000002 and parameters: {'w_boll': 0.4065234354676208, 'w_rsi': 0.5927560169315937, 'w_mom': 1.438875776502047, 'w_vwap': 0.7097812690073108, 'w_orb': 1.9676303809591635, 'w_ofi': 1.9999899901279832, 'w_vol': 1.8995354804986315, 'win_boll': 15, 'win_rsi': 8, 'win_mom': 6, 'win_vwap': 32, 'orb_opening_bars': 28, 'vol_window': 10}. Best is trial 868 with value: 0.384.
Trial 1168: ACCEPT (degrade 0.0%) - Eval: -0.262%, Val: 0.070%
[I 2025-10-25 04:42:56,718] Trial 1168 finished with value: -0.26199999999999996 and parameters: {'w_boll': 1.109723121824819, 'w_rsi': 0.1941597374629851, 'w_mom': 1.393896327240855, 'w_vwap': 0.547177092543414, 'w_orb': 1.802190487311763, 'w_ofi': 1.8714728670821494, 'w_vol': 1.8709353187426663, 'win_boll': 13, 'win_rsi': 5, 'win_mom': 3, 'win_vwap': 12, 'orb_opening_bars': 32, 'vol_window': 15}. Best is trial 868 with value: 0.384.
Trial 1169: ACCEPT (degrade 0.0%) - Eval: -0.002%, Val: 0.254%
[I 2025-10-25 04:42:57,494] Trial 1169 finished with value: -0.001999999999999996 and parameters: {'w_boll': 0.3453631072262801, 'w_rsi': 0.3535042132379611, 'w_mom': 1.5071620326044481, 'w_vwap': 1.265891725708046, 'w_orb': 1.9032416459299588, 'w_ofi': 0.5323084907516157, 'w_vol': 1.8311009695836706, 'win_boll': 13, 'win_rsi': 7, 'win_mom': 5, 'win_vwap': 13, 'orb_opening_bars': 49, 'vol_window': 12}. Best is trial 868 with value: 0.384.
Trial 1170: ACCEPT (degrade -50.0%) - Eval: 0.020%, Val: 0.030%
[I 2025-10-25 04:42:58,254] Trial 1170 finished with value: 0.020000000000000018 and parameters: {'w_boll': 0.435469791065, 'w_rsi': 0.265462819207078, 'w_mom': 1.2586127417206872, 'w_vwap': 0.6640477954949864, 'w_orb': 0.9296352817872526, 'w_ofi': 0.3587042603843639, 'w_vol': 1.1676771506706716, 'win_boll': 16, 'win_rsi': 6, 'win_mom': 3, 'win_vwap': 15, 'orb_opening_bars': 37, 'vol_window': 14}. Best is trial 868 with value: 0.384.
Trial 1171: REJECT (overfit 167.0%) - Eval: 0.100%, Val: -0.067%
[I 2025-10-25 04:42:58,993] Trial 1171 finished with value: -999.0 and parameters: {'w_boll': 0.22803624987149407, 'w_rsi': 0.3790563380389754, 'w_mom': 1.3180985656102462, 'w_vwap': 1.5360643248613477, 'w_orb': 1.9988344684647805, 'w_ofi': 1.9651817771654387, 'w_vol': 1.3238345385680699, 'win_boll': 14, 'win_rsi': 5, 'win_mom': 6, 'win_vwap': 14, 'orb_opening_bars': 50, 'vol_window': 13}. Best is trial 868 with value: 0.384.
Trial 1172: ACCEPT (degrade 0.0%) - Eval: -0.028%, Val: 0.022%
[I 2025-10-25 04:42:59,776] Trial 1172 finished with value: -0.027999999999999997 and parameters: {'w_boll': 0.3724733902315481, 'w_rsi': 0.20598990915167953, 'w_mom': 1.6205866716514976, 'w_vwap': 0.7322271238776572, 'w_orb': 1.8601497794262296, 'w_ofi': 0.43711961715585956, 'w_vol': 1.7643718138453763, 'win_boll': 15, 'win_rsi': 30, 'win_mom': 5, 'win_vwap': 12, 'orb_opening_bars': 49, 'vol_window': 11}. Best is trial 868 with value: 0.384.
Trial 1173: ACCEPT (degrade 0.0%) - Eval: -0.060%, Val: 0.064%
[I 2025-10-25 04:43:01,873] Trial 1173 finished with value: -0.06 and parameters: {'w_boll': 0.294743388875881, 'w_rsi': 0.3110032607310202, 'w_mom': 1.5454810122435436, 'w_vwap': 0.6368123364411069, 'w_orb': 1.9279945737180961, 'w_ofi': 0.48173403105039336, 'w_vol': 1.880063671492915, 'win_boll': 13, 'win_rsi': 24, 'win_mom': 3, 'win_vwap': 11, 'orb_opening_bars': 49, 'vol_window': 10}. Best is trial 868 with value: 0.384.
Trial 1174: ACCEPT (degrade -158.9%) - Eval: 0.090%, Val: 0.233%
[I 2025-10-25 04:43:02,622] Trial 1174 finished with value: 0.09000000000000001 and parameters: {'w_boll': 0.33021548407455736, 'w_rsi': 0.2525496072218084, 'w_mom': 1.3394284216826198, 'w_vwap': 0.5764883752355638, 'w_orb': 1.8434078312799822, 'w_ofi': 1.9047192701501867, 'w_vol': 1.7038230474021991, 'win_boll': 33, 'win_rsi': 5, 'win_mom': 5, 'win_vwap': 13, 'orb_opening_bars': 39, 'vol_window': 12}. Best is trial 868 with value: 0.384.
Trial 1175: REJECT (overfit 104.0%) - Eval: 0.050%, Val: -0.002%
[I 2025-10-25 04:43:03,373] Trial 1175 finished with value: -999.0 and parameters: {'w_boll': 0.3990339859249475, 'w_rsi': 0.414192457746152, 'w_mom': 1.276439270789967, 'w_vwap': 0.5173541239197353, 'w_orb': 1.8986803396846277, 'w_ofi': 1.9421472668777977, 'w_vol': 1.802328298403182, 'win_boll': 16, 'win_rsi': 12, 'win_mom': 8, 'win_vwap': 14, 'orb_opening_bars': 50, 'vol_window': 11}. Best is trial 868 with value: 0.384.
Trial 1176: REJECT (overfit 0.0%) - Eval: -0.046%, Val: -0.192%
[I 2025-10-25 04:43:04,158] Trial 1176 finished with value: -999.0 and parameters: {'w_boll': 0.4446866958526939, 'w_rsi': 1.3761871312551741, 'w_mom': 1.4717285416574921, 'w_vwap': 0.6821828774011909, 'w_orb': 1.2285135635754654, 'w_ofi': 0.5021997492397982, 'w_vol': 1.8455353230010298, 'win_boll': 14, 'win_rsi': 7, 'win_mom': 4, 'win_vwap': 12, 'orb_opening_bars': 24, 'vol_window': 24}. Best is trial 868 with value: 0.384.
Trial 1177: REJECT (overfit 196.0%) - Eval: 0.226%, Val: -0.217%
[I 2025-10-25 04:43:04,889] Trial 1177 finished with value: -999.0 and parameters: {'w_boll': 0.2683509062349245, 'w_rsi': 0.33512917651886004, 'w_mom': 1.350957923305707, 'w_vwap': 0.27165093627235226, 'w_orb': 1.9500664323358272, 'w_ofi': 0.557984758003531, 'w_vol': 1.9042805000136163, 'win_boll': 12, 'win_rsi': 6, 'win_mom': 6, 'win_vwap': 30, 'orb_opening_bars': 49, 'vol_window': 10}. Best is trial 868 with value: 0.384.
Trial 1178: ACCEPT (degrade -16.7%) - Eval: 0.036%, Val: 0.042%
[I 2025-10-25 04:43:05,647] Trial 1178 finished with value: 0.036 and parameters: {'w_boll': 0.3554522676210524, 'w_rsi': 0.2794552452769266, 'w_mom': 0.10065087943447465, 'w_vwap': 1.0988682613651544, 'w_orb': 1.7981639889677816, 'w_ofi': 1.8711495038435797, 'w_vol': 1.7725410708689944, 'win_boll': 15, 'win_rsi': 8, 'win_mom': 4, 'win_vwap': 33, 'orb_opening_bars': 35, 'vol_window': 13}. Best is trial 868 with value: 0.384.
Trial 1179: REJECT (overfit 0.0%) - Eval: -0.106%, Val: -0.108%
[I 2025-10-25 04:43:06,404] Trial 1179 finished with value: -999.0 and parameters: {'w_boll': 0.4071693655253018, 'w_rsi': 0.568010624594862, 'w_mom': 0.3026531699790076, 'w_vwap': 0.7684876558515982, 'w_orb': 1.8752139461738337, 'w_ofi': 0.3265085287453777, 'w_vol': 0.6020288076363774, 'win_boll': 13, 'win_rsi': 20, 'win_mom': 7, 'win_vwap': 35, 'orb_opening_bars': 48, 'vol_window': 12}. Best is trial 868 with value: 0.384.Best trial: 868. Best value: 0.384:  60%|█████▉    | 1196/2000 [15:16<10:08,  1.32it/s]Best trial: 868. Best value: 0.384:  60%|█████▉    | 1196/2000 [15:16<10:08,  1.32it/s]Best trial: 868. Best value: 0.384:  60%|█████▉    | 1197/2000 [15:16<10:16,  1.30it/s]                                                                                       Best trial: 868. Best value: 0.384:  60%|█████▉    | 1197/2000 [15:16<10:16,  1.30it/s]Best trial: 868. Best value: 0.384:  60%|█████▉    | 1197/2000 [15:16<10:16,  1.30it/s]Best trial: 868. Best value: 0.384:  60%|█████▉    | 1198/2000 [15:16<10:12,  1.31it/s]                                                                                       Best trial: 868. Best value: 0.384:  60%|█████▉    | 1198/2000 [15:17<10:12,  1.31it/s]Best trial: 868. Best value: 0.384:  60%|█████▉    | 1198/2000 [15:17<10:12,  1.31it/s]Best trial: 868. Best value: 0.384:  60%|█████▉    | 1199/2000 [15:17<10:03,  1.33it/s]                                                                                       Best trial: 868. Best value: 0.384:  60%|█████▉    | 1199/2000 [15:18<10:03,  1.33it/s]Best trial: 868. Best value: 0.384:  60%|█████▉    | 1199/2000 [15:18<10:03,  1.33it/s]Best trial: 868. Best value: 0.384:  60%|██████    | 1200/2000 [15:18<10:04,  1.32it/s]                                                                                       Best trial: 868. Best value: 0.384:  60%|██████    | 1200/2000 [15:19<10:04,  1.32it/s]Best trial: 868. Best value: 0.384:  60%|██████    | 1200/2000 [15:19<10:04,  1.32it/s]Best trial: 868. Best value: 0.384:  60%|██████    | 1201/2000 [15:19<10:10,  1.31it/s]                                                                                       Best trial: 868. Best value: 0.384:  60%|██████    | 1201/2000 [15:19<10:10,  1.31it/s]Best trial: 868. Best value: 0.384:  60%|██████    | 1201/2000 [15:19<10:10,  1.31it/s]Best trial: 868. Best value: 0.384:  60%|██████    | 1202/2000 [15:19<10:07,  1.31it/s]                                                                                       Best trial: 868. Best value: 0.384:  60%|██████    | 1202/2000 [15:20<10:07,  1.31it/s]Best trial: 868. Best value: 0.384:  60%|██████    | 1202/2000 [15:20<10:07,  1.31it/s]Best trial: 868. Best value: 0.384:  60%|██████    | 1203/2000 [15:20<10:01,  1.32it/s]                                                                                       Best trial: 868. Best value: 0.384:  60%|██████    | 1203/2000 [15:21<10:01,  1.32it/s]Best trial: 868. Best value: 0.384:  60%|██████    | 1203/2000 [15:21<10:01,  1.32it/s]Best trial: 868. Best value: 0.384:  60%|██████    | 1204/2000 [15:21<10:01,  1.32it/s]                                                                                       Best trial: 868. Best value: 0.384:  60%|██████    | 1204/2000 [15:22<10:01,  1.32it/s]Best trial: 868. Best value: 0.384:  60%|██████    | 1204/2000 [15:22<10:01,  1.32it/s]Best trial: 868. Best value: 0.384:  60%|██████    | 1205/2000 [15:22<10:11,  1.30it/s]                                                                                       Best trial: 868. Best value: 0.384:  60%|██████    | 1205/2000 [15:22<10:11,  1.30it/s]Best trial: 868. Best value: 0.384:  60%|██████    | 1205/2000 [15:22<10:11,  1.30it/s]Best trial: 868. Best value: 0.384:  60%|██████    | 1206/2000 [15:22<10:10,  1.30it/s]                                                                                       Best trial: 868. Best value: 0.384:  60%|██████    | 1206/2000 [15:23<10:10,  1.30it/s]Best trial: 868. Best value: 0.384:  60%|██████    | 1206/2000 [15:23<10:10,  1.30it/s]Best trial: 868. Best value: 0.384:  60%|██████    | 1207/2000 [15:23<10:06,  1.31it/s]                                                                                       Best trial: 868. Best value: 0.384:  60%|██████    | 1207/2000 [15:24<10:06,  1.31it/s]Best trial: 868. Best value: 0.384:  60%|██████    | 1207/2000 [15:24<10:06,  1.31it/s]Best trial: 868. Best value: 0.384:  60%|██████    | 1208/2000 [15:24<09:57,  1.33it/s]                                                                                       Best trial: 868. Best value: 0.384:  60%|██████    | 1208/2000 [15:25<09:57,  1.33it/s]Best trial: 868. Best value: 0.384:  60%|██████    | 1208/2000 [15:25<09:57,  1.33it/s]Best trial: 868. Best value: 0.384:  60%|██████    | 1209/2000 [15:25<10:02,  1.31it/s]                                                                                       Best trial: 868. Best value: 0.384:  60%|██████    | 1209/2000 [15:25<10:02,  1.31it/s]Best trial: 868. Best value: 0.384:  60%|██████    | 1209/2000 [15:25<10:02,  1.31it/s]Best trial: 868. Best value: 0.384:  60%|██████    | 1210/2000 [15:25<09:59,  1.32it/s]                                                                                       Best trial: 868. Best value: 0.384:  60%|██████    | 1210/2000 [15:26<09:59,  1.32it/s]Best trial: 868. Best value: 0.384:  60%|██████    | 1210/2000 [15:26<09:59,  1.32it/s]Best trial: 868. Best value: 0.384:  61%|██████    | 1211/2000 [15:26<10:16,  1.28it/s]                                                                                       Best trial: 868. Best value: 0.384:  61%|██████    | 1211/2000 [15:27<10:16,  1.28it/s]Best trial: 868. Best value: 0.384:  61%|██████    | 1211/2000 [15:27<10:16,  1.28it/s]Best trial: 868. Best value: 0.384:  61%|██████    | 1212/2000 [15:27<10:03,  1.31it/s]                                                                                       Best trial: 868. Best value: 0.384:  61%|██████    | 1212/2000 [15:28<10:03,  1.31it/s]Best trial: 868. Best value: 0.384:  61%|██████    | 1212/2000 [15:28<10:03,  1.31it/s]Best trial: 868. Best value: 0.384:  61%|██████    | 1213/2000 [15:28<10:12,  1.28it/s]                                                                                       
Trial 1180: REJECT (overfit 49.5%) - Eval: 0.364%, Val: 0.184%
[I 2025-10-25 04:43:07,193] Trial 1180 finished with value: -999.0 and parameters: {'w_boll': 0.3202776475344942, 'w_rsi': 0.430520824684011, 'w_mom': 1.229463190175776, 'w_vwap': 0.7187586214034349, 'w_orb': 1.9299178946064577, 'w_ofi': 0.4193626122347801, 'w_vol': 1.8294917596779465, 'win_boll': 12, 'win_rsi': 6, 'win_mom': 3, 'win_vwap': 29, 'orb_opening_bars': 28, 'vol_window': 10}. Best is trial 868 with value: 0.384.
Trial 1181: ACCEPT (degrade 0.0%) - Eval: -0.136%, Val: 0.284%
[I 2025-10-25 04:43:07,924] Trial 1181 finished with value: -0.13599999999999998 and parameters: {'w_boll': 0.24730476851707006, 'w_rsi': 0.19288131721205906, 'w_mom': 1.4107523059345877, 'w_vwap': 0.6098013857407224, 'w_orb': 1.9686193252600925, 'w_ofi': 1.9167204893201946, 'w_vol': 1.8781405798435589, 'win_boll': 14, 'win_rsi': 17, 'win_mom': 6, 'win_vwap': 11, 'orb_opening_bars': 50, 'vol_window': 11}. Best is trial 868 with value: 0.384.
Trial 1182: ACCEPT (degrade 0.0%) - Eval: 0.000%, Val: 0.218%
[I 2025-10-25 04:43:08,695] Trial 1182 finished with value: 0.0 and parameters: {'w_boll': 0.44584438312224645, 'w_rsi': 0.23285411758554786, 'w_mom': 0.3785745429715464, 'w_vwap': 0.6597453524902661, 'w_orb': 1.8251942079029624, 'w_ofi': 1.854905176691206, 'w_vol': 1.913675532889126, 'win_boll': 17, 'win_rsi': 7, 'win_mom': 4, 'win_vwap': 13, 'orb_opening_bars': 38, 'vol_window': 19}. Best is trial 868 with value: 0.384.
Trial 1183: REJECT (overfit 167.5%) - Eval: 0.114%, Val: -0.077%
[I 2025-10-25 04:43:09,447] Trial 1183 finished with value: -999.0 and parameters: {'w_boll': 0.37033107378771885, 'w_rsi': 0.36125058580460034, 'w_mom': 0.6659428605278495, 'w_vwap': 0.770182000533545, 'w_orb': 1.8924690603453729, 'w_ofi': 1.9999213280016208, 'w_vol': 1.7879627631475383, 'win_boll': 14, 'win_rsi': 6, 'win_mom': 3, 'win_vwap': 16, 'orb_opening_bars': 17, 'vol_window': 13}. Best is trial 868 with value: 0.384.
Trial 1184: ACCEPT (degrade 0.0%) - Eval: -0.292%, Val: 0.217%
[I 2025-10-25 04:43:10,240] Trial 1184 finished with value: -0.29200000000000004 and parameters: {'w_boll': 0.16261684336023696, 'w_rsi': 0.30152574717629366, 'w_mom': 1.204443565658117, 'w_vwap': 0.7096376939848767, 'w_orb': 1.9695023973310355, 'w_ofi': 0.43619827085525487, 'w_vol': 0.4287395157114313, 'win_boll': 15, 'win_rsi': 5, 'win_mom': 9, 'win_vwap': 11, 'orb_opening_bars': 10, 'vol_window': 11}. Best is trial 868 with value: 0.384.
Trial 1185: ACCEPT (degrade 0.0%) - Eval: -0.074%, Val: 0.036%
[I 2025-10-25 04:43:11,004] Trial 1185 finished with value: -0.07399999999999998 and parameters: {'w_boll': 0.29714183729149773, 'w_rsi': 0.2742849243270557, 'w_mom': 1.2880915274061153, 'w_vwap': 0.5903702508902707, 'w_orb': 1.850074916954336, 'w_ofi': 1.9044670543836548, 'w_vol': 1.7401192023869627, 'win_boll': 13, 'win_rsi': 7, 'win_mom': 5, 'win_vwap': 15, 'orb_opening_bars': 40, 'vol_window': 10}. Best is trial 868 with value: 0.384.
Trial 1186: ACCEPT (degrade 0.0%) - Eval: -0.092%, Val: 0.056%
[I 2025-10-25 04:43:11,829] Trial 1186 finished with value: -0.092 and parameters: {'w_boll': 0.4067882029858554, 'w_rsi': 0.3736115986878779, 'w_mom': 1.1562995593852174, 'w_vwap': 0.6726801206948763, 'w_orb': 1.9171921388581568, 'w_ofi': 1.9561587136176417, 'w_vol': 0.5104704619936651, 'win_boll': 16, 'win_rsi': 5, 'win_mom': 4, 'win_vwap': 12, 'orb_opening_bars': 48, 'vol_window': 14}. Best is trial 868 with value: 0.384.
Trial 1187: ACCEPT (degrade -194.1%) - Eval: 0.102%, Val: 0.300%
[I 2025-10-25 04:43:12,590] Trial 1187 finished with value: 0.10200000000000001 and parameters: {'w_boll': 0.34242188233912735, 'w_rsi': 0.3249873065786508, 'w_mom': 0.10021151450357405, 'w_vwap': 0.7275234529753422, 'w_orb': 1.942358780090311, 'w_ofi': 0.38440347417081117, 'w_vol': 1.8541715081529868, 'win_boll': 12, 'win_rsi': 6, 'win_mom': 3, 'win_vwap': 14, 'orb_opening_bars': 50, 'vol_window': 12}. Best is trial 868 with value: 0.384.
Trial 1188: ACCEPT (degrade -56.5%) - Eval: 0.230%, Val: 0.360%
[I 2025-10-25 04:43:13,384] Trial 1188 finished with value: 0.23000000000000004 and parameters: {'w_boll': 0.19773973745818357, 'w_rsi': 0.23215435352617636, 'w_mom': 1.3799299326535008, 'w_vwap': 0.6286277106481181, 'w_orb': 1.7666505811364936, 'w_ofi': 0.48823935032647764, 'w_vol': 1.6573959300932564, 'win_boll': 15, 'win_rsi': 6, 'win_mom': 7, 'win_vwap': 12, 'orb_opening_bars': 49, 'vol_window': 11}. Best is trial 868 with value: 0.384.
Trial 1189: ACCEPT (degrade 0.0%) - Eval: -0.242%, Val: 0.467%
[I 2025-10-25 04:43:14,162] Trial 1189 finished with value: -0.242 and parameters: {'w_boll': 0.437340759218793, 'w_rsi': 0.44668099249110826, 'w_mom': 0.27229605748213637, 'w_vwap': 0.7529924790351346, 'w_orb': 1.884001139233865, 'w_ofi': 1.9628561066340846, 'w_vol': 0.3292556040243112, 'win_boll': 13, 'win_rsi': 9, 'win_mom': 5, 'win_vwap': 13, 'orb_opening_bars': 49, 'vol_window': 12}. Best is trial 868 with value: 0.384.
Trial 1190: ACCEPT (degrade 0.0%) - Eval: -0.274%, Val: 0.014%
[I 2025-10-25 04:43:14,894] Trial 1190 finished with value: -0.274 and parameters: {'w_boll': 1.4408278485223016, 'w_rsi': 0.18675796252022844, 'w_mom': 1.297218098616259, 'w_vwap': 0.7889862083662985, 'w_orb': 1.9716763825852412, 'w_ofi': 1.837039998123585, 'w_vol': 1.3519819661827623, 'win_boll': 14, 'win_rsi': 7, 'win_mom': 10, 'win_vwap': 11, 'orb_opening_bars': 50, 'vol_window': 15}. Best is trial 868 with value: 0.384.
Trial 1191: ACCEPT (degrade -85.3%) - Eval: 0.102%, Val: 0.189%
[I 2025-10-25 04:43:15,654] Trial 1191 finished with value: 0.10199999999999998 and parameters: {'w_boll': 0.37129619936404923, 'w_rsi': 0.39043070881347325, 'w_mom': 0.13308510004263985, 'w_vwap': 0.5565894430153006, 'w_orb': 1.8443995450026045, 'w_ofi': 1.8892287864498718, 'w_vol': 1.8951922780832202, 'win_boll': 27, 'win_rsi': 8, 'win_mom': 6, 'win_vwap': 22, 'orb_opening_bars': 48, 'vol_window': 10}. Best is trial 868 with value: 0.384.
Trial 1192: ACCEPT (degrade -1395.8%) - Eval: 0.024%, Val: 0.359%
[I 2025-10-25 04:43:16,455] Trial 1192 finished with value: 0.023999999999999983 and parameters: {'w_boll': 0.28229419495790015, 'w_rsi': 0.9074624511150844, 'w_mom': 1.3321929018845577, 'w_vwap': 0.6847144136413968, 'w_orb': 1.9100064541114088, 'w_ofi': 0.5462479380315446, 'w_vol': 1.8046603254781426, 'win_boll': 38, 'win_rsi': 5, 'win_mom': 3, 'win_vwap': 12, 'orb_opening_bars': 49, 'vol_window': 13}. Best is trial 868 with value: 0.384.
Trial 1193: REJECT (overfit 128.2%) - Eval: 0.348%, Val: -0.098%
[I 2025-10-25 04:43:17,212] Trial 1193 finished with value: -999.0 and parameters: {'w_boll': 0.39958987329883555, 'w_rsi': 0.2739720841865232, 'w_mom': 1.4468277449765958, 'w_vwap': 0.45145388483233706, 'w_orb': 1.7845685568636565, 'w_ofi': 0.45260843449002824, 'w_vol': 1.8440375863418634, 'win_boll': 12, 'win_rsi': 7, 'win_mom': 4, 'win_vwap': 13, 'orb_opening_bars': 48, 'vol_window': 11}. Best is trial 868 with value: 0.384.
Trial 1194: REJECT (overfit 102.0%) - Eval: 0.244%, Val: -0.005%
[I 2025-10-25 04:43:17,943] Trial 1194 finished with value: -999.0 and parameters: {'w_boll': 0.3387317232965355, 'w_rsi': 0.3370074802761729, 'w_mom': 1.254078738728481, 'w_vwap': 0.6531393524202999, 'w_orb': 1.9669085206959709, 'w_ofi': 1.969888131918211, 'w_vol': 1.485269132423, 'win_boll': 14, 'win_rsi': 6, 'win_mom': 3, 'win_vwap': 14, 'orb_opening_bars': 49, 'vol_window': 12}. Best is trial 868 with value: 0.384.
Trial 1195: ACCEPT (degrade 15.6%) - Eval: 0.180%, Val: 0.152%
[I 2025-10-25 04:43:18,697] Trial 1195 finished with value: 0.18 and parameters: {'w_boll': 0.4564299125610746, 'w_rsi': 0.21587107706862976, 'w_mom': 0.13591234304697467, 'w_vwap': 0.503135939017763, 'w_orb': 1.568479473026432, 'w_ofi': 0.35782772026520066, 'w_vol': 1.9357442460028902, 'win_boll': 16, 'win_rsi': 6, 'win_mom': 5, 'win_vwap': 11, 'orb_opening_bars': 50, 'vol_window': 13}. Best is trial 868 with value: 0.384.
Trial 1196: ACCEPT (degrade 0.0%) - Eval: -0.096%, Val: 0.020%
