[I 2025-10-25 04:31:59,223] Trial 306 finished with value: 0.29 and parameters: {'w_boll': 0.5898034903307889, 'w_rsi': 0.3857064359073366, 'w_mom': 0.1415551770803581, 'w_vwap': 0.7714139566647872, 'w_orb': 1.9684404157601405, 'w_ofi': 0.7378609913782753, 'w_vol': 1.9918916772034174, 'win_boll': 10, 'win_rsi': 7, 'win_mom': 3, 'win_vwap': 11, 'orb_opening_bars': 43, 'vol_window': 10}. Best is trial 112 with value: 0.33399999999999996.
Trial 307: ACCEPT (degrade -138.2%) - Eval: 0.034%, Val: 0.081%                                                                                      Best trial: 112. Best value: 0.334:  16%|█▌        | 323/2000 [04:08<21:42,  1.29it/s]Best trial: 112. Best value: 0.334:  16%|█▌        | 323/2000 [04:08<21:42,  1.29it/s]Best trial: 112. Best value: 0.334:  16%|█▌        | 324/2000 [04:08<21:10,  1.32it/s]                                                                                      Best trial: 112. Best value: 0.334:  16%|█▌        | 324/2000 [04:09<21:10,  1.32it/s]Best trial: 112. Best value: 0.334:  16%|█▌        | 324/2000 [04:09<21:10,  1.32it/s]Best trial: 112. Best value: 0.334:  16%|█▋        | 325/2000 [04:09<21:02,  1.33it/s]                                                                                      Best trial: 112. Best value: 0.334:  16%|█▋        | 325/2000 [04:10<21:02,  1.33it/s]Best trial: 112. Best value: 0.334:  16%|█▋        | 325/2000 [04:10<21:02,  1.33it/s]Best trial: 112. Best value: 0.334:  16%|█▋        | 326/2000 [04:10<20:59,  1.33it/s]                                                                                      Best trial: 112. Best value: 0.334:  16%|█▋        | 326/2000 [04:10<20:59,  1.33it/s]Best trial: 112. Best value: 0.334:  16%|█▋        | 326/2000 [04:10<20:59,  1.33it/s]Best trial: 112. Best value: 0.334:  16%|█▋        | 327/2000 [04:10<20:57,  1.33it/s]                                                                                      Best trial: 112. Best value: 0.334:  16%|█▋        | 327/2000 [04:11<20:57,  1.33it/s]Best trial: 112. Best value: 0.334:  16%|█▋        | 327/2000 [04:11<20:57,  1.33it/s]Best trial: 112. Best value: 0.334:  16%|█▋        | 328/2000 [04:11<20:38,  1.35it/s]                                                                                      Best trial: 112. Best value: 0.334:  16%|█▋        | 328/2000 [04:12<20:38,  1.35it/s]Best trial: 112. Best value: 0.334:  16%|█▋        | 328/2000 [04:12<20:38,  1.35it/s]Best trial: 112. Best value: 0.334:  16%|█▋        | 329/2000 [04:12<20:56,  1.33it/s]                                                                                      Best trial: 112. Best value: 0.334:  16%|█▋        | 329/2000 [04:13<20:56,  1.33it/s]Best trial: 112. Best value: 0.334:  16%|█▋        | 329/2000 [04:13<20:56,  1.33it/s]Best trial: 112. Best value: 0.334:  16%|█▋        | 330/2000 [04:13<20:54,  1.33it/s]                                                                                      Best trial: 112. Best value: 0.334:  16%|█▋        | 330/2000 [04:13<20:54,  1.33it/s]Best trial: 112. Best value: 0.334:  16%|█▋        | 330/2000 [04:13<20:54,  1.33it/s]Best trial: 112. Best value: 0.334:  17%|█▋        | 331/2000 [04:13<20:51,  1.33it/s]                                                                                      Best trial: 112. Best value: 0.334:  17%|█▋        | 331/2000 [04:14<20:51,  1.33it/s]Best trial: 112. Best value: 0.334:  17%|█▋        | 331/2000 [04:14<20:51,  1.33it/s]Best trial: 112. Best value: 0.334:  17%|█▋        | 332/2000 [04:14<20:34,  1.35it/s]                                                                                      Best trial: 112. Best value: 0.334:  17%|█▋        | 332/2000 [04:15<20:34,  1.35it/s]Best trial: 112. Best value: 0.334:  17%|█▋        | 332/2000 [04:15<20:34,  1.35it/s]Best trial: 112. Best value: 0.334:  17%|█▋        | 333/2000 [04:15<20:54,  1.33it/s]                                                                                      Best trial: 112. Best value: 0.334:  17%|█▋        | 333/2000 [04:16<20:54,  1.33it/s]Best trial: 112. Best value: 0.334:  17%|█▋        | 333/2000 [04:16<20:54,  1.33it/s]Best trial: 112. Best value: 0.334:  17%|█▋        | 334/2000 [04:16<20:49,  1.33it/s]                                                                                      Best trial: 112. Best value: 0.334:  17%|█▋        | 334/2000 [04:16<20:49,  1.33it/s]Best trial: 112. Best value: 0.334:  17%|█▋        | 334/2000 [04:16<20:49,  1.33it/s]Best trial: 112. Best value: 0.334:  17%|█▋        | 335/2000 [04:16<20:50,  1.33it/s]                                                                                      Best trial: 112. Best value: 0.334:  17%|█▋        | 335/2000 [04:17<20:50,  1.33it/s]Best trial: 112. Best value: 0.334:  17%|█▋        | 335/2000 [04:17<20:50,  1.33it/s]Best trial: 112. Best value: 0.334:  17%|█▋        | 336/2000 [04:17<20:36,  1.35it/s]                                                                                      Best trial: 112. Best value: 0.334:  17%|█▋        | 336/2000 [04:18<20:36,  1.35it/s]Best trial: 112. Best value: 0.334:  17%|█▋        | 336/2000 [04:18<20:36,  1.35it/s]Best trial: 112. Best value: 0.334:  17%|█▋        | 337/2000 [04:18<20:56,  1.32it/s]                                                                                      Best trial: 112. Best value: 0.334:  17%|█▋        | 337/2000 [04:19<20:56,  1.32it/s]Best trial: 112. Best value: 0.334:  17%|█▋        | 337/2000 [04:19<20:56,  1.32it/s]Best trial: 112. Best value: 0.334:  17%|█▋        | 338/2000 [04:19<20:53,  1.33it/s]                                                                                      Best trial: 112. Best value: 0.334:  17%|█▋        | 338/2000 [04:19<20:53,  1.33it/s]Best trial: 112. Best value: 0.334:  17%|█▋        | 338/2000 [04:19<20:53,  1.33it/s]Best trial: 112. Best value: 0.334:  17%|█▋        | 339/2000 [04:19<20:52,  1.33it/s]
[I 2025-10-25 04:32:00,054] Trial 307 finished with value: 0.034000000000000016 and parameters: {'w_boll': 0.678999800202869, 'w_rsi': 0.3747962654323812, 'w_mom': 1.0627265568282487, 'w_vwap': 0.775980115542789, 'w_orb': 1.7471631235933713, 'w_ofi': 0.7337796697749053, 'w_vol': 1.9912918533786743, 'win_boll': 47, 'win_rsi': 5, 'win_mom': 3, 'win_vwap': 13, 'orb_opening_bars': 43, 'vol_window': 10}. Best is trial 112 with value: 0.33399999999999996.
Trial 308: ACCEPT (degrade -37.9%) - Eval: 0.182%, Val: 0.251%
[I 2025-10-25 04:32:00,790] Trial 308 finished with value: 0.182 and parameters: {'w_boll': 0.616151532423276, 'w_rsi': 0.39699429371222333, 'w_mom': 0.1481350011908611, 'w_vwap': 0.7521778237357273, 'w_orb': 1.9979643344190907, 'w_ofi': 0.7860405743523076, 'w_vol': 1.9613850166387923, 'win_boll': 10, 'win_rsi': 6, 'win_mom': 3, 'win_vwap': 11, 'orb_opening_bars': 44, 'vol_window': 10}. Best is trial 112 with value: 0.33399999999999996.
Trial 309: REJECT (overfit 79.4%) - Eval: 0.306%, Val: 0.063%
[I 2025-10-25 04:32:01,526] Trial 309 finished with value: -999.0 and parameters: {'w_boll': 0.6125828065501835, 'w_rsi': 0.40956470921731397, 'w_mom': 1.743456777205918, 'w_vwap': 0.7371151697749949, 'w_orb': 1.9986803842101033, 'w_ofi': 0.8016107445416782, 'w_vol': 1.9826251288692773, 'win_boll': 10, 'win_rsi': 5, 'win_mom': 3, 'win_vwap': 12, 'orb_opening_bars': 44, 'vol_window': 10}. Best is trial 112 with value: 0.33399999999999996.
Trial 310: REJECT (overfit 41.8%) - Eval: 0.256%, Val: 0.149%
[I 2025-10-25 04:32:02,264] Trial 310 finished with value: -999.0 and parameters: {'w_boll': 0.5880280330515646, 'w_rsi': 0.4283798741337429, 'w_mom': 0.1507752022184686, 'w_vwap': 0.8022144368166408, 'w_orb': 1.9198718725878965, 'w_ofi': 0.7555884226169787, 'w_vol': 1.9665913220600024, 'win_boll': 11, 'win_rsi': 6, 'win_mom': 3, 'win_vwap': 25, 'orb_opening_bars': 44, 'vol_window': 10}. Best is trial 112 with value: 0.33399999999999996.
Trial 311: ACCEPT (degrade -84.7%) - Eval: 0.118%, Val: 0.218%
[I 2025-10-25 04:32:03,028] Trial 311 finished with value: 0.11800000000000002 and parameters: {'w_boll': 0.5407866653344139, 'w_rsi': 0.3860131740314104, 'w_mom': 0.14431342139892098, 'w_vwap': 0.7104099056028429, 'w_orb': 1.9568484303594627, 'w_ofi': 0.816593868891383, 'w_vol': 1.9468669428249719, 'win_boll': 12, 'win_rsi': 6, 'win_mom': 6, 'win_vwap': 11, 'orb_opening_bars': 43, 'vol_window': 10}. Best is trial 112 with value: 0.33399999999999996.
Trial 312: REJECT (overfit 0.0%) - Eval: -0.064%, Val: -0.212%
[I 2025-10-25 04:32:03,767] Trial 312 finished with value: -999.0 and parameters: {'w_boll': 0.6655060355154361, 'w_rsi': 0.4533665914618942, 'w_mom': 0.10110605562341322, 'w_vwap': 0.7633761335176044, 'w_orb': 0.2034574390907673, 'w_ofi': 0.7729105426883681, 'w_vol': 1.9576564728080932, 'win_boll': 10, 'win_rsi': 9, 'win_mom': 3, 'win_vwap': 13, 'orb_opening_bars': 43, 'vol_window': 10}. Best is trial 112 with value: 0.33399999999999996.
Trial 313: ACCEPT (degrade 0.0%) - Eval: -0.088%, Val: 0.274%
[I 2025-10-25 04:32:04,512] Trial 313 finished with value: -0.088 and parameters: {'w_boll': 0.616101443219798, 'w_rsi': 0.3119167893805936, 'w_mom': 1.6271330075487933, 'w_vwap': 0.8205054738708614, 'w_orb': 1.9003556103306098, 'w_ofi': 0.7154446664277221, 'w_vol': 1.991380269713418, 'win_boll': 11, 'win_rsi': 6, 'win_mom': 20, 'win_vwap': 11, 'orb_opening_bars': 44, 'vol_window': 11}. Best is trial 112 with value: 0.33399999999999996.
Trial 314: ACCEPT (degrade -84.1%) - Eval: 0.126%, Val: 0.232%
[I 2025-10-25 04:32:05,261] Trial 314 finished with value: 0.12600000000000003 and parameters: {'w_boll': 0.6246755089539648, 'w_rsi': 0.3922584993929551, 'w_mom': 1.1931184587947565, 'w_vwap': 0.7363902606713784, 'w_orb': 1.9984498922407294, 'w_ofi': 0.8386085684797073, 'w_vol': 1.9258763501995355, 'win_boll': 12, 'win_rsi': 7, 'win_mom': 3, 'win_vwap': 14, 'orb_opening_bars': 45, 'vol_window': 11}. Best is trial 112 with value: 0.33399999999999996.
Trial 315: ACCEPT (degrade -93.2%) - Eval: 0.088%, Val: 0.170%
[I 2025-10-25 04:32:05,999] Trial 315 finished with value: 0.08800000000000005 and parameters: {'w_boll': 0.5793742216916282, 'w_rsi': 0.4750949429622382, 'w_mom': 1.4998139027222372, 'w_vwap': 0.6986112502032228, 'w_orb': 1.9562665441115028, 'w_ofi': 0.7678452397333831, 'w_vol': 1.6188302494755964, 'win_boll': 11, 'win_rsi': 14, 'win_mom': 3, 'win_vwap': 12, 'orb_opening_bars': 45, 'vol_window': 10}. Best is trial 112 with value: 0.33399999999999996.
Trial 316: REJECT (overfit 55.2%) - Eval: 0.382%, Val: 0.171%
[I 2025-10-25 04:32:06,740] Trial 316 finished with value: -999.0 and parameters: {'w_boll': 0.5750820818561666, 'w_rsi': 0.40899145982284435, 'w_mom': 0.16776090337941682, 'w_vwap': 1.0014172525098217, 'w_orb': 1.9296655386970984, 'w_ofi': 0.741565332475195, 'w_vol': 1.9408949227212846, 'win_boll': 10, 'win_rsi': 6, 'win_mom': 4, 'win_vwap': 10, 'orb_opening_bars': 20, 'vol_window': 11}. Best is trial 112 with value: 0.33399999999999996.
Trial 317: ACCEPT (degrade -57.1%) - Eval: 0.212%, Val: 0.333%
[I 2025-10-25 04:32:07,489] Trial 317 finished with value: 0.21200000000000002 and parameters: {'w_boll': 0.3197495406708627, 'w_rsi': 0.343477346406158, 'w_mom': 0.23089159559624517, 'w_vwap': 0.6604415428516303, 'w_orb': 1.9686708828888853, 'w_ofi': 0.7009557311648289, 'w_vol': 1.9898525608612199, 'win_boll': 12, 'win_rsi': 7, 'win_mom': 11, 'win_vwap': 15, 'orb_opening_bars': 46, 'vol_window': 10}. Best is trial 112 with value: 0.33399999999999996.
Trial 318: ACCEPT (degrade 0.0%) - Eval: -0.106%, Val: 0.216%
[I 2025-10-25 04:32:08,230] Trial 318 finished with value: -0.10600000000000001 and parameters: {'w_boll': 0.2759019442215862, 'w_rsi': 0.2745973021644695, 'w_mom': 0.26663658887325087, 'w_vwap': 0.6613917950653012, 'w_orb': 1.9603931403954962, 'w_ofi': 0.7032401720722101, 'w_vol': 1.9855198397889051, 'win_boll': 12, 'win_rsi': 8, 'win_mom': 10, 'win_vwap': 13, 'orb_opening_bars': 45, 'vol_window': 10}. Best is trial 112 with value: 0.33399999999999996.
Trial 319: ACCEPT (degrade 13.1%) - Eval: 0.198%, Val: 0.172%
[I 2025-10-25 04:32:08,949] Trial 319 finished with value: 0.19799999999999998 and parameters: {'w_boll': 0.316631711522699, 'w_rsi': 0.33312648495392166, 'w_mom': 0.23033211945959753, 'w_vwap': 0.6631639841163187, 'w_orb': 1.8915116376986238, 'w_ofi': 0.6704783403878996, 'w_vol': 1.9861313262007059, 'win_boll': 12, 'win_rsi': 7, 'win_mom': 16, 'win_vwap': 14, 'orb_opening_bars': 46, 'vol_window': 10}. Best is trial 112 with value: 0.33399999999999996.
Trial 320: ACCEPT (degrade -315.9%) - Eval: 0.088%, Val: 0.366%
[I 2025-10-25 04:32:09,744] Trial 320 finished with value: 0.08799999999999998 and parameters: {'w_boll': 0.31599329710569307, 'w_rsi': 0.3349683687728496, 'w_mom': 0.3099379796710695, 'w_vwap': 0.6575266410114735, 'w_orb': 1.8526792226724302, 'w_ofi': 0.6558958085539627, 'w_vol': 1.9956225770956135, 'win_boll': 13, 'win_rsi': 7, 'win_mom': 18, 'win_vwap': 15, 'orb_opening_bars': 46, 'vol_window': 10}. Best is trial 112 with value: 0.33399999999999996.
Trial 321: REJECT (overfit 61.4%) - Eval: 0.166%, Val: 0.064%
[I 2025-10-25 04:32:10,532] Trial 321 finished with value: -999.0 and parameters: {'w_boll': 0.26021871246952155, 'w_rsi': 0.23432361574462346, 'w_mom': 0.23790950265128558, 'w_vwap': 0.6596528677935174, 'w_orb': 1.8925842096727754, 'w_ofi': 0.6190594002978684, 'w_vol': 1.9569198793750664, 'win_boll': 13, 'win_rsi': 7, 'win_mom': 17, 'win_vwap': 15, 'orb_opening_bars': 50, 'vol_window': 10}. Best is trial 112 with value: 0.33399999999999996.
Trial 322: ACCEPT (degrade -602.5%) - Eval: 0.040%, Val: 0.281%
[I 2025-10-25 04:32:11,337] Trial 322 finished with value: 0.03999999999999998 and parameters: {'w_boll': 0.32747678921544265, 'w_rsi': 0.3073887931981675, 'w_mom': 0.23031317995952827, 'w_vwap': 0.7018559274678319, 'w_orb': 1.9977784175566737, 'w_ofi': 0.6884144290005227, 'w_vol': 1.996987195032262, 'win_boll': 12, 'win_rsi': 8, 'win_mom': 14, 'win_vwap': 15, 'orb_opening_bars': 16, 'vol_window': 10}. Best is trial 112 with value: 0.33399999999999996.
Trial 323: REJECT (overfit 23.1%) - Eval: 0.216%, Val: 0.166%                                                                                      Best trial: 112. Best value: 0.334:  17%|█▋        | 339/2000 [04:20<20:52,  1.33it/s]Best trial: 112. Best value: 0.334:  17%|█▋        | 339/2000 [04:20<20:52,  1.33it/s]Best trial: 112. Best value: 0.334:  17%|█▋        | 340/2000 [04:20<20:36,  1.34it/s]                                                                                      Best trial: 112. Best value: 0.334:  17%|█▋        | 340/2000 [04:21<20:36,  1.34it/s]Best trial: 112. Best value: 0.334:  17%|█▋        | 340/2000 [04:21<20:36,  1.34it/s]Best trial: 112. Best value: 0.334:  17%|█▋        | 341/2000 [04:21<20:47,  1.33it/s]                                                                                      Best trial: 112. Best value: 0.334:  17%|█▋        | 341/2000 [04:22<20:47,  1.33it/s]Best trial: 112. Best value: 0.334:  17%|█▋        | 341/2000 [04:22<20:47,  1.33it/s]Best trial: 112. Best value: 0.334:  17%|█▋        | 342/2000 [04:22<20:44,  1.33it/s]                                                                                      Best trial: 112. Best value: 0.334:  17%|█▋        | 342/2000 [04:22<20:44,  1.33it/s]Best trial: 112. Best value: 0.334:  17%|█▋        | 342/2000 [04:22<20:44,  1.33it/s]Best trial: 112. Best value: 0.334:  17%|█▋        | 343/2000 [04:22<20:40,  1.34it/s]                                                                                      Best trial: 112. Best value: 0.334:  17%|█▋        | 343/2000 [04:23<20:40,  1.34it/s]Best trial: 112. Best value: 0.334:  17%|█▋        | 343/2000 [04:23<20:40,  1.34it/s]Best trial: 112. Best value: 0.334:  17%|█▋        | 344/2000 [04:23<20:27,  1.35it/s]                                                                                      Best trial: 112. Best value: 0.334:  17%|█▋        | 344/2000 [04:24<20:27,  1.35it/s]Best trial: 112. Best value: 0.334:  17%|█▋        | 344/2000 [04:24<20:27,  1.35it/s]Best trial: 112. Best value: 0.334:  17%|█▋        | 345/2000 [04:24<20:47,  1.33it/s]                                                                                      Best trial: 112. Best value: 0.334:  17%|█▋        | 345/2000 [04:25<20:47,  1.33it/s]Best trial: 112. Best value: 0.334:  17%|█▋        | 345/2000 [04:25<20:47,  1.33it/s]Best trial: 112. Best value: 0.334:  17%|█▋        | 346/2000 [04:25<20:42,  1.33it/s]                                                                                      Best trial: 112. Best value: 0.334:  17%|█▋        | 346/2000 [04:25<20:42,  1.33it/s]Best trial: 112. Best value: 0.334:  17%|█▋        | 346/2000 [04:25<20:42,  1.33it/s]Best trial: 112. Best value: 0.334:  17%|█▋        | 347/2000 [04:25<20:37,  1.34it/s]                                                                                      Best trial: 112. Best value: 0.334:  17%|█▋        | 347/2000 [04:27<20:37,  1.34it/s]Best trial: 112. Best value: 0.334:  17%|█▋        | 347/2000 [04:27<20:37,  1.34it/s]Best trial: 112. Best value: 0.334:  17%|█▋        | 348/2000 [04:27<27:29,  1.00it/s]                                                                                      Best trial: 112. Best value: 0.334:  17%|█▋        | 348/2000 [04:28<27:29,  1.00it/s]Best trial: 112. Best value: 0.334:  17%|█▋        | 348/2000 [04:28<27:29,  1.00it/s]Best trial: 112. Best value: 0.334:  17%|█▋        | 349/2000 [04:28<25:20,  1.09it/s]                                                                                      Best trial: 112. Best value: 0.334:  17%|█▋        | 349/2000 [04:29<25:20,  1.09it/s]Best trial: 112. Best value: 0.334:  17%|█▋        | 349/2000 [04:29<25:20,  1.09it/s]Best trial: 112. Best value: 0.334:  18%|█▊        | 350/2000 [04:29<24:20,  1.13it/s]                                                                                      Best trial: 112. Best value: 0.334:  18%|█▊        | 350/2000 [04:29<24:20,  1.13it/s]Best trial: 112. Best value: 0.334:  18%|█▊        | 350/2000 [04:29<24:20,  1.13it/s]Best trial: 112. Best value: 0.334:  18%|█▊        | 351/2000 [04:29<23:15,  1.18it/s]                                                                                      Best trial: 112. Best value: 0.334:  18%|█▊        | 351/2000 [04:30<23:15,  1.18it/s]Best trial: 112. Best value: 0.334:  18%|█▊        | 351/2000 [04:30<23:15,  1.18it/s]Best trial: 112. Best value: 0.334:  18%|█▊        | 352/2000 [04:30<22:11,  1.24it/s]                                                                                      Best trial: 112. Best value: 0.334:  18%|█▊        | 352/2000 [04:31<22:11,  1.24it/s]Best trial: 112. Best value: 0.334:  18%|█▊        | 352/2000 [04:31<22:11,  1.24it/s]Best trial: 112. Best value: 0.334:  18%|█▊        | 353/2000 [04:31<21:47,  1.26it/s]                                                                                      Best trial: 112. Best value: 0.334:  18%|█▊        | 353/2000 [04:32<21:47,  1.26it/s]Best trial: 112. Best value: 0.334:  18%|█▊        | 353/2000 [04:32<21:47,  1.26it/s]Best trial: 112. Best value: 0.334:  18%|█▊        | 354/2000 [04:32<21:23,  1.28it/s]                                                                                      Best trial: 112. Best value: 0.334:  18%|█▊        | 354/2000 [04:32<21:23,  1.28it/s]Best trial: 112. Best value: 0.334:  18%|█▊        | 354/2000 [04:32<21:23,  1.28it/s]Best trial: 112. Best value: 0.334:  18%|█▊        | 355/2000 [04:32<21:02,  1.30it/s]
[I 2025-10-25 04:32:12,052] Trial 323 finished with value: -999.0 and parameters: {'w_boll': 0.7132883322819287, 'w_rsi': 0.289666464669973, 'w_mom': 0.27615808395241026, 'w_vwap': 0.6088117503642926, 'w_orb': 1.8905593439871842, 'w_ofi': 0.6543782949867334, 'w_vol': 1.9533792456908488, 'win_boll': 12, 'win_rsi': 7, 'win_mom': 14, 'win_vwap': 15, 'orb_opening_bars': 50, 'vol_window': 11}. Best is trial 112 with value: 0.33399999999999996.
Trial 324: ACCEPT (degrade 9.6%) - Eval: 0.188%, Val: 0.170%
[I 2025-10-25 04:32:12,795] Trial 324 finished with value: 0.188 and parameters: {'w_boll': 0.2987926748941072, 'w_rsi': 0.35180913903016164, 'w_mom': 0.3496082772984874, 'w_vwap': 0.6798770550938034, 'w_orb': 1.8226533732813317, 'w_ofi': 0.5954285264172421, 'w_vol': 1.9976788782235841, 'win_boll': 13, 'win_rsi': 6, 'win_mom': 12, 'win_vwap': 14, 'orb_opening_bars': 44, 'vol_window': 11}. Best is trial 112 with value: 0.33399999999999996.
Trial 325: ACCEPT (degrade 0.0%) - Eval: -0.178%, Val: 0.162%
[I 2025-10-25 04:32:13,546] Trial 325 finished with value: -0.17800000000000002 and parameters: {'w_boll': 0.25767908965898934, 'w_rsi': 0.3343945374614698, 'w_mom': 0.4247064937630941, 'w_vwap': 0.6370854866504834, 'w_orb': 1.7951361234758925, 'w_ofi': 0.6108568840659508, 'w_vol': 1.9184388613844856, 'win_boll': 14, 'win_rsi': 5, 'win_mom': 16, 'win_vwap': 14, 'orb_opening_bars': 42, 'vol_window': 12}. Best is trial 112 with value: 0.33399999999999996.
Trial 326: ACCEPT (degrade -124.5%) - Eval: 0.098%, Val: 0.220%
[I 2025-10-25 04:32:14,296] Trial 326 finished with value: 0.098 and parameters: {'w_boll': 0.3025810943802025, 'w_rsi': 0.20340133166264263, 'w_mom': 0.3491974538947412, 'w_vwap': 0.6787222139173561, 'w_orb': 1.8186256314463498, 'w_ofi': 0.5743717659220293, 'w_vol': 1.6951559891332408, 'win_boll': 13, 'win_rsi': 6, 'win_mom': 13, 'win_vwap': 14, 'orb_opening_bars': 44, 'vol_window': 11}. Best is trial 112 with value: 0.33399999999999996.
Trial 327: ACCEPT (degrade -24.6%) - Eval: 0.126%, Val: 0.157%
