[I 2025-10-25 04:32:15,011] Trial 327 finished with value: 0.126 and parameters: {'w_boll': 0.23283766201293976, 'w_rsi': 0.5011730781790302, 'w_mom': 0.3240570187857761, 'w_vwap': 0.5877633336903554, 'w_orb': 1.8546048931552959, 'w_ofi': 0.5971694656245643, 'w_vol': 1.999425257430449, 'win_boll': 13, 'win_rsi': 6, 'win_mom': 19, 'win_vwap': 14, 'orb_opening_bars': 45, 'vol_window': 11}. Best is trial 112 with value: 0.33399999999999996.
Trial 328: ACCEPT (degrade -1650.0%) - Eval: 0.018%, Val: 0.315%
[I 2025-10-25 04:32:15,788] Trial 328 finished with value: 0.018 and parameters: {'w_boll': 0.3499404594379938, 'w_rsi': 0.2564993735659453, 'w_mom': 0.3793793179953989, 'w_vwap': 0.6741874900205739, 'w_orb': 1.8330531453347405, 'w_ofi': 0.6268468981262614, 'w_vol': 1.8854244092540247, 'win_boll': 14, 'win_rsi': 6, 'win_mom': 11, 'win_vwap': 16, 'orb_opening_bars': 44, 'vol_window': 12}. Best is trial 112 with value: 0.33399999999999996.
Trial 329: ACCEPT (degrade 0.0%) - Eval: -0.036%, Val: 0.066%
[I 2025-10-25 04:32:16,538] Trial 329 finished with value: -0.03599999999999998 and parameters: {'w_boll': 0.2941934556092432, 'w_rsi': 0.4418748210321531, 'w_mom': 0.268119402708825, 'w_vwap': 0.6282951929165603, 'w_orb': 1.9146595253379213, 'w_ofi': 0.5422512454314146, 'w_vol': 1.9407110208199385, 'win_boll': 11, 'win_rsi': 5, 'win_mom': 9, 'win_vwap': 48, 'orb_opening_bars': 45, 'vol_window': 11}. Best is trial 112 with value: 0.33399999999999996.
Trial 330: ACCEPT (degrade -29.1%) - Eval: 0.292%, Val: 0.377%
[I 2025-10-25 04:32:17,286] Trial 330 finished with value: 0.292 and parameters: {'w_boll': 0.35046490334118474, 'w_rsi': 0.3821783071251466, 'w_mom': 0.20980901008672065, 'w_vwap': 0.7060689027397332, 'w_orb': 1.8712144635220256, 'w_ofi': 0.6720646795287213, 'w_vol': 1.9124611276428698, 'win_boll': 15, 'win_rsi': 7, 'win_mom': 10, 'win_vwap': 23, 'orb_opening_bars': 43, 'vol_window': 10}. Best is trial 112 with value: 0.33399999999999996.
Trial 331: ACCEPT (degrade 0.0%) - Eval: -0.320%, Val: 0.223%
[I 2025-10-25 04:32:18,003] Trial 331 finished with value: -0.32 and parameters: {'w_boll': 0.32205977058541524, 'w_rsi': 1.891089243147984, 'w_mom': 0.33258609134823086, 'w_vwap': 0.7133248183500622, 'w_orb': 1.8145592429657467, 'w_ofi': 0.6422020618520511, 'w_vol': 1.9594132999639255, 'win_boll': 14, 'win_rsi': 6, 'win_mom': 12, 'win_vwap': 20, 'orb_opening_bars': 42, 'vol_window': 10}. Best is trial 112 with value: 0.33399999999999996.
Trial 332: ACCEPT (degrade -156.9%) - Eval: 0.202%, Val: 0.519%
[I 2025-10-25 04:32:18,784] Trial 332 finished with value: 0.202 and parameters: {'w_boll': 0.35629931040025997, 'w_rsi': 0.3416904366653713, 'w_mom': 0.22042731028291834, 'w_vwap': 0.5622642289889, 'w_orb': 1.8672727471208665, 'w_ofi': 0.6904998218545692, 'w_vol': 1.9163772349417614, 'win_boll': 14, 'win_rsi': 7, 'win_mom': 11, 'win_vwap': 14, 'orb_opening_bars': 43, 'vol_window': 10}. Best is trial 112 with value: 0.33399999999999996.
Trial 333: ACCEPT (degrade 0.0%) - Eval: -0.016%, Val: 0.288%
[I 2025-10-25 04:32:19,529] Trial 333 finished with value: -0.016000000000000014 and parameters: {'w_boll': 0.8612442222183165, 'w_rsi': 0.3046774373046121, 'w_mom': 0.2141777398177695, 'w_vwap': 0.559462134024746, 'w_orb': 1.861606809810904, 'w_ofi': 0.6840899509411433, 'w_vol': 1.9143892706869288, 'win_boll': 15, 'win_rsi': 8, 'win_mom': 11, 'win_vwap': 23, 'orb_opening_bars': 42, 'vol_window': 10}. Best is trial 112 with value: 0.33399999999999996.
Trial 334: ACCEPT (degrade -2888.9%) - Eval: 0.018%, Val: 0.538%
[I 2025-10-25 04:32:20,282] Trial 334 finished with value: 0.017999999999999988 and parameters: {'w_boll': 0.2791011321688248, 'w_rsi': 0.34787733760180534, 'w_mom': 0.24927471316238237, 'w_vwap': 0.602006218286228, 'w_orb': 1.875444843933989, 'w_ofi': 0.6703831272945996, 'w_vol': 1.931146451471423, 'win_boll': 15, 'win_rsi': 7, 'win_mom': 11, 'win_vwap': 15, 'orb_opening_bars': 43, 'vol_window': 10}. Best is trial 112 with value: 0.33399999999999996.
Trial 335: ACCEPT (degrade -1925.0%) - Eval: 0.008%, Val: 0.162%
[I 2025-10-25 04:32:21,006] Trial 335 finished with value: 0.007999999999999985 and parameters: {'w_boll': 0.3501180679300255, 'w_rsi': 0.17373091953929612, 'w_mom': 0.2013396699951008, 'w_vwap': 0.5832827312962875, 'w_orb': 1.7937952589819812, 'w_ofi': 0.705385479576596, 'w_vol': 1.959699078629162, 'win_boll': 15, 'win_rsi': 9, 'win_mom': 11, 'win_vwap': 16, 'orb_opening_bars': 43, 'vol_window': 10}. Best is trial 112 with value: 0.33399999999999996.
Trial 336: ACCEPT (degrade -258.3%) - Eval: 0.060%, Val: 0.215%
[I 2025-10-25 04:32:21,792] Trial 336 finished with value: 0.06000000000000001 and parameters: {'w_boll': 0.31867059704027456, 'w_rsi': 0.3778572472179523, 'w_mom': 0.6956640797526521, 'w_vwap': 0.5293772837668327, 'w_orb': 1.8871510768760102, 'w_ofi': 0.6732831393945485, 'w_vol': 1.9083350063723252, 'win_boll': 14, 'win_rsi': 7, 'win_mom': 10, 'win_vwap': 15, 'orb_opening_bars': 44, 'vol_window': 11}. Best is trial 112 with value: 0.33399999999999996.
Trial 337: ACCEPT (degrade 0.0%) - Eval: -0.054%, Val: 0.131%
[I 2025-10-25 04:32:22,543] Trial 337 finished with value: -0.05400000000000001 and parameters: {'w_boll': 0.23555039192751398, 'w_rsi': 0.3318491645367933, 'w_mom': 0.28239680884023327, 'w_vwap': 0.6544839832031119, 'w_orb': 1.8209673267531659, 'w_ofi': 0.5938650545353852, 'w_vol': 1.8969425248457437, 'win_boll': 13, 'win_rsi': 5, 'win_mom': 12, 'win_vwap': 28, 'orb_opening_bars': 41, 'vol_window': 16}. Best is trial 112 with value: 0.33399999999999996.
Trial 338: ACCEPT (degrade 0.0%) - Eval: -0.376%, Val: 0.110%
[I 2025-10-25 04:32:23,295] Trial 338 finished with value: -0.376 and parameters: {'w_boll': 0.35550369864296927, 'w_rsi': 0.2652298311628724, 'w_mom': 0.1845289078288214, 'w_vwap': 0.6208655547740702, 'w_orb': 1.9240640851647663, 'w_ofi': 1.749133239751351, 'w_vol': 1.9984943878025305, 'win_boll': 12, 'win_rsi': 6, 'win_mom': 10, 'win_vwap': 14, 'orb_opening_bars': 43, 'vol_window': 43}. Best is trial 112 with value: 0.33399999999999996.
Trial 339: REJECT (overfit 124.7%) - Eval: 0.190%, Val: -0.047%
                                                                                      Best trial: 112. Best value: 0.334:  18%|█▊        | 355/2000 [04:33<21:02,  1.30it/s]Best trial: 112. Best value: 0.334:  18%|█▊        | 355/2000 [04:33<21:02,  1.30it/s]Best trial: 112. Best value: 0.334:  18%|█▊        | 356/2000 [04:33<20:38,  1.33it/s]                                                                                      Best trial: 112. Best value: 0.334:  18%|█▊        | 356/2000 [04:34<20:38,  1.33it/s]Best trial: 112. Best value: 0.334:  18%|█▊        | 356/2000 [04:34<20:38,  1.33it/s]Best trial: 112. Best value: 0.334:  18%|█▊        | 357/2000 [04:34<20:44,  1.32it/s]                                                                                      Best trial: 112. Best value: 0.334:  18%|█▊        | 357/2000 [04:34<20:44,  1.32it/s]Best trial: 112. Best value: 0.334:  18%|█▊        | 357/2000 [04:34<20:44,  1.32it/s]Best trial: 112. Best value: 0.334:  18%|█▊        | 358/2000 [04:34<20:47,  1.32it/s]                                                                                      Best trial: 112. Best value: 0.334:  18%|█▊        | 358/2000 [04:35<20:47,  1.32it/s]Best trial: 112. Best value: 0.334:  18%|█▊        | 358/2000 [04:35<20:47,  1.32it/s]Best trial: 112. Best value: 0.334:  18%|█▊        | 359/2000 [04:35<20:43,  1.32it/s]                                                                                      Best trial: 112. Best value: 0.334:  18%|█▊        | 359/2000 [04:36<20:43,  1.32it/s]Best trial: 112. Best value: 0.334:  18%|█▊        | 359/2000 [04:36<20:43,  1.32it/s]Best trial: 112. Best value: 0.334:  18%|█▊        | 360/2000 [04:36<20:26,  1.34it/s]                                                                                      Best trial: 112. Best value: 0.334:  18%|█▊        | 360/2000 [04:37<20:26,  1.34it/s]Best trial: 112. Best value: 0.334:  18%|█▊        | 360/2000 [04:37<20:26,  1.34it/s]Best trial: 112. Best value: 0.334:  18%|█▊        | 361/2000 [04:37<20:37,  1.32it/s]                                                                                      Best trial: 112. Best value: 0.334:  18%|█▊        | 361/2000 [04:37<20:37,  1.32it/s]Best trial: 112. Best value: 0.334:  18%|█▊        | 361/2000 [04:37<20:37,  1.32it/s]Best trial: 112. Best value: 0.334:  18%|█▊        | 362/2000 [04:37<20:31,  1.33it/s]                                                                                      Best trial: 112. Best value: 0.334:  18%|█▊        | 362/2000 [04:38<20:31,  1.33it/s]Best trial: 112. Best value: 0.334:  18%|█▊        | 362/2000 [04:38<20:31,  1.33it/s]Best trial: 112. Best value: 0.334:  18%|█▊        | 363/2000 [04:38<20:25,  1.34it/s]                                                                                      Best trial: 112. Best value: 0.334:  18%|█▊        | 363/2000 [04:39<20:25,  1.34it/s]Best trial: 112. Best value: 0.334:  18%|█▊        | 363/2000 [04:39<20:25,  1.34it/s]Best trial: 112. Best value: 0.334:  18%|█▊        | 364/2000 [04:39<20:15,  1.35it/s]                                                                                      Best trial: 112. Best value: 0.334:  18%|█▊        | 364/2000 [04:40<20:15,  1.35it/s]Best trial: 112. Best value: 0.334:  18%|█▊        | 364/2000 [04:40<20:15,  1.35it/s]Best trial: 112. Best value: 0.334:  18%|█▊        | 365/2000 [04:40<20:32,  1.33it/s]                                                                                      Best trial: 112. Best value: 0.334:  18%|█▊        | 365/2000 [04:41<20:32,  1.33it/s]Best trial: 112. Best value: 0.334:  18%|█▊        | 365/2000 [04:41<20:32,  1.33it/s]Best trial: 112. Best value: 0.334:  18%|█▊        | 366/2000 [04:41<20:36,  1.32it/s]                                                                                      Best trial: 112. Best value: 0.334:  18%|█▊        | 366/2000 [04:41<20:36,  1.32it/s]Best trial: 112. Best value: 0.334:  18%|█▊        | 366/2000 [04:41<20:36,  1.32it/s]Best trial: 112. Best value: 0.334:  18%|█▊        | 367/2000 [04:41<20:35,  1.32it/s]                                                                                      Best trial: 112. Best value: 0.334:  18%|█▊        | 367/2000 [04:42<20:35,  1.32it/s]Best trial: 112. Best value: 0.334:  18%|█▊        | 367/2000 [04:42<20:35,  1.32it/s]Best trial: 112. Best value: 0.334:  18%|█▊        | 368/2000 [04:42<20:15,  1.34it/s]                                                                                      Best trial: 112. Best value: 0.334:  18%|█▊        | 368/2000 [04:43<20:15,  1.34it/s]Best trial: 112. Best value: 0.334:  18%|█▊        | 368/2000 [04:43<20:15,  1.34it/s]Best trial: 112. Best value: 0.334:  18%|█▊        | 369/2000 [04:43<20:31,  1.32it/s]                                                                                      Best trial: 112. Best value: 0.334:  18%|█▊        | 369/2000 [04:44<20:31,  1.32it/s]Best trial: 112. Best value: 0.334:  18%|█▊        | 369/2000 [04:44<20:31,  1.32it/s]Best trial: 112. Best value: 0.334:  18%|█▊        | 370/2000 [04:44<20:25,  1.33it/s]                                                                                      Best trial: 112. Best value: 0.334:  18%|█▊        | 370/2000 [04:44<20:25,  1.33it/s]Best trial: 112. Best value: 0.334:  18%|█▊        | 370/2000 [04:44<20:25,  1.33it/s]Best trial: 112. Best value: 0.334:  19%|█▊        | 371/2000 [04:44<20:20,  1.33it/s][I 2025-10-25 04:32:24,019] Trial 339 finished with value: -999.0 and parameters: {'w_boll': 0.3034872164703165, 'w_rsi': 1.6231138994854084, 'w_mom': 0.23563074958789093, 'w_vwap': 0.6541750693925632, 'w_orb': 1.844247459491923, 'w_ofi': 0.5694394850731334, 'w_vol': 1.9515432526216496, 'win_boll': 11, 'win_rsi': 7, 'win_mom': 10, 'win_vwap': 29, 'orb_opening_bars': 43, 'vol_window': 10}. Best is trial 112 with value: 0.33399999999999996.
Trial 340: ACCEPT (degrade -2122.2%) - Eval: 0.018%, Val: 0.400%
[I 2025-10-25 04:32:24,788] Trial 340 finished with value: 0.017999999999999995 and parameters: {'w_boll': 0.3809955851890008, 'w_rsi': 0.37465210766373075, 'w_mom': 0.19882897108089015, 'w_vwap': 0.4631731194424258, 'w_orb': 1.910749462411518, 'w_ofi': 0.7998798257854589, 'w_vol': 1.7653907360905963, 'win_boll': 14, 'win_rsi': 8, 'win_mom': 12, 'win_vwap': 14, 'orb_opening_bars': 44, 'vol_window': 12}. Best is trial 112 with value: 0.33399999999999996.
Trial 341: ACCEPT (degrade -362.0%) - Eval: 0.050%, Val: 0.231%
[I 2025-10-25 04:32:25,535] Trial 341 finished with value: 0.05 and parameters: {'w_boll': 0.3463976082800964, 'w_rsi': 0.28873457137146824, 'w_mom': 0.24299577713342727, 'w_vwap': 0.5450637662499036, 'w_orb': 1.874257690206296, 'w_ofi': 0.717390082252122, 'w_vol': 1.8822315794577824, 'win_boll': 15, 'win_rsi': 6, 'win_mom': 11, 'win_vwap': 17, 'orb_opening_bars': 45, 'vol_window': 13}. Best is trial 112 with value: 0.33399999999999996.
Trial 342: ACCEPT (degrade -1155.6%) - Eval: 0.018%, Val: 0.226%
[I 2025-10-25 04:32:26,280] Trial 342 finished with value: 0.01800000000000001 and parameters: {'w_boll': 0.38574081428787194, 'w_rsi': 0.3461740794070801, 'w_mom': 0.17901771664532384, 'w_vwap': 0.6894934663156065, 'w_orb': 1.7793687969895813, 'w_ofi': 0.6469807264177574, 'w_vol': 1.5548878691176984, 'win_boll': 11, 'win_rsi': 7, 'win_mom': 11, 'win_vwap': 13, 'orb_opening_bars': 42, 'vol_window': 14}. Best is trial 112 with value: 0.33399999999999996.
Trial 343: ACCEPT (degrade -432.6%) - Eval: 0.046%, Val: 0.245%
[I 2025-10-25 04:32:27,003] Trial 343 finished with value: 0.04600000000000002 and parameters: {'w_boll': 0.2601416931837364, 'w_rsi': 0.40288520172618525, 'w_mom': 0.2803818793883604, 'w_vwap': 0.6052661057059844, 'w_orb': 1.9297124129214809, 'w_ofi': 0.8435797946041086, 'w_vol': 1.7209346988863516, 'win_boll': 13, 'win_rsi': 6, 'win_mom': 12, 'win_vwap': 21, 'orb_opening_bars': 46, 'vol_window': 10}. Best is trial 112 with value: 0.33399999999999996.
Trial 344: ACCEPT (degrade 11.0%) - Eval: 0.246%, Val: 0.219%
[I 2025-10-25 04:32:27,786] Trial 344 finished with value: 0.246 and parameters: {'w_boll': 0.40217447510107374, 'w_rsi': 0.32705174359899314, 'w_mom': 0.1637502134681875, 'w_vwap': 0.5744114065143738, 'w_orb': 1.9435977481283464, 'w_ofi': 0.7009648599547665, 'w_vol': 1.8175806023590853, 'win_boll': 10, 'win_rsi': 7, 'win_mom': 15, 'win_vwap': 16, 'orb_opening_bars': 43, 'vol_window': 11}. Best is trial 112 with value: 0.33399999999999996.
Trial 345: ACCEPT (degrade 0.0%) - Eval: -0.182%, Val: -0.040%
[I 2025-10-25 04:32:28,532] Trial 345 finished with value: -0.182 and parameters: {'w_boll': 1.0246076687209666, 'w_rsi': 0.2303254636619792, 'w_mom': 0.9623246557875291, 'w_vwap': 0.575449792782475, 'w_orb': 1.8399052033264178, 'w_ofi': 0.6861835215737345, 'w_vol': 1.8073493218816457, 'win_boll': 12, 'win_rsi': 8, 'win_mom': 15, 'win_vwap': 16, 'orb_opening_bars': 42, 'vol_window': 12}. Best is trial 112 with value: 0.33399999999999996.
Trial 346: ACCEPT (degrade -538.1%) - Eval: 0.042%, Val: 0.268%
[I 2025-10-25 04:32:29,275] Trial 346 finished with value: 0.041999999999999996 and parameters: {'w_boll': 0.40138883575970824, 'w_rsi': 0.30742645041949923, 'w_mom': 0.2215033181640969, 'w_vwap': 0.4907675419699827, 'w_orb': 1.8928212156675228, 'w_ofi': 0.6128653219859155, 'w_vol': 1.7790032442011272, 'win_boll': 13, 'win_rsi': 7, 'win_mom': 16, 'win_vwap': 15, 'orb_opening_bars': 46, 'vol_window': 12}. Best is trial 112 with value: 0.33399999999999996.
Trial 347: ACCEPT (degrade 0.0%) - Eval: -0.196%, Val: 0.235%
[I 2025-10-25 04:32:30,855] Trial 347 finished with value: -0.196 and parameters: {'w_boll': 0.33382759483364177, 'w_rsi': 0.32840228483167055, 'w_mom': 0.17995872486907658, 'w_vwap': 0.5525759145669094, 'w_orb': 1.9408653590977532, 'w_ofi': 0.706697088828894, 'w_vol': 1.836865089934335, 'win_boll': 11, 'win_rsi': 8, 'win_mom': 16, 'win_vwap': 14, 'orb_opening_bars': 45, 'vol_window': 11}. Best is trial 112 with value: 0.33399999999999996.
Trial 348: ACCEPT (degrade -451.6%) - Eval: 0.062%, Val: 0.342%
[I 2025-10-25 04:32:31,596] Trial 348 finished with value: 0.06200000000000001 and parameters: {'w_boll': 0.4111270312142082, 'w_rsi': 0.2747059379583313, 'w_mom': 0.22426748799270468, 'w_vwap': 0.5161288644497705, 'w_orb': 1.8549690508830692, 'w_ofi': 0.6508279527977516, 'w_vol': 1.79682250246489, 'win_boll': 21, 'win_rsi': 7, 'win_mom': 15, 'win_vwap': 16, 'orb_opening_bars': 43, 'vol_window': 11}. Best is trial 112 with value: 0.33399999999999996.
Trial 349: REJECT (overfit 0.0%) - Eval: -0.004%, Val: -0.099%
[I 2025-10-25 04:32:32,399] Trial 349 finished with value: -999.0 and parameters: {'w_boll': 0.364670616192737, 'w_rsi': 0.3387248266746016, 'w_mom': 0.1649079244850632, 'w_vwap': 0.6224919200678191, 'w_orb': 1.9444355056253488, 'w_ofi': 1.8050241973847554, 'w_vol': 1.7368137291072105, 'win_boll': 10, 'win_rsi': 8, 'win_mom': 15, 'win_vwap': 14, 'orb_opening_bars': 47, 'vol_window': 13}. Best is trial 112 with value: 0.33399999999999996.
Trial 350: ACCEPT (degrade -253.0%) - Eval: 0.066%, Val: 0.233%
[I 2025-10-25 04:32:33,153] Trial 350 finished with value: 0.06599999999999998 and parameters: {'w_boll': 0.287164094362884, 'w_rsi': 0.3800895525579551, 'w_mom': 0.3018435916471082, 'w_vwap': 0.5652549338964364, 'w_orb': 1.8928207400731698, 'w_ofi': 0.5343033615412652, 'w_vol': 1.8531460903272907, 'win_boll': 12, 'win_rsi': 7, 'win_mom': 13, 'win_vwap': 15, 'orb_opening_bars': 41, 'vol_window': 12}. Best is trial 112 with value: 0.33399999999999996.
Trial 351: ACCEPT (degrade -5783.3%) - Eval: 0.006%, Val: 0.353%
[I 2025-10-25 04:32:33,871] Trial 351 finished with value: 0.006000000000000001 and parameters: {'w_boll': 0.4130095302041063, 'w_rsi': 0.2938893956862176, 'w_mom': 0.25782159541320554, 'w_vwap': 1.0696756177988356, 'w_orb': 1.7754910207856578, 'w_ofi': 0.7292108181308945, 'w_vol': 1.8268316601322414, 'win_boll': 16, 'win_rsi': 7, 'win_mom': 18, 'win_vwap': 18, 'orb_opening_bars': 44, 'vol_window': 15}. Best is trial 112 with value: 0.33399999999999996.
Trial 352: ACCEPT (degrade -314.5%) - Eval: 0.076%, Val: 0.315%
[I 2025-10-25 04:32:34,633] Trial 352 finished with value: 0.07600000000000001 and parameters: {'w_boll': 0.3218648625169313, 'w_rsi': 0.24205749120262854, 'w_mom': 0.19665024127233777, 'w_vwap': 0.6420579037060081, 'w_orb': 1.9515979564598902, 'w_ofi': 0.5764593391772523, 'w_vol': 1.665339537908148, 'win_boll': 14, 'win_rsi': 7, 'win_mom': 11, 'win_vwap': 13, 'orb_opening_bars': 46, 'vol_window': 11}. Best is trial 112 with value: 0.33399999999999996.
Trial 353: REJECT (overfit 0.0%) - Eval: -0.154%, Val: -0.226%
[I 2025-10-25 04:32:35,379] Trial 353 finished with value: -999.0 and parameters: {'w_boll': 0.3806735242551821, 'w_rsi': 0.4227596903013077, 'w_mom': 0.13458603476284062, 'w_vwap': 0.6047610120602047, 'w_orb': 1.9104540250540574, 'w_ofi': 1.705496345191738, 'w_vol': 1.7563859485533815, 'win_boll': 11, 'win_rsi': 8, 'win_mom': 17, 'win_vwap': 17, 'orb_opening_bars': 47, 'vol_window': 46}. Best is trial 112 with value: 0.33399999999999996.
Trial 354: ACCEPT (degrade 0.0%) - Eval: -0.178%, Val: 0.158%
