[I 2025-10-25 04:38:09,097] Trial 792 finished with value: 0.086 and parameters: {'w_boll': 0.38482192142302984, 'w_rsi': 0.356707169828021, 'w_mom': 0.2051784937914139, 'w_vwap': 0.7323030594775968, 'w_orb': 1.8496249341784017, 'w_ofi': 1.7939891144227578, 'w_vol': 1.9360493744634741, 'win_boll': 15, 'win_rsi': 6, 'win_mom': 7, 'win_vwap': 16, 'orb_opening_bars': 49, 'vol_window': 26}. Best is trial 112 with value: 0.33399999999999996.
                                                                                      Best trial: 112. Best value: 0.334:  40%|████      | 809/2000 [10:18<14:52,  1.33it/s]Best trial: 112. Best value: 0.334:  40%|████      | 809/2000 [10:18<14:52,  1.33it/s]Best trial: 112. Best value: 0.334:  40%|████      | 810/2000 [10:18<14:55,  1.33it/s]                                                                                      Best trial: 112. Best value: 0.334:  40%|████      | 810/2000 [10:19<14:55,  1.33it/s]Best trial: 112. Best value: 0.334:  40%|████      | 810/2000 [10:19<14:55,  1.33it/s]Best trial: 112. Best value: 0.334:  41%|████      | 811/2000 [10:19<15:02,  1.32it/s]                                                                                      Best trial: 112. Best value: 0.334:  41%|████      | 811/2000 [10:20<15:02,  1.32it/s]Best trial: 112. Best value: 0.334:  41%|████      | 811/2000 [10:20<15:02,  1.32it/s]Best trial: 112. Best value: 0.334:  41%|████      | 812/2000 [10:20<14:57,  1.32it/s]                                                                                      Best trial: 112. Best value: 0.334:  41%|████      | 812/2000 [10:20<14:57,  1.32it/s]Best trial: 112. Best value: 0.334:  41%|████      | 812/2000 [10:20<14:57,  1.32it/s]Best trial: 112. Best value: 0.334:  41%|████      | 813/2000 [10:20<14:59,  1.32it/s]                                                                                      Best trial: 112. Best value: 0.334:  41%|████      | 813/2000 [10:21<14:59,  1.32it/s]Best trial: 112. Best value: 0.334:  41%|████      | 813/2000 [10:21<14:59,  1.32it/s]Best trial: 112. Best value: 0.334:  41%|████      | 814/2000 [10:21<15:02,  1.31it/s]                                                                                      Best trial: 112. Best value: 0.334:  41%|████      | 814/2000 [10:22<15:02,  1.31it/s]Best trial: 112. Best value: 0.334:  41%|████      | 814/2000 [10:22<15:02,  1.31it/s]Best trial: 112. Best value: 0.334:  41%|████      | 815/2000 [10:22<14:50,  1.33it/s]                                                                                      Best trial: 112. Best value: 0.334:  41%|████      | 815/2000 [10:23<14:50,  1.33it/s]Best trial: 112. Best value: 0.334:  41%|████      | 815/2000 [10:23<14:50,  1.33it/s]Best trial: 112. Best value: 0.334:  41%|████      | 816/2000 [10:23<14:48,  1.33it/s]                                                                                      Best trial: 112. Best value: 0.334:  41%|████      | 816/2000 [10:23<14:48,  1.33it/s]Best trial: 112. Best value: 0.334:  41%|████      | 816/2000 [10:23<14:48,  1.33it/s]Best trial: 112. Best value: 0.334:  41%|████      | 817/2000 [10:23<14:46,  1.34it/s]                                                                                      Best trial: 112. Best value: 0.334:  41%|████      | 817/2000 [10:24<14:46,  1.34it/s]Best trial: 112. Best value: 0.334:  41%|████      | 817/2000 [10:24<14:46,  1.34it/s]Best trial: 112. Best value: 0.334:  41%|████      | 818/2000 [10:24<14:57,  1.32it/s]                                                                                      Best trial: 112. Best value: 0.334:  41%|████      | 818/2000 [10:25<14:57,  1.32it/s]Best trial: 112. Best value: 0.334:  41%|████      | 818/2000 [10:25<14:57,  1.32it/s]Best trial: 112. Best value: 0.334:  41%|████      | 819/2000 [10:25<14:45,  1.33it/s]                                                                                      Best trial: 112. Best value: 0.334:  41%|████      | 819/2000 [10:26<14:45,  1.33it/s]Best trial: 112. Best value: 0.334:  41%|████      | 819/2000 [10:26<14:45,  1.33it/s]Best trial: 112. Best value: 0.334:  41%|████      | 820/2000 [10:26<14:48,  1.33it/s]                                                                                      Best trial: 112. Best value: 0.334:  41%|████      | 820/2000 [10:27<14:48,  1.33it/s]Best trial: 112. Best value: 0.334:  41%|████      | 820/2000 [10:27<14:48,  1.33it/s]Best trial: 112. Best value: 0.334:  41%|████      | 821/2000 [10:27<19:32,  1.01it/s]                                                                                      Best trial: 112. Best value: 0.334:  41%|████      | 821/2000 [10:28<19:32,  1.01it/s]Best trial: 112. Best value: 0.334:  41%|████      | 821/2000 [10:28<19:32,  1.01it/s]Best trial: 112. Best value: 0.334:  41%|████      | 822/2000 [10:28<17:55,  1.10it/s]                                                                                      Best trial: 112. Best value: 0.334:  41%|████      | 822/2000 [10:29<17:55,  1.10it/s]Best trial: 112. Best value: 0.334:  41%|████      | 822/2000 [10:29<17:55,  1.10it/s]Best trial: 112. Best value: 0.334:  41%|████      | 823/2000 [10:29<16:59,  1.15it/s]                                                                                      Best trial: 112. Best value: 0.334:  41%|████      | 823/2000 [10:30<16:59,  1.15it/s]Best trial: 112. Best value: 0.334:  41%|████      | 823/2000 [10:30<16:59,  1.15it/s]Best trial: 112. Best value: 0.334:  41%|████      | 824/2000 [10:30<16:17,  1.20it/s]                                                                                      Best trial: 112. Best value: 0.334:  41%|████      | 824/2000 [10:30<16:17,  1.20it/s]Best trial: 112. Best value: 0.334:  41%|████      | 824/2000 [10:30<16:17,  1.20it/s]Best trial: 112. Best value: 0.334:  41%|████▏     | 825/2000 [10:30<15:48,  1.24it/s]Trial 793: REJECT (overfit 51.6%) - Eval: 0.256%, Val: 0.124%
[I 2025-10-25 04:38:09,844] Trial 793 finished with value: -999.0 and parameters: {'w_boll': 0.14622071019509814, 'w_rsi': 0.3878805784366987, 'w_mom': 0.19751347330497196, 'w_vwap': 0.8109042645180734, 'w_orb': 1.447648119511916, 'w_ofi': 1.7780033109517883, 'w_vol': 1.925886256790328, 'win_boll': 15, 'win_rsi': 6, 'win_mom': 8, 'win_vwap': 16, 'orb_opening_bars': 48, 'vol_window': 11}. Best is trial 112 with value: 0.33399999999999996.
Trial 794: ACCEPT (degrade 0.0%) - Eval: -0.218%, Val: 0.003%
[I 2025-10-25 04:38:10,591] Trial 794 finished with value: -0.21799999999999997 and parameters: {'w_boll': 0.43584710096620505, 'w_rsi': 0.6032342477486504, 'w_mom': 0.23318798241233898, 'w_vwap': 0.7749160663477785, 'w_orb': 1.8117058948044813, 'w_ofi': 1.8338855586353089, 'w_vol': 1.954183562541717, 'win_boll': 14, 'win_rsi': 5, 'win_mom': 7, 'win_vwap': 17, 'orb_opening_bars': 36, 'vol_window': 36}. Best is trial 112 with value: 0.33399999999999996.
Trial 795: ACCEPT (degrade 0.0%) - Eval: -0.162%, Val: -0.063%
[I 2025-10-25 04:38:11,400] Trial 795 finished with value: -0.162 and parameters: {'w_boll': 0.36050451354166724, 'w_rsi': 0.2892200300610543, 'w_mom': 1.2377851831736926, 'w_vwap': 0.7130950185662047, 'w_orb': 0.32517147596551177, 'w_ofi': 1.8792894008264887, 'w_vol': 1.9034735075127054, 'win_boll': 17, 'win_rsi': 6, 'win_mom': 8, 'win_vwap': 16, 'orb_opening_bars': 49, 'vol_window': 27}. Best is trial 112 with value: 0.33399999999999996.
Trial 796: REJECT (overfit 244.2%) - Eval: 0.052%, Val: -0.075%
[I 2025-10-25 04:38:12,260] Trial 796 finished with value: -999.0 and parameters: {'w_boll': 0.42428924593469647, 'w_rsi': 0.83829907113416, 'w_mom': 0.16832787177499056, 'w_vwap': 0.7466662644685156, 'w_orb': 1.871289510651836, 'w_ofi': 1.823516541293921, 'w_vol': 1.9669052045680786, 'win_boll': 14, 'win_rsi': 5, 'win_mom': 6, 'win_vwap': 18, 'orb_opening_bars': 50, 'vol_window': 11}. Best is trial 112 with value: 0.33399999999999996.
Trial 797: ACCEPT (degrade 0.0%) - Eval: -0.002%, Val: 0.263%
[I 2025-10-25 04:38:13,009] Trial 797 finished with value: -0.002000000000000035 and parameters: {'w_boll': 0.32762663593294805, 'w_rsi': 0.34127411772452504, 'w_mom': 0.22691293810378196, 'w_vwap': 0.7903733603333075, 'w_orb': 1.8677603575024238, 'w_ofi': 1.907092943106908, 'w_vol': 1.886218083092693, 'win_boll': 15, 'win_rsi': 6, 'win_mom': 7, 'win_vwap': 15, 'orb_opening_bars': 48, 'vol_window': 40}. Best is trial 112 with value: 0.33399999999999996.
Trial 798: ACCEPT (degrade -86.9%) - Eval: 0.198%, Val: 0.370%
[I 2025-10-25 04:38:13,793] Trial 798 finished with value: 0.198 and parameters: {'w_boll': 0.45542329277255744, 'w_rsi': 0.4013978010441849, 'w_mom': 0.1809136885105137, 'w_vwap': 0.9292885441275914, 'w_orb': 1.7642326092808367, 'w_ofi': 1.7952233371993305, 'w_vol': 1.923282719739219, 'win_boll': 16, 'win_rsi': 5, 'win_mom': 5, 'win_vwap': 17, 'orb_opening_bars': 49, 'vol_window': 24}. Best is trial 112 with value: 0.33399999999999996.
Trial 799: ACCEPT (degrade -1188.5%) - Eval: 0.026%, Val: 0.335%
[I 2025-10-25 04:38:14,559] Trial 799 finished with value: 0.026000000000000002 and parameters: {'w_boll': 0.39800211830516596, 'w_rsi': 0.29750685203914434, 'w_mom': 0.1676132761792719, 'w_vwap': 0.8458106296640256, 'w_orb': 1.8294156770932406, 'w_ofi': 1.8605628476191822, 'w_vol': 1.9579694277784854, 'win_boll': 14, 'win_rsi': 6, 'win_mom': 7, 'win_vwap': 15, 'orb_opening_bars': 48, 'vol_window': 20}. Best is trial 112 with value: 0.33399999999999996.
Trial 800: ACCEPT (degrade 0.0%) - Eval: -0.208%, Val: -0.161%
[I 2025-10-25 04:38:15,309] Trial 800 finished with value: -0.20800000000000002 and parameters: {'w_boll': 0.359648930411767, 'w_rsi': 1.1372545023426412, 'w_mom': 0.2082595183912242, 'w_vwap': 0.7117197058526992, 'w_orb': 1.6857903253944073, 'w_ofi': 1.7976898346243078, 'w_vol': 1.859451712739174, 'win_boll': 14, 'win_rsi': 5, 'win_mom': 6, 'win_vwap': 18, 'orb_opening_bars': 50, 'vol_window': 11}. Best is trial 112 with value: 0.33399999999999996.
Trial 801: REJECT (overfit 57.4%) - Eval: 0.068%, Val: 0.029%
[I 2025-10-25 04:38:16,053] Trial 801 finished with value: -999.0 and parameters: {'w_boll': 0.4576242973448428, 'w_rsi': 0.3374687214216624, 'w_mom': 0.1449799735077446, 'w_vwap': 0.7564753063157226, 'w_orb': 1.8787188897100755, 'w_ofi': 1.9055022545337819, 'w_vol': 1.4888178880562832, 'win_boll': 13, 'win_rsi': 6, 'win_mom': 5, 'win_vwap': 16, 'orb_opening_bars': 49, 'vol_window': 34}. Best is trial 112 with value: 0.33399999999999996.
Trial 802: REJECT (overfit 30.2%) - Eval: 0.258%, Val: 0.180%
[I 2025-10-25 04:38:16,802] Trial 802 finished with value: -999.0 and parameters: {'w_boll': 0.3977282788404821, 'w_rsi': 0.3813267946410117, 'w_mom': 1.1325100737130138, 'w_vwap': 0.7008052661777177, 'w_orb': 1.8060931847265413, 'w_ofi': 1.7563012966382492, 'w_vol': 1.907008136177083, 'win_boll': 15, 'win_rsi': 6, 'win_mom': 6, 'win_vwap': 43, 'orb_opening_bars': 48, 'vol_window': 11}. Best is trial 112 with value: 0.33399999999999996.
Trial 803: REJECT (overfit 128.4%) - Eval: 0.134%, Val: -0.038%
[I 2025-10-25 04:38:17,554] Trial 803 finished with value: -999.0 and parameters: {'w_boll': 0.32258719511581324, 'w_rsi': 0.43361246616494875, 'w_mom': 1.2555576212940285, 'w_vwap': 0.8895234869378015, 'w_orb': 1.9000201544936473, 'w_ofi': 1.8482143487265938, 'w_vol': 1.854151202582098, 'win_boll': 19, 'win_rsi': 6, 'win_mom': 6, 'win_vwap': 19, 'orb_opening_bars': 50, 'vol_window': 25}. Best is trial 112 with value: 0.33399999999999996.
Trial 804: ACCEPT (degrade 0.0%) - Eval: -0.042%, Val: 0.016%
[I 2025-10-25 04:38:18,298] Trial 804 finished with value: -0.041999999999999996 and parameters: {'w_boll': 0.5154328854886013, 'w_rsi': 0.5511427482582035, 'w_mom': 0.24637133462065366, 'w_vwap': 0.7461154887491257, 'w_orb': 1.8589361726614257, 'w_ofi': 0.38351268465924104, 'w_vol': 1.935326530627936, 'win_boll': 17, 'win_rsi': 5, 'win_mom': 7, 'win_vwap': 18, 'orb_opening_bars': 49, 'vol_window': 12}. Best is trial 112 with value: 0.33399999999999996.
Trial 805: ACCEPT (degrade -94.9%) - Eval: 0.118%, Val: 0.230%
[I 2025-10-25 04:38:19,053] Trial 805 finished with value: 0.11800000000000002 and parameters: {'w_boll': 0.43381291677834527, 'w_rsi': 0.2653058731963388, 'w_mom': 0.1937240098831732, 'w_vwap': 0.8031551820072644, 'w_orb': 1.212660853382241, 'w_ofi': 1.9667460365385445, 'w_vol': 1.970054125309498, 'win_boll': 13, 'win_rsi': 6, 'win_mom': 7, 'win_vwap': 15, 'orb_opening_bars': 48, 'vol_window': 11}. Best is trial 112 with value: 0.33399999999999996.
Trial 806: ACCEPT (degrade -347.6%) - Eval: 0.084%, Val: 0.376%
[I 2025-10-25 04:38:19,800] Trial 806 finished with value: 0.084 and parameters: {'w_boll': 0.26598197338924223, 'w_rsi': 0.32305567149483955, 'w_mom': 0.1453723570151856, 'w_vwap': 0.6800652454670086, 'w_orb': 1.8968348969561604, 'w_ofi': 1.8677029527793247, 'w_vol': 1.9961133237766522, 'win_boll': 16, 'win_rsi': 7, 'win_mom': 8, 'win_vwap': 16, 'orb_opening_bars': 47, 'vol_window': 19}. Best is trial 112 with value: 0.33399999999999996.
Trial 807: ACCEPT (degrade -101.5%) - Eval: 0.066%, Val: 0.133%
[I 2025-10-25 04:38:20,552] Trial 807 finished with value: 0.06599999999999999 and parameters: {'w_boll': 0.3754942943969562, 'w_rsi': 0.44470782781981133, 'w_mom': 0.24669263065662586, 'w_vwap': 0.7290497317714134, 'w_orb': 1.7771969701874224, 'w_ofi': 1.9307320724070967, 'w_vol': 1.8858083287401954, 'win_boll': 14, 'win_rsi': 6, 'win_mom': 6, 'win_vwap': 17, 'orb_opening_bars': 50, 'vol_window': 12}. Best is trial 112 with value: 0.33399999999999996.
Trial 808: REJECT (overfit 0.0%) - Eval: -0.156%, Val: -0.203%
[I 2025-10-25 04:38:21,297] Trial 808 finished with value: -999.0 and parameters: {'w_boll': 1.9307339494920965, 'w_rsi': 0.49400240597961853, 'w_mom': 0.1790366398893686, 'w_vwap': 0.672192531608985, 'w_orb': 1.714974089337753, 'w_ofi': 1.8099531651575322, 'w_vol': 1.37483953276703, 'win_boll': 15, 'win_rsi': 5, 'win_mom': 6, 'win_vwap': 15, 'orb_opening_bars': 43, 'vol_window': 11}. Best is trial 112 with value: 0.33399999999999996.
Trial 809: REJECT (overfit 90.1%) - Eval: 0.212%, Val: 0.021%                                                                                      Best trial: 112. Best value: 0.334:  41%|████▏     | 825/2000 [10:31<15:48,  1.24it/s]Best trial: 112. Best value: 0.334:  41%|████▏     | 825/2000 [10:31<15:48,  1.24it/s]Best trial: 112. Best value: 0.334:  41%|████▏     | 826/2000 [10:31<15:34,  1.26it/s]                                                                                      Best trial: 112. Best value: 0.334:  41%|████▏     | 826/2000 [10:32<15:34,  1.26it/s]Best trial: 112. Best value: 0.334:  41%|████▏     | 826/2000 [10:32<15:34,  1.26it/s]Best trial: 112. Best value: 0.334:  41%|████▏     | 827/2000 [10:32<15:17,  1.28it/s]                                                                                      Best trial: 112. Best value: 0.334:  41%|████▏     | 827/2000 [10:33<15:17,  1.28it/s]Best trial: 112. Best value: 0.334:  41%|████▏     | 827/2000 [10:33<15:17,  1.28it/s]Best trial: 112. Best value: 0.334:  41%|████▏     | 828/2000 [10:33<15:07,  1.29it/s]                                                                                      Best trial: 112. Best value: 0.334:  41%|████▏     | 828/2000 [10:33<15:07,  1.29it/s]Best trial: 112. Best value: 0.334:  41%|████▏     | 828/2000 [10:33<15:07,  1.29it/s]Best trial: 112. Best value: 0.334:  41%|████▏     | 829/2000 [10:33<14:56,  1.31it/s]                                                                                      Best trial: 112. Best value: 0.334:  41%|████▏     | 829/2000 [10:34<14:56,  1.31it/s]Best trial: 112. Best value: 0.334:  41%|████▏     | 829/2000 [10:34<14:56,  1.31it/s]Best trial: 112. Best value: 0.334:  42%|████▏     | 830/2000 [10:34<14:58,  1.30it/s]                                                                                      Best trial: 112. Best value: 0.334:  42%|████▏     | 830/2000 [10:35<14:58,  1.30it/s]Best trial: 112. Best value: 0.334:  42%|████▏     | 830/2000 [10:35<14:58,  1.30it/s]Best trial: 112. Best value: 0.334:  42%|████▏     | 831/2000 [10:35<14:48,  1.32it/s]                                                                                      Best trial: 112. Best value: 0.334:  42%|████▏     | 831/2000 [10:36<14:48,  1.32it/s]Best trial: 112. Best value: 0.334:  42%|████▏     | 831/2000 [10:36<14:48,  1.32it/s]Best trial: 112. Best value: 0.334:  42%|████▏     | 832/2000 [10:36<14:43,  1.32it/s]                                                                                      Best trial: 112. Best value: 0.334:  42%|████▏     | 832/2000 [10:36<14:43,  1.32it/s]Best trial: 112. Best value: 0.334:  42%|████▏     | 832/2000 [10:36<14:43,  1.32it/s]Best trial: 112. Best value: 0.334:  42%|████▏     | 833/2000 [10:36<14:41,  1.32it/s]                                                                                      Best trial: 112. Best value: 0.334:  42%|████▏     | 833/2000 [10:37<14:41,  1.32it/s]Best trial: 112. Best value: 0.334:  42%|████▏     | 833/2000 [10:37<14:41,  1.32it/s]Best trial: 112. Best value: 0.334:  42%|████▏     | 834/2000 [10:37<14:44,  1.32it/s]                                                                                      Best trial: 112. Best value: 0.334:  42%|████▏     | 834/2000 [10:38<14:44,  1.32it/s]Best trial: 112. Best value: 0.334:  42%|████▏     | 834/2000 [10:38<14:44,  1.32it/s]Best trial: 112. Best value: 0.334:  42%|████▏     | 835/2000 [10:38<14:38,  1.33it/s]                                                                                      Best trial: 112. Best value: 0.334:  42%|████▏     | 835/2000 [10:39<14:38,  1.33it/s]Best trial: 112. Best value: 0.334:  42%|████▏     | 835/2000 [10:39<14:38,  1.33it/s]Best trial: 112. Best value: 0.334:  42%|████▏     | 836/2000 [10:39<14:38,  1.32it/s]                                                                                      Best trial: 112. Best value: 0.334:  42%|████▏     | 836/2000 [10:39<14:38,  1.32it/s]Best trial: 112. Best value: 0.334:  42%|████▏     | 836/2000 [10:39<14:38,  1.32it/s]Best trial: 112. Best value: 0.334:  42%|████▏     | 837/2000 [10:39<14:35,  1.33it/s]                                                                                      Best trial: 112. Best value: 0.334:  42%|████▏     | 837/2000 [10:40<14:35,  1.33it/s]Best trial: 112. Best value: 0.334:  42%|████▏     | 837/2000 [10:40<14:35,  1.33it/s]Best trial: 112. Best value: 0.334:  42%|████▏     | 838/2000 [10:40<14:44,  1.31it/s]                                                                                      Best trial: 112. Best value: 0.334:  42%|████▏     | 838/2000 [10:41<14:44,  1.31it/s]Best trial: 112. Best value: 0.334:  42%|████▏     | 838/2000 [10:41<14:44,  1.31it/s]Best trial: 112. Best value: 0.334:  42%|████▏     | 839/2000 [10:41<14:51,  1.30it/s]                                                                                      Best trial: 112. Best value: 0.334:  42%|████▏     | 839/2000 [10:42<14:51,  1.30it/s]Best trial: 112. Best value: 0.334:  42%|████▏     | 839/2000 [10:42<14:51,  1.30it/s]Best trial: 112. Best value: 0.334:  42%|████▏     | 840/2000 [10:42<14:48,  1.30it/s]                                                                                      Best trial: 112. Best value: 0.334:  42%|████▏     | 840/2000 [10:42<14:48,  1.30it/s]Best trial: 112. Best value: 0.334:  42%|████▏     | 840/2000 [10:42<14:48,  1.30it/s]Best trial: 112. Best value: 0.334:  42%|████▏     | 841/2000 [10:42<14:40,  1.32it/s]
[I 2025-10-25 04:38:22,056] Trial 809 finished with value: -999.0 and parameters: {'w_boll': 0.47562192277882076, 'w_rsi': 0.362353414241582, 'w_mom': 0.1411413161128922, 'w_vwap': 0.7814476032090446, 'w_orb': 1.8340856293314796, 'w_ofi': 1.899922632966982, 'w_vol': 1.9999463503167705, 'win_boll': 13, 'win_rsi': 6, 'win_mom': 5, 'win_vwap': 15, 'orb_opening_bars': 49, 'vol_window': 39}. Best is trial 112 with value: 0.33399999999999996.
Trial 810: ACCEPT (degrade 0.0%) - Eval: -0.366%, Val: 0.112%
[I 2025-10-25 04:38:22,830] Trial 810 finished with value: -0.366 and parameters: {'w_boll': 0.4160044272901628, 'w_rsi': 0.2938891995754711, 'w_mom': 0.21152497073717988, 'w_vwap': 0.7153905017963413, 'w_orb': 1.903951845593751, 'w_ofi': 1.996370739290142, 'w_vol': 1.8988117743257469, 'win_boll': 13, 'win_rsi': 7, 'win_mom': 9, 'win_vwap': 15, 'orb_opening_bars': 47, 'vol_window': 38}. Best is trial 112 with value: 0.33399999999999996.
Trial 811: REJECT (overfit 28.6%) - Eval: 0.070%, Val: 0.050%
[I 2025-10-25 04:38:23,579] Trial 811 finished with value: -999.0 and parameters: {'w_boll': 0.3409981492927708, 'w_rsi': 0.41349605226264186, 'w_mom': 0.27674754245993916, 'w_vwap': 0.8451123084750545, 'w_orb': 1.8602126923543545, 'w_ofi': 1.961344865440874, 'w_vol': 1.83598516611824, 'win_boll': 23, 'win_rsi': 11, 'win_mom': 3, 'win_vwap': 14, 'orb_opening_bars': 28, 'vol_window': 11}. Best is trial 112 with value: 0.33399999999999996.
Trial 812: ACCEPT (degrade 0.0%) - Eval: -0.224%, Val: 0.170%
[I 2025-10-25 04:38:24,341] Trial 812 finished with value: -0.22400000000000003 and parameters: {'w_boll': 0.4546526456169821, 'w_rsi': 0.23340059994027063, 'w_mom': 1.277699498566985, 'w_vwap': 0.655713270209774, 'w_orb': 1.9171837150923825, 'w_ofi': 1.8402500258025434, 'w_vol': 1.9277402560409558, 'win_boll': 18, 'win_rsi': 5, 'win_mom': 6, 'win_vwap': 17, 'orb_opening_bars': 48, 'vol_window': 28}. Best is trial 112 with value: 0.33399999999999996.
Trial 813: ACCEPT (degrade -40.1%) - Eval: 0.274%, Val: 0.384%
