[I 2025-10-25 04:48:08,551] Trial 1571 finished with value: -999.0 and parameters: {'w_boll': 0.3858252259338054, 'w_rsi': 0.36521835201323855, 'w_mom': 1.4165944185746975, 'w_vwap': 0.730649707207909, 'w_orb': 1.7749644350113205, 'w_ofi': 1.8931623674652092, 'w_vol': 0.9512363493536041, 'win_boll': 26, 'win_rsi': 24, 'win_mom': 4, 'win_vwap': 14, 'orb_opening_bars': 31, 'vol_window': 10}. Best is trial 868 with value: 0.384.
Trial 1572: ACCEPT (degrade 0.0%) - Eval: -0.280%, Val: 0.187%
[I 2025-10-25 04:48:09,347] Trial 1572 finished with value: -0.28 and parameters: {'w_boll': 0.3091766364998373, 'w_rsi': 0.30828491943827224, 'w_mom': 1.3672977617307835, 'w_vwap': 0.7892644032627417, 'w_orb': 1.9998979432089878, 'w_ofi': 1.8289547656994256, 'w_vol': 1.9123547127294243, 'win_boll': 15, 'win_rsi': 5, 'win_mom': 5, 'win_vwap': 31, 'orb_opening_bars': 36, 'vol_window': 13}. Best is trial 868 with value: 0.384.
Trial 1573: ACCEPT (degrade -393.0%) - Eval: 0.086%, Val: 0.424%
[I 2025-10-25 04:48:10,108] Trial 1573 finished with value: 0.086 and parameters: {'w_boll': 0.27253843064607913, 'w_rsi': 0.44054053271635757, 'w_mom': 0.23236418142046797, 'w_vwap': 0.7344849332635404, 'w_orb': 1.904188549265129, 'w_ofi': 0.6521009209179089, 'w_vol': 1.867601875117017, 'win_boll': 11, 'win_rsi': 6, 'win_mom': 6, 'win_vwap': 16, 'orb_opening_bars': 47, 'vol_window': 12}. Best is trial 868 with value: 0.384.
Trial 1574: ACCEPT (degrade 0.0%) - Eval: -0.282%, Val: 0.259%
[I 2025-10-25 04:48:10,841] Trial 1574 finished with value: -0.28200000000000003 and parameters: {'w_boll': 0.14306610142535614, 'w_rsi': 0.2044700078631981, 'w_mom': 0.2721810380204913, 'w_vwap': 0.8615261692589331, 'w_orb': 1.8452719659216559, 'w_ofi': 1.9998060003077291, 'w_vol': 1.8681552933480825, 'win_boll': 14, 'win_rsi': 22, 'win_mom': 5, 'win_vwap': 13, 'orb_opening_bars': 49, 'vol_window': 22}. Best is trial 868 with value: 0.384.
Trial 1575: REJECT (overfit 0.0%) - Eval: -0.040%, Val: -0.063%
[I 2025-10-25 04:48:11,622] Trial 1575 finished with value: -999.0 and parameters: {'w_boll': 0.37656017202232595, 'w_rsi': 0.26587741822362565, 'w_mom': 1.2240500941194485, 'w_vwap': 0.8052672498072627, 'w_orb': 0.8037675374557697, 'w_ofi': 0.7518276420394104, 'w_vol': 1.9623367998891987, 'win_boll': 13, 'win_rsi': 19, 'win_mom': 4, 'win_vwap': 20, 'orb_opening_bars': 48, 'vol_window': 11}. Best is trial 868 with value: 0.384.
Trial 1576: REJECT (overfit 125.0%) - Eval: 0.072%, Val: -0.018%
[I 2025-10-25 04:48:12,398] Trial 1576 finished with value: -999.0 and parameters: {'w_boll': 0.6504662732219487, 'w_rsi': 1.3382868358479265, 'w_mom': 1.476205567167111, 'w_vwap': 0.5414532548543771, 'w_orb': 1.2814419545673523, 'w_ofi': 0.7969300375678477, 'w_vol': 1.9177912058831237, 'win_boll': 11, 'win_rsi': 6, 'win_mom': 4, 'win_vwap': 12, 'orb_opening_bars': 46, 'vol_window': 12}. Best is trial 868 with value: 0.384.
Trial 1577: ACCEPT (degrade -1055.0%) - Eval: 0.020%, Val: 0.231%
[I 2025-10-25 04:48:13,153] Trial 1577 finished with value: 0.02000000000000001 and parameters: {'w_boll': 0.32952786768986314, 'w_rsi': 0.3913931245181067, 'w_mom': 0.19209171085319052, 'w_vwap': 0.7176821042218074, 'w_orb': 1.9629714502718796, 'w_ofi': 1.926424026271816, 'w_vol': 1.0160409983889904, 'win_boll': 12, 'win_rsi': 5, 'win_mom': 7, 'win_vwap': 11, 'orb_opening_bars': 33, 'vol_window': 15}. Best is trial 868 with value: 0.384.
Trial 1578: ACCEPT (degrade -268.9%) - Eval: 0.074%, Val: 0.273%
[I 2025-10-25 04:48:13,889] Trial 1578 finished with value: 0.07400000000000001 and parameters: {'w_boll': 0.4161514162363445, 'w_rsi': 0.3572237046209062, 'w_mom': 1.3329802567576141, 'w_vwap': 0.7985989085591026, 'w_orb': 1.702795993951354, 'w_ofi': 0.9997347042178081, 'w_vol': 1.510321448978484, 'win_boll': 15, 'win_rsi': 6, 'win_mom': 6, 'win_vwap': 14, 'orb_opening_bars': 50, 'vol_window': 10}. Best is trial 868 with value: 0.384.
Trial 1579: ACCEPT (degrade 0.0%) - Eval: -0.022%, Val: 0.231%
[I 2025-10-25 04:48:14,685] Trial 1579 finished with value: -0.022 and parameters: {'w_boll': 0.22620257874973057, 'w_rsi': 0.2931802722202308, 'w_mom': 0.13943530747171787, 'w_vwap': 0.9547479665954456, 'w_orb': 1.9315355468336546, 'w_ofi': 1.9528265912534577, 'w_vol': 1.8797488135958043, 'win_boll': 14, 'win_rsi': 7, 'win_mom': 5, 'win_vwap': 13, 'orb_opening_bars': 48, 'vol_window': 17}. Best is trial 868 with value: 0.384.
Trial 1580: ACCEPT (degrade -6.4%) - Eval: 0.078%, Val: 0.083%
[I 2025-10-25 04:48:15,456] Trial 1580 finished with value: 0.07799999999999996 and parameters: {'w_boll': 0.28412846733764724, 'w_rsi': 0.23427088114776085, 'w_mom': 0.3186320033848888, 'w_vwap': 0.7555875758245311, 'w_orb': 1.877380862016463, 'w_ofi': 0.6798651193497598, 'w_vol': 0.97802488507909, 'win_boll': 10, 'win_rsi': 5, 'win_mom': 4, 'win_vwap': 24, 'orb_opening_bars': 49, 'vol_window': 45}. Best is trial 868 with value: 0.384.
Trial 1581: ACCEPT (degrade -29.3%) - Eval: 0.208%, Val: 0.269%
[I 2025-10-25 04:48:16,211] Trial 1581 finished with value: 0.20800000000000002 and parameters: {'w_boll': 0.3528391582627876, 'w_rsi': 0.16217188054843035, 'w_mom': 1.276618200304719, 'w_vwap': 0.7047216522080726, 'w_orb': 1.8077956854216002, 'w_ofi': 0.3746273655954122, 'w_vol': 0.8845879135688763, 'win_boll': 13, 'win_rsi': 6, 'win_mom': 5, 'win_vwap': 21, 'orb_opening_bars': 50, 'vol_window': 28}. Best is trial 868 with value: 0.384.
Trial 1582: ACCEPT (degrade 0.0%) - Eval: -0.214%, Val: 0.251%
[I 2025-10-25 04:48:16,936] Trial 1582 finished with value: -0.21399999999999997 and parameters: {'w_boll': 1.3473537319819364, 'w_rsi': 0.4150557118890013, 'w_mom': 0.17785230497956048, 'w_vwap': 0.88167261999108, 'w_orb': 1.5612710159092813, 'w_ofi': 1.8641594385588425, 'w_vol': 1.1964807238953792, 'win_boll': 16, 'win_rsi': 7, 'win_mom': 7, 'win_vwap': 15, 'orb_opening_bars': 30, 'vol_window': 12}. Best is trial 868 with value: 0.384.
Trial 1583: ACCEPT (degrade 15.5%) - Eval: 0.232%, Val: 0.196%
[I 2025-10-25 04:48:17,716] Trial 1583 finished with value: 0.23200000000000004 and parameters: {'w_boll': 0.39846589646638125, 'w_rsi': 0.3169431413182841, 'w_mom': 0.22525193370850455, 'w_vwap': 0.5647885510053425, 'w_orb': 1.97071937833084, 'w_ofi': 1.970015164925477, 'w_vol': 1.8394359245207885, 'win_boll': 15, 'win_rsi': 5, 'win_mom': 6, 'win_vwap': 11, 'orb_opening_bars': 47, 'vol_window': 11}. Best is trial 868 with value: 0.384.
Trial 1584: REJECT (overfit 136.6%) - Eval: 0.142%, Val: -0.052%
[I 2025-10-25 04:48:18,472] Trial 1584 finished with value: -999.0 and parameters: {'w_boll': 0.3184082855459617, 'w_rsi': 0.4498723584555653, 'w_mom': 0.13523470652263986, 'w_vwap': 0.7423304049965901, 'w_orb': 1.218145371203805, 'w_ofi': 1.7808001781208418, 'w_vol': 1.9357514313577622, 'win_boll': 13, 'win_rsi': 6, 'win_mom': 4, 'win_vwap': 10, 'orb_opening_bars': 49, 'vol_window': 13}. Best is trial 868 with value: 0.384.
Trial 1585: ACCEPT (degrade -48.5%) - Eval: 0.132%, Val: 0.196%
[I 2025-10-25 04:48:19,229] Trial 1585 finished with value: 0.13200000000000003 and parameters: {'w_boll': 0.4455242274347871, 'w_rsi': 0.3500411630455867, 'w_mom': 1.4318463885093553, 'w_vwap': 0.5152356400355009, 'w_orb': 1.909755037300741, 'w_ofi': 1.9984546996687507, 'w_vol': 0.8970069924689514, 'win_boll': 12, 'win_rsi': 6, 'win_mom': 9, 'win_vwap': 17, 'orb_opening_bars': 48, 'vol_window': 11}. Best is trial 868 with value: 0.384.
Trial 1586: REJECT (overfit 76.9%) - Eval: 0.104%, Val: 0.024%
[I 2025-10-25 04:48:19,971] Trial 1586 finished with value: -999.0 and parameters: {'w_boll': 0.19342131336279203, 'w_rsi': 0.27994472731332554, 'w_mom': 1.5061968697201844, 'w_vwap': 0.8301236883533599, 'w_orb': 1.8507116265924652, 'w_ofi': 1.9992423161093495, 'w_vol': 1.8635944479483113, 'win_boll': 14, 'win_rsi': 7, 'win_mom': 8, 'win_vwap': 12, 'orb_opening_bars': 31, 'vol_window': 10}. Best is trial 868 with value: 0.384.
Trial 1587: ACCEPT (degrade 0.0%) - Eval: -0.172%, Val: 0.224%
[I 2025-10-25 04:48:20,751] Trial 1587 finished with value: -0.17200000000000001 and parameters: {'w_boll': 0.36529099918535923, 'w_rsi': 0.21395960544864992, 'w_mom': 0.2674378342521865, 'w_vwap': 0.7804482252865291, 'w_orb': 1.7360420375660544, 'w_ofi': 0.33010926033617133, 'w_vol': 1.9724769608765251, 'win_boll': 36, 'win_rsi': 5, 'win_mom': 5, 'win_vwap': 23, 'orb_opening_bars': 49, 'vol_window': 13}. Best is trial 868 with value: 0.384.Best trial: 868. Best value: 0.384:  80%|████████  | 1604/2000 [20:30<05:03,  1.30it/s]Best trial: 868. Best value: 0.384:  80%|████████  | 1604/2000 [20:30<05:03,  1.30it/s]Best trial: 868. Best value: 0.384:  80%|████████  | 1605/2000 [20:30<05:01,  1.31it/s]                                                                                       Best trial: 868. Best value: 0.384:  80%|████████  | 1605/2000 [20:31<05:01,  1.31it/s]Best trial: 868. Best value: 0.384:  80%|████████  | 1605/2000 [20:31<05:01,  1.31it/s]Best trial: 868. Best value: 0.384:  80%|████████  | 1606/2000 [20:31<05:01,  1.31it/s]                                                                                       Best trial: 868. Best value: 0.384:  80%|████████  | 1606/2000 [20:31<05:01,  1.31it/s]Best trial: 868. Best value: 0.384:  80%|████████  | 1606/2000 [20:31<05:01,  1.31it/s]Best trial: 868. Best value: 0.384:  80%|████████  | 1607/2000 [20:31<04:59,  1.31it/s]                                                                                       Best trial: 868. Best value: 0.384:  80%|████████  | 1607/2000 [20:32<04:59,  1.31it/s]Best trial: 868. Best value: 0.384:  80%|████████  | 1607/2000 [20:32<04:59,  1.31it/s]Best trial: 868. Best value: 0.384:  80%|████████  | 1608/2000 [20:32<04:54,  1.33it/s]                                                                                       Best trial: 868. Best value: 0.384:  80%|████████  | 1608/2000 [20:33<04:54,  1.33it/s]Best trial: 868. Best value: 0.384:  80%|████████  | 1608/2000 [20:33<04:54,  1.33it/s]Best trial: 868. Best value: 0.384:  80%|████████  | 1609/2000 [20:33<04:54,  1.33it/s]                                                                                       Best trial: 868. Best value: 0.384:  80%|████████  | 1609/2000 [20:34<04:54,  1.33it/s]Best trial: 868. Best value: 0.384:  80%|████████  | 1609/2000 [20:34<04:54,  1.33it/s]Best trial: 868. Best value: 0.384:  80%|████████  | 1610/2000 [20:34<04:54,  1.32it/s]                                                                                       Best trial: 868. Best value: 0.384:  80%|████████  | 1610/2000 [20:34<04:54,  1.32it/s]Best trial: 868. Best value: 0.384:  80%|████████  | 1610/2000 [20:34<04:54,  1.32it/s]Best trial: 868. Best value: 0.384:  81%|████████  | 1611/2000 [20:34<04:54,  1.32it/s]                                                                                       Best trial: 868. Best value: 0.384:  81%|████████  | 1611/2000 [20:35<04:54,  1.32it/s]Best trial: 868. Best value: 0.384:  81%|████████  | 1611/2000 [20:35<04:54,  1.32it/s]Best trial: 868. Best value: 0.384:  81%|████████  | 1612/2000 [20:35<04:57,  1.30it/s]                                                                                       Best trial: 868. Best value: 0.384:  81%|████████  | 1612/2000 [20:36<04:57,  1.30it/s]Best trial: 868. Best value: 0.384:  81%|████████  | 1612/2000 [20:36<04:57,  1.30it/s]Best trial: 868. Best value: 0.384:  81%|████████  | 1613/2000 [20:36<04:55,  1.31it/s]                                                                                       Best trial: 868. Best value: 0.384:  81%|████████  | 1613/2000 [20:37<04:55,  1.31it/s]Best trial: 868. Best value: 0.384:  81%|████████  | 1613/2000 [20:37<04:55,  1.31it/s]Best trial: 868. Best value: 0.384:  81%|████████  | 1614/2000 [20:37<04:54,  1.31it/s]                                                                                       Best trial: 868. Best value: 0.384:  81%|████████  | 1614/2000 [20:38<04:54,  1.31it/s]Best trial: 868. Best value: 0.384:  81%|████████  | 1614/2000 [20:38<04:54,  1.31it/s]Best trial: 868. Best value: 0.384:  81%|████████  | 1615/2000 [20:38<04:52,  1.32it/s]                                                                                       Best trial: 868. Best value: 0.384:  81%|████████  | 1615/2000 [20:38<04:52,  1.32it/s]Best trial: 868. Best value: 0.384:  81%|████████  | 1615/2000 [20:38<04:52,  1.32it/s]Best trial: 868. Best value: 0.384:  81%|████████  | 1616/2000 [20:38<04:54,  1.30it/s]                                                                                       Best trial: 868. Best value: 0.384:  81%|████████  | 1616/2000 [20:39<04:54,  1.30it/s]Best trial: 868. Best value: 0.384:  81%|████████  | 1616/2000 [20:39<04:54,  1.30it/s]Best trial: 868. Best value: 0.384:  81%|████████  | 1617/2000 [20:39<04:50,  1.32it/s]                                                                                       Best trial: 868. Best value: 0.384:  81%|████████  | 1617/2000 [20:40<04:50,  1.32it/s]Best trial: 868. Best value: 0.384:  81%|████████  | 1617/2000 [20:40<04:50,  1.32it/s]Best trial: 868. Best value: 0.384:  81%|████████  | 1618/2000 [20:40<04:49,  1.32it/s]                                                                                       Best trial: 868. Best value: 0.384:  81%|████████  | 1618/2000 [20:41<04:49,  1.32it/s]Best trial: 868. Best value: 0.384:  81%|████████  | 1618/2000 [20:41<04:49,  1.32it/s]Best trial: 868. Best value: 0.384:  81%|████████  | 1619/2000 [20:41<04:48,  1.32it/s]                                                                                       Best trial: 868. Best value: 0.384:  81%|████████  | 1619/2000 [20:41<04:48,  1.32it/s]Best trial: 868. Best value: 0.384:  81%|████████  | 1619/2000 [20:41<04:48,  1.32it/s]Best trial: 868. Best value: 0.384:  81%|████████  | 1620/2000 [20:41<04:52,  1.30it/s]                                                                                       Best trial: 868. Best value: 0.384:  81%|████████  | 1620/2000 [20:42<04:52,  1.30it/s]Best trial: 868. Best value: 0.384:  81%|████████  | 1620/2000 [20:42<04:52,  1.30it/s]Best trial: 868. Best value: 0.384:  81%|████████  | 1621/2000 [20:42<04:49,  1.31it/s]                                                                                       
Trial 1588: ACCEPT (degrade 0.0%) - Eval: -0.184%, Val: 0.088%
[I 2025-10-25 04:48:21,516] Trial 1588 finished with value: -0.184 and parameters: {'w_boll': 0.25547076821306747, 'w_rsi': 0.4011826891067844, 'w_mom': 1.303571101530736, 'w_vwap': 0.6904625557447124, 'w_orb': 1.9308756177422477, 'w_ofi': 1.9047873166665943, 'w_vol': 1.8985307998285965, 'win_boll': 11, 'win_rsi': 6, 'win_mom': 4, 'win_vwap': 13, 'orb_opening_bars': 50, 'vol_window': 14}. Best is trial 868 with value: 0.384.
Trial 1589: ACCEPT (degrade 0.0%) - Eval: -0.038%, Val: 0.110%
[I 2025-10-25 04:48:22,282] Trial 1589 finished with value: -0.03799999999999999 and parameters: {'w_boll': 0.5209759587880626, 'w_rsi': 0.33908906160002905, 'w_mom': 1.3790503819936695, 'w_vwap': 0.6123546880597818, 'w_orb': 1.8850051651178148, 'w_ofi': 1.936819966820434, 'w_vol': 1.9999442681141095, 'win_boll': 12, 'win_rsi': 18, 'win_mom': 6, 'win_vwap': 15, 'orb_opening_bars': 37, 'vol_window': 11}. Best is trial 868 with value: 0.384.
Trial 1590: ACCEPT (degrade -575.0%) - Eval: 0.056%, Val: 0.378%
[I 2025-10-25 04:48:23,011] Trial 1590 finished with value: 0.055999999999999994 and parameters: {'w_boll': 0.29921676467396274, 'w_rsi': 0.37705724785932015, 'w_mom': 0.7468883598189375, 'w_vwap': 1.0714846342342295, 'w_orb': 1.964600035644051, 'w_ofi': 0.6323910827739813, 'w_vol': 1.8165004718178905, 'win_boll': 15, 'win_rsi': 7, 'win_mom': 3, 'win_vwap': 18, 'orb_opening_bars': 28, 'vol_window': 12}. Best is trial 868 with value: 0.384.
Trial 1591: ACCEPT (degrade -244.2%) - Eval: 0.104%, Val: 0.358%
[I 2025-10-25 04:48:23,810] Trial 1591 finished with value: 0.10400000000000001 and parameters: {'w_boll': 0.42035023163973484, 'w_rsi': 0.2583104170575552, 'w_mom': 0.10195605698879037, 'w_vwap': 0.7348359332268529, 'w_orb': 1.830672625448366, 'w_ofi': 0.2935994182912734, 'w_vol': 1.9260138324661236, 'win_boll': 13, 'win_rsi': 6, 'win_mom': 4, 'win_vwap': 32, 'orb_opening_bars': 45, 'vol_window': 10}. Best is trial 868 with value: 0.384.
Trial 1592: REJECT (overfit 101.7%) - Eval: 0.058%, Val: -0.001%
[I 2025-10-25 04:48:24,573] Trial 1592 finished with value: -999.0 and parameters: {'w_boll': 0.9920719962266183, 'w_rsi': 0.46428490738924433, 'w_mom': 0.18772982468956684, 'w_vwap': 0.6386686459313777, 'w_orb': 1.4455198366227715, 'w_ofi': 0.7022010858088774, 'w_vol': 1.8433151968070614, 'win_boll': 14, 'win_rsi': 5, 'win_mom': 3, 'win_vwap': 14, 'orb_opening_bars': 48, 'vol_window': 11}. Best is trial 868 with value: 0.384.
Trial 1593: ACCEPT (degrade 0.0%) - Eval: -0.116%, Val: 0.167%
[I 2025-10-25 04:48:25,332] Trial 1593 finished with value: -0.11600000000000002 and parameters: {'w_boll': 0.32844145049399315, 'w_rsi': 0.14285267558187953, 'w_mom': 1.2361299190502366, 'w_vwap': 0.6871746313915248, 'w_orb': 1.9971532649376553, 'w_ofi': 1.803327066487104, 'w_vol': 0.6043864307422302, 'win_boll': 10, 'win_rsi': 7, 'win_mom': 5, 'win_vwap': 10, 'orb_opening_bars': 46, 'vol_window': 14}. Best is trial 868 with value: 0.384.
Trial 1594: ACCEPT (degrade -468.8%) - Eval: 0.080%, Val: 0.455%
[I 2025-10-25 04:48:26,062] Trial 1594 finished with value: 0.08000000000000002 and parameters: {'w_boll': 0.3920830138122412, 'w_rsi': 0.1798389416345838, 'w_mom': 0.23123618677643573, 'w_vwap': 0.8064757742957204, 'w_orb': 1.929122402777915, 'w_ofi': 0.39849288596213195, 'w_vol': 1.8764056358715506, 'win_boll': 16, 'win_rsi': 6, 'win_mom': 3, 'win_vwap': 16, 'orb_opening_bars': 26, 'vol_window': 12}. Best is trial 868 with value: 0.384.
Trial 1595: REJECT (overfit 80.9%) - Eval: 0.136%, Val: 0.026%
[I 2025-10-25 04:48:26,858] Trial 1595 finished with value: -999.0 and parameters: {'w_boll': 0.4764737779979179, 'w_rsi': 0.23104938439611455, 'w_mom': 0.17013947292050885, 'w_vwap': 0.7562230940863286, 'w_orb': 1.7697162977932206, 'w_ofi': 1.9375599132402104, 'w_vol': 1.8116244909371866, 'win_boll': 13, 'win_rsi': 5, 'win_mom': 4, 'win_vwap': 12, 'orb_opening_bars': 47, 'vol_window': 10}. Best is trial 868 with value: 0.384.
Trial 1596: ACCEPT (degrade 0.0%) - Eval: -0.302%, Val: 0.329%
[I 2025-10-25 04:48:27,632] Trial 1596 finished with value: -0.302 and parameters: {'w_boll': 0.23334042210533332, 'w_rsi': 0.30366884094528507, 'w_mom': 1.1512127764705344, 'w_vwap': 0.582859364062593, 'w_orb': 1.8812673726726084, 'w_ofi': 1.3988446559163887, 'w_vol': 1.8994823838890293, 'win_boll': 14, 'win_rsi': 8, 'win_mom': 8, 'win_vwap': 11, 'orb_opening_bars': 35, 'vol_window': 13}. Best is trial 868 with value: 0.384.
Trial 1597: ACCEPT (degrade -84.6%) - Eval: 0.214%, Val: 0.395%
[I 2025-10-25 04:48:28,401] Trial 1597 finished with value: 0.21400000000000002 and parameters: {'w_boll': 0.27988718990831285, 'w_rsi': 0.4239085515151147, 'w_mom': 1.3339254003499807, 'w_vwap': 0.7113114041514288, 'w_orb': 1.9697205222631233, 'w_ofi': 0.762095264309975, 'w_vol': 1.6836060403067514, 'win_boll': 25, 'win_rsi': 7, 'win_mom': 6, 'win_vwap': 13, 'orb_opening_bars': 50, 'vol_window': 12}. Best is trial 868 with value: 0.384.
Trial 1598: ACCEPT (degrade -296.2%) - Eval: 0.106%, Val: 0.420%
[I 2025-10-25 04:48:29,155] Trial 1598 finished with value: 0.10600000000000002 and parameters: {'w_boll': 0.3451633202333594, 'w_rsi': 0.3411415226071943, 'w_mom': 1.2894985356130648, 'w_vwap': 0.8478014654234186, 'w_orb': 1.9085664007016048, 'w_ofi': 1.8763072054107794, 'w_vol': 0.14291645082106819, 'win_boll': 15, 'win_rsi': 6, 'win_mom': 7, 'win_vwap': 36, 'orb_opening_bars': 49, 'vol_window': 11}. Best is trial 868 with value: 0.384.
Trial 1599: ACCEPT (degrade 0.0%) - Eval: -0.034%, Val: 0.338%
[I 2025-10-25 04:48:29,961] Trial 1599 finished with value: -0.03400000000000002 and parameters: {'w_boll': 0.16819230343411856, 'w_rsi': 0.3867283415139668, 'w_mom': 1.2105088958811452, 'w_vwap': 0.6588366450481828, 'w_orb': 1.8090211336670687, 'w_ofi': 1.9627267398222923, 'w_vol': 1.9393949551388727, 'win_boll': 12, 'win_rsi': 7, 'win_mom': 4, 'win_vwap': 15, 'orb_opening_bars': 49, 'vol_window': 13}. Best is trial 868 with value: 0.384.
Trial 1600: ACCEPT (degrade 0.0%) - Eval: -0.018%, Val: 0.461%
[I 2025-10-25 04:48:30,769] Trial 1600 finished with value: -0.018000000000000013 and parameters: {'w_boll': 0.43661408386063877, 'w_rsi': 0.26440320268310463, 'w_mom': 0.26060335418547775, 'w_vwap': 0.7850734433543787, 'w_orb': 1.9401447848100029, 'w_ofi': 1.8282575344238672, 'w_vol': 0.9176130091420881, 'win_boll': 11, 'win_rsi': 6, 'win_mom': 5, 'win_vwap': 12, 'orb_opening_bars': 29, 'vol_window': 12}. Best is trial 868 with value: 0.384.
Trial 1601: REJECT (overfit 62.8%) - Eval: 0.226%, Val: 0.084%
[I 2025-10-25 04:48:31,519] Trial 1601 finished with value: -999.0 and parameters: {'w_boll': 0.37925707046307816, 'w_rsi': 0.30655560032172874, 'w_mom': 0.1404082943423465, 'w_vwap': 0.6083474628158636, 'w_orb': 1.648627008847648, 'w_ofi': 1.919826868326607, 'w_vol': 1.7769877334783448, 'win_boll': 14, 'win_rsi': 5, 'win_mom': 4, 'win_vwap': 30, 'orb_opening_bars': 48, 'vol_window': 10}. Best is trial 868 with value: 0.384.
Trial 1602: ACCEPT (degrade 0.0%) - Eval: -0.014%, Val: 0.218%
