[I 2025-10-25 04:30:09,517] Trial 161 finished with value: 0.24800000000000005 and parameters: {'w_boll': 0.407818319943892, 'w_rsi': 0.44478489862683723, 'w_mom': 0.14781389680383092, 'w_vwap': 0.689743163917274, 'w_orb': 1.7506004381357094, 'w_ofi': 0.6294212800716783, 'w_vol': 1.8525100391185159, 'win_boll': 13, 'win_rsi': 7, 'win_mom': 3, 'win_vwap': 10, 'orb_opening_bars': 50, 'vol_window': 12}. Best is trial 112 with value: 0.33399999999999996.
Trial 162: ACCEPT (degrade -28.0%) - Eval: 0.232%, Val: 0.297%                                                                                      Best trial: 112. Best value: 0.334:   9%|▉         | 178/2000 [02:19<22:34,  1.34it/s]Best trial: 112. Best value: 0.334:   9%|▉         | 178/2000 [02:19<22:34,  1.34it/s]Best trial: 112. Best value: 0.334:   9%|▉         | 179/2000 [02:19<22:35,  1.34it/s]                                                                                      Best trial: 112. Best value: 0.334:   9%|▉         | 179/2000 [02:19<22:35,  1.34it/s]Best trial: 112. Best value: 0.334:   9%|▉         | 179/2000 [02:19<22:35,  1.34it/s]Best trial: 112. Best value: 0.334:   9%|▉         | 180/2000 [02:19<22:28,  1.35it/s]                                                                                      Best trial: 112. Best value: 0.334:   9%|▉         | 180/2000 [02:20<22:28,  1.35it/s]Best trial: 112. Best value: 0.334:   9%|▉         | 180/2000 [02:20<22:28,  1.35it/s]Best trial: 112. Best value: 0.334:   9%|▉         | 181/2000 [02:20<22:14,  1.36it/s]                                                                                      Best trial: 112. Best value: 0.334:   9%|▉         | 181/2000 [02:21<22:14,  1.36it/s]Best trial: 112. Best value: 0.334:   9%|▉         | 181/2000 [02:21<22:14,  1.36it/s]Best trial: 112. Best value: 0.334:   9%|▉         | 182/2000 [02:21<22:24,  1.35it/s]                                                                                      Best trial: 112. Best value: 0.334:   9%|▉         | 182/2000 [02:21<22:24,  1.35it/s]Best trial: 112. Best value: 0.334:   9%|▉         | 182/2000 [02:21<22:24,  1.35it/s]Best trial: 112. Best value: 0.334:   9%|▉         | 183/2000 [02:21<22:23,  1.35it/s]                                                                                      Best trial: 112. Best value: 0.334:   9%|▉         | 183/2000 [02:22<22:23,  1.35it/s]Best trial: 112. Best value: 0.334:   9%|▉         | 183/2000 [02:22<22:23,  1.35it/s]Best trial: 112. Best value: 0.334:   9%|▉         | 184/2000 [02:22<22:36,  1.34it/s]                                                                                      Best trial: 112. Best value: 0.334:   9%|▉         | 184/2000 [02:23<22:36,  1.34it/s]Best trial: 112. Best value: 0.334:   9%|▉         | 184/2000 [02:23<22:36,  1.34it/s]Best trial: 112. Best value: 0.334:   9%|▉         | 185/2000 [02:23<22:17,  1.36it/s]                                                                                      Best trial: 112. Best value: 0.334:   9%|▉         | 185/2000 [02:24<22:17,  1.36it/s]Best trial: 112. Best value: 0.334:   9%|▉         | 185/2000 [02:24<22:17,  1.36it/s]Best trial: 112. Best value: 0.334:   9%|▉         | 186/2000 [02:24<22:16,  1.36it/s]                                                                                      Best trial: 112. Best value: 0.334:   9%|▉         | 186/2000 [02:24<22:16,  1.36it/s]Best trial: 112. Best value: 0.334:   9%|▉         | 186/2000 [02:24<22:16,  1.36it/s]Best trial: 112. Best value: 0.334:   9%|▉         | 187/2000 [02:24<22:16,  1.36it/s]                                                                                      Best trial: 112. Best value: 0.334:   9%|▉         | 187/2000 [02:25<22:16,  1.36it/s]Best trial: 112. Best value: 0.334:   9%|▉         | 187/2000 [02:25<22:16,  1.36it/s]Best trial: 112. Best value: 0.334:   9%|▉         | 188/2000 [02:25<22:44,  1.33it/s]                                                                                      Best trial: 112. Best value: 0.334:   9%|▉         | 188/2000 [02:26<22:44,  1.33it/s]Best trial: 112. Best value: 0.334:   9%|▉         | 188/2000 [02:26<22:44,  1.33it/s]Best trial: 112. Best value: 0.334:   9%|▉         | 189/2000 [02:26<22:27,  1.34it/s]                                                                                      Best trial: 112. Best value: 0.334:   9%|▉         | 189/2000 [02:27<22:27,  1.34it/s]Best trial: 112. Best value: 0.334:   9%|▉         | 189/2000 [02:27<22:27,  1.34it/s]Best trial: 112. Best value: 0.334:  10%|▉         | 190/2000 [02:27<23:36,  1.28it/s]                                                                                      Best trial: 112. Best value: 0.334:  10%|▉         | 190/2000 [02:28<23:36,  1.28it/s]Best trial: 112. Best value: 0.334:  10%|▉         | 190/2000 [02:28<23:36,  1.28it/s]Best trial: 112. Best value: 0.334:  10%|▉         | 191/2000 [02:28<23:23,  1.29it/s]                                                                                      Best trial: 112. Best value: 0.334:  10%|▉         | 191/2000 [02:28<23:23,  1.29it/s]Best trial: 112. Best value: 0.334:  10%|▉         | 191/2000 [02:28<23:23,  1.29it/s]Best trial: 112. Best value: 0.334:  10%|▉         | 192/2000 [02:28<23:21,  1.29it/s]                                                                                      Best trial: 112. Best value: 0.334:  10%|▉         | 192/2000 [02:29<23:21,  1.29it/s]Best trial: 112. Best value: 0.334:  10%|▉         | 192/2000 [02:29<23:21,  1.29it/s]Best trial: 112. Best value: 0.334:  10%|▉         | 193/2000 [02:29<22:48,  1.32it/s]                                                                                      Best trial: 112. Best value: 0.334:  10%|▉         | 193/2000 [02:30<22:48,  1.32it/s]Best trial: 112. Best value: 0.334:  10%|▉         | 193/2000 [02:30<22:48,  1.32it/s]Best trial: 112. Best value: 0.334:  10%|▉         | 194/2000 [02:30<22:37,  1.33it/s]
[I 2025-10-25 04:30:10,290] Trial 162 finished with value: 0.23200000000000004 and parameters: {'w_boll': 0.4271128205721131, 'w_rsi': 0.4522739546011993, 'w_mom': 0.14340252166494347, 'w_vwap': 0.6909089562173207, 'w_orb': 1.9910716250409135, 'w_ofi': 0.6502771861350111, 'w_vol': 1.7705881672616046, 'win_boll': 13, 'win_rsi': 7, 'win_mom': 3, 'win_vwap': 11, 'orb_opening_bars': 50, 'vol_window': 10}. Best is trial 112 with value: 0.33399999999999996.
Trial 163: ACCEPT (degrade -26.6%) - Eval: 0.282%, Val: 0.357%
[I 2025-10-25 04:30:11,049] Trial 163 finished with value: 0.28200000000000003 and parameters: {'w_boll': 0.41165997526474957, 'w_rsi': 0.4571639646472498, 'w_mom': 0.17706902849020642, 'w_vwap': 0.6896748932888105, 'w_orb': 1.9797178344075037, 'w_ofi': 0.7194871201863244, 'w_vol': 1.7598800062149837, 'win_boll': 13, 'win_rsi': 7, 'win_mom': 3, 'win_vwap': 11, 'orb_opening_bars': 50, 'vol_window': 10}. Best is trial 112 with value: 0.33399999999999996.
Trial 164: ACCEPT (degrade -9.8%) - Eval: 0.132%, Val: 0.145%
[I 2025-10-25 04:30:11,907] Trial 164 finished with value: 0.13199999999999998 and parameters: {'w_boll': 0.3981951085514876, 'w_rsi': 0.45963397192123717, 'w_mom': 0.17813942607852715, 'w_vwap': 0.6862744742179983, 'w_orb': 1.9806978942997202, 'w_ofi': 0.4845239520936235, 'w_vol': 1.6898264195551087, 'win_boll': 13, 'win_rsi': 9, 'win_mom': 3, 'win_vwap': 12, 'orb_opening_bars': 49, 'vol_window': 10}. Best is trial 112 with value: 0.33399999999999996.
Trial 165: ACCEPT (degrade -468.8%) - Eval: 0.048%, Val: 0.273%
[I 2025-10-25 04:30:12,673] Trial 165 finished with value: 0.047999999999999994 and parameters: {'w_boll': 0.5377758816452406, 'w_rsi': 0.48676646817034186, 'w_mom': 0.18374069242322597, 'w_vwap': 0.6805555159300368, 'w_orb': 1.9836004498818902, 'w_ofi': 0.4547139363748234, 'w_vol': 1.6882843076707905, 'win_boll': 13, 'win_rsi': 8, 'win_mom': 3, 'win_vwap': 13, 'orb_opening_bars': 50, 'vol_window': 10}. Best is trial 112 with value: 0.33399999999999996.
Trial 166: ACCEPT (degrade 0.0%) - Eval: -0.104%, Val: 0.363%
[I 2025-10-25 04:30:13,429] Trial 166 finished with value: -0.10400000000000001 and parameters: {'w_boll': 0.49609792536619957, 'w_rsi': 0.4434450198275958, 'w_mom': 0.1587735272393037, 'w_vwap': 0.6186383374081171, 'w_orb': 1.9928160060711626, 'w_ofi': 0.6684638726217926, 'w_vol': 1.765851326252095, 'win_boll': 10, 'win_rsi': 9, 'win_mom': 3, 'win_vwap': 12, 'orb_opening_bars': 13, 'vol_window': 12}. Best is trial 112 with value: 0.33399999999999996.
Trial 167: ACCEPT (degrade 0.0%) - Eval: -0.106%, Val: 0.094%
[I 2025-10-25 04:30:14,235] Trial 167 finished with value: -0.10599999999999998 and parameters: {'w_boll': 0.41626907564356164, 'w_rsi': 0.520430032951014, 'w_mom': 0.20115801222229468, 'w_vwap': 0.7214898432080356, 'w_orb': 1.9452657643116582, 'w_ofi': 0.3512802586819508, 'w_vol': 1.737679761911103, 'win_boll': 11, 'win_rsi': 15, 'win_mom': 3, 'win_vwap': 11, 'orb_opening_bars': 49, 'vol_window': 10}. Best is trial 112 with value: 0.33399999999999996.
Trial 168: ACCEPT (degrade 0.0%) - Eval: -0.196%, Val: 0.154%
[I 2025-10-25 04:30:14,967] Trial 168 finished with value: -0.196 and parameters: {'w_boll': 1.1991425176515447, 'w_rsi': 0.46078096693994475, 'w_mom': 0.11087246380542698, 'w_vwap': 0.5750712169766207, 'w_orb': 1.9915810309553434, 'w_ofi': 0.5826113587407962, 'w_vol': 1.8265210645734227, 'win_boll': 13, 'win_rsi': 6, 'win_mom': 3, 'win_vwap': 14, 'orb_opening_bars': 47, 'vol_window': 12}. Best is trial 112 with value: 0.33399999999999996.
Trial 169: ACCEPT (degrade 0.0%) - Eval: -0.412%, Val: 0.063%
[I 2025-10-25 04:30:15,708] Trial 169 finished with value: -0.41200000000000003 and parameters: {'w_boll': 0.4034327966023488, 'w_rsi': 0.5032738988986664, 'w_mom': 0.3244041760622511, 'w_vwap': 0.6756161722632877, 'w_orb': 1.9128890622089112, 'w_ofi': 0.5033951677210983, 'w_vol': 1.8490721611291008, 'win_boll': 14, 'win_rsi': 25, 'win_mom': 3, 'win_vwap': 12, 'orb_opening_bars': 48, 'vol_window': 10}. Best is trial 112 with value: 0.33399999999999996.
Trial 170: ACCEPT (degrade 4.2%) - Eval: 0.144%, Val: 0.138%
[I 2025-10-25 04:30:16,452] Trial 170 finished with value: 0.144 and parameters: {'w_boll': 0.4901279817690114, 'w_rsi': 0.6048953812097393, 'w_mom': 0.2214028124470097, 'w_vwap': 0.766663503277534, 'w_orb': 1.9584239158209005, 'w_ofi': 0.6086023473508957, 'w_vol': 1.7880477915320643, 'win_boll': 12, 'win_rsi': 7, 'win_mom': 3, 'win_vwap': 13, 'orb_opening_bars': 49, 'vol_window': 13}. Best is trial 112 with value: 0.33399999999999996.
Trial 171: REJECT (overfit 71.8%) - Eval: 0.170%, Val: 0.048%
[I 2025-10-25 04:30:17,237] Trial 171 finished with value: -999.0 and parameters: {'w_boll': 0.5035323803607973, 'w_rsi': 0.6035757459283175, 'w_mom': 0.22014119944588442, 'w_vwap': 0.7603748088747798, 'w_orb': 1.9537556551919735, 'w_ofi': 0.619096729977161, 'w_vol': 1.7748402742055112, 'win_boll': 12, 'win_rsi': 7, 'win_mom': 3, 'win_vwap': 13, 'orb_opening_bars': 49, 'vol_window': 13}. Best is trial 112 with value: 0.33399999999999996.
Trial 172: ACCEPT (degrade -287.5%) - Eval: 0.064%, Val: 0.248%
[I 2025-10-25 04:30:17,952] Trial 172 finished with value: 0.06400000000000002 and parameters: {'w_boll': 0.4566651053546269, 'w_rsi': 0.6687620973999129, 'w_mom': 0.1691382774307344, 'w_vwap': 0.7094983402369208, 'w_orb': 1.9991549124146253, 'w_ofi': 0.5255663263178835, 'w_vol': 1.723292504256006, 'win_boll': 12, 'win_rsi': 7, 'win_mom': 3, 'win_vwap': 13, 'orb_opening_bars': 50, 'vol_window': 12}. Best is trial 112 with value: 0.33399999999999996.
Trial 173: ACCEPT (degrade 0.0%) - Eval: -0.202%, Val: 0.127%
[I 2025-10-25 04:30:18,688] Trial 173 finished with value: -0.20199999999999996 and parameters: {'w_boll': 0.5518756374026401, 'w_rsi': 0.5392955039808931, 'w_mom': 0.10099299843980672, 'w_vwap': 0.6316300985598706, 'w_orb': 1.8059483464563995, 'w_ofi': 0.7325534793518252, 'w_vol': 1.7990060265166143, 'win_boll': 14, 'win_rsi': 21, 'win_mom': 3, 'win_vwap': 11, 'orb_opening_bars': 48, 'vol_window': 15}. Best is trial 112 with value: 0.33399999999999996.
Trial 174: ACCEPT (degrade -199.2%) - Eval: 0.118%, Val: 0.353%
[I 2025-10-25 04:30:19,424] Trial 174 finished with value: 0.11800000000000002 and parameters: {'w_boll': 0.4805480528915238, 'w_rsi': 0.46082103793547413, 'w_mom': 0.14171565154605642, 'w_vwap': 0.5313051816378447, 'w_orb': 1.9018694607386535, 'w_ofi': 0.6859432736298893, 'w_vol': 1.6580077123904686, 'win_boll': 13, 'win_rsi': 8, 'win_mom': 3, 'win_vwap': 12, 'orb_opening_bars': 49, 'vol_window': 14}. Best is trial 112 with value: 0.33399999999999996.
Trial 175: REJECT (overfit 32.5%) - Eval: 0.200%, Val: 0.135%
[I 2025-10-25 04:30:20,217] Trial 175 finished with value: -999.0 and parameters: {'w_boll': 0.607033464151367, 'w_rsi': 0.43913554934998583, 'w_mom': 0.2788923176661605, 'w_vwap': 0.6746570128317844, 'w_orb': 1.9562350982045213, 'w_ofi': 0.6011206998447376, 'w_vol': 1.8406816384242752, 'win_boll': 11, 'win_rsi': 7, 'win_mom': 4, 'win_vwap': 11, 'orb_opening_bars': 50, 'vol_window': 11}. Best is trial 112 with value: 0.33399999999999996.
Trial 176: REJECT (overfit 63.3%) - Eval: 0.166%, Val: 0.061%
[I 2025-10-25 04:30:20,935] Trial 176 finished with value: -999.0 and parameters: {'w_boll': 0.40145249112067777, 'w_rsi': 0.3727998974097874, 'w_mom': 0.212677950339893, 'w_vwap': 0.7578830698318766, 'w_orb': 1.7596943356318, 'w_ofi': 0.7454751230109371, 'w_vol': 1.9248646094780448, 'win_boll': 14, 'win_rsi': 6, 'win_mom': 3, 'win_vwap': 12, 'orb_opening_bars': 47, 'vol_window': 10}. Best is trial 112 with value: 0.33399999999999996.
Trial 177: ACCEPT (degrade 0.0%) - Eval: -0.092%, Val: 0.186%
[I 2025-10-25 04:30:21,673] Trial 177 finished with value: -0.09199999999999998 and parameters: {'w_boll': 0.4430474317829747, 'w_rsi': 0.6261219529554363, 'w_mom': 0.17864557568994466, 'w_vwap': 0.607990972974769, 'w_orb': 1.9226131724229945, 'w_ofi': 0.6518481835700867, 'w_vol': 1.787490211052059, 'win_boll': 15, 'win_rsi': 6, 'win_mom': 4, 'win_vwap': 14, 'orb_opening_bars': 49, 'vol_window': 12}. Best is trial 112 with value: 0.33399999999999996.
Trial 178: ACCEPT (degrade 0.0%) - Eval: -0.216%, Val: 0.046%                                                                                      Best trial: 112. Best value: 0.334:  10%|▉         | 194/2000 [02:31<22:37,  1.33it/s]Best trial: 112. Best value: 0.334:  10%|▉         | 194/2000 [02:31<22:37,  1.33it/s]Best trial: 112. Best value: 0.334:  10%|▉         | 195/2000 [02:31<22:35,  1.33it/s]                                                                                      Best trial: 112. Best value: 0.334:  10%|▉         | 195/2000 [02:31<22:35,  1.33it/s]Best trial: 112. Best value: 0.334:  10%|▉         | 195/2000 [02:31<22:35,  1.33it/s]Best trial: 112. Best value: 0.334:  10%|▉         | 196/2000 [02:31<22:53,  1.31it/s]                                                                                      Best trial: 112. Best value: 0.334:  10%|▉         | 196/2000 [02:32<22:53,  1.31it/s]Best trial: 112. Best value: 0.334:  10%|▉         | 196/2000 [02:32<22:53,  1.31it/s]Best trial: 112. Best value: 0.334:  10%|▉         | 197/2000 [02:32<22:25,  1.34it/s]                                                                                      Best trial: 112. Best value: 0.334:  10%|▉         | 197/2000 [02:33<22:25,  1.34it/s]Best trial: 112. Best value: 0.334:  10%|▉         | 197/2000 [02:33<22:25,  1.34it/s]Best trial: 112. Best value: 0.334:  10%|▉         | 198/2000 [02:33<22:20,  1.34it/s]                                                                                      Best trial: 112. Best value: 0.334:  10%|▉         | 198/2000 [02:34<22:20,  1.34it/s]Best trial: 112. Best value: 0.334:  10%|▉         | 198/2000 [02:34<22:20,  1.34it/s]Best trial: 112. Best value: 0.334:  10%|▉         | 199/2000 [02:34<22:21,  1.34it/s]                                                                                      Best trial: 112. Best value: 0.334:  10%|▉         | 199/2000 [02:34<22:21,  1.34it/s]Best trial: 112. Best value: 0.334:  10%|▉         | 199/2000 [02:34<22:21,  1.34it/s]Best trial: 112. Best value: 0.334:  10%|█         | 200/2000 [02:34<22:44,  1.32it/s]                                                                                      Best trial: 112. Best value: 0.334:  10%|█         | 200/2000 [02:35<22:44,  1.32it/s]Best trial: 112. Best value: 0.334:  10%|█         | 200/2000 [02:35<22:44,  1.32it/s]Best trial: 112. Best value: 0.334:  10%|█         | 201/2000 [02:35<22:29,  1.33it/s]                                                                                      Best trial: 112. Best value: 0.334:  10%|█         | 201/2000 [02:36<22:29,  1.33it/s]Best trial: 112. Best value: 0.334:  10%|█         | 201/2000 [02:36<22:29,  1.33it/s]Best trial: 112. Best value: 0.334:  10%|█         | 202/2000 [02:36<22:28,  1.33it/s]                                                                                      Best trial: 112. Best value: 0.334:  10%|█         | 202/2000 [02:37<22:28,  1.33it/s]Best trial: 112. Best value: 0.334:  10%|█         | 202/2000 [02:37<22:28,  1.33it/s]Best trial: 112. Best value: 0.334:  10%|█         | 203/2000 [02:37<22:21,  1.34it/s]                                                                                      Best trial: 112. Best value: 0.334:  10%|█         | 203/2000 [02:37<22:21,  1.34it/s]Best trial: 112. Best value: 0.334:  10%|█         | 203/2000 [02:37<22:21,  1.34it/s]Best trial: 112. Best value: 0.334:  10%|█         | 204/2000 [02:37<22:38,  1.32it/s]                                                                                      Best trial: 112. Best value: 0.334:  10%|█         | 204/2000 [02:38<22:38,  1.32it/s]Best trial: 112. Best value: 0.334:  10%|█         | 204/2000 [02:38<22:38,  1.32it/s]Best trial: 112. Best value: 0.334:  10%|█         | 205/2000 [02:38<22:20,  1.34it/s]                                                                                      Best trial: 112. Best value: 0.334:  10%|█         | 205/2000 [02:39<22:20,  1.34it/s]Best trial: 112. Best value: 0.334:  10%|█         | 205/2000 [02:39<22:20,  1.34it/s]Best trial: 112. Best value: 0.334:  10%|█         | 206/2000 [02:39<22:25,  1.33it/s]                                                                                      Best trial: 112. Best value: 0.334:  10%|█         | 206/2000 [02:40<22:25,  1.33it/s]Best trial: 112. Best value: 0.334:  10%|█         | 206/2000 [02:40<22:25,  1.33it/s]Best trial: 112. Best value: 0.334:  10%|█         | 207/2000 [02:40<22:21,  1.34it/s]                                                                                      Best trial: 112. Best value: 0.334:  10%|█         | 207/2000 [02:40<22:21,  1.34it/s]Best trial: 112. Best value: 0.334:  10%|█         | 207/2000 [02:40<22:21,  1.34it/s]Best trial: 112. Best value: 0.334:  10%|█         | 208/2000 [02:40<22:38,  1.32it/s]                                                                                      Best trial: 112. Best value: 0.334:  10%|█         | 208/2000 [02:41<22:38,  1.32it/s]Best trial: 112. Best value: 0.334:  10%|█         | 208/2000 [02:41<22:38,  1.32it/s]Best trial: 112. Best value: 0.334:  10%|█         | 209/2000 [02:41<22:25,  1.33it/s]                                                                                      Best trial: 112. Best value: 0.334:  10%|█         | 209/2000 [02:42<22:25,  1.33it/s]Best trial: 112. Best value: 0.334:  10%|█         | 209/2000 [02:42<22:25,  1.33it/s]Best trial: 112. Best value: 0.334:  10%|█         | 210/2000 [02:42<22:17,  1.34it/s]
[I 2025-10-25 04:30:22,420] Trial 178 finished with value: -0.21600000000000003 and parameters: {'w_boll': 1.39690623935455, 'w_rsi': 0.4916695063092149, 'w_mom': 0.25840855765064696, 'w_vwap': 0.7112535729369189, 'w_orb': 1.8510910767170912, 'w_ofi': 0.6935143568695424, 'w_vol': 1.8915711598596314, 'win_boll': 10, 'win_rsi': 7, 'win_mom': 3, 'win_vwap': 10, 'orb_opening_bars': 48, 'vol_window': 13}. Best is trial 112 with value: 0.33399999999999996.
Trial 179: REJECT (overfit 156.2%) - Eval: 0.112%, Val: -0.063%
[I 2025-10-25 04:30:23,153] Trial 179 finished with value: -999.0 and parameters: {'w_boll': 0.5190262314654522, 'w_rsi': 0.5695035915928849, 'w_mom': 0.1324558756537762, 'w_vwap': 0.7871273353095213, 'w_orb': 1.9690253486773839, 'w_ofi': 0.3866314537354807, 'w_vol': 1.6996146623800534, 'win_boll': 13, 'win_rsi': 5, 'win_mom': 4, 'win_vwap': 13, 'orb_opening_bars': 46, 'vol_window': 11}. Best is trial 112 with value: 0.33399999999999996.
Trial 180: ACCEPT (degrade 0.0%) - Eval: -0.284%, Val: 0.287%
[I 2025-10-25 04:30:23,870] Trial 180 finished with value: -0.284 and parameters: {'w_boll': 0.39347017149556185, 'w_rsi': 0.33870278518480856, 'w_mom': 1.9917748004440678, 'w_vwap': 0.6531486305674697, 'w_orb': 1.7092624005244426, 'w_ofi': 0.7561531867337882, 'w_vol': 1.9590713008351148, 'win_boll': 11, 'win_rsi': 8, 'win_mom': 19, 'win_vwap': 10, 'orb_opening_bars': 50, 'vol_window': 10}. Best is trial 112 with value: 0.33399999999999996.
Trial 181: REJECT (overfit 34.4%) - Eval: 0.384%, Val: 0.252%
[I 2025-10-25 04:30:24,623] Trial 181 finished with value: -999.0 and parameters: {'w_boll': 0.32234305242159245, 'w_rsi': 0.42389321935483076, 'w_mom': 0.2315173282680303, 'w_vwap': 0.8049530175796412, 'w_orb': 1.999290726854432, 'w_ofi': 0.5382716820539047, 'w_vol': 1.8532156832772024, 'win_boll': 17, 'win_rsi': 7, 'win_mom': 3, 'win_vwap': 11, 'orb_opening_bars': 49, 'vol_window': 11}. Best is trial 112 with value: 0.33399999999999996.
Trial 182: ACCEPT (degrade -718.8%) - Eval: 0.032%, Val: 0.262%
