[I 2025-10-25 04:39:01,512] Trial 860 finished with value: -999.0 and parameters: {'w_boll': 0.5747811480642606, 'w_rsi': 0.30339984594300284, 'w_mom': 1.9779375716823082, 'w_vwap': 0.6558172146900203, 'w_orb': 1.759147094353094, 'w_ofi': 0.47548098508815606, 'w_vol': 1.880483034001576, 'win_boll': 10, 'win_rsi': 27, 'win_mom': 6, 'win_vwap': 16, 'orb_opening_bars': 43, 'vol_window': 14}. Best is trial 112 with value: 0.33399999999999996.
Trial 861: ACCEPT (degrade 0.0%) - Eval: -0.046%, Val: 0.144%
[I 2025-10-25 04:39:02,257] Trial 861 finished with value: -0.045999999999999985 and parameters: {'w_boll': 0.4808489311139486, 'w_rsi': 0.23644245000846337, 'w_mom': 0.1815360090466196, 'w_vwap': 0.5197639663284612, 'w_orb': 1.1404649591969913, 'w_ofi': 0.5114998046659919, 'w_vol': 1.73225560451363, 'win_boll': 16, 'win_rsi': 7, 'win_mom': 13, 'win_vwap': 11, 'orb_opening_bars': 49, 'vol_window': 12}. Best is trial 112 with value: 0.33399999999999996.
Trial 862: ACCEPT (degrade -70.1%) - Eval: 0.224%, Val: 0.381%
[I 2025-10-25 04:39:02,978] Trial 862 finished with value: 0.22399999999999998 and parameters: {'w_boll': 0.44269938568197453, 'w_rsi': 0.339803682383812, 'w_mom': 0.1325236392088758, 'w_vwap': 0.5784331785335779, 'w_orb': 1.8524180452353836, 'w_ofi': 0.43138203722100543, 'w_vol': 1.812804309539772, 'win_boll': 12, 'win_rsi': 6, 'win_mom': 5, 'win_vwap': 12, 'orb_opening_bars': 48, 'vol_window': 13}. Best is trial 112 with value: 0.33399999999999996.
Trial 863: ACCEPT (degrade 0.0%) - Eval: -0.202%, Val: 0.164%
[I 2025-10-25 04:39:03,748] Trial 863 finished with value: -0.202 and parameters: {'w_boll': 0.32142630350350193, 'w_rsi': 0.397343854425687, 'w_mom': 0.22127754154934187, 'w_vwap': 0.6339903687306397, 'w_orb': 0.9556736729731179, 'w_ofi': 0.38805570649503135, 'w_vol': 1.7907434495234682, 'win_boll': 15, 'win_rsi': 9, 'win_mom': 3, 'win_vwap': 10, 'orb_opening_bars': 48, 'vol_window': 21}. Best is trial 112 with value: 0.33399999999999996.
Trial 864: ACCEPT (degrade 0.0%) - Eval: -0.168%, Val: 0.528%
[I 2025-10-25 04:39:04,514] Trial 864 finished with value: -0.16799999999999998 and parameters: {'w_boll': 0.5068443522475625, 'w_rsi': 0.2639446768485199, 'w_mom': 0.16714962749723566, 'w_vwap': 0.6748536450926848, 'w_orb': 1.8579532999287716, 'w_ofi': 1.7598337590386788, 'w_vol': 1.9369968027396498, 'win_boll': 29, 'win_rsi': 6, 'win_mom': 7, 'win_vwap': 13, 'orb_opening_bars': 49, 'vol_window': 10}. Best is trial 112 with value: 0.33399999999999996.
Trial 865: ACCEPT (degrade 0.0%) - Eval: -0.066%, Val: 0.238%
[I 2025-10-25 04:39:05,261] Trial 865 finished with value: -0.06600000000000002 and parameters: {'w_boll': 0.4209276351249496, 'w_rsi': 0.14075093390224855, 'w_mom': 0.2023328546616793, 'w_vwap': 0.6161663141861771, 'w_orb': 1.8055126946470081, 'w_ofi': 0.8195224274341069, 'w_vol': 0.36441113725944685, 'win_boll': 13, 'win_rsi': 7, 'win_mom': 10, 'win_vwap': 11, 'orb_opening_bars': 49, 'vol_window': 12}. Best is trial 112 with value: 0.33399999999999996.
Trial 866: ACCEPT (degrade -121.4%) - Eval: 0.098%, Val: 0.217%
[I 2025-10-25 04:39:06,022] Trial 866 finished with value: 0.098 and parameters: {'w_boll': 0.46497887314655273, 'w_rsi': 0.36223486700941643, 'w_mom': 0.1019491837007779, 'w_vwap': 0.8424156215101912, 'w_orb': 1.9976613228754527, 'w_ofi': 0.7607990273800401, 'w_vol': 1.680222615920118, 'win_boll': 14, 'win_rsi': 6, 'win_mom': 5, 'win_vwap': 14, 'orb_opening_bars': 50, 'vol_window': 11}. Best is trial 112 with value: 0.33399999999999996.
Trial 867: ACCEPT (degrade 0.0%) - Eval: -0.034%, Val: 0.137%
[I 2025-10-25 04:39:06,774] Trial 867 finished with value: -0.033999999999999996 and parameters: {'w_boll': 0.3607270027853872, 'w_rsi': 0.3005449114656478, 'w_mom': 0.2967225225181503, 'w_vwap': 0.6672539606460451, 'w_orb': 1.703098502457327, 'w_ofi': 0.336429511030254, 'w_vol': 1.850799813869764, 'win_boll': 11, 'win_rsi': 8, 'win_mom': 8, 'win_vwap': 12, 'orb_opening_bars': 48, 'vol_window': 13}. Best is trial 112 with value: 0.33399999999999996.
Trial 868: ACCEPT (degrade 14.8%) - Eval: 0.384%, Val: 0.327%
[I 2025-10-25 04:39:07,527] Trial 868 finished with value: 0.384 and parameters: {'w_boll': 0.39665394440920837, 'w_rsi': 0.21308718247612868, 'w_mom': 0.13736647493236706, 'w_vwap': 0.5564829883070328, 'w_orb': 1.8609340631015268, 'w_ofi': 0.530223254144654, 'w_vol': 1.910328773045719, 'win_boll': 12, 'win_rsi': 7, 'win_mom': 3, 'win_vwap': 10, 'orb_opening_bars': 49, 'vol_window': 10}. Best is trial 868 with value: 0.384.
Trial 869: ACCEPT (degrade 0.0%) - Eval: -0.032%, Val: 0.334%
[I 2025-10-25 04:39:08,272] Trial 869 finished with value: -0.031999999999999994 and parameters: {'w_boll': 0.2975065318537903, 'w_rsi': 0.10405190604979928, 'w_mom': 0.13161354580675336, 'w_vwap': 0.533198003773152, 'w_orb': 1.7854348857573699, 'w_ofi': 0.5485559787675824, 'w_vol': 1.9121427555624764, 'win_boll': 13, 'win_rsi': 7, 'win_mom': 5, 'win_vwap': 10, 'orb_opening_bars': 50, 'vol_window': 10}. Best is trial 868 with value: 0.384.
Trial 870: ACCEPT (degrade -2112.5%) - Eval: 0.008%, Val: 0.177%
[I 2025-10-25 04:39:09,043] Trial 870 finished with value: 0.007999999999999997 and parameters: {'w_boll': 0.32477974815126925, 'w_rsi': 0.17335729054287888, 'w_mom': 0.10079240302159426, 'w_vwap': 0.5182094063197157, 'w_orb': 1.8334315513077464, 'w_ofi': 0.5019506772661516, 'w_vol': 1.9600655493502572, 'win_boll': 13, 'win_rsi': 19, 'win_mom': 3, 'win_vwap': 38, 'orb_opening_bars': 50, 'vol_window': 10}. Best is trial 868 with value: 0.384.
Trial 871: ACCEPT (degrade -12.9%) - Eval: 0.210%, Val: 0.237%
[I 2025-10-25 04:39:09,813] Trial 871 finished with value: 0.21000000000000002 and parameters: {'w_boll': 0.3849636255897558, 'w_rsi': 0.1961110000493726, 'w_mom': 0.1452929468457466, 'w_vwap': 0.5636313214491634, 'w_orb': 1.8531352007911286, 'w_ofi': 0.488672294365433, 'w_vol': 1.9067519637271997, 'win_boll': 12, 'win_rsi': 6, 'win_mom': 3, 'win_vwap': 10, 'orb_opening_bars': 49, 'vol_window': 10}. Best is trial 868 with value: 0.384.
Trial 872: ACCEPT (degrade -43.1%) - Eval: 0.072%, Val: 0.103%
[I 2025-10-25 04:39:10,573] Trial 872 finished with value: 0.072 and parameters: {'w_boll': 0.3503534627078771, 'w_rsi': 0.23413764681313562, 'w_mom': 0.146423722400434, 'w_vwap': 0.5041064303453839, 'w_orb': 1.7793154486626326, 'w_ofi': 0.5375131666348956, 'w_vol': 1.9548013068435353, 'win_boll': 14, 'win_rsi': 5, 'win_mom': 3, 'win_vwap': 10, 'orb_opening_bars': 50, 'vol_window': 10}. Best is trial 868 with value: 0.384.
Trial 873: ACCEPT (degrade 0.0%) - Eval: -0.148%, Val: 0.214%
[I 2025-10-25 04:39:11,384] Trial 873 finished with value: -0.148 and parameters: {'w_boll': 0.2687816287556033, 'w_rsi': 0.1461280112011148, 'w_mom': 0.13621847845435123, 'w_vwap': 0.584613397104726, 'w_orb': 1.8248469293237954, 'w_ofi': 0.4583607559812218, 'w_vol': 1.8950811717176392, 'win_boll': 12, 'win_rsi': 7, 'win_mom': 5, 'win_vwap': 10, 'orb_opening_bars': 49, 'vol_window': 10}. Best is trial 868 with value: 0.384.Best trial: 868. Best value: 0.384:  44%|████▍     | 890/2000 [11:20<13:55,  1.33it/s]Best trial: 868. Best value: 0.384:  44%|████▍     | 890/2000 [11:20<13:55,  1.33it/s]Best trial: 868. Best value: 0.384:  45%|████▍     | 891/2000 [11:20<14:10,  1.30it/s]                                                                                      Best trial: 868. Best value: 0.384:  45%|████▍     | 891/2000 [11:21<14:10,  1.30it/s]Best trial: 868. Best value: 0.384:  45%|████▍     | 891/2000 [11:21<14:10,  1.30it/s]Best trial: 868. Best value: 0.384:  45%|████▍     | 892/2000 [11:21<13:57,  1.32it/s]                                                                                      Best trial: 868. Best value: 0.384:  45%|████▍     | 892/2000 [11:22<13:57,  1.32it/s]Best trial: 868. Best value: 0.384:  45%|████▍     | 892/2000 [11:22<13:57,  1.32it/s]Best trial: 868. Best value: 0.384:  45%|████▍     | 893/2000 [11:22<13:58,  1.32it/s]                                                                                      Best trial: 868. Best value: 0.384:  45%|████▍     | 893/2000 [11:23<13:58,  1.32it/s]Best trial: 868. Best value: 0.384:  45%|████▍     | 893/2000 [11:23<13:58,  1.32it/s]Best trial: 868. Best value: 0.384:  45%|████▍     | 894/2000 [11:23<13:53,  1.33it/s]                                                                                      Best trial: 868. Best value: 0.384:  45%|████▍     | 894/2000 [11:23<13:53,  1.33it/s]Best trial: 868. Best value: 0.384:  45%|████▍     | 894/2000 [11:23<13:53,  1.33it/s]Best trial: 868. Best value: 0.384:  45%|████▍     | 895/2000 [11:23<14:09,  1.30it/s]                                                                                      Best trial: 868. Best value: 0.384:  45%|████▍     | 895/2000 [11:24<14:09,  1.30it/s]Best trial: 868. Best value: 0.384:  45%|████▍     | 895/2000 [11:24<14:09,  1.30it/s]Best trial: 868. Best value: 0.384:  45%|████▍     | 896/2000 [11:24<13:58,  1.32it/s]                                                                                      Best trial: 868. Best value: 0.384:  45%|████▍     | 896/2000 [11:25<13:58,  1.32it/s]Best trial: 868. Best value: 0.384:  45%|████▍     | 896/2000 [11:25<13:58,  1.32it/s]Best trial: 868. Best value: 0.384:  45%|████▍     | 897/2000 [11:25<13:59,  1.31it/s]                                                                                      Best trial: 868. Best value: 0.384:  45%|████▍     | 897/2000 [11:26<13:59,  1.31it/s]Best trial: 868. Best value: 0.384:  45%|████▍     | 897/2000 [11:26<13:59,  1.31it/s]Best trial: 868. Best value: 0.384:  45%|████▍     | 898/2000 [11:26<13:53,  1.32it/s]                                                                                      Best trial: 868. Best value: 0.384:  45%|████▍     | 898/2000 [11:27<13:53,  1.32it/s]Best trial: 868. Best value: 0.384:  45%|████▍     | 898/2000 [11:27<13:53,  1.32it/s]Best trial: 868. Best value: 0.384:  45%|████▍     | 899/2000 [11:27<14:43,  1.25it/s]                                                                                      Best trial: 868. Best value: 0.384:  45%|████▍     | 899/2000 [11:27<14:43,  1.25it/s]Best trial: 868. Best value: 0.384:  45%|████▍     | 899/2000 [11:27<14:43,  1.25it/s]Best trial: 868. Best value: 0.384:  45%|████▌     | 900/2000 [11:27<14:23,  1.27it/s]                                                                                      Best trial: 868. Best value: 0.384:  45%|████▌     | 900/2000 [11:28<14:23,  1.27it/s]Best trial: 868. Best value: 0.384:  45%|████▌     | 900/2000 [11:28<14:23,  1.27it/s]Best trial: 868. Best value: 0.384:  45%|████▌     | 901/2000 [11:28<14:05,  1.30it/s]                                                                                      Best trial: 868. Best value: 0.384:  45%|████▌     | 901/2000 [11:29<14:05,  1.30it/s]Best trial: 868. Best value: 0.384:  45%|████▌     | 901/2000 [11:29<14:05,  1.30it/s]Best trial: 868. Best value: 0.384:  45%|████▌     | 902/2000 [11:29<13:59,  1.31it/s]                                                                                      Best trial: 868. Best value: 0.384:  45%|████▌     | 902/2000 [11:30<13:59,  1.31it/s]Best trial: 868. Best value: 0.384:  45%|████▌     | 902/2000 [11:30<13:59,  1.31it/s]Best trial: 868. Best value: 0.384:  45%|████▌     | 903/2000 [11:30<14:09,  1.29it/s]                                                                                      Best trial: 868. Best value: 0.384:  45%|████▌     | 903/2000 [11:30<14:09,  1.29it/s]Best trial: 868. Best value: 0.384:  45%|████▌     | 903/2000 [11:30<14:09,  1.29it/s]Best trial: 868. Best value: 0.384:  45%|████▌     | 904/2000 [11:30<14:11,  1.29it/s]                                                                                      Best trial: 868. Best value: 0.384:  45%|████▌     | 904/2000 [11:31<14:11,  1.29it/s]Best trial: 868. Best value: 0.384:  45%|████▌     | 904/2000 [11:31<14:11,  1.29it/s]Best trial: 868. Best value: 0.384:  45%|████▌     | 905/2000 [11:31<13:54,  1.31it/s]                                                                                      Best trial: 868. Best value: 0.384:  45%|████▌     | 905/2000 [11:32<13:54,  1.31it/s]Best trial: 868. Best value: 0.384:  45%|████▌     | 905/2000 [11:32<13:54,  1.31it/s]Best trial: 868. Best value: 0.384:  45%|████▌     | 906/2000 [11:32<13:48,  1.32it/s]                                                                                      Best trial: 868. Best value: 0.384:  45%|████▌     | 906/2000 [11:33<13:48,  1.32it/s]Best trial: 868. Best value: 0.384:  45%|████▌     | 906/2000 [11:33<13:48,  1.32it/s]Best trial: 868. Best value: 0.384:  45%|████▌     | 907/2000 [11:33<14:00,  1.30it/s]                                                                                      
Trial 874: REJECT (overfit 83.9%) - Eval: 0.186%, Val: 0.030%
[I 2025-10-25 04:39:12,169] Trial 874 finished with value: -999.0 and parameters: {'w_boll': 0.39365319517860275, 'w_rsi': 0.21083942767902808, 'w_mom': 0.1674173555581571, 'w_vwap': 0.541328450247817, 'w_orb': 1.858850077807827, 'w_ofi': 0.5184546582396593, 'w_vol': 1.9310605530331402, 'win_boll': 14, 'win_rsi': 6, 'win_mom': 6, 'win_vwap': 10, 'orb_opening_bars': 49, 'vol_window': 11}. Best is trial 868 with value: 0.384.
Trial 875: ACCEPT (degrade 0.0%) - Eval: -0.108%, Val: 0.183%
[I 2025-10-25 04:39:12,894] Trial 875 finished with value: -0.10800000000000001 and parameters: {'w_boll': 0.3373369879887771, 'w_rsi': 0.21714193969555412, 'w_mom': 1.4737028171083582, 'w_vwap': 0.5560100712546513, 'w_orb': 1.8831267586109128, 'w_ofi': 1.719253947887823, 'w_vol': 1.8865865709895422, 'win_boll': 13, 'win_rsi': 6, 'win_mom': 3, 'win_vwap': 20, 'orb_opening_bars': 42, 'vol_window': 10}. Best is trial 868 with value: 0.384.
Trial 876: REJECT (overfit 1250.0%) - Eval: 0.002%, Val: -0.023%
[I 2025-10-25 04:39:13,646] Trial 876 finished with value: -999.0 and parameters: {'w_boll': 0.4072792660705852, 'w_rsi': 0.16509493463488767, 'w_mom': 0.13033580009427337, 'w_vwap': 0.6018351043475211, 'w_orb': 1.8108897248035059, 'w_ofi': 0.46413948587333653, 'w_vol': 1.9683749928449805, 'win_boll': 15, 'win_rsi': 5, 'win_mom': 3, 'win_vwap': 11, 'orb_opening_bars': 50, 'vol_window': 23}. Best is trial 868 with value: 0.384.
Trial 877: ACCEPT (degrade 0.0%) - Eval: -0.024%, Val: 0.058%
[I 2025-10-25 04:39:14,394] Trial 877 finished with value: -0.024 and parameters: {'w_boll': 0.3629419857236645, 'w_rsi': 0.20119175095903097, 'w_mom': 0.17772311142101133, 'w_vwap': 1.3956765079534457, 'w_orb': 1.7446579712636372, 'w_ofi': 0.5480471595591063, 'w_vol': 1.9985298489181575, 'win_boll': 13, 'win_rsi': 7, 'win_mom': 4, 'win_vwap': 10, 'orb_opening_bars': 48, 'vol_window': 11}. Best is trial 868 with value: 0.384.
Trial 878: REJECT (overfit 81.1%) - Eval: 0.244%, Val: 0.046%
[I 2025-10-25 04:39:15,183] Trial 878 finished with value: -999.0 and parameters: {'w_boll': 0.4297555622602781, 'w_rsi': 0.2424022078453646, 'w_mom': 0.17786335317728175, 'w_vwap': 0.5045590071467068, 'w_orb': 0.7848456440554984, 'w_ofi': 0.4479199448885803, 'w_vol': 1.867355730243959, 'win_boll': 14, 'win_rsi': 8, 'win_mom': 4, 'win_vwap': 11, 'orb_opening_bars': 49, 'vol_window': 10}. Best is trial 868 with value: 0.384.
Trial 879: REJECT (overfit 462.5%) - Eval: 0.016%, Val: -0.058%
[I 2025-10-25 04:39:15,908] Trial 879 finished with value: -999.0 and parameters: {'w_boll': 0.7905509507338448, 'w_rsi': 0.2710899381680938, 'w_mom': 0.1313626421991764, 'w_vwap': 0.5709983784827182, 'w_orb': 1.884968878668764, 'w_ofi': 0.5177202647074962, 'w_vol': 1.934864463826662, 'win_boll': 12, 'win_rsi': 5, 'win_mom': 12, 'win_vwap': 11, 'orb_opening_bars': 41, 'vol_window': 11}. Best is trial 868 with value: 0.384.
Trial 880: ACCEPT (degrade 0.0%) - Eval: -0.006%, Val: 0.365%
[I 2025-10-25 04:39:16,655] Trial 880 finished with value: -0.006000000000000005 and parameters: {'w_boll': 0.2886519277518677, 'w_rsi': 0.23801526651618163, 'w_mom': 0.1310151178848678, 'w_vwap': 0.6269572910744046, 'w_orb': 1.841875729173534, 'w_ofi': 0.46723958017918943, 'w_vol': 1.9016299928426084, 'win_boll': 20, 'win_rsi': 6, 'win_mom': 10, 'win_vwap': 10, 'orb_opening_bars': 50, 'vol_window': 11}. Best is trial 868 with value: 0.384.
Trial 881: ACCEPT (degrade -59.8%) - Eval: 0.164%, Val: 0.262%
[I 2025-10-25 04:39:17,412] Trial 881 finished with value: 0.164 and parameters: {'w_boll': 0.38145120120548637, 'w_rsi': 0.26937821392540734, 'w_mom': 0.19938483801174806, 'w_vwap': 0.6420904399520987, 'w_orb': 1.7373232217957892, 'w_ofi': 0.5415562947221295, 'w_vol': 1.856802404573757, 'win_boll': 15, 'win_rsi': 13, 'win_mom': 4, 'win_vwap': 18, 'orb_opening_bars': 49, 'vol_window': 10}. Best is trial 868 with value: 0.384.
Trial 882: ACCEPT (degrade -40.4%) - Eval: 0.156%, Val: 0.219%
[I 2025-10-25 04:39:18,209] Trial 882 finished with value: 0.15599999999999997 and parameters: {'w_boll': 0.4187536217166002, 'w_rsi': 0.18103184546128331, 'w_mom': 0.16570575680024294, 'w_vwap': 0.5867061329218493, 'w_orb': 1.363206774801286, 'w_ofi': 0.392338902329933, 'w_vol': 1.9348531292773006, 'win_boll': 13, 'win_rsi': 7, 'win_mom': 7, 'win_vwap': 11, 'orb_opening_bars': 48, 'vol_window': 11}. Best is trial 868 with value: 0.384.
Trial 883: ACCEPT (degrade 0.0%) - Eval: -0.182%, Val: 0.372%
[I 2025-10-25 04:39:18,943] Trial 883 finished with value: -0.182 and parameters: {'w_boll': 0.33950020429164784, 'w_rsi': 0.138357999931586, 'w_mom': 0.10030829446931055, 'w_vwap': 0.6137607328025262, 'w_orb': 1.7763783411554535, 'w_ofi': 0.4983748317764182, 'w_vol': 1.8725826374095331, 'win_boll': 12, 'win_rsi': 6, 'win_mom': 3, 'win_vwap': 15, 'orb_opening_bars': 43, 'vol_window': 12}. Best is trial 868 with value: 0.384.
Trial 884: ACCEPT (degrade 0.0%) - Eval: -0.192%, Val: 0.046%
[I 2025-10-25 04:39:19,708] Trial 884 finished with value: -0.192 and parameters: {'w_boll': 0.4576245948975842, 'w_rsi': 0.22546295200237074, 'w_mom': 0.10072203915763038, 'w_vwap': 0.5412352358878465, 'w_orb': 1.871258108054695, 'w_ofi': 0.5845240229067075, 'w_vol': 1.8382449292857543, 'win_boll': 14, 'win_rsi': 8, 'win_mom': 8, 'win_vwap': 10, 'orb_opening_bars': 50, 'vol_window': 17}. Best is trial 868 with value: 0.384.
Trial 885: REJECT (overfit 38.2%) - Eval: 0.136%, Val: 0.084%
[I 2025-10-25 04:39:20,461] Trial 885 finished with value: -999.0 and parameters: {'w_boll': 0.3869873194657073, 'w_rsi': 0.2980004866148023, 'w_mom': 0.2087180764100997, 'w_vwap': 0.47327364368831515, 'w_orb': 1.0006398576983546, 'w_ofi': 0.9329053033386715, 'w_vol': 1.9679332361630153, 'win_boll': 16, 'win_rsi': 5, 'win_mom': 5, 'win_vwap': 17, 'orb_opening_bars': 47, 'vol_window': 10}. Best is trial 868 with value: 0.384.
Trial 886: ACCEPT (degrade -66.7%) - Eval: 0.084%, Val: 0.140%
[I 2025-10-25 04:39:21,251] Trial 886 finished with value: 0.084 and parameters: {'w_boll': 0.3015391649462601, 'w_rsi': 0.2594837170666441, 'w_mom': 0.166227347055296, 'w_vwap': 0.6647209240816464, 'w_orb': 1.818024007389094, 'w_ofi': 1.7795717053378008, 'w_vol': 1.8994319001733164, 'win_boll': 18, 'win_rsi': 7, 'win_mom': 3, 'win_vwap': 12, 'orb_opening_bars': 49, 'vol_window': 12}. Best is trial 868 with value: 0.384.
Trial 887: ACCEPT (degrade 0.0%) - Eval: -0.142%, Val: 0.177%
[I 2025-10-25 04:39:21,983] Trial 887 finished with value: -0.14200000000000002 and parameters: {'w_boll': 0.2000814068447055, 'w_rsi': 0.3005925569079835, 'w_mom': 0.14025533721346956, 'w_vwap': 0.6870295237602322, 'w_orb': 1.8792396528250706, 'w_ofi': 0.40975147298753195, 'w_vol': 1.8284159301169305, 'win_boll': 11, 'win_rsi': 6, 'win_mom': 4, 'win_vwap': 11, 'orb_opening_bars': 48, 'vol_window': 11}. Best is trial 868 with value: 0.384.
Trial 888: ACCEPT (degrade 0.0%) - Eval: -0.056%, Val: 0.216%
[I 2025-10-25 04:39:22,733] Trial 888 finished with value: -0.05599999999999997 and parameters: {'w_boll': 0.42089479120082085, 'w_rsi': 0.23183356476587577, 'w_mom': 0.22998466564173373, 'w_vwap': 0.5834956801670473, 'w_orb': 1.9009868544035857, 'w_ofi': 0.555564208705402, 'w_vol': 1.9656305225122843, 'win_boll': 39, 'win_rsi': 7, 'win_mom': 9, 'win_vwap': 16, 'orb_opening_bars': 50, 'vol_window': 20}. Best is trial 868 with value: 0.384.
Trial 889: ACCEPT (degrade 0.0%) - Eval: -0.006%, Val: 0.171%
[I 2025-10-25 04:39:23,482] Trial 889 finished with value: -0.005999999999999994 and parameters: {'w_boll': 0.34712599549496187, 'w_rsi': 0.17605150127653402, 'w_mom': 0.187095281452864, 'w_vwap': 0.6459960804056407, 'w_orb': 1.6812651070741063, 'w_ofi': 0.4448984937947273, 'w_vol': 1.8734371974819701, 'win_boll': 15, 'win_rsi': 5, 'win_mom': 3, 'win_vwap': 12, 'orb_opening_bars': 49, 'vol_window': 10}. Best is trial 868 with value: 0.384.
Trial 890: ACCEPT (degrade 0.0%) - Eval: -0.094%, Val: 0.064%
