[I 2025-10-25 04:50:06,600] Trial 1725 finished with value: 0.11399999999999999 and parameters: {'w_boll': 0.2773513078645021, 'w_rsi': 0.20971692229188577, 'w_mom': 0.9708707964511695, 'w_vwap': 0.8684863238849159, 'w_orb': 1.3713565883072243, 'w_ofi': 0.1687233423110992, 'w_vol': 1.8712453768515989, 'win_boll': 14, 'win_rsi': 7, 'win_mom': 4, 'win_vwap': 13, 'orb_opening_bars': 48, 'vol_window': 12}. Best is trial 868 with value: 0.384.
Trial 1726: ACCEPT (degrade -6.6%) - Eval: 0.244%, Val: 0.260%
[I 2025-10-25 04:50:07,362] Trial 1726 finished with value: 0.244 and parameters: {'w_boll': 0.5179601251985184, 'w_rsi': 0.42486033394570694, 'w_mom': 1.2098100552601778, 'w_vwap': 0.822540367587989, 'w_orb': 1.9017635538282325, 'w_ofi': 1.8673678032968861, 'w_vol': 1.940160729764417, 'win_boll': 12, 'win_rsi': 6, 'win_mom': 7, 'win_vwap': 50, 'orb_opening_bars': 27, 'vol_window': 11}. Best is trial 868 with value: 0.384.
Trial 1727: ACCEPT (degrade -75.0%) - Eval: 0.100%, Val: 0.175%
[I 2025-10-25 04:50:08,115] Trial 1727 finished with value: 0.09999999999999999 and parameters: {'w_boll': 0.31429156391499835, 'w_rsi': 0.335687095865202, 'w_mom': 0.16620240038416922, 'w_vwap': 0.624908568948727, 'w_orb': 1.8521710086608911, 'w_ofi': 0.5039328174020371, 'w_vol': 1.970447927445154, 'win_boll': 15, 'win_rsi': 5, 'win_mom': 3, 'win_vwap': 11, 'orb_opening_bars': 49, 'vol_window': 13}. Best is trial 868 with value: 0.384.
Trial 1728: REJECT (overfit 170.0%) - Eval: 0.090%, Val: -0.063%
[I 2025-10-25 04:50:08,888] Trial 1728 finished with value: -999.0 and parameters: {'w_boll': 0.626581121280049, 'w_rsi': 0.3028150450874914, 'w_mom': 1.3114983148415573, 'w_vwap': 0.7151537575428306, 'w_orb': 1.961645252282681, 'w_ofi': 0.815516533467533, 'w_vol': 1.7506369360297762, 'win_boll': 10, 'win_rsi': 8, 'win_mom': 3, 'win_vwap': 14, 'orb_opening_bars': 28, 'vol_window': 10}. Best is trial 868 with value: 0.384.
Trial 1729: ACCEPT (degrade -26.8%) - Eval: 0.056%, Val: 0.071%
[I 2025-10-25 04:50:09,643] Trial 1729 finished with value: 0.05599999999999998 and parameters: {'w_boll': 0.39874716858835707, 'w_rsi': 0.12778321925589123, 'w_mom': 1.5253601831440775, 'w_vwap': 0.6578432396826027, 'w_orb': 1.9992970609916934, 'w_ofi': 1.999755892216428, 'w_vol': 1.8195053812734299, 'win_boll': 17, 'win_rsi': 7, 'win_mom': 5, 'win_vwap': 12, 'orb_opening_bars': 47, 'vol_window': 27}. Best is trial 868 with value: 0.384.
Trial 1730: ACCEPT (degrade -51.0%) - Eval: 0.202%, Val: 0.305%
[I 2025-10-25 04:50:10,406] Trial 1730 finished with value: 0.202 and parameters: {'w_boll': 0.24458823590613443, 'w_rsi': 0.3772055964262353, 'w_mom': 1.074876875273549, 'w_vwap': 0.7481054010313847, 'w_orb': 1.9305664610872368, 'w_ofi': 1.9145916521399133, 'w_vol': 1.8892512574558495, 'win_boll': 13, 'win_rsi': 6, 'win_mom': 7, 'win_vwap': 17, 'orb_opening_bars': 49, 'vol_window': 12}. Best is trial 868 with value: 0.384.
Trial 1731: ACCEPT (degrade 0.0%) - Eval: -0.014%, Val: 0.129%
[I 2025-10-25 04:50:11,179] Trial 1731 finished with value: -0.014000000000000004 and parameters: {'w_boll': 0.34478784458891987, 'w_rsi': 1.9633057375456926, 'w_mom': 0.2956018043828147, 'w_vwap': 0.7892854643279301, 'w_orb': 1.8762554981045267, 'w_ofi': 0.3752969866709469, 'w_vol': 1.843607191220466, 'win_boll': 16, 'win_rsi': 6, 'win_mom': 13, 'win_vwap': 10, 'orb_opening_bars': 48, 'vol_window': 11}. Best is trial 868 with value: 0.384.
Trial 1732: REJECT (overfit 67.3%) - Eval: 0.324%, Val: 0.106%
[I 2025-10-25 04:50:11,937] Trial 1732 finished with value: -999.0 and parameters: {'w_boll': 0.41414623863035877, 'w_rsi': 0.23439602619854477, 'w_mom': 0.2220815770546078, 'w_vwap': 1.8698243923651763, 'w_orb': 1.4893347139610014, 'w_ofi': 1.3020976658227439, 'w_vol': 1.347282568560543, 'win_boll': 12, 'win_rsi': 5, 'win_mom': 6, 'win_vwap': 13, 'orb_opening_bars': 50, 'vol_window': 11}. Best is trial 868 with value: 0.384.
Trial 1733: ACCEPT (degrade -141.7%) - Eval: 0.144%, Val: 0.348%
[I 2025-10-25 04:50:12,699] Trial 1733 finished with value: 0.14400000000000002 and parameters: {'w_boll': 0.2849372606716237, 'w_rsi': 0.4467277915660543, 'w_mom': 1.2503366969814256, 'w_vwap': 0.6889508904194819, 'w_orb': 1.8169746679807361, 'w_ofi': 0.438399329457637, 'w_vol': 1.7799507617001007, 'win_boll': 15, 'win_rsi': 7, 'win_mom': 4, 'win_vwap': 15, 'orb_opening_bars': 49, 'vol_window': 14}. Best is trial 868 with value: 0.384.
Trial 1734: ACCEPT (degrade 0.0%) - Eval: -0.176%, Val: 0.106%
[I 2025-10-25 04:50:13,453] Trial 1734 finished with value: -0.176 and parameters: {'w_boll': 0.3644573057151671, 'w_rsi': 0.18493985527890477, 'w_mom': 0.14664223786427294, 'w_vwap': 0.5995911793312608, 'w_orb': 1.907971786493464, 'w_ofi': 1.9377020061181554, 'w_vol': 1.9061770197081747, 'win_boll': 14, 'win_rsi': 6, 'win_mom': 8, 'win_vwap': 16, 'orb_opening_bars': 47, 'vol_window': 36}. Best is trial 868 with value: 0.384.
Trial 1735: ACCEPT (degrade -118.7%) - Eval: 0.080%, Val: 0.175%
[I 2025-10-25 04:50:14,215] Trial 1735 finished with value: 0.08 and parameters: {'w_boll': 0.4613851922376839, 'w_rsi': 0.5258887764076788, 'w_mom': 0.18594461972241, 'w_vwap': 0.5561225297216541, 'w_orb': 1.6783829822401108, 'w_ofi': 0.6216161856595056, 'w_vol': 1.6512129979717816, 'win_boll': 11, 'win_rsi': 7, 'win_mom': 3, 'win_vwap': 12, 'orb_opening_bars': 31, 'vol_window': 13}. Best is trial 868 with value: 0.384.
Trial 1736: ACCEPT (degrade 0.0%) - Eval: -0.260%, Val: 0.207%
[I 2025-10-25 04:50:14,984] Trial 1736 finished with value: -0.25999999999999995 and parameters: {'w_boll': 0.16261806470663664, 'w_rsi': 0.2860672887334335, 'w_mom': 0.25961572773026703, 'w_vwap': 0.7170629081357551, 'w_orb': 1.9463494765618077, 'w_ofi': 1.963190166900625, 'w_vol': 0.2534350032212731, 'win_boll': 14, 'win_rsi': 5, 'win_mom': 6, 'win_vwap': 11, 'orb_opening_bars': 48, 'vol_window': 10}. Best is trial 868 with value: 0.384.
Trial 1737: ACCEPT (degrade 13.6%) - Eval: 0.140%, Val: 0.121%
[I 2025-10-25 04:50:15,741] Trial 1737 finished with value: 0.14 and parameters: {'w_boll': 0.32710782670594923, 'w_rsi': 0.4027129796874793, 'w_mom': 1.3413409411826198, 'w_vwap': 0.8426459272007791, 'w_orb': 1.8663802440185626, 'w_ofi': 1.1626418119029125, 'w_vol': 1.8604332869173796, 'win_boll': 13, 'win_rsi': 8, 'win_mom': 4, 'win_vwap': 33, 'orb_opening_bars': 50, 'vol_window': 11}. Best is trial 868 with value: 0.384.
Trial 1738: ACCEPT (degrade -47.2%) - Eval: 0.072%, Val: 0.106%
[I 2025-10-25 04:50:16,507] Trial 1738 finished with value: 0.072 and parameters: {'w_boll': 0.42245974374141243, 'w_rsi': 0.3433079608732704, 'w_mom': 1.2855838558067019, 'w_vwap': 0.9195758502611437, 'w_orb': 1.7591291057755538, 'w_ofi': 0.6951217750588321, 'w_vol': 1.9379124783954313, 'win_boll': 15, 'win_rsi': 6, 'win_mom': 5, 'win_vwap': 14, 'orb_opening_bars': 49, 'vol_window': 12}. Best is trial 868 with value: 0.384.
Trial 1739: ACCEPT (degrade -4933.3%) - Eval: 0.006%, Val: 0.302%
[I 2025-10-25 04:50:17,265] Trial 1739 finished with value: 0.006 and parameters: {'w_boll': 0.22882811702346534, 'w_rsi': 0.2717021371879497, 'w_mom': 1.4104226195346015, 'w_vwap': 0.6387473192805205, 'w_orb': 1.8491429244302648, 'w_ofi': 1.7721280057317368, 'w_vol': 1.8267440298509565, 'win_boll': 12, 'win_rsi': 5, 'win_mom': 4, 'win_vwap': 18, 'orb_opening_bars': 50, 'vol_window': 13}. Best is trial 868 with value: 0.384.
Trial 1740: ACCEPT (degrade 0.0%) - Eval: -0.082%, Val: 0.301%
[I 2025-10-25 04:50:18,029] Trial 1740 finished with value: -0.082 and parameters: {'w_boll': 0.3764695473134654, 'w_rsi': 1.3089607057082335, 'w_mom': 1.1804594157853592, 'w_vwap': 0.7740970700830077, 'w_orb': 1.9587558857201008, 'w_ofi': 0.47121029184891855, 'w_vol': 1.7258703437407243, 'win_boll': 14, 'win_rsi': 9, 'win_mom': 3, 'win_vwap': 13, 'orb_opening_bars': 46, 'vol_window': 12}. Best is trial 868 with value: 0.384.Best trial: 868. Best value: 0.384:  88%|████████▊ | 1757/2000 [22:27<03:11,  1.27it/s]Best trial: 868. Best value: 0.384:  88%|████████▊ | 1757/2000 [22:27<03:11,  1.27it/s]Best trial: 868. Best value: 0.384:  88%|████████▊ | 1758/2000 [22:27<03:08,  1.28it/s]                                                                                       Best trial: 868. Best value: 0.384:  88%|████████▊ | 1758/2000 [22:28<03:08,  1.28it/s]Best trial: 868. Best value: 0.384:  88%|████████▊ | 1758/2000 [22:28<03:08,  1.28it/s]Best trial: 868. Best value: 0.384:  88%|████████▊ | 1759/2000 [22:28<03:04,  1.31it/s]                                                                                       Best trial: 868. Best value: 0.384:  88%|████████▊ | 1759/2000 [22:29<03:04,  1.31it/s]Best trial: 868. Best value: 0.384:  88%|████████▊ | 1759/2000 [22:29<03:04,  1.31it/s]Best trial: 868. Best value: 0.384:  88%|████████▊ | 1760/2000 [22:29<03:02,  1.31it/s]                                                                                       Best trial: 868. Best value: 0.384:  88%|████████▊ | 1760/2000 [22:30<03:02,  1.31it/s]Best trial: 868. Best value: 0.384:  88%|████████▊ | 1760/2000 [22:30<03:02,  1.31it/s]Best trial: 868. Best value: 0.384:  88%|████████▊ | 1761/2000 [22:30<03:04,  1.29it/s]                                                                                       Best trial: 868. Best value: 0.384:  88%|████████▊ | 1761/2000 [22:30<03:04,  1.29it/s]Best trial: 868. Best value: 0.384:  88%|████████▊ | 1761/2000 [22:30<03:04,  1.29it/s]Best trial: 868. Best value: 0.384:  88%|████████▊ | 1762/2000 [22:30<03:02,  1.30it/s]                                                                                       Best trial: 868. Best value: 0.384:  88%|████████▊ | 1762/2000 [22:31<03:02,  1.30it/s]Best trial: 868. Best value: 0.384:  88%|████████▊ | 1762/2000 [22:31<03:02,  1.30it/s]Best trial: 868. Best value: 0.384:  88%|████████▊ | 1763/2000 [22:31<02:59,  1.32it/s]                                                                                       Best trial: 868. Best value: 0.384:  88%|████████▊ | 1763/2000 [22:32<02:59,  1.32it/s]Best trial: 868. Best value: 0.384:  88%|████████▊ | 1763/2000 [22:32<02:59,  1.32it/s]Best trial: 868. Best value: 0.384:  88%|████████▊ | 1764/2000 [22:32<02:58,  1.32it/s]                                                                                       Best trial: 868. Best value: 0.384:  88%|████████▊ | 1764/2000 [22:33<02:58,  1.32it/s]Best trial: 868. Best value: 0.384:  88%|████████▊ | 1764/2000 [22:33<02:58,  1.32it/s]Best trial: 868. Best value: 0.384:  88%|████████▊ | 1765/2000 [22:33<03:00,  1.30it/s]                                                                                       Best trial: 868. Best value: 0.384:  88%|████████▊ | 1765/2000 [22:33<03:00,  1.30it/s]Best trial: 868. Best value: 0.384:  88%|████████▊ | 1765/2000 [22:33<03:00,  1.30it/s]Best trial: 868. Best value: 0.384:  88%|████████▊ | 1766/2000 [22:33<03:02,  1.28it/s]                                                                                       Best trial: 868. Best value: 0.384:  88%|████████▊ | 1766/2000 [22:34<03:02,  1.28it/s]Best trial: 868. Best value: 0.384:  88%|████████▊ | 1766/2000 [22:34<03:02,  1.28it/s]Best trial: 868. Best value: 0.384:  88%|████████▊ | 1767/2000 [22:34<02:59,  1.30it/s]                                                                                       Best trial: 868. Best value: 0.384:  88%|████████▊ | 1767/2000 [22:35<02:59,  1.30it/s]Best trial: 868. Best value: 0.384:  88%|████████▊ | 1767/2000 [22:35<02:59,  1.30it/s]Best trial: 868. Best value: 0.384:  88%|████████▊ | 1768/2000 [22:35<02:57,  1.31it/s]                                                                                       Best trial: 868. Best value: 0.384:  88%|████████▊ | 1768/2000 [22:36<02:57,  1.31it/s]Best trial: 868. Best value: 0.384:  88%|████████▊ | 1768/2000 [22:36<02:57,  1.31it/s]Best trial: 868. Best value: 0.384:  88%|████████▊ | 1769/2000 [22:36<02:58,  1.30it/s]                                                                                       Best trial: 868. Best value: 0.384:  88%|████████▊ | 1769/2000 [22:36<02:58,  1.30it/s]Best trial: 868. Best value: 0.384:  88%|████████▊ | 1769/2000 [22:36<02:58,  1.30it/s]Best trial: 868. Best value: 0.384:  88%|████████▊ | 1770/2000 [22:36<02:56,  1.30it/s]                                                                                       Best trial: 868. Best value: 0.384:  88%|████████▊ | 1770/2000 [22:37<02:56,  1.30it/s]Best trial: 868. Best value: 0.384:  88%|████████▊ | 1770/2000 [22:37<02:56,  1.30it/s]Best trial: 868. Best value: 0.384:  89%|████████▊ | 1771/2000 [22:37<02:53,  1.32it/s]                                                                                       Best trial: 868. Best value: 0.384:  89%|████████▊ | 1771/2000 [22:38<02:53,  1.32it/s]Best trial: 868. Best value: 0.384:  89%|████████▊ | 1771/2000 [22:38<02:53,  1.32it/s]Best trial: 868. Best value: 0.384:  89%|████████▊ | 1772/2000 [22:38<02:52,  1.32it/s]                                                                                       Best trial: 868. Best value: 0.384:  89%|████████▊ | 1772/2000 [22:39<02:52,  1.32it/s]Best trial: 868. Best value: 0.384:  89%|████████▊ | 1772/2000 [22:39<02:52,  1.32it/s]Best trial: 868. Best value: 0.384:  89%|████████▊ | 1773/2000 [22:39<02:54,  1.30it/s]                                                                                       Best trial: 868. Best value: 0.384:  89%|████████▊ | 1773/2000 [22:39<02:54,  1.30it/s]Best trial: 868. Best value: 0.384:  89%|████████▊ | 1773/2000 [22:39<02:54,  1.30it/s]Best trial: 868. Best value: 0.384:  89%|████████▊ | 1774/2000 [22:39<02:53,  1.30it/s]                                                                                       
Trial 1741: ACCEPT (degrade 0.0%) - Eval: -0.150%, Val: 0.060%
[I 2025-10-25 04:50:18,781] Trial 1741 finished with value: -0.15 and parameters: {'w_boll': 0.28815627221579665, 'w_rsi': 0.48045299763327354, 'w_mom': 0.2019177254867522, 'w_vwap': 0.670458895165193, 'w_orb': 1.9089191973587993, 'w_ofi': 1.4218276759033786, 'w_vol': 1.780770276242191, 'win_boll': 16, 'win_rsi': 6, 'win_mom': 6, 'win_vwap': 12, 'orb_opening_bars': 48, 'vol_window': 10}. Best is trial 868 with value: 0.384.
Trial 1742: REJECT (overfit 809.1%) - Eval: 0.022%, Val: -0.156%
[I 2025-10-25 04:50:19,541] Trial 1742 finished with value: -999.0 and parameters: {'w_boll': 0.5269320721833624, 'w_rsi': 0.3136216309006293, 'w_mom': 0.14366423403379003, 'w_vwap': 0.7433548751185696, 'w_orb': 1.793044813249295, 'w_ofi': 1.8325758631158966, 'w_vol': 1.915248076021634, 'win_boll': 10, 'win_rsi': 14, 'win_mom': 3, 'win_vwap': 10, 'orb_opening_bars': 49, 'vol_window': 11}. Best is trial 868 with value: 0.384.
Trial 1743: ACCEPT (degrade 0.0%) - Eval: -0.224%, Val: 0.352%
[I 2025-10-25 04:50:20,302] Trial 1743 finished with value: -0.22400000000000003 and parameters: {'w_boll': 0.33139900692962787, 'w_rsi': 0.21478137194673802, 'w_mom': 0.2556269234189432, 'w_vwap': 0.7938708790272317, 'w_orb': 1.9650224826394445, 'w_ofi': 0.5386793919074433, 'w_vol': 1.9668350984246221, 'win_boll': 46, 'win_rsi': 7, 'win_mom': 5, 'win_vwap': 15, 'orb_opening_bars': 33, 'vol_window': 25}. Best is trial 868 with value: 0.384.
Trial 1744: REJECT (overfit 33.1%) - Eval: 0.172%, Val: 0.115%
[I 2025-10-25 04:50:21,092] Trial 1744 finished with value: -999.0 and parameters: {'w_boll': 0.43443386218973534, 'w_rsi': 0.41257837420538346, 'w_mom': 1.2427725516888186, 'w_vwap': 0.51553300925792, 'w_orb': 1.8835181199403352, 'w_ofi': 0.40424486356066996, 'w_vol': 1.8833315579467478, 'win_boll': 13, 'win_rsi': 6, 'win_mom': 10, 'win_vwap': 31, 'orb_opening_bars': 48, 'vol_window': 12}. Best is trial 868 with value: 0.384.
Trial 1745: ACCEPT (degrade -27.3%) - Eval: 0.066%, Val: 0.084%
[I 2025-10-25 04:50:21,841] Trial 1745 finished with value: 0.066 and parameters: {'w_boll': 0.24744204014828242, 'w_rsi': 0.3690737435026359, 'w_mom': 0.3328607332243137, 'w_vwap': 0.7041727991696257, 'w_orb': 1.927661687306911, 'w_ofi': 0.5859639265892148, 'w_vol': 1.8376316957009966, 'win_boll': 11, 'win_rsi': 5, 'win_mom': 4, 'win_vwap': 14, 'orb_opening_bars': 50, 'vol_window': 11}. Best is trial 868 with value: 0.384.
Trial 1746: ACCEPT (degrade 0.0%) - Eval: -0.094%, Val: 0.263%
[I 2025-10-25 04:50:22,618] Trial 1746 finished with value: -0.094 and parameters: {'w_boll': 0.48293679842432374, 'w_rsi': 0.25627014397483405, 'w_mom': 1.3747130728073227, 'w_vwap': 0.5756197233846552, 'w_orb': 1.7276617667003622, 'w_ofi': 0.3571259751610485, 'w_vol': 1.696005030081939, 'win_boll': 14, 'win_rsi': 7, 'win_mom': 8, 'win_vwap': 11, 'orb_opening_bars': 32, 'vol_window': 15}. Best is trial 868 with value: 0.384.
Trial 1747: ACCEPT (degrade -259.6%) - Eval: 0.094%, Val: 0.338%
[I 2025-10-25 04:50:23,385] Trial 1747 finished with value: 0.09400000000000001 and parameters: {'w_boll': 0.3683844124695325, 'w_rsi': 0.1657760230366519, 'w_mom': 0.12681642755054423, 'w_vwap': 0.6184869177039198, 'w_orb': 1.2541332004104402, 'w_ofi': 1.8933881212803176, 'w_vol': 1.8628193835981408, 'win_boll': 15, 'win_rsi': 6, 'win_mom': 5, 'win_vwap': 12, 'orb_opening_bars': 29, 'vol_window': 12}. Best is trial 868 with value: 0.384.
Trial 1748: REJECT (overfit 13000.0%) - Eval: 0.002%, Val: -0.258%
[I 2025-10-25 04:50:24,191] Trial 1748 finished with value: -999.0 and parameters: {'w_boll': 1.9293065865206191, 'w_rsi': 0.5011763292544733, 'w_mom': 1.3281820788654461, 'w_vwap': 0.6637917787796099, 'w_orb': 1.4175894849892117, 'w_ofi': 0.7251952455309557, 'w_vol': 1.7865260335188093, 'win_boll': 12, 'win_rsi': 8, 'win_mom': 4, 'win_vwap': 13, 'orb_opening_bars': 47, 'vol_window': 10}. Best is trial 868 with value: 0.384.
Trial 1749: ACCEPT (degrade -191.3%) - Eval: 0.092%, Val: 0.268%
[I 2025-10-25 04:50:24,929] Trial 1749 finished with value: 0.09199999999999998 and parameters: {'w_boll': 0.31652576385571085, 'w_rsi': 0.3336857614699572, 'w_mom': 0.10083867554488733, 'w_vwap': 0.8310559276988878, 'w_orb': 1.8437602839892078, 'w_ofi': 0.8727917064349852, 'w_vol': 1.9124172452491126, 'win_boll': 17, 'win_rsi': 6, 'win_mom': 3, 'win_vwap': 15, 'orb_opening_bars': 26, 'vol_window': 13}. Best is trial 868 with value: 0.384.
Trial 1750: ACCEPT (degrade -384.7%) - Eval: 0.072%, Val: 0.349%
[I 2025-10-25 04:50:25,691] Trial 1750 finished with value: 0.072 and parameters: {'w_boll': 0.20954495649405203, 'w_rsi': 1.0472696514661224, 'w_mom': 0.226340863318492, 'w_vwap': 0.7193197745352162, 'w_orb': 1.9673199676642756, 'w_ofi': 1.9621005890710324, 'w_vol': 0.9966793086249087, 'win_boll': 13, 'win_rsi': 7, 'win_mom': 6, 'win_vwap': 21, 'orb_opening_bars': 49, 'vol_window': 11}. Best is trial 868 with value: 0.384.
Trial 1751: ACCEPT (degrade 0.0%) - Eval: -0.016%, Val: 0.046%
[I 2025-10-25 04:50:26,448] Trial 1751 finished with value: -0.016000000000000014 and parameters: {'w_boll': 0.4070313155475219, 'w_rsi': 0.4520263247813892, 'w_mom': 0.17800406793375317, 'w_vwap': 0.8927203261245183, 'w_orb': 1.9218954070739271, 'w_ofi': 0.4516171541780816, 'w_vol': 1.9701178922388278, 'win_boll': 12, 'win_rsi': 5, 'win_mom': 7, 'win_vwap': 11, 'orb_opening_bars': 45, 'vol_window': 10}. Best is trial 868 with value: 0.384.
Trial 1752: REJECT (overfit 0.0%) - Eval: -0.020%, Val: -0.143%
[I 2025-10-25 04:50:27,235] Trial 1752 finished with value: -999.0 and parameters: {'w_boll': 0.5668971200307911, 'w_rsi': 0.38064692195530986, 'w_mom': 1.2678060345367013, 'w_vwap': 0.7593601463435445, 'w_orb': 1.9994925481876777, 'w_ofi': 1.103368537283481, 'w_vol': 1.8150536398270705, 'win_boll': 11, 'win_rsi': 7, 'win_mom': 3, 'win_vwap': 16, 'orb_opening_bars': 48, 'vol_window': 23}. Best is trial 868 with value: 0.384.
Trial 1753: REJECT (overfit 45.1%) - Eval: 0.144%, Val: 0.079%
[I 2025-10-25 04:50:27,989] Trial 1753 finished with value: -999.0 and parameters: {'w_boll': 0.2797429333414956, 'w_rsi': 0.29260806859531896, 'w_mom': 1.4378254244300173, 'w_vwap': 0.6742433714729259, 'w_orb': 1.5806000758395202, 'w_ofi': 1.9271035685282858, 'w_vol': 1.8793196133702523, 'win_boll': 15, 'win_rsi': 5, 'win_mom': 4, 'win_vwap': 10, 'orb_opening_bars': 47, 'vol_window': 14}. Best is trial 868 with value: 0.384.
Trial 1754: ACCEPT (degrade -11.2%) - Eval: 0.268%, Val: 0.298%
[I 2025-10-25 04:50:28,743] Trial 1754 finished with value: 0.26799999999999996 and parameters: {'w_boll': 0.34816444466215546, 'w_rsi': 0.23006773483333093, 'w_mom': 0.5743058133597877, 'w_vwap': 0.6148867479883022, 'w_orb': 1.891762681174837, 'w_ofi': 1.8593483266232331, 'w_vol': 1.9996563837125578, 'win_boll': 14, 'win_rsi': 6, 'win_mom': 6, 'win_vwap': 12, 'orb_opening_bars': 30, 'vol_window': 12}. Best is trial 868 with value: 0.384.
Trial 1755: ACCEPT (degrade -218.6%) - Eval: 0.086%, Val: 0.274%
[I 2025-10-25 04:50:29,498] Trial 1755 finished with value: 0.086 and parameters: {'w_boll': 0.3280369572781927, 'w_rsi': 0.18826933303015717, 'w_mom': 0.6014713146780629, 'w_vwap': 0.6324123362383175, 'w_orb': 1.8419289216501316, 'w_ofi': 1.9278704433572886, 'w_vol': 1.9897363251983924, 'win_boll': 15, 'win_rsi': 8, 'win_mom': 6, 'win_vwap': 11, 'orb_opening_bars': 30, 'vol_window': 13}. Best is trial 868 with value: 0.384.
Trial 1756: ACCEPT (degrade 0.0%) - Eval: -0.272%, Val: 0.290%
[I 2025-10-25 04:50:30,358] Trial 1756 finished with value: -0.27199999999999996 and parameters: {'w_boll': 0.2947875701161724, 'w_rsi': 0.21282440381714013, 'w_mom': 1.3016419999274382, 'w_vwap': 0.5409820516519906, 'w_orb': 1.8081852589646508, 'w_ofi': 1.8407420566421906, 'w_vol': 1.9663083633226772, 'win_boll': 16, 'win_rsi': 20, 'win_mom': 6, 'win_vwap': 10, 'orb_opening_bars': 29, 'vol_window': 14}. Best is trial 868 with value: 0.384.
Trial 1757: ACCEPT (degrade 0.0%) - Eval: -0.154%, Val: 0.255%
