[I 2025-10-25 04:37:32,765] Trial 744 finished with value: -0.06799999999999999 and parameters: {'w_boll': 0.47763168863733985, 'w_rsi': 0.34567222575553413, 'w_mom': 0.17801167030004217, 'w_vwap': 0.6523296171608128, 'w_orb': 1.743646323515383, 'w_ofi': 0.8405377790541159, 'w_vol': 1.9507938857968907, 'win_boll': 15, 'win_rsi': 6, 'win_mom': 4, 'win_vwap': 10, 'orb_opening_bars': 48, 'vol_window': 12}. Best is trial 112 with value: 0.33399999999999996.Best trial: 112. Best value: 0.334:  38%|███▊      | 760/2000 [09:41<15:20,  1.35it/s]Best trial: 112. Best value: 0.334:  38%|███▊      | 760/2000 [09:41<15:20,  1.35it/s]Best trial: 112. Best value: 0.334:  38%|███▊      | 761/2000 [09:41<15:22,  1.34it/s]                                                                                      Best trial: 112. Best value: 0.334:  38%|███▊      | 761/2000 [09:42<15:22,  1.34it/s]Best trial: 112. Best value: 0.334:  38%|███▊      | 761/2000 [09:42<15:22,  1.34it/s]Best trial: 112. Best value: 0.334:  38%|███▊      | 762/2000 [09:42<15:24,  1.34it/s]                                                                                      Best trial: 112. Best value: 0.334:  38%|███▊      | 762/2000 [09:42<15:24,  1.34it/s]Best trial: 112. Best value: 0.334:  38%|███▊      | 762/2000 [09:42<15:24,  1.34it/s]Best trial: 112. Best value: 0.334:  38%|███▊      | 763/2000 [09:42<15:30,  1.33it/s]                                                                                      Best trial: 112. Best value: 0.334:  38%|███▊      | 763/2000 [09:43<15:30,  1.33it/s]Best trial: 112. Best value: 0.334:  38%|███▊      | 763/2000 [09:43<15:30,  1.33it/s]Best trial: 112. Best value: 0.334:  38%|███▊      | 764/2000 [09:43<15:18,  1.35it/s]                                                                                      Best trial: 112. Best value: 0.334:  38%|███▊      | 764/2000 [09:44<15:18,  1.35it/s]Best trial: 112. Best value: 0.334:  38%|███▊      | 764/2000 [09:44<15:18,  1.35it/s]Best trial: 112. Best value: 0.334:  38%|███▊      | 765/2000 [09:44<15:17,  1.35it/s]                                                                                      Best trial: 112. Best value: 0.334:  38%|███▊      | 765/2000 [09:45<15:17,  1.35it/s]Best trial: 112. Best value: 0.334:  38%|███▊      | 765/2000 [09:45<15:17,  1.35it/s]Best trial: 112. Best value: 0.334:  38%|███▊      | 766/2000 [09:45<15:33,  1.32it/s]                                                                                      Best trial: 112. Best value: 0.334:  38%|███▊      | 766/2000 [09:45<15:33,  1.32it/s]Best trial: 112. Best value: 0.334:  38%|███▊      | 766/2000 [09:45<15:33,  1.32it/s]Best trial: 112. Best value: 0.334:  38%|███▊      | 767/2000 [09:45<15:29,  1.33it/s]                                                                                      Best trial: 112. Best value: 0.334:  38%|███▊      | 767/2000 [09:46<15:29,  1.33it/s]Best trial: 112. Best value: 0.334:  38%|███▊      | 767/2000 [09:46<15:29,  1.33it/s]Best trial: 112. Best value: 0.334:  38%|███▊      | 768/2000 [09:46<15:22,  1.34it/s]                                                                                      Best trial: 112. Best value: 0.334:  38%|███▊      | 768/2000 [09:47<15:22,  1.34it/s]Best trial: 112. Best value: 0.334:  38%|███▊      | 768/2000 [09:47<15:22,  1.34it/s]Best trial: 112. Best value: 0.334:  38%|███▊      | 769/2000 [09:47<15:26,  1.33it/s]                                                                                      Best trial: 112. Best value: 0.334:  38%|███▊      | 769/2000 [09:48<15:26,  1.33it/s]Best trial: 112. Best value: 0.334:  38%|███▊      | 769/2000 [09:48<15:26,  1.33it/s]Best trial: 112. Best value: 0.334:  38%|███▊      | 770/2000 [09:48<15:37,  1.31it/s]                                                                                      Best trial: 112. Best value: 0.334:  38%|███▊      | 770/2000 [09:48<15:37,  1.31it/s]Best trial: 112. Best value: 0.334:  38%|███▊      | 770/2000 [09:48<15:37,  1.31it/s]Best trial: 112. Best value: 0.334:  39%|███▊      | 771/2000 [09:48<15:34,  1.32it/s]                                                                                      Best trial: 112. Best value: 0.334:  39%|███▊      | 771/2000 [09:49<15:34,  1.32it/s]Best trial: 112. Best value: 0.334:  39%|███▊      | 771/2000 [09:49<15:34,  1.32it/s]Best trial: 112. Best value: 0.334:  39%|███▊      | 772/2000 [09:49<15:29,  1.32it/s]                                                                                      Best trial: 112. Best value: 0.334:  39%|███▊      | 772/2000 [09:50<15:29,  1.32it/s]Best trial: 112. Best value: 0.334:  39%|███▊      | 772/2000 [09:50<15:29,  1.32it/s]Best trial: 112. Best value: 0.334:  39%|███▊      | 773/2000 [09:50<15:16,  1.34it/s]                                                                                      Best trial: 112. Best value: 0.334:  39%|███▊      | 773/2000 [09:51<15:16,  1.34it/s]Best trial: 112. Best value: 0.334:  39%|███▊      | 773/2000 [09:51<15:16,  1.34it/s]Best trial: 112. Best value: 0.334:  39%|███▊      | 774/2000 [09:51<15:30,  1.32it/s]                                                                                      Best trial: 112. Best value: 0.334:  39%|███▊      | 774/2000 [09:52<15:30,  1.32it/s]Best trial: 112. Best value: 0.334:  39%|███▊      | 774/2000 [09:52<15:30,  1.32it/s]Best trial: 112. Best value: 0.334:  39%|███▉      | 775/2000 [09:52<15:33,  1.31it/s]                                                                                      Best trial: 112. Best value: 0.334:  39%|███▉      | 775/2000 [09:52<15:33,  1.31it/s]Best trial: 112. Best value: 0.334:  39%|███▉      | 775/2000 [09:52<15:33,  1.31it/s]Best trial: 112. Best value: 0.334:  39%|███▉      | 776/2000 [09:52<15:30,  1.32it/s]                                                                                      
Trial 745: ACCEPT (degrade 0.0%) - Eval: -0.142%, Val: 0.057%
[I 2025-10-25 04:37:33,505] Trial 745 finished with value: -0.142 and parameters: {'w_boll': 0.4590487836432329, 'w_rsi': 0.15219170222155615, 'w_mom': 0.16557095614019515, 'w_vwap': 0.563309721021638, 'w_orb': 1.7808473717584767, 'w_ofi': 1.9982443278944375, 'w_vol': 1.7517051520550284, 'win_boll': 13, 'win_rsi': 5, 'win_mom': 4, 'win_vwap': 12, 'orb_opening_bars': 49, 'vol_window': 13}. Best is trial 112 with value: 0.33399999999999996.
Trial 746: ACCEPT (degrade 0.0%) - Eval: -0.160%, Val: 0.204%
[I 2025-10-25 04:37:34,291] Trial 746 finished with value: -0.15999999999999998 and parameters: {'w_boll': 1.031877184148672, 'w_rsi': 0.2490830967335238, 'w_mom': 0.21775141005330084, 'w_vwap': 0.6809753943176867, 'w_orb': 1.8202088702395625, 'w_ofi': 0.5660224913636778, 'w_vol': 1.8177113623441874, 'win_boll': 21, 'win_rsi': 6, 'win_mom': 3, 'win_vwap': 12, 'orb_opening_bars': 12, 'vol_window': 12}. Best is trial 112 with value: 0.33399999999999996.
Trial 747: REJECT (overfit 85.5%) - Eval: 0.248%, Val: 0.036%
[I 2025-10-25 04:37:35,017] Trial 747 finished with value: -999.0 and parameters: {'w_boll': 0.5714581997888413, 'w_rsi': 0.36194727980996366, 'w_mom': 0.13100320559915074, 'w_vwap': 0.6240344948192516, 'w_orb': 1.7610015890939774, 'w_ofi': 0.9386327369561068, 'w_vol': 1.8969209304645835, 'win_boll': 14, 'win_rsi': 5, 'win_mom': 4, 'win_vwap': 13, 'orb_opening_bars': 50, 'vol_window': 12}. Best is trial 112 with value: 0.33399999999999996.
Trial 748: ACCEPT (degrade 0.0%) - Eval: -0.076%, Val: 0.015%
[I 2025-10-25 04:37:35,767] Trial 748 finished with value: -0.076 and parameters: {'w_boll': 1.2112398242579998, 'w_rsi': 0.28382230033324685, 'w_mom': 0.18253736455436392, 'w_vwap': 0.6521490560125095, 'w_orb': 1.9634570823942654, 'w_ofi': 1.9404743466836905, 'w_vol': 1.966118093832945, 'win_boll': 15, 'win_rsi': 6, 'win_mom': 3, 'win_vwap': 11, 'orb_opening_bars': 48, 'vol_window': 13}. Best is trial 112 with value: 0.33399999999999996.
Trial 749: ACCEPT (degrade 0.0%) - Eval: -0.206%, Val: 0.078%
[I 2025-10-25 04:37:36,525] Trial 749 finished with value: -0.20600000000000002 and parameters: {'w_boll': 0.5295367964019227, 'w_rsi': 0.6160729317666697, 'w_mom': 1.5664936619924061, 'w_vwap': 0.6990213611329721, 'w_orb': 1.9646658940194779, 'w_ofi': 0.6662665566120888, 'w_vol': 1.99951657574312, 'win_boll': 13, 'win_rsi': 5, 'win_mom': 3, 'win_vwap': 14, 'orb_opening_bars': 49, 'vol_window': 12}. Best is trial 112 with value: 0.33399999999999996.
Trial 750: ACCEPT (degrade -55.6%) - Eval: 0.234%, Val: 0.364%
[I 2025-10-25 04:37:37,305] Trial 750 finished with value: 0.23399999999999999 and parameters: {'w_boll': 0.4821570027377464, 'w_rsi': 0.3263711867366374, 'w_mom': 0.2681764180786359, 'w_vwap': 0.47362218936155337, 'w_orb': 1.7291665295354801, 'w_ofi': 0.7063822175271713, 'w_vol': 1.761596845498151, 'win_boll': 10, 'win_rsi': 7, 'win_mom': 4, 'win_vwap': 13, 'orb_opening_bars': 47, 'vol_window': 14}. Best is trial 112 with value: 0.33399999999999996.
Trial 751: ACCEPT (degrade 0.0%) - Eval: -0.008%, Val: 0.131%
[I 2025-10-25 04:37:38,054] Trial 751 finished with value: -0.007999999999999997 and parameters: {'w_boll': 0.5019727872294332, 'w_rsi': 0.38942405783580375, 'w_mom': 0.10565619260921283, 'w_vwap': 0.4232610678396997, 'w_orb': 1.7137270542258967, 'w_ofi': 0.7097842406915884, 'w_vol': 1.6575964602218949, 'win_boll': 10, 'win_rsi': 7, 'win_mom': 4, 'win_vwap': 14, 'orb_opening_bars': 47, 'vol_window': 15}. Best is trial 112 with value: 0.33399999999999996.
Trial 752: REJECT (overfit 307.1%) - Eval: 0.042%, Val: -0.087%
[I 2025-10-25 04:37:38,801] Trial 752 finished with value: -999.0 and parameters: {'w_boll': 0.5534687172160148, 'w_rsi': 0.2528988739530705, 'w_mom': 0.1954835311938279, 'w_vwap': 0.5054451931140065, 'w_orb': 1.7015600440060252, 'w_ofi': 0.7529842706903223, 'w_vol': 1.144335361519233, 'win_boll': 10, 'win_rsi': 7, 'win_mom': 4, 'win_vwap': 15, 'orb_opening_bars': 47, 'vol_window': 14}. Best is trial 112 with value: 0.33399999999999996.
Trial 753: ACCEPT (degrade -593.3%) - Eval: 0.030%, Val: 0.208%
[I 2025-10-25 04:37:39,566] Trial 753 finished with value: 0.029999999999999992 and parameters: {'w_boll': 0.48663248396344166, 'w_rsi': 0.6873504073894154, 'w_mom': 0.13985939306247144, 'w_vwap': 0.45234049312907715, 'w_orb': 1.726680354337529, 'w_ofi': 0.6628384165296476, 'w_vol': 1.6999895133745866, 'win_boll': 10, 'win_rsi': 8, 'win_mom': 4, 'win_vwap': 35, 'orb_opening_bars': 39, 'vol_window': 15}. Best is trial 112 with value: 0.33399999999999996.
Trial 754: ACCEPT (degrade 0.0%) - Eval: -0.088%, Val: 0.169%
[I 2025-10-25 04:37:40,343] Trial 754 finished with value: -0.08800000000000002 and parameters: {'w_boll': 0.5171975246473707, 'w_rsi': 0.2060957044607616, 'w_mom': 0.24649672294101488, 'w_vwap': 0.35737738050054635, 'w_orb': 1.750794612498882, 'w_ofi': 0.7858624147958868, 'w_vol': 1.743145493773349, 'win_boll': 10, 'win_rsi': 7, 'win_mom': 4, 'win_vwap': 14, 'orb_opening_bars': 50, 'vol_window': 14}. Best is trial 112 with value: 0.33399999999999996.
Trial 755: REJECT (overfit 66.5%) - Eval: 0.194%, Val: 0.065%
[I 2025-10-25 04:37:41,113] Trial 755 finished with value: -999.0 and parameters: {'w_boll': 0.6043768630551711, 'w_rsi': 0.32370032416580774, 'w_mom': 0.10181387014155413, 'w_vwap': 0.5105231373528434, 'w_orb': 1.63952688605949, 'w_ofi': 0.6980842390654928, 'w_vol': 1.7459898611450306, 'win_boll': 10, 'win_rsi': 8, 'win_mom': 4, 'win_vwap': 13, 'orb_opening_bars': 48, 'vol_window': 14}. Best is trial 112 with value: 0.33399999999999996.
Trial 756: ACCEPT (degrade -1720.8%) - Eval: 0.024%, Val: 0.437%
[I 2025-10-25 04:37:41,834] Trial 756 finished with value: 0.02400000000000001 and parameters: {'w_boll': 0.46770882866783225, 'w_rsi': 0.3773067211108208, 'w_mom': 0.1630417844941907, 'w_vwap': 0.4591480345056674, 'w_orb': 1.7558899472739846, 'w_ofi': 0.6313272049455633, 'w_vol': 1.7775603540732203, 'win_boll': 11, 'win_rsi': 7, 'win_mom': 4, 'win_vwap': 13, 'orb_opening_bars': 31, 'vol_window': 15}. Best is trial 112 with value: 0.33399999999999996.
Trial 757: ACCEPT (degrade -208.1%) - Eval: 0.074%, Val: 0.228%
[I 2025-10-25 04:37:42,583] Trial 757 finished with value: 0.07400000000000002 and parameters: {'w_boll': 0.5431031024566412, 'w_rsi': 0.5210795238919368, 'w_mom': 0.21737818600854125, 'w_vwap': 0.40919938819180457, 'w_orb': 1.7778114005555496, 'w_ofi': 0.7067870597132634, 'w_vol': 1.7828147123339473, 'win_boll': 11, 'win_rsi': 7, 'win_mom': 5, 'win_vwap': 15, 'orb_opening_bars': 47, 'vol_window': 13}. Best is trial 112 with value: 0.33399999999999996.
Trial 758: REJECT (overfit 120.9%) - Eval: 0.158%, Val: -0.033%
[I 2025-10-25 04:37:43,340] Trial 758 finished with value: -999.0 and parameters: {'w_boll': 0.45129525270093523, 'w_rsi': 0.5688586255565763, 'w_mom': 0.10084398294101776, 'w_vwap': 0.47587551893094887, 'w_orb': 1.6933702272690947, 'w_ofi': 0.8147904042718112, 'w_vol': 1.7210718984167377, 'win_boll': 10, 'win_rsi': 7, 'win_mom': 3, 'win_vwap': 46, 'orb_opening_bars': 49, 'vol_window': 15}. Best is trial 112 with value: 0.33399999999999996.
Trial 759: REJECT (overfit 50.8%) - Eval: 0.120%, Val: 0.059%
[I 2025-10-25 04:37:44,059] Trial 759 finished with value: -999.0 and parameters: {'w_boll': 0.4969091257850914, 'w_rsi': 0.31349925901558584, 'w_mom': 0.3264535500651672, 'w_vwap': 0.6587924062779503, 'w_orb': 1.6793881544250304, 'w_ofi': 0.7492544882300307, 'w_vol': 1.813232707037041, 'win_boll': 11, 'win_rsi': 8, 'win_mom': 3, 'win_vwap': 11, 'orb_opening_bars': 49, 'vol_window': 14}. Best is trial 112 with value: 0.33399999999999996.
Trial 760: ACCEPT (degrade -132.6%) - Eval: 0.190%, Val: 0.442%
[I 2025-10-25 04:37:44,808] Trial 760 finished with value: 0.19 and parameters: {'w_boll': 0.43663307851438227, 'w_rsi': 0.17206238815511954, 'w_mom': 0.15502837421593035, 'w_vwap': 0.3160775709729158, 'w_orb': 1.7884270060259422, 'w_ofi': 0.6002697129237305, 'w_vol': 0.9797125012389343, 'win_boll': 18, 'win_rsi': 7, 'win_mom': 4, 'win_vwap': 10, 'orb_opening_bars': 48, 'vol_window': 13}. Best is trial 112 with value: 0.33399999999999996.Best trial: 112. Best value: 0.334:  39%|███▉      | 776/2000 [09:53<15:30,  1.32it/s]Best trial: 112. Best value: 0.334:  39%|███▉      | 776/2000 [09:53<15:30,  1.32it/s]Best trial: 112. Best value: 0.334:  39%|███▉      | 777/2000 [09:53<15:16,  1.33it/s]                                                                                      Best trial: 112. Best value: 0.334:  39%|███▉      | 777/2000 [09:54<15:16,  1.33it/s]Best trial: 112. Best value: 0.334:  39%|███▉      | 777/2000 [09:54<15:16,  1.33it/s]Best trial: 112. Best value: 0.334:  39%|███▉      | 778/2000 [09:54<15:31,  1.31it/s]                                                                                      Best trial: 112. Best value: 0.334:  39%|███▉      | 778/2000 [09:55<15:31,  1.31it/s]Best trial: 112. Best value: 0.334:  39%|███▉      | 778/2000 [09:55<15:31,  1.31it/s]Best trial: 112. Best value: 0.334:  39%|███▉      | 779/2000 [09:55<15:25,  1.32it/s]                                                                                      Best trial: 112. Best value: 0.334:  39%|███▉      | 779/2000 [09:55<15:25,  1.32it/s]Best trial: 112. Best value: 0.334:  39%|███▉      | 779/2000 [09:55<15:25,  1.32it/s]Best trial: 112. Best value: 0.334:  39%|███▉      | 780/2000 [09:55<15:20,  1.33it/s]                                                                                      Best trial: 112. Best value: 0.334:  39%|███▉      | 780/2000 [09:56<15:20,  1.33it/s]Best trial: 112. Best value: 0.334:  39%|███▉      | 780/2000 [09:56<15:20,  1.33it/s]Best trial: 112. Best value: 0.334:  39%|███▉      | 781/2000 [09:56<15:08,  1.34it/s]                                                                                      Best trial: 112. Best value: 0.334:  39%|███▉      | 781/2000 [09:57<15:08,  1.34it/s]Best trial: 112. Best value: 0.334:  39%|███▉      | 781/2000 [09:57<15:08,  1.34it/s]Best trial: 112. Best value: 0.334:  39%|███▉      | 782/2000 [09:57<16:10,  1.26it/s]                                                                                      Best trial: 112. Best value: 0.334:  39%|███▉      | 782/2000 [09:58<16:10,  1.26it/s]Best trial: 112. Best value: 0.334:  39%|███▉      | 782/2000 [09:58<16:10,  1.26it/s]Best trial: 112. Best value: 0.334:  39%|███▉      | 783/2000 [09:58<16:14,  1.25it/s]                                                                                      Best trial: 112. Best value: 0.334:  39%|███▉      | 783/2000 [09:58<16:14,  1.25it/s]Best trial: 112. Best value: 0.334:  39%|███▉      | 783/2000 [09:58<16:14,  1.25it/s]Best trial: 112. Best value: 0.334:  39%|███▉      | 784/2000 [09:58<15:50,  1.28it/s]                                                                                      Best trial: 112. Best value: 0.334:  39%|███▉      | 784/2000 [09:59<15:50,  1.28it/s]Best trial: 112. Best value: 0.334:  39%|███▉      | 784/2000 [09:59<15:50,  1.28it/s]Best trial: 112. Best value: 0.334:  39%|███▉      | 785/2000 [09:59<15:36,  1.30it/s]                                                                                      Best trial: 112. Best value: 0.334:  39%|███▉      | 785/2000 [10:00<15:36,  1.30it/s]Best trial: 112. Best value: 0.334:  39%|███▉      | 785/2000 [10:00<15:36,  1.30it/s]Best trial: 112. Best value: 0.334:  39%|███▉      | 786/2000 [10:00<15:28,  1.31it/s]                                                                                      Best trial: 112. Best value: 0.334:  39%|███▉      | 786/2000 [10:01<15:28,  1.31it/s]Best trial: 112. Best value: 0.334:  39%|███▉      | 786/2000 [10:01<15:28,  1.31it/s]Best trial: 112. Best value: 0.334:  39%|███▉      | 787/2000 [10:01<15:20,  1.32it/s]                                                                                      Best trial: 112. Best value: 0.334:  39%|███▉      | 787/2000 [10:01<15:20,  1.32it/s]Best trial: 112. Best value: 0.334:  39%|███▉      | 787/2000 [10:01<15:20,  1.32it/s]Best trial: 112. Best value: 0.334:  39%|███▉      | 788/2000 [10:01<15:18,  1.32it/s]                                                                                      Best trial: 112. Best value: 0.334:  39%|███▉      | 788/2000 [10:02<15:18,  1.32it/s]Best trial: 112. Best value: 0.334:  39%|███▉      | 788/2000 [10:02<15:18,  1.32it/s]Best trial: 112. Best value: 0.334:  39%|███▉      | 789/2000 [10:02<15:02,  1.34it/s]                                                                                      Best trial: 112. Best value: 0.334:  39%|███▉      | 789/2000 [10:03<15:02,  1.34it/s]Best trial: 112. Best value: 0.334:  39%|███▉      | 789/2000 [10:03<15:02,  1.34it/s]Best trial: 112. Best value: 0.334:  40%|███▉      | 790/2000 [10:03<15:15,  1.32it/s]                                                                                      Best trial: 112. Best value: 0.334:  40%|███▉      | 790/2000 [10:04<15:15,  1.32it/s]Best trial: 112. Best value: 0.334:  40%|███▉      | 790/2000 [10:04<15:15,  1.32it/s]Best trial: 112. Best value: 0.334:  40%|███▉      | 791/2000 [10:04<15:12,  1.32it/s]                                                                                      Best trial: 112. Best value: 0.334:  40%|███▉      | 791/2000 [10:04<15:12,  1.32it/s]Best trial: 112. Best value: 0.334:  40%|███▉      | 791/2000 [10:04<15:12,  1.32it/s]Best trial: 112. Best value: 0.334:  40%|███▉      | 792/2000 [10:04<15:11,  1.33it/s]                                                                                      
Trial 761: REJECT (overfit 20.6%) - Eval: 0.214%, Val: 0.170%
[I 2025-10-25 04:37:45,559] Trial 761 finished with value: -999.0 and parameters: {'w_boll': 0.47850670778383464, 'w_rsi': 0.28215532772867236, 'w_mom': 1.2020306785463184, 'w_vwap': 0.7033434835206023, 'w_orb': 1.7301978634109458, 'w_ofi': 0.6573204737073345, 'w_vol': 1.6358008186155024, 'win_boll': 11, 'win_rsi': 6, 'win_mom': 4, 'win_vwap': 13, 'orb_opening_bars': 46, 'vol_window': 12}. Best is trial 112 with value: 0.33399999999999996.
Trial 762: ACCEPT (degrade -175.5%) - Eval: 0.110%, Val: 0.303%
[I 2025-10-25 04:37:46,324] Trial 762 finished with value: 0.10999999999999999 and parameters: {'w_boll': 0.5530733907623675, 'w_rsi': 0.36230259683613353, 'w_mom': 0.2001673530837619, 'w_vwap': 0.7129090979645389, 'w_orb': 1.8318246911217306, 'w_ofi': 0.7279961164704126, 'w_vol': 1.768302582568005, 'win_boll': 10, 'win_rsi': 7, 'win_mom': 3, 'win_vwap': 12, 'orb_opening_bars': 50, 'vol_window': 13}. Best is trial 112 with value: 0.33399999999999996.
Trial 763: ACCEPT (degrade 0.0%) - Eval: -0.024%, Val: 0.195%
[I 2025-10-25 04:37:47,046] Trial 763 finished with value: -0.024 and parameters: {'w_boll': 0.4378266486338107, 'w_rsi': 0.40722132482442036, 'w_mom': 0.10050274473848227, 'w_vwap': 0.6822273174995886, 'w_orb': 1.7579930344416888, 'w_ofi': 0.7786786693274301, 'w_vol': 1.6844721977129178, 'win_boll': 12, 'win_rsi': 9, 'win_mom': 5, 'win_vwap': 11, 'orb_opening_bars': 47, 'vol_window': 45}. Best is trial 112 with value: 0.33399999999999996.
Trial 764: ACCEPT (degrade -34.2%) - Eval: 0.196%, Val: 0.263%
[I 2025-10-25 04:37:47,787] Trial 764 finished with value: 0.196 and parameters: {'w_boll': 0.4744576327057725, 'w_rsi': 0.23239883738646755, 'w_mom': 0.26258871806613626, 'w_vwap': 0.47817394236385685, 'w_orb': 1.6594210945320615, 'w_ofi': 0.6765589103930939, 'w_vol': 1.8084855600173715, 'win_boll': 16, 'win_rsi': 6, 'win_mom': 4, 'win_vwap': 10, 'orb_opening_bars': 50, 'vol_window': 17}. Best is trial 112 with value: 0.33399999999999996.
Trial 765: REJECT (overfit 310.2%) - Eval: 0.098%, Val: -0.206%
