[I 2025-10-25 04:35:04,360] Trial 548 finished with value: 0.036 and parameters: {'w_boll': 0.42075909361078045, 'w_rsi': 0.42201254746302297, 'w_mom': 0.2290139079452549, 'w_vwap': 0.6153172881290855, 'w_orb': 1.9639243410443759, 'w_ofi': 0.7332495596712433, 'w_vol': 1.7285991297604018, 'win_boll': 11, 'win_rsi': 8, 'win_mom': 3, 'win_vwap': 26, 'orb_opening_bars': 48, 'vol_window': 13}. Best is trial 112 with value: 0.33399999999999996.
Trial 549: REJECT (overfit 121.2%) - Eval: 0.170%, Val: -0.036%                                                                                      Best trial: 112. Best value: 0.334:  28%|██▊       | 565/2000 [07:13<17:58,  1.33it/s]Best trial: 112. Best value: 0.334:  28%|██▊       | 565/2000 [07:13<17:58,  1.33it/s]Best trial: 112. Best value: 0.334:  28%|██▊       | 566/2000 [07:13<18:13,  1.31it/s]                                                                                      Best trial: 112. Best value: 0.334:  28%|██▊       | 566/2000 [07:14<18:13,  1.31it/s]Best trial: 112. Best value: 0.334:  28%|██▊       | 566/2000 [07:14<18:13,  1.31it/s]Best trial: 112. Best value: 0.334:  28%|██▊       | 567/2000 [07:14<17:53,  1.34it/s]                                                                                      Best trial: 112. Best value: 0.334:  28%|██▊       | 567/2000 [07:15<17:53,  1.34it/s]Best trial: 112. Best value: 0.334:  28%|██▊       | 567/2000 [07:15<17:53,  1.34it/s]Best trial: 112. Best value: 0.334:  28%|██▊       | 568/2000 [07:15<17:50,  1.34it/s]                                                                                      Best trial: 112. Best value: 0.334:  28%|██▊       | 568/2000 [07:16<17:50,  1.34it/s]Best trial: 112. Best value: 0.334:  28%|██▊       | 568/2000 [07:16<17:50,  1.34it/s]Best trial: 112. Best value: 0.334:  28%|██▊       | 569/2000 [07:16<17:46,  1.34it/s]                                                                                      Best trial: 112. Best value: 0.334:  28%|██▊       | 569/2000 [07:16<17:46,  1.34it/s]Best trial: 112. Best value: 0.334:  28%|██▊       | 569/2000 [07:16<17:46,  1.34it/s]Best trial: 112. Best value: 0.334:  28%|██▊       | 570/2000 [07:16<18:05,  1.32it/s]                                                                                      Best trial: 112. Best value: 0.334:  28%|██▊       | 570/2000 [07:17<18:05,  1.32it/s]Best trial: 112. Best value: 0.334:  28%|██▊       | 570/2000 [07:17<18:05,  1.32it/s]Best trial: 112. Best value: 0.334:  29%|██▊       | 571/2000 [07:17<17:49,  1.34it/s]                                                                                      Best trial: 112. Best value: 0.334:  29%|██▊       | 571/2000 [07:18<17:49,  1.34it/s]Best trial: 112. Best value: 0.334:  29%|██▊       | 571/2000 [07:18<17:49,  1.34it/s]Best trial: 112. Best value: 0.334:  29%|██▊       | 572/2000 [07:18<17:51,  1.33it/s]                                                                                      Best trial: 112. Best value: 0.334:  29%|██▊       | 572/2000 [07:19<17:51,  1.33it/s]Best trial: 112. Best value: 0.334:  29%|██▊       | 572/2000 [07:19<17:51,  1.33it/s]Best trial: 112. Best value: 0.334:  29%|██▊       | 573/2000 [07:19<17:53,  1.33it/s]                                                                                      Best trial: 112. Best value: 0.334:  29%|██▊       | 573/2000 [07:19<17:53,  1.33it/s]Best trial: 112. Best value: 0.334:  29%|██▊       | 573/2000 [07:19<17:53,  1.33it/s]Best trial: 112. Best value: 0.334:  29%|██▊       | 574/2000 [07:19<18:02,  1.32it/s]                                                                                      Best trial: 112. Best value: 0.334:  29%|██▊       | 574/2000 [07:20<18:02,  1.32it/s]Best trial: 112. Best value: 0.334:  29%|██▊       | 574/2000 [07:20<18:02,  1.32it/s]Best trial: 112. Best value: 0.334:  29%|██▉       | 575/2000 [07:20<17:56,  1.32it/s]                                                                                      Best trial: 112. Best value: 0.334:  29%|██▉       | 575/2000 [07:21<17:56,  1.32it/s]Best trial: 112. Best value: 0.334:  29%|██▉       | 575/2000 [07:21<17:56,  1.32it/s]Best trial: 112. Best value: 0.334:  29%|██▉       | 576/2000 [07:21<18:04,  1.31it/s]                                                                                      Best trial: 112. Best value: 0.334:  29%|██▉       | 576/2000 [07:22<18:04,  1.31it/s]Best trial: 112. Best value: 0.334:  29%|██▉       | 576/2000 [07:22<18:04,  1.31it/s]Best trial: 112. Best value: 0.334:  29%|██▉       | 577/2000 [07:22<17:52,  1.33it/s]                                                                                      Best trial: 112. Best value: 0.334:  29%|██▉       | 577/2000 [07:22<17:52,  1.33it/s]Best trial: 112. Best value: 0.334:  29%|██▉       | 577/2000 [07:22<17:52,  1.33it/s]Best trial: 112. Best value: 0.334:  29%|██▉       | 578/2000 [07:22<17:47,  1.33it/s]                                                                                      Best trial: 112. Best value: 0.334:  29%|██▉       | 578/2000 [07:23<17:47,  1.33it/s]Best trial: 112. Best value: 0.334:  29%|██▉       | 578/2000 [07:23<17:47,  1.33it/s]Best trial: 112. Best value: 0.334:  29%|██▉       | 579/2000 [07:23<18:01,  1.31it/s]                                                                                      Best trial: 112. Best value: 0.334:  29%|██▉       | 579/2000 [07:24<18:01,  1.31it/s]Best trial: 112. Best value: 0.334:  29%|██▉       | 579/2000 [07:24<18:01,  1.31it/s]Best trial: 112. Best value: 0.334:  29%|██▉       | 580/2000 [07:24<17:49,  1.33it/s]                                                                                      Best trial: 112. Best value: 0.334:  29%|██▉       | 580/2000 [07:25<17:49,  1.33it/s]Best trial: 112. Best value: 0.334:  29%|██▉       | 580/2000 [07:25<17:49,  1.33it/s]Best trial: 112. Best value: 0.334:  29%|██▉       | 581/2000 [07:25<17:44,  1.33it/s]                                                                                      
[I 2025-10-25 04:35:05,138] Trial 549 finished with value: -999.0 and parameters: {'w_boll': 0.4813472196955158, 'w_rsi': 0.3387407795274392, 'w_mom': 0.5993597816508156, 'w_vwap': 0.7624209235620178, 'w_orb': 1.9222945375029434, 'w_ofi': 1.6325120417606418, 'w_vol': 0.42421186524119636, 'win_boll': 14, 'win_rsi': 7, 'win_mom': 4, 'win_vwap': 24, 'orb_opening_bars': 47, 'vol_window': 12}. Best is trial 112 with value: 0.33399999999999996.
Trial 550: ACCEPT (degrade 0.0%) - Eval: -0.152%, Val: 0.036%
[I 2025-10-25 04:35:05,861] Trial 550 finished with value: -0.15200000000000002 and parameters: {'w_boll': 0.4286033653691611, 'w_rsi': 0.5005896017452025, 'w_mom': 1.1492438575587467, 'w_vwap': 0.5133853030212382, 'w_orb': 1.8720350286609648, 'w_ofi': 0.842199755847501, 'w_vol': 1.7967538454241432, 'win_boll': 13, 'win_rsi': 5, 'win_mom': 4, 'win_vwap': 11, 'orb_opening_bars': 40, 'vol_window': 10}. Best is trial 112 with value: 0.33399999999999996.
Trial 551: ACCEPT (degrade -537.0%) - Eval: 0.054%, Val: 0.344%
[I 2025-10-25 04:35:06,616] Trial 551 finished with value: 0.05400000000000001 and parameters: {'w_boll': 0.33661064969993176, 'w_rsi': 0.21156525970698778, 'w_mom': 0.14097323051656224, 'w_vwap': 0.8462758302033363, 'w_orb': 1.9649223012326513, 'w_ofi': 1.7473849031054018, 'w_vol': 1.8547396616787948, 'win_boll': 15, 'win_rsi': 7, 'win_mom': 12, 'win_vwap': 10, 'orb_opening_bars': 50, 'vol_window': 12}. Best is trial 112 with value: 0.33399999999999996.
Trial 552: ACCEPT (degrade 0.0%) - Eval: -0.060%, Val: 0.096%
[I 2025-10-25 04:35:07,363] Trial 552 finished with value: -0.059999999999999984 and parameters: {'w_boll': 0.5328053476120613, 'w_rsi': 0.13234414199551806, 'w_mom': 0.2042684057685626, 'w_vwap': 0.6815910933512955, 'w_orb': 1.909426605203614, 'w_ofi': 0.7158528323719928, 'w_vol': 1.9674068658876216, 'win_boll': 12, 'win_rsi': 9, 'win_mom': 6, 'win_vwap': 12, 'orb_opening_bars': 49, 'vol_window': 10}. Best is trial 112 with value: 0.33399999999999996.
Trial 553: ACCEPT (degrade -618.8%) - Eval: 0.016%, Val: 0.115%
[I 2025-10-25 04:35:08,148] Trial 553 finished with value: 0.015999999999999983 and parameters: {'w_boll': 0.3951753638756123, 'w_rsi': 0.45835900192860846, 'w_mom': 0.10033558256639993, 'w_vwap': 0.5815993708982543, 'w_orb': 1.9993447229222476, 'w_ofi': 0.9365778491686013, 'w_vol': 1.9129851147271342, 'win_boll': 13, 'win_rsi': 12, 'win_mom': 3, 'win_vwap': 13, 'orb_opening_bars': 47, 'vol_window': 15}. Best is trial 112 with value: 0.33399999999999996.
Trial 554: ACCEPT (degrade -19.2%) - Eval: 0.266%, Val: 0.317%
[I 2025-10-25 04:35:08,871] Trial 554 finished with value: 0.26599999999999996 and parameters: {'w_boll': 0.45057433364249383, 'w_rsi': 0.2802639698208641, 'w_mom': 0.26739362264448163, 'w_vwap': 0.6454790211817094, 'w_orb': 1.9420816867122044, 'w_ofi': 0.4489016847437762, 'w_vol': 1.8781034847916367, 'win_boll': 11, 'win_rsi': 6, 'win_mom': 3, 'win_vwap': 13, 'orb_opening_bars': 48, 'vol_window': 11}. Best is trial 112 with value: 0.33399999999999996.
Trial 555: ACCEPT (degrade 0.0%) - Eval: -0.128%, Val: 0.174%
[I 2025-10-25 04:35:09,696] Trial 555 finished with value: -0.12799999999999997 and parameters: {'w_boll': 0.44335220868258585, 'w_rsi': 0.34792204494872375, 'w_mom': 0.29777265319811164, 'w_vwap': 0.7395108686534585, 'w_orb': 1.9634349087405023, 'w_ofi': 0.44010739184317094, 'w_vol': 1.773408254765701, 'win_boll': 14, 'win_rsi': 5, 'win_mom': 3, 'win_vwap': 13, 'orb_opening_bars': 46, 'vol_window': 14}. Best is trial 112 with value: 0.33399999999999996.
Trial 556: ACCEPT (degrade 19.3%) - Eval: 0.228%, Val: 0.184%
[I 2025-10-25 04:35:10,462] Trial 556 finished with value: 0.22800000000000004 and parameters: {'w_boll': 0.3704417685828041, 'w_rsi': 0.29606722606003744, 'w_mom': 0.281133653186472, 'w_vwap': 0.6597435315380974, 'w_orb': 1.9394869563706, 'w_ofi': 1.8424867207464322, 'w_vol': 1.8386535396425217, 'win_boll': 12, 'win_rsi': 6, 'win_mom': 3, 'win_vwap': 13, 'orb_opening_bars': 46, 'vol_window': 13}. Best is trial 112 with value: 0.33399999999999996.
Trial 557: ACCEPT (degrade 0.0%) - Eval: -0.256%, Val: 0.220%
[I 2025-10-25 04:35:11,293] Trial 557 finished with value: -0.256 and parameters: {'w_boll': 0.33962393578427136, 'w_rsi': 0.27988473688044807, 'w_mom': 0.3568248502999869, 'w_vwap': 0.6880703931152157, 'w_orb': 0.28170205162368533, 'w_ofi': 0.36214820081858656, 'w_vol': 1.8285457346454657, 'win_boll': 28, 'win_rsi': 5, 'win_mom': 3, 'win_vwap': 13, 'orb_opening_bars': 46, 'vol_window': 13}. Best is trial 112 with value: 0.33399999999999996.
Trial 558: REJECT (overfit 150.8%) - Eval: 0.118%, Val: -0.060%
[I 2025-10-25 04:35:12,020] Trial 558 finished with value: -999.0 and parameters: {'w_boll': 0.36708976995306586, 'w_rsi': 0.2923228044810391, 'w_mom': 0.3233538867916068, 'w_vwap': 0.7849787323399853, 'w_orb': 1.9378857149686268, 'w_ofi': 1.9236720120890893, 'w_vol': 1.867595182046535, 'win_boll': 13, 'win_rsi': 6, 'win_mom': 3, 'win_vwap': 13, 'orb_opening_bars': 46, 'vol_window': 14}. Best is trial 112 with value: 0.33399999999999996.
Trial 559: REJECT (overfit 714.3%) - Eval: 0.028%, Val: -0.172%
[I 2025-10-25 04:35:12,767] Trial 559 finished with value: -999.0 and parameters: {'w_boll': 0.32911425317061627, 'w_rsi': 0.31164209055816094, 'w_mom': 0.28738337248355006, 'w_vwap': 0.7108267320554076, 'w_orb': 0.6970570670485912, 'w_ofi': 1.8745055943099216, 'w_vol': 1.6643320974765308, 'win_boll': 12, 'win_rsi': 5, 'win_mom': 3, 'win_vwap': 14, 'orb_opening_bars': 46, 'vol_window': 13}. Best is trial 112 with value: 0.33399999999999996.
Trial 560: ACCEPT (degrade 11.5%) - Eval: 0.262%, Val: 0.232%
[I 2025-10-25 04:35:13,514] Trial 560 finished with value: 0.262 and parameters: {'w_boll': 0.38252895853628677, 'w_rsi': 0.2602033630262038, 'w_mom': 0.3693154663764407, 'w_vwap': 0.6593104252552251, 'w_orb': 1.9255542412970432, 'w_ofi': 1.8449026717168597, 'w_vol': 1.802017797918055, 'win_boll': 14, 'win_rsi': 6, 'win_mom': 4, 'win_vwap': 13, 'orb_opening_bars': 47, 'vol_window': 12}. Best is trial 112 with value: 0.33399999999999996.
Trial 561: ACCEPT (degrade -3.5%) - Eval: 0.114%, Val: 0.118%
[I 2025-10-25 04:35:14,305] Trial 561 finished with value: 0.11400000000000002 and parameters: {'w_boll': 0.3811295900395472, 'w_rsi': 0.23431895525828864, 'w_mom': 0.3904947926372361, 'w_vwap': 0.5432191340392775, 'w_orb': 1.8942440758279238, 'w_ofi': 1.881999891055255, 'w_vol': 1.7501811057622947, 'win_boll': 16, 'win_rsi': 6, 'win_mom': 4, 'win_vwap': 13, 'orb_opening_bars': 47, 'vol_window': 15}. Best is trial 112 with value: 0.33399999999999996.
Trial 562: ACCEPT (degrade -38.2%) - Eval: 0.102%, Val: 0.141%
[I 2025-10-25 04:35:15,033] Trial 562 finished with value: 0.10200000000000001 and parameters: {'w_boll': 0.4014772968880712, 'w_rsi': 0.2540642867050778, 'w_mom': 0.29621936056830567, 'w_vwap': 0.7491189590559489, 'w_orb': 1.9172785992828394, 'w_ofi': 1.8580874205254894, 'w_vol': 1.8021771666446098, 'win_boll': 14, 'win_rsi': 5, 'win_mom': 4, 'win_vwap': 13, 'orb_opening_bars': 47, 'vol_window': 13}. Best is trial 112 with value: 0.33399999999999996.
Trial 563: ACCEPT (degrade -1908.3%) - Eval: 0.012%, Val: 0.241%
[I 2025-10-25 04:35:15,782] Trial 563 finished with value: 0.012000000000000005 and parameters: {'w_boll': 0.41765342825543506, 'w_rsi': 0.20554515654049504, 'w_mom': 0.33857237263421164, 'w_vwap': 0.6266360011168394, 'w_orb': 1.9351897265234392, 'w_ofi': 1.8187687211129635, 'w_vol': 1.710054300658377, 'win_boll': 15, 'win_rsi': 6, 'win_mom': 4, 'win_vwap': 12, 'orb_opening_bars': 48, 'vol_window': 14}. Best is trial 112 with value: 0.33399999999999996.
Trial 564: ACCEPT (degrade -8500.0%) - Eval: 0.004%, Val: 0.344%
[I 2025-10-25 04:35:16,528] Trial 564 finished with value: 0.004000000000000001 and parameters: {'w_boll': 0.37035659338154925, 'w_rsi': 0.26958214818046033, 'w_mom': 0.33083655605743434, 'w_vwap': 0.5865492384300748, 'w_orb': 1.8748654316202125, 'w_ofi': 1.859734575539551, 'w_vol': 1.7788725180222562, 'win_boll': 15, 'win_rsi': 6, 'win_mom': 4, 'win_vwap': 13, 'orb_opening_bars': 48, 'vol_window': 12}. Best is trial 112 with value: 0.33399999999999996.
Trial 565: REJECT (overfit 89.4%) - Eval: 0.094%, Val: 0.010%Best trial: 112. Best value: 0.334:  29%|██▉       | 581/2000 [07:25<17:44,  1.33it/s]Best trial: 112. Best value: 0.334:  29%|██▉       | 581/2000 [07:25<17:44,  1.33it/s]Best trial: 112. Best value: 0.334:  29%|██▉       | 582/2000 [07:25<17:58,  1.32it/s]                                                                                      Best trial: 112. Best value: 0.334:  29%|██▉       | 582/2000 [07:27<17:58,  1.32it/s]Best trial: 112. Best value: 0.334:  29%|██▉       | 582/2000 [07:27<17:58,  1.32it/s]Best trial: 112. Best value: 0.334:  29%|██▉       | 583/2000 [07:27<19:42,  1.20it/s]                                                                                      Best trial: 112. Best value: 0.334:  29%|██▉       | 583/2000 [07:27<19:42,  1.20it/s]Best trial: 112. Best value: 0.334:  29%|██▉       | 583/2000 [07:27<19:42,  1.20it/s]Best trial: 112. Best value: 0.334:  29%|██▉       | 584/2000 [07:27<19:00,  1.24it/s]                                                                                      Best trial: 112. Best value: 0.334:  29%|██▉       | 584/2000 [07:28<19:00,  1.24it/s]Best trial: 112. Best value: 0.334:  29%|██▉       | 584/2000 [07:28<19:00,  1.24it/s]Best trial: 112. Best value: 0.334:  29%|██▉       | 585/2000 [07:28<18:30,  1.27it/s]                                                                                      Best trial: 112. Best value: 0.334:  29%|██▉       | 585/2000 [07:29<18:30,  1.27it/s]Best trial: 112. Best value: 0.334:  29%|██▉       | 585/2000 [07:29<18:30,  1.27it/s]Best trial: 112. Best value: 0.334:  29%|██▉       | 586/2000 [07:29<18:21,  1.28it/s]                                                                                      Best trial: 112. Best value: 0.334:  29%|██▉       | 586/2000 [07:29<18:21,  1.28it/s]Best trial: 112. Best value: 0.334:  29%|██▉       | 586/2000 [07:29<18:21,  1.28it/s]Best trial: 112. Best value: 0.334:  29%|██▉       | 587/2000 [07:29<18:05,  1.30it/s]                                                                                      Best trial: 112. Best value: 0.334:  29%|██▉       | 587/2000 [07:30<18:05,  1.30it/s]Best trial: 112. Best value: 0.334:  29%|██▉       | 587/2000 [07:30<18:05,  1.30it/s]Best trial: 112. Best value: 0.334:  29%|██▉       | 588/2000 [07:30<17:55,  1.31it/s]                                                                                      Best trial: 112. Best value: 0.334:  29%|██▉       | 588/2000 [07:31<17:55,  1.31it/s]Best trial: 112. Best value: 0.334:  29%|██▉       | 588/2000 [07:31<17:55,  1.31it/s]Best trial: 112. Best value: 0.334:  29%|██▉       | 589/2000 [07:31<17:34,  1.34it/s]                                                                                      Best trial: 112. Best value: 0.334:  29%|██▉       | 589/2000 [07:32<17:34,  1.34it/s]Best trial: 112. Best value: 0.334:  29%|██▉       | 589/2000 [07:32<17:34,  1.34it/s]Best trial: 112. Best value: 0.334:  30%|██▉       | 590/2000 [07:32<17:45,  1.32it/s]                                                                                      Best trial: 112. Best value: 0.334:  30%|██▉       | 590/2000 [07:32<17:45,  1.32it/s]Best trial: 112. Best value: 0.334:  30%|██▉       | 590/2000 [07:32<17:45,  1.32it/s]Best trial: 112. Best value: 0.334:  30%|██▉       | 591/2000 [07:32<17:39,  1.33it/s]                                                                                      Best trial: 112. Best value: 0.334:  30%|██▉       | 591/2000 [07:33<17:39,  1.33it/s]Best trial: 112. Best value: 0.334:  30%|██▉       | 591/2000 [07:33<17:39,  1.33it/s]Best trial: 112. Best value: 0.334:  30%|██▉       | 592/2000 [07:33<17:29,  1.34it/s]                                                                                      Best trial: 112. Best value: 0.334:  30%|██▉       | 592/2000 [07:34<17:29,  1.34it/s]Best trial: 112. Best value: 0.334:  30%|██▉       | 592/2000 [07:34<17:29,  1.34it/s]Best trial: 112. Best value: 0.334:  30%|██▉       | 593/2000 [07:34<17:29,  1.34it/s]                                                                                      Best trial: 112. Best value: 0.334:  30%|██▉       | 593/2000 [07:35<17:29,  1.34it/s]Best trial: 112. Best value: 0.334:  30%|██▉       | 593/2000 [07:35<17:29,  1.34it/s]Best trial: 112. Best value: 0.334:  30%|██▉       | 594/2000 [07:35<17:42,  1.32it/s]                                                                                      Best trial: 112. Best value: 0.334:  30%|██▉       | 594/2000 [07:35<17:42,  1.32it/s]Best trial: 112. Best value: 0.334:  30%|██▉       | 594/2000 [07:35<17:42,  1.32it/s]Best trial: 112. Best value: 0.334:  30%|██▉       | 595/2000 [07:35<17:40,  1.33it/s]                                                                                      Best trial: 112. Best value: 0.334:  30%|██▉       | 595/2000 [07:36<17:40,  1.33it/s]Best trial: 112. Best value: 0.334:  30%|██▉       | 595/2000 [07:36<17:40,  1.33it/s]Best trial: 112. Best value: 0.334:  30%|██▉       | 596/2000 [07:36<17:25,  1.34it/s]                                                                                      Best trial: 112. Best value: 0.334:  30%|██▉       | 596/2000 [07:37<17:25,  1.34it/s]Best trial: 112. Best value: 0.334:  30%|██▉       | 596/2000 [07:37<17:25,  1.34it/s]Best trial: 112. Best value: 0.334:  30%|██▉       | 597/2000 [07:37<17:27,  1.34it/s]                                                                                      
[I 2025-10-25 04:35:17,316] Trial 565 finished with value: -999.0 and parameters: {'w_boll': 0.4049015438080618, 'w_rsi': 0.17058417558391265, 'w_mom': 0.36574169598022654, 'w_vwap': 0.6697658529522597, 'w_orb': 1.9397612538328353, 'w_ofi': 1.823510378984874, 'w_vol': 1.8218917140592783, 'win_boll': 14, 'win_rsi': 5, 'win_mom': 4, 'win_vwap': 13, 'orb_opening_bars': 47, 'vol_window': 14}. Best is trial 112 with value: 0.33399999999999996.
Trial 566: ACCEPT (degrade 0.0%) - Eval: -0.028%, Val: 0.468%
[I 2025-10-25 04:35:18,033] Trial 566 finished with value: -0.027999999999999997 and parameters: {'w_boll': 0.4430479895791898, 'w_rsi': 0.27435017434779213, 'w_mom': 0.2750020619096157, 'w_vwap': 0.7221121749202765, 'w_orb': 1.9974625331271658, 'w_ofi': 1.940584823794699, 'w_vol': 1.7315314412492844, 'win_boll': 14, 'win_rsi': 6, 'win_mom': 3, 'win_vwap': 12, 'orb_opening_bars': 48, 'vol_window': 13}. Best is trial 112 with value: 0.33399999999999996.
Trial 567: ACCEPT (degrade 0.0%) - Eval: -0.068%, Val: 0.369%
[I 2025-10-25 04:35:18,778] Trial 567 finished with value: -0.068 and parameters: {'w_boll': 0.3572867870726392, 'w_rsi': 0.21779631304132316, 'w_mom': 0.26499412904295144, 'w_vwap': 0.8134877468184019, 'w_orb': 1.897646193615615, 'w_ofi': 0.4454862461463721, 'w_vol': 1.8150302994553607, 'win_boll': 16, 'win_rsi': 5, 'win_mom': 4, 'win_vwap': 27, 'orb_opening_bars': 47, 'vol_window': 12}. Best is trial 112 with value: 0.33399999999999996.
Trial 568: ACCEPT (degrade 0.0%) - Eval: -0.178%, Val: -0.042%
