[I 2025-10-25 04:43:34,023] Trial 1215 finished with value: 0.04600000000000001 and parameters: {'w_boll': 0.2544841283459316, 'w_rsi': 0.2496259556875344, 'w_mom': 0.16131425361654048, 'w_vwap': 0.772426434442594, 'w_orb': 1.9113512861895565, 'w_ofi': 1.9989840488736808, 'w_vol': 1.8310981534298305, 'win_boll': 12, 'win_rsi': 7, 'win_mom': 6, 'win_vwap': 12, 'orb_opening_bars': 25, 'vol_window': 10}. Best is trial 868 with value: 0.384.
Trial 1216: ACCEPT (degrade 0.0%) - Eval: -0.010%, Val: 0.530%
[I 2025-10-25 04:43:34,783] Trial 1216 finished with value: -0.009999999999999998 and parameters: {'w_boll': 0.4581814797134926, 'w_rsi': 0.1732751592506426, 'w_mom': 0.22655115466009773, 'w_vwap': 0.6796590997438089, 'w_orb': 1.9663967431148444, 'w_ofi': 0.3396064692734133, 'w_vol': 1.9671754736668916, 'win_boll': 16, 'win_rsi': 8, 'win_mom': 5, 'win_vwap': 14, 'orb_opening_bars': 48, 'vol_window': 12}. Best is trial 868 with value: 0.384.
Trial 1217: ACCEPT (degrade -3050.0%) - Eval: 0.010%, Val: 0.315%
[I 2025-10-25 04:43:35,539] Trial 1217 finished with value: 0.009999999999999995 and parameters: {'w_boll': 0.39138961200845646, 'w_rsi': 0.39005689208324634, 'w_mom': 1.2884557630469449, 'w_vwap': 0.5157187886870868, 'w_orb': 1.7683225319256497, 'w_ofi': 1.7903950651127813, 'w_vol': 1.8933850492217215, 'win_boll': 14, 'win_rsi': 6, 'win_mom': 8, 'win_vwap': 24, 'orb_opening_bars': 26, 'vol_window': 11}. Best is trial 868 with value: 0.384.
Trial 1218: ACCEPT (degrade 0.0%) - Eval: -0.068%, Val: 0.360%
[I 2025-10-25 04:43:36,317] Trial 1218 finished with value: -0.06799999999999999 and parameters: {'w_boll': 0.13483775670928838, 'w_rsi': 0.5027761937492057, 'w_mom': 1.3744233286538674, 'w_vwap': 0.8065694348228921, 'w_orb': 1.879670467674649, 'w_ofi': 0.397744482036713, 'w_vol': 1.8618431566093903, 'win_boll': 13, 'win_rsi': 5, 'win_mom': 3, 'win_vwap': 11, 'orb_opening_bars': 47, 'vol_window': 28}. Best is trial 868 with value: 0.384.
Trial 1219: ACCEPT (degrade -31.8%) - Eval: 0.214%, Val: 0.282%
[I 2025-10-25 04:43:37,051] Trial 1219 finished with value: 0.21400000000000002 and parameters: {'w_boll': 0.33932087771510233, 'w_rsi': 0.3179436953328669, 'w_mom': 0.14766788126542757, 'w_vwap': 0.6332637941550178, 'w_orb': 1.3731509584831603, 'w_ofi': 0.5210156721728827, 'w_vol': 1.7878156508430378, 'win_boll': 17, 'win_rsi': 7, 'win_mom': 4, 'win_vwap': 16, 'orb_opening_bars': 49, 'vol_window': 10}. Best is trial 868 with value: 0.384.
Trial 1220: REJECT (overfit 715.0%) - Eval: 0.020%, Val: -0.123%
[I 2025-10-25 04:43:37,807] Trial 1220 finished with value: -999.0 and parameters: {'w_boll': 0.42546051868609147, 'w_rsi': 0.22977964389400862, 'w_mom': 1.4275464334294237, 'w_vwap': 0.7284573551369202, 'w_orb': 1.9351220260509168, 'w_ofi': 1.962445648687945, 'w_vol': 1.9215217231294064, 'win_boll': 12, 'win_rsi': 5, 'win_mom': 3, 'win_vwap': 15, 'orb_opening_bars': 48, 'vol_window': 12}. Best is trial 868 with value: 0.384.
Trial 1221: ACCEPT (degrade 0.0%) - Eval: -0.384%, Val: 0.068%
[I 2025-10-25 04:43:38,578] Trial 1221 finished with value: -0.384 and parameters: {'w_boll': 0.8790927483811704, 'w_rsi': 0.2655744828592673, 'w_mom': 1.2664707242823263, 'w_vwap': 0.5733970528659896, 'w_orb': 1.825117788305276, 'w_ofi': 1.839884133459218, 'w_vol': 1.7402301858548275, 'win_boll': 15, 'win_rsi': 6, 'win_mom': 6, 'win_vwap': 21, 'orb_opening_bars': 50, 'vol_window': 13}. Best is trial 868 with value: 0.384.
Trial 1222: ACCEPT (degrade 0.0%) - Eval: -0.244%, Val: 0.321%
[I 2025-10-25 04:43:39,360] Trial 1222 finished with value: -0.244 and parameters: {'w_boll': 0.29417524892262126, 'w_rsi': 0.3531880191020649, 'w_mom': 0.10053205492703565, 'w_vwap': 0.7026042832099489, 'w_orb': 1.9618749123060886, 'w_ofi': 0.5601791858848496, 'w_vol': 1.8392462078208007, 'win_boll': 14, 'win_rsi': 8, 'win_mom': 9, 'win_vwap': 14, 'orb_opening_bars': 47, 'vol_window': 11}. Best is trial 868 with value: 0.384.
Trial 1223: ACCEPT (degrade -1000.0%) - Eval: 0.034%, Val: 0.374%
[I 2025-10-25 04:43:40,119] Trial 1223 finished with value: 0.03399999999999998 and parameters: {'w_boll': 0.3616023661734842, 'w_rsi': 0.46008851376928733, 'w_mom': 0.25200921821336875, 'w_vwap': 0.756002882705785, 'w_orb': 1.909802731176493, 'w_ofi': 1.8974449047779793, 'w_vol': 1.9408308022753453, 'win_boll': 18, 'win_rsi': 7, 'win_mom': 4, 'win_vwap': 13, 'orb_opening_bars': 49, 'vol_window': 14}. Best is trial 868 with value: 0.384.
Trial 1224: REJECT (overfit 122.8%) - Eval: 0.158%, Val: -0.036%
[I 2025-10-25 04:43:40,857] Trial 1224 finished with value: -999.0 and parameters: {'w_boll': 0.4613968283064895, 'w_rsi': 0.30436167239002815, 'w_mom': 1.1103020778150232, 'w_vwap': 0.6195124111258903, 'w_orb': 1.999172278549812, 'w_ofi': 0.4515007917652126, 'w_vol': 1.7961185832861375, 'win_boll': 12, 'win_rsi': 6, 'win_mom': 4, 'win_vwap': 11, 'orb_opening_bars': 50, 'vol_window': 11}. Best is trial 868 with value: 0.384.
Trial 1225: ACCEPT (degrade 0.0%) - Eval: -0.052%, Val: 0.351%
[I 2025-10-25 04:43:41,611] Trial 1225 finished with value: -0.052000000000000005 and parameters: {'w_boll': 0.2258907854899144, 'w_rsi': 0.7681017249850103, 'w_mom': 0.17901427153257052, 'w_vwap': 0.6539402860449652, 'w_orb': 1.866439618248454, 'w_ofi': 0.6182012559592637, 'w_vol': 1.8975310370885252, 'win_boll': 13, 'win_rsi': 7, 'win_mom': 7, 'win_vwap': 19, 'orb_opening_bars': 48, 'vol_window': 18}. Best is trial 868 with value: 0.384.
Trial 1226: ACCEPT (degrade 0.0%) - Eval: -0.156%, Val: 0.297%
[I 2025-10-25 04:43:42,414] Trial 1226 finished with value: -0.15599999999999997 and parameters: {'w_boll': 0.3981202196828383, 'w_rsi': 0.413096172251905, 'w_mom': 0.1363621852678869, 'w_vwap': 0.8080688047424742, 'w_orb': 1.935284592817442, 'w_ofi': 0.48885398245291145, 'w_vol': 1.8593642376720827, 'win_boll': 16, 'win_rsi': 9, 'win_mom': 5, 'win_vwap': 12, 'orb_opening_bars': 48, 'vol_window': 10}. Best is trial 868 with value: 0.384.
Trial 1227: ACCEPT (degrade 0.0%) - Eval: -0.118%, Val: 0.296%
[I 2025-10-25 04:43:43,185] Trial 1227 finished with value: -0.11800000000000002 and parameters: {'w_boll': 0.3189920842461778, 'w_rsi': 0.5847411466448256, 'w_mom': 0.5279759793721772, 'w_vwap': 0.9972274710670432, 'w_orb': 1.7927763699668624, 'w_ofi': 0.7106856052799372, 'w_vol': 1.9765605153284813, 'win_boll': 15, 'win_rsi': 5, 'win_mom': 6, 'win_vwap': 30, 'orb_opening_bars': 49, 'vol_window': 25}. Best is trial 868 with value: 0.384.
Trial 1228: ACCEPT (degrade 18.3%) - Eval: 0.082%, Val: 0.067%
[I 2025-10-25 04:43:43,918] Trial 1228 finished with value: 0.08199999999999999 and parameters: {'w_boll': 0.43089057313045154, 'w_rsi': 0.20975176601752335, 'w_mom': 1.329301041247125, 'w_vwap': 0.6812908206761821, 'w_orb': 1.9004661587261082, 'w_ofi': 1.9342763770050997, 'w_vol': 1.821672129774313, 'win_boll': 14, 'win_rsi': 6, 'win_mom': 3, 'win_vwap': 13, 'orb_opening_bars': 34, 'vol_window': 12}. Best is trial 868 with value: 0.384.
Trial 1229: ACCEPT (degrade 0.0%) - Eval: -0.114%, Val: 0.128%
[I 2025-10-25 04:43:44,672] Trial 1229 finished with value: -0.11400000000000002 and parameters: {'w_boll': 0.17651100696407826, 'w_rsi': 0.3606627950352042, 'w_mom': 0.29132522213534895, 'w_vwap': 0.4870781370961266, 'w_orb': 1.8411959282588133, 'w_ofi': 0.37995303245632095, 'w_vol': 1.759734516436975, 'win_boll': 12, 'win_rsi': 5, 'win_mom': 5, 'win_vwap': 17, 'orb_opening_bars': 50, 'vol_window': 10}. Best is trial 868 with value: 0.384.
Trial 1230: ACCEPT (degrade 0.0%) - Eval: -0.228%, Val: 0.095%
[I 2025-10-25 04:43:45,463] Trial 1230 finished with value: -0.22800000000000004 and parameters: {'w_boll': 0.2799388878414994, 'w_rsi': 0.1699493201292926, 'w_mom': 0.20795887253951625, 'w_vwap': 0.5488780447718828, 'w_orb': 1.959831824726395, 'w_ofi': 1.8703882613752885, 'w_vol': 0.8006011609306134, 'win_boll': 13, 'win_rsi': 7, 'win_mom': 3, 'win_vwap': 12, 'orb_opening_bars': 47, 'vol_window': 13}. Best is trial 868 with value: 0.384.Best trial: 868. Best value: 0.384:  62%|██████▏   | 1247/2000 [15:55<09:36,  1.31it/s]Best trial: 868. Best value: 0.384:  62%|██████▏   | 1247/2000 [15:55<09:36,  1.31it/s]Best trial: 868. Best value: 0.384:  62%|██████▏   | 1248/2000 [15:55<09:33,  1.31it/s]                                                                                       Best trial: 868. Best value: 0.384:  62%|██████▏   | 1248/2000 [15:55<09:33,  1.31it/s]Best trial: 868. Best value: 0.384:  62%|██████▏   | 1248/2000 [15:55<09:33,  1.31it/s]Best trial: 868. Best value: 0.384:  62%|██████▏   | 1249/2000 [15:55<09:32,  1.31it/s]                                                                                       Best trial: 868. Best value: 0.384:  62%|██████▏   | 1249/2000 [15:56<09:32,  1.31it/s]Best trial: 868. Best value: 0.384:  62%|██████▏   | 1249/2000 [15:56<09:32,  1.31it/s]Best trial: 868. Best value: 0.384:  62%|██████▎   | 1250/2000 [15:56<09:30,  1.31it/s]                                                                                       Best trial: 868. Best value: 0.384:  62%|██████▎   | 1250/2000 [15:57<09:30,  1.31it/s]Best trial: 868. Best value: 0.384:  62%|██████▎   | 1250/2000 [15:57<09:30,  1.31it/s]Best trial: 868. Best value: 0.384:  63%|██████▎   | 1251/2000 [15:57<09:48,  1.27it/s]                                                                                       Best trial: 868. Best value: 0.384:  63%|██████▎   | 1251/2000 [15:58<09:48,  1.27it/s]Best trial: 868. Best value: 0.384:  63%|██████▎   | 1251/2000 [15:58<09:48,  1.27it/s]Best trial: 868. Best value: 0.384:  63%|██████▎   | 1252/2000 [15:58<09:47,  1.27it/s]                                                                                       Best trial: 868. Best value: 0.384:  63%|██████▎   | 1252/2000 [15:58<09:47,  1.27it/s]Best trial: 868. Best value: 0.384:  63%|██████▎   | 1252/2000 [15:58<09:47,  1.27it/s]Best trial: 868. Best value: 0.384:  63%|██████▎   | 1253/2000 [15:58<09:39,  1.29it/s]                                                                                       Best trial: 868. Best value: 0.384:  63%|██████▎   | 1253/2000 [15:59<09:39,  1.29it/s]Best trial: 868. Best value: 0.384:  63%|██████▎   | 1253/2000 [15:59<09:39,  1.29it/s]Best trial: 868. Best value: 0.384:  63%|██████▎   | 1254/2000 [15:59<09:34,  1.30it/s]                                                                                       Best trial: 868. Best value: 0.384:  63%|██████▎   | 1254/2000 [16:00<09:34,  1.30it/s]Best trial: 868. Best value: 0.384:  63%|██████▎   | 1254/2000 [16:00<09:34,  1.30it/s]Best trial: 868. Best value: 0.384:  63%|██████▎   | 1255/2000 [16:00<09:24,  1.32it/s]                                                                                       Best trial: 868. Best value: 0.384:  63%|██████▎   | 1255/2000 [16:01<09:24,  1.32it/s]Best trial: 868. Best value: 0.384:  63%|██████▎   | 1255/2000 [16:01<09:24,  1.32it/s]Best trial: 868. Best value: 0.384:  63%|██████▎   | 1256/2000 [16:01<09:21,  1.32it/s]                                                                                       Best trial: 868. Best value: 0.384:  63%|██████▎   | 1256/2000 [16:01<09:21,  1.32it/s]Best trial: 868. Best value: 0.384:  63%|██████▎   | 1256/2000 [16:01<09:21,  1.32it/s]Best trial: 868. Best value: 0.384:  63%|██████▎   | 1257/2000 [16:01<09:22,  1.32it/s]                                                                                       Best trial: 868. Best value: 0.384:  63%|██████▎   | 1257/2000 [16:02<09:22,  1.32it/s]Best trial: 868. Best value: 0.384:  63%|██████▎   | 1257/2000 [16:02<09:22,  1.32it/s]Best trial: 868. Best value: 0.384:  63%|██████▎   | 1258/2000 [16:02<09:20,  1.32it/s]                                                                                       Best trial: 868. Best value: 0.384:  63%|██████▎   | 1258/2000 [16:03<09:20,  1.32it/s]Best trial: 868. Best value: 0.384:  63%|██████▎   | 1258/2000 [16:03<09:20,  1.32it/s]Best trial: 868. Best value: 0.384:  63%|██████▎   | 1259/2000 [16:03<09:23,  1.32it/s]                                                                                       Best trial: 868. Best value: 0.384:  63%|██████▎   | 1259/2000 [16:04<09:23,  1.32it/s]Best trial: 868. Best value: 0.384:  63%|██████▎   | 1259/2000 [16:04<09:23,  1.32it/s]Best trial: 868. Best value: 0.384:  63%|██████▎   | 1260/2000 [16:04<09:24,  1.31it/s]                                                                                       Best trial: 868. Best value: 0.384:  63%|██████▎   | 1260/2000 [16:05<09:24,  1.31it/s]Best trial: 868. Best value: 0.384:  63%|██████▎   | 1260/2000 [16:05<09:24,  1.31it/s]Best trial: 868. Best value: 0.384:  63%|██████▎   | 1261/2000 [16:05<09:27,  1.30it/s]                                                                                       Best trial: 868. Best value: 0.384:  63%|██████▎   | 1261/2000 [16:05<09:27,  1.30it/s]Best trial: 868. Best value: 0.384:  63%|██████▎   | 1261/2000 [16:05<09:27,  1.30it/s]Best trial: 868. Best value: 0.384:  63%|██████▎   | 1262/2000 [16:05<09:28,  1.30it/s]                                                                                       Best trial: 868. Best value: 0.384:  63%|██████▎   | 1262/2000 [16:06<09:28,  1.30it/s]Best trial: 868. Best value: 0.384:  63%|██████▎   | 1262/2000 [16:06<09:28,  1.30it/s]Best trial: 868. Best value: 0.384:  63%|██████▎   | 1263/2000 [16:06<09:20,  1.31it/s]                                                                                       Best trial: 868. Best value: 0.384:  63%|██████▎   | 1263/2000 [16:07<09:20,  1.31it/s]Best trial: 868. Best value: 0.384:  63%|██████▎   | 1263/2000 [16:07<09:20,  1.31it/s]Best trial: 868. Best value: 0.384:  63%|██████▎   | 1264/2000 [16:07<09:20,  1.31it/s]                                                                                       
Trial 1231: ACCEPT (degrade 0.0%) - Eval: -0.006%, Val: 0.002%
[I 2025-10-25 04:43:46,220] Trial 1231 finished with value: -0.006000000000000005 and parameters: {'w_boll': 0.3732043771481285, 'w_rsi': 0.2676544810123433, 'w_mom': 1.2035742314970117, 'w_vwap': 0.7468949762780857, 'w_orb': 1.8817327242907356, 'w_ofi': 1.8028463364183664, 'w_vol': 1.900491478486442, 'win_boll': 15, 'win_rsi': 8, 'win_mom': 4, 'win_vwap': 11, 'orb_opening_bars': 49, 'vol_window': 27}. Best is trial 868 with value: 0.384.
Trial 1232: ACCEPT (degrade 0.0%) - Eval: -0.040%, Val: 0.093%
[I 2025-10-25 04:43:46,951] Trial 1232 finished with value: -0.04 and parameters: {'w_boll': 0.47414057387184183, 'w_rsi': 0.33459192379979374, 'w_mom': 0.13121443434794294, 'w_vwap': 0.7093580599308854, 'w_orb': 1.9271203369009555, 'w_ofi': 0.5034170812520137, 'w_vol': 1.7123143849044071, 'win_boll': 13, 'win_rsi': 6, 'win_mom': 6, 'win_vwap': 10, 'orb_opening_bars': 50, 'vol_window': 12}. Best is trial 868 with value: 0.384.
Trial 1233: ACCEPT (degrade -413.5%) - Eval: 0.052%, Val: 0.267%
[I 2025-10-25 04:43:47,708] Trial 1233 finished with value: 0.05199999999999998 and parameters: {'w_boll': 0.8326846935152663, 'w_rsi': 0.4796991243430757, 'w_mom': 0.2304111395771104, 'w_vwap': 0.6055573242168533, 'w_orb': 1.9670671279234035, 'w_ofi': 0.6678074887158159, 'w_vol': 1.4622217236957797, 'win_boll': 14, 'win_rsi': 7, 'win_mom': 8, 'win_vwap': 13, 'orb_opening_bars': 47, 'vol_window': 11}. Best is trial 868 with value: 0.384.
Trial 1234: ACCEPT (degrade 0.0%) - Eval: 0.000%, Val: 0.090%
[I 2025-10-25 04:43:48,517] Trial 1234 finished with value: 0.0 and parameters: {'w_boll': 0.10289737144674649, 'w_rsi': 0.6589638769333168, 'w_mom': 1.3475696095976104, 'w_vwap': 0.777173995167757, 'w_orb': 1.813782610676079, 'w_ofi': 1.9435660431770014, 'w_vol': 1.860858789924728, 'win_boll': 12, 'win_rsi': 6, 'win_mom': 4, 'win_vwap': 14, 'orb_opening_bars': 28, 'vol_window': 11}. Best is trial 868 with value: 0.384.
Trial 1235: ACCEPT (degrade -631.3%) - Eval: 0.016%, Val: 0.117%
[I 2025-10-25 04:43:49,290] Trial 1235 finished with value: 0.015999999999999986 and parameters: {'w_boll': 0.3383258442090932, 'w_rsi': 0.386198313274933, 'w_mom': 0.16914632599510013, 'w_vwap': 0.6579350457158599, 'w_orb': 1.859972204202239, 'w_ofi': 0.4328542057477087, 'w_vol': 1.9340130008227328, 'win_boll': 14, 'win_rsi': 5, 'win_mom': 3, 'win_vwap': 11, 'orb_opening_bars': 49, 'vol_window': 13}. Best is trial 868 with value: 0.384.
Trial 1236: REJECT (overfit 0.0%) - Eval: -0.006%, Val: -0.118%
[I 2025-10-25 04:43:50,023] Trial 1236 finished with value: -999.0 and parameters: {'w_boll': 0.40516404085009955, 'w_rsi': 0.228716903806278, 'w_mom': 1.2365782378056949, 'w_vwap': 0.7405257693110632, 'w_orb': 0.5799744992681428, 'w_ofi': 1.970153369564762, 'w_vol': 1.8084671440702125, 'win_boll': 16, 'win_rsi': 7, 'win_mom': 4, 'win_vwap': 12, 'orb_opening_bars': 48, 'vol_window': 10}. Best is trial 868 with value: 0.384.
Trial 1237: ACCEPT (degrade 0.0%) - Eval: -0.224%, Val: 0.014%
[I 2025-10-25 04:43:50,776] Trial 1237 finished with value: -0.22399999999999998 and parameters: {'w_boll': 1.6916107709703032, 'w_rsi': 0.2940665812906863, 'w_mom': 1.294718986334387, 'w_vwap': 0.5823917140211632, 'w_orb': 1.9156240629357066, 'w_ofi': 0.7434641475797523, 'w_vol': 1.9607612309018547, 'win_boll': 13, 'win_rsi': 6, 'win_mom': 5, 'win_vwap': 16, 'orb_opening_bars': 48, 'vol_window': 12}. Best is trial 868 with value: 0.384.
Trial 1238: ACCEPT (degrade -817.9%) - Eval: 0.028%, Val: 0.257%
[I 2025-10-25 04:43:51,574] Trial 1238 finished with value: 0.02799999999999999 and parameters: {'w_boll': 0.25151225952735706, 'w_rsi': 0.9645333491199842, 'w_mom': 1.392706866410367, 'w_vwap': 0.4338588797201489, 'w_orb': 1.9715474253805874, 'w_ofi': 1.8971051774974192, 'w_vol': 1.8773881601229854, 'win_boll': 11, 'win_rsi': 5, 'win_mom': 7, 'win_vwap': 15, 'orb_opening_bars': 50, 'vol_window': 11}. Best is trial 868 with value: 0.384.
Trial 1239: ACCEPT (degrade 0.0%) - Eval: -0.108%, Val: 0.288%
[I 2025-10-25 04:43:52,359] Trial 1239 finished with value: -0.10800000000000001 and parameters: {'w_boll': 0.3003132702171788, 'w_rsi': 0.4290431569995706, 'w_mom': 0.7782004991377689, 'w_vwap': 0.3270802927600548, 'w_orb': 1.8905828021196074, 'w_ofi': 1.8326834109895944, 'w_vol': 1.7791794537309193, 'win_boll': 15, 'win_rsi': 6, 'win_mom': 3, 'win_vwap': 12, 'orb_opening_bars': 49, 'vol_window': 14}. Best is trial 868 with value: 0.384.
Trial 1240: REJECT (overfit 104.6%) - Eval: 0.304%, Val: -0.014%
[I 2025-10-25 04:43:53,128] Trial 1240 finished with value: -999.0 and parameters: {'w_boll': 1.9311739833191908, 'w_rsi': 0.25197076830116927, 'w_mom': 0.10058050464738055, 'w_vwap': 0.8484579783927612, 'w_orb': 1.9400434092041028, 'w_ofi': 0.5421358982994743, 'w_vol': 1.8392964660562001, 'win_boll': 12, 'win_rsi': 7, 'win_mom': 4, 'win_vwap': 41, 'orb_opening_bars': 49, 'vol_window': 10}. Best is trial 868 with value: 0.384.
Trial 1241: ACCEPT (degrade 0.0%) - Eval: -0.218%, Val: 0.237%
[I 2025-10-25 04:43:53,862] Trial 1241 finished with value: -0.21800000000000003 and parameters: {'w_boll': 0.3586651367299828, 'w_rsi': 0.18791095041914854, 'w_mom': 0.6175032858569137, 'w_vwap': 0.6986431550416279, 'w_orb': 1.7695662949380946, 'w_ofi': 0.6948006117843188, 'w_vol': 1.9991525307302305, 'win_boll': 32, 'win_rsi': 8, 'win_mom': 5, 'win_vwap': 10, 'orb_opening_bars': 47, 'vol_window': 13}. Best is trial 868 with value: 0.384.
Trial 1242: ACCEPT (degrade 0.0%) - Eval: -0.458%, Val: 0.343%
[I 2025-10-25 04:43:54,659] Trial 1242 finished with value: -0.458 and parameters: {'w_boll': 0.4245604710291347, 'w_rsi': 0.5124173617283836, 'w_mom': 1.450734558650128, 'w_vwap': 0.16642825673546935, 'w_orb': 1.9987594455621909, 'w_ofi': 0.5882601934830873, 'w_vol': 1.9055559076882873, 'win_boll': 16, 'win_rsi': 25, 'win_mom': 6, 'win_vwap': 14, 'orb_opening_bars': 19, 'vol_window': 12}. Best is trial 868 with value: 0.384.
Trial 1243: ACCEPT (degrade 0.0%) - Eval: -0.114%, Val: 0.212%
[I 2025-10-25 04:43:55,417] Trial 1243 finished with value: -0.11400000000000002 and parameters: {'w_boll': 0.47886216662870196, 'w_rsi': 0.2868708739997977, 'w_mom': 0.19654855421131912, 'w_vwap': 0.6386548697963891, 'w_orb': 1.8448084354132521, 'w_ofi': 0.482446683518379, 'w_vol': 1.9398564771997147, 'win_boll': 14, 'win_rsi': 14, 'win_mom': 3, 'win_vwap': 32, 'orb_opening_bars': 37, 'vol_window': 36}. Best is trial 868 with value: 0.384.
Trial 1244: ACCEPT (degrade -65.3%) - Eval: 0.124%, Val: 0.205%
[I 2025-10-25 04:43:56,179] Trial 1244 finished with value: 0.12400000000000003 and parameters: {'w_boll': 0.3782774867033478, 'w_rsi': 0.3265498159633053, 'w_mom': 0.24569397599937207, 'w_vwap': 0.8031742835130649, 'w_orb': 1.9130450831784134, 'w_ofi': 0.320346030536376, 'w_vol': 1.7447467208405674, 'win_boll': 13, 'win_rsi': 6, 'win_mom': 7, 'win_vwap': 28, 'orb_opening_bars': 48, 'vol_window': 11}. Best is trial 868 with value: 0.384.
Trial 1245: REJECT (overfit 0.0%) - Eval: -0.064%, Val: -0.098%
[I 2025-10-25 04:43:56,916] Trial 1245 finished with value: -999.0 and parameters: {'w_boll': 0.9680948109230809, 'w_rsi': 0.37983312816517495, 'w_mom': 0.16079387994541028, 'w_vwap': 0.5311849647395492, 'w_orb': 0.8374863721675323, 'w_ofi': 0.24047060199105597, 'w_vol': 1.822926589774066, 'win_boll': 11, 'win_rsi': 5, 'win_mom': 6, 'win_vwap': 13, 'orb_opening_bars': 36, 'vol_window': 12}. Best is trial 868 with value: 0.384.
Trial 1246: ACCEPT (degrade -8877495585472721920.0%) - Eval: 0.000%, Val: 0.308%
