[I 2025-10-25 04:40:57,122] Trial 1012 finished with value: 0.294 and parameters: {'w_boll': 0.20330174571477586, 'w_rsi': 0.21871483334521524, 'w_mom': 1.2433032657668492, 'w_vwap': 0.9627571078116055, 'w_orb': 1.9712494279168853, 'w_ofi': 0.6647506375573746, 'w_vol': 1.8609308992482083, 'win_boll': 13, 'win_rsi': 7, 'win_mom': 5, 'win_vwap': 15, 'orb_opening_bars': 48, 'vol_window': 10}. Best is trial 868 with value: 0.384.
Trial 1013: ACCEPT (degrade 0.0%) - Eval: -0.018%, Val: -0.003%
[I 2025-10-25 04:40:57,849] Trial 1013 finished with value: -0.017999999999999995 and parameters: {'w_boll': 0.18610681571934756, 'w_rsi': 0.1708066242444689, 'w_mom': 1.1908194694518337, 'w_vwap': 0.9570411925744162, 'w_orb': 1.9666646747581678, 'w_ofi': 0.5929073796328641, 'w_vol': 1.9266162067047432, 'win_boll': 13, 'win_rsi': 5, 'win_mom': 5, 'win_vwap': 15, 'orb_opening_bars': 47, 'vol_window': 10}. Best is trial 868 with value: 0.384.
Trial 1014: ACCEPT (degrade 0.0%) - Eval: -0.148%, Val: 0.250%
[I 2025-10-25 04:40:58,595] Trial 1014 finished with value: -0.148 and parameters: {'w_boll': 0.1414809993558104, 'w_rsi': 0.1740582063796767, 'w_mom': 1.1515113461521083, 'w_vwap': 0.9270374826187369, 'w_orb': 1.9707474993569218, 'w_ofi': 0.6433628076318731, 'w_vol': 1.8734513403883235, 'win_boll': 14, 'win_rsi': 7, 'win_mom': 5, 'win_vwap': 13, 'orb_opening_bars': 48, 'vol_window': 10}. Best is trial 868 with value: 0.384.
Trial 1015: REJECT (overfit 22.0%) - Eval: 0.314%, Val: 0.245%
[I 2025-10-25 04:40:59,390] Trial 1015 finished with value: -999.0 and parameters: {'w_boll': 0.2143114563934666, 'w_rsi': 0.20525690489652548, 'w_mom': 1.197338429626445, 'w_vwap': 0.8789905997009522, 'w_orb': 1.9772183610562455, 'w_ofi': 0.6206482994155862, 'w_vol': 1.8933856620849194, 'win_boll': 13, 'win_rsi': 7, 'win_mom': 5, 'win_vwap': 13, 'orb_opening_bars': 47, 'vol_window': 10}. Best is trial 868 with value: 0.384.
Trial 1016: ACCEPT (degrade 0.0%) - Eval: -0.044%, Val: 0.332%
[I 2025-10-25 04:41:01,023] Trial 1016 finished with value: -0.044 and parameters: {'w_boll': 0.19719151523089418, 'w_rsi': 0.22032870640006738, 'w_mom': 1.2461467354128817, 'w_vwap': 1.0255066646295508, 'w_orb': 1.9341813497920002, 'w_ofi': 0.5668257698064886, 'w_vol': 1.9615079130761126, 'win_boll': 13, 'win_rsi': 8, 'win_mom': 5, 'win_vwap': 30, 'orb_opening_bars': 48, 'vol_window': 10}. Best is trial 868 with value: 0.384.
Trial 1017: REJECT (overfit 75.5%) - Eval: 0.200%, Val: 0.049%
[I 2025-10-25 04:41:01,790] Trial 1017 finished with value: -999.0 and parameters: {'w_boll': 0.2139688642667914, 'w_rsi': 0.13432457084045785, 'w_mom': 1.2642130590340024, 'w_vwap': 0.9050981226315814, 'w_orb': 1.9984046422661745, 'w_ofi': 0.5146137276569771, 'w_vol': 1.8536654777398145, 'win_boll': 14, 'win_rsi': 6, 'win_mom': 5, 'win_vwap': 14, 'orb_opening_bars': 47, 'vol_window': 10}. Best is trial 868 with value: 0.384.
Trial 1018: ACCEPT (degrade 0.0%) - Eval: -0.094%, Val: 0.156%
[I 2025-10-25 04:41:02,543] Trial 1018 finished with value: -0.094 and parameters: {'w_boll': 0.11657917852124952, 'w_rsi': 0.24017274507952452, 'w_mom': 1.274338102514535, 'w_vwap': 0.9783728113553039, 'w_orb': 1.898350162387924, 'w_ofi': 1.8215365337718465, 'w_vol': 1.9263868055180233, 'win_boll': 14, 'win_rsi': 6, 'win_mom': 5, 'win_vwap': 15, 'orb_opening_bars': 49, 'vol_window': 11}. Best is trial 868 with value: 0.384.
Trial 1019: ACCEPT (degrade 0.0%) - Eval: -0.020%, Val: 0.090%
[I 2025-10-25 04:41:03,318] Trial 1019 finished with value: -0.020000000000000007 and parameters: {'w_boll': 0.22058425806143483, 'w_rsi': 0.19585093421062036, 'w_mom': 1.230320871506477, 'w_vwap': 1.0315651171797255, 'w_orb': 1.9993971149893015, 'w_ofi': 0.6736320565474583, 'w_vol': 1.896757017283029, 'win_boll': 13, 'win_rsi': 5, 'win_mom': 5, 'win_vwap': 12, 'orb_opening_bars': 48, 'vol_window': 10}. Best is trial 868 with value: 0.384.
Trial 1020: ACCEPT (degrade 0.0%) - Eval: -0.186%, Val: 0.044%
[I 2025-10-25 04:41:04,054] Trial 1020 finished with value: -0.186 and parameters: {'w_boll': 0.2440128812786739, 'w_rsi': 0.154386530811365, 'w_mom': 1.1808395112920265, 'w_vwap': 0.9373053007206797, 'w_orb': 1.5160925121219788, 'w_ofi': 1.8590467975899452, 'w_vol': 1.8559927112446708, 'win_boll': 14, 'win_rsi': 22, 'win_mom': 6, 'win_vwap': 23, 'orb_opening_bars': 49, 'vol_window': 14}. Best is trial 868 with value: 0.384.
Trial 1021: ACCEPT (degrade -139.0%) - Eval: 0.100%, Val: 0.239%
[I 2025-10-25 04:41:04,815] Trial 1021 finished with value: 0.1 and parameters: {'w_boll': 0.2599464363098503, 'w_rsi': 0.24379267879241864, 'w_mom': 1.2399795760846781, 'w_vwap': 0.8146762127768612, 'w_orb': 1.7765107019046888, 'w_ofi': 1.9979693324252388, 'w_vol': 1.9757859947806118, 'win_boll': 13, 'win_rsi': 7, 'win_mom': 5, 'win_vwap': 13, 'orb_opening_bars': 48, 'vol_window': 12}. Best is trial 868 with value: 0.384.
Trial 1022: ACCEPT (degrade -1150.0%) - Eval: 0.008%, Val: 0.100%
[I 2025-10-25 04:41:05,563] Trial 1022 finished with value: 0.007999999999999985 and parameters: {'w_boll': 0.18131530558674946, 'w_rsi': 0.1945892227924393, 'w_mom': 0.5433932970260527, 'w_vwap': 0.8551048260635316, 'w_orb': 1.8500658536220953, 'w_ofi': 1.9456992937367645, 'w_vol': 1.942675145313047, 'win_boll': 19, 'win_rsi': 6, 'win_mom': 6, 'win_vwap': 12, 'orb_opening_bars': 47, 'vol_window': 11}. Best is trial 868 with value: 0.384.
Trial 1023: REJECT (overfit 41.9%) - Eval: 0.124%, Val: 0.072%
[I 2025-10-25 04:41:06,364] Trial 1023 finished with value: -999.0 and parameters: {'w_boll': 0.12483246340868384, 'w_rsi': 0.2498943556016323, 'w_mom': 1.2871809030783226, 'w_vwap': 0.7697499217074909, 'w_orb': 1.9398634524363194, 'w_ofi': 0.6224468822306345, 'w_vol': 1.8791362613243408, 'win_boll': 12, 'win_rsi': 5, 'win_mom': 5, 'win_vwap': 14, 'orb_opening_bars': 49, 'vol_window': 15}. Best is trial 868 with value: 0.384.
Trial 1024: REJECT (overfit 156.0%) - Eval: 0.134%, Val: -0.075%
[I 2025-10-25 04:41:07,115] Trial 1024 finished with value: -999.0 and parameters: {'w_boll': 0.10402618105130226, 'w_rsi': 0.1010239840593995, 'w_mom': 1.2110006357397576, 'w_vwap': 0.956133361996006, 'w_orb': 1.0306003977977047, 'w_ofi': 1.2321165253877047, 'w_vol': 1.8347963171751387, 'win_boll': 15, 'win_rsi': 7, 'win_mom': 6, 'win_vwap': 13, 'orb_opening_bars': 15, 'vol_window': 10}. Best is trial 868 with value: 0.384.
Trial 1025: ACCEPT (degrade -378.6%) - Eval: 0.028%, Val: 0.134%
[I 2025-10-25 04:41:07,852] Trial 1025 finished with value: 0.02799999999999997 and parameters: {'w_boll': 0.2671678139035196, 'w_rsi': 0.2099909788034498, 'w_mom': 1.3082582151101554, 'w_vwap': 0.8273574821735679, 'w_orb': 1.8865008825917047, 'w_ofi': 0.4739007793519552, 'w_vol': 1.9089063942514501, 'win_boll': 13, 'win_rsi': 8, 'win_mom': 4, 'win_vwap': 15, 'orb_opening_bars': 50, 'vol_window': 12}. Best is trial 868 with value: 0.384.
Trial 1026: ACCEPT (degrade 0.0%) - Eval: -0.176%, Val: 0.206%
[I 2025-10-25 04:41:08,600] Trial 1026 finished with value: -0.176 and parameters: {'w_boll': 0.1675692389011474, 'w_rsi': 0.14918342411091082, 'w_mom': 1.03445302553328, 'w_vwap': 0.8674644231071793, 'w_orb': 1.9992627536105385, 'w_ofi': 1.9314558878641919, 'w_vol': 1.807705608105592, 'win_boll': 14, 'win_rsi': 6, 'win_mom': 5, 'win_vwap': 12, 'orb_opening_bars': 48, 'vol_window': 13}. Best is trial 868 with value: 0.384.Best trial: 868. Best value: 0.384:  52%|█████▏    | 1043/2000 [13:18<12:01,  1.33it/s]Best trial: 868. Best value: 0.384:  52%|█████▏    | 1043/2000 [13:18<12:01,  1.33it/s]Best trial: 868. Best value: 0.384:  52%|█████▏    | 1044/2000 [13:18<12:07,  1.31it/s]                                                                                       Best trial: 868. Best value: 0.384:  52%|█████▏    | 1044/2000 [13:18<12:07,  1.31it/s]Best trial: 868. Best value: 0.384:  52%|█████▏    | 1044/2000 [13:18<12:07,  1.31it/s]Best trial: 868. Best value: 0.384:  52%|█████▏    | 1045/2000 [13:18<12:06,  1.31it/s]                                                                                       Best trial: 868. Best value: 0.384:  52%|█████▏    | 1045/2000 [13:19<12:06,  1.31it/s]Best trial: 868. Best value: 0.384:  52%|█████▏    | 1045/2000 [13:19<12:06,  1.31it/s]Best trial: 868. Best value: 0.384:  52%|█████▏    | 1046/2000 [13:19<11:56,  1.33it/s]                                                                                       Best trial: 868. Best value: 0.384:  52%|█████▏    | 1046/2000 [13:20<11:56,  1.33it/s]Best trial: 868. Best value: 0.384:  52%|█████▏    | 1046/2000 [13:20<11:56,  1.33it/s]Best trial: 868. Best value: 0.384:  52%|█████▏    | 1047/2000 [13:20<11:58,  1.33it/s]                                                                                       Best trial: 868. Best value: 0.384:  52%|█████▏    | 1047/2000 [13:21<11:58,  1.33it/s]Best trial: 868. Best value: 0.384:  52%|█████▏    | 1047/2000 [13:21<11:58,  1.33it/s]Best trial: 868. Best value: 0.384:  52%|█████▏    | 1048/2000 [13:21<12:05,  1.31it/s]                                                                                       Best trial: 868. Best value: 0.384:  52%|█████▏    | 1048/2000 [13:21<12:05,  1.31it/s]Best trial: 868. Best value: 0.384:  52%|█████▏    | 1048/2000 [13:21<12:05,  1.31it/s]Best trial: 868. Best value: 0.384:  52%|█████▏    | 1049/2000 [13:21<12:01,  1.32it/s]                                                                                       Best trial: 868. Best value: 0.384:  52%|█████▏    | 1049/2000 [13:22<12:01,  1.32it/s]Best trial: 868. Best value: 0.384:  52%|█████▏    | 1049/2000 [13:22<12:01,  1.32it/s]Best trial: 868. Best value: 0.384:  52%|█████▎    | 1050/2000 [13:22<11:59,  1.32it/s]                                                                                       Best trial: 868. Best value: 0.384:  52%|█████▎    | 1050/2000 [13:23<11:59,  1.32it/s]Best trial: 868. Best value: 0.384:  52%|█████▎    | 1050/2000 [13:23<11:59,  1.32it/s]Best trial: 868. Best value: 0.384:  53%|█████▎    | 1051/2000 [13:23<11:49,  1.34it/s]                                                                                       Best trial: 868. Best value: 0.384:  53%|█████▎    | 1051/2000 [13:24<11:49,  1.34it/s]Best trial: 868. Best value: 0.384:  53%|█████▎    | 1051/2000 [13:24<11:49,  1.34it/s]Best trial: 868. Best value: 0.384:  53%|█████▎    | 1052/2000 [13:24<12:01,  1.31it/s]                                                                                       Best trial: 868. Best value: 0.384:  53%|█████▎    | 1052/2000 [13:24<12:01,  1.31it/s]Best trial: 868. Best value: 0.384:  53%|█████▎    | 1052/2000 [13:24<12:01,  1.31it/s]Best trial: 868. Best value: 0.384:  53%|█████▎    | 1053/2000 [13:24<11:56,  1.32it/s]                                                                                       Best trial: 868. Best value: 0.384:  53%|█████▎    | 1053/2000 [13:25<11:56,  1.32it/s]Best trial: 868. Best value: 0.384:  53%|█████▎    | 1053/2000 [13:25<11:56,  1.32it/s]Best trial: 868. Best value: 0.384:  53%|█████▎    | 1054/2000 [13:25<11:54,  1.32it/s]                                                                                       Best trial: 868. Best value: 0.384:  53%|█████▎    | 1054/2000 [13:26<11:54,  1.32it/s]Best trial: 868. Best value: 0.384:  53%|█████▎    | 1054/2000 [13:26<11:54,  1.32it/s]Best trial: 868. Best value: 0.384:  53%|█████▎    | 1055/2000 [13:26<11:46,  1.34it/s]                                                                                       Best trial: 868. Best value: 0.384:  53%|█████▎    | 1055/2000 [13:27<11:46,  1.34it/s]Best trial: 868. Best value: 0.384:  53%|█████▎    | 1055/2000 [13:27<11:46,  1.34it/s]Best trial: 868. Best value: 0.384:  53%|█████▎    | 1056/2000 [13:27<13:05,  1.20it/s]                                                                                       Best trial: 868. Best value: 0.384:  53%|█████▎    | 1056/2000 [13:28<13:05,  1.20it/s]Best trial: 868. Best value: 0.384:  53%|█████▎    | 1056/2000 [13:28<13:05,  1.20it/s]Best trial: 868. Best value: 0.384:  53%|█████▎    | 1057/2000 [13:28<12:43,  1.23it/s]                                                                                       Best trial: 868. Best value: 0.384:  53%|█████▎    | 1057/2000 [13:29<12:43,  1.23it/s]Best trial: 868. Best value: 0.384:  53%|█████▎    | 1057/2000 [13:29<12:43,  1.23it/s]Best trial: 868. Best value: 0.384:  53%|█████▎    | 1058/2000 [13:29<12:26,  1.26it/s]                                                                                       Best trial: 868. Best value: 0.384:  53%|█████▎    | 1058/2000 [13:29<12:26,  1.26it/s]Best trial: 868. Best value: 0.384:  53%|█████▎    | 1058/2000 [13:29<12:26,  1.26it/s]Best trial: 868. Best value: 0.384:  53%|█████▎    | 1059/2000 [13:29<12:13,  1.28it/s]                                                                                       Best trial: 868. Best value: 0.384:  53%|█████▎    | 1059/2000 [13:30<12:13,  1.28it/s]Best trial: 868. Best value: 0.384:  53%|█████▎    | 1059/2000 [13:30<12:13,  1.28it/s]Best trial: 868. Best value: 0.384:  53%|█████▎    | 1060/2000 [13:30<12:07,  1.29it/s]                                                                                       
Trial 1027: REJECT (overfit 67.6%) - Eval: 0.306%, Val: 0.099%
[I 2025-10-25 04:41:09,389] Trial 1027 finished with value: -999.0 and parameters: {'w_boll': 0.20269257105123367, 'w_rsi': 0.25490598279853205, 'w_mom': 1.1698682878946267, 'w_vwap': 0.7839442164775303, 'w_orb': 1.9245951543407336, 'w_ofi': 1.874281471822453, 'w_vol': 1.9323182872923355, 'win_boll': 12, 'win_rsi': 7, 'win_mom': 4, 'win_vwap': 11, 'orb_opening_bars': 46, 'vol_window': 11}. Best is trial 868 with value: 0.384.
Trial 1028: ACCEPT (degrade -120.8%) - Eval: 0.072%, Val: 0.159%
[I 2025-10-25 04:41:10,144] Trial 1028 finished with value: 0.07199999999999998 and parameters: {'w_boll': 0.17419698265341052, 'w_rsi': 0.1842010781193183, 'w_mom': 1.0808903709067528, 'w_vwap': 0.737529675563012, 'w_orb': 1.8229540940182094, 'w_ofi': 1.7838165891631617, 'w_vol': 1.8631297051145934, 'win_boll': 14, 'win_rsi': 5, 'win_mom': 5, 'win_vwap': 11, 'orb_opening_bars': 50, 'vol_window': 12}. Best is trial 868 with value: 0.384.
Trial 1029: ACCEPT (degrade 0.0%) - Eval: -0.010%, Val: 0.203%
[I 2025-10-25 04:41:10,867] Trial 1029 finished with value: -0.009999999999999998 and parameters: {'w_boll': 0.23401401768033464, 'w_rsi': 0.22267935320899881, 'w_mom': 1.3863214080536739, 'w_vwap': 0.7983449250139525, 'w_orb': 1.8760061616355916, 'w_ofi': 1.821398750380583, 'w_vol': 1.8963289735868096, 'win_boll': 28, 'win_rsi': 9, 'win_mom': 6, 'win_vwap': 30, 'orb_opening_bars': 49, 'vol_window': 11}. Best is trial 868 with value: 0.384.
Trial 1030: ACCEPT (degrade 0.0%) - Eval: -0.178%, Val: -0.171%
[I 2025-10-25 04:41:11,672] Trial 1030 finished with value: -0.178 and parameters: {'w_boll': 1.5420224282659043, 'w_rsi': 0.15011058591472484, 'w_mom': 1.1295627537276713, 'w_vwap': 0.7549650855454467, 'w_orb': 1.9602804404423897, 'w_ofi': 0.22172377872567206, 'w_vol': 1.9700534413190645, 'win_boll': 17, 'win_rsi': 6, 'win_mom': 4, 'win_vwap': 14, 'orb_opening_bars': 48, 'vol_window': 10}. Best is trial 868 with value: 0.384.
Trial 1031: ACCEPT (degrade 0.0%) - Eval: -0.012%, Val: 0.113%
[I 2025-10-25 04:41:12,461] Trial 1031 finished with value: -0.011999999999999978 and parameters: {'w_boll': 0.28254071856704127, 'w_rsi': 0.2688182893551421, 'w_mom': 1.2336800336367733, 'w_vwap': 1.0783057397349993, 'w_orb': 1.9171157569700357, 'w_ofi': 1.916503080930375, 'w_vol': 1.8370598015335102, 'win_boll': 13, 'win_rsi': 6, 'win_mom': 7, 'win_vwap': 12, 'orb_opening_bars': 49, 'vol_window': 25}. Best is trial 868 with value: 0.384.
Trial 1032: ACCEPT (degrade -238.9%) - Eval: 0.072%, Val: 0.244%
[I 2025-10-25 04:41:13,212] Trial 1032 finished with value: 0.072 and parameters: {'w_boll': 0.3155800640160023, 'w_rsi': 0.2884261916981967, 'w_mom': 1.2693126923459732, 'w_vwap': 0.7170031608637139, 'w_orb': 1.7699136465474923, 'w_ofi': 0.5254946515310627, 'w_vol': 1.7785921649169643, 'win_boll': 15, 'win_rsi': 8, 'win_mom': 3, 'win_vwap': 13, 'orb_opening_bars': 47, 'vol_window': 13}. Best is trial 868 with value: 0.384.
Trial 1033: ACCEPT (degrade -20.8%) - Eval: 0.048%, Val: 0.058%
[I 2025-10-25 04:41:13,962] Trial 1033 finished with value: 0.04799999999999999 and parameters: {'w_boll': 0.1781508737260618, 'w_rsi': 0.2147983552834548, 'w_mom': 1.3265130358877175, 'w_vwap': 0.9049262394322479, 'w_orb': 1.8605963595174022, 'w_ofi': 0.6692189624093499, 'w_vol': 1.9324331124213063, 'win_boll': 12, 'win_rsi': 7, 'win_mom': 4, 'win_vwap': 15, 'orb_opening_bars': 48, 'vol_window': 10}. Best is trial 868 with value: 0.384.
Trial 1034: ACCEPT (degrade 0.0%) - Eval: -0.144%, Val: -0.084%
[I 2025-10-25 04:41:14,750] Trial 1034 finished with value: -0.144 and parameters: {'w_boll': 0.5168031886959207, 'w_rsi': 0.1745014297567735, 'w_mom': 1.3588083605084744, 'w_vwap': 1.2346793389752782, 'w_orb': 1.9998089491476436, 'w_ofi': 0.42116603226243365, 'w_vol': 1.8647581888025382, 'win_boll': 13, 'win_rsi': 5, 'win_mom': 5, 'win_vwap': 11, 'orb_opening_bars': 50, 'vol_window': 28}. Best is trial 868 with value: 0.384.
Trial 1035: ACCEPT (degrade 0.0%) - Eval: -0.526%, Val: -0.148%
[I 2025-10-25 04:41:15,512] Trial 1035 finished with value: -0.526 and parameters: {'w_boll': 1.8221658325977301, 'w_rsi': 0.2501447044370763, 'w_mom': 0.9272838178094722, 'w_vwap': 1.9986481997576448, 'w_orb': 1.9409223377864906, 'w_ofi': 1.9981806764349965, 'w_vol': 1.8077872691952455, 'win_boll': 14, 'win_rsi': 6, 'win_mom': 3, 'win_vwap': 12, 'orb_opening_bars': 46, 'vol_window': 12}. Best is trial 868 with value: 0.384.
Trial 1036: ACCEPT (degrade 0.0%) - Eval: -0.106%, Val: 0.288%
[I 2025-10-25 04:41:16,273] Trial 1036 finished with value: -0.10600000000000001 and parameters: {'w_boll': 0.5522757424231002, 'w_rsi': 0.2749426513837787, 'w_mom': 1.2712073382015792, 'w_vwap': 0.9918651696443667, 'w_orb': 1.8266425055470952, 'w_ofi': 0.5935983897756751, 'w_vol': 1.4224377822980265, 'win_boll': 16, 'win_rsi': 7, 'win_mom': 4, 'win_vwap': 11, 'orb_opening_bars': 47, 'vol_window': 14}. Best is trial 868 with value: 0.384.
Trial 1037: ACCEPT (degrade -158.6%) - Eval: 0.116%, Val: 0.300%
[I 2025-10-25 04:41:17,011] Trial 1037 finished with value: 0.11600000000000002 and parameters: {'w_boll': 0.3003201297611897, 'w_rsi': 0.21344324508350487, 'w_mom': 1.1597489159171714, 'w_vwap': 0.8220897480152193, 'w_orb': 1.8972057879453907, 'w_ofi': 1.96283563794404, 'w_vol': 1.9981848667265525, 'win_boll': 14, 'win_rsi': 5, 'win_mom': 5, 'win_vwap': 19, 'orb_opening_bars': 49, 'vol_window': 11}. Best is trial 868 with value: 0.384.
Trial 1038: REJECT (overfit 134.5%) - Eval: 0.084%, Val: -0.029%
[I 2025-10-25 04:41:17,759] Trial 1038 finished with value: -999.0 and parameters: {'w_boll': 0.609724458900693, 'w_rsi': 0.14370663027102026, 'w_mom': 1.2172604128813194, 'w_vwap': 0.6960763884194213, 'w_orb': 1.9616568204156897, 'w_ofi': 1.7282572812360508, 'w_vol': 1.898269740071068, 'win_boll': 12, 'win_rsi': 6, 'win_mom': 3, 'win_vwap': 13, 'orb_opening_bars': 50, 'vol_window': 12}. Best is trial 868 with value: 0.384.
Trial 1039: ACCEPT (degrade -2500.0%) - Eval: 0.008%, Val: 0.208%
[I 2025-10-25 04:41:18,549] Trial 1039 finished with value: 0.007999999999999997 and parameters: {'w_boll': 0.25794806772559953, 'w_rsi': 0.40845988581057024, 'w_mom': 1.4079977307844964, 'w_vwap': 0.772742564257718, 'w_orb': 1.9113976379674174, 'w_ofi': 1.8949368466727219, 'w_vol': 1.8317963474824897, 'win_boll': 20, 'win_rsi': 7, 'win_mom': 6, 'win_vwap': 10, 'orb_opening_bars': 48, 'vol_window': 13}. Best is trial 868 with value: 0.384.
Trial 1040: ACCEPT (degrade -80.8%) - Eval: 0.224%, Val: 0.405%
[I 2025-10-25 04:41:19,304] Trial 1040 finished with value: 0.22399999999999998 and parameters: {'w_boll': 0.49041803519981514, 'w_rsi': 0.36787448707351444, 'w_mom': 1.3160579083583648, 'w_vwap': 0.851570557205087, 'w_orb': 1.793237317923231, 'w_ofi': 0.3555837076154852, 'w_vol': 1.9658328562068157, 'win_boll': 15, 'win_rsi': 6, 'win_mom': 7, 'win_vwap': 34, 'orb_opening_bars': 49, 'vol_window': 10}. Best is trial 868 with value: 0.384.
Trial 1041: ACCEPT (degrade -112.1%) - Eval: 0.058%, Val: 0.123%
[I 2025-10-25 04:41:20,047] Trial 1041 finished with value: 0.05800000000000001 and parameters: {'w_boll': 0.2872546039102077, 'w_rsi': 0.29185849115613527, 'w_mom': 1.4869417325885583, 'w_vwap': 0.7320566434031034, 'w_orb': 1.857300601131587, 'w_ofi': 0.6584863570078349, 'w_vol': 1.9173967404962307, 'win_boll': 26, 'win_rsi': 8, 'win_mom': 4, 'win_vwap': 36, 'orb_opening_bars': 50, 'vol_window': 11}. Best is trial 868 with value: 0.384.
Trial 1042: REJECT (overfit 146.6%) - Eval: 0.058%, Val: -0.027%
[I 2025-10-25 04:41:20,796] Trial 1042 finished with value: -999.0 and parameters: {'w_boll': 0.3452366505454005, 'w_rsi': 0.1028612249934479, 'w_mom': 1.256485746057249, 'w_vwap': 0.6867481731194157, 'w_orb': 1.2517875906939324, 'w_ofi': 0.5567804505703777, 'w_vol': 1.745404323258546, 'win_boll': 12, 'win_rsi': 7, 'win_mom': 4, 'win_vwap': 12, 'orb_opening_bars': 48, 'vol_window': 11}. Best is trial 868 with value: 0.384.
Trial 1043: ACCEPT (degrade 0.0%) - Eval: -0.166%, Val: 0.028%
