[I 2025-10-25 04:42:00,529] Trial 1094 finished with value: 0.052000000000000005 and parameters: {'w_boll': 0.4589339329954597, 'w_rsi': 0.9964770551083064, 'w_mom': 0.19989719080872637, 'w_vwap': 0.833412255439097, 'w_orb': 1.8256126943558157, 'w_ofi': 1.9002175258418035, 'w_vol': 1.8566550825418708, 'win_boll': 10, 'win_rsi': 8, 'win_mom': 4, 'win_vwap': 13, 'orb_opening_bars': 49, 'vol_window': 10}. Best is trial 868 with value: 0.384.Best trial: 868. Best value: 0.384:  56%|█████▌    | 1111/2000 [14:10<11:16,  1.31it/s]Best trial: 868. Best value: 0.384:  56%|█████▌    | 1111/2000 [14:10<11:16,  1.31it/s]Best trial: 868. Best value: 0.384:  56%|█████▌    | 1112/2000 [14:10<11:12,  1.32it/s]                                                                                       Best trial: 868. Best value: 0.384:  56%|█████▌    | 1112/2000 [14:10<11:12,  1.32it/s]Best trial: 868. Best value: 0.384:  56%|█████▌    | 1112/2000 [14:10<11:12,  1.32it/s]Best trial: 868. Best value: 0.384:  56%|█████▌    | 1113/2000 [14:10<11:08,  1.33it/s]                                                                                       Best trial: 868. Best value: 0.384:  56%|█████▌    | 1113/2000 [14:11<11:08,  1.33it/s]Best trial: 868. Best value: 0.384:  56%|█████▌    | 1113/2000 [14:11<11:08,  1.33it/s]Best trial: 868. Best value: 0.384:  56%|█████▌    | 1114/2000 [14:11<11:11,  1.32it/s]                                                                                       Best trial: 868. Best value: 0.384:  56%|█████▌    | 1114/2000 [14:12<11:11,  1.32it/s]Best trial: 868. Best value: 0.384:  56%|█████▌    | 1114/2000 [14:12<11:11,  1.32it/s]Best trial: 868. Best value: 0.384:  56%|█████▌    | 1115/2000 [14:12<11:12,  1.32it/s]                                                                                       Best trial: 868. Best value: 0.384:  56%|█████▌    | 1115/2000 [14:13<11:12,  1.32it/s]Best trial: 868. Best value: 0.384:  56%|█████▌    | 1115/2000 [14:13<11:12,  1.32it/s]Best trial: 868. Best value: 0.384:  56%|█████▌    | 1116/2000 [14:13<11:08,  1.32it/s]                                                                                       Best trial: 868. Best value: 0.384:  56%|█████▌    | 1116/2000 [14:13<11:08,  1.32it/s]Best trial: 868. Best value: 0.384:  56%|█████▌    | 1116/2000 [14:13<11:08,  1.32it/s]Best trial: 868. Best value: 0.384:  56%|█████▌    | 1117/2000 [14:13<11:06,  1.33it/s]                                                                                       Best trial: 868. Best value: 0.384:  56%|█████▌    | 1117/2000 [14:14<11:06,  1.33it/s]Best trial: 868. Best value: 0.384:  56%|█████▌    | 1117/2000 [14:14<11:06,  1.33it/s]Best trial: 868. Best value: 0.384:  56%|█████▌    | 1118/2000 [14:14<11:05,  1.33it/s]                                                                                       Best trial: 868. Best value: 0.384:  56%|█████▌    | 1118/2000 [14:15<11:05,  1.33it/s]Best trial: 868. Best value: 0.384:  56%|█████▌    | 1118/2000 [14:15<11:05,  1.33it/s]Best trial: 868. Best value: 0.384:  56%|█████▌    | 1119/2000 [14:15<11:11,  1.31it/s]                                                                                       Best trial: 868. Best value: 0.384:  56%|█████▌    | 1119/2000 [14:16<11:11,  1.31it/s]Best trial: 868. Best value: 0.384:  56%|█████▌    | 1119/2000 [14:16<11:11,  1.31it/s]Best trial: 868. Best value: 0.384:  56%|█████▌    | 1120/2000 [14:16<11:12,  1.31it/s]                                                                                       Best trial: 868. Best value: 0.384:  56%|█████▌    | 1120/2000 [14:16<11:12,  1.31it/s]Best trial: 868. Best value: 0.384:  56%|█████▌    | 1120/2000 [14:16<11:12,  1.31it/s]Best trial: 868. Best value: 0.384:  56%|█████▌    | 1121/2000 [14:16<11:11,  1.31it/s]                                                                                       Best trial: 868. Best value: 0.384:  56%|█████▌    | 1121/2000 [14:17<11:11,  1.31it/s]Best trial: 868. Best value: 0.384:  56%|█████▌    | 1121/2000 [14:17<11:11,  1.31it/s]Best trial: 868. Best value: 0.384:  56%|█████▌    | 1122/2000 [14:17<11:11,  1.31it/s]                                                                                       Best trial: 868. Best value: 0.384:  56%|█████▌    | 1122/2000 [14:18<11:11,  1.31it/s]Best trial: 868. Best value: 0.384:  56%|█████▌    | 1122/2000 [14:18<11:11,  1.31it/s]Best trial: 868. Best value: 0.384:  56%|█████▌    | 1123/2000 [14:18<11:14,  1.30it/s]                                                                                       Best trial: 868. Best value: 0.384:  56%|█████▌    | 1123/2000 [14:19<11:14,  1.30it/s]Best trial: 868. Best value: 0.384:  56%|█████▌    | 1123/2000 [14:19<11:14,  1.30it/s]Best trial: 868. Best value: 0.384:  56%|█████▌    | 1124/2000 [14:19<11:10,  1.31it/s]                                                                                       Best trial: 868. Best value: 0.384:  56%|█████▌    | 1124/2000 [14:19<11:10,  1.31it/s]Best trial: 868. Best value: 0.384:  56%|█████▌    | 1124/2000 [14:19<11:10,  1.31it/s]Best trial: 868. Best value: 0.384:  56%|█████▋    | 1125/2000 [14:19<11:06,  1.31it/s]                                                                                       Best trial: 868. Best value: 0.384:  56%|█████▋    | 1125/2000 [14:20<11:06,  1.31it/s]Best trial: 868. Best value: 0.384:  56%|█████▋    | 1125/2000 [14:20<11:06,  1.31it/s]Best trial: 868. Best value: 0.384:  56%|█████▋    | 1126/2000 [14:20<11:04,  1.31it/s]                                                                                       Best trial: 868. Best value: 0.384:  56%|█████▋    | 1126/2000 [14:21<11:04,  1.31it/s]Best trial: 868. Best value: 0.384:  56%|█████▋    | 1126/2000 [14:21<11:04,  1.31it/s]Best trial: 868. Best value: 0.384:  56%|█████▋    | 1127/2000 [14:21<11:06,  1.31it/s]                                                                                       Best trial: 868. Best value: 0.384:  56%|█████▋    | 1127/2000 [14:22<11:06,  1.31it/s]Best trial: 868. Best value: 0.384:  56%|█████▋    | 1127/2000 [14:22<11:06,  1.31it/s]Best trial: 868. Best value: 0.384:  56%|█████▋    | 1128/2000 [14:22<11:00,  1.32it/s]                                                                                       
Trial 1095: ACCEPT (degrade 0.0%) - Eval: -0.214%, Val: 0.112%
[I 2025-10-25 04:42:01,312] Trial 1095 finished with value: -0.21399999999999997 and parameters: {'w_boll': 0.38682627214694176, 'w_rsi': 0.2926432495680039, 'w_mom': 0.2798093262329099, 'w_vwap': 0.4235847734042672, 'w_orb': 1.9500268312149607, 'w_ofi': 0.3687702199569223, 'w_vol': 0.8804758086517199, 'win_boll': 14, 'win_rsi': 6, 'win_mom': 4, 'win_vwap': 12, 'orb_opening_bars': 47, 'vol_window': 11}. Best is trial 868 with value: 0.384.
Trial 1096: ACCEPT (degrade -81.4%) - Eval: 0.172%, Val: 0.312%
[I 2025-10-25 04:42:02,049] Trial 1096 finished with value: 0.17199999999999996 and parameters: {'w_boll': 0.5506634857074708, 'w_rsi': 0.3909502808507578, 'w_mom': 1.4956721309742158, 'w_vwap': 0.5040168675325428, 'w_orb': 1.9138047709272628, 'w_ofi': 1.705878270830989, 'w_vol': 1.9176015796239858, 'win_boll': 12, 'win_rsi': 7, 'win_mom': 7, 'win_vwap': 11, 'orb_opening_bars': 50, 'vol_window': 12}. Best is trial 868 with value: 0.384.
Trial 1097: ACCEPT (degrade -150.0%) - Eval: 0.144%, Val: 0.360%
[I 2025-10-25 04:42:02,826] Trial 1097 finished with value: 0.14400000000000002 and parameters: {'w_boll': 0.3121988577699103, 'w_rsi': 0.20762837096954298, 'w_mom': 0.2394015353691829, 'w_vwap': 0.6725168224475367, 'w_orb': 1.8443138880425343, 'w_ofi': 1.8056131228082644, 'w_vol': 1.9341499189296807, 'win_boll': 13, 'win_rsi': 5, 'win_mom': 8, 'win_vwap': 11, 'orb_opening_bars': 48, 'vol_window': 10}. Best is trial 868 with value: 0.384.
Trial 1098: REJECT (overfit 72.3%) - Eval: 0.328%, Val: 0.091%
[I 2025-10-25 04:42:03,599] Trial 1098 finished with value: -999.0 and parameters: {'w_boll': 0.4283827405868144, 'w_rsi': 0.2460867053941466, 'w_mom': 0.15610633969626955, 'w_vwap': 0.7262310975491458, 'w_orb': 1.9679124164953345, 'w_ofi': 1.840413232694415, 'w_vol': 1.7755100964748762, 'win_boll': 11, 'win_rsi': 6, 'win_mom': 5, 'win_vwap': 27, 'orb_opening_bars': 45, 'vol_window': 13}. Best is trial 868 with value: 0.384.
Trial 1099: ACCEPT (degrade 0.0%) - Eval: -0.326%, Val: -0.069%
[I 2025-10-25 04:42:04,356] Trial 1099 finished with value: -0.326 and parameters: {'w_boll': 1.3850912384301304, 'w_rsi': 0.36690775647880763, 'w_mom': 0.18915450837083014, 'w_vwap': 0.6192472345231239, 'w_orb': 1.9334968858605635, 'w_ofi': 1.2494295055736866, 'w_vol': 1.0427117673685333, 'win_boll': 13, 'win_rsi': 11, 'win_mom': 6, 'win_vwap': 14, 'orb_opening_bars': 49, 'vol_window': 11}. Best is trial 868 with value: 0.384.
Trial 1100: ACCEPT (degrade 0.0%) - Eval: -0.268%, Val: 0.236%
[I 2025-10-25 04:42:05,104] Trial 1100 finished with value: -0.26799999999999996 and parameters: {'w_boll': 0.2639991049894118, 'w_rsi': 0.13922696091466263, 'w_mom': 1.235892158470127, 'w_vwap': 0.7934873840241432, 'w_orb': 1.8742059644608768, 'w_ofi': 1.9637096348867042, 'w_vol': 1.8713770522774953, 'win_boll': 14, 'win_rsi': 7, 'win_mom': 4, 'win_vwap': 47, 'orb_opening_bars': 39, 'vol_window': 29}. Best is trial 868 with value: 0.384.
Trial 1101: ACCEPT (degrade -5850.0%) - Eval: 0.006%, Val: 0.357%
[I 2025-10-25 04:42:05,859] Trial 1101 finished with value: 0.005999999999999982 and parameters: {'w_boll': 0.5025714821003135, 'w_rsi': 0.28612375310916327, 'w_mom': 0.10152819035022806, 'w_vwap': 0.5457363838717433, 'w_orb': 1.9987791225742664, 'w_ofi': 0.5003084216783539, 'w_vol': 1.9993309991792232, 'win_boll': 10, 'win_rsi': 9, 'win_mom': 4, 'win_vwap': 12, 'orb_opening_bars': 46, 'vol_window': 14}. Best is trial 868 with value: 0.384.
Trial 1102: ACCEPT (degrade -317.9%) - Eval: 0.028%, Val: 0.117%
[I 2025-10-25 04:42:06,610] Trial 1102 finished with value: 0.027999999999999997 and parameters: {'w_boll': 0.625882573948205, 'w_rsi': 1.305038298266631, 'w_mom': 1.4125397708439509, 'w_vwap': 0.7497221062825807, 'w_orb': 1.7831046289374382, 'w_ofi': 0.7514354641978551, 'w_vol': 1.819377683051989, 'win_boll': 12, 'win_rsi': 6, 'win_mom': 5, 'win_vwap': 16, 'orb_opening_bars': 49, 'vol_window': 10}. Best is trial 868 with value: 0.384.
Trial 1103: ACCEPT (degrade 16.4%) - Eval: 0.298%, Val: 0.249%
[I 2025-10-25 04:42:07,365] Trial 1103 finished with value: 0.298 and parameters: {'w_boll': 0.34006046943390916, 'w_rsi': 0.3321999944562784, 'w_mom': 1.2940978080680647, 'w_vwap': 0.6931349605966421, 'w_orb': 1.9052001008180028, 'w_ofi': 0.4101131693999583, 'w_vol': 1.9021392315631185, 'win_boll': 15, 'win_rsi': 5, 'win_mom': 6, 'win_vwap': 13, 'orb_opening_bars': 34, 'vol_window': 12}. Best is trial 868 with value: 0.384.
Trial 1104: ACCEPT (degrade -729.4%) - Eval: 0.034%, Val: 0.282%
[I 2025-10-25 04:42:08,111] Trial 1104 finished with value: 0.034000000000000016 and parameters: {'w_boll': 0.3189873034957992, 'w_rsi': 0.3141047251164981, 'w_mom': 1.3036909255232123, 'w_vwap': 0.6559888372227151, 'w_orb': 1.8985481832738178, 'w_ofi': 0.333942506198119, 'w_vol': 1.36022638060568, 'win_boll': 15, 'win_rsi': 5, 'win_mom': 6, 'win_vwap': 14, 'orb_opening_bars': 24, 'vol_window': 11}. Best is trial 868 with value: 0.384.
Trial 1105: ACCEPT (degrade 0.0%) - Eval: -0.076%, Val: 0.296%
[I 2025-10-25 04:42:08,830] Trial 1105 finished with value: -0.07600000000000001 and parameters: {'w_boll': 0.3007088636507364, 'w_rsi': 0.32900280745710386, 'w_mom': 1.267476478823757, 'w_vwap': 0.6833575010740203, 'w_orb': 1.9068995030590201, 'w_ofi': 0.39095818888381156, 'w_vol': 1.9487036175319006, 'win_boll': 16, 'win_rsi': 5, 'win_mom': 6, 'win_vwap': 15, 'orb_opening_bars': 32, 'vol_window': 12}. Best is trial 868 with value: 0.384.
Trial 1106: ACCEPT (degrade 0.0%) - Eval: -0.008%, Val: 0.341%
[I 2025-10-25 04:42:09,581] Trial 1106 finished with value: -0.008000000000000007 and parameters: {'w_boll': 0.3470189848692031, 'w_rsi': 0.28132011551756075, 'w_mom': 1.3274171771104013, 'w_vwap': 0.6366802492141389, 'w_orb': 1.9360847513815465, 'w_ofi': 0.47721033121693446, 'w_vol': 1.9061696810043331, 'win_boll': 15, 'win_rsi': 5, 'win_mom': 7, 'win_vwap': 14, 'orb_opening_bars': 29, 'vol_window': 11}. Best is trial 868 with value: 0.384.
Trial 1107: REJECT (overfit 118.1%) - Eval: 0.474%, Val: -0.086%
[I 2025-10-25 04:42:10,337] Trial 1107 finished with value: -999.0 and parameters: {'w_boll': 0.3611117271026198, 'w_rsi': 0.3252702970588065, 'w_mom': 1.2873418010380862, 'w_vwap': 0.5933665996314118, 'w_orb': 1.8717834757787977, 'w_ofi': 0.32718918694688726, 'w_vol': 1.935081867879733, 'win_boll': 15, 'win_rsi': 5, 'win_mom': 7, 'win_vwap': 13, 'orb_opening_bars': 50, 'vol_window': 10}. Best is trial 868 with value: 0.384.
Trial 1108: ACCEPT (degrade -12.7%) - Eval: 0.284%, Val: 0.320%
[I 2025-10-25 04:42:11,056] Trial 1108 finished with value: 0.28400000000000003 and parameters: {'w_boll': 0.2845799427171925, 'w_rsi': 0.3407684103480385, 'w_mom': 1.3685361890439443, 'w_vwap': 0.7031432559641501, 'w_orb': 1.9586531986814186, 'w_ofi': 0.44328243994649613, 'w_vol': 1.1755774839914501, 'win_boll': 14, 'win_rsi': 5, 'win_mom': 6, 'win_vwap': 13, 'orb_opening_bars': 27, 'vol_window': 12}. Best is trial 868 with value: 0.384.
Trial 1109: ACCEPT (degrade -1400.0%) - Eval: 0.030%, Val: 0.450%
[I 2025-10-25 04:42:11,866] Trial 1109 finished with value: 0.030000000000000006 and parameters: {'w_boll': 0.22130528676854133, 'w_rsi': 0.31508493318771763, 'w_mom': 1.4081343624639737, 'w_vwap': 0.6660417923989079, 'w_orb': 1.8856069717679247, 'w_ofi': 0.4058872874417587, 'w_vol': 1.506277601620333, 'win_boll': 14, 'win_rsi': 5, 'win_mom': 6, 'win_vwap': 14, 'orb_opening_bars': 28, 'vol_window': 13}. Best is trial 868 with value: 0.384.
Trial 1110: ACCEPT (degrade -250.0%) - Eval: 0.074%, Val: 0.259%
[I 2025-10-25 04:42:12,628] Trial 1110 finished with value: 0.074 and parameters: {'w_boll': 0.24865953461385515, 'w_rsi': 0.355844354873903, 'w_mom': 1.390350364695514, 'w_vwap': 0.7076299106031395, 'w_orb': 1.9122241690558146, 'w_ofi': 0.4066365797819896, 'w_vol': 1.888356625687238, 'win_boll': 14, 'win_rsi': 5, 'win_mom': 7, 'win_vwap': 15, 'orb_opening_bars': 28, 'vol_window': 12}. Best is trial 868 with value: 0.384.
Trial 1111: ACCEPT (degrade 0.0%) - Eval: -0.320%, Val: 0.390%
[I 2025-10-25 04:42:13,374] Trial 1111 finished with value: -0.32000000000000006 and parameters: {'w_boll': 0.27339668831415964, 'w_rsi': 0.35393736136098297, 'w_mom': 1.3270975142553683, 'w_vwap': 0.6677909516364063, 'w_orb': 1.8557387285097624, 'w_ofi': 0.38171845396276216, 'w_vol': 1.391952978448552, 'win_boll': 15, 'win_rsi': 5, 'win_mom': 6, 'win_vwap': 13, 'orb_opening_bars': 27, 'vol_window': 34}. Best is trial 868 with value: 0.384.Best trial: 868. Best value: 0.384:  56%|█████▋    | 1128/2000 [14:22<11:00,  1.32it/s]Best trial: 868. Best value: 0.384:  56%|█████▋    | 1128/2000 [14:22<11:00,  1.32it/s]Best trial: 868. Best value: 0.384:  56%|█████▋    | 1129/2000 [14:22<10:59,  1.32it/s]                                                                                       Best trial: 868. Best value: 0.384:  56%|█████▋    | 1129/2000 [14:23<10:59,  1.32it/s]Best trial: 868. Best value: 0.384:  56%|█████▋    | 1129/2000 [14:23<10:59,  1.32it/s]Best trial: 868. Best value: 0.384:  56%|█████▋    | 1130/2000 [14:23<11:08,  1.30it/s]                                                                                       Best trial: 868. Best value: 0.384:  56%|█████▋    | 1130/2000 [14:24<11:08,  1.30it/s]Best trial: 868. Best value: 0.384:  56%|█████▋    | 1130/2000 [14:24<11:08,  1.30it/s]Best trial: 868. Best value: 0.384:  57%|█████▋    | 1131/2000 [14:24<10:55,  1.33it/s]                                                                                       Best trial: 868. Best value: 0.384:  57%|█████▋    | 1131/2000 [14:25<10:55,  1.33it/s]Best trial: 868. Best value: 0.384:  57%|█████▋    | 1131/2000 [14:25<10:55,  1.33it/s]Best trial: 868. Best value: 0.384:  57%|█████▋    | 1132/2000 [14:25<10:54,  1.33it/s]                                                                                       Best trial: 868. Best value: 0.384:  57%|█████▋    | 1132/2000 [14:25<10:54,  1.33it/s]Best trial: 868. Best value: 0.384:  57%|█████▋    | 1132/2000 [14:25<10:54,  1.33it/s]Best trial: 868. Best value: 0.384:  57%|█████▋    | 1133/2000 [14:25<10:56,  1.32it/s]                                                                                       Best trial: 868. Best value: 0.384:  57%|█████▋    | 1133/2000 [14:26<10:56,  1.32it/s]Best trial: 868. Best value: 0.384:  57%|█████▋    | 1133/2000 [14:26<10:56,  1.32it/s]Best trial: 868. Best value: 0.384:  57%|█████▋    | 1134/2000 [14:26<11:24,  1.27it/s]                                                                                       Best trial: 868. Best value: 0.384:  57%|█████▋    | 1134/2000 [14:27<11:24,  1.27it/s]Best trial: 868. Best value: 0.384:  57%|█████▋    | 1134/2000 [14:27<11:24,  1.27it/s]Best trial: 868. Best value: 0.384:  57%|█████▋    | 1135/2000 [14:27<11:06,  1.30it/s]                                                                                       Best trial: 868. Best value: 0.384:  57%|█████▋    | 1135/2000 [14:28<11:06,  1.30it/s]Best trial: 868. Best value: 0.384:  57%|█████▋    | 1135/2000 [14:28<11:06,  1.30it/s]Best trial: 868. Best value: 0.384:  57%|█████▋    | 1136/2000 [14:28<11:02,  1.30it/s]                                                                                       Best trial: 868. Best value: 0.384:  57%|█████▋    | 1136/2000 [14:29<11:02,  1.30it/s]Best trial: 868. Best value: 0.384:  57%|█████▋    | 1136/2000 [14:29<11:02,  1.30it/s]Best trial: 868. Best value: 0.384:  57%|█████▋    | 1137/2000 [14:29<11:05,  1.30it/s]                                                                                       Best trial: 868. Best value: 0.384:  57%|█████▋    | 1137/2000 [14:29<11:05,  1.30it/s]Best trial: 868. Best value: 0.384:  57%|█████▋    | 1137/2000 [14:29<11:05,  1.30it/s]Best trial: 868. Best value: 0.384:  57%|█████▋    | 1138/2000 [14:29<10:59,  1.31it/s]                                                                                       Best trial: 868. Best value: 0.384:  57%|█████▋    | 1138/2000 [14:30<10:59,  1.31it/s]Best trial: 868. Best value: 0.384:  57%|█████▋    | 1138/2000 [14:30<10:59,  1.31it/s]Best trial: 868. Best value: 0.384:  57%|█████▋    | 1139/2000 [14:30<10:50,  1.32it/s]                                                                                       Best trial: 868. Best value: 0.384:  57%|█████▋    | 1139/2000 [14:31<10:50,  1.32it/s]Best trial: 868. Best value: 0.384:  57%|█████▋    | 1139/2000 [14:31<10:50,  1.32it/s]Best trial: 868. Best value: 0.384:  57%|█████▋    | 1140/2000 [14:31<10:50,  1.32it/s]                                                                                       Best trial: 868. Best value: 0.384:  57%|█████▋    | 1140/2000 [14:32<10:50,  1.32it/s]Best trial: 868. Best value: 0.384:  57%|█████▋    | 1140/2000 [14:32<10:50,  1.32it/s]Best trial: 868. Best value: 0.384:  57%|█████▋    | 1141/2000 [14:32<10:59,  1.30it/s]                                                                                       Best trial: 868. Best value: 0.384:  57%|█████▋    | 1141/2000 [14:32<10:59,  1.30it/s]Best trial: 868. Best value: 0.384:  57%|█████▋    | 1141/2000 [14:32<10:59,  1.30it/s]Best trial: 868. Best value: 0.384:  57%|█████▋    | 1142/2000 [14:32<10:52,  1.32it/s]                                                                                       Best trial: 868. Best value: 0.384:  57%|█████▋    | 1142/2000 [14:33<10:52,  1.32it/s]Best trial: 868. Best value: 0.384:  57%|█████▋    | 1142/2000 [14:33<10:52,  1.32it/s]Best trial: 868. Best value: 0.384:  57%|█████▋    | 1143/2000 [14:33<10:44,  1.33it/s]                                                                                       Best trial: 868. Best value: 0.384:  57%|█████▋    | 1143/2000 [14:34<10:44,  1.33it/s]Best trial: 868. Best value: 0.384:  57%|█████▋    | 1143/2000 [14:34<10:44,  1.33it/s]Best trial: 868. Best value: 0.384:  57%|█████▋    | 1144/2000 [14:34<10:43,  1.33it/s]                                                                                       Best trial: 868. Best value: 0.384:  57%|█████▋    | 1144/2000 [14:35<10:43,  1.33it/s]Best trial: 868. Best value: 0.384:  57%|█████▋    | 1144/2000 [14:35<10:43,  1.33it/s]Best trial: 868. Best value: 0.384:  57%|█████▋    | 1145/2000 [14:35<10:48,  1.32it/s]                                                                                       
Trial 1112: ACCEPT (degrade -402.0%) - Eval: 0.050%, Val: 0.251%
[I 2025-10-25 04:42:14,122] Trial 1112 finished with value: 0.04999999999999999 and parameters: {'w_boll': 0.2052793689327735, 'w_rsi': 0.3438366392204211, 'w_mom': 1.4452654561801555, 'w_vwap': 0.630499964661701, 'w_orb': 1.937883900728156, 'w_ofi': 0.4387417244113927, 'w_vol': 1.3109526024879217, 'win_boll': 16, 'win_rsi': 5, 'win_mom': 6, 'win_vwap': 14, 'orb_opening_bars': 26, 'vol_window': 12}. Best is trial 868 with value: 0.384.
Trial 1113: ACCEPT (degrade 0.0%) - Eval: -0.158%, Val: 0.364%
