[I 2025-10-25 04:40:03,200] Trial 941 finished with value: 0.03799999999999999 and parameters: {'w_boll': 0.4807435243698746, 'w_rsi': 0.28784322028579323, 'w_mom': 0.19125018603256802, 'w_vwap': 0.6885064728993935, 'w_orb': 1.7941546590428927, 'w_ofi': 0.819589889734307, 'w_vol': 1.7454202373147285, 'win_boll': 14, 'win_rsi': 6, 'win_mom': 7, 'win_vwap': 13, 'orb_opening_bars': 48, 'vol_window': 14}. Best is trial 868 with value: 0.384.Best trial: 868. Best value: 0.384:  48%|████▊     | 958/2000 [12:12<13:13,  1.31it/s]Best trial: 868. Best value: 0.384:  48%|████▊     | 958/2000 [12:12<13:13,  1.31it/s]Best trial: 868. Best value: 0.384:  48%|████▊     | 959/2000 [12:12<13:10,  1.32it/s]                                                                                      Best trial: 868. Best value: 0.384:  48%|████▊     | 959/2000 [12:13<13:10,  1.32it/s]Best trial: 868. Best value: 0.384:  48%|████▊     | 959/2000 [12:13<13:10,  1.32it/s]Best trial: 868. Best value: 0.384:  48%|████▊     | 960/2000 [12:13<12:58,  1.34it/s]                                                                                      Best trial: 868. Best value: 0.384:  48%|████▊     | 960/2000 [12:14<12:58,  1.34it/s]Best trial: 868. Best value: 0.384:  48%|████▊     | 960/2000 [12:14<12:58,  1.34it/s]Best trial: 868. Best value: 0.384:  48%|████▊     | 961/2000 [12:14<13:10,  1.31it/s]                                                                                      Best trial: 868. Best value: 0.384:  48%|████▊     | 961/2000 [12:14<13:10,  1.31it/s]Best trial: 868. Best value: 0.384:  48%|████▊     | 961/2000 [12:14<13:10,  1.31it/s]Best trial: 868. Best value: 0.384:  48%|████▊     | 962/2000 [12:14<13:03,  1.32it/s]                                                                                      Best trial: 868. Best value: 0.384:  48%|████▊     | 962/2000 [12:15<13:03,  1.32it/s]Best trial: 868. Best value: 0.384:  48%|████▊     | 962/2000 [12:15<13:03,  1.32it/s]Best trial: 868. Best value: 0.384:  48%|████▊     | 963/2000 [12:15<13:02,  1.32it/s]                                                                                      Best trial: 868. Best value: 0.384:  48%|████▊     | 963/2000 [12:16<13:02,  1.32it/s]Best trial: 868. Best value: 0.384:  48%|████▊     | 963/2000 [12:16<13:02,  1.32it/s]Best trial: 868. Best value: 0.384:  48%|████▊     | 964/2000 [12:16<12:52,  1.34it/s]                                                                                      Best trial: 868. Best value: 0.384:  48%|████▊     | 964/2000 [12:17<12:52,  1.34it/s]Best trial: 868. Best value: 0.384:  48%|████▊     | 964/2000 [12:17<12:52,  1.34it/s]Best trial: 868. Best value: 0.384:  48%|████▊     | 965/2000 [12:17<13:07,  1.32it/s]                                                                                      Best trial: 868. Best value: 0.384:  48%|████▊     | 965/2000 [12:18<13:07,  1.32it/s]Best trial: 868. Best value: 0.384:  48%|████▊     | 965/2000 [12:18<13:07,  1.32it/s]Best trial: 868. Best value: 0.384:  48%|████▊     | 966/2000 [12:18<13:03,  1.32it/s]                                                                                      Best trial: 868. Best value: 0.384:  48%|████▊     | 966/2000 [12:18<13:03,  1.32it/s]Best trial: 868. Best value: 0.384:  48%|████▊     | 966/2000 [12:18<13:03,  1.32it/s]Best trial: 868. Best value: 0.384:  48%|████▊     | 967/2000 [12:18<13:01,  1.32it/s]                                                                                      Best trial: 868. Best value: 0.384:  48%|████▊     | 967/2000 [12:19<13:01,  1.32it/s]Best trial: 868. Best value: 0.384:  48%|████▊     | 967/2000 [12:19<13:01,  1.32it/s]Best trial: 868. Best value: 0.384:  48%|████▊     | 968/2000 [12:19<12:53,  1.33it/s]                                                                                      Best trial: 868. Best value: 0.384:  48%|████▊     | 968/2000 [12:20<12:53,  1.33it/s]Best trial: 868. Best value: 0.384:  48%|████▊     | 968/2000 [12:20<12:53,  1.33it/s]Best trial: 868. Best value: 0.384:  48%|████▊     | 969/2000 [12:20<13:06,  1.31it/s]                                                                                      Best trial: 868. Best value: 0.384:  48%|████▊     | 969/2000 [12:21<13:06,  1.31it/s]Best trial: 868. Best value: 0.384:  48%|████▊     | 969/2000 [12:21<13:06,  1.31it/s]Best trial: 868. Best value: 0.384:  48%|████▊     | 970/2000 [12:21<13:03,  1.31it/s]                                                                                      Best trial: 868. Best value: 0.384:  48%|████▊     | 970/2000 [12:21<13:03,  1.31it/s]Best trial: 868. Best value: 0.384:  48%|████▊     | 970/2000 [12:21<13:03,  1.31it/s]Best trial: 868. Best value: 0.384:  49%|████▊     | 971/2000 [12:21<12:57,  1.32it/s]                                                                                      Best trial: 868. Best value: 0.384:  49%|████▊     | 971/2000 [12:22<12:57,  1.32it/s]Best trial: 868. Best value: 0.384:  49%|████▊     | 971/2000 [12:22<12:57,  1.32it/s]Best trial: 868. Best value: 0.384:  49%|████▊     | 972/2000 [12:22<12:47,  1.34it/s]                                                                                      Best trial: 868. Best value: 0.384:  49%|████▊     | 972/2000 [12:23<12:47,  1.34it/s]Best trial: 868. Best value: 0.384:  49%|████▊     | 972/2000 [12:23<12:47,  1.34it/s]Best trial: 868. Best value: 0.384:  49%|████▊     | 973/2000 [12:23<12:59,  1.32it/s]                                                                                      Best trial: 868. Best value: 0.384:  49%|████▊     | 973/2000 [12:24<12:59,  1.32it/s]Best trial: 868. Best value: 0.384:  49%|████▊     | 973/2000 [12:24<12:59,  1.32it/s]Best trial: 868. Best value: 0.384:  49%|████▊     | 974/2000 [12:24<12:56,  1.32it/s]                                                                                      Best trial: 868. Best value: 0.384:  49%|████▊     | 974/2000 [12:24<12:56,  1.32it/s]Best trial: 868. Best value: 0.384:  49%|████▊     | 974/2000 [12:24<12:56,  1.32it/s]Best trial: 868. Best value: 0.384:  49%|████▉     | 975/2000 [12:24<12:55,  1.32it/s]                                                                                      
Trial 942: ACCEPT (degrade -98.7%) - Eval: 0.158%, Val: 0.314%
[I 2025-10-25 04:40:03,926] Trial 942 finished with value: 0.158 and parameters: {'w_boll': 0.2686484292355401, 'w_rsi': 0.4457385934551201, 'w_mom': 0.13320691937564286, 'w_vwap': 0.5876705401137591, 'w_orb': 1.687643645353607, 'w_ofi': 1.9088004216040098, 'w_vol': 1.8147035264298998, 'win_boll': 16, 'win_rsi': 7, 'win_mom': 8, 'win_vwap': 11, 'orb_opening_bars': 50, 'vol_window': 12}. Best is trial 868 with value: 0.384.
Trial 943: ACCEPT (degrade -24.3%) - Eval: 0.152%, Val: 0.189%
[I 2025-10-25 04:40:04,675] Trial 943 finished with value: 0.152 and parameters: {'w_boll': 0.8441767779265412, 'w_rsi': 0.2584621601518917, 'w_mom': 0.2311061621212036, 'w_vwap': 0.6586165416714495, 'w_orb': 1.8696324219486724, 'w_ofi': 0.8676393495340228, 'w_vol': 1.872958370563445, 'win_boll': 14, 'win_rsi': 6, 'win_mom': 3, 'win_vwap': 13, 'orb_opening_bars': 48, 'vol_window': 10}. Best is trial 868 with value: 0.384.
Trial 944: ACCEPT (degrade 1.6%) - Eval: 0.304%, Val: 0.299%
[I 2025-10-25 04:40:05,465] Trial 944 finished with value: 0.304 and parameters: {'w_boll': 0.35608214216733414, 'w_rsi': 0.1712537107010117, 'w_mom': 1.3501618762685186, 'w_vwap': 0.7879621189742316, 'w_orb': 1.9567401834207556, 'w_ofi': 1.959571691442596, 'w_vol': 1.95003234478757, 'win_boll': 11, 'win_rsi': 5, 'win_mom': 6, 'win_vwap': 10, 'orb_opening_bars': 49, 'vol_window': 12}. Best is trial 868 with value: 0.384.
Trial 945: ACCEPT (degrade 5.7%) - Eval: 0.244%, Val: 0.230%
[I 2025-10-25 04:40:06,236] Trial 945 finished with value: 0.244 and parameters: {'w_boll': 0.32511030763511034, 'w_rsi': 0.1875782820347533, 'w_mom': 1.3830795085597951, 'w_vwap': 0.8073102787494023, 'w_orb': 1.9989817372506078, 'w_ofi': 1.962687083607663, 'w_vol': 1.9382150155575828, 'win_boll': 11, 'win_rsi': 5, 'win_mom': 7, 'win_vwap': 10, 'orb_opening_bars': 47, 'vol_window': 11}. Best is trial 868 with value: 0.384.
Trial 946: ACCEPT (degrade 10.3%) - Eval: 0.156%, Val: 0.140%
[I 2025-10-25 04:40:06,970] Trial 946 finished with value: 0.156 and parameters: {'w_boll': 0.27759004325691006, 'w_rsi': 0.11722316582438515, 'w_mom': 1.3322847664117887, 'w_vwap': 0.8307842876960323, 'w_orb': 1.9662902724828648, 'w_ofi': 1.744364562767843, 'w_vol': 1.962305328468885, 'win_boll': 10, 'win_rsi': 5, 'win_mom': 6, 'win_vwap': 10, 'orb_opening_bars': 50, 'vol_window': 10}. Best is trial 868 with value: 0.384.
Trial 947: ACCEPT (degrade -150.0%) - Eval: 0.102%, Val: 0.255%
[I 2025-10-25 04:40:07,726] Trial 947 finished with value: 0.10200000000000001 and parameters: {'w_boll': 0.20752661263275934, 'w_rsi': 0.20221897823183946, 'w_mom': 1.3517334879355098, 'w_vwap': 0.784890162705497, 'w_orb': 1.9391991335526397, 'w_ofi': 1.97697428443874, 'w_vol': 1.964811658905545, 'win_boll': 11, 'win_rsi': 5, 'win_mom': 6, 'win_vwap': 10, 'orb_opening_bars': 48, 'vol_window': 13}. Best is trial 868 with value: 0.384.
Trial 948: ACCEPT (degrade 19.0%) - Eval: 0.252%, Val: 0.204%
[I 2025-10-25 04:40:08,505] Trial 948 finished with value: 0.252 and parameters: {'w_boll': 0.3423304574828323, 'w_rsi': 0.10103148655697768, 'w_mom': 1.3195752210815817, 'w_vwap': 0.8159143119662464, 'w_orb': 1.9698707826910968, 'w_ofi': 1.7091996736137176, 'w_vol': 1.9314926899003468, 'win_boll': 10, 'win_rsi': 5, 'win_mom': 6, 'win_vwap': 10, 'orb_opening_bars': 43, 'vol_window': 11}. Best is trial 868 with value: 0.384.
Trial 949: ACCEPT (degrade 0.0%) - Eval: -0.004%, Val: 0.206%
[I 2025-10-25 04:40:09,251] Trial 949 finished with value: -0.004000000000000001 and parameters: {'w_boll': 0.3459857341378678, 'w_rsi': 0.13379623317590789, 'w_mom': 1.3632927781903326, 'w_vwap': 0.9132009304471086, 'w_orb': 1.9047275207442504, 'w_ofi': 1.6622379197722443, 'w_vol': 1.9116333309426856, 'win_boll': 10, 'win_rsi': 5, 'win_mom': 6, 'win_vwap': 10, 'orb_opening_bars': 43, 'vol_window': 12}. Best is trial 868 with value: 0.384.
Trial 950: ACCEPT (degrade 0.0%) - Eval: -0.282%, Val: 0.084%
[I 2025-10-25 04:40:09,979] Trial 950 finished with value: -0.282 and parameters: {'w_boll': 0.26604641989257716, 'w_rsi': 0.11363249525932356, 'w_mom': 1.336571291891796, 'w_vwap': 0.8204774871309123, 'w_orb': 1.933368649247669, 'w_ofi': 1.6455529609894384, 'w_vol': 1.912429820852095, 'win_boll': 10, 'win_rsi': 10, 'win_mom': 6, 'win_vwap': 10, 'orb_opening_bars': 42, 'vol_window': 14}. Best is trial 868 with value: 0.384.
Trial 951: ACCEPT (degrade -8.6%) - Eval: 0.070%, Val: 0.076%
[I 2025-10-25 04:40:10,724] Trial 951 finished with value: 0.07 and parameters: {'w_boll': 0.30473931552913686, 'w_rsi': 0.20335283243689695, 'w_mom': 1.3222354920298782, 'w_vwap': 0.8371059223202568, 'w_orb': 1.9078458963454021, 'w_ofi': 1.7310716471816285, 'w_vol': 1.9151150998707551, 'win_boll': 10, 'win_rsi': 5, 'win_mom': 6, 'win_vwap': 10, 'orb_opening_bars': 44, 'vol_window': 12}. Best is trial 868 with value: 0.384.
Trial 952: ACCEPT (degrade 0.0%) - Eval: -0.116%, Val: 0.078%
[I 2025-10-25 04:40:11,573] Trial 952 finished with value: -0.11599999999999999 and parameters: {'w_boll': 0.31317267982366304, 'w_rsi': 0.10209141674277063, 'w_mom': 1.415152712130925, 'w_vwap': 0.8776259178737983, 'w_orb': 1.9584265628838369, 'w_ofi': 0.6107970865886841, 'w_vol': 1.8754993388970285, 'win_boll': 10, 'win_rsi': 5, 'win_mom': 6, 'win_vwap': 10, 'orb_opening_bars': 42, 'vol_window': 13}. Best is trial 868 with value: 0.384.
Trial 953: ACCEPT (degrade -137.5%) - Eval: 0.080%, Val: 0.190%
[I 2025-10-25 04:40:12,328] Trial 953 finished with value: 0.07999999999999999 and parameters: {'w_boll': 0.23700171174264065, 'w_rsi': 0.18196950034106768, 'w_mom': 1.305119469587933, 'w_vwap': 0.8391296242864369, 'w_orb': 1.8710807011424402, 'w_ofi': 0.7237100237257593, 'w_vol': 1.9302584052886163, 'win_boll': 11, 'win_rsi': 5, 'win_mom': 6, 'win_vwap': 10, 'orb_opening_bars': 44, 'vol_window': 11}. Best is trial 868 with value: 0.384.
Trial 954: ACCEPT (degrade -94.6%) - Eval: 0.112%, Val: 0.218%
[I 2025-10-25 04:40:13,061] Trial 954 finished with value: 0.11200000000000002 and parameters: {'w_boll': 0.3401682392198664, 'w_rsi': 0.16465587516592434, 'w_mom': 1.3558692659590457, 'w_vwap': 0.8682279067237773, 'w_orb': 1.9334422400378841, 'w_ofi': 1.700517770861652, 'w_vol': 1.8884968745162345, 'win_boll': 10, 'win_rsi': 5, 'win_mom': 6, 'win_vwap': 11, 'orb_opening_bars': 43, 'vol_window': 12}. Best is trial 868 with value: 0.384.
Trial 955: ACCEPT (degrade 0.0%) - Eval: -0.166%, Val: 0.219%
[I 2025-10-25 04:40:13,814] Trial 955 finished with value: -0.16599999999999998 and parameters: {'w_boll': 0.3002910118880886, 'w_rsi': 0.141915508777752, 'w_mom': 1.2865873809692716, 'w_vwap': 0.7900859628842658, 'w_orb': 1.963995177823226, 'w_ofi': 0.9979195350715941, 'w_vol': 1.938479166857671, 'win_boll': 11, 'win_rsi': 6, 'win_mom': 6, 'win_vwap': 10, 'orb_opening_bars': 43, 'vol_window': 13}. Best is trial 868 with value: 0.384.
Trial 956: ACCEPT (degrade -11.6%) - Eval: 0.224%, Val: 0.250%
[I 2025-10-25 04:40:14,590] Trial 956 finished with value: 0.22399999999999998 and parameters: {'w_boll': 0.35435236626165506, 'w_rsi': 0.12282806862341492, 'w_mom': 1.3854662242247535, 'w_vwap': 0.5512344544532713, 'w_orb': 1.8866510045717921, 'w_ofi': 1.7000214085443206, 'w_vol': 1.8836237146924153, 'win_boll': 11, 'win_rsi': 5, 'win_mom': 6, 'win_vwap': 10, 'orb_opening_bars': 42, 'vol_window': 11}. Best is trial 868 with value: 0.384.
Trial 957: ACCEPT (degrade -161.4%) - Eval: 0.070%, Val: 0.183%
[I 2025-10-25 04:40:15,347] Trial 957 finished with value: 0.07 and parameters: {'w_boll': 0.28937516735737623, 'w_rsi': 0.1429000623061688, 'w_mom': 1.289275346812866, 'w_vwap': 0.4696438343915508, 'w_orb': 1.907811742649238, 'w_ofi': 1.999363282006533, 'w_vol': 1.8582708890379451, 'win_boll': 10, 'win_rsi': 6, 'win_mom': 7, 'win_vwap': 11, 'orb_opening_bars': 40, 'vol_window': 11}. Best is trial 868 with value: 0.384.
Trial 958: ACCEPT (degrade 0.0%) - Eval: -0.072%, Val: 0.353%
[I 2025-10-25 04:40:16,101] Trial 958 finished with value: -0.07200000000000001 and parameters: {'w_boll': 0.1534862549280117, 'w_rsi': 0.1440681748004822, 'w_mom': 1.2743010611182946, 'w_vwap': 0.5257020241318167, 'w_orb': 1.97136736593646, 'w_ofi': 0.5275726301292613, 'w_vol': 1.9405829609998035, 'win_boll': 11, 'win_rsi': 5, 'win_mom': 6, 'win_vwap': 10, 'orb_opening_bars': 44, 'vol_window': 15}. Best is trial 868 with value: 0.384.Best trial: 868. Best value: 0.384:  49%|████▉     | 975/2000 [12:25<12:55,  1.32it/s]Best trial: 868. Best value: 0.384:  49%|████▉     | 975/2000 [12:25<12:55,  1.32it/s]Best trial: 868. Best value: 0.384:  49%|████▉     | 976/2000 [12:25<12:46,  1.34it/s]                                                                                      Best trial: 868. Best value: 0.384:  49%|████▉     | 976/2000 [12:26<12:46,  1.34it/s]Best trial: 868. Best value: 0.384:  49%|████▉     | 976/2000 [12:26<12:46,  1.34it/s]Best trial: 868. Best value: 0.384:  49%|████▉     | 977/2000 [12:26<12:59,  1.31it/s]                                                                                      Best trial: 868. Best value: 0.384:  49%|████▉     | 977/2000 [12:27<12:59,  1.31it/s]Best trial: 868. Best value: 0.384:  49%|████▉     | 977/2000 [12:27<12:59,  1.31it/s]Best trial: 868. Best value: 0.384:  49%|████▉     | 978/2000 [12:27<13:27,  1.27it/s]                                                                                      Best trial: 868. Best value: 0.384:  49%|████▉     | 978/2000 [12:27<13:27,  1.27it/s]Best trial: 868. Best value: 0.384:  49%|████▉     | 978/2000 [12:27<13:27,  1.27it/s]Best trial: 868. Best value: 0.384:  49%|████▉     | 979/2000 [12:27<13:14,  1.29it/s]                                                                                      Best trial: 868. Best value: 0.384:  49%|████▉     | 979/2000 [12:28<13:14,  1.29it/s]Best trial: 868. Best value: 0.384:  49%|████▉     | 979/2000 [12:28<13:14,  1.29it/s]Best trial: 868. Best value: 0.384:  49%|████▉     | 980/2000 [12:28<13:00,  1.31it/s]                                                                                      Best trial: 868. Best value: 0.384:  49%|████▉     | 980/2000 [12:29<13:00,  1.31it/s]Best trial: 868. Best value: 0.384:  49%|████▉     | 980/2000 [12:29<13:00,  1.31it/s]Best trial: 868. Best value: 0.384:  49%|████▉     | 981/2000 [12:29<13:04,  1.30it/s]                                                                                      Best trial: 868. Best value: 0.384:  49%|████▉     | 981/2000 [12:30<13:04,  1.30it/s]Best trial: 868. Best value: 0.384:  49%|████▉     | 981/2000 [12:30<13:04,  1.30it/s]Best trial: 868. Best value: 0.384:  49%|████▉     | 982/2000 [12:30<12:57,  1.31it/s]                                                                                      Best trial: 868. Best value: 0.384:  49%|████▉     | 982/2000 [12:30<12:57,  1.31it/s]Best trial: 868. Best value: 0.384:  49%|████▉     | 982/2000 [12:30<12:57,  1.31it/s]Best trial: 868. Best value: 0.384:  49%|████▉     | 983/2000 [12:30<12:55,  1.31it/s]                                                                                      Best trial: 868. Best value: 0.384:  49%|████▉     | 983/2000 [12:31<12:55,  1.31it/s]Best trial: 868. Best value: 0.384:  49%|████▉     | 983/2000 [12:31<12:55,  1.31it/s]Best trial: 868. Best value: 0.384:  49%|████▉     | 984/2000 [12:31<12:41,  1.33it/s]                                                                                      Best trial: 868. Best value: 0.384:  49%|████▉     | 984/2000 [12:32<12:41,  1.33it/s]Best trial: 868. Best value: 0.384:  49%|████▉     | 984/2000 [12:32<12:41,  1.33it/s]Best trial: 868. Best value: 0.384:  49%|████▉     | 985/2000 [12:32<12:54,  1.31it/s]                                                                                      Best trial: 868. Best value: 0.384:  49%|████▉     | 985/2000 [12:33<12:54,  1.31it/s]Best trial: 868. Best value: 0.384:  49%|████▉     | 985/2000 [12:33<12:54,  1.31it/s]Best trial: 868. Best value: 0.384:  49%|████▉     | 986/2000 [12:33<12:56,  1.31it/s]                                                                                      Best trial: 868. Best value: 0.384:  49%|████▉     | 986/2000 [12:34<12:56,  1.31it/s]Best trial: 868. Best value: 0.384:  49%|████▉     | 986/2000 [12:34<12:56,  1.31it/s]Best trial: 868. Best value: 0.384:  49%|████▉     | 987/2000 [12:34<12:53,  1.31it/s]                                                                                      Best trial: 868. Best value: 0.384:  49%|████▉     | 987/2000 [12:34<12:53,  1.31it/s]Best trial: 868. Best value: 0.384:  49%|████▉     | 987/2000 [12:34<12:53,  1.31it/s]Best trial: 868. Best value: 0.384:  49%|████▉     | 988/2000 [12:34<12:52,  1.31it/s]                                                                                      Best trial: 868. Best value: 0.384:  49%|████▉     | 988/2000 [12:35<12:52,  1.31it/s]Best trial: 868. Best value: 0.384:  49%|████▉     | 988/2000 [12:35<12:52,  1.31it/s]Best trial: 868. Best value: 0.384:  49%|████▉     | 989/2000 [12:35<12:52,  1.31it/s]                                                                                      Best trial: 868. Best value: 0.384:  49%|████▉     | 989/2000 [12:36<12:52,  1.31it/s]Best trial: 868. Best value: 0.384:  49%|████▉     | 989/2000 [12:36<12:52,  1.31it/s]Best trial: 868. Best value: 0.384:  50%|████▉     | 990/2000 [12:36<12:49,  1.31it/s]                                                                                      Best trial: 868. Best value: 0.384:  50%|████▉     | 990/2000 [12:37<12:49,  1.31it/s]Best trial: 868. Best value: 0.384:  50%|████▉     | 990/2000 [12:37<12:49,  1.31it/s]Best trial: 868. Best value: 0.384:  50%|████▉     | 991/2000 [12:37<12:45,  1.32it/s]                                                                                      Best trial: 868. Best value: 0.384:  50%|████▉     | 991/2000 [12:37<12:45,  1.32it/s]Best trial: 868. Best value: 0.384:  50%|████▉     | 991/2000 [12:37<12:45,  1.32it/s]Best trial: 868. Best value: 0.384:  50%|████▉     | 992/2000 [12:37<12:47,  1.31it/s]                                                                                      
Trial 959: ACCEPT (degrade -46.7%) - Eval: 0.150%, Val: 0.220%
[I 2025-10-25 04:40:16,825] Trial 959 finished with value: 0.15 and parameters: {'w_boll': 0.33751565645108644, 'w_rsi': 0.5408792521332458, 'w_mom': 1.3272456972451758, 'w_vwap': 0.801491246095872, 'w_orb': 1.8552510845055492, 'w_ofi': 1.6827206287760403, 'w_vol': 1.8974648311806563, 'win_boll': 10, 'win_rsi': 6, 'win_mom': 6, 'win_vwap': 11, 'orb_opening_bars': 43, 'vol_window': 14}. Best is trial 868 with value: 0.384.
Trial 960: ACCEPT (degrade -109.5%) - Eval: 0.116%, Val: 0.243%
[I 2025-10-25 04:40:17,614] Trial 960 finished with value: 0.11600000000000002 and parameters: {'w_boll': 0.3661953746516815, 'w_rsi': 0.15473700661022008, 'w_mom': 1.4188991256092023, 'w_vwap': 0.942083587126178, 'w_orb': 1.9402499769126185, 'w_ofi': 1.592765264824961, 'w_vol': 1.8516732767251283, 'win_boll': 11, 'win_rsi': 5, 'win_mom': 6, 'win_vwap': 11, 'orb_opening_bars': 45, 'vol_window': 12}. Best is trial 868 with value: 0.384.
Trial 961: ACCEPT (degrade -855.6%) - Eval: 0.018%, Val: 0.172%
