[I 2025-10-25 04:47:13,711] Trial 1501 finished with value: 0.088 and parameters: {'w_boll': 0.35967310982343786, 'w_rsi': 0.3888300670183029, 'w_mom': 1.0977558864114794, 'w_vwap': 0.8765833788594698, 'w_orb': 1.9018200923853743, 'w_ofi': 1.9991964818217938, 'w_vol': 1.733634567145435, 'win_boll': 12, 'win_rsi': 6, 'win_mom': 6, 'win_vwap': 13, 'orb_opening_bars': 49, 'vol_window': 11}. Best is trial 868 with value: 0.384.
Trial 1502: ACCEPT (degrade -831.6%) - Eval: 0.038%, Val: 0.354%
[I 2025-10-25 04:47:14,468] Trial 1502 finished with value: 0.03799999999999999 and parameters: {'w_boll': 0.3044423677608241, 'w_rsi': 0.24185686250871952, 'w_mom': 0.27518041240142044, 'w_vwap': 0.6888963689335549, 'w_orb': 1.9667047590745996, 'w_ofi': 1.9328058025060608, 'w_vol': 0.19508739495735994, 'win_boll': 16, 'win_rsi': 7, 'win_mom': 4, 'win_vwap': 11, 'orb_opening_bars': 48, 'vol_window': 13}. Best is trial 868 with value: 0.384.Best trial: 868. Best value: 0.384:  76%|███████▌  | 1519/2000 [19:24<06:05,  1.31it/s]Best trial: 868. Best value: 0.384:  76%|███████▌  | 1519/2000 [19:24<06:05,  1.31it/s]Best trial: 868. Best value: 0.384:  76%|███████▌  | 1520/2000 [19:24<06:08,  1.30it/s]                                                                                       Best trial: 868. Best value: 0.384:  76%|███████▌  | 1520/2000 [19:24<06:08,  1.30it/s]Best trial: 868. Best value: 0.384:  76%|███████▌  | 1520/2000 [19:24<06:08,  1.30it/s]Best trial: 868. Best value: 0.384:  76%|███████▌  | 1521/2000 [19:24<06:07,  1.30it/s]                                                                                       Best trial: 868. Best value: 0.384:  76%|███████▌  | 1521/2000 [19:25<06:07,  1.30it/s]Best trial: 868. Best value: 0.384:  76%|███████▌  | 1521/2000 [19:25<06:07,  1.30it/s]Best trial: 868. Best value: 0.384:  76%|███████▌  | 1522/2000 [19:25<06:01,  1.32it/s]                                                                                       Best trial: 868. Best value: 0.384:  76%|███████▌  | 1522/2000 [19:26<06:01,  1.32it/s]Best trial: 868. Best value: 0.384:  76%|███████▌  | 1522/2000 [19:26<06:01,  1.32it/s]Best trial: 868. Best value: 0.384:  76%|███████▌  | 1523/2000 [19:26<06:00,  1.32it/s]                                                                                       Best trial: 868. Best value: 0.384:  76%|███████▌  | 1523/2000 [19:28<06:00,  1.32it/s]Best trial: 868. Best value: 0.384:  76%|███████▌  | 1523/2000 [19:28<06:00,  1.32it/s]Best trial: 868. Best value: 0.384:  76%|███████▌  | 1524/2000 [19:28<08:27,  1.07s/it]                                                                                       Best trial: 868. Best value: 0.384:  76%|███████▌  | 1524/2000 [19:28<08:27,  1.07s/it]Best trial: 868. Best value: 0.384:  76%|███████▌  | 1524/2000 [19:28<08:27,  1.07s/it]Best trial: 868. Best value: 0.384:  76%|███████▋  | 1525/2000 [19:28<07:42,  1.03it/s]                                                                                       Best trial: 868. Best value: 0.384:  76%|███████▋  | 1525/2000 [19:29<07:42,  1.03it/s]Best trial: 868. Best value: 0.384:  76%|███████▋  | 1525/2000 [19:29<07:42,  1.03it/s]Best trial: 868. Best value: 0.384:  76%|███████▋  | 1526/2000 [19:29<07:09,  1.10it/s]                                                                                       Best trial: 868. Best value: 0.384:  76%|███████▋  | 1526/2000 [19:30<07:09,  1.10it/s]Best trial: 868. Best value: 0.384:  76%|███████▋  | 1526/2000 [19:30<07:09,  1.10it/s]Best trial: 868. Best value: 0.384:  76%|███████▋  | 1527/2000 [19:30<06:43,  1.17it/s]                                                                                       Best trial: 868. Best value: 0.384:  76%|███████▋  | 1527/2000 [19:31<06:43,  1.17it/s]Best trial: 868. Best value: 0.384:  76%|███████▋  | 1527/2000 [19:31<06:43,  1.17it/s]Best trial: 868. Best value: 0.384:  76%|███████▋  | 1528/2000 [19:31<06:33,  1.20it/s]                                                                                       Best trial: 868. Best value: 0.384:  76%|███████▋  | 1528/2000 [19:31<06:33,  1.20it/s]Best trial: 868. Best value: 0.384:  76%|███████▋  | 1528/2000 [19:31<06:33,  1.20it/s]Best trial: 868. Best value: 0.384:  76%|███████▋  | 1529/2000 [19:31<06:21,  1.23it/s]                                                                                       Best trial: 868. Best value: 0.384:  76%|███████▋  | 1529/2000 [19:32<06:21,  1.23it/s]Best trial: 868. Best value: 0.384:  76%|███████▋  | 1529/2000 [19:32<06:21,  1.23it/s]Best trial: 868. Best value: 0.384:  76%|███████▋  | 1530/2000 [19:32<06:12,  1.26it/s]                                                                                       Best trial: 868. Best value: 0.384:  76%|███████▋  | 1530/2000 [19:33<06:12,  1.26it/s]Best trial: 868. Best value: 0.384:  76%|███████▋  | 1530/2000 [19:33<06:12,  1.26it/s]Best trial: 868. Best value: 0.384:  77%|███████▋  | 1531/2000 [19:33<06:03,  1.29it/s]                                                                                       Best trial: 868. Best value: 0.384:  77%|███████▋  | 1531/2000 [19:34<06:03,  1.29it/s]Best trial: 868. Best value: 0.384:  77%|███████▋  | 1531/2000 [19:34<06:03,  1.29it/s]Best trial: 868. Best value: 0.384:  77%|███████▋  | 1532/2000 [19:34<06:05,  1.28it/s]                                                                                       Best trial: 868. Best value: 0.384:  77%|███████▋  | 1532/2000 [19:35<06:05,  1.28it/s]Best trial: 868. Best value: 0.384:  77%|███████▋  | 1532/2000 [19:35<06:05,  1.28it/s]Best trial: 868. Best value: 0.384:  77%|███████▋  | 1533/2000 [19:35<06:05,  1.28it/s]                                                                                       Best trial: 868. Best value: 0.384:  77%|███████▋  | 1533/2000 [19:35<06:05,  1.28it/s]Best trial: 868. Best value: 0.384:  77%|███████▋  | 1533/2000 [19:35<06:05,  1.28it/s]Best trial: 868. Best value: 0.384:  77%|███████▋  | 1534/2000 [19:35<06:00,  1.29it/s]                                                                                       Best trial: 868. Best value: 0.384:  77%|███████▋  | 1534/2000 [19:36<06:00,  1.29it/s]Best trial: 868. Best value: 0.384:  77%|███████▋  | 1534/2000 [19:36<06:00,  1.29it/s]Best trial: 868. Best value: 0.384:  77%|███████▋  | 1535/2000 [19:36<05:55,  1.31it/s]                                                                                       Best trial: 868. Best value: 0.384:  77%|███████▋  | 1535/2000 [19:37<05:55,  1.31it/s]Best trial: 868. Best value: 0.384:  77%|███████▋  | 1535/2000 [19:37<05:55,  1.31it/s]Best trial: 868. Best value: 0.384:  77%|███████▋  | 1536/2000 [19:37<05:54,  1.31it/s]                                                                                       
Trial 1503: ACCEPT (degrade 0.0%) - Eval: -0.114%, Val: 0.115%
[I 2025-10-25 04:47:15,261] Trial 1503 finished with value: -0.11400000000000002 and parameters: {'w_boll': 0.46580371215052485, 'w_rsi': 0.881994143153602, 'w_mom': 1.3992987417645408, 'w_vwap': 0.8361432076452215, 'w_orb': 1.8209753185599373, 'w_ofi': 0.7186347045571835, 'w_vol': 1.972574543234786, 'win_boll': 12, 'win_rsi': 5, 'win_mom': 3, 'win_vwap': 15, 'orb_opening_bars': 49, 'vol_window': 15}. Best is trial 868 with value: 0.384.
Trial 1504: REJECT (overfit 31.0%) - Eval: 0.058%, Val: 0.040%
[I 2025-10-25 04:47:16,030] Trial 1504 finished with value: -999.0 and parameters: {'w_boll': 0.5175804510453812, 'w_rsi': 0.36010675341315596, 'w_mom': 1.5950273407828726, 'w_vwap': 0.587323276028251, 'w_orb': 1.9360274275723472, 'w_ofi': 0.39513366400702404, 'w_vol': 1.8943041477293643, 'win_boll': 14, 'win_rsi': 6, 'win_mom': 4, 'win_vwap': 26, 'orb_opening_bars': 50, 'vol_window': 10}. Best is trial 868 with value: 0.384.
Trial 1505: ACCEPT (degrade 0.0%) - Eval: -0.018%, Val: 0.168%
[I 2025-10-25 04:47:16,779] Trial 1505 finished with value: -0.017999999999999995 and parameters: {'w_boll': 0.38278396528082687, 'w_rsi': 0.3057649970695505, 'w_mom': 0.19101667596657587, 'w_vwap': 0.6329228023475811, 'w_orb': 1.7829386718370495, 'w_ofi': 0.4754304301575279, 'w_vol': 1.1603880394798272, 'win_boll': 13, 'win_rsi': 7, 'win_mom': 5, 'win_vwap': 16, 'orb_opening_bars': 48, 'vol_window': 11}. Best is trial 868 with value: 0.384.
Trial 1506: ACCEPT (degrade 0.0%) - Eval: -0.158%, Val: 0.102%
[I 2025-10-25 04:47:17,549] Trial 1506 finished with value: -0.158 and parameters: {'w_boll': 1.4706298799652417, 'w_rsi': 0.44696419024558626, 'w_mom': 1.2195273132912894, 'w_vwap': 0.7029732521916018, 'w_orb': 1.878057572140407, 'w_ofi': 1.8981926989352635, 'w_vol': 1.853798213843169, 'win_boll': 33, 'win_rsi': 9, 'win_mom': 6, 'win_vwap': 19, 'orb_opening_bars': 22, 'vol_window': 12}. Best is trial 868 with value: 0.384.
Trial 1507: REJECT (overfit 59.9%) - Eval: 0.182%, Val: 0.073%
[I 2025-10-25 04:47:18,331] Trial 1507 finished with value: -999.0 and parameters: {'w_boll': 0.33705180375756133, 'w_rsi': 0.5621162795398992, 'w_mom': 1.359528474679855, 'w_vwap': 0.7410928737795079, 'w_orb': 1.9360390739679956, 'w_ofi': 0.5425965995301728, 'w_vol': 1.790845881382493, 'win_boll': 15, 'win_rsi': 6, 'win_mom': 3, 'win_vwap': 34, 'orb_opening_bars': 47, 'vol_window': 12}. Best is trial 868 with value: 0.384.
Trial 1508: ACCEPT (degrade -78.6%) - Eval: 0.042%, Val: 0.075%
[I 2025-10-25 04:47:19,118] Trial 1508 finished with value: 0.041999999999999996 and parameters: {'w_boll': 0.42753875903630384, 'w_rsi': 0.25942334386693977, 'w_mom': 0.21690105215114425, 'w_vwap': 0.7852211754161641, 'w_orb': 1.8485774133466661, 'w_ofi': 0.4207552745883934, 'w_vol': 1.9972339351357276, 'win_boll': 11, 'win_rsi': 5, 'win_mom': 4, 'win_vwap': 12, 'orb_opening_bars': 49, 'vol_window': 13}. Best is trial 868 with value: 0.384.
Trial 1509: ACCEPT (degrade 0.0%) - Eval: -0.174%, Val: 0.326%
[I 2025-10-25 04:47:19,875] Trial 1509 finished with value: -0.174 and parameters: {'w_boll': 0.27711143077132766, 'w_rsi': 0.42284480606371544, 'w_mom': 0.16975433998410835, 'w_vwap': 0.6575232099647784, 'w_orb': 1.898608687138014, 'w_ofi': 1.2404136412913762, 'w_vol': 1.9372364036603391, 'win_boll': 29, 'win_rsi': 7, 'win_mom': 7, 'win_vwap': 10, 'orb_opening_bars': 30, 'vol_window': 10}. Best is trial 868 with value: 0.384.
Trial 1510: ACCEPT (degrade -23.3%) - Eval: 0.090%, Val: 0.111%
[I 2025-10-25 04:47:20,651] Trial 1510 finished with value: 0.09 and parameters: {'w_boll': 0.37334947729489026, 'w_rsi': 0.4806623238030488, 'w_mom': 1.3171744445621296, 'w_vwap': 0.732829280706013, 'w_orb': 1.9725198603871925, 'w_ofi': 0.6789443831658866, 'w_vol': 1.822135357091367, 'win_boll': 13, 'win_rsi': 5, 'win_mom': 6, 'win_vwap': 14, 'orb_opening_bars': 49, 'vol_window': 11}. Best is trial 868 with value: 0.384.
Trial 1511: ACCEPT (degrade -16.9%) - Eval: 0.118%, Val: 0.138%
[I 2025-10-25 04:47:21,407] Trial 1511 finished with value: 0.11800000000000002 and parameters: {'w_boll': 0.3091694295017272, 'w_rsi': 0.3414467614521963, 'w_mom': 1.1716829636340664, 'w_vwap': 0.5544876401759645, 'w_orb': 1.751111863792205, 'w_ofi': 1.1227135651176254, 'w_vol': 1.6588718740947308, 'win_boll': 10, 'win_rsi': 6, 'win_mom': 9, 'win_vwap': 12, 'orb_opening_bars': 27, 'vol_window': 12}. Best is trial 868 with value: 0.384.
Trial 1512: ACCEPT (degrade -956.7%) - Eval: 0.030%, Val: 0.317%
[I 2025-10-25 04:47:22,202] Trial 1512 finished with value: 0.029999999999999992 and parameters: {'w_boll': 0.2326980283129612, 'w_rsi': 0.14535474174254454, 'w_mom': 0.28220548263403256, 'w_vwap': 0.8142310002630375, 'w_orb': 1.9356488881650147, 'w_ofi': 1.966850660052249, 'w_vol': 1.8770409202339646, 'win_boll': 17, 'win_rsi': 8, 'win_mom': 5, 'win_vwap': 13, 'orb_opening_bars': 50, 'vol_window': 14}. Best is trial 868 with value: 0.384.
Trial 1513: ACCEPT (degrade -164.5%) - Eval: 0.062%, Val: 0.164%
[I 2025-10-25 04:47:22,952] Trial 1513 finished with value: 0.062 and parameters: {'w_boll': 0.43565199943667704, 'w_rsi': 0.3842176123261188, 'w_mom': 1.286038776299442, 'w_vwap': 0.6227171828556195, 'w_orb': 1.8090498493353806, 'w_ofi': 0.5006204891221377, 'w_vol': 1.7543598144622623, 'win_boll': 16, 'win_rsi': 6, 'win_mom': 3, 'win_vwap': 25, 'orb_opening_bars': 46, 'vol_window': 10}. Best is trial 868 with value: 0.384.
Trial 1514: ACCEPT (degrade 0.0%) - Eval: -0.080%, Val: 0.297%
[I 2025-10-25 04:47:23,705] Trial 1514 finished with value: -0.07999999999999999 and parameters: {'w_boll': 0.47493841748163595, 'w_rsi': 0.5163147035902409, 'w_mom': 0.2521161802809043, 'w_vwap': 0.6874984636793121, 'w_orb': 1.8864440108076186, 'w_ofi': 0.5880226852139734, 'w_vol': 1.254262995592537, 'win_boll': 15, 'win_rsi': 28, 'win_mom': 5, 'win_vwap': 18, 'orb_opening_bars': 41, 'vol_window': 11}. Best is trial 868 with value: 0.384.
Trial 1515: ACCEPT (degrade -104.8%) - Eval: 0.042%, Val: 0.086%
[I 2025-10-25 04:47:24,495] Trial 1515 finished with value: 0.042000000000000016 and parameters: {'w_boll': 0.20480116283524355, 'w_rsi': 0.27652646284136145, 'w_mom': 1.24827057700968, 'w_vwap': 0.7637029890624697, 'w_orb': 1.1107097949039781, 'w_ofi': 0.38253769605359533, 'w_vol': 1.9247863112221293, 'win_boll': 12, 'win_rsi': 7, 'win_mom': 4, 'win_vwap': 14, 'orb_opening_bars': 32, 'vol_window': 13}. Best is trial 868 with value: 0.384.
Trial 1516: REJECT (overfit 38.3%) - Eval: 0.120%, Val: 0.074%
[I 2025-10-25 04:47:25,279] Trial 1516 finished with value: -999.0 and parameters: {'w_boll': 0.4034353106908426, 'w_rsi': 0.3071060574523726, 'w_mom': 0.15955886245389608, 'w_vwap': 0.7147291224833645, 'w_orb': 1.9651799719584908, 'w_ofi': 1.33220164752661, 'w_vol': 1.8420498065931143, 'win_boll': 14, 'win_rsi': 6, 'win_mom': 3, 'win_vwap': 17, 'orb_opening_bars': 48, 'vol_window': 12}. Best is trial 868 with value: 0.384.
Trial 1517: REJECT (overfit 0.0%) - Eval: -0.008%, Val: -0.055%
[I 2025-10-25 04:47:26,016] Trial 1517 finished with value: -999.0 and parameters: {'w_boll': 0.34333624272800123, 'w_rsi': 0.2005755689619044, 'w_mom': 0.2083977590607238, 'w_vwap': 0.6567084884576889, 'w_orb': 1.8426055038376559, 'w_ofi': 1.8492450866469787, 'w_vol': 1.9015433515295392, 'win_boll': 11, 'win_rsi': 7, 'win_mom': 8, 'win_vwap': 33, 'orb_opening_bars': 48, 'vol_window': 11}. Best is trial 868 with value: 0.384.
Trial 1518: ACCEPT (degrade 0.0%) - Eval: -0.010%, Val: 0.140%
[I 2025-10-25 04:47:26,770] Trial 1518 finished with value: -0.010000000000000024 and parameters: {'w_boll': 0.2746733539886494, 'w_rsi': 0.4161188588334027, 'w_mom': 1.387684723478371, 'w_vwap': 0.896593311331071, 'w_orb': 1.9966094219833974, 'w_ofi': 1.9295292074450672, 'w_vol': 0.7533032789102947, 'win_boll': 13, 'win_rsi': 5, 'win_mom': 4, 'win_vwap': 11, 'orb_opening_bars': 38, 'vol_window': 15}. Best is trial 868 with value: 0.384.
Trial 1519: ACCEPT (degrade -657.1%) - Eval: 0.042%, Val: 0.318%
[I 2025-10-25 04:47:27,554] Trial 1519 finished with value: 0.041999999999999996 and parameters: {'w_boll': 0.3175442428356473, 'w_rsi': 0.46288315908326605, 'w_mom': 1.4338087569551008, 'w_vwap': 0.5923521440110915, 'w_orb': 1.9120477342481104, 'w_ofi': 0.3201963530264529, 'w_vol': 1.8079179940960293, 'win_boll': 14, 'win_rsi': 6, 'win_mom': 3, 'win_vwap': 10, 'orb_opening_bars': 49, 'vol_window': 25}. Best is trial 868 with value: 0.384.Best trial: 868. Best value: 0.384:  77%|███████▋  | 1536/2000 [19:38<05:54,  1.31it/s]Best trial: 868. Best value: 0.384:  77%|███████▋  | 1536/2000 [19:38<05:54,  1.31it/s]Best trial: 868. Best value: 0.384:  77%|███████▋  | 1537/2000 [19:38<05:56,  1.30it/s]                                                                                       Best trial: 868. Best value: 0.384:  77%|███████▋  | 1537/2000 [19:38<05:56,  1.30it/s]Best trial: 868. Best value: 0.384:  77%|███████▋  | 1537/2000 [19:38<05:56,  1.30it/s]Best trial: 868. Best value: 0.384:  77%|███████▋  | 1538/2000 [19:38<05:53,  1.31it/s]                                                                                       Best trial: 868. Best value: 0.384:  77%|███████▋  | 1538/2000 [19:39<05:53,  1.31it/s]Best trial: 868. Best value: 0.384:  77%|███████▋  | 1538/2000 [19:39<05:53,  1.31it/s]Best trial: 868. Best value: 0.384:  77%|███████▋  | 1539/2000 [19:39<05:47,  1.32it/s]                                                                                       Best trial: 868. Best value: 0.384:  77%|███████▋  | 1539/2000 [19:40<05:47,  1.32it/s]Best trial: 868. Best value: 0.384:  77%|███████▋  | 1539/2000 [19:40<05:47,  1.32it/s]Best trial: 868. Best value: 0.384:  77%|███████▋  | 1540/2000 [19:40<05:54,  1.30it/s]                                                                                       Best trial: 868. Best value: 0.384:  77%|███████▋  | 1540/2000 [19:41<05:54,  1.30it/s]Best trial: 868. Best value: 0.384:  77%|███████▋  | 1540/2000 [19:41<05:54,  1.30it/s]Best trial: 868. Best value: 0.384:  77%|███████▋  | 1541/2000 [19:41<05:52,  1.30it/s]                                                                                       Best trial: 868. Best value: 0.384:  77%|███████▋  | 1541/2000 [19:41<05:52,  1.30it/s]Best trial: 868. Best value: 0.384:  77%|███████▋  | 1541/2000 [19:41<05:52,  1.30it/s]Best trial: 868. Best value: 0.384:  77%|███████▋  | 1542/2000 [19:41<05:49,  1.31it/s]                                                                                       Best trial: 868. Best value: 0.384:  77%|███████▋  | 1542/2000 [19:42<05:49,  1.31it/s]Best trial: 868. Best value: 0.384:  77%|███████▋  | 1542/2000 [19:42<05:49,  1.31it/s]Best trial: 868. Best value: 0.384:  77%|███████▋  | 1543/2000 [19:42<05:45,  1.32it/s]                                                                                       Best trial: 868. Best value: 0.384:  77%|███████▋  | 1543/2000 [19:43<05:45,  1.32it/s]Best trial: 868. Best value: 0.384:  77%|███████▋  | 1543/2000 [19:43<05:45,  1.32it/s]Best trial: 868. Best value: 0.384:  77%|███████▋  | 1544/2000 [19:43<05:49,  1.31it/s]                                                                                       Best trial: 868. Best value: 0.384:  77%|███████▋  | 1544/2000 [19:44<05:49,  1.31it/s]Best trial: 868. Best value: 0.384:  77%|███████▋  | 1544/2000 [19:44<05:49,  1.31it/s]Best trial: 868. Best value: 0.384:  77%|███████▋  | 1545/2000 [19:44<05:46,  1.31it/s]                                                                                       Best trial: 868. Best value: 0.384:  77%|███████▋  | 1545/2000 [19:44<05:46,  1.31it/s]Best trial: 868. Best value: 0.384:  77%|███████▋  | 1545/2000 [19:44<05:46,  1.31it/s]Best trial: 868. Best value: 0.384:  77%|███████▋  | 1546/2000 [19:44<05:46,  1.31it/s]                                                                                       Best trial: 868. Best value: 0.384:  77%|███████▋  | 1546/2000 [19:45<05:46,  1.31it/s]Best trial: 868. Best value: 0.384:  77%|███████▋  | 1546/2000 [19:45<05:46,  1.31it/s]Best trial: 868. Best value: 0.384:  77%|███████▋  | 1547/2000 [19:45<05:40,  1.33it/s]                                                                                       Best trial: 868. Best value: 0.384:  77%|███████▋  | 1547/2000 [19:46<05:40,  1.33it/s]Best trial: 868. Best value: 0.384:  77%|███████▋  | 1547/2000 [19:46<05:40,  1.33it/s]Best trial: 868. Best value: 0.384:  77%|███████▋  | 1548/2000 [19:46<05:45,  1.31it/s]                                                                                       Best trial: 868. Best value: 0.384:  77%|███████▋  | 1548/2000 [19:47<05:45,  1.31it/s]Best trial: 868. Best value: 0.384:  77%|███████▋  | 1548/2000 [19:47<05:45,  1.31it/s]Best trial: 868. Best value: 0.384:  77%|███████▋  | 1549/2000 [19:47<05:44,  1.31it/s]                                                                                       Best trial: 868. Best value: 0.384:  77%|███████▋  | 1549/2000 [19:48<05:44,  1.31it/s]Best trial: 868. Best value: 0.384:  77%|███████▋  | 1549/2000 [19:48<05:44,  1.31it/s]Best trial: 868. Best value: 0.384:  78%|███████▊  | 1550/2000 [19:48<05:42,  1.31it/s]                                                                                       Best trial: 868. Best value: 0.384:  78%|███████▊  | 1550/2000 [19:48<05:42,  1.31it/s]Best trial: 868. Best value: 0.384:  78%|███████▊  | 1550/2000 [19:48<05:42,  1.31it/s]Best trial: 868. Best value: 0.384:  78%|███████▊  | 1551/2000 [19:48<05:40,  1.32it/s]                                                                                       Best trial: 868. Best value: 0.384:  78%|███████▊  | 1551/2000 [19:49<05:40,  1.32it/s]Best trial: 868. Best value: 0.384:  78%|███████▊  | 1551/2000 [19:49<05:40,  1.32it/s]Best trial: 868. Best value: 0.384:  78%|███████▊  | 1552/2000 [19:49<05:42,  1.31it/s]                                                                                       Best trial: 868. Best value: 0.384:  78%|███████▊  | 1552/2000 [19:50<05:42,  1.31it/s]Best trial: 868. Best value: 0.384:  78%|███████▊  | 1552/2000 [19:50<05:42,  1.31it/s]Best trial: 868. Best value: 0.384:  78%|███████▊  | 1553/2000 [19:50<05:42,  1.30it/s]                                                                                       
Trial 1520: ACCEPT (degrade 2.5%) - Eval: 0.244%, Val: 0.238%
[I 2025-10-25 04:47:28,320] Trial 1520 finished with value: 0.244 and parameters: {'w_boll': 0.3713955651775299, 'w_rsi': 0.24414030565719, 'w_mom': 1.4754451951339589, 'w_vwap': 0.6779649100406272, 'w_orb': 1.8730535614206814, 'w_ofi': 1.8919136767512905, 'w_vol': 1.8628638273966927, 'win_boll': 15, 'win_rsi': 8, 'win_mom': 7, 'win_vwap': 15, 'orb_opening_bars': 50, 'vol_window': 10}. Best is trial 868 with value: 0.384.
Trial 1521: ACCEPT (degrade 0.0%) - Eval: -0.220%, Val: 0.048%
