[I 2025-10-25 04:34:27,063] Trial 499 finished with value: -999.0 and parameters: {'w_boll': 0.4637764763448254, 'w_rsi': 0.24174728020881386, 'w_mom': 0.19082829485682962, 'w_vwap': 0.7656770104888947, 'w_orb': 1.9391013274422435, 'w_ofi': 1.797145512805406, 'w_vol': 1.964486247844065, 'win_boll': 16, 'win_rsi': 5, 'win_mom': 10, 'win_vwap': 11, 'orb_opening_bars': 48, 'vol_window': 10}. Best is trial 112 with value: 0.33399999999999996.
Trial 500: ACCEPT (degrade -64.4%) - Eval: 0.118%, Val: 0.194%Best trial: 112. Best value: 0.334:  26%|██▌       | 516/2000 [06:36<18:36,  1.33it/s]Best trial: 112. Best value: 0.334:  26%|██▌       | 516/2000 [06:36<18:36,  1.33it/s]Best trial: 112. Best value: 0.334:  26%|██▌       | 517/2000 [06:36<18:20,  1.35it/s]                                                                                      Best trial: 112. Best value: 0.334:  26%|██▌       | 517/2000 [06:37<18:20,  1.35it/s]Best trial: 112. Best value: 0.334:  26%|██▌       | 517/2000 [06:37<18:20,  1.35it/s]Best trial: 112. Best value: 0.334:  26%|██▌       | 518/2000 [06:37<18:40,  1.32it/s]                                                                                      Best trial: 112. Best value: 0.334:  26%|██▌       | 518/2000 [06:38<18:40,  1.32it/s]Best trial: 112. Best value: 0.334:  26%|██▌       | 518/2000 [06:38<18:40,  1.32it/s]Best trial: 112. Best value: 0.334:  26%|██▌       | 519/2000 [06:38<18:33,  1.33it/s]                                                                                      Best trial: 112. Best value: 0.334:  26%|██▌       | 519/2000 [06:38<18:33,  1.33it/s]Best trial: 112. Best value: 0.334:  26%|██▌       | 519/2000 [06:38<18:33,  1.33it/s]Best trial: 112. Best value: 0.334:  26%|██▌       | 520/2000 [06:38<18:31,  1.33it/s]                                                                                      Best trial: 112. Best value: 0.334:  26%|██▌       | 520/2000 [06:39<18:31,  1.33it/s]Best trial: 112. Best value: 0.334:  26%|██▌       | 520/2000 [06:39<18:31,  1.33it/s]Best trial: 112. Best value: 0.334:  26%|██▌       | 521/2000 [06:39<18:17,  1.35it/s]                                                                                      Best trial: 112. Best value: 0.334:  26%|██▌       | 521/2000 [06:40<18:17,  1.35it/s]Best trial: 112. Best value: 0.334:  26%|██▌       | 521/2000 [06:40<18:17,  1.35it/s]Best trial: 112. Best value: 0.334:  26%|██▌       | 522/2000 [06:40<18:40,  1.32it/s]                                                                                      Best trial: 112. Best value: 0.334:  26%|██▌       | 522/2000 [06:41<18:40,  1.32it/s]Best trial: 112. Best value: 0.334:  26%|██▌       | 522/2000 [06:41<18:40,  1.32it/s]Best trial: 112. Best value: 0.334:  26%|██▌       | 523/2000 [06:41<18:46,  1.31it/s]                                                                                      Best trial: 112. Best value: 0.334:  26%|██▌       | 523/2000 [06:41<18:46,  1.31it/s]Best trial: 112. Best value: 0.334:  26%|██▌       | 523/2000 [06:41<18:46,  1.31it/s]Best trial: 112. Best value: 0.334:  26%|██▌       | 524/2000 [06:41<18:39,  1.32it/s]                                                                                      Best trial: 112. Best value: 0.334:  26%|██▌       | 524/2000 [06:42<18:39,  1.32it/s]Best trial: 112. Best value: 0.334:  26%|██▌       | 524/2000 [06:42<18:39,  1.32it/s]Best trial: 112. Best value: 0.334:  26%|██▋       | 525/2000 [06:42<18:30,  1.33it/s]                                                                                      Best trial: 112. Best value: 0.334:  26%|██▋       | 525/2000 [06:43<18:30,  1.33it/s]Best trial: 112. Best value: 0.334:  26%|██▋       | 525/2000 [06:43<18:30,  1.33it/s]Best trial: 112. Best value: 0.334:  26%|██▋       | 526/2000 [06:43<18:38,  1.32it/s]                                                                                      Best trial: 112. Best value: 0.334:  26%|██▋       | 526/2000 [06:44<18:38,  1.32it/s]Best trial: 112. Best value: 0.334:  26%|██▋       | 526/2000 [06:44<18:38,  1.32it/s]Best trial: 112. Best value: 0.334:  26%|██▋       | 527/2000 [06:44<18:38,  1.32it/s]                                                                                      Best trial: 112. Best value: 0.334:  26%|██▋       | 527/2000 [06:45<18:38,  1.32it/s]Best trial: 112. Best value: 0.334:  26%|██▋       | 527/2000 [06:45<18:38,  1.32it/s]Best trial: 112. Best value: 0.334:  26%|██▋       | 528/2000 [06:45<18:30,  1.33it/s]                                                                                      Best trial: 112. Best value: 0.334:  26%|██▋       | 528/2000 [06:45<18:30,  1.33it/s]Best trial: 112. Best value: 0.334:  26%|██▋       | 528/2000 [06:45<18:30,  1.33it/s]Best trial: 112. Best value: 0.334:  26%|██▋       | 529/2000 [06:45<18:31,  1.32it/s]                                                                                      Best trial: 112. Best value: 0.334:  26%|██▋       | 529/2000 [06:46<18:31,  1.32it/s]Best trial: 112. Best value: 0.334:  26%|██▋       | 529/2000 [06:46<18:31,  1.32it/s]Best trial: 112. Best value: 0.334:  26%|██▋       | 530/2000 [06:46<18:21,  1.33it/s]                                                                                      Best trial: 112. Best value: 0.334:  26%|██▋       | 530/2000 [06:47<18:21,  1.33it/s]Best trial: 112. Best value: 0.334:  26%|██▋       | 530/2000 [06:47<18:21,  1.33it/s]Best trial: 112. Best value: 0.334:  27%|██▋       | 531/2000 [06:47<18:16,  1.34it/s]                                                                                      Best trial: 112. Best value: 0.334:  27%|██▋       | 531/2000 [06:47<18:16,  1.34it/s]Best trial: 112. Best value: 0.334:  27%|██▋       | 531/2000 [06:47<18:16,  1.34it/s]Best trial: 112. Best value: 0.334:  27%|██▋       | 532/2000 [06:47<18:15,  1.34it/s]                                                                                      
[I 2025-10-25 04:34:27,801] Trial 500 finished with value: 0.11800000000000002 and parameters: {'w_boll': 0.3939401993061494, 'w_rsi': 0.19610564895392185, 'w_mom': 0.13726661640693055, 'w_vwap': 0.7480647812413159, 'w_orb': 1.9984440008918614, 'w_ofi': 1.8416316668542747, 'w_vol': 1.8898295021441711, 'win_boll': 14, 'win_rsi': 5, 'win_mom': 11, 'win_vwap': 11, 'orb_opening_bars': 50, 'vol_window': 11}. Best is trial 112 with value: 0.33399999999999996.
Trial 501: REJECT (overfit 54.7%) - Eval: 0.258%, Val: 0.117%
[I 2025-10-25 04:34:28,588] Trial 501 finished with value: -999.0 and parameters: {'w_boll': 0.5324728911827041, 'w_rsi': 0.2530236197103492, 'w_mom': 0.16804875980749157, 'w_vwap': 0.699478041481209, 'w_orb': 1.9448220796257842, 'w_ofi': 1.720420765691193, 'w_vol': 1.9400719592737246, 'win_boll': 13, 'win_rsi': 5, 'win_mom': 12, 'win_vwap': 12, 'orb_opening_bars': 48, 'vol_window': 10}. Best is trial 112 with value: 0.33399999999999996.
Trial 502: ACCEPT (degrade 0.0%) - Eval: -0.246%, Val: -0.150%
[I 2025-10-25 04:34:29,335] Trial 502 finished with value: -0.246 and parameters: {'w_boll': 1.5210831502151159, 'w_rsi': 0.21425633695596547, 'w_mom': 0.10098978122555699, 'w_vwap': 0.7171442718888682, 'w_orb': 1.9421460638844397, 'w_ofi': 1.7313654043874207, 'w_vol': 1.8701625430901547, 'win_boll': 13, 'win_rsi': 5, 'win_mom': 11, 'win_vwap': 10, 'orb_opening_bars': 49, 'vol_window': 12}. Best is trial 112 with value: 0.33399999999999996.
Trial 503: ACCEPT (degrade 0.0%) - Eval: -0.018%, Val: 0.180%
[I 2025-10-25 04:34:30,257] Trial 503 finished with value: -0.018000000000000002 and parameters: {'w_boll': 0.41750998118412236, 'w_rsi': 0.2607488803622584, 'w_mom': 0.1863231310487079, 'w_vwap': 0.8047515829691716, 'w_orb': 1.9660916619011288, 'w_ofi': 1.6896298958770888, 'w_vol': 1.9987760663012344, 'win_boll': 12, 'win_rsi': 5, 'win_mom': 11, 'win_vwap': 11, 'orb_opening_bars': 50, 'vol_window': 11}. Best is trial 112 with value: 0.33399999999999996.
Trial 504: ACCEPT (degrade 0.0%) - Eval: -0.174%, Val: -0.138%
[I 2025-10-25 04:34:30,975] Trial 504 finished with value: -0.174 and parameters: {'w_boll': 0.4826373220943648, 'w_rsi': 0.9689541781321876, 'w_mom': 0.14887625352437744, 'w_vwap': 0.7554660390441474, 'w_orb': 1.9976166048337187, 'w_ofi': 1.6271926431699135, 'w_vol': 1.9138028997731786, 'win_boll': 15, 'win_rsi': 5, 'win_mom': 10, 'win_vwap': 12, 'orb_opening_bars': 49, 'vol_window': 10}. Best is trial 112 with value: 0.33399999999999996.
Trial 505: ACCEPT (degrade 0.0%) - Eval: -0.248%, Val: 0.337%
[I 2025-10-25 04:34:31,772] Trial 505 finished with value: -0.24800000000000005 and parameters: {'w_boll': 0.4429139126611968, 'w_rsi': 0.2192568161747968, 'w_mom': 0.13742891465457469, 'w_vwap': 0.6974689564593702, 'w_orb': 1.998351893563948, 'w_ofi': 1.7643319144923937, 'w_vol': 1.7007971127333121, 'win_boll': 14, 'win_rsi': 15, 'win_mom': 11, 'win_vwap': 10, 'orb_opening_bars': 47, 'vol_window': 11}. Best is trial 112 with value: 0.33399999999999996.
Trial 506: ACCEPT (degrade -100.0%) - Eval: 0.146%, Val: 0.292%
[I 2025-10-25 04:34:32,547] Trial 506 finished with value: 0.146 and parameters: {'w_boll': 0.5317339026302861, 'w_rsi': 0.25307757341414466, 'w_mom': 0.1891724574249682, 'w_vwap': 0.8295839174836414, 'w_orb': 1.9292444056470588, 'w_ofi': 1.8641950436141896, 'w_vol': 1.9591600251606685, 'win_boll': 12, 'win_rsi': 6, 'win_mom': 12, 'win_vwap': 12, 'orb_opening_bars': 48, 'vol_window': 12}. Best is trial 112 with value: 0.33399999999999996.
Trial 507: ACCEPT (degrade -94.1%) - Eval: 0.034%, Val: 0.066%
[I 2025-10-25 04:34:33,306] Trial 507 finished with value: 0.03399999999999999 and parameters: {'w_boll': 0.3853043415122705, 'w_rsi': 0.19166097074125144, 'w_mom': 0.21745185523006713, 'w_vwap': 0.6798974949478258, 'w_orb': 1.9513729024212756, 'w_ofi': 1.8084116468780342, 'w_vol': 1.742022639694062, 'win_boll': 13, 'win_rsi': 5, 'win_mom': 10, 'win_vwap': 11, 'orb_opening_bars': 50, 'vol_window': 11}. Best is trial 112 with value: 0.33399999999999996.
Trial 508: REJECT (overfit 96.8%) - Eval: 0.188%, Val: 0.006%
[I 2025-10-25 04:34:34,035] Trial 508 finished with value: -999.0 and parameters: {'w_boll': 0.478675570814235, 'w_rsi': 0.2678507980369088, 'w_mom': 0.10242168648817399, 'w_vwap': 0.7245432271930128, 'w_orb': 1.918867237053769, 'w_ofi': 1.5510552622777594, 'w_vol': 1.858408522604163, 'win_boll': 10, 'win_rsi': 6, 'win_mom': 11, 'win_vwap': 12, 'orb_opening_bars': 49, 'vol_window': 10}. Best is trial 112 with value: 0.33399999999999996.
Trial 509: REJECT (overfit 42.3%) - Eval: 0.078%, Val: 0.045%
[I 2025-10-25 04:34:34,833] Trial 509 finished with value: -999.0 and parameters: {'w_boll': 0.4001423635420005, 'w_rsi': 0.2837673238023063, 'w_mom': 0.9177545727644303, 'w_vwap': 0.7769942211123546, 'w_orb': 1.9994211345375825, 'w_ofi': 1.729903869427572, 'w_vol': 1.9142325216818459, 'win_boll': 12, 'win_rsi': 6, 'win_mom': 12, 'win_vwap': 10, 'orb_opening_bars': 48, 'vol_window': 12}. Best is trial 112 with value: 0.33399999999999996.
Trial 510: ACCEPT (degrade -26.5%) - Eval: 0.200%, Val: 0.253%
[I 2025-10-25 04:34:35,582] Trial 510 finished with value: 0.19999999999999996 and parameters: {'w_boll': 0.44282713479503416, 'w_rsi': 0.10231829041456075, 'w_mom': 0.25631908980865264, 'w_vwap': 0.6658236342409827, 'w_orb': 1.9577353393681112, 'w_ofi': 1.6512598482359706, 'w_vol': 1.7877476564155408, 'win_boll': 13, 'win_rsi': 5, 'win_mom': 11, 'win_vwap': 11, 'orb_opening_bars': 47, 'vol_window': 11}. Best is trial 112 with value: 0.33399999999999996.
Trial 511: ACCEPT (degrade -173.8%) - Eval: 0.122%, Val: 0.334%
[I 2025-10-25 04:34:36,339] Trial 511 finished with value: 0.12199999999999997 and parameters: {'w_boll': 0.5087604205371541, 'w_rsi': 0.2276437349768305, 'w_mom': 0.4110939003110289, 'w_vwap': 0.7305239079675717, 'w_orb': 1.92121486840373, 'w_ofi': 1.6806103079540549, 'w_vol': 1.8374040555787883, 'win_boll': 15, 'win_rsi': 6, 'win_mom': 10, 'win_vwap': 12, 'orb_opening_bars': 49, 'vol_window': 24}. Best is trial 112 with value: 0.33399999999999996.
Trial 512: ACCEPT (degrade 0.0%) - Eval: -0.260%, Val: 0.158%
[I 2025-10-25 04:34:37,059] Trial 512 finished with value: -0.26 and parameters: {'w_boll': 0.3748367436914021, 'w_rsi': 0.2758127664461791, 'w_mom': 0.5311521956638415, 'w_vwap': 0.6460271639004544, 'w_orb': 1.9999725898446525, 'w_ofi': 1.7629256741798487, 'w_vol': 1.9986920162457782, 'win_boll': 14, 'win_rsi': 6, 'win_mom': 19, 'win_vwap': 10, 'orb_opening_bars': 48, 'vol_window': 35}. Best is trial 112 with value: 0.33399999999999996.
Trial 513: ACCEPT (degrade -17.7%) - Eval: 0.226%, Val: 0.266%
[I 2025-10-25 04:34:37,841] Trial 513 finished with value: 0.22599999999999998 and parameters: {'w_boll': 0.42733512930396944, 'w_rsi': 0.25316637422024324, 'w_mom': 0.1637051382437219, 'w_vwap': 1.113638544889131, 'w_orb': 1.9509353625401094, 'w_ofi': 1.6041592602323855, 'w_vol': 1.9426264526622754, 'win_boll': 16, 'win_rsi': 5, 'win_mom': 11, 'win_vwap': 22, 'orb_opening_bars': 50, 'vol_window': 13}. Best is trial 112 with value: 0.33399999999999996.
Trial 514: ACCEPT (degrade 0.0%) - Eval: -0.042%, Val: 0.260%
[I 2025-10-25 04:34:38,580] Trial 514 finished with value: -0.042 and parameters: {'w_boll': 0.462860516520445, 'w_rsi': 0.14102909452913387, 'w_mom': 0.1371736666487197, 'w_vwap': 0.599086614657274, 'w_orb': 1.9168555871321484, 'w_ofi': 1.6603355899652321, 'w_vol': 1.8910037566002367, 'win_boll': 17, 'win_rsi': 5, 'win_mom': 12, 'win_vwap': 18, 'orb_opening_bars': 50, 'vol_window': 13}. Best is trial 112 with value: 0.33399999999999996.
Trial 515: REJECT (overfit 48.6%) - Eval: 0.138%, Val: 0.071%
[I 2025-10-25 04:34:39,329] Trial 515 finished with value: -999.0 and parameters: {'w_boll': 0.5018416408804889, 'w_rsi': 0.8011384205599319, 'w_mom': 0.160031022404853, 'w_vwap': 1.1420930235365705, 'w_orb': 1.9408809961114182, 'w_ofi': 1.614558952893013, 'w_vol': 1.8660192110049922, 'win_boll': 16, 'win_rsi': 6, 'win_mom': 11, 'win_vwap': 21, 'orb_opening_bars': 50, 'vol_window': 13}. Best is trial 112 with value: 0.33399999999999996.
Trial 516: REJECT (overfit 383.3%) - Eval: 0.030%, Val: -0.085%
[I 2025-10-25 04:34:40,048] Trial 516 finished with value: -999.0 and parameters: {'w_boll': 0.5458647250314268, 'w_rsi': 1.808767392871127, 'w_mom': 0.1893489956102897, 'w_vwap': 1.0613517615634063, 'w_orb': 1.9529339873329647, 'w_ofi': 1.5922967343878427, 'w_vol': 1.816108763197069, 'win_boll': 16, 'win_rsi': 6, 'win_mom': 10, 'win_vwap': 22, 'orb_opening_bars': 50, 'vol_window': 13}. Best is trial 112 with value: 0.33399999999999996.Best trial: 112. Best value: 0.334:  27%|██▋       | 532/2000 [06:48<18:15,  1.34it/s]Best trial: 112. Best value: 0.334:  27%|██▋       | 532/2000 [06:48<18:15,  1.34it/s]Best trial: 112. Best value: 0.334:  27%|██▋       | 533/2000 [06:48<18:15,  1.34it/s]                                                                                      Best trial: 112. Best value: 0.334:  27%|██▋       | 533/2000 [06:49<18:15,  1.34it/s]Best trial: 112. Best value: 0.334:  27%|██▋       | 533/2000 [06:49<18:15,  1.34it/s]Best trial: 112. Best value: 0.334:  27%|██▋       | 534/2000 [06:49<18:26,  1.33it/s]                                                                                      Best trial: 112. Best value: 0.334:  27%|██▋       | 534/2000 [06:50<18:26,  1.33it/s]Best trial: 112. Best value: 0.334:  27%|██▋       | 534/2000 [06:50<18:26,  1.33it/s]Best trial: 112. Best value: 0.334:  27%|██▋       | 535/2000 [06:50<18:19,  1.33it/s]                                                                                      Best trial: 112. Best value: 0.334:  27%|██▋       | 535/2000 [06:50<18:19,  1.33it/s]Best trial: 112. Best value: 0.334:  27%|██▋       | 535/2000 [06:50<18:19,  1.33it/s]Best trial: 112. Best value: 0.334:  27%|██▋       | 536/2000 [06:50<18:15,  1.34it/s]                                                                                      Best trial: 112. Best value: 0.334:  27%|██▋       | 536/2000 [06:51<18:15,  1.34it/s]Best trial: 112. Best value: 0.334:  27%|██▋       | 536/2000 [06:51<18:15,  1.34it/s]Best trial: 112. Best value: 0.334:  27%|██▋       | 537/2000 [06:51<18:11,  1.34it/s]                                                                                      Best trial: 112. Best value: 0.334:  27%|██▋       | 537/2000 [06:52<18:11,  1.34it/s]Best trial: 112. Best value: 0.334:  27%|██▋       | 537/2000 [06:52<18:11,  1.34it/s]Best trial: 112. Best value: 0.334:  27%|██▋       | 538/2000 [06:52<18:18,  1.33it/s]                                                                                      Best trial: 112. Best value: 0.334:  27%|██▋       | 538/2000 [06:53<18:18,  1.33it/s]Best trial: 112. Best value: 0.334:  27%|██▋       | 538/2000 [06:53<18:18,  1.33it/s]Best trial: 112. Best value: 0.334:  27%|██▋       | 539/2000 [06:53<18:29,  1.32it/s]                                                                                      Best trial: 112. Best value: 0.334:  27%|██▋       | 539/2000 [06:54<18:29,  1.32it/s]Best trial: 112. Best value: 0.334:  27%|██▋       | 539/2000 [06:54<18:29,  1.32it/s]Best trial: 112. Best value: 0.334:  27%|██▋       | 540/2000 [06:54<18:27,  1.32it/s]                                                                                      Best trial: 112. Best value: 0.334:  27%|██▋       | 540/2000 [06:54<18:27,  1.32it/s]Best trial: 112. Best value: 0.334:  27%|██▋       | 540/2000 [06:54<18:27,  1.32it/s]Best trial: 112. Best value: 0.334:  27%|██▋       | 541/2000 [06:54<18:22,  1.32it/s]                                                                                      Best trial: 112. Best value: 0.334:  27%|██▋       | 541/2000 [06:55<18:22,  1.32it/s]Best trial: 112. Best value: 0.334:  27%|██▋       | 541/2000 [06:55<18:22,  1.32it/s]Best trial: 112. Best value: 0.334:  27%|██▋       | 542/2000 [06:55<18:22,  1.32it/s]                                                                                      Best trial: 112. Best value: 0.334:  27%|██▋       | 542/2000 [06:56<18:22,  1.32it/s]Best trial: 112. Best value: 0.334:  27%|██▋       | 542/2000 [06:56<18:22,  1.32it/s]Best trial: 112. Best value: 0.334:  27%|██▋       | 543/2000 [06:56<18:21,  1.32it/s]                                                                                      Best trial: 112. Best value: 0.334:  27%|██▋       | 543/2000 [06:57<18:21,  1.32it/s]Best trial: 112. Best value: 0.334:  27%|██▋       | 543/2000 [06:57<18:21,  1.32it/s]Best trial: 112. Best value: 0.334:  27%|██▋       | 544/2000 [06:57<19:22,  1.25it/s]                                                                                      Best trial: 112. Best value: 0.334:  27%|██▋       | 544/2000 [06:57<19:22,  1.25it/s]Best trial: 112. Best value: 0.334:  27%|██▋       | 544/2000 [06:57<19:22,  1.25it/s]Best trial: 112. Best value: 0.334:  27%|██▋       | 545/2000 [06:57<19:05,  1.27it/s]                                                                                      Best trial: 112. Best value: 0.334:  27%|██▋       | 545/2000 [06:58<19:05,  1.27it/s]Best trial: 112. Best value: 0.334:  27%|██▋       | 545/2000 [06:58<19:05,  1.27it/s]Best trial: 112. Best value: 0.334:  27%|██▋       | 546/2000 [06:58<19:12,  1.26it/s]                                                                                      Best trial: 112. Best value: 0.334:  27%|██▋       | 546/2000 [06:59<19:12,  1.26it/s]Best trial: 112. Best value: 0.334:  27%|██▋       | 546/2000 [06:59<19:12,  1.26it/s]Best trial: 112. Best value: 0.334:  27%|██▋       | 547/2000 [06:59<18:43,  1.29it/s]                                                                                      Best trial: 112. Best value: 0.334:  27%|██▋       | 547/2000 [07:00<18:43,  1.29it/s]Best trial: 112. Best value: 0.334:  27%|██▋       | 547/2000 [07:00<18:43,  1.29it/s]Best trial: 112. Best value: 0.334:  27%|██▋       | 548/2000 [07:00<18:30,  1.31it/s]                                                                                      Best trial: 112. Best value: 0.334:  27%|██▋       | 548/2000 [07:00<18:30,  1.31it/s]Best trial: 112. Best value: 0.334:  27%|██▋       | 548/2000 [07:00<18:30,  1.31it/s]Best trial: 112. Best value: 0.334:  27%|██▋       | 549/2000 [07:00<18:25,  1.31it/s]
Trial 517: ACCEPT (degrade 0.0%) - Eval: -0.048%, Val: 0.290%
[I 2025-10-25 04:34:40,836] Trial 517 finished with value: -0.048 and parameters: {'w_boll': 0.43257829932499103, 'w_rsi': 1.0317065358804942, 'w_mom': 0.13083144332080945, 'w_vwap': 0.641503007751371, 'w_orb': 1.9068426505702647, 'w_ofi': 1.5656161448499333, 'w_vol': 1.9238783972666944, 'win_boll': 16, 'win_rsi': 6, 'win_mom': 11, 'win_vwap': 24, 'orb_opening_bars': 50, 'vol_window': 12}. Best is trial 112 with value: 0.33399999999999996.
Trial 518: ACCEPT (degrade 0.0%) - Eval: -0.122%, Val: 0.207%
[I 2025-10-25 04:34:41,578] Trial 518 finished with value: -0.122 and parameters: {'w_boll': 0.3813633500342636, 'w_rsi': 0.15855225636679413, 'w_mom': 0.169200678531245, 'w_vwap': 1.11289054628538, 'w_orb': 1.9603468679093872, 'w_ofi': 1.7033126919985728, 'w_vol': 1.773749467108242, 'win_boll': 16, 'win_rsi': 5, 'win_mom': 11, 'win_vwap': 10, 'orb_opening_bars': 49, 'vol_window': 13}. Best is trial 112 with value: 0.33399999999999996.
Trial 519: ACCEPT (degrade -451.7%) - Eval: 0.058%, Val: 0.320%
