[I 2025-10-25 04:41:21,575] Trial 1043 finished with value: -0.166 and parameters: {'w_boll': 0.5119807121870589, 'w_rsi': 0.17729960226133898, 'w_mom': 1.4174863255193193, 'w_vwap': 0.7825041010846936, 'w_orb': 1.9542915962188832, 'w_ofi': 1.8450094731913147, 'w_vol': 1.1206741407374288, 'win_boll': 13, 'win_rsi': 5, 'win_mom': 3, 'win_vwap': 11, 'orb_opening_bars': 49, 'vol_window': 21}. Best is trial 868 with value: 0.384.Best trial: 868. Best value: 0.384:  53%|█████▎    | 1060/2000 [13:31<12:07,  1.29it/s]Best trial: 868. Best value: 0.384:  53%|█████▎    | 1060/2000 [13:31<12:07,  1.29it/s]Best trial: 868. Best value: 0.384:  53%|█████▎    | 1061/2000 [13:31<12:00,  1.30it/s]                                                                                       Best trial: 868. Best value: 0.384:  53%|█████▎    | 1061/2000 [13:32<12:00,  1.30it/s]Best trial: 868. Best value: 0.384:  53%|█████▎    | 1061/2000 [13:32<12:00,  1.30it/s]Best trial: 868. Best value: 0.384:  53%|█████▎    | 1062/2000 [13:32<12:00,  1.30it/s]                                                                                       Best trial: 868. Best value: 0.384:  53%|█████▎    | 1062/2000 [13:32<12:00,  1.30it/s]Best trial: 868. Best value: 0.384:  53%|█████▎    | 1062/2000 [13:32<12:00,  1.30it/s]Best trial: 868. Best value: 0.384:  53%|█████▎    | 1063/2000 [13:32<12:02,  1.30it/s]                                                                                       Best trial: 868. Best value: 0.384:  53%|█████▎    | 1063/2000 [13:33<12:02,  1.30it/s]Best trial: 868. Best value: 0.384:  53%|█████▎    | 1063/2000 [13:33<12:02,  1.30it/s]Best trial: 868. Best value: 0.384:  53%|█████▎    | 1064/2000 [13:33<11:50,  1.32it/s]                                                                                       Best trial: 868. Best value: 0.384:  53%|█████▎    | 1064/2000 [13:34<11:50,  1.32it/s]Best trial: 868. Best value: 0.384:  53%|█████▎    | 1064/2000 [13:34<11:50,  1.32it/s]Best trial: 868. Best value: 0.384:  53%|█████▎    | 1065/2000 [13:34<11:45,  1.33it/s]                                                                                       Best trial: 868. Best value: 0.384:  53%|█████▎    | 1065/2000 [13:35<11:45,  1.33it/s]Best trial: 868. Best value: 0.384:  53%|█████▎    | 1065/2000 [13:35<11:45,  1.33it/s]Best trial: 868. Best value: 0.384:  53%|█████▎    | 1066/2000 [13:35<11:54,  1.31it/s]                                                                                       Best trial: 868. Best value: 0.384:  53%|█████▎    | 1066/2000 [13:35<11:54,  1.31it/s]Best trial: 868. Best value: 0.384:  53%|█████▎    | 1066/2000 [13:35<11:54,  1.31it/s]Best trial: 868. Best value: 0.384:  53%|█████▎    | 1067/2000 [13:35<11:54,  1.31it/s]                                                                                       Best trial: 868. Best value: 0.384:  53%|█████▎    | 1067/2000 [13:36<11:54,  1.31it/s]Best trial: 868. Best value: 0.384:  53%|█████▎    | 1067/2000 [13:36<11:54,  1.31it/s]Best trial: 868. Best value: 0.384:  53%|█████▎    | 1068/2000 [13:36<11:44,  1.32it/s]                                                                                       Best trial: 868. Best value: 0.384:  53%|█████▎    | 1068/2000 [13:37<11:44,  1.32it/s]Best trial: 868. Best value: 0.384:  53%|█████▎    | 1068/2000 [13:37<11:44,  1.32it/s]Best trial: 868. Best value: 0.384:  53%|█████▎    | 1069/2000 [13:37<11:43,  1.32it/s]                                                                                       Best trial: 868. Best value: 0.384:  53%|█████▎    | 1069/2000 [13:38<11:43,  1.32it/s]Best trial: 868. Best value: 0.384:  53%|█████▎    | 1069/2000 [13:38<11:43,  1.32it/s]Best trial: 868. Best value: 0.384:  54%|█████▎    | 1070/2000 [13:38<11:40,  1.33it/s]                                                                                       Best trial: 868. Best value: 0.384:  54%|█████▎    | 1070/2000 [13:38<11:40,  1.33it/s]Best trial: 868. Best value: 0.384:  54%|█████▎    | 1070/2000 [13:38<11:40,  1.33it/s]Best trial: 868. Best value: 0.384:  54%|█████▎    | 1071/2000 [13:38<11:39,  1.33it/s]                                                                                       Best trial: 868. Best value: 0.384:  54%|█████▎    | 1071/2000 [13:39<11:39,  1.33it/s]Best trial: 868. Best value: 0.384:  54%|█████▎    | 1071/2000 [13:39<11:39,  1.33it/s]Best trial: 868. Best value: 0.384:  54%|█████▎    | 1072/2000 [13:39<11:34,  1.34it/s]                                                                                       Best trial: 868. Best value: 0.384:  54%|█████▎    | 1072/2000 [13:40<11:34,  1.34it/s]Best trial: 868. Best value: 0.384:  54%|█████▎    | 1072/2000 [13:40<11:34,  1.34it/s]Best trial: 868. Best value: 0.384:  54%|█████▎    | 1073/2000 [13:40<11:35,  1.33it/s]                                                                                       Best trial: 868. Best value: 0.384:  54%|█████▎    | 1073/2000 [13:41<11:35,  1.33it/s]Best trial: 868. Best value: 0.384:  54%|█████▎    | 1073/2000 [13:41<11:35,  1.33it/s]Best trial: 868. Best value: 0.384:  54%|█████▎    | 1074/2000 [13:41<11:44,  1.31it/s]                                                                                       Best trial: 868. Best value: 0.384:  54%|█████▎    | 1074/2000 [13:41<11:44,  1.31it/s]Best trial: 868. Best value: 0.384:  54%|█████▎    | 1074/2000 [13:41<11:44,  1.31it/s]Best trial: 868. Best value: 0.384:  54%|█████▍    | 1075/2000 [13:41<11:41,  1.32it/s]                                                                                       Best trial: 868. Best value: 0.384:  54%|█████▍    | 1075/2000 [13:42<11:41,  1.32it/s]Best trial: 868. Best value: 0.384:  54%|█████▍    | 1075/2000 [13:42<11:41,  1.32it/s]Best trial: 868. Best value: 0.384:  54%|█████▍    | 1076/2000 [13:42<11:32,  1.33it/s]                                                                                       Best trial: 868. Best value: 0.384:  54%|█████▍    | 1076/2000 [13:43<11:32,  1.33it/s]Best trial: 868. Best value: 0.384:  54%|█████▍    | 1076/2000 [13:43<11:32,  1.33it/s]Best trial: 868. Best value: 0.384:  54%|█████▍    | 1077/2000 [13:43<11:30,  1.34it/s]                                                                                       
Trial 1044: REJECT (overfit 541.7%) - Eval: 0.036%, Val: -0.159%
[I 2025-10-25 04:41:22,334] Trial 1044 finished with value: -999.0 and parameters: {'w_boll': 0.33291740588705965, 'w_rsi': 0.32204532442545164, 'w_mom': 1.3502804630064713, 'w_vwap': 0.7499257926886709, 'w_orb': 1.09744412286285, 'w_ofi': 1.6105342000648675, 'w_vol': 1.8775111286427468, 'win_boll': 15, 'win_rsi': 6, 'win_mom': 3, 'win_vwap': 13, 'orb_opening_bars': 47, 'vol_window': 10}. Best is trial 868 with value: 0.384.
Trial 1045: ACCEPT (degrade -66.9%) - Eval: 0.148%, Val: 0.247%
[I 2025-10-25 04:41:23,061] Trial 1045 finished with value: 0.14799999999999996 and parameters: {'w_boll': 0.21967905839293733, 'w_rsi': 0.24140164940380643, 'w_mom': 1.2995503625198512, 'w_vwap': 0.6989980404936371, 'w_orb': 1.910501366087444, 'w_ofi': 0.4710745406713557, 'w_vol': 1.8438827382561622, 'win_boll': 13, 'win_rsi': 6, 'win_mom': 8, 'win_vwap': 10, 'orb_opening_bars': 49, 'vol_window': 12}. Best is trial 868 with value: 0.384.
Trial 1046: ACCEPT (degrade -13250.0%) - Eval: 0.002%, Val: 0.267%
[I 2025-10-25 04:41:23,821] Trial 1046 finished with value: 0.0019999999999999797 and parameters: {'w_boll': 0.5569382735069844, 'w_rsi': 0.4332067031565696, 'w_mom': 1.1947961803184068, 'w_vwap': 0.8069062469323124, 'w_orb': 1.8732240682512624, 'w_ofi': 1.7611084131860255, 'w_vol': 1.783813887409117, 'win_boll': 14, 'win_rsi': 5, 'win_mom': 6, 'win_vwap': 14, 'orb_opening_bars': 48, 'vol_window': 23}. Best is trial 868 with value: 0.384.
Trial 1047: REJECT (overfit 217.3%) - Eval: 0.052%, Val: -0.061%
[I 2025-10-25 04:41:24,604] Trial 1047 finished with value: -999.0 and parameters: {'w_boll': 0.4620682462049251, 'w_rsi': 0.38507133370080054, 'w_mom': 1.6357906684495498, 'w_vwap': 0.8556513683734313, 'w_orb': 1.9634699805480056, 'w_ofi': 1.9341044224876458, 'w_vol': 1.9399127357887784, 'win_boll': 12, 'win_rsi': 7, 'win_mom': 5, 'win_vwap': 12, 'orb_opening_bars': 50, 'vol_window': 14}. Best is trial 868 with value: 0.384.
Trial 1048: ACCEPT (degrade 0.0%) - Eval: -0.124%, Val: 0.150%
[I 2025-10-25 04:41:25,356] Trial 1048 finished with value: -0.124 and parameters: {'w_boll': 0.3482039390014145, 'w_rsi': 0.34412206548946084, 'w_mom': 1.2336910636465692, 'w_vwap': 0.6610872365659178, 'w_orb': 1.748023437238374, 'w_ofi': 0.7016757480998944, 'w_vol': 1.8074624256362857, 'win_boll': 30, 'win_rsi': 5, 'win_mom': 4, 'win_vwap': 11, 'orb_opening_bars': 46, 'vol_window': 13}. Best is trial 868 with value: 0.384.
Trial 1049: REJECT (overfit 0.0%) - Eval: -0.084%, Val: -0.086%
[I 2025-10-25 04:41:26,107] Trial 1049 finished with value: -999.0 and parameters: {'w_boll': 0.30190263661894334, 'w_rsi': 0.27825616233883244, 'w_mom': 1.3188565352299726, 'w_vwap': 0.743370047226182, 'w_orb': 1.8323555147850574, 'w_ofi': 1.677430766890136, 'w_vol': 1.8824720693535313, 'win_boll': 17, 'win_rsi': 6, 'win_mom': 3, 'win_vwap': 31, 'orb_opening_bars': 47, 'vol_window': 11}. Best is trial 868 with value: 0.384.
Trial 1050: REJECT (overfit 162.5%) - Eval: 0.008%, Val: -0.005%
[I 2025-10-25 04:41:26,833] Trial 1050 finished with value: -999.0 and parameters: {'w_boll': 0.47445618930736516, 'w_rsi': 0.2126887174481708, 'w_mom': 1.272643666701904, 'w_vwap': 0.685645997954584, 'w_orb': 1.937823200591348, 'w_ofi': 0.3962519646620073, 'w_vol': 1.9674275853804728, 'win_boll': 16, 'win_rsi': 7, 'win_mom': 4, 'win_vwap': 16, 'orb_opening_bars': 50, 'vol_window': 12}. Best is trial 868 with value: 0.384.
Trial 1051: REJECT (overfit 45.8%) - Eval: 0.118%, Val: 0.064%
[I 2025-10-25 04:41:27,625] Trial 1051 finished with value: -999.0 and parameters: {'w_boll': 0.429240589616693, 'w_rsi': 0.17688559587929747, 'w_mom': 1.381637458541874, 'w_vwap': 0.7258185426597167, 'w_orb': 1.999100645856273, 'w_ofi': 1.9585060354490456, 'w_vol': 1.7094740901319774, 'win_boll': 13, 'win_rsi': 8, 'win_mom': 3, 'win_vwap': 15, 'orb_opening_bars': 49, 'vol_window': 10}. Best is trial 868 with value: 0.384.
Trial 1052: ACCEPT (degrade -34.8%) - Eval: 0.112%, Val: 0.151%
[I 2025-10-25 04:41:28,373] Trial 1052 finished with value: 0.11200000000000002 and parameters: {'w_boll': 0.15435011138220808, 'w_rsi': 0.471181366843097, 'w_mom': 1.3443208763921943, 'w_vwap': 1.6654229539972178, 'w_orb': 1.8947340211789305, 'w_ofi': 1.8082769881200502, 'w_vol': 1.7666202733261058, 'win_boll': 15, 'win_rsi': 6, 'win_mom': 6, 'win_vwap': 10, 'orb_opening_bars': 48, 'vol_window': 10}. Best is trial 868 with value: 0.384.
Trial 1053: ACCEPT (degrade -21.9%) - Eval: 0.310%, Val: 0.378%
[I 2025-10-25 04:41:29,123] Trial 1053 finished with value: 0.30999999999999994 and parameters: {'w_boll': 0.37985286084326264, 'w_rsi': 0.2553958915129177, 'w_mom': 0.19694241368409732, 'w_vwap': 0.7848568669197195, 'w_orb': 1.8028814908739628, 'w_ofi': 1.467326304520265, 'w_vol': 1.8493843896073927, 'win_boll': 12, 'win_rsi': 7, 'win_mom': 5, 'win_vwap': 12, 'orb_opening_bars': 49, 'vol_window': 11}. Best is trial 868 with value: 0.384.
Trial 1054: ACCEPT (degrade -350.0%) - Eval: 0.060%, Val: 0.270%
[I 2025-10-25 04:41:29,853] Trial 1054 finished with value: 0.06000000000000002 and parameters: {'w_boll': 0.2672750418284623, 'w_rsi': 0.23227180447783005, 'w_mom': 1.8263669630078416, 'w_vwap': 0.8696522778871998, 'w_orb': 1.8377631029361552, 'w_ofi': 1.5162494427473137, 'w_vol': 1.8535166630376494, 'win_boll': 46, 'win_rsi': 6, 'win_mom': 5, 'win_vwap': 14, 'orb_opening_bars': 47, 'vol_window': 10}. Best is trial 868 with value: 0.384.
Trial 1055: REJECT (overfit 26.7%) - Eval: 0.288%, Val: 0.211%
[I 2025-10-25 04:41:30,884] Trial 1055 finished with value: -999.0 and parameters: {'w_boll': 0.32287916660589716, 'w_rsi': 0.26598726749142254, 'w_mom': 1.4533685500692297, 'w_vwap': 0.8213041707190888, 'w_orb': 1.863929856547568, 'w_ofi': 1.4784882748039105, 'w_vol': 1.9099374212375513, 'win_boll': 11, 'win_rsi': 5, 'win_mom': 5, 'win_vwap': 14, 'orb_opening_bars': 48, 'vol_window': 11}. Best is trial 868 with value: 0.384.
Trial 1056: REJECT (overfit 69.6%) - Eval: 0.392%, Val: 0.119%
[I 2025-10-25 04:41:31,641] Trial 1056 finished with value: -999.0 and parameters: {'w_boll': 0.3637790645300893, 'w_rsi': 0.29183323101856246, 'w_mom': 0.24663250652537694, 'w_vwap': 0.8299130562845305, 'w_orb': 1.806147497785635, 'w_ofi': 1.5338677773575031, 'w_vol': 1.802166717759521, 'win_boll': 11, 'win_rsi': 7, 'win_mom': 5, 'win_vwap': 13, 'orb_opening_bars': 46, 'vol_window': 11}. Best is trial 868 with value: 0.384.
Trial 1057: ACCEPT (degrade 0.0%) - Eval: -0.228%, Val: 0.097%
[I 2025-10-25 04:41:32,394] Trial 1057 finished with value: -0.22799999999999998 and parameters: {'w_boll': 0.3819803529765293, 'w_rsi': 0.2413258150170174, 'w_mom': 0.21459852784967873, 'w_vwap': 0.7773689517595833, 'w_orb': 1.9120360825329283, 'w_ofi': 1.6434423863097147, 'w_vol': 1.93855021747652, 'win_boll': 12, 'win_rsi': 8, 'win_mom': 5, 'win_vwap': 13, 'orb_opening_bars': 48, 'vol_window': 10}. Best is trial 868 with value: 0.384.
Trial 1058: REJECT (overfit 64.5%) - Eval: 0.172%, Val: 0.061%
[I 2025-10-25 04:41:33,144] Trial 1058 finished with value: -999.0 and parameters: {'w_boll': 0.3157708542172093, 'w_rsi': 0.811929939470992, 'w_mom': 1.1105524831496252, 'w_vwap': 0.8007106294333607, 'w_orb': 1.8636136214689802, 'w_ofi': 1.2827808740533218, 'w_vol': 1.735879886986192, 'win_boll': 11, 'win_rsi': 10, 'win_mom': 5, 'win_vwap': 12, 'orb_opening_bars': 47, 'vol_window': 11}. Best is trial 868 with value: 0.384.
Trial 1059: REJECT (overfit 38.5%) - Eval: 0.304%, Val: 0.187%
[I 2025-10-25 04:41:33,905] Trial 1059 finished with value: -999.0 and parameters: {'w_boll': 0.23484070607501795, 'w_rsi': 0.20982412078827564, 'w_mom': 0.1961491096137831, 'w_vwap': 0.8557227334478335, 'w_orb': 1.8040530377381772, 'w_ofi': 1.6318197196008706, 'w_vol': 1.836904096253336, 'win_boll': 12, 'win_rsi': 7, 'win_mom': 5, 'win_vwap': 13, 'orb_opening_bars': 49, 'vol_window': 10}. Best is trial 868 with value: 0.384.
Trial 1060: ACCEPT (degrade -63.1%) - Eval: 0.176%, Val: 0.287%
[I 2025-10-25 04:41:34,657] Trial 1060 finished with value: 0.176 and parameters: {'w_boll': 0.35080336804598916, 'w_rsi': 0.30079217036105604, 'w_mom': 1.287072348104586, 'w_vwap': 0.9118174642696644, 'w_orb': 1.936360352889206, 'w_ofi': 1.2978514427673842, 'w_vol': 1.9981630465079088, 'win_boll': 18, 'win_rsi': 6, 'win_mom': 6, 'win_vwap': 12, 'orb_opening_bars': 48, 'vol_window': 11}. Best is trial 868 with value: 0.384.Best trial: 868. Best value: 0.384:  54%|█████▍    | 1077/2000 [13:44<11:30,  1.34it/s]Best trial: 868. Best value: 0.384:  54%|█████▍    | 1077/2000 [13:44<11:30,  1.34it/s]Best trial: 868. Best value: 0.384:  54%|█████▍    | 1078/2000 [13:44<11:43,  1.31it/s]                                                                                       Best trial: 868. Best value: 0.384:  54%|█████▍    | 1078/2000 [13:44<11:43,  1.31it/s]Best trial: 868. Best value: 0.384:  54%|█████▍    | 1078/2000 [13:44<11:43,  1.31it/s]Best trial: 868. Best value: 0.384:  54%|█████▍    | 1079/2000 [13:44<11:39,  1.32it/s]                                                                                       Best trial: 868. Best value: 0.384:  54%|█████▍    | 1079/2000 [13:45<11:39,  1.32it/s]Best trial: 868. Best value: 0.384:  54%|█████▍    | 1079/2000 [13:45<11:39,  1.32it/s]Best trial: 868. Best value: 0.384:  54%|█████▍    | 1080/2000 [13:45<11:32,  1.33it/s]                                                                                       Best trial: 868. Best value: 0.384:  54%|█████▍    | 1080/2000 [13:46<11:32,  1.33it/s]Best trial: 868. Best value: 0.384:  54%|█████▍    | 1080/2000 [13:46<11:32,  1.33it/s]Best trial: 868. Best value: 0.384:  54%|█████▍    | 1081/2000 [13:46<11:31,  1.33it/s]                                                                                       Best trial: 868. Best value: 0.384:  54%|█████▍    | 1081/2000 [13:47<11:31,  1.33it/s]Best trial: 868. Best value: 0.384:  54%|█████▍    | 1081/2000 [13:47<11:31,  1.33it/s]Best trial: 868. Best value: 0.384:  54%|█████▍    | 1082/2000 [13:47<11:44,  1.30it/s]                                                                                       Best trial: 868. Best value: 0.384:  54%|█████▍    | 1082/2000 [13:47<11:44,  1.30it/s]Best trial: 868. Best value: 0.384:  54%|█████▍    | 1082/2000 [13:47<11:44,  1.30it/s]Best trial: 868. Best value: 0.384:  54%|█████▍    | 1083/2000 [13:47<11:46,  1.30it/s]                                                                                       Best trial: 868. Best value: 0.384:  54%|█████▍    | 1083/2000 [13:48<11:46,  1.30it/s]Best trial: 868. Best value: 0.384:  54%|█████▍    | 1083/2000 [13:48<11:46,  1.30it/s]Best trial: 868. Best value: 0.384:  54%|█████▍    | 1084/2000 [13:48<11:42,  1.30it/s]                                                                                       Best trial: 868. Best value: 0.384:  54%|█████▍    | 1084/2000 [13:49<11:42,  1.30it/s]Best trial: 868. Best value: 0.384:  54%|█████▍    | 1084/2000 [13:49<11:42,  1.30it/s]Best trial: 868. Best value: 0.384:  54%|█████▍    | 1085/2000 [13:49<11:32,  1.32it/s]                                                                                       Best trial: 868. Best value: 0.384:  54%|█████▍    | 1085/2000 [13:50<11:32,  1.32it/s]Best trial: 868. Best value: 0.384:  54%|█████▍    | 1085/2000 [13:50<11:32,  1.32it/s]Best trial: 868. Best value: 0.384:  54%|█████▍    | 1086/2000 [13:50<11:41,  1.30it/s]                                                                                       Best trial: 868. Best value: 0.384:  54%|█████▍    | 1086/2000 [13:51<11:41,  1.30it/s]Best trial: 868. Best value: 0.384:  54%|█████▍    | 1086/2000 [13:51<11:41,  1.30it/s]Best trial: 868. Best value: 0.384:  54%|█████▍    | 1087/2000 [13:51<11:36,  1.31it/s]                                                                                       Best trial: 868. Best value: 0.384:  54%|█████▍    | 1087/2000 [13:51<11:36,  1.31it/s]Best trial: 868. Best value: 0.384:  54%|█████▍    | 1087/2000 [13:51<11:36,  1.31it/s]Best trial: 868. Best value: 0.384:  54%|█████▍    | 1088/2000 [13:51<11:32,  1.32it/s]                                                                                       Best trial: 868. Best value: 0.384:  54%|█████▍    | 1088/2000 [13:52<11:32,  1.32it/s]Best trial: 868. Best value: 0.384:  54%|█████▍    | 1088/2000 [13:52<11:32,  1.32it/s]Best trial: 868. Best value: 0.384:  54%|█████▍    | 1089/2000 [13:52<11:23,  1.33it/s]                                                                                       Best trial: 868. Best value: 0.384:  54%|█████▍    | 1089/2000 [13:53<11:23,  1.33it/s]Best trial: 868. Best value: 0.384:  54%|█████▍    | 1089/2000 [13:53<11:23,  1.33it/s]Best trial: 868. Best value: 0.384:  55%|█████▍    | 1090/2000 [13:53<11:34,  1.31it/s]                                                                                       Best trial: 868. Best value: 0.384:  55%|█████▍    | 1090/2000 [13:54<11:34,  1.31it/s]Best trial: 868. Best value: 0.384:  55%|█████▍    | 1090/2000 [13:54<11:34,  1.31it/s]Best trial: 868. Best value: 0.384:  55%|█████▍    | 1091/2000 [13:54<11:29,  1.32it/s]                                                                                       Best trial: 868. Best value: 0.384:  55%|█████▍    | 1091/2000 [13:54<11:29,  1.32it/s]Best trial: 868. Best value: 0.384:  55%|█████▍    | 1091/2000 [13:54<11:29,  1.32it/s]Best trial: 868. Best value: 0.384:  55%|█████▍    | 1092/2000 [13:54<11:27,  1.32it/s]                                                                                       Best trial: 868. Best value: 0.384:  55%|█████▍    | 1092/2000 [13:55<11:27,  1.32it/s]Best trial: 868. Best value: 0.384:  55%|█████▍    | 1092/2000 [13:55<11:27,  1.32it/s]Best trial: 868. Best value: 0.384:  55%|█████▍    | 1093/2000 [13:55<11:18,  1.34it/s]                                                                                       Best trial: 868. Best value: 0.384:  55%|█████▍    | 1093/2000 [13:56<11:18,  1.34it/s]Best trial: 868. Best value: 0.384:  55%|█████▍    | 1093/2000 [13:56<11:18,  1.34it/s]Best trial: 868. Best value: 0.384:  55%|█████▍    | 1094/2000 [13:56<11:27,  1.32it/s]                                                                                       
Trial 1061: REJECT (overfit 226.1%) - Eval: 0.092%, Val: -0.116%
[I 2025-10-25 04:41:35,427] Trial 1061 finished with value: -999.0 and parameters: {'w_boll': 0.2809249935581144, 'w_rsi': 0.18912793159952773, 'w_mom': 0.2218046297752416, 'w_vwap': 0.7770288645430639, 'w_orb': 1.8866072534652172, 'w_ofi': 1.6984290956616999, 'w_vol': 1.8759677283104441, 'win_boll': 12, 'win_rsi': 5, 'win_mom': 5, 'win_vwap': 13, 'orb_opening_bars': 46, 'vol_window': 10}. Best is trial 868 with value: 0.384.
Trial 1062: ACCEPT (degrade 0.0%) - Eval: -0.022%, Val: 0.010%
[I 2025-10-25 04:41:36,204] Trial 1062 finished with value: -0.022 and parameters: {'w_boll': 0.7581454710990381, 'w_rsi': 0.2509098826010605, 'w_mom': 1.2425695175499694, 'w_vwap': 0.8280033498896968, 'w_orb': 1.964115301357114, 'w_ofi': 1.366931352173132, 'w_vol': 1.9134673437522818, 'win_boll': 11, 'win_rsi': 6, 'win_mom': 5, 'win_vwap': 12, 'orb_opening_bars': 49, 'vol_window': 18}. Best is trial 868 with value: 0.384.
Trial 1063: ACCEPT (degrade -75.9%) - Eval: 0.058%, Val: 0.102%
