[I 2025-10-25 04:34:06,864] Trial 472 finished with value: 0.124 and parameters: {'w_boll': 0.28303519682830236, 'w_rsi': 0.1370621569492673, 'w_mom': 0.21920523869652278, 'w_vwap': 0.7482190249971706, 'w_orb': 1.7320409733659137, 'w_ofi': 1.8127725866134656, 'w_vol': 1.8055605869207423, 'win_boll': 21, 'win_rsi': 8, 'win_mom': 3, 'win_vwap': 26, 'orb_opening_bars': 50, 'vol_window': 14}. Best is trial 112 with value: 0.33399999999999996.
Trial 473: ACCEPT (degrade 0.0%) - Eval: -0.156%, Val: 0.210%
[I 2025-10-25 04:34:07,605] Trial 473 finished with value: -0.156 and parameters: {'w_boll': 0.43435712560618583, 'w_rsi': 0.6908322737296988, 'w_mom': 0.10199127394833157, 'w_vwap': 0.5637173253925987, 'w_orb': 1.9332338203451145, 'w_ofi': 0.723558966445587, 'w_vol': 1.9985692927478502, 'win_boll': 13, 'win_rsi': 6, 'win_mom': 4, 'win_vwap': 15, 'orb_opening_bars': 48, 'vol_window': 12}. Best is trial 112 with value: 0.33399999999999996.
Trial 474: ACCEPT (degrade -25.0%) - Eval: 0.204%, Val: 0.255%
[I 2025-10-25 04:34:08,349] Trial 474 finished with value: 0.20400000000000001 and parameters: {'w_boll': 0.4954753351919352, 'w_rsi': 0.23570913756461762, 'w_mom': 0.13409529629552888, 'w_vwap': 0.6410969685900338, 'w_orb': 1.8535869357791714, 'w_ofi': 0.8161777647044195, 'w_vol': 1.896713743904433, 'win_boll': 10, 'win_rsi': 7, 'win_mom': 11, 'win_vwap': 11, 'orb_opening_bars': 49, 'vol_window': 10}. Best is trial 112 with value: 0.33399999999999996.
Trial 475: ACCEPT (degrade 0.0%) - Eval: -0.070%, Val: 0.294%
[I 2025-10-25 04:34:09,094] Trial 475 finished with value: -0.06999999999999999 and parameters: {'w_boll': 0.4035714474272388, 'w_rsi': 0.22521824602987786, 'w_mom': 0.12711817755449467, 'w_vwap': 0.30901471010541115, 'w_orb': 1.850300034893604, 'w_ofi': 0.8267957823870693, 'w_vol': 1.937465630408783, 'win_boll': 15, 'win_rsi': 8, 'win_mom': 11, 'win_vwap': 10, 'orb_opening_bars': 49, 'vol_window': 10}. Best is trial 112 with value: 0.33399999999999996.
Trial 476: ACCEPT (degrade 0.0%) - Eval: -0.110%, Val: 0.232%
[I 2025-10-25 04:34:09,812] Trial 476 finished with value: -0.11000000000000001 and parameters: {'w_boll': 0.3222683081363693, 'w_rsi': 0.45473620589207064, 'w_mom': 0.14480435377547218, 'w_vwap': 0.6392054453145657, 'w_orb': 1.868341333719794, 'w_ofi': 0.7881783723592721, 'w_vol': 1.896561023645406, 'win_boll': 14, 'win_rsi': 6, 'win_mom': 11, 'win_vwap': 11, 'orb_opening_bars': 49, 'vol_window': 10}. Best is trial 112 with value: 0.33399999999999996.
Trial 477: ACCEPT (degrade -1050.0%) - Eval: 0.018%, Val: 0.207%
[I 2025-10-25 04:34:10,586] Trial 477 finished with value: 0.018000000000000006 and parameters: {'w_boll': 0.6307755664704687, 'w_rsi': 0.6286919578318324, 'w_mom': 0.1634259523290186, 'w_vwap': 0.6153560450296677, 'w_orb': 1.8185314666335088, 'w_ofi': 0.84621090184579, 'w_vol': 1.9577169968251793, 'win_boll': 12, 'win_rsi': 7, 'win_mom': 11, 'win_vwap': 10, 'orb_opening_bars': 50, 'vol_window': 11}. Best is trial 112 with value: 0.33399999999999996.
Trial 478: ACCEPT (degrade 0.0%) - Eval: -0.092%, Val: 0.134%
[I 2025-10-25 04:34:11,388] Trial 478 finished with value: -0.092 and parameters: {'w_boll': 0.477351974588095, 'w_rsi': 0.4996301408636726, 'w_mom': 0.1337393059436515, 'w_vwap': 0.6721924590349931, 'w_orb': 1.895333986113017, 'w_ofi': 0.8074503213455786, 'w_vol': 1.8880747396076376, 'win_boll': 11, 'win_rsi': 10, 'win_mom': 10, 'win_vwap': 12, 'orb_opening_bars': 48, 'vol_window': 10}. Best is trial 112 with value: 0.33399999999999996.
Trial 479: ACCEPT (degrade 0.0%) - Eval: -0.104%, Val: 0.328%
[I 2025-10-25 04:34:12,130] Trial 479 finished with value: -0.10400000000000001 and parameters: {'w_boll': 0.5938477673469533, 'w_rsi': 0.39684710147684565, 'w_mom': 0.17564721062720123, 'w_vwap': 0.711550605653164, 'w_orb': 1.9070683517254106, 'w_ofi': 0.7538504308592842, 'w_vol': 1.9231725927412089, 'win_boll': 17, 'win_rsi': 7, 'win_mom': 12, 'win_vwap': 11, 'orb_opening_bars': 50, 'vol_window': 11}. Best is trial 112 with value: 0.33399999999999996.
Trial 480: ACCEPT (degrade -34.1%) - Eval: 0.232%, Val: 0.311%
[I 2025-10-25 04:34:12,853] Trial 480 finished with value: 0.23199999999999998 and parameters: {'w_boll': 0.3759682882592125, 'w_rsi': 0.32341244405087677, 'w_mom': 0.27368128788726553, 'w_vwap': 0.5710271949160164, 'w_orb': 1.9616522312328482, 'w_ofi': 1.682326509226287, 'w_vol': 1.9632132295305822, 'win_boll': 13, 'win_rsi': 5, 'win_mom': 11, 'win_vwap': 12, 'orb_opening_bars': 48, 'vol_window': 10}. Best is trial 112 with value: 0.33399999999999996.
Trial 481: ACCEPT (degrade -123.0%) - Eval: 0.152%, Val: 0.339%
[I 2025-10-25 04:34:13,642] Trial 481 finished with value: 0.152 and parameters: {'w_boll': 0.3575071507634486, 'w_rsi': 0.1832881139024649, 'w_mom': 0.3267327417595022, 'w_vwap': 0.6329708109666415, 'w_orb': 1.9642784812110758, 'w_ofi': 1.6672225244556689, 'w_vol': 1.9742028746258193, 'win_boll': 14, 'win_rsi': 5, 'win_mom': 11, 'win_vwap': 13, 'orb_opening_bars': 48, 'vol_window': 10}. Best is trial 112 with value: 0.33399999999999996.
Trial 482: ACCEPT (degrade -54.3%) - Eval: 0.138%, Val: 0.213%
[I 2025-10-25 04:34:14,382] Trial 482 finished with value: 0.13799999999999996 and parameters: {'w_boll': 0.3811184429531379, 'w_rsi': 0.2914848768173254, 'w_mom': 0.2799239604970353, 'w_vwap': 0.5999793609630102, 'w_orb': 1.9674066763041065, 'w_ofi': 1.6723223390799993, 'w_vol': 1.963698452772167, 'win_boll': 13, 'win_rsi': 5, 'win_mom': 11, 'win_vwap': 15, 'orb_opening_bars': 47, 'vol_window': 12}. Best is trial 112 with value: 0.33399999999999996.
Trial 483: REJECT (overfit 34.3%) - Eval: 0.166%, Val: 0.109%
[I 2025-10-25 04:34:15,134] Trial 483 finished with value: -999.0 and parameters: {'w_boll': 0.2904796450423151, 'w_rsi': 0.32380881343132967, 'w_mom': 0.2806665682299896, 'w_vwap': 0.664014916828307, 'w_orb': 1.9363324263964965, 'w_ofi': 1.5877685769143972, 'w_vol': 1.9645497521128352, 'win_boll': 15, 'win_rsi': 5, 'win_mom': 12, 'win_vwap': 11, 'orb_opening_bars': 47, 'vol_window': 11}. Best is trial 112 with value: 0.33399999999999996.
Trial 484: ACCEPT (degrade -9.8%) - Eval: 0.204%, Val: 0.224%                                                                                      Best trial: 112. Best value: 0.334:  25%|██▌       | 500/2000 [06:24<18:31,  1.35it/s]Best trial: 112. Best value: 0.334:  25%|██▌       | 500/2000 [06:24<18:31,  1.35it/s]Best trial: 112. Best value: 0.334:  25%|██▌       | 501/2000 [06:24<18:29,  1.35it/s]                                                                                      Best trial: 112. Best value: 0.334:  25%|██▌       | 501/2000 [06:25<18:29,  1.35it/s]Best trial: 112. Best value: 0.334:  25%|██▌       | 501/2000 [06:25<18:29,  1.35it/s]Best trial: 112. Best value: 0.334:  25%|██▌       | 502/2000 [06:25<18:49,  1.33it/s]                                                                                      Best trial: 112. Best value: 0.334:  25%|██▌       | 502/2000 [06:25<18:49,  1.33it/s]Best trial: 112. Best value: 0.334:  25%|██▌       | 502/2000 [06:25<18:49,  1.33it/s]Best trial: 112. Best value: 0.334:  25%|██▌       | 503/2000 [06:25<18:45,  1.33it/s]                                                                                      Best trial: 112. Best value: 0.334:  25%|██▌       | 503/2000 [06:26<18:45,  1.33it/s]Best trial: 112. Best value: 0.334:  25%|██▌       | 503/2000 [06:26<18:45,  1.33it/s]Best trial: 112. Best value: 0.334:  25%|██▌       | 504/2000 [06:26<20:01,  1.25it/s]                                                                                      Best trial: 112. Best value: 0.334:  25%|██▌       | 504/2000 [06:27<20:01,  1.25it/s]Best trial: 112. Best value: 0.334:  25%|██▌       | 504/2000 [06:27<20:01,  1.25it/s]Best trial: 112. Best value: 0.334:  25%|██▌       | 505/2000 [06:27<19:22,  1.29it/s]                                                                                      Best trial: 112. Best value: 0.334:  25%|██▌       | 505/2000 [06:28<19:22,  1.29it/s]Best trial: 112. Best value: 0.334:  25%|██▌       | 505/2000 [06:28<19:22,  1.29it/s]Best trial: 112. Best value: 0.334:  25%|██▌       | 506/2000 [06:28<19:30,  1.28it/s]                                                                                      Best trial: 112. Best value: 0.334:  25%|██▌       | 506/2000 [06:29<19:30,  1.28it/s]Best trial: 112. Best value: 0.334:  25%|██▌       | 506/2000 [06:29<19:30,  1.28it/s]Best trial: 112. Best value: 0.334:  25%|██▌       | 507/2000 [06:29<19:25,  1.28it/s]                                                                                      Best trial: 112. Best value: 0.334:  25%|██▌       | 507/2000 [06:29<19:25,  1.28it/s]Best trial: 112. Best value: 0.334:  25%|██▌       | 507/2000 [06:29<19:25,  1.28it/s]Best trial: 112. Best value: 0.334:  25%|██▌       | 508/2000 [06:29<19:15,  1.29it/s]                                                                                      Best trial: 112. Best value: 0.334:  25%|██▌       | 508/2000 [06:30<19:15,  1.29it/s]Best trial: 112. Best value: 0.334:  25%|██▌       | 508/2000 [06:30<19:15,  1.29it/s]Best trial: 112. Best value: 0.334:  25%|██▌       | 509/2000 [06:30<18:54,  1.31it/s]                                                                                      Best trial: 112. Best value: 0.334:  25%|██▌       | 509/2000 [06:31<18:54,  1.31it/s]Best trial: 112. Best value: 0.334:  25%|██▌       | 509/2000 [06:31<18:54,  1.31it/s]Best trial: 112. Best value: 0.334:  26%|██▌       | 510/2000 [06:31<19:09,  1.30it/s]                                                                                      Best trial: 112. Best value: 0.334:  26%|██▌       | 510/2000 [06:32<19:09,  1.30it/s]Best trial: 112. Best value: 0.334:  26%|██▌       | 510/2000 [06:32<19:09,  1.30it/s]Best trial: 112. Best value: 0.334:  26%|██▌       | 511/2000 [06:32<18:58,  1.31it/s]                                                                                      Best trial: 112. Best value: 0.334:  26%|██▌       | 511/2000 [06:32<18:58,  1.31it/s]Best trial: 112. Best value: 0.334:  26%|██▌       | 511/2000 [06:32<18:58,  1.31it/s]Best trial: 112. Best value: 0.334:  26%|██▌       | 512/2000 [06:32<18:54,  1.31it/s]                                                                                      Best trial: 112. Best value: 0.334:  26%|██▌       | 512/2000 [06:33<18:54,  1.31it/s]Best trial: 112. Best value: 0.334:  26%|██▌       | 512/2000 [06:33<18:54,  1.31it/s]Best trial: 112. Best value: 0.334:  26%|██▌       | 513/2000 [06:33<18:35,  1.33it/s]                                                                                      Best trial: 112. Best value: 0.334:  26%|██▌       | 513/2000 [06:34<18:35,  1.33it/s]Best trial: 112. Best value: 0.334:  26%|██▌       | 513/2000 [06:34<18:35,  1.33it/s]Best trial: 112. Best value: 0.334:  26%|██▌       | 514/2000 [06:34<18:48,  1.32it/s]                                                                                      Best trial: 112. Best value: 0.334:  26%|██▌       | 514/2000 [06:35<18:48,  1.32it/s]Best trial: 112. Best value: 0.334:  26%|██▌       | 514/2000 [06:35<18:48,  1.32it/s]Best trial: 112. Best value: 0.334:  26%|██▌       | 515/2000 [06:35<18:38,  1.33it/s]                                                                                      Best trial: 112. Best value: 0.334:  26%|██▌       | 515/2000 [06:35<18:38,  1.33it/s]Best trial: 112. Best value: 0.334:  26%|██▌       | 515/2000 [06:35<18:38,  1.33it/s]Best trial: 112. Best value: 0.334:  26%|██▌       | 516/2000 [06:35<18:36,  1.33it/s]                                                                                      
[I 2025-10-25 04:34:15,849] Trial 484 finished with value: 0.20400000000000001 and parameters: {'w_boll': 0.415962780576156, 'w_rsi': 0.24810857794886848, 'w_mom': 0.24660369736992407, 'w_vwap': 0.7147476058510003, 'w_orb': 1.9718307550725571, 'w_ofi': 0.6847354899491074, 'w_vol': 1.9998940910799063, 'win_boll': 13, 'win_rsi': 5, 'win_mom': 11, 'win_vwap': 12, 'orb_opening_bars': 48, 'vol_window': 10}. Best is trial 112 with value: 0.33399999999999996.
Trial 485: ACCEPT (degrade -3.8%) - Eval: 0.262%, Val: 0.272%
[I 2025-10-25 04:34:16,617] Trial 485 finished with value: 0.26199999999999996 and parameters: {'w_boll': 0.42620583193302763, 'w_rsi': 0.21939059339087336, 'w_mom': 0.10094566120071208, 'w_vwap': 0.7206258114547708, 'w_orb': 1.997196631229299, 'w_ofi': 1.6411700533972433, 'w_vol': 1.9226471232114302, 'win_boll': 14, 'win_rsi': 5, 'win_mom': 11, 'win_vwap': 12, 'orb_opening_bars': 48, 'vol_window': 10}. Best is trial 112 with value: 0.33399999999999996.
Trial 486: ACCEPT (degrade 0.0%) - Eval: -0.068%, Val: 0.245%
[I 2025-10-25 04:34:17,363] Trial 486 finished with value: -0.06799999999999999 and parameters: {'w_boll': 0.42611205683640785, 'w_rsi': 0.1913602049281452, 'w_mom': 1.1878722586873933, 'w_vwap': 0.734995779429088, 'w_orb': 1.973115249252442, 'w_ofi': 1.7127661819645439, 'w_vol': 1.9344100757207976, 'win_boll': 13, 'win_rsi': 5, 'win_mom': 11, 'win_vwap': 11, 'orb_opening_bars': 48, 'vol_window': 10}. Best is trial 112 with value: 0.33399999999999996.
Trial 487: ACCEPT (degrade 13.9%) - Eval: 0.244%, Val: 0.210%
[I 2025-10-25 04:34:18,099] Trial 487 finished with value: 0.24400000000000005 and parameters: {'w_boll': 0.444009700108527, 'w_rsi': 0.22375636391085646, 'w_mom': 0.10802172404601404, 'w_vwap': 0.7556435190839058, 'w_orb': 1.9926707218304671, 'w_ofi': 1.7607783459884079, 'w_vol': 1.9995901110747194, 'win_boll': 14, 'win_rsi': 5, 'win_mom': 11, 'win_vwap': 12, 'orb_opening_bars': 49, 'vol_window': 10}. Best is trial 112 with value: 0.33399999999999996.
Trial 488: ACCEPT (degrade 0.0%) - Eval: -0.232%, Val: 0.153%
[I 2025-10-25 04:34:18,821] Trial 488 finished with value: -0.23200000000000004 and parameters: {'w_boll': 0.4502023431922204, 'w_rsi': 0.1347231456961416, 'w_mom': 0.10738907407584623, 'w_vwap': 0.7439135333343805, 'w_orb': 1.9904135120994673, 'w_ofi': 1.7712463835857037, 'w_vol': 1.937746938129015, 'win_boll': 14, 'win_rsi': 5, 'win_mom': 11, 'win_vwap': 12, 'orb_opening_bars': 49, 'vol_window': 10}. Best is trial 112 with value: 0.33399999999999996.
Trial 489: ACCEPT (degrade 0.0%) - Eval: -0.052%, Val: 0.017%
[I 2025-10-25 04:34:19,608] Trial 489 finished with value: -0.052000000000000005 and parameters: {'w_boll': 0.46222632895985905, 'w_rsi': 0.16987797624667395, 'w_mom': 0.10357452440232387, 'w_vwap': 0.801157931454108, 'w_orb': 1.9927348675143608, 'w_ofi': 1.716885081655848, 'w_vol': 1.9053416704791044, 'win_boll': 15, 'win_rsi': 5, 'win_mom': 10, 'win_vwap': 10, 'orb_opening_bars': 49, 'vol_window': 10}. Best is trial 112 with value: 0.33399999999999996.
Trial 490: ACCEPT (degrade -14.9%) - Eval: 0.188%, Val: 0.216%
[I 2025-10-25 04:34:20,347] Trial 490 finished with value: 0.188 and parameters: {'w_boll': 0.41744188897015627, 'w_rsi': 0.22195657543598696, 'w_mom': 0.1269865702198612, 'w_vwap': 0.7634917306062416, 'w_orb': 1.9976482415564127, 'w_ofi': 1.7566873987344511, 'w_vol': 1.9656418131177535, 'win_boll': 14, 'win_rsi': 5, 'win_mom': 11, 'win_vwap': 11, 'orb_opening_bars': 49, 'vol_window': 10}. Best is trial 112 with value: 0.33399999999999996.
Trial 491: ACCEPT (degrade 0.0%) - Eval: -0.110%, Val: 0.079%
[I 2025-10-25 04:34:21,103] Trial 491 finished with value: -0.11000000000000001 and parameters: {'w_boll': 0.5036168706684413, 'w_rsi': 0.16082752453111376, 'w_mom': 0.10318933334850061, 'w_vwap': 0.7793635515195642, 'w_orb': 1.957513746982213, 'w_ofi': 1.8206351729426444, 'w_vol': 1.9677091010085526, 'win_boll': 15, 'win_rsi': 5, 'win_mom': 11, 'win_vwap': 12, 'orb_opening_bars': 50, 'vol_window': 10}. Best is trial 112 with value: 0.33399999999999996.
Trial 492: ACCEPT (degrade -12.2%) - Eval: 0.222%, Val: 0.249%
[I 2025-10-25 04:34:21,818] Trial 492 finished with value: 0.22199999999999998 and parameters: {'w_boll': 0.4404257498748301, 'w_rsi': 0.22468222083978262, 'w_mom': 0.146802946646869, 'w_vwap': 0.7226973414018691, 'w_orb': 1.9993826837656283, 'w_ofi': 1.7264427964727291, 'w_vol': 1.928737485740776, 'win_boll': 14, 'win_rsi': 5, 'win_mom': 11, 'win_vwap': 10, 'orb_opening_bars': 48, 'vol_window': 11}. Best is trial 112 with value: 0.33399999999999996.
Trial 493: REJECT (overfit 70.7%) - Eval: 0.150%, Val: 0.044%
[I 2025-10-25 04:34:22,607] Trial 493 finished with value: -999.0 and parameters: {'w_boll': 0.45739369250489725, 'w_rsi': 0.11920388759571032, 'w_mom': 0.10351082686711828, 'w_vwap': 0.7325292794214361, 'w_orb': 1.9711524805572935, 'w_ofi': 1.773114370493136, 'w_vol': 1.9968999957296254, 'win_boll': 14, 'win_rsi': 5, 'win_mom': 11, 'win_vwap': 10, 'orb_opening_bars': 48, 'vol_window': 11}. Best is trial 112 with value: 0.33399999999999996.
Trial 494: ACCEPT (degrade -92.8%) - Eval: 0.180%, Val: 0.347%
[I 2025-10-25 04:34:23,354] Trial 494 finished with value: 0.18 and parameters: {'w_boll': 0.4888320409329046, 'w_rsi': 0.19629354265953783, 'w_mom': 0.13715122266335703, 'w_vwap': 0.7257241012499512, 'w_orb': 1.9693946891410696, 'w_ofi': 1.6931574843955366, 'w_vol': 1.9370669120168347, 'win_boll': 16, 'win_rsi': 5, 'win_mom': 10, 'win_vwap': 10, 'orb_opening_bars': 48, 'vol_window': 11}. Best is trial 112 with value: 0.33399999999999996.
Trial 495: ACCEPT (degrade -32.8%) - Eval: 0.204%, Val: 0.271%
[I 2025-10-25 04:34:24,105] Trial 495 finished with value: 0.20400000000000001 and parameters: {'w_boll': 0.41060177312594764, 'w_rsi': 0.21401454181183724, 'w_mom': 0.1555286401396994, 'w_vwap': 0.8030518645737799, 'w_orb': 1.9378285893238991, 'w_ofi': 1.6549357823616881, 'w_vol': 1.8790570071160806, 'win_boll': 26, 'win_rsi': 5, 'win_mom': 11, 'win_vwap': 11, 'orb_opening_bars': 49, 'vol_window': 11}. Best is trial 112 with value: 0.33399999999999996.
Trial 496: REJECT (overfit 46.8%) - Eval: 0.124%, Val: 0.066%
[I 2025-10-25 04:34:24,826] Trial 496 finished with value: -999.0 and parameters: {'w_boll': 0.4433600216283585, 'w_rsi': 0.24737900220711218, 'w_mom': 0.1432747786437462, 'w_vwap': 0.7731515116218048, 'w_orb': 1.9698362415938115, 'w_ofi': 1.7529049879246403, 'w_vol': 1.9983393159432024, 'win_boll': 14, 'win_rsi': 5, 'win_mom': 12, 'win_vwap': 10, 'orb_opening_bars': 48, 'vol_window': 26}. Best is trial 112 with value: 0.33399999999999996.
Trial 497: ACCEPT (degrade -158.7%) - Eval: 0.126%, Val: 0.326%
[I 2025-10-25 04:34:25,597] Trial 497 finished with value: 0.12600000000000003 and parameters: {'w_boll': 0.4980769655989848, 'w_rsi': 0.16316741007005603, 'w_mom': 0.17081435246435014, 'w_vwap': 0.6977676624036714, 'w_orb': 1.9940174477535602, 'w_ofi': 1.6940280422908043, 'w_vol': 1.666198593573684, 'win_boll': 15, 'win_rsi': 5, 'win_mom': 20, 'win_vwap': 11, 'orb_opening_bars': 24, 'vol_window': 12}. Best is trial 112 with value: 0.33399999999999996.
Trial 498: REJECT (overfit 32.9%) - Eval: 0.222%, Val: 0.149%
[I 2025-10-25 04:34:26,341] Trial 498 finished with value: -999.0 and parameters: {'w_boll': 0.4341130377886843, 'w_rsi': 0.22821232186776452, 'w_mom': 0.1019826620413599, 'w_vwap': 0.7155496825671862, 'w_orb': 1.9964383413819318, 'w_ofi': 1.6345231852108595, 'w_vol': 1.9159246012226416, 'win_boll': 13, 'win_rsi': 5, 'win_mom': 11, 'win_vwap': 10, 'orb_opening_bars': 49, 'vol_window': 11}. Best is trial 112 with value: 0.33399999999999996.
Trial 499: REJECT (overfit 33.3%) - Eval: 0.012%, Val: 0.008%
