[I 2025-10-25 04:29:48,528] Trial 134 finished with value: 0.14599999999999996 and parameters: {'w_boll': 0.40744215474517953, 'w_rsi': 0.5114745719734353, 'w_mom': 0.12922426113289853, 'w_vwap': 0.6212548757118952, 'w_orb': 1.7106306504795141, 'w_ofi': 1.6730183141597816, 'w_vol': 1.835382479600404, 'win_boll': 19, 'win_rsi': 7, 'win_mom': 4, 'win_vwap': 12, 'orb_opening_bars': 46, 'vol_window': 12}. Best is trial 112 with value: 0.33399999999999996.
Trial 135: ACCEPT (degrade 0.0%) - Eval: -0.006%, Val: 0.197%
[I 2025-10-25 04:29:49,292] Trial 135 finished with value: -0.00599999999999999 and parameters: {'w_boll': 0.41590211979030245, 'w_rsi': 0.5147695760812954, 'w_mom': 0.19762864256888935, 'w_vwap': 0.6605436657137339, 'w_orb': 1.6906721000418807, 'w_ofi': 1.6621433951555007, 'w_vol': 1.870773388951619, 'win_boll': 20, 'win_rsi': 6, 'win_mom': 4, 'win_vwap': 12, 'orb_opening_bars': 47, 'vol_window': 12}. Best is trial 112 with value: 0.33399999999999996.
Trial 136: ACCEPT (degrade -3140.0%) - Eval: 0.010%, Val: 0.324%
[I 2025-10-25 04:29:50,021] Trial 136 finished with value: 0.009999999999999998 and parameters: {'w_boll': 0.49678919037095937, 'w_rsi': 0.5628443740631974, 'w_mom': 0.1423508232285467, 'w_vwap': 0.754775071349363, 'w_orb': 1.559482915118164, 'w_ofi': 1.6917917015983568, 'w_vol': 1.817761384369126, 'win_boll': 19, 'win_rsi': 8, 'win_mom': 5, 'win_vwap': 12, 'orb_opening_bars': 46, 'vol_window': 12}. Best is trial 112 with value: 0.33399999999999996.
Trial 137: REJECT (overfit 0.0%) - Eval: -0.138%, Val: -0.143%
[I 2025-10-25 04:29:50,818] Trial 137 finished with value: -999.0 and parameters: {'w_boll': 0.33613755816095453, 'w_rsi': 0.612735533002873, 'w_mom': 0.12534635072934341, 'w_vwap': 0.6419267704656941, 'w_orb': 1.6561737657999593, 'w_ofi': 1.5507889667081791, 'w_vol': 1.893166658610843, 'win_boll': 17, 'win_rsi': 5, 'win_mom': 4, 'win_vwap': 13, 'orb_opening_bars': 48, 'vol_window': 13}. Best is trial 112 with value: 0.33399999999999996.
Trial 138: ACCEPT (degrade -76.4%) - Eval: 0.250%, Val: 0.441%
[I 2025-10-25 04:29:51,603] Trial 138 finished with value: 0.25 and parameters: {'w_boll': 0.5353471897988666, 'w_rsi': 0.45328803417097874, 'w_mom': 0.17097916805096353, 'w_vwap': 0.7822692156816594, 'w_orb': 1.7335206349803944, 'w_ofi': 0.8634444530292695, 'w_vol': 1.780978936139373, 'win_boll': 18, 'win_rsi': 6, 'win_mom': 5, 'win_vwap': 11, 'orb_opening_bars': 45, 'vol_window': 14}. Best is trial 112 with value: 0.33399999999999996.
Trial 139: ACCEPT (degrade -1241.7%) - Eval: 0.024%, Val: 0.322%
[I 2025-10-25 04:29:52,366] Trial 139 finished with value: 0.024000000000000004 and parameters: {'w_boll': 0.5335394157921984, 'w_rsi': 0.45324445172971484, 'w_mom': 0.22726783975093465, 'w_vwap': 0.7110900505117901, 'w_orb': 1.7178691019574008, 'w_ofi': 0.8894147626367404, 'w_vol': 1.770718946297013, 'win_boll': 18, 'win_rsi': 6, 'win_mom': 4, 'win_vwap': 11, 'orb_opening_bars': 45, 'vol_window': 14}. Best is trial 112 with value: 0.33399999999999996.
Trial 140: ACCEPT (degrade -93.5%) - Eval: 0.092%, Val: 0.178%
[I 2025-10-25 04:29:53,136] Trial 140 finished with value: 0.092 and parameters: {'w_boll': 0.5971673575772559, 'w_rsi': 0.41829234302943946, 'w_mom': 0.17808103573199358, 'w_vwap': 0.5962376821643266, 'w_orb': 1.838829274148205, 'w_ofi': 0.7700354874672756, 'w_vol': 1.8194167703007713, 'win_boll': 16, 'win_rsi': 7, 'win_mom': 5, 'win_vwap': 12, 'orb_opening_bars': 49, 'vol_window': 10}. Best is trial 112 with value: 0.33399999999999996.
Trial 141: ACCEPT (degrade -35.1%) - Eval: 0.134%, Val: 0.181%
[I 2025-10-25 04:29:53,923] Trial 141 finished with value: 0.134 and parameters: {'w_boll': 0.6008037235559262, 'w_rsi': 0.4230496363064149, 'w_mom': 0.1810388495320364, 'w_vwap': 0.6205678520173512, 'w_orb': 1.7995213334584093, 'w_ofi': 0.8072999373487033, 'w_vol': 1.8500035994417687, 'win_boll': 16, 'win_rsi': 7, 'win_mom': 5, 'win_vwap': 12, 'orb_opening_bars': 49, 'vol_window': 10}. Best is trial 112 with value: 0.33399999999999996.
Trial 142: ACCEPT (degrade -25.5%) - Eval: 0.188%, Val: 0.236%
[I 2025-10-25 04:29:54,688] Trial 142 finished with value: 0.18799999999999997 and parameters: {'w_boll': 0.6067654574043588, 'w_rsi': 0.413254017051621, 'w_mom': 0.17951150403097313, 'w_vwap': 0.5501311495827035, 'w_orb': 1.8744263349573376, 'w_ofi': 0.811344895170778, 'w_vol': 1.8494028859251928, 'win_boll': 11, 'win_rsi': 7, 'win_mom': 5, 'win_vwap': 12, 'orb_opening_bars': 49, 'vol_window': 10}. Best is trial 112 with value: 0.33399999999999996.
Trial 143: REJECT (overfit 307.7%) - Eval: 0.026%, Val: -0.054%
[I 2025-10-25 04:29:55,451] Trial 143 finished with value: -999.0 and parameters: {'w_boll': 0.6319433229935367, 'w_rsi': 0.49452858247993187, 'w_mom': 0.1659163767687451, 'w_vwap': 0.5759740288082011, 'w_orb': 1.9401832817593512, 'w_ofi': 0.8197697469514639, 'w_vol': 1.841574881013925, 'win_boll': 11, 'win_rsi': 6, 'win_mom': 4, 'win_vwap': 11, 'orb_opening_bars': 50, 'vol_window': 11}. Best is trial 112 with value: 0.33399999999999996.
Trial 144: ACCEPT (degrade 0.0%) - Eval: -0.020%, Val: 0.081%
[I 2025-10-25 04:29:56,215] Trial 144 finished with value: -0.020000000000000007 and parameters: {'w_boll': 0.5797362247476447, 'w_rsi': 0.5294999272699399, 'w_mom': 0.1033742596030765, 'w_vwap': 0.5028568222860741, 'w_orb': 1.7765233644510392, 'w_ofi': 0.8402980758105396, 'w_vol': 1.9657686325559398, 'win_boll': 10, 'win_rsi': 5, 'win_mom': 5, 'win_vwap': 13, 'orb_opening_bars': 48, 'vol_window': 10}. Best is trial 112 with value: 0.33399999999999996.
Trial 145: ACCEPT (degrade -3950.0%) - Eval: 0.004%, Val: 0.162%
[I 2025-10-25 04:29:56,992] Trial 145 finished with value: 0.003999999999999998 and parameters: {'w_boll': 0.5524233568138649, 'w_rsi': 0.46645172541111435, 'w_mom': 0.2362859798311095, 'w_vwap': 0.6387550576023631, 'w_orb': 1.8821597041959794, 'w_ofi': 0.6463030908476622, 'w_vol': 1.7937731099596397, 'win_boll': 12, 'win_rsi': 8, 'win_mom': 5, 'win_vwap': 12, 'orb_opening_bars': 49, 'vol_window': 12}. Best is trial 112 with value: 0.33399999999999996.
Trial 146: ACCEPT (degrade 0.0%) - Eval: -0.034%, Val: 0.058%                                                                                      Best trial: 112. Best value: 0.334:   8%|▊         | 162/2000 [02:06<23:48,  1.29it/s]Best trial: 112. Best value: 0.334:   8%|▊         | 162/2000 [02:06<23:48,  1.29it/s]Best trial: 112. Best value: 0.334:   8%|▊         | 163/2000 [02:06<23:45,  1.29it/s]                                                                                      Best trial: 112. Best value: 0.334:   8%|▊         | 163/2000 [02:07<23:45,  1.29it/s]Best trial: 112. Best value: 0.334:   8%|▊         | 163/2000 [02:07<23:45,  1.29it/s]Best trial: 112. Best value: 0.334:   8%|▊         | 164/2000 [02:07<23:35,  1.30it/s]                                                                                      Best trial: 112. Best value: 0.334:   8%|▊         | 164/2000 [02:08<23:35,  1.30it/s]Best trial: 112. Best value: 0.334:   8%|▊         | 164/2000 [02:08<23:35,  1.30it/s]Best trial: 112. Best value: 0.334:   8%|▊         | 165/2000 [02:08<24:22,  1.25it/s]                                                                                      Best trial: 112. Best value: 0.334:   8%|▊         | 165/2000 [02:09<24:22,  1.25it/s]Best trial: 112. Best value: 0.334:   8%|▊         | 165/2000 [02:09<24:22,  1.25it/s]Best trial: 112. Best value: 0.334:   8%|▊         | 166/2000 [02:09<24:04,  1.27it/s]                                                                                      Best trial: 112. Best value: 0.334:   8%|▊         | 166/2000 [02:10<24:04,  1.27it/s]Best trial: 112. Best value: 0.334:   8%|▊         | 166/2000 [02:10<24:04,  1.27it/s]Best trial: 112. Best value: 0.334:   8%|▊         | 167/2000 [02:10<23:46,  1.29it/s]                                                                                      Best trial: 112. Best value: 0.334:   8%|▊         | 167/2000 [02:10<23:46,  1.29it/s]Best trial: 112. Best value: 0.334:   8%|▊         | 167/2000 [02:10<23:46,  1.29it/s]Best trial: 112. Best value: 0.334:   8%|▊         | 168/2000 [02:10<24:01,  1.27it/s]                                                                                      Best trial: 112. Best value: 0.334:   8%|▊         | 168/2000 [02:11<24:01,  1.27it/s]Best trial: 112. Best value: 0.334:   8%|▊         | 168/2000 [02:11<24:01,  1.27it/s]Best trial: 112. Best value: 0.334:   8%|▊         | 169/2000 [02:11<23:30,  1.30it/s]                                                                                      Best trial: 112. Best value: 0.334:   8%|▊         | 169/2000 [02:12<23:30,  1.30it/s]Best trial: 112. Best value: 0.334:   8%|▊         | 169/2000 [02:12<23:30,  1.30it/s]Best trial: 112. Best value: 0.334:   8%|▊         | 170/2000 [02:12<23:13,  1.31it/s]                                                                                      Best trial: 112. Best value: 0.334:   8%|▊         | 170/2000 [02:13<23:13,  1.31it/s]Best trial: 112. Best value: 0.334:   8%|▊         | 170/2000 [02:13<23:13,  1.31it/s]Best trial: 112. Best value: 0.334:   9%|▊         | 171/2000 [02:13<23:02,  1.32it/s]                                                                                      Best trial: 112. Best value: 0.334:   9%|▊         | 171/2000 [02:13<23:02,  1.32it/s]Best trial: 112. Best value: 0.334:   9%|▊         | 171/2000 [02:13<23:02,  1.32it/s]Best trial: 112. Best value: 0.334:   9%|▊         | 172/2000 [02:13<23:17,  1.31it/s]                                                                                      Best trial: 112. Best value: 0.334:   9%|▊         | 172/2000 [02:14<23:17,  1.31it/s]Best trial: 112. Best value: 0.334:   9%|▊         | 172/2000 [02:14<23:17,  1.31it/s]Best trial: 112. Best value: 0.334:   9%|▊         | 173/2000 [02:14<22:49,  1.33it/s]                                                                                      Best trial: 112. Best value: 0.334:   9%|▊         | 173/2000 [02:15<22:49,  1.33it/s]Best trial: 112. Best value: 0.334:   9%|▊         | 173/2000 [02:15<22:49,  1.33it/s]Best trial: 112. Best value: 0.334:   9%|▊         | 174/2000 [02:15<22:42,  1.34it/s]                                                                                      Best trial: 112. Best value: 0.334:   9%|▊         | 174/2000 [02:16<22:42,  1.34it/s]Best trial: 112. Best value: 0.334:   9%|▊         | 174/2000 [02:16<22:42,  1.34it/s]Best trial: 112. Best value: 0.334:   9%|▉         | 175/2000 [02:16<22:35,  1.35it/s]                                                                                      Best trial: 112. Best value: 0.334:   9%|▉         | 175/2000 [02:16<22:35,  1.35it/s]Best trial: 112. Best value: 0.334:   9%|▉         | 175/2000 [02:16<22:35,  1.35it/s]Best trial: 112. Best value: 0.334:   9%|▉         | 176/2000 [02:16<23:02,  1.32it/s]                                                                                      Best trial: 112. Best value: 0.334:   9%|▉         | 176/2000 [02:17<23:02,  1.32it/s]Best trial: 112. Best value: 0.334:   9%|▉         | 176/2000 [02:17<23:02,  1.32it/s]Best trial: 112. Best value: 0.334:   9%|▉         | 177/2000 [02:17<22:39,  1.34it/s]                                                                                      Best trial: 112. Best value: 0.334:   9%|▉         | 177/2000 [02:18<22:39,  1.34it/s]Best trial: 112. Best value: 0.334:   9%|▉         | 177/2000 [02:18<22:39,  1.34it/s]Best trial: 112. Best value: 0.334:   9%|▉         | 178/2000 [02:18<22:34,  1.34it/s]
[I 2025-10-25 04:29:57,776] Trial 146 finished with value: -0.033999999999999996 and parameters: {'w_boll': 0.47143155134953074, 'w_rsi': 0.359401925876319, 'w_mom': 0.1999728813018542, 'w_vwap': 0.4330159727652956, 'w_orb': 1.7411510663441956, 'w_ofi': 0.9690395465191727, 'w_vol': 1.9961483863780252, 'win_boll': 19, 'win_rsi': 6, 'win_mom': 4, 'win_vwap': 11, 'orb_opening_bars': 47, 'vol_window': 14}. Best is trial 112 with value: 0.33399999999999996.
Trial 147: ACCEPT (degrade -195.8%) - Eval: 0.118%, Val: 0.349%
[I 2025-10-25 04:29:58,542] Trial 147 finished with value: 0.11800000000000002 and parameters: {'w_boll': 0.4269653807034874, 'w_rsi': 0.5716196781455998, 'w_mom': 0.14618013563176543, 'w_vwap': 0.8768141063355336, 'w_orb': 1.8735298792044692, 'w_ofi': 0.7970966412023871, 'w_vol': 1.879368033227119, 'win_boll': 16, 'win_rsi': 7, 'win_mom': 4, 'win_vwap': 10, 'orb_opening_bars': 50, 'vol_window': 11}. Best is trial 112 with value: 0.33399999999999996.
Trial 148: ACCEPT (degrade -164.3%) - Eval: 0.098%, Val: 0.259%
[I 2025-10-25 04:29:59,317] Trial 148 finished with value: 0.09799999999999999 and parameters: {'w_boll': 0.3843936459084301, 'w_rsi': 0.4451141885208221, 'w_mom': 0.16392318772689918, 'w_vwap': 0.8751256525222312, 'w_orb': 1.8635809811233, 'w_ofi': 0.648036256211125, 'w_vol': 1.8528656175609899, 'win_boll': 16, 'win_rsi': 7, 'win_mom': 3, 'win_vwap': 14, 'orb_opening_bars': 50, 'vol_window': 11}. Best is trial 112 with value: 0.33399999999999996.
Trial 149: ACCEPT (degrade 0.0%) - Eval: 0.000%, Val: 0.342%
[I 2025-10-25 04:30:00,303] Trial 149 finished with value: 0.0 and parameters: {'w_boll': 0.5183768582251276, 'w_rsi': 0.403091100220481, 'w_mom': 0.2426799220146375, 'w_vwap': 0.824922902830693, 'w_orb': 1.7949662199695215, 'w_ofi': 0.7847268875834273, 'w_vol': 1.7458058671175023, 'win_boll': 18, 'win_rsi': 8, 'win_mom': 4, 'win_vwap': 13, 'orb_opening_bars': 27, 'vol_window': 13}. Best is trial 112 with value: 0.33399999999999996.
Trial 150: ACCEPT (degrade -98.7%) - Eval: 0.150%, Val: 0.298%
[I 2025-10-25 04:30:01,036] Trial 150 finished with value: 0.15000000000000002 and parameters: {'w_boll': 0.4750902287079467, 'w_rsi': 0.5900138531275907, 'w_mom': 0.17672612837854138, 'w_vwap': 0.5366069626492566, 'w_orb': 1.9473629285658678, 'w_ofi': 0.8903768135304472, 'w_vol': 1.8778631031337254, 'win_boll': 13, 'win_rsi': 7, 'win_mom': 4, 'win_vwap': 12, 'orb_opening_bars': 49, 'vol_window': 12}. Best is trial 112 with value: 0.33399999999999996.
Trial 151: ACCEPT (degrade -276.7%) - Eval: 0.060%, Val: 0.226%
[I 2025-10-25 04:30:01,792] Trial 151 finished with value: 0.06000000000000001 and parameters: {'w_boll': 0.43758197185175723, 'w_rsi': 0.5772254993740698, 'w_mom': 0.14897402265143195, 'w_vwap': 0.548362677601041, 'w_orb': 1.9412938346648914, 'w_ofi': 0.8702758290609512, 'w_vol': 1.8609073004211518, 'win_boll': 14, 'win_rsi': 7, 'win_mom': 4, 'win_vwap': 12, 'orb_opening_bars': 49, 'vol_window': 12}. Best is trial 112 with value: 0.33399999999999996.
Trial 152: ACCEPT (degrade -29.3%) - Eval: 0.174%, Val: 0.225%
[I 2025-10-25 04:30:02,539] Trial 152 finished with value: 0.174 and parameters: {'w_boll': 0.47721223151316255, 'w_rsi': 0.5050289569857462, 'w_mom': 0.2021860772650453, 'w_vwap': 0.69138842287368, 'w_orb': 1.9661634211982453, 'w_ofi': 0.7496816209227813, 'w_vol': 1.8865069760753066, 'win_boll': 13, 'win_rsi': 7, 'win_mom': 3, 'win_vwap': 11, 'orb_opening_bars': 50, 'vol_window': 11}. Best is trial 112 with value: 0.33399999999999996.
Trial 153: ACCEPT (degrade -119.2%) - Eval: 0.130%, Val: 0.285%
[I 2025-10-25 04:30:03,330] Trial 153 finished with value: 0.12999999999999998 and parameters: {'w_boll': 0.48425323475243537, 'w_rsi': 0.5120139385387426, 'w_mom': 0.19162103882616882, 'w_vwap': 0.6875196038910462, 'w_orb': 1.9299424994167143, 'w_ofi': 0.7849656731768514, 'w_vol': 1.90956090456118, 'win_boll': 14, 'win_rsi': 7, 'win_mom': 3, 'win_vwap': 11, 'orb_opening_bars': 50, 'vol_window': 13}. Best is trial 112 with value: 0.33399999999999996.
Trial 154: ACCEPT (degrade -183.3%) - Eval: 0.054%, Val: 0.153%
[I 2025-10-25 04:30:04,108] Trial 154 finished with value: 0.054000000000000006 and parameters: {'w_boll': 0.6541352114577492, 'w_rsi': 0.5016950407933196, 'w_mom': 0.1993294122686622, 'w_vwap': 0.6907526003323692, 'w_orb': 1.9147824946899437, 'w_ofi': 0.7552880569687407, 'w_vol': 1.916816057398374, 'win_boll': 13, 'win_rsi': 7, 'win_mom': 3, 'win_vwap': 11, 'orb_opening_bars': 50, 'vol_window': 11}. Best is trial 112 with value: 0.33399999999999996.
Trial 155: ACCEPT (degrade -3733.3%) - Eval: 0.006%, Val: 0.230%
[I 2025-10-25 04:30:04,839] Trial 155 finished with value: 0.005999999999999994 and parameters: {'w_boll': 0.48225327881876834, 'w_rsi': 0.5273448001132742, 'w_mom': 0.30253649966342366, 'w_vwap': 0.7340978917407284, 'w_orb': 1.9486073550430327, 'w_ofi': 0.8975458144163775, 'w_vol': 1.7932567714152017, 'win_boll': 12, 'win_rsi': 8, 'win_mom': 3, 'win_vwap': 10, 'orb_opening_bars': 48, 'vol_window': 13}. Best is trial 112 with value: 0.33399999999999996.
Trial 156: ACCEPT (degrade -112.5%) - Eval: 0.072%, Val: 0.153%
[I 2025-10-25 04:30:05,607] Trial 156 finished with value: 0.07200000000000001 and parameters: {'w_boll': 0.5238511738038172, 'w_rsi': 0.48257667582337854, 'w_mom': 0.1012223119558105, 'w_vwap': 0.4638668761854804, 'w_orb': 1.8912099697440765, 'w_ofi': 0.7136078851936687, 'w_vol': 1.8780925871413023, 'win_boll': 14, 'win_rsi': 9, 'win_mom': 3, 'win_vwap': 13, 'orb_opening_bars': 50, 'vol_window': 11}. Best is trial 112 with value: 0.33399999999999996.
Trial 157: REJECT (overfit 70.0%) - Eval: 0.150%, Val: 0.045%
[I 2025-10-25 04:30:06,452] Trial 157 finished with value: -999.0 and parameters: {'w_boll': 0.5658018699478006, 'w_rsi': 0.41919201019128854, 'w_mom': 0.176834543073665, 'w_vwap': 0.5160013874163631, 'w_orb': 1.8189261107587602, 'w_ofi': 0.7996384522911665, 'w_vol': 1.935351801844181, 'win_boll': 12, 'win_rsi': 7, 'win_mom': 3, 'win_vwap': 11, 'orb_opening_bars': 48, 'vol_window': 10}. Best is trial 112 with value: 0.33399999999999996.
Trial 158: ACCEPT (degrade -213.2%) - Eval: 0.106%, Val: 0.332%
[I 2025-10-25 04:30:07,217] Trial 158 finished with value: 0.10599999999999998 and parameters: {'w_boll': 0.5977146034463943, 'w_rsi': 0.5548185085793256, 'w_mom': 0.24527972428996453, 'w_vwap': 0.5826555589995801, 'w_orb': 1.8513321336614021, 'w_ofi': 0.8562830028438351, 'w_vol': 1.894146202995836, 'win_boll': 15, 'win_rsi': 8, 'win_mom': 4, 'win_vwap': 14, 'orb_opening_bars': 50, 'vol_window': 14}. Best is trial 112 with value: 0.33399999999999996.
Trial 159: ACCEPT (degrade -1.0%) - Eval: 0.208%, Val: 0.210%
[I 2025-10-25 04:30:07,953] Trial 159 finished with value: 0.20800000000000002 and parameters: {'w_boll': 0.4651051496850034, 'w_rsi': 0.35531780148181086, 'w_mom': 0.2153058014876583, 'w_vwap': 0.6400418883043907, 'w_orb': 1.9795721850684007, 'w_ofi': 0.6445276034275971, 'w_vol': 1.8378549317071777, 'win_boll': 11, 'win_rsi': 7, 'win_mom': 3, 'win_vwap': 11, 'orb_opening_bars': 49, 'vol_window': 12}. Best is trial 112 with value: 0.33399999999999996.
Trial 160: REJECT (overfit 48.8%) - Eval: 0.342%, Val: 0.175%
[I 2025-10-25 04:30:08,713] Trial 160 finished with value: -999.0 and parameters: {'w_boll': 0.46933724099700747, 'w_rsi': 0.3595610656322385, 'w_mom': 0.20676204822856772, 'w_vwap': 0.648574736308676, 'w_orb': 1.916392516515248, 'w_ofi': 0.5655716405736284, 'w_vol': 1.82153153888243, 'win_boll': 11, 'win_rsi': 8, 'win_mom': 3, 'win_vwap': 12, 'orb_opening_bars': 49, 'vol_window': 11}. Best is trial 112 with value: 0.33399999999999996.
Trial 161: ACCEPT (degrade -70.2%) - Eval: 0.248%, Val: 0.422%
