Best trial: 31. Best value: 0.112:   2%|▏         | 32/2000 [00:25<25:23,  1.29it/s]Best trial: 31. Best value: 0.112:   2%|▏         | 32/2000 [00:25<25:23,  1.29it/s]Best trial: 31. Best value: 0.112:   2%|▏         | 33/2000 [00:25<25:24,  1.29it/s]                                                                                    Best trial: 31. Best value: 0.112:   2%|▏         | 33/2000 [00:26<25:24,  1.29it/s]Best trial: 31. Best value: 0.112:   2%|▏         | 33/2000 [00:26<25:24,  1.29it/s]Best trial: 31. Best value: 0.112:   2%|▏         | 34/2000 [00:26<25:17,  1.30it/s]                                                                                    Best trial: 31. Best value: 0.112:   2%|▏         | 34/2000 [00:27<25:17,  1.30it/s]Best trial: 31. Best value: 0.112:   2%|▏         | 34/2000 [00:27<25:17,  1.30it/s]Best trial: 31. Best value: 0.112:   2%|▏         | 35/2000 [00:27<26:49,  1.22it/s]                                                                                    Best trial: 31. Best value: 0.112:   2%|▏         | 35/2000 [00:28<26:49,  1.22it/s]Best trial: 31. Best value: 0.112:   2%|▏         | 35/2000 [00:28<26:49,  1.22it/s]Best trial: 31. Best value: 0.112:   2%|▏         | 36/2000 [00:28<26:16,  1.25it/s]                                                                                    Best trial: 31. Best value: 0.112:   2%|▏         | 36/2000 [00:28<26:16,  1.25it/s]Best trial: 31. Best value: 0.112:   2%|▏         | 36/2000 [00:28<26:16,  1.25it/s]Best trial: 31. Best value: 0.112:   2%|▏         | 37/2000 [00:28<25:53,  1.26it/s]                                                                                    Best trial: 31. Best value: 0.112:   2%|▏         | 37/2000 [00:29<25:53,  1.26it/s]Best trial: 31. Best value: 0.112:   2%|▏         | 37/2000 [00:29<25:53,  1.26it/s]Best trial: 31. Best value: 0.112:   2%|▏         | 38/2000 [00:29<25:34,  1.28it/s]                                                                                    Best trial: 31. Best value: 0.112:   2%|▏         | 38/2000 [00:30<25:34,  1.28it/s]Best trial: 31. Best value: 0.112:   2%|▏         | 38/2000 [00:30<25:34,  1.28it/s]Best trial: 31. Best value: 0.112:   2%|▏         | 39/2000 [00:30<25:25,  1.29it/s]                                                                                    Best trial: 31. Best value: 0.112:   2%|▏         | 39/2000 [00:31<25:25,  1.29it/s]Best trial: 31. Best value: 0.112:   2%|▏         | 39/2000 [00:31<25:25,  1.29it/s]Best trial: 31. Best value: 0.112:   2%|▏         | 40/2000 [00:31<25:20,  1.29it/s]                                                                                    Best trial: 31. Best value: 0.112:   2%|▏         | 40/2000 [00:31<25:20,  1.29it/s]Best trial: 31. Best value: 0.112:   2%|▏         | 40/2000 [00:31<25:20,  1.29it/s]Best trial: 31. Best value: 0.112:   2%|▏         | 41/2000 [00:31<25:26,  1.28it/s]                                                                                    Best trial: 31. Best value: 0.112:   2%|▏         | 41/2000 [00:32<25:26,  1.28it/s]Best trial: 31. Best value: 0.112:   2%|▏         | 41/2000 [00:32<25:26,  1.28it/s]Best trial: 31. Best value: 0.112:   2%|▏         | 42/2000 [00:32<25:48,  1.26it/s]                                                                                    Best trial: 31. Best value: 0.112:   2%|▏         | 42/2000 [00:33<25:48,  1.26it/s]Best trial: 31. Best value: 0.112:   2%|▏         | 42/2000 [00:33<25:48,  1.26it/s]Best trial: 31. Best value: 0.112:   2%|▏         | 43/2000 [00:33<25:22,  1.29it/s]                                                                                    Best trial: 31. Best value: 0.112:   2%|▏         | 43/2000 [00:34<25:22,  1.29it/s]Best trial: 31. Best value: 0.112:   2%|▏         | 43/2000 [00:34<25:22,  1.29it/s]Best trial: 31. Best value: 0.112:   2%|▏         | 44/2000 [00:34<25:10,  1.29it/s]                                                                                    Best trial: 31. Best value: 0.112:   2%|▏         | 44/2000 [00:35<25:10,  1.29it/s]Best trial: 31. Best value: 0.112:   2%|▏         | 44/2000 [00:35<25:10,  1.29it/s]Best trial: 31. Best value: 0.112:   2%|▏         | 45/2000 [00:35<25:27,  1.28it/s]                                                                                    Best trial: 31. Best value: 0.112:   2%|▏         | 45/2000 [00:35<25:27,  1.28it/s]Best trial: 31. Best value: 0.112:   2%|▏         | 45/2000 [00:35<25:27,  1.28it/s]Best trial: 31. Best value: 0.112:   2%|▏         | 46/2000 [00:35<25:20,  1.29it/s]                                                                                    Best trial: 31. Best value: 0.112:   2%|▏         | 46/2000 [00:36<25:20,  1.29it/s]Best trial: 31. Best value: 0.112:   2%|▏         | 46/2000 [00:36<25:20,  1.29it/s]Best trial: 31. Best value: 0.112:   2%|▏         | 47/2000 [00:36<24:51,  1.31it/s]                                                                                    Best trial: 31. Best value: 0.112:   2%|▏         | 47/2000 [00:37<24:51,  1.31it/s]Best trial: 31. Best value: 0.112:   2%|▏         | 47/2000 [00:37<24:51,  1.31it/s]Best trial: 31. Best value: 0.112:   2%|▏         | 48/2000 [00:37<24:52,  1.31it/s]                                                                                    Best trial: 31. Best value: 0.112:   2%|▏         | 48/2000 [00:38<24:52,  1.31it/s]Best trial: 31. Best value: 0.112:   2%|▏         | 48/2000 [00:38<24:52,  1.31it/s]Best trial: 31. Best value: 0.112:   2%|▏         | 49/2000 [00:38<25:07,  1.29it/s][I 2025-10-25 04:28:16,682] Trial 16 finished with value: 0.038 and parameters: {'w_boll': 0.6221155234462385, 'w_rsi': 1.4225256205975318, 'w_mom': 0.8258443644837061, 'w_vwap': 0.9644610037181033, 'w_orb': 1.14734551737463, 'w_ofi': 1.7710515121873331, 'w_vol': 1.5453714792490183, 'win_boll': 29, 'win_rsi': 8, 'win_mom': 4, 'win_vwap': 18, 'orb_opening_bars': 37, 'vol_window': 24}. Best is trial 16 with value: 0.038.
Trial 17: ACCEPT (degrade -32.3%) - Eval: 0.062%, Val: 0.082%
[I 2025-10-25 04:28:17,435] Trial 17 finished with value: 0.062 and parameters: {'w_boll': 0.6914914614091036, 'w_rsi': 0.7540149707166619, 'w_mom': 0.7697803045189812, 'w_vwap': 0.9452599236148203, 'w_orb': 1.0512037624983976, 'w_ofi': 1.6730817902898718, 'w_vol': 0.9509270547728265, 'win_boll': 28, 'win_rsi': 7, 'win_mom': 3, 'win_vwap': 11, 'orb_opening_bars': 40, 'vol_window': 24}. Best is trial 17 with value: 0.062.
Trial 18: ACCEPT (degrade 0.0%) - Eval: -0.144%, Val: 0.048%
[I 2025-10-25 04:28:18,188] Trial 18 finished with value: -0.144 and parameters: {'w_boll': 0.688142192708352, 'w_rsi': 0.13209315522972054, 'w_mom': 0.8251338820358459, 'w_vwap': 0.9926481851230137, 'w_orb': 0.7315914695096215, 'w_ofi': 1.7160229726711587, 'w_vol': 0.9274341476995527, 'win_boll': 27, 'win_rsi': 5, 'win_mom': 3, 'win_vwap': 11, 'orb_opening_bars': 39, 'vol_window': 23}. Best is trial 17 with value: 0.062.
Trial 19: ACCEPT (degrade 0.0%) - Eval: -0.172%, Val: -0.005%
[I 2025-10-25 04:28:18,922] Trial 19 finished with value: -0.17200000000000001 and parameters: {'w_boll': 1.4827013519753, 'w_rsi': 0.7979892768763744, 'w_mom': 0.737900958385389, 'w_vwap': 0.9630322161038168, 'w_orb': 1.0395324995774309, 'w_ofi': 1.3151376907044634, 'w_vol': 1.9817385042569906, 'win_boll': 28, 'win_rsi': 8, 'win_mom': 5, 'win_vwap': 14, 'orb_opening_bars': 38, 'vol_window': 17}. Best is trial 17 with value: 0.062.
Trial 20: ACCEPT (degrade 0.0%) - Eval: -0.088%, Val: 0.072%
[I 2025-10-25 04:28:19,726] Trial 20 finished with value: -0.08800000000000001 and parameters: {'w_boll': 0.6886819102335491, 'w_rsi': 0.9339617455474201, 'w_mom': 1.934151305896149, 'w_vwap': 1.215811894397433, 'w_orb': 0.7721843611618424, 'w_ofi': 1.750320224222669, 'w_vol': 1.4961449531127229, 'win_boll': 39, 'win_rsi': 14, 'win_mom': 5, 'win_vwap': 50, 'orb_opening_bars': 43, 'vol_window': 27}. Best is trial 17 with value: 0.062.
Trial 21: ACCEPT (degrade 0.0%) - Eval: -0.084%, Val: 0.448%
[I 2025-10-25 04:28:20,497] Trial 21 finished with value: -0.08399999999999999 and parameters: {'w_boll': 0.6130654631007728, 'w_rsi': 0.5112089009136866, 'w_mom': 0.41722604311273587, 'w_vwap': 0.917330749795991, 'w_orb': 1.1592656702298323, 'w_ofi': 1.5240700480813945, 'w_vol': 0.7831230052208515, 'win_boll': 28, 'win_rsi': 8, 'win_mom': 5, 'win_vwap': 19, 'orb_opening_bars': 33, 'vol_window': 21}. Best is trial 17 with value: 0.062.
Trial 22: ACCEPT (degrade 0.0%) - Eval: -0.038%, Val: 0.214%
[I 2025-10-25 04:28:21,263] Trial 22 finished with value: -0.03800000000000001 and parameters: {'w_boll': 0.9414138058532707, 'w_rsi': 0.677243999935129, 'w_mom': 0.6624626850305043, 'w_vwap': 1.1226983287517354, 'w_orb': 0.9537997904227404, 'w_ofi': 1.7624964402720162, 'w_vol': 0.5163138101978231, 'win_boll': 33, 'win_rsi': 7, 'win_mom': 3, 'win_vwap': 13, 'orb_opening_bars': 36, 'vol_window': 18}. Best is trial 17 with value: 0.062.
Trial 23: ACCEPT (degrade 0.0%) - Eval: -0.272%, Val: -0.132%
[I 2025-10-25 04:28:22,000] Trial 23 finished with value: -0.272 and parameters: {'w_boll': 0.307801100677334, 'w_rsi': 1.5524973026588476, 'w_mom': 0.9609362593567647, 'w_vwap': 0.8163549338954306, 'w_orb': 1.1125339424801055, 'w_ofi': 0.9541749049069391, 'w_vol': 0.9337973235446817, 'win_boll': 41, 'win_rsi': 5, 'win_mom': 11, 'win_vwap': 27, 'orb_opening_bars': 32, 'vol_window': 25}. Best is trial 17 with value: 0.062.
Trial 24: ACCEPT (degrade 0.0%) - Eval: -0.400%, Val: 0.158%
[I 2025-10-25 04:28:22,796] Trial 24 finished with value: -0.4 and parameters: {'w_boll': 0.5917609446202479, 'w_rsi': 0.9668352600768015, 'w_mom': 0.40366292751719435, 'w_vwap': 0.46425363864581115, 'w_orb': 0.5293027084854632, 'w_ofi': 1.237504469727015, 'w_vol': 1.812687358661718, 'win_boll': 26, 'win_rsi': 9, 'win_mom': 6, 'win_vwap': 30, 'orb_opening_bars': 43, 'vol_window': 27}. Best is trial 17 with value: 0.062.
Trial 25: ACCEPT (degrade 0.0%) - Eval: -0.184%, Val: 0.190%
[I 2025-10-25 04:28:23,627] Trial 25 finished with value: -0.184 and parameters: {'w_boll': 0.8967428381797626, 'w_rsi': 0.5210163679243582, 'w_mom': 0.7553729528774512, 'w_vwap': 1.0792325069000852, 'w_orb': 1.414175097407683, 'w_ofi': 1.6220633209719577, 'w_vol': 1.065158329245533, 'win_boll': 32, 'win_rsi': 13, 'win_mom': 4, 'win_vwap': 21, 'orb_opening_bars': 22, 'vol_window': 32}. Best is trial 17 with value: 0.062.
Trial 26: ACCEPT (degrade 0.0%) - Eval: -0.336%, Val: 0.030%
[I 2025-10-25 04:28:24,389] Trial 26 finished with value: -0.33599999999999997 and parameters: {'w_boll': 1.0997238594147332, 'w_rsi': 1.3398319674303665, 'w_mom': 0.5465925900809353, 'w_vwap': 0.5526644268558182, 'w_orb': 0.8773204422400763, 'w_ofi': 1.3827449876944864, 'w_vol': 0.4775817211771939, 'win_boll': 35, 'win_rsi': 18, 'win_mom': 10, 'win_vwap': 16, 'orb_opening_bars': 37, 'vol_window': 18}. Best is trial 17 with value: 0.062.
Trial 27: ACCEPT (degrade -384.4%) - Eval: 0.090%, Val: 0.436%
[I 2025-10-25 04:28:25,154] Trial 27 finished with value: 0.09 and parameters: {'w_boll': 0.23246497591874904, 'w_rsi': 0.17409887180496325, 'w_mom': 0.29141006932901503, 'w_vwap': 1.349710956812908, 'w_orb': 1.1965483257481246, 'w_ofi': 1.8927097354219018, 'w_vol': 0.7993892496525961, 'win_boll': 30, 'win_rsi': 7, 'win_mom': 7, 'win_vwap': 13, 'orb_opening_bars': 46, 'vol_window': 11}. Best is trial 27 with value: 0.09.
Trial 28: ACCEPT (degrade -356.5%) - Eval: 0.062%, Val: 0.283%
[I 2025-10-25 04:28:25,930] Trial 28 finished with value: 0.061999999999999986 and parameters: {'w_boll': 0.2714213724545437, 'w_rsi': 0.15160410268993185, 'w_mom': 1.4404500465062184, 'w_vwap': 1.403257974007201, 'w_orb': 1.218257045789673, 'w_ofi': 1.8290811331376817, 'w_vol': 1.3529941336785984, 'win_boll': 18, 'win_rsi': 6, 'win_mom': 6, 'win_vwap': 13, 'orb_opening_bars': 46, 'vol_window': 10}. Best is trial 27 with value: 0.09.
Trial 29: ACCEPT (degrade 0.0%) - Eval: -0.012%, Val: 0.312%
[I 2025-10-25 04:28:26,712] Trial 29 finished with value: -0.01200000000000001 and parameters: {'w_boll': 0.23396579894951353, 'w_rsi': 0.1621519099435037, 'w_mom': 1.4325197295093715, 'w_vwap': 1.3688854887379727, 'w_orb': 1.5662912276072969, 'w_ofi': 1.8605015895889363, 'w_vol': 1.3943909707023914, 'win_boll': 15, 'win_rsi': 22, 'win_mom': 6, 'win_vwap': 10, 'orb_opening_bars': 50, 'vol_window': 12}. Best is trial 27 with value: 0.09.
Trial 30: ACCEPT (degrade 0.0%) - Eval: -0.098%, Val: 0.017%
[I 2025-10-25 04:28:27,479] Trial 30 finished with value: -0.098 and parameters: {'w_boll': 0.2442729911029298, 'w_rsi': 0.2244386620187635, 'w_mom': 1.381425891542634, 'w_vwap': 1.4108842753711899, 'w_orb': 1.2364534233869435, 'w_ofi': 1.903708670370319, 'w_vol': 1.0108579944415186, 'win_boll': 19, 'win_rsi': 6, 'win_mom': 13, 'win_vwap': 14, 'orb_opening_bars': 46, 'vol_window': 10}. Best is trial 27 with value: 0.09.
Trial 31: ACCEPT (degrade -46.4%) - Eval: 0.112%, Val: 0.164%
[I 2025-10-25 04:28:28,253] Trial 31 finished with value: 0.11199999999999999 and parameters: {'w_boll': 0.25189910954249917, 'w_rsi': 0.6438534159683542, 'w_mom': 0.9265346629639021, 'w_vwap': 1.7354404812917767, 'w_orb': 1.1891494722668317, 'w_ofi': 1.8056822319138846, 'w_vol': 1.7093116034934943, 'win_boll': 25, 'win_rsi': 9, 'win_mom': 4, 'win_vwap': 10, 'orb_opening_bars': 47, 'vol_window': 15}. Best is trial 31 with value: 0.11199999999999999.
Trial 32: ACCEPT (degrade -863.3%) - Eval: 0.030%, Val: 0.289%
[I 2025-10-25 04:28:29,030] Trial 32 finished with value: 0.02999999999999997 and parameters: {'w_boll': 0.22010854202870345, 'w_rsi': 0.6453258240452984, 'w_mom': 1.3214675463456813, 'w_vwap': 1.9345959826875263, 'w_orb': 1.4305316518592326, 'w_ofi': 1.631607383309515, 'w_vol': 1.7253708313440441, 'win_boll': 25, 'win_rsi': 10, 'win_mom': 6, 'win_vwap': 10, 'orb_opening_bars': 47, 'vol_window': 16}. Best is trial 31 with value: 0.11199999999999999.                                                                                    Best trial: 31. Best value: 0.112:   2%|▏         | 49/2000 [00:38<25:07,  1.29it/s]Best trial: 31. Best value: 0.112:   2%|▏         | 49/2000 [00:38<25:07,  1.29it/s]Best trial: 31. Best value: 0.112:   2%|▎         | 50/2000 [00:38<24:57,  1.30it/s]                                                                                    Best trial: 31. Best value: 0.112:   2%|▎         | 50/2000 [00:39<24:57,  1.30it/s]Best trial: 31. Best value: 0.112:   2%|▎         | 50/2000 [00:39<24:57,  1.30it/s]Best trial: 31. Best value: 0.112:   3%|▎         | 51/2000 [00:39<24:42,  1.31it/s]                                                                                    Best trial: 31. Best value: 0.112:   3%|▎         | 51/2000 [00:40<24:42,  1.31it/s]Best trial: 31. Best value: 0.112:   3%|▎         | 51/2000 [00:40<24:42,  1.31it/s]Best trial: 31. Best value: 0.112:   3%|▎         | 52/2000 [00:40<24:45,  1.31it/s]                                                                                    Best trial: 31. Best value: 0.112:   3%|▎         | 52/2000 [00:41<24:45,  1.31it/s]Best trial: 31. Best value: 0.112:   3%|▎         | 52/2000 [00:41<24:45,  1.31it/s]Best trial: 31. Best value: 0.112:   3%|▎         | 53/2000 [00:41<25:02,  1.30it/s]                                                                                    Best trial: 31. Best value: 0.112:   3%|▎         | 53/2000 [00:41<25:02,  1.30it/s]Best trial: 31. Best value: 0.112:   3%|▎         | 53/2000 [00:41<25:02,  1.30it/s]Best trial: 31. Best value: 0.112:   3%|▎         | 54/2000 [00:41<24:56,  1.30it/s]                                                                                    Best trial: 31. Best value: 0.112:   3%|▎         | 54/2000 [00:42<24:56,  1.30it/s]Best trial: 31. Best value: 0.112:   3%|▎         | 54/2000 [00:42<24:56,  1.30it/s]Best trial: 31. Best value: 0.112:   3%|▎         | 55/2000 [00:42<24:52,  1.30it/s]                                                                                    Best trial: 31. Best value: 0.112:   3%|▎         | 55/2000 [00:43<24:52,  1.30it/s]Best trial: 31. Best value: 0.112:   3%|▎         | 55/2000 [00:43<24:52,  1.30it/s]Best trial: 31. Best value: 0.112:   3%|▎         | 56/2000 [00:43<24:36,  1.32it/s]                                                                                    Best trial: 31. Best value: 0.112:   3%|▎         | 56/2000 [00:44<24:36,  1.32it/s]Best trial: 31. Best value: 0.112:   3%|▎         | 56/2000 [00:44<24:36,  1.32it/s]Best trial: 31. Best value: 0.112:   3%|▎         | 57/2000 [00:44<24:53,  1.30it/s]                                                                                    Best trial: 31. Best value: 0.112:   3%|▎         | 57/2000 [00:45<24:53,  1.30it/s]Best trial: 31. Best value: 0.112:   3%|▎         | 57/2000 [00:45<24:53,  1.30it/s]Best trial: 31. Best value: 0.112:   3%|▎         | 58/2000 [00:45<24:46,  1.31it/s]                                                                                    Best trial: 31. Best value: 0.112:   3%|▎         | 58/2000 [00:45<24:46,  1.31it/s]Best trial: 31. Best value: 0.112:   3%|▎         | 58/2000 [00:45<24:46,  1.31it/s]Best trial: 31. Best value: 0.112:   3%|▎         | 59/2000 [00:45<24:42,  1.31it/s]                                                                                    Best trial: 31. Best value: 0.112:   3%|▎         | 59/2000 [00:46<24:42,  1.31it/s]Best trial: 31. Best value: 0.112:   3%|▎         | 59/2000 [00:46<24:42,  1.31it/s]Best trial: 31. Best value: 0.112:   3%|▎         | 60/2000 [00:46<24:20,  1.33it/s]                                                                                    Best trial: 31. Best value: 0.112:   3%|▎         | 60/2000 [00:47<24:20,  1.33it/s]Best trial: 31. Best value: 0.112:   3%|▎         | 60/2000 [00:47<24:20,  1.33it/s]Best trial: 31. Best value: 0.112:   3%|▎         | 61/2000 [00:47<24:41,  1.31it/s]                                                                                    Best trial: 31. Best value: 0.112:   3%|▎         | 61/2000 [00:48<24:41,  1.31it/s]Best trial: 31. Best value: 0.112:   3%|▎         | 61/2000 [00:48<24:41,  1.31it/s]Best trial: 31. Best value: 0.112:   3%|▎         | 62/2000 [00:48<24:43,  1.31it/s]                                                                                    Best trial: 31. Best value: 0.112:   3%|▎         | 62/2000 [00:48<24:43,  1.31it/s]Best trial: 31. Best value: 0.112:   3%|▎         | 62/2000 [00:48<24:43,  1.31it/s]Best trial: 31. Best value: 0.112:   3%|▎         | 63/2000 [00:48<24:42,  1.31it/s]                                                                                    Best trial: 31. Best value: 0.112:   3%|▎         | 63/2000 [00:49<24:42,  1.31it/s]Best trial: 31. Best value: 0.112:   3%|▎         | 63/2000 [00:49<24:42,  1.31it/s]Best trial: 31. Best value: 0.112:   3%|▎         | 64/2000 [00:49<24:27,  1.32it/s]                                                                                    Best trial: 31. Best value: 0.112:   3%|▎         | 64/2000 [00:50<24:27,  1.32it/s]Best trial: 31. Best value: 0.112:   3%|▎         | 64/2000 [00:50<24:27,  1.32it/s]Best trial: 31. Best value: 0.112:   3%|▎         | 65/2000 [00:50<24:42,  1.31it/s]
Trial 33: REJECT (overfit 57.4%) - Eval: 0.162%, Val: 0.069%
[I 2025-10-25 04:28:29,794] Trial 33 finished with value: -999.0 and parameters: {'w_boll': 0.31551559949516256, 'w_rsi': 0.4018037622108538, 'w_mom': 0.28281295111620686, 'w_vwap': 1.691023874051829, 'w_orb': 0.9719568552865451, 'w_ofi': 1.8607522316496186, 'w_vol': 1.2545803754990346, 'win_boll': 20, 'win_rsi': 6, 'win_mom': 4, 'win_vwap': 13, 'orb_opening_bars': 42, 'vol_window': 10}. Best is trial 31 with value: 0.11199999999999999.
Trial 34: ACCEPT (degrade 0.0%) - Eval: -0.008%, Val: 0.205%
[I 2025-10-25 04:28:30,724] Trial 34 finished with value: -0.007999999999999997 and parameters: {'w_boll': 0.1400386548665451, 'w_rsi': 0.22665192386964272, 'w_mom': 1.5594897334055422, 'w_vwap': 1.781165643669624, 'w_orb': 1.2211499959450391, 'w_ofi': 1.4879295609345815, 'w_vol': 0.8099705330529605, 'win_boll': 16, 'win_rsi': 12, 'win_mom': 7, 'win_vwap': 12, 'orb_opening_bars': 47, 'vol_window': 15}. Best is trial 31 with value: 0.11199999999999999.
Trial 35: ACCEPT (degrade 0.0%) - Eval: -0.274%, Val: 0.376%
[I 2025-10-25 04:28:31,488] Trial 35 finished with value: -0.274 and parameters: {'w_boll': 0.5423825825425264, 'w_rsi': 0.1024451288754117, 'w_mom': 1.0600723839016921, 'w_vwap': 1.4524988420887663, 'w_orb': 1.3196615518928512, 'w_ofi': 1.6492002583226832, 'w_vol': 1.4030540790284232, 'win_boll': 25, 'win_rsi': 9, 'win_mom': 8, 'win_vwap': 15, 'orb_opening_bars': 50, 'vol_window': 12}. Best is trial 31 with value: 0.11199999999999999.
Trial 36: ACCEPT (degrade 0.0%) - Eval: -0.022%, Val: 0.076%
[I 2025-10-25 04:28:32,254] Trial 36 finished with value: -0.02200000000000001 and parameters: {'w_boll': 0.4189674865099643, 'w_rsi': 0.26140254121812617, 'w_mom': 1.7587073507818047, 'w_vwap': 1.1889103987369931, 'w_orb': 1.6700299964455003, 'w_ofi': 1.8542490386928792, 'w_vol': 1.075026311155669, 'win_boll': 23, 'win_rsi': 7, 'win_mom': 5, 'win_vwap': 23, 'orb_opening_bars': 45, 'vol_window': 19}. Best is trial 31 with value: 0.11199999999999999.
Trial 37: ACCEPT (degrade 0.0%) - Eval: -0.386%, Val: -0.029%
