[I 2025-10-25 04:52:27,120] Trial 1908 finished with value: -0.18 and parameters: {'w_boll': 0.1408049560457516, 'w_rsi': 0.10261448660757864, 'w_mom': 1.4499641114027464, 'w_vwap': 0.9682981179707246, 'w_orb': 1.8809447105796362, 'w_ofi': 0.7108782342152176, 'w_vol': 0.9676490723091954, 'win_boll': 19, 'win_rsi': 6, 'win_mom': 6, 'win_vwap': 37, 'orb_opening_bars': 26, 'vol_window': 16}. Best is trial 868 with value: 0.384.
Trial 1909: ACCEPT (degrade -99.2%) - Eval: 0.260%, Val: 0.518%
[I 2025-10-25 04:52:27,870] Trial 1909 finished with value: 0.25999999999999995 and parameters: {'w_boll': 0.13840483101627, 'w_rsi': 0.543846688104217, 'w_mom': 1.4940668746202976, 'w_vwap': 1.082095632175675, 'w_orb': 1.8756945856682883, 'w_ofi': 0.7745718642064869, 'w_vol': 1.0329830568539127, 'win_boll': 20, 'win_rsi': 7, 'win_mom': 6, 'win_vwap': 39, 'orb_opening_bars': 30, 'vol_window': 16}. Best is trial 868 with value: 0.384.
Trial 1910: ACCEPT (degrade 0.0%) - Eval: -0.012%, Val: 0.161%
[I 2025-10-25 04:52:28,631] Trial 1910 finished with value: -0.012 and parameters: {'w_boll': 0.2527785484094084, 'w_rsi': 0.5996693739866563, 'w_mom': 1.2620301326083823, 'w_vwap': 1.0903738436446402, 'w_orb': 1.9156756757582276, 'w_ofi': 0.7349055410124847, 'w_vol': 0.981675473682716, 'win_boll': 18, 'win_rsi': 5, 'win_mom': 6, 'win_vwap': 38, 'orb_opening_bars': 28, 'vol_window': 17}. Best is trial 868 with value: 0.384.Best trial: 868. Best value: 0.384:  96%|█████████▋| 1927/2000 [24:38<00:55,  1.32it/s]Best trial: 868. Best value: 0.384:  96%|█████████▋| 1927/2000 [24:38<00:55,  1.32it/s]Best trial: 868. Best value: 0.384:  96%|█████████▋| 1928/2000 [24:38<00:54,  1.32it/s]                                                                                       Best trial: 868. Best value: 0.384:  96%|█████████▋| 1928/2000 [24:39<00:54,  1.32it/s]Best trial: 868. Best value: 0.384:  96%|█████████▋| 1928/2000 [24:39<00:54,  1.32it/s]Best trial: 868. Best value: 0.384:  96%|█████████▋| 1929/2000 [24:39<00:54,  1.30it/s]                                                                                       Best trial: 868. Best value: 0.384:  96%|█████████▋| 1929/2000 [24:39<00:54,  1.30it/s]Best trial: 868. Best value: 0.384:  96%|█████████▋| 1929/2000 [24:39<00:54,  1.30it/s]Best trial: 868. Best value: 0.384:  96%|█████████▋| 1930/2000 [24:39<00:54,  1.30it/s]                                                                                       Best trial: 868. Best value: 0.384:  96%|█████████▋| 1930/2000 [24:40<00:54,  1.30it/s]Best trial: 868. Best value: 0.384:  96%|█████████▋| 1930/2000 [24:40<00:54,  1.30it/s]Best trial: 868. Best value: 0.384:  97%|█████████▋| 1931/2000 [24:40<00:52,  1.31it/s]                                                                                       Best trial: 868. Best value: 0.384:  97%|█████████▋| 1931/2000 [24:41<00:52,  1.31it/s]Best trial: 868. Best value: 0.384:  97%|█████████▋| 1931/2000 [24:41<00:52,  1.31it/s]Best trial: 868. Best value: 0.384:  97%|█████████▋| 1932/2000 [24:41<00:51,  1.31it/s]                                                                                       Best trial: 868. Best value: 0.384:  97%|█████████▋| 1932/2000 [24:42<00:51,  1.31it/s]Best trial: 868. Best value: 0.384:  97%|█████████▋| 1932/2000 [24:42<00:51,  1.31it/s]Best trial: 868. Best value: 0.384:  97%|█████████▋| 1933/2000 [24:42<00:52,  1.29it/s]                                                                                       Best trial: 868. Best value: 0.384:  97%|█████████▋| 1933/2000 [24:42<00:52,  1.29it/s]Best trial: 868. Best value: 0.384:  97%|█████████▋| 1933/2000 [24:42<00:52,  1.29it/s]Best trial: 868. Best value: 0.384:  97%|█████████▋| 1934/2000 [24:42<00:51,  1.28it/s]                                                                                       Best trial: 868. Best value: 0.384:  97%|█████████▋| 1934/2000 [24:43<00:51,  1.28it/s]Best trial: 868. Best value: 0.384:  97%|█████████▋| 1934/2000 [24:43<00:51,  1.28it/s]Best trial: 868. Best value: 0.384:  97%|█████████▋| 1935/2000 [24:43<00:51,  1.26it/s]                                                                                       Best trial: 868. Best value: 0.384:  97%|█████████▋| 1935/2000 [24:44<00:51,  1.26it/s]Best trial: 868. Best value: 0.384:  97%|█████████▋| 1935/2000 [24:44<00:51,  1.26it/s]Best trial: 868. Best value: 0.384:  97%|█████████▋| 1936/2000 [24:44<00:49,  1.29it/s]                                                                                       Best trial: 868. Best value: 0.384:  97%|█████████▋| 1936/2000 [24:45<00:49,  1.29it/s]Best trial: 868. Best value: 0.384:  97%|█████████▋| 1936/2000 [24:45<00:49,  1.29it/s]Best trial: 868. Best value: 0.384:  97%|█████████▋| 1937/2000 [24:45<00:48,  1.30it/s]                                                                                       Best trial: 868. Best value: 0.384:  97%|█████████▋| 1937/2000 [24:46<00:48,  1.30it/s]Best trial: 868. Best value: 0.384:  97%|█████████▋| 1937/2000 [24:46<00:48,  1.30it/s]Best trial: 868. Best value: 0.384:  97%|█████████▋| 1938/2000 [24:46<00:47,  1.30it/s]                                                                                       Best trial: 868. Best value: 0.384:  97%|█████████▋| 1938/2000 [24:46<00:47,  1.30it/s]Best trial: 868. Best value: 0.384:  97%|█████████▋| 1938/2000 [24:46<00:47,  1.30it/s]Best trial: 868. Best value: 0.384:  97%|█████████▋| 1939/2000 [24:46<00:46,  1.31it/s]                                                                                       Best trial: 868. Best value: 0.384:  97%|█████████▋| 1939/2000 [24:47<00:46,  1.31it/s]Best trial: 868. Best value: 0.384:  97%|█████████▋| 1939/2000 [24:47<00:46,  1.31it/s]Best trial: 868. Best value: 0.384:  97%|█████████▋| 1940/2000 [24:47<00:45,  1.32it/s]                                                                                       Best trial: 868. Best value: 0.384:  97%|█████████▋| 1940/2000 [24:48<00:45,  1.32it/s]Best trial: 868. Best value: 0.384:  97%|█████████▋| 1940/2000 [24:48<00:45,  1.32it/s]Best trial: 868. Best value: 0.384:  97%|█████████▋| 1941/2000 [24:48<00:44,  1.32it/s]                                                                                       Best trial: 868. Best value: 0.384:  97%|█████████▋| 1941/2000 [24:49<00:44,  1.32it/s]Best trial: 868. Best value: 0.384:  97%|█████████▋| 1941/2000 [24:49<00:44,  1.32it/s]Best trial: 868. Best value: 0.384:  97%|█████████▋| 1942/2000 [24:49<00:44,  1.30it/s]                                                                                       Best trial: 868. Best value: 0.384:  97%|█████████▋| 1942/2000 [24:49<00:44,  1.30it/s]Best trial: 868. Best value: 0.384:  97%|█████████▋| 1942/2000 [24:49<00:44,  1.30it/s]Best trial: 868. Best value: 0.384:  97%|█████████▋| 1943/2000 [24:49<00:44,  1.28it/s]                                                                                       Best trial: 868. Best value: 0.384:  97%|█████████▋| 1943/2000 [24:50<00:44,  1.28it/s]Best trial: 868. Best value: 0.384:  97%|█████████▋| 1943/2000 [24:50<00:44,  1.28it/s]Best trial: 868. Best value: 0.384:  97%|█████████▋| 1944/2000 [24:50<00:42,  1.31it/s]                                                                                       
Trial 1911: ACCEPT (degrade 0.0%) - Eval: -0.114%, Val: 0.250%
[I 2025-10-25 04:52:29,380] Trial 1911 finished with value: -0.11400000000000002 and parameters: {'w_boll': 0.1480412954892476, 'w_rsi': 0.39033920905593644, 'w_mom': 1.4775094115883338, 'w_vwap': 1.186631143527198, 'w_orb': 1.937709253157441, 'w_ofi': 0.8436157670801525, 'w_vol': 1.0104264924017303, 'win_boll': 21, 'win_rsi': 8, 'win_mom': 6, 'win_vwap': 37, 'orb_opening_bars': 27, 'vol_window': 17}. Best is trial 868 with value: 0.384.
Trial 1912: ACCEPT (degrade -200.0%) - Eval: 0.104%, Val: 0.312%
[I 2025-10-25 04:52:30,241] Trial 1912 finished with value: 0.10400000000000001 and parameters: {'w_boll': 0.13214145017881232, 'w_rsi': 0.5750103795566304, 'w_mom': 1.3719611292319753, 'w_vwap': 1.1039505613583092, 'w_orb': 1.8914237351656706, 'w_ofi': 0.7574442540299405, 'w_vol': 0.9531515100029605, 'win_boll': 21, 'win_rsi': 6, 'win_mom': 6, 'win_vwap': 40, 'orb_opening_bars': 25, 'vol_window': 17}. Best is trial 868 with value: 0.384.
Trial 1913: ACCEPT (degrade 0.0%) - Eval: -0.040%, Val: 0.351%
[I 2025-10-25 04:52:30,969] Trial 1913 finished with value: -0.03999999999999999 and parameters: {'w_boll': 0.21220107855751502, 'w_rsi': 0.42645393965561573, 'w_mom': 1.3134204955762558, 'w_vwap': 1.1143310221465903, 'w_orb': 1.8663934967779894, 'w_ofi': 0.7070119303827183, 'w_vol': 0.8726335291595555, 'win_boll': 21, 'win_rsi': 7, 'win_mom': 6, 'win_vwap': 41, 'orb_opening_bars': 29, 'vol_window': 15}. Best is trial 868 with value: 0.384.
Trial 1914: ACCEPT (degrade 0.0%) - Eval: -0.072%, Val: 0.083%
[I 2025-10-25 04:52:31,726] Trial 1914 finished with value: -0.072 and parameters: {'w_boll': 0.10052564050607046, 'w_rsi': 0.5555182696467881, 'w_mom': 1.26706850160315, 'w_vwap': 1.1356877922478132, 'w_orb': 1.9360611420625649, 'w_ofi': 0.8188343595803111, 'w_vol': 1.0862393982969982, 'win_boll': 21, 'win_rsi': 5, 'win_mom': 6, 'win_vwap': 37, 'orb_opening_bars': 25, 'vol_window': 15}. Best is trial 868 with value: 0.384.
Trial 1915: ACCEPT (degrade -1192.3%) - Eval: 0.026%, Val: 0.336%
[I 2025-10-25 04:52:32,476] Trial 1915 finished with value: 0.026000000000000002 and parameters: {'w_boll': 0.18221659585339386, 'w_rsi': 0.37753251983690506, 'w_mom': 1.3420315170991095, 'w_vwap': 0.9950383924520725, 'w_orb': 1.9024791040818307, 'w_ofi': 0.7254144403502135, 'w_vol': 1.0385727163485503, 'win_boll': 24, 'win_rsi': 6, 'win_mom': 6, 'win_vwap': 39, 'orb_opening_bars': 26, 'vol_window': 17}. Best is trial 868 with value: 0.384.
Trial 1916: ACCEPT (degrade -58.9%) - Eval: 0.168%, Val: 0.267%
[I 2025-10-25 04:52:33,261] Trial 1916 finished with value: 0.16799999999999998 and parameters: {'w_boll': 0.2521283163349123, 'w_rsi': 0.5832493648953034, 'w_mom': 1.5892898373455127, 'w_vwap': 1.1625138431936608, 'w_orb': 1.8575942263570513, 'w_ofi': 0.7944470467219774, 'w_vol': 1.0361214328942085, 'win_boll': 22, 'win_rsi': 7, 'win_mom': 6, 'win_vwap': 37, 'orb_opening_bars': 28, 'vol_window': 49}. Best is trial 868 with value: 0.384.
Trial 1917: ACCEPT (degrade -625.6%) - Eval: 0.082%, Val: 0.595%
[I 2025-10-25 04:52:34,001] Trial 1917 finished with value: 0.08199999999999999 and parameters: {'w_boll': 0.1938477541159171, 'w_rsi': 0.4812072125147203, 'w_mom': 1.420032617353888, 'w_vwap': 1.0910722391469676, 'w_orb': 1.9417016084488303, 'w_ofi': 0.8009265375066547, 'w_vol': 0.9920014080424453, 'win_boll': 22, 'win_rsi': 5, 'win_mom': 6, 'win_vwap': 38, 'orb_opening_bars': 24, 'vol_window': 16}. Best is trial 868 with value: 0.384.
Trial 1918: ACCEPT (degrade 0.0%) - Eval: -0.008%, Val: 0.418%
[I 2025-10-25 04:52:34,765] Trial 1918 finished with value: -0.008000000000000012 and parameters: {'w_boll': 0.2305057138355318, 'w_rsi': 0.7382875359374625, 'w_mom': 1.53206285285458, 'w_vwap': 1.0578885520962367, 'w_orb': 1.9589977240194258, 'w_ofi': 0.6358214215518372, 'w_vol': 1.0781292067735084, 'win_boll': 21, 'win_rsi': 8, 'win_mom': 6, 'win_vwap': 39, 'orb_opening_bars': 29, 'vol_window': 16}. Best is trial 868 with value: 0.384.
Trial 1919: ACCEPT (degrade -96.5%) - Eval: 0.142%, Val: 0.279%
[I 2025-10-25 04:52:35,517] Trial 1919 finished with value: 0.142 and parameters: {'w_boll': 0.2663202582058481, 'w_rsi': 0.42613430933202084, 'w_mom': 1.3840888838848928, 'w_vwap': 0.9883510485294627, 'w_orb': 1.9008441913465766, 'w_ofi': 0.7630179677265744, 'w_vol': 1.0135135958846346, 'win_boll': 20, 'win_rsi': 6, 'win_mom': 6, 'win_vwap': 38, 'orb_opening_bars': 22, 'vol_window': 10}. Best is trial 868 with value: 0.384.
Trial 1920: ACCEPT (degrade -120.6%) - Eval: 0.102%, Val: 0.225%
[I 2025-10-25 04:52:36,316] Trial 1920 finished with value: 0.10200000000000002 and parameters: {'w_boll': 0.24864696608374048, 'w_rsi': 0.37749689735602715, 'w_mom': 1.324856709535006, 'w_vwap': 1.0232803801770307, 'w_orb': 1.859478103588376, 'w_ofi': 0.6795644114494407, 'w_vol': 0.8866071327589055, 'win_boll': 22, 'win_rsi': 7, 'win_mom': 6, 'win_vwap': 28, 'orb_opening_bars': 30, 'vol_window': 15}. Best is trial 868 with value: 0.384.
Trial 1921: ACCEPT (degrade 0.0%) - Eval: -0.050%, Val: 0.285%
[I 2025-10-25 04:52:37,101] Trial 1921 finished with value: -0.05 and parameters: {'w_boll': 0.17038291028313637, 'w_rsi': 0.46158099280418563, 'w_mom': 0.6557495352611057, 'w_vwap': 1.1380809745747955, 'w_orb': 1.9063156406200505, 'w_ofi': 0.7393378347519826, 'w_vol': 0.9346149016148448, 'win_boll': 22, 'win_rsi': 6, 'win_mom': 6, 'win_vwap': 38, 'orb_opening_bars': 27, 'vol_window': 10}. Best is trial 868 with value: 0.384.
Trial 1922: ACCEPT (degrade -110.3%) - Eval: 0.136%, Val: 0.286%
[I 2025-10-25 04:52:37,831] Trial 1922 finished with value: 0.13599999999999998 and parameters: {'w_boll': 0.10389886568140014, 'w_rsi': 0.6059208961770666, 'w_mom': 1.2616033255347985, 'w_vwap': 1.0301838083311652, 'w_orb': 1.9689291537094245, 'w_ofi': 0.7689578344710474, 'w_vol': 0.9808467773394842, 'win_boll': 20, 'win_rsi': 5, 'win_mom': 6, 'win_vwap': 38, 'orb_opening_bars': 28, 'vol_window': 12}. Best is trial 868 with value: 0.384.
Trial 1923: ACCEPT (degrade 0.0%) - Eval: -0.040%, Val: 0.329%
[I 2025-10-25 04:52:38,584] Trial 1923 finished with value: -0.039999999999999994 and parameters: {'w_boll': 0.20892835145271854, 'w_rsi': 0.968865890465832, 'w_mom': 1.4418552847370962, 'w_vwap': 1.047488382163276, 'w_orb': 1.93368266393828, 'w_ofi': 0.8725694495221676, 'w_vol': 0.9777209427714352, 'win_boll': 22, 'win_rsi': 8, 'win_mom': 6, 'win_vwap': 38, 'orb_opening_bars': 26, 'vol_window': 10}. Best is trial 868 with value: 0.384.
Trial 1924: ACCEPT (degrade 0.0%) - Eval: -0.100%, Val: 0.368%
[I 2025-10-25 04:52:39,387] Trial 1924 finished with value: -0.09999999999999999 and parameters: {'w_boll': 0.14383359636914722, 'w_rsi': 0.5308983702850114, 'w_mom': 1.2928908465775182, 'w_vwap': 1.012587683177296, 'w_orb': 1.1763081238843838, 'w_ofi': 0.7377057440222076, 'w_vol': 0.9327655715894545, 'win_boll': 22, 'win_rsi': 7, 'win_mom': 6, 'win_vwap': 26, 'orb_opening_bars': 30, 'vol_window': 15}. Best is trial 868 with value: 0.384.
Trial 1925: ACCEPT (degrade -645.2%) - Eval: 0.042%, Val: 0.313%
[I 2025-10-25 04:52:40,151] Trial 1925 finished with value: 0.04199999999999998 and parameters: {'w_boll': 0.2567859483553591, 'w_rsi': 0.4130345195836021, 'w_mom': 1.3682729977072459, 'w_vwap': 1.0356837390048894, 'w_orb': 1.8470119516717025, 'w_ofi': 0.6816484994757562, 'w_vol': 0.9156235986602468, 'win_boll': 23, 'win_rsi': 6, 'win_mom': 6, 'win_vwap': 39, 'orb_opening_bars': 27, 'vol_window': 12}. Best is trial 868 with value: 0.384.
Trial 1926: ACCEPT (degrade -1520.0%) - Eval: 0.010%, Val: 0.162%
[I 2025-10-25 04:52:40,887] Trial 1926 finished with value: 0.01 and parameters: {'w_boll': 0.2036567206912564, 'w_rsi': 0.47157004081548104, 'w_mom': 1.3387198952086035, 'w_vwap': 1.0089466187194407, 'w_orb': 1.8984471186431788, 'w_ofi': 0.6181773907267657, 'w_vol': 0.8433975317082893, 'win_boll': 22, 'win_rsi': 5, 'win_mom': 6, 'win_vwap': 37, 'orb_opening_bars': 29, 'vol_window': 11}. Best is trial 868 with value: 0.384.
Trial 1927: ACCEPT (degrade 0.0%) - Eval: -0.248%, Val: -0.085%
