[I 2025-10-25 04:38:25,109] Trial 813 finished with value: 0.274 and parameters: {'w_boll': 0.29415374425051866, 'w_rsi': 0.36485493599329855, 'w_mom': 1.2031722474269815, 'w_vwap': 0.7656475163966229, 'w_orb': 1.9245269333781407, 'w_ofi': 1.774386728838076, 'w_vol': 1.8452930701132506, 'win_boll': 14, 'win_rsi': 6, 'win_mom': 8, 'win_vwap': 16, 'orb_opening_bars': 50, 'vol_window': 22}. Best is trial 112 with value: 0.33399999999999996.
Trial 814: ACCEPT (degrade 0.0%) - Eval: -0.160%, Val: 0.153%
[I 2025-10-25 04:38:25,838] Trial 814 finished with value: -0.15999999999999998 and parameters: {'w_boll': 0.18802502968567408, 'w_rsi': 0.3859120786646399, 'w_mom': 1.2082903309650637, 'w_vwap': 0.8091891715591175, 'w_orb': 1.929790968029235, 'w_ofi': 0.8393077042121561, 'w_vol': 1.8286503166093844, 'win_boll': 12, 'win_rsi': 7, 'win_mom': 10, 'win_vwap': 14, 'orb_opening_bars': 50, 'vol_window': 23}. Best is trial 112 with value: 0.33399999999999996.
Trial 815: ACCEPT (degrade -76.7%) - Eval: 0.172%, Val: 0.304%
[I 2025-10-25 04:38:26,586] Trial 815 finished with value: 0.172 and parameters: {'w_boll': 0.31784871570122364, 'w_rsi': 0.42094287962564114, 'w_mom': 1.2343223132303978, 'w_vwap': 0.6972539545597953, 'w_orb': 1.9335415160771543, 'w_ofi': 1.7872984940934908, 'w_vol': 1.8399397248816998, 'win_boll': 15, 'win_rsi': 7, 'win_mom': 8, 'win_vwap': 14, 'orb_opening_bars': 50, 'vol_window': 12}. Best is trial 112 with value: 0.33399999999999996.
Trial 816: ACCEPT (degrade 0.0%) - Eval: -0.244%, Val: 0.102%
[I 2025-10-25 04:38:27,332] Trial 816 finished with value: -0.24400000000000005 and parameters: {'w_boll': 0.29349706334511994, 'w_rsi': 0.4712086267780467, 'w_mom': 1.1899252907361013, 'w_vwap': 0.7795249826350122, 'w_orb': 1.9312515848509944, 'w_ofi': 1.7803073604440791, 'w_vol': 1.8114730878797205, 'win_boll': 14, 'win_rsi': 21, 'win_mom': 3, 'win_vwap': 16, 'orb_opening_bars': 50, 'vol_window': 21}. Best is trial 112 with value: 0.33399999999999996.
Trial 817: ACCEPT (degrade 0.0%) - Eval: -0.094%, Val: 0.044%
[I 2025-10-25 04:38:28,115] Trial 817 finished with value: -0.09400000000000001 and parameters: {'w_boll': 0.23578227963663784, 'w_rsi': 1.8424891768071725, 'w_mom': 1.2437087451379378, 'w_vwap': 0.6434459206254113, 'w_orb': 1.5076995695450655, 'w_ofi': 1.7621157993214647, 'w_vol': 1.8613262729269353, 'win_boll': 16, 'win_rsi': 6, 'win_mom': 5, 'win_vwap': 13, 'orb_opening_bars': 50, 'vol_window': 13}. Best is trial 112 with value: 0.33399999999999996.
Trial 818: ACCEPT (degrade -260.0%) - Eval: 0.010%, Val: 0.036%
[I 2025-10-25 04:38:28,842] Trial 818 finished with value: 0.01000000000000001 and parameters: {'w_boll': 0.2821407995298838, 'w_rsi': 0.38008418782249664, 'w_mom': 1.2561627870210716, 'w_vwap': 0.8342326908091604, 'w_orb': 1.9036773532218227, 'w_ofi': 1.7429128660697875, 'w_vol': 1.799684633474951, 'win_boll': 12, 'win_rsi': 5, 'win_mom': 8, 'win_vwap': 12, 'orb_opening_bars': 49, 'vol_window': 12}. Best is trial 112 with value: 0.33399999999999996.
Trial 819: ACCEPT (degrade -448.4%) - Eval: 0.062%, Val: 0.340%
[I 2025-10-25 04:38:29,602] Trial 819 finished with value: 0.06200000000000002 and parameters: {'w_boll': 0.3017958532930182, 'w_rsi': 0.43561712598260804, 'w_mom': 1.1820348446831, 'w_vwap': 0.7376228822296127, 'w_orb': 1.967216947904491, 'w_ofi': 0.9110561350556918, 'w_vol': 1.845085950527868, 'win_boll': 13, 'win_rsi': 6, 'win_mom': 3, 'win_vwap': 14, 'orb_opening_bars': 44, 'vol_window': 11}. Best is trial 112 with value: 0.33399999999999996.
Trial 820: ACCEPT (degrade 0.0%) - Eval: -0.272%, Val: 0.174%
[I 2025-10-25 04:38:31,161] Trial 820 finished with value: -0.27199999999999996 and parameters: {'w_boll': 0.2746500462760732, 'w_rsi': 0.582754132501772, 'w_mom': 1.206972131234808, 'w_vwap': 0.6835019506889242, 'w_orb': 1.6580232184299415, 'w_ofi': 1.0635637857408111, 'w_vol': 1.8718282366998928, 'win_boll': 16, 'win_rsi': 7, 'win_mom': 8, 'win_vwap': 13, 'orb_opening_bars': 45, 'vol_window': 19}. Best is trial 112 with value: 0.33399999999999996.
Trial 821: ACCEPT (degrade -165.9%) - Eval: 0.044%, Val: 0.117%
[I 2025-10-25 04:38:31,883] Trial 821 finished with value: 0.044000000000000004 and parameters: {'w_boll': 0.25909942660821017, 'w_rsi': 1.0078772587872649, 'w_mom': 1.1878299427773376, 'w_vwap': 0.7661446614564198, 'w_orb': 1.932928426213814, 'w_ofi': 0.4588195332873392, 'w_vol': 1.8109799134300955, 'win_boll': 12, 'win_rsi': 6, 'win_mom': 9, 'win_vwap': 18, 'orb_opening_bars': 49, 'vol_window': 11}. Best is trial 112 with value: 0.33399999999999996.
Trial 822: ACCEPT (degrade -550.0%) - Eval: 0.018%, Val: 0.117%
[I 2025-10-25 04:38:32,640] Trial 822 finished with value: 0.018000000000000023 and parameters: {'w_boll': 0.33421105954580504, 'w_rsi': 0.3481362082441095, 'w_mom': 1.2442791786014584, 'w_vwap': 0.8894915077704899, 'w_orb': 1.9991334557916687, 'w_ofi': 1.2367342835710449, 'w_vol': 1.7932779230055316, 'win_boll': 14, 'win_rsi': 5, 'win_mom': 3, 'win_vwap': 12, 'orb_opening_bars': 50, 'vol_window': 22}. Best is trial 112 with value: 0.33399999999999996.
Trial 823: REJECT (overfit 111.1%) - Eval: 0.108%, Val: -0.012%
[I 2025-10-25 04:38:33,390] Trial 823 finished with value: -999.0 and parameters: {'w_boll': 0.24772166627458359, 'w_rsi': 0.4965596592413086, 'w_mom': 1.2670084483928754, 'w_vwap': 0.6578689530609911, 'w_orb': 1.9039066270457043, 'w_ofi': 1.7260823858787862, 'w_vol': 1.8795593531825838, 'win_boll': 22, 'win_rsi': 7, 'win_mom': 3, 'win_vwap': 33, 'orb_opening_bars': 41, 'vol_window': 13}. Best is trial 112 with value: 0.33399999999999996.
Trial 824: ACCEPT (degrade -2783.3%) - Eval: 0.006%, Val: 0.173%
[I 2025-10-25 04:38:34,141] Trial 824 finished with value: 0.006000000000000005 and parameters: {'w_boll': 0.18726264653015953, 'w_rsi': 0.39343949204551043, 'w_mom': 1.1428330985231694, 'w_vwap': 0.7268687282278613, 'w_orb': 1.7174356518939078, 'w_ofi': 0.8675828058292097, 'w_vol': 1.8510288600716822, 'win_boll': 17, 'win_rsi': 5, 'win_mom': 4, 'win_vwap': 15, 'orb_opening_bars': 25, 'vol_window': 12}. Best is trial 112 with value: 0.33399999999999996.
Trial 825: REJECT (overfit 114.4%) - Eval: 0.208%, Val: -0.030%                                                                                      Best trial: 112. Best value: 0.334:  42%|████▏     | 841/2000 [10:43<14:40,  1.32it/s]Best trial: 112. Best value: 0.334:  42%|████▏     | 841/2000 [10:43<14:40,  1.32it/s]Best trial: 112. Best value: 0.334:  42%|████▏     | 842/2000 [10:43<14:44,  1.31it/s]                                                                                      Best trial: 112. Best value: 0.334:  42%|████▏     | 842/2000 [10:44<14:44,  1.31it/s]Best trial: 112. Best value: 0.334:  42%|████▏     | 842/2000 [10:44<14:44,  1.31it/s]Best trial: 112. Best value: 0.334:  42%|████▏     | 843/2000 [10:44<14:45,  1.31it/s]                                                                                      Best trial: 112. Best value: 0.334:  42%|████▏     | 843/2000 [10:45<14:45,  1.31it/s]Best trial: 112. Best value: 0.334:  42%|████▏     | 843/2000 [10:45<14:45,  1.31it/s]Best trial: 112. Best value: 0.334:  42%|████▏     | 844/2000 [10:45<14:55,  1.29it/s]                                                                                      Best trial: 112. Best value: 0.334:  42%|████▏     | 844/2000 [10:45<14:55,  1.29it/s]Best trial: 112. Best value: 0.334:  42%|████▏     | 844/2000 [10:45<14:55,  1.29it/s]Best trial: 112. Best value: 0.334:  42%|████▏     | 845/2000 [10:45<14:44,  1.31it/s]                                                                                      Best trial: 112. Best value: 0.334:  42%|████▏     | 845/2000 [10:46<14:44,  1.31it/s]Best trial: 112. Best value: 0.334:  42%|████▏     | 845/2000 [10:46<14:44,  1.31it/s]Best trial: 112. Best value: 0.334:  42%|████▏     | 846/2000 [10:46<14:39,  1.31it/s]                                                                                      Best trial: 112. Best value: 0.334:  42%|████▏     | 846/2000 [10:47<14:39,  1.31it/s]Best trial: 112. Best value: 0.334:  42%|████▏     | 846/2000 [10:47<14:39,  1.31it/s]Best trial: 112. Best value: 0.334:  42%|████▏     | 847/2000 [10:47<14:26,  1.33it/s]                                                                                      Best trial: 112. Best value: 0.334:  42%|████▏     | 847/2000 [10:48<14:26,  1.33it/s]Best trial: 112. Best value: 0.334:  42%|████▏     | 847/2000 [10:48<14:26,  1.33it/s]Best trial: 112. Best value: 0.334:  42%|████▏     | 848/2000 [10:48<14:32,  1.32it/s]                                                                                      Best trial: 112. Best value: 0.334:  42%|████▏     | 848/2000 [10:48<14:32,  1.32it/s]Best trial: 112. Best value: 0.334:  42%|████▏     | 848/2000 [10:48<14:32,  1.32it/s]Best trial: 112. Best value: 0.334:  42%|████▏     | 849/2000 [10:48<14:31,  1.32it/s]                                                                                      Best trial: 112. Best value: 0.334:  42%|████▏     | 849/2000 [10:49<14:31,  1.32it/s]Best trial: 112. Best value: 0.334:  42%|████▏     | 849/2000 [10:49<14:31,  1.32it/s]Best trial: 112. Best value: 0.334:  42%|████▎     | 850/2000 [10:49<14:26,  1.33it/s]                                                                                      Best trial: 112. Best value: 0.334:  42%|████▎     | 850/2000 [10:50<14:26,  1.33it/s]Best trial: 112. Best value: 0.334:  42%|████▎     | 850/2000 [10:50<14:26,  1.33it/s]Best trial: 112. Best value: 0.334:  43%|████▎     | 851/2000 [10:50<14:29,  1.32it/s]                                                                                      Best trial: 112. Best value: 0.334:  43%|████▎     | 851/2000 [10:51<14:29,  1.32it/s]Best trial: 112. Best value: 0.334:  43%|████▎     | 851/2000 [10:51<14:29,  1.32it/s]Best trial: 112. Best value: 0.334:  43%|████▎     | 852/2000 [10:51<14:28,  1.32it/s]                                                                                      Best trial: 112. Best value: 0.334:  43%|████▎     | 852/2000 [10:52<14:28,  1.32it/s]Best trial: 112. Best value: 0.334:  43%|████▎     | 852/2000 [10:52<14:28,  1.32it/s]Best trial: 112. Best value: 0.334:  43%|████▎     | 853/2000 [10:52<14:27,  1.32it/s]                                                                                      Best trial: 112. Best value: 0.334:  43%|████▎     | 853/2000 [10:52<14:27,  1.32it/s]Best trial: 112. Best value: 0.334:  43%|████▎     | 853/2000 [10:52<14:27,  1.32it/s]Best trial: 112. Best value: 0.334:  43%|████▎     | 854/2000 [10:52<14:22,  1.33it/s]                                                                                      Best trial: 112. Best value: 0.334:  43%|████▎     | 854/2000 [10:53<14:22,  1.33it/s]Best trial: 112. Best value: 0.334:  43%|████▎     | 854/2000 [10:53<14:22,  1.33it/s]Best trial: 112. Best value: 0.334:  43%|████▎     | 855/2000 [10:53<14:25,  1.32it/s]                                                                                      Best trial: 112. Best value: 0.334:  43%|████▎     | 855/2000 [10:54<14:25,  1.32it/s]Best trial: 112. Best value: 0.334:  43%|████▎     | 855/2000 [10:54<14:25,  1.32it/s]Best trial: 112. Best value: 0.334:  43%|████▎     | 856/2000 [10:54<14:22,  1.33it/s]                                                                                      Best trial: 112. Best value: 0.334:  43%|████▎     | 856/2000 [10:55<14:22,  1.33it/s]Best trial: 112. Best value: 0.334:  43%|████▎     | 856/2000 [10:55<14:22,  1.33it/s]Best trial: 112. Best value: 0.334:  43%|████▎     | 857/2000 [10:55<14:24,  1.32it/s]
[I 2025-10-25 04:38:34,910] Trial 825 finished with value: -999.0 and parameters: {'w_boll': 0.35519602450127785, 'w_rsi': 0.533359706628154, 'w_mom': 1.0977671163215637, 'w_vwap': 0.7968901626626783, 'w_orb': 1.9463133009566531, 'w_ofi': 1.1327037293142115, 'w_vol': 1.8232854918844676, 'win_boll': 15, 'win_rsi': 6, 'win_mom': 5, 'win_vwap': 12, 'orb_opening_bars': 48, 'vol_window': 10}. Best is trial 112 with value: 0.33399999999999996.
Trial 826: ACCEPT (degrade 0.0%) - Eval: -0.054%, Val: 0.099%
[I 2025-10-25 04:38:35,660] Trial 826 finished with value: -0.054000000000000006 and parameters: {'w_boll': 1.1570423662566645, 'w_rsi': 0.6403257291226169, 'w_mom': 1.0444820126026977, 'w_vwap': 0.6962530490973844, 'w_orb': 1.8861193091871706, 'w_ofi': 1.9562393211145357, 'w_vol': 1.245809986937914, 'win_boll': 14, 'win_rsi': 7, 'win_mom': 9, 'win_vwap': 10, 'orb_opening_bars': 47, 'vol_window': 11}. Best is trial 112 with value: 0.33399999999999996.
Trial 827: REJECT (overfit 62.0%) - Eval: 0.142%, Val: 0.054%
[I 2025-10-25 04:38:36,416] Trial 827 finished with value: -999.0 and parameters: {'w_boll': 0.30276379268290654, 'w_rsi': 0.454013028451628, 'w_mom': 1.1443475277857642, 'w_vwap': 0.6217616008965178, 'w_orb': 1.9668311884307341, 'w_ofi': 1.9268579734604767, 'w_vol': 1.8910382376899573, 'win_boll': 13, 'win_rsi': 6, 'win_mom': 3, 'win_vwap': 11, 'orb_opening_bars': 46, 'vol_window': 13}. Best is trial 112 with value: 0.33399999999999996.
Trial 828: ACCEPT (degrade -65.9%) - Eval: 0.126%, Val: 0.209%
[I 2025-10-25 04:38:37,162] Trial 828 finished with value: 0.126 and parameters: {'w_boll': 0.37339620595673473, 'w_rsi': 0.4145735098161987, 'w_mom': 1.2833093947696652, 'w_vwap': 0.7654120082064332, 'w_orb': 1.9257277353007975, 'w_ofi': 0.4175401422819791, 'w_vol': 1.7893359002711753, 'win_boll': 21, 'win_rsi': 8, 'win_mom': 4, 'win_vwap': 13, 'orb_opening_bars': 49, 'vol_window': 10}. Best is trial 112 with value: 0.33399999999999996.
Trial 829: ACCEPT (degrade 0.0%) - Eval: -0.134%, Val: 0.094%
[I 2025-10-25 04:38:37,934] Trial 829 finished with value: -0.134 and parameters: {'w_boll': 1.480017556233631, 'w_rsi': 0.3618396677819259, 'w_mom': 1.1600178298602883, 'w_vwap': 0.5946699269846564, 'w_orb': 1.7575279039319702, 'w_ofi': 1.9979418646574392, 'w_vol': 1.8265133367156046, 'win_boll': 12, 'win_rsi': 7, 'win_mom': 3, 'win_vwap': 14, 'orb_opening_bars': 48, 'vol_window': 12}. Best is trial 112 with value: 0.33399999999999996.
Trial 830: ACCEPT (degrade 0.0%) - Eval: -0.254%, Val: 0.227%
[I 2025-10-25 04:38:38,676] Trial 830 finished with value: -0.254 and parameters: {'w_boll': 0.33402259940307183, 'w_rsi': 0.3278694956929169, 'w_mom': 1.2266337799753972, 'w_vwap': 0.8283042253711208, 'w_orb': 1.629980473284892, 'w_ofi': 1.4170348173111513, 'w_vol': 1.88775212138277, 'win_boll': 14, 'win_rsi': 9, 'win_mom': 10, 'win_vwap': 16, 'orb_opening_bars': 50, 'vol_window': 11}. Best is trial 112 with value: 0.33399999999999996.
Trial 831: REJECT (overfit 92.0%) - Eval: 0.138%, Val: 0.011%
[I 2025-10-25 04:38:39,425] Trial 831 finished with value: -999.0 and parameters: {'w_boll': 0.374261094955668, 'w_rsi': 0.4726658201088696, 'w_mom': 0.9061869073200067, 'w_vwap': 0.6841858640166666, 'w_orb': 1.8466512915260844, 'w_ofi': 1.7512720039421752, 'w_vol': 1.777648461700653, 'win_boll': 15, 'win_rsi': 6, 'win_mom': 4, 'win_vwap': 12, 'orb_opening_bars': 46, 'vol_window': 10}. Best is trial 112 with value: 0.33399999999999996.
Trial 832: ACCEPT (degrade 0.0%) - Eval: -0.038%, Val: 0.116%
[I 2025-10-25 04:38:40,176] Trial 832 finished with value: -0.03799999999999999 and parameters: {'w_boll': 0.5517469357407067, 'w_rsi': 0.3857639177241576, 'w_mom': 0.13088006770759728, 'w_vwap': 0.728749894138664, 'w_orb': 1.9683657106955355, 'w_ofi': 0.8153366880697555, 'w_vol': 1.8613343467588717, 'win_boll': 48, 'win_rsi': 5, 'win_mom': 5, 'win_vwap': 11, 'orb_opening_bars': 48, 'vol_window': 12}. Best is trial 112 with value: 0.33399999999999996.
Trial 833: ACCEPT (degrade -280.8%) - Eval: 0.052%, Val: 0.198%
[I 2025-10-25 04:38:40,944] Trial 833 finished with value: 0.05199999999999997 and parameters: {'w_boll': 0.2271404034023644, 'w_rsi': 0.5232568949342961, 'w_mom': 0.9939887621535377, 'w_vwap': 0.6470699796199229, 'w_orb': 1.269640553277372, 'w_ofi': 1.8877370081101115, 'w_vol': 1.7315840139561305, 'win_boll': 13, 'win_rsi': 6, 'win_mom': 3, 'win_vwap': 10, 'orb_opening_bars': 49, 'vol_window': 12}. Best is trial 112 with value: 0.33399999999999996.
Trial 834: ACCEPT (degrade -402.5%) - Eval: 0.040%, Val: 0.201%
[I 2025-10-25 04:38:41,687] Trial 834 finished with value: 0.039999999999999994 and parameters: {'w_boll': 0.4001025140087201, 'w_rsi': 1.2356508491493137, 'w_mom': 1.3220464424901897, 'w_vwap': 0.6154583830713334, 'w_orb': 1.8004496744102907, 'w_ofi': 1.9202740730587444, 'w_vol': 1.911465819575047, 'win_boll': 11, 'win_rsi': 7, 'win_mom': 4, 'win_vwap': 13, 'orb_opening_bars': 47, 'vol_window': 11}. Best is trial 112 with value: 0.33399999999999996.
Trial 835: ACCEPT (degrade 0.0%) - Eval: -0.090%, Val: 0.130%
[I 2025-10-25 04:38:42,443] Trial 835 finished with value: -0.09000000000000004 and parameters: {'w_boll': 0.3130001822137827, 'w_rsi': 0.3551244302074559, 'w_mom': 0.1337882860441008, 'w_vwap': 0.6931117562522743, 'w_orb': 1.894116135179566, 'w_ofi': 1.8806728253258866, 'w_vol': 1.8329576507706824, 'win_boll': 15, 'win_rsi': 6, 'win_mom': 7, 'win_vwap': 15, 'orb_opening_bars': 50, 'vol_window': 22}. Best is trial 112 with value: 0.33399999999999996.
Trial 836: ACCEPT (degrade 0.0%) - Eval: -0.204%, Val: 0.011%
[I 2025-10-25 04:38:43,193] Trial 836 finished with value: -0.20400000000000001 and parameters: {'w_boll': 0.3467086953114638, 'w_rsi': 1.5753615811166042, 'w_mom': 0.16457627367143982, 'w_vwap': 0.7626459359073625, 'w_orb': 1.924204381790277, 'w_ofi': 1.8009870751227797, 'w_vol': 1.7837077762450873, 'win_boll': 16, 'win_rsi': 5, 'win_mom': 4, 'win_vwap': 12, 'orb_opening_bars': 42, 'vol_window': 13}. Best is trial 112 with value: 0.33399999999999996.
Trial 837: ACCEPT (degrade 0.0%) - Eval: -0.108%, Val: -0.006%
[I 2025-10-25 04:38:43,971] Trial 837 finished with value: -0.10800000000000001 and parameters: {'w_boll': 0.4000707563501434, 'w_rsi': 0.414718166915117, 'w_mom': 1.5179693422840974, 'w_vwap': 0.7200980349795393, 'w_orb': 1.9720487552265618, 'w_ofi': 1.9546029074045204, 'w_vol': 1.9429252560897206, 'win_boll': 13, 'win_rsi': 17, 'win_mom': 3, 'win_vwap': 10, 'orb_opening_bars': 49, 'vol_window': 24}. Best is trial 112 with value: 0.33399999999999996.
Trial 838: ACCEPT (degrade -480.9%) - Eval: 0.068%, Val: 0.395%
[I 2025-10-25 04:38:44,755] Trial 838 finished with value: 0.06799999999999999 and parameters: {'w_boll': 0.5057125256102037, 'w_rsi': 0.5616746945353691, 'w_mom': 1.3061606521158708, 'w_vwap': 1.9591266551776827, 'w_orb': 1.8630981466595644, 'w_ofi': 1.731167334587755, 'w_vol': 1.8576495015493544, 'win_boll': 12, 'win_rsi': 7, 'win_mom': 8, 'win_vwap': 11, 'orb_opening_bars': 48, 'vol_window': 10}. Best is trial 112 with value: 0.33399999999999996.
Trial 839: ACCEPT (degrade -1860.0%) - Eval: 0.010%, Val: 0.196%
[I 2025-10-25 04:38:45,518] Trial 839 finished with value: 0.009999999999999998 and parameters: {'w_boll': 0.6610122768140102, 'w_rsi': 0.32894680214361843, 'w_mom': 0.10200637204685256, 'w_vwap': 0.6523380132281387, 'w_orb': 1.9381208992779957, 'w_ofi': 1.8612207291847156, 'w_vol': 1.748443648382209, 'win_boll': 13, 'win_rsi': 8, 'win_mom': 3, 'win_vwap': 13, 'orb_opening_bars': 44, 'vol_window': 11}. Best is trial 112 with value: 0.33399999999999996.
Trial 840: ACCEPT (degrade 0.0%) - Eval: -0.046%, Val: 0.253%
