[I 2025-10-25 04:53:20,128] Trial 1977 finished with value: -0.09999999999999995 and parameters: {'w_boll': 0.21398908174494546, 'w_rsi': 0.4965815453356033, 'w_mom': 0.242449180998338, 'w_vwap': 0.8673028452603903, 'w_orb': 1.9165517333298676, 'w_ofi': 1.9337676910371338, 'w_vol': 1.0510377219379237, 'win_boll': 21, 'win_rsi': 8, 'win_mom': 6, 'win_vwap': 20, 'orb_opening_bars': 27, 'vol_window': 10}. Best is trial 868 with value: 0.384.
Trial 1978: ACCEPT (degrade 0.0%) - Eval: -0.116%, Val: 0.330%
[I 2025-10-25 04:53:20,864] Trial 1978 finished with value: -0.11599999999999999 and parameters: {'w_boll': 0.2666224818379206, 'w_rsi': 0.3846814482568431, 'w_mom': 0.3003186374665766, 'w_vwap': 0.8409605393586093, 'w_orb': 1.8576648667971287, 'w_ofi': 0.5548594186172869, 'w_vol': 0.997019156052247, 'win_boll': 19, 'win_rsi': 6, 'win_mom': 5, 'win_vwap': 40, 'orb_opening_bars': 29, 'vol_window': 12}. Best is trial 868 with value: 0.384.Best trial: 868. Best value: 0.384: 100%|█████████▉| 1995/2000 [25:31<00:04,  1.16it/s]Best trial: 868. Best value: 0.384: 100%|█████████▉| 1995/2000 [25:31<00:04,  1.16it/s]Best trial: 868. Best value: 0.384: 100%|█████████▉| 1996/2000 [25:31<00:03,  1.21it/s]                                                                                       Best trial: 868. Best value: 0.384: 100%|█████████▉| 1996/2000 [25:32<00:03,  1.21it/s]Best trial: 868. Best value: 0.384: 100%|█████████▉| 1996/2000 [25:32<00:03,  1.21it/s]Best trial: 868. Best value: 0.384: 100%|█████████▉| 1997/2000 [25:32<00:02,  1.24it/s]                                                                                       Best trial: 868. Best value: 0.384: 100%|█████████▉| 1997/2000 [25:33<00:02,  1.24it/s]Best trial: 868. Best value: 0.384: 100%|█████████▉| 1997/2000 [25:33<00:02,  1.24it/s]Best trial: 868. Best value: 0.384: 100%|█████████▉| 1998/2000 [25:33<00:01,  1.24it/s]                                                                                       Best trial: 868. Best value: 0.384: 100%|█████████▉| 1998/2000 [25:34<00:01,  1.24it/s]Best trial: 868. Best value: 0.384: 100%|█████████▉| 1998/2000 [25:34<00:01,  1.24it/s]Best trial: 868. Best value: 0.384: 100%|█████████▉| 1999/2000 [25:34<00:00,  1.26it/s]                                                                                       Best trial: 868. Best value: 0.384: 100%|█████████▉| 1999/2000 [25:34<00:00,  1.26it/s]Best trial: 868. Best value: 0.384: 100%|█████████▉| 1999/2000 [25:34<00:00,  1.26it/s]Best trial: 868. Best value: 0.384: 100%|██████████| 2000/2000 [25:34<00:00,  1.28it/s]Best trial: 868. Best value: 0.384: 100%|██████████| 2000/2000 [25:34<00:00,  1.30it/s]

Trial 1979: ACCEPT (degrade 0.0%) - Eval: -0.010%, Val: 0.449%
[I 2025-10-25 04:53:21,623] Trial 1979 finished with value: -0.009999999999999998 and parameters: {'w_boll': 0.10056374693493832, 'w_rsi': 0.17314346099112984, 'w_mom': 0.958798682202848, 'w_vwap': 0.8194895278389736, 'w_orb': 1.9718035868992752, 'w_ofi': 1.9684851231130835, 'w_vol': 0.9364093031739397, 'win_boll': 22, 'win_rsi': 16, 'win_mom': 5, 'win_vwap': 26, 'orb_opening_bars': 32, 'vol_window': 13}. Best is trial 868 with value: 0.384.
Trial 1980: ACCEPT (degrade 0.0%) - Eval: -0.120%, Val: 0.083%
[I 2025-10-25 04:53:22,387] Trial 1980 finished with value: -0.12 and parameters: {'w_boll': 0.31071897864080616, 'w_rsi': 0.3245973402313549, 'w_mom': 1.4348055893814495, 'w_vwap': 0.939353326863643, 'w_orb': 1.8021711472425341, 'w_ofi': 1.9994434115853348, 'w_vol': 0.8233770752291156, 'win_boll': 23, 'win_rsi': 7, 'win_mom': 4, 'win_vwap': 29, 'orb_opening_bars': 36, 'vol_window': 11}. Best is trial 868 with value: 0.384.
Trial 1981: ACCEPT (degrade 0.0%) - Eval: -0.086%, Val: 0.280%
[I 2025-10-25 04:53:23,144] Trial 1981 finished with value: -0.08600000000000001 and parameters: {'w_boll': 0.15927579811233647, 'w_rsi': 0.42773028622977904, 'w_mom': 1.2603502190756861, 'w_vwap': 0.880822031466245, 'w_orb': 1.8971623193286964, 'w_ofi': 0.7101106912491169, 'w_vol': 0.898781868622743, 'win_boll': 20, 'win_rsi': 6, 'win_mom': 6, 'win_vwap': 39, 'orb_opening_bars': 24, 'vol_window': 12}. Best is trial 868 with value: 0.384.
Trial 1982: REJECT (overfit 70.4%) - Eval: 0.388%, Val: 0.115%
[I 2025-10-25 04:53:23,907] Trial 1982 finished with value: -999.0 and parameters: {'w_boll': 0.2664858969758928, 'w_rsi': 0.5502032461551721, 'w_mom': 1.2999875170666264, 'w_vwap': 0.9271338685351472, 'w_orb': 1.9234273607690748, 'w_ofi': 0.46868864154094747, 'w_vol': 0.9967988766013932, 'win_boll': 22, 'win_rsi': 5, 'win_mom': 5, 'win_vwap': 37, 'orb_opening_bars': 31, 'vol_window': 10}. Best is trial 868 with value: 0.384.
Trial 1983: ACCEPT (degrade 0.0%) - Eval: -0.210%, Val: 0.284%
[I 2025-10-25 04:53:24,677] Trial 1983 finished with value: -0.21000000000000002 and parameters: {'w_boll': 0.31281038489719964, 'w_rsi': 0.3767085779301559, 'w_mom': 1.3567676408436256, 'w_vwap': 1.0843959746566298, 'w_orb': 1.9431206763010338, 'w_ofi': 1.9008496807468047, 'w_vol': 0.9465068020207947, 'win_boll': 17, 'win_rsi': 6, 'win_mom': 10, 'win_vwap': 28, 'orb_opening_bars': 30, 'vol_window': 14}. Best is trial 868 with value: 0.384.
Trial 1984: ACCEPT (degrade 0.0%) - Eval: -0.166%, Val: 0.066%
[I 2025-10-25 04:53:25,434] Trial 1984 finished with value: -0.16599999999999998 and parameters: {'w_boll': 0.2290947118911052, 'w_rsi': 0.46400193572799425, 'w_mom': 0.21551547053252235, 'w_vwap': 0.8225712870567926, 'w_orb': 1.9980126852961604, 'w_ofi': 0.6075920377996983, 'w_vol': 1.1468360791835508, 'win_boll': 17, 'win_rsi': 5, 'win_mom': 4, 'win_vwap': 27, 'orb_opening_bars': 28, 'vol_window': 12}. Best is trial 868 with value: 0.384.
Trial 1985: ACCEPT (degrade 19.7%) - Eval: 0.152%, Val: 0.122%
[I 2025-10-25 04:53:26,220] Trial 1985 finished with value: 0.152 and parameters: {'w_boll': 0.17145199610887607, 'w_rsi': 0.5178803098673693, 'w_mom': 1.5396508064255872, 'w_vwap': 1.018339368845483, 'w_orb': 1.0190398092895736, 'w_ofi': 0.7574386111957666, 'w_vol': 1.059614640155034, 'win_boll': 18, 'win_rsi': 7, 'win_mom': 6, 'win_vwap': 39, 'orb_opening_bars': 44, 'vol_window': 32}. Best is trial 868 with value: 0.384.
Trial 1986: ACCEPT (degrade 8.9%) - Eval: 0.090%, Val: 0.082%
[I 2025-10-25 04:53:26,954] Trial 1986 finished with value: 0.09 and parameters: {'w_boll': 0.29926815909932203, 'w_rsi': 0.19302815169885962, 'w_mom': 1.4613837122660231, 'w_vwap': 0.9733539247327986, 'w_orb': 1.8702164024285313, 'w_ofi': 0.39207586279384754, 'w_vol': 1.2195168788993995, 'win_boll': 25, 'win_rsi': 7, 'win_mom': 4, 'win_vwap': 24, 'orb_opening_bars': 18, 'vol_window': 11}. Best is trial 868 with value: 0.384.
Trial 1987: ACCEPT (degrade -174.5%) - Eval: 0.102%, Val: 0.280%
[I 2025-10-25 04:53:27,711] Trial 1987 finished with value: 0.10199999999999998 and parameters: {'w_boll': 0.2560716404651504, 'w_rsi': 0.33465251631245474, 'w_mom': 1.2186841069947778, 'w_vwap': 0.8848541828538313, 'w_orb': 1.8152795846020684, 'w_ofi': 1.0795376454634016, 'w_vol': 0.9037399337986121, 'win_boll': 17, 'win_rsi': 8, 'win_mom': 5, 'win_vwap': 46, 'orb_opening_bars': 27, 'vol_window': 13}. Best is trial 868 with value: 0.384.
Trial 1988: REJECT (overfit 37.5%) - Eval: 0.280%, Val: 0.175%
[I 2025-10-25 04:53:28,471] Trial 1988 finished with value: -999.0 and parameters: {'w_boll': 0.14506247565708436, 'w_rsi': 0.4186441712403056, 'w_mom': 1.344582980874731, 'w_vwap': 0.8175103971649412, 'w_orb': 1.8964047529303623, 'w_ofi': 1.872316092638084, 'w_vol': 0.9479860593479257, 'win_boll': 23, 'win_rsi': 6, 'win_mom': 6, 'win_vwap': 38, 'orb_opening_bars': 33, 'vol_window': 15}. Best is trial 868 with value: 0.384.
Trial 1989: ACCEPT (degrade 0.0%) - Eval: -0.214%, Val: 0.135%
[I 2025-10-25 04:53:29,272] Trial 1989 finished with value: -0.21400000000000002 and parameters: {'w_boll': 0.22211293515938302, 'w_rsi': 0.3726342619377744, 'w_mom': 1.3043436478284185, 'w_vwap': 0.8691228595683429, 'w_orb': 1.9980300003426552, 'w_ofi': 0.6495621372660842, 'w_vol': 0.9880712476425277, 'win_boll': 21, 'win_rsi': 6, 'win_mom': 5, 'win_vwap': 26, 'orb_opening_bars': 25, 'vol_window': 11}. Best is trial 868 with value: 0.384.
Trial 1990: ACCEPT (degrade 0.0%) - Eval: -0.062%, Val: 0.073%
[I 2025-10-25 04:53:31,358] Trial 1990 finished with value: -0.06200000000000001 and parameters: {'w_boll': 0.31798593289053534, 'w_rsi': 0.4611727365634639, 'w_mom': 0.2901709449765383, 'w_vwap': 1.0522515569328943, 'w_orb': 1.85031337961295, 'w_ofi': 1.9399124597433535, 'w_vol': 1.4432492037541054, 'win_boll': 24, 'win_rsi': 5, 'win_mom': 3, 'win_vwap': 36, 'orb_opening_bars': 28, 'vol_window': 13}. Best is trial 868 with value: 0.384.
Trial 1991: ACCEPT (degrade -177.2%) - Eval: 0.092%, Val: 0.255%
[I 2025-10-25 04:53:32,109] Trial 1991 finished with value: 0.092 and parameters: {'w_boll': 0.20201002504368137, 'w_rsi': 0.3198301676276797, 'w_mom': 1.8779565391509616, 'w_vwap': 0.8443495192595901, 'w_orb': 1.9483528217754784, 'w_ofi': 0.3146460494803467, 'w_vol': 0.11288626900802079, 'win_boll': 28, 'win_rsi': 7, 'win_mom': 12, 'win_vwap': 24, 'orb_opening_bars': 29, 'vol_window': 10}. Best is trial 868 with value: 0.384.
Trial 1992: ACCEPT (degrade 0.0%) - Eval: -0.226%, Val: 0.085%
[I 2025-10-25 04:53:32,847] Trial 1992 finished with value: -0.22600000000000003 and parameters: {'w_boll': 0.2704064544466006, 'w_rsi': 0.43256724984668415, 'w_mom': 1.2570648234278308, 'w_vwap': 0.9275714310049589, 'w_orb': 1.9187447573226704, 'w_ofi': 0.48348454546176656, 'w_vol': 0.821721538496035, 'win_boll': 21, 'win_rsi': 5, 'win_mom': 4, 'win_vwap': 28, 'orb_opening_bars': 26, 'vol_window': 12}. Best is trial 868 with value: 0.384.
Trial 1993: ACCEPT (degrade -711.4%) - Eval: 0.044%, Val: 0.357%
[I 2025-10-25 04:53:33,629] Trial 1993 finished with value: 0.044000000000000004 and parameters: {'w_boll': 0.31500913090524124, 'w_rsi': 0.4987997584727726, 'w_mom': 0.23089454325874584, 'w_vwap': 1.1638352084085757, 'w_orb': 1.8814396479085689, 'w_ofi': 0.4224908146189622, 'w_vol': 0.904724987746644, 'win_boll': 22, 'win_rsi': 6, 'win_mom': 5, 'win_vwap': 13, 'orb_opening_bars': 24, 'vol_window': 37}. Best is trial 868 with value: 0.384.
Trial 1994: ACCEPT (degrade 0.0%) - Eval: -0.120%, Val: 0.217%
[I 2025-10-25 04:53:34,397] Trial 1994 finished with value: -0.12000000000000002 and parameters: {'w_boll': 0.13366002943497562, 'w_rsi': 0.4002408135494354, 'w_mom': 1.3305765892166317, 'w_vwap': 0.982988709385928, 'w_orb': 1.9646270490795579, 'w_ofi': 1.9698457426156664, 'w_vol': 1.0462869344163899, 'win_boll': 17, 'win_rsi': 17, 'win_mom': 6, 'win_vwap': 23, 'orb_opening_bars': 31, 'vol_window': 14}. Best is trial 868 with value: 0.384.
Trial 1995: ACCEPT (degrade 0.0%) - Eval: -0.072%, Val: 0.047%
[I 2025-10-25 04:53:35,152] Trial 1995 finished with value: -0.07200000000000001 and parameters: {'w_boll': 0.18442406773412115, 'w_rsi': 0.20114229519862295, 'w_mom': 0.42368690257113106, 'w_vwap': 0.8198113624818677, 'w_orb': 1.8421298971900655, 'w_ofi': 0.669879018135616, 'w_vol': 0.9682801746968603, 'win_boll': 24, 'win_rsi': 9, 'win_mom': 3, 'win_vwap': 35, 'orb_opening_bars': 28, 'vol_window': 10}. Best is trial 868 with value: 0.384.
Trial 1996: ACCEPT (degrade -121.7%) - Eval: 0.092%, Val: 0.204%
[I 2025-10-25 04:53:35,899] Trial 1996 finished with value: 0.09199999999999998 and parameters: {'w_boll': 0.2518398983145276, 'w_rsi': 0.5745393981492322, 'w_mom': 1.406986670077219, 'w_vwap': 0.9064884718541579, 'w_orb': 1.8005826838032712, 'w_ofi': 1.906944211164664, 'w_vol': 0.8630437413112535, 'win_boll': 17, 'win_rsi': 7, 'win_mom': 4, 'win_vwap': 37, 'orb_opening_bars': 40, 'vol_window': 11}. Best is trial 868 with value: 0.384.
Trial 1997: ACCEPT (degrade 0.0%) - Eval: -0.218%, Val: 0.078%
[I 2025-10-25 04:53:36,702] Trial 1997 finished with value: -0.21800000000000003 and parameters: {'w_boll': 0.3139063723599015, 'w_rsi': 0.35850933196900225, 'w_mom': 1.3684774677175398, 'w_vwap': 0.957722079211983, 'w_orb': 1.9388134142965352, 'w_ofi': 0.7211759054660954, 'w_vol': 0.7059296716484562, 'win_boll': 23, 'win_rsi': 8, 'win_mom': 6, 'win_vwap': 25, 'orb_opening_bars': 27, 'vol_window': 12}. Best is trial 868 with value: 0.384.
Trial 1998: ACCEPT (degrade -291.9%) - Eval: 0.062%, Val: 0.243%
[I 2025-10-25 04:53:37,471] Trial 1998 finished with value: 0.061999999999999986 and parameters: {'w_boll': 0.21997049935931798, 'w_rsi': 0.1013961220831334, 'w_mom': 0.21561206431493227, 'w_vwap': 0.802803178832826, 'w_orb': 1.2614857730557356, 'w_ofi': 1.9636210286200164, 'w_vol': 0.881238236821642, 'win_boll': 18, 'win_rsi': 6, 'win_mom': 5, 'win_vwap': 41, 'orb_opening_bars': 32, 'vol_window': 13}. Best is trial 868 with value: 0.384.
Trial 1999: ACCEPT (degrade 0.0%) - Eval: -0.074%, Val: 0.446%
[I 2025-10-25 04:53:38,231] Trial 1999 finished with value: -0.074 and parameters: {'w_boll': 0.2820495238362718, 'w_rsi': 0.14426017356571774, 'w_mom': 1.4511870970211194, 'w_vwap': 0.8637147624059537, 'w_orb': 1.906926271058502, 'w_ofi': 0.5027688177841481, 'w_vol': 1.1119006336739312, 'win_boll': 22, 'win_rsi': 6, 'win_mom': 3, 'win_vwap': 13, 'orb_opening_bars': 23, 'vol_window': 11}. Best is trial 868 with value: 0.384.

================================================================================
OPTIMIZATION COMPLETE
================================================================================
✅ Best Trial: 868
   Evaluation MRD: 0.384%

   Parameters:
     w_boll: 0.39665394440920837
     w_rsi: 0.21308718247612868
     w_mom: 0.13736647493236706
     w_vwap: 0.5564829883070328
     w_orb: 1.8609340631015268
     w_ofi: 0.530223254144654
     w_vol: 1.910328773045719
     win_boll: 12
     win_rsi: 7
     win_mom: 3
     win_vwap: 10
     orb_opening_bars: 49
     vol_window: 10

✅ Updated config: config/sigor_params.json

Running final validation...

================================================================================
FINAL VALIDATION RESULTS
================================================================================
  Evaluation MRD:   +0.384%
  Validation MRD:   +0.327%
  Degradation:      +14.8%
  Verdict:          ACCEPT
================================================================================

📊 Results saved to: results/validated_optimization_2000.json

Summary:
  Total Trials:     2000
  Passed:           1609 (80.5%)
  Failed:           391 (19.6%)
